[2023-11-21T00:00:17.168+0000] {processor.py:157} INFO - Started process (PID=1646) to work on /opt/airflow/dags/DAG.py
[2023-11-21T00:00:17.169+0000] {processor.py:829} INFO - Processing file /opt/airflow/dags/DAG.py for tasks to queue
[2023-11-21T00:00:17.170+0000] {logging_mixin.py:154} INFO - [2023-11-21T00:00:17.170+0000] {dagbag.py:536} INFO - Filling up the DagBag from /opt/airflow/dags/DAG.py
[2023-11-21T00:00:17.701+0000] {processor.py:839} INFO - DAG(s) dict_keys(['austin_animal_shelter_dag']) retrieved from /opt/airflow/dags/DAG.py
[2023-11-21T00:00:17.717+0000] {logging_mixin.py:154} INFO - [2023-11-21T00:00:17.717+0000] {dag.py:2941} INFO - Sync 1 DAGs
[2023-11-21T00:00:17.731+0000] {logging_mixin.py:154} INFO - [2023-11-21T00:00:17.730+0000] {dag.py:3722} INFO - Setting next_dagrun for austin_animal_shelter_dag to 2023-11-21T00:00:00+00:00, run_after=2023-11-22T00:00:00+00:00
[2023-11-21T00:00:17.742+0000] {processor.py:179} INFO - Processing /opt/airflow/dags/DAG.py took 0.579 seconds
[2023-11-21T00:00:48.236+0000] {processor.py:157} INFO - Started process (PID=1657) to work on /opt/airflow/dags/DAG.py
[2023-11-21T00:00:48.238+0000] {processor.py:829} INFO - Processing file /opt/airflow/dags/DAG.py for tasks to queue
[2023-11-21T00:00:48.239+0000] {logging_mixin.py:154} INFO - [2023-11-21T00:00:48.238+0000] {dagbag.py:536} INFO - Filling up the DagBag from /opt/airflow/dags/DAG.py
[2023-11-21T00:00:48.798+0000] {processor.py:839} INFO - DAG(s) dict_keys(['austin_animal_shelter_dag']) retrieved from /opt/airflow/dags/DAG.py
[2023-11-21T00:00:48.820+0000] {logging_mixin.py:154} INFO - [2023-11-21T00:00:48.820+0000] {dag.py:2941} INFO - Sync 1 DAGs
[2023-11-21T00:00:48.836+0000] {logging_mixin.py:154} INFO - [2023-11-21T00:00:48.835+0000] {dag.py:3722} INFO - Setting next_dagrun for austin_animal_shelter_dag to 2023-11-21T00:00:00+00:00, run_after=2023-11-22T00:00:00+00:00
[2023-11-21T00:00:48.846+0000] {processor.py:179} INFO - Processing /opt/airflow/dags/DAG.py took 0.614 seconds
[2023-11-21T00:01:19.313+0000] {processor.py:157} INFO - Started process (PID=1668) to work on /opt/airflow/dags/DAG.py
[2023-11-21T00:01:19.313+0000] {processor.py:829} INFO - Processing file /opt/airflow/dags/DAG.py for tasks to queue
[2023-11-21T00:01:19.314+0000] {logging_mixin.py:154} INFO - [2023-11-21T00:01:19.314+0000] {dagbag.py:536} INFO - Filling up the DagBag from /opt/airflow/dags/DAG.py
[2023-11-21T00:01:19.810+0000] {processor.py:839} INFO - DAG(s) dict_keys(['austin_animal_shelter_dag']) retrieved from /opt/airflow/dags/DAG.py
[2023-11-21T00:01:19.828+0000] {logging_mixin.py:154} INFO - [2023-11-21T00:01:19.827+0000] {dag.py:2941} INFO - Sync 1 DAGs
[2023-11-21T00:01:19.840+0000] {logging_mixin.py:154} INFO - [2023-11-21T00:01:19.840+0000] {dag.py:3722} INFO - Setting next_dagrun for austin_animal_shelter_dag to 2023-11-21T00:00:00+00:00, run_after=2023-11-22T00:00:00+00:00
[2023-11-21T00:01:19.849+0000] {processor.py:179} INFO - Processing /opt/airflow/dags/DAG.py took 0.539 seconds
[2023-11-21T00:01:50.371+0000] {processor.py:157} INFO - Started process (PID=1679) to work on /opt/airflow/dags/DAG.py
[2023-11-21T00:01:50.372+0000] {processor.py:829} INFO - Processing file /opt/airflow/dags/DAG.py for tasks to queue
[2023-11-21T00:01:50.373+0000] {logging_mixin.py:154} INFO - [2023-11-21T00:01:50.373+0000] {dagbag.py:536} INFO - Filling up the DagBag from /opt/airflow/dags/DAG.py
[2023-11-21T00:01:50.858+0000] {processor.py:839} INFO - DAG(s) dict_keys(['austin_animal_shelter_dag']) retrieved from /opt/airflow/dags/DAG.py
[2023-11-21T00:01:50.876+0000] {logging_mixin.py:154} INFO - [2023-11-21T00:01:50.876+0000] {dag.py:2941} INFO - Sync 1 DAGs
[2023-11-21T00:01:50.891+0000] {logging_mixin.py:154} INFO - [2023-11-21T00:01:50.891+0000] {dag.py:3722} INFO - Setting next_dagrun for austin_animal_shelter_dag to 2023-11-21T00:00:00+00:00, run_after=2023-11-22T00:00:00+00:00
[2023-11-21T00:01:50.900+0000] {processor.py:179} INFO - Processing /opt/airflow/dags/DAG.py took 0.531 seconds
[2023-11-21T00:02:21.475+0000] {processor.py:157} INFO - Started process (PID=1690) to work on /opt/airflow/dags/DAG.py
[2023-11-21T00:02:21.476+0000] {processor.py:829} INFO - Processing file /opt/airflow/dags/DAG.py for tasks to queue
[2023-11-21T00:02:21.477+0000] {logging_mixin.py:154} INFO - [2023-11-21T00:02:21.477+0000] {dagbag.py:536} INFO - Filling up the DagBag from /opt/airflow/dags/DAG.py
[2023-11-21T00:02:22.008+0000] {processor.py:839} INFO - DAG(s) dict_keys(['austin_animal_shelter_dag']) retrieved from /opt/airflow/dags/DAG.py
[2023-11-21T00:02:22.027+0000] {logging_mixin.py:154} INFO - [2023-11-21T00:02:22.026+0000] {dag.py:2941} INFO - Sync 1 DAGs
[2023-11-21T00:02:22.041+0000] {logging_mixin.py:154} INFO - [2023-11-21T00:02:22.041+0000] {dag.py:3722} INFO - Setting next_dagrun for austin_animal_shelter_dag to 2023-11-21T00:00:00+00:00, run_after=2023-11-22T00:00:00+00:00
[2023-11-21T00:02:22.053+0000] {processor.py:179} INFO - Processing /opt/airflow/dags/DAG.py took 0.581 seconds
[2023-11-21T00:02:52.466+0000] {processor.py:157} INFO - Started process (PID=1701) to work on /opt/airflow/dags/DAG.py
[2023-11-21T00:02:52.468+0000] {processor.py:829} INFO - Processing file /opt/airflow/dags/DAG.py for tasks to queue
[2023-11-21T00:02:52.473+0000] {logging_mixin.py:154} INFO - [2023-11-21T00:02:52.471+0000] {dagbag.py:536} INFO - Filling up the DagBag from /opt/airflow/dags/DAG.py
[2023-11-21T00:02:53.010+0000] {processor.py:839} INFO - DAG(s) dict_keys(['austin_animal_shelter_dag']) retrieved from /opt/airflow/dags/DAG.py
[2023-11-21T00:02:53.027+0000] {logging_mixin.py:154} INFO - [2023-11-21T00:02:53.026+0000] {dag.py:2941} INFO - Sync 1 DAGs
[2023-11-21T00:02:53.041+0000] {logging_mixin.py:154} INFO - [2023-11-21T00:02:53.041+0000] {dag.py:3722} INFO - Setting next_dagrun for austin_animal_shelter_dag to 2023-11-21T00:00:00+00:00, run_after=2023-11-22T00:00:00+00:00
[2023-11-21T00:02:53.051+0000] {processor.py:179} INFO - Processing /opt/airflow/dags/DAG.py took 0.597 seconds
[2023-11-21T00:03:23.556+0000] {processor.py:157} INFO - Started process (PID=1712) to work on /opt/airflow/dags/DAG.py
[2023-11-21T00:03:23.557+0000] {processor.py:829} INFO - Processing file /opt/airflow/dags/DAG.py for tasks to queue
[2023-11-21T00:03:23.558+0000] {logging_mixin.py:154} INFO - [2023-11-21T00:03:23.557+0000] {dagbag.py:536} INFO - Filling up the DagBag from /opt/airflow/dags/DAG.py
[2023-11-21T00:03:24.064+0000] {processor.py:839} INFO - DAG(s) dict_keys(['austin_animal_shelter_dag']) retrieved from /opt/airflow/dags/DAG.py
[2023-11-21T00:03:24.087+0000] {logging_mixin.py:154} INFO - [2023-11-21T00:03:24.087+0000] {dag.py:2941} INFO - Sync 1 DAGs
[2023-11-21T00:03:24.109+0000] {logging_mixin.py:154} INFO - [2023-11-21T00:03:24.109+0000] {dag.py:3722} INFO - Setting next_dagrun for austin_animal_shelter_dag to 2023-11-21T00:00:00+00:00, run_after=2023-11-22T00:00:00+00:00
[2023-11-21T00:03:24.120+0000] {processor.py:179} INFO - Processing /opt/airflow/dags/DAG.py took 0.568 seconds
[2023-11-21T00:03:54.611+0000] {processor.py:157} INFO - Started process (PID=1724) to work on /opt/airflow/dags/DAG.py
[2023-11-21T00:03:54.619+0000] {processor.py:829} INFO - Processing file /opt/airflow/dags/DAG.py for tasks to queue
[2023-11-21T00:03:54.626+0000] {logging_mixin.py:154} INFO - [2023-11-21T00:03:54.622+0000] {dagbag.py:536} INFO - Filling up the DagBag from /opt/airflow/dags/DAG.py
[2023-11-21T00:03:55.163+0000] {processor.py:839} INFO - DAG(s) dict_keys(['austin_animal_shelter_dag']) retrieved from /opt/airflow/dags/DAG.py
[2023-11-21T00:03:55.182+0000] {logging_mixin.py:154} INFO - [2023-11-21T00:03:55.181+0000] {dag.py:2941} INFO - Sync 1 DAGs
[2023-11-21T00:03:55.197+0000] {logging_mixin.py:154} INFO - [2023-11-21T00:03:55.197+0000] {dag.py:3722} INFO - Setting next_dagrun for austin_animal_shelter_dag to 2023-11-21T00:00:00+00:00, run_after=2023-11-22T00:00:00+00:00
[2023-11-21T00:03:55.209+0000] {processor.py:179} INFO - Processing /opt/airflow/dags/DAG.py took 0.626 seconds
[2023-11-21T00:04:25.696+0000] {processor.py:157} INFO - Started process (PID=1735) to work on /opt/airflow/dags/DAG.py
[2023-11-21T00:04:25.701+0000] {processor.py:829} INFO - Processing file /opt/airflow/dags/DAG.py for tasks to queue
[2023-11-21T00:04:25.703+0000] {logging_mixin.py:154} INFO - [2023-11-21T00:04:25.702+0000] {dagbag.py:536} INFO - Filling up the DagBag from /opt/airflow/dags/DAG.py
[2023-11-21T00:04:26.313+0000] {processor.py:839} INFO - DAG(s) dict_keys(['austin_animal_shelter_dag']) retrieved from /opt/airflow/dags/DAG.py
[2023-11-21T00:04:26.335+0000] {logging_mixin.py:154} INFO - [2023-11-21T00:04:26.335+0000] {dag.py:2941} INFO - Sync 1 DAGs
[2023-11-21T00:04:26.352+0000] {logging_mixin.py:154} INFO - [2023-11-21T00:04:26.351+0000] {dag.py:3722} INFO - Setting next_dagrun for austin_animal_shelter_dag to 2023-11-21T00:00:00+00:00, run_after=2023-11-22T00:00:00+00:00
[2023-11-21T00:04:26.364+0000] {processor.py:179} INFO - Processing /opt/airflow/dags/DAG.py took 0.673 seconds
[2023-11-21T00:04:56.849+0000] {processor.py:157} INFO - Started process (PID=1746) to work on /opt/airflow/dags/DAG.py
[2023-11-21T00:04:56.850+0000] {processor.py:829} INFO - Processing file /opt/airflow/dags/DAG.py for tasks to queue
[2023-11-21T00:04:56.851+0000] {logging_mixin.py:154} INFO - [2023-11-21T00:04:56.851+0000] {dagbag.py:536} INFO - Filling up the DagBag from /opt/airflow/dags/DAG.py
[2023-11-21T00:04:57.371+0000] {processor.py:839} INFO - DAG(s) dict_keys(['austin_animal_shelter_dag']) retrieved from /opt/airflow/dags/DAG.py
[2023-11-21T00:04:57.390+0000] {logging_mixin.py:154} INFO - [2023-11-21T00:04:57.390+0000] {dag.py:2941} INFO - Sync 1 DAGs
[2023-11-21T00:04:57.405+0000] {logging_mixin.py:154} INFO - [2023-11-21T00:04:57.405+0000] {dag.py:3722} INFO - Setting next_dagrun for austin_animal_shelter_dag to 2023-11-21T00:00:00+00:00, run_after=2023-11-22T00:00:00+00:00
[2023-11-21T00:04:57.415+0000] {processor.py:179} INFO - Processing /opt/airflow/dags/DAG.py took 0.571 seconds
[2023-11-21T00:05:27.969+0000] {processor.py:157} INFO - Started process (PID=1757) to work on /opt/airflow/dags/DAG.py
[2023-11-21T00:05:27.971+0000] {processor.py:829} INFO - Processing file /opt/airflow/dags/DAG.py for tasks to queue
[2023-11-21T00:05:27.972+0000] {logging_mixin.py:154} INFO - [2023-11-21T00:05:27.972+0000] {dagbag.py:536} INFO - Filling up the DagBag from /opt/airflow/dags/DAG.py
[2023-11-21T00:05:28.510+0000] {processor.py:839} INFO - DAG(s) dict_keys(['austin_animal_shelter_dag']) retrieved from /opt/airflow/dags/DAG.py
[2023-11-21T00:05:28.528+0000] {logging_mixin.py:154} INFO - [2023-11-21T00:05:28.528+0000] {dag.py:2941} INFO - Sync 1 DAGs
[2023-11-21T00:05:28.541+0000] {logging_mixin.py:154} INFO - [2023-11-21T00:05:28.541+0000] {dag.py:3722} INFO - Setting next_dagrun for austin_animal_shelter_dag to 2023-11-21T00:00:00+00:00, run_after=2023-11-22T00:00:00+00:00
[2023-11-21T00:05:28.551+0000] {processor.py:179} INFO - Processing /opt/airflow/dags/DAG.py took 0.587 seconds
[2023-11-21T00:05:59.090+0000] {processor.py:157} INFO - Started process (PID=1769) to work on /opt/airflow/dags/DAG.py
[2023-11-21T00:05:59.091+0000] {processor.py:829} INFO - Processing file /opt/airflow/dags/DAG.py for tasks to queue
[2023-11-21T00:05:59.092+0000] {logging_mixin.py:154} INFO - [2023-11-21T00:05:59.092+0000] {dagbag.py:536} INFO - Filling up the DagBag from /opt/airflow/dags/DAG.py
[2023-11-21T00:05:59.458+0000] {processor.py:839} INFO - DAG(s) dict_keys(['austin_animal_shelter_dag']) retrieved from /opt/airflow/dags/DAG.py
[2023-11-21T00:05:59.471+0000] {logging_mixin.py:154} INFO - [2023-11-21T00:05:59.471+0000] {dag.py:2941} INFO - Sync 1 DAGs
[2023-11-21T00:05:59.483+0000] {logging_mixin.py:154} INFO - [2023-11-21T00:05:59.483+0000] {dag.py:3722} INFO - Setting next_dagrun for austin_animal_shelter_dag to 2023-11-21T00:00:00+00:00, run_after=2023-11-22T00:00:00+00:00
[2023-11-21T00:05:59.492+0000] {processor.py:179} INFO - Processing /opt/airflow/dags/DAG.py took 0.408 seconds
[2023-11-21T00:06:29.944+0000] {processor.py:157} INFO - Started process (PID=1780) to work on /opt/airflow/dags/DAG.py
[2023-11-21T00:06:29.945+0000] {processor.py:829} INFO - Processing file /opt/airflow/dags/DAG.py for tasks to queue
[2023-11-21T00:06:29.946+0000] {logging_mixin.py:154} INFO - [2023-11-21T00:06:29.946+0000] {dagbag.py:536} INFO - Filling up the DagBag from /opt/airflow/dags/DAG.py
[2023-11-21T00:06:30.471+0000] {processor.py:839} INFO - DAG(s) dict_keys(['austin_animal_shelter_dag']) retrieved from /opt/airflow/dags/DAG.py
[2023-11-21T00:06:30.487+0000] {logging_mixin.py:154} INFO - [2023-11-21T00:06:30.487+0000] {dag.py:2941} INFO - Sync 1 DAGs
[2023-11-21T00:06:30.501+0000] {logging_mixin.py:154} INFO - [2023-11-21T00:06:30.501+0000] {dag.py:3722} INFO - Setting next_dagrun for austin_animal_shelter_dag to 2023-11-21T00:00:00+00:00, run_after=2023-11-22T00:00:00+00:00
[2023-11-21T00:06:30.510+0000] {processor.py:179} INFO - Processing /opt/airflow/dags/DAG.py took 0.571 seconds
[2023-11-21T00:07:01.043+0000] {processor.py:157} INFO - Started process (PID=1791) to work on /opt/airflow/dags/DAG.py
[2023-11-21T00:07:01.044+0000] {processor.py:829} INFO - Processing file /opt/airflow/dags/DAG.py for tasks to queue
[2023-11-21T00:07:01.045+0000] {logging_mixin.py:154} INFO - [2023-11-21T00:07:01.045+0000] {dagbag.py:536} INFO - Filling up the DagBag from /opt/airflow/dags/DAG.py
[2023-11-21T00:07:01.599+0000] {processor.py:839} INFO - DAG(s) dict_keys(['austin_animal_shelter_dag']) retrieved from /opt/airflow/dags/DAG.py
[2023-11-21T00:07:01.618+0000] {logging_mixin.py:154} INFO - [2023-11-21T00:07:01.618+0000] {dag.py:2941} INFO - Sync 1 DAGs
[2023-11-21T00:07:01.633+0000] {logging_mixin.py:154} INFO - [2023-11-21T00:07:01.633+0000] {dag.py:3722} INFO - Setting next_dagrun for austin_animal_shelter_dag to 2023-11-21T00:00:00+00:00, run_after=2023-11-22T00:00:00+00:00
[2023-11-21T00:07:01.651+0000] {processor.py:179} INFO - Processing /opt/airflow/dags/DAG.py took 0.613 seconds
[2023-11-21T00:07:32.185+0000] {processor.py:157} INFO - Started process (PID=1802) to work on /opt/airflow/dags/DAG.py
[2023-11-21T00:07:32.187+0000] {processor.py:829} INFO - Processing file /opt/airflow/dags/DAG.py for tasks to queue
[2023-11-21T00:07:32.188+0000] {logging_mixin.py:154} INFO - [2023-11-21T00:07:32.188+0000] {dagbag.py:536} INFO - Filling up the DagBag from /opt/airflow/dags/DAG.py
[2023-11-21T00:07:32.737+0000] {processor.py:839} INFO - DAG(s) dict_keys(['austin_animal_shelter_dag']) retrieved from /opt/airflow/dags/DAG.py
[2023-11-21T00:07:32.753+0000] {logging_mixin.py:154} INFO - [2023-11-21T00:07:32.753+0000] {dag.py:2941} INFO - Sync 1 DAGs
[2023-11-21T00:07:32.768+0000] {logging_mixin.py:154} INFO - [2023-11-21T00:07:32.768+0000] {dag.py:3722} INFO - Setting next_dagrun for austin_animal_shelter_dag to 2023-11-21T00:00:00+00:00, run_after=2023-11-22T00:00:00+00:00
[2023-11-21T00:07:32.778+0000] {processor.py:179} INFO - Processing /opt/airflow/dags/DAG.py took 0.597 seconds
[2023-11-21T00:08:03.303+0000] {processor.py:157} INFO - Started process (PID=1813) to work on /opt/airflow/dags/DAG.py
[2023-11-21T00:08:03.305+0000] {processor.py:829} INFO - Processing file /opt/airflow/dags/DAG.py for tasks to queue
[2023-11-21T00:08:03.307+0000] {logging_mixin.py:154} INFO - [2023-11-21T00:08:03.306+0000] {dagbag.py:536} INFO - Filling up the DagBag from /opt/airflow/dags/DAG.py
[2023-11-21T00:08:03.879+0000] {processor.py:839} INFO - DAG(s) dict_keys(['austin_animal_shelter_dag']) retrieved from /opt/airflow/dags/DAG.py
[2023-11-21T00:08:03.899+0000] {logging_mixin.py:154} INFO - [2023-11-21T00:08:03.898+0000] {dag.py:2941} INFO - Sync 1 DAGs
[2023-11-21T00:08:03.914+0000] {logging_mixin.py:154} INFO - [2023-11-21T00:08:03.914+0000] {dag.py:3722} INFO - Setting next_dagrun for austin_animal_shelter_dag to 2023-11-21T00:00:00+00:00, run_after=2023-11-22T00:00:00+00:00
[2023-11-21T00:08:03.923+0000] {processor.py:179} INFO - Processing /opt/airflow/dags/DAG.py took 0.625 seconds
[2023-11-21T00:08:34.425+0000] {processor.py:157} INFO - Started process (PID=1824) to work on /opt/airflow/dags/DAG.py
[2023-11-21T00:08:34.426+0000] {processor.py:829} INFO - Processing file /opt/airflow/dags/DAG.py for tasks to queue
[2023-11-21T00:08:34.427+0000] {logging_mixin.py:154} INFO - [2023-11-21T00:08:34.427+0000] {dagbag.py:536} INFO - Filling up the DagBag from /opt/airflow/dags/DAG.py
[2023-11-21T00:08:34.919+0000] {processor.py:839} INFO - DAG(s) dict_keys(['austin_animal_shelter_dag']) retrieved from /opt/airflow/dags/DAG.py
[2023-11-21T00:08:34.937+0000] {logging_mixin.py:154} INFO - [2023-11-21T00:08:34.936+0000] {dag.py:2941} INFO - Sync 1 DAGs
[2023-11-21T00:08:34.951+0000] {logging_mixin.py:154} INFO - [2023-11-21T00:08:34.951+0000] {dag.py:3722} INFO - Setting next_dagrun for austin_animal_shelter_dag to 2023-11-21T00:00:00+00:00, run_after=2023-11-22T00:00:00+00:00
[2023-11-21T00:08:34.961+0000] {processor.py:179} INFO - Processing /opt/airflow/dags/DAG.py took 0.539 seconds
[2023-11-21T00:09:05.412+0000] {processor.py:157} INFO - Started process (PID=1835) to work on /opt/airflow/dags/DAG.py
[2023-11-21T00:09:05.413+0000] {processor.py:829} INFO - Processing file /opt/airflow/dags/DAG.py for tasks to queue
[2023-11-21T00:09:05.414+0000] {logging_mixin.py:154} INFO - [2023-11-21T00:09:05.413+0000] {dagbag.py:536} INFO - Filling up the DagBag from /opt/airflow/dags/DAG.py
[2023-11-21T00:09:05.925+0000] {processor.py:839} INFO - DAG(s) dict_keys(['austin_animal_shelter_dag']) retrieved from /opt/airflow/dags/DAG.py
[2023-11-21T00:09:05.942+0000] {logging_mixin.py:154} INFO - [2023-11-21T00:09:05.942+0000] {dag.py:2941} INFO - Sync 1 DAGs
[2023-11-21T00:09:05.955+0000] {logging_mixin.py:154} INFO - [2023-11-21T00:09:05.955+0000] {dag.py:3722} INFO - Setting next_dagrun for austin_animal_shelter_dag to 2023-11-21T00:00:00+00:00, run_after=2023-11-22T00:00:00+00:00
[2023-11-21T00:09:05.965+0000] {processor.py:179} INFO - Processing /opt/airflow/dags/DAG.py took 0.558 seconds
[2023-11-21T00:09:36.503+0000] {processor.py:157} INFO - Started process (PID=1846) to work on /opt/airflow/dags/DAG.py
[2023-11-21T00:09:36.504+0000] {processor.py:829} INFO - Processing file /opt/airflow/dags/DAG.py for tasks to queue
[2023-11-21T00:09:36.505+0000] {logging_mixin.py:154} INFO - [2023-11-21T00:09:36.505+0000] {dagbag.py:536} INFO - Filling up the DagBag from /opt/airflow/dags/DAG.py
[2023-11-21T00:09:37.001+0000] {processor.py:839} INFO - DAG(s) dict_keys(['austin_animal_shelter_dag']) retrieved from /opt/airflow/dags/DAG.py
[2023-11-21T00:09:37.017+0000] {logging_mixin.py:154} INFO - [2023-11-21T00:09:37.017+0000] {dag.py:2941} INFO - Sync 1 DAGs
[2023-11-21T00:09:37.030+0000] {logging_mixin.py:154} INFO - [2023-11-21T00:09:37.030+0000] {dag.py:3722} INFO - Setting next_dagrun for austin_animal_shelter_dag to 2023-11-21T00:00:00+00:00, run_after=2023-11-22T00:00:00+00:00
[2023-11-21T00:09:37.039+0000] {processor.py:179} INFO - Processing /opt/airflow/dags/DAG.py took 0.541 seconds
[2023-11-21T00:10:07.591+0000] {processor.py:157} INFO - Started process (PID=1857) to work on /opt/airflow/dags/DAG.py
[2023-11-21T00:10:07.592+0000] {processor.py:829} INFO - Processing file /opt/airflow/dags/DAG.py for tasks to queue
[2023-11-21T00:10:07.593+0000] {logging_mixin.py:154} INFO - [2023-11-21T00:10:07.593+0000] {dagbag.py:536} INFO - Filling up the DagBag from /opt/airflow/dags/DAG.py
[2023-11-21T00:10:08.023+0000] {processor.py:839} INFO - DAG(s) dict_keys(['austin_animal_shelter_dag']) retrieved from /opt/airflow/dags/DAG.py
[2023-11-21T00:10:08.039+0000] {logging_mixin.py:154} INFO - [2023-11-21T00:10:08.038+0000] {dag.py:2941} INFO - Sync 1 DAGs
[2023-11-21T00:10:08.051+0000] {logging_mixin.py:154} INFO - [2023-11-21T00:10:08.051+0000] {dag.py:3722} INFO - Setting next_dagrun for austin_animal_shelter_dag to 2023-11-21T00:00:00+00:00, run_after=2023-11-22T00:00:00+00:00
[2023-11-21T00:10:08.060+0000] {processor.py:179} INFO - Processing /opt/airflow/dags/DAG.py took 0.474 seconds
[2023-11-21T00:10:38.558+0000] {processor.py:157} INFO - Started process (PID=1868) to work on /opt/airflow/dags/DAG.py
[2023-11-21T00:10:38.559+0000] {processor.py:829} INFO - Processing file /opt/airflow/dags/DAG.py for tasks to queue
[2023-11-21T00:10:38.560+0000] {logging_mixin.py:154} INFO - [2023-11-21T00:10:38.560+0000] {dagbag.py:536} INFO - Filling up the DagBag from /opt/airflow/dags/DAG.py
[2023-11-21T00:10:39.036+0000] {processor.py:839} INFO - DAG(s) dict_keys(['austin_animal_shelter_dag']) retrieved from /opt/airflow/dags/DAG.py
[2023-11-21T00:10:39.052+0000] {logging_mixin.py:154} INFO - [2023-11-21T00:10:39.051+0000] {dag.py:2941} INFO - Sync 1 DAGs
[2023-11-21T00:10:39.064+0000] {logging_mixin.py:154} INFO - [2023-11-21T00:10:39.064+0000] {dag.py:3722} INFO - Setting next_dagrun for austin_animal_shelter_dag to 2023-11-21T00:00:00+00:00, run_after=2023-11-22T00:00:00+00:00
[2023-11-21T00:10:39.073+0000] {processor.py:179} INFO - Processing /opt/airflow/dags/DAG.py took 0.519 seconds
[2023-11-21T00:11:09.465+0000] {processor.py:157} INFO - Started process (PID=1879) to work on /opt/airflow/dags/DAG.py
[2023-11-21T00:11:09.466+0000] {processor.py:829} INFO - Processing file /opt/airflow/dags/DAG.py for tasks to queue
[2023-11-21T00:11:09.467+0000] {logging_mixin.py:154} INFO - [2023-11-21T00:11:09.466+0000] {dagbag.py:536} INFO - Filling up the DagBag from /opt/airflow/dags/DAG.py
[2023-11-21T00:11:09.774+0000] {processor.py:839} INFO - DAG(s) dict_keys(['austin_animal_shelter_dag']) retrieved from /opt/airflow/dags/DAG.py
[2023-11-21T00:11:09.789+0000] {logging_mixin.py:154} INFO - [2023-11-21T00:11:09.788+0000] {dag.py:2941} INFO - Sync 1 DAGs
[2023-11-21T00:11:09.801+0000] {logging_mixin.py:154} INFO - [2023-11-21T00:11:09.800+0000] {dag.py:3722} INFO - Setting next_dagrun for austin_animal_shelter_dag to 2023-11-21T00:00:00+00:00, run_after=2023-11-22T00:00:00+00:00
[2023-11-21T00:11:09.810+0000] {processor.py:179} INFO - Processing /opt/airflow/dags/DAG.py took 0.349 seconds
[2023-11-21T00:11:40.305+0000] {processor.py:157} INFO - Started process (PID=1890) to work on /opt/airflow/dags/DAG.py
[2023-11-21T00:11:40.306+0000] {processor.py:829} INFO - Processing file /opt/airflow/dags/DAG.py for tasks to queue
[2023-11-21T00:11:40.307+0000] {logging_mixin.py:154} INFO - [2023-11-21T00:11:40.306+0000] {dagbag.py:536} INFO - Filling up the DagBag from /opt/airflow/dags/DAG.py
[2023-11-21T00:11:40.841+0000] {processor.py:839} INFO - DAG(s) dict_keys(['austin_animal_shelter_dag']) retrieved from /opt/airflow/dags/DAG.py
[2023-11-21T00:11:40.860+0000] {logging_mixin.py:154} INFO - [2023-11-21T00:11:40.859+0000] {dag.py:2941} INFO - Sync 1 DAGs
[2023-11-21T00:11:40.873+0000] {logging_mixin.py:154} INFO - [2023-11-21T00:11:40.873+0000] {dag.py:3722} INFO - Setting next_dagrun for austin_animal_shelter_dag to 2023-11-21T00:00:00+00:00, run_after=2023-11-22T00:00:00+00:00
[2023-11-21T00:11:40.884+0000] {processor.py:179} INFO - Processing /opt/airflow/dags/DAG.py took 0.585 seconds
[2023-11-21T00:12:11.283+0000] {processor.py:157} INFO - Started process (PID=1901) to work on /opt/airflow/dags/DAG.py
[2023-11-21T00:12:11.284+0000] {processor.py:829} INFO - Processing file /opt/airflow/dags/DAG.py for tasks to queue
[2023-11-21T00:12:11.285+0000] {logging_mixin.py:154} INFO - [2023-11-21T00:12:11.285+0000] {dagbag.py:536} INFO - Filling up the DagBag from /opt/airflow/dags/DAG.py
[2023-11-21T00:12:11.683+0000] {processor.py:839} INFO - DAG(s) dict_keys(['austin_animal_shelter_dag']) retrieved from /opt/airflow/dags/DAG.py
[2023-11-21T00:12:11.698+0000] {logging_mixin.py:154} INFO - [2023-11-21T00:12:11.697+0000] {dag.py:2941} INFO - Sync 1 DAGs
[2023-11-21T00:12:11.709+0000] {logging_mixin.py:154} INFO - [2023-11-21T00:12:11.709+0000] {dag.py:3722} INFO - Setting next_dagrun for austin_animal_shelter_dag to 2023-11-21T00:00:00+00:00, run_after=2023-11-22T00:00:00+00:00
[2023-11-21T00:12:11.718+0000] {processor.py:179} INFO - Processing /opt/airflow/dags/DAG.py took 0.440 seconds
[2023-11-21T00:12:42.272+0000] {processor.py:157} INFO - Started process (PID=1912) to work on /opt/airflow/dags/DAG.py
[2023-11-21T00:12:42.273+0000] {processor.py:829} INFO - Processing file /opt/airflow/dags/DAG.py for tasks to queue
[2023-11-21T00:12:42.274+0000] {logging_mixin.py:154} INFO - [2023-11-21T00:12:42.274+0000] {dagbag.py:536} INFO - Filling up the DagBag from /opt/airflow/dags/DAG.py
[2023-11-21T00:12:42.702+0000] {processor.py:839} INFO - DAG(s) dict_keys(['austin_animal_shelter_dag']) retrieved from /opt/airflow/dags/DAG.py
[2023-11-21T00:12:42.718+0000] {logging_mixin.py:154} INFO - [2023-11-21T00:12:42.718+0000] {dag.py:2941} INFO - Sync 1 DAGs
[2023-11-21T00:12:42.731+0000] {logging_mixin.py:154} INFO - [2023-11-21T00:12:42.730+0000] {dag.py:3722} INFO - Setting next_dagrun for austin_animal_shelter_dag to 2023-11-21T00:00:00+00:00, run_after=2023-11-22T00:00:00+00:00
[2023-11-21T00:12:42.739+0000] {processor.py:179} INFO - Processing /opt/airflow/dags/DAG.py took 0.471 seconds
[2023-11-21T00:13:13.228+0000] {processor.py:157} INFO - Started process (PID=1929) to work on /opt/airflow/dags/DAG.py
[2023-11-21T00:13:13.230+0000] {processor.py:829} INFO - Processing file /opt/airflow/dags/DAG.py for tasks to queue
[2023-11-21T00:13:13.231+0000] {logging_mixin.py:154} INFO - [2023-11-21T00:13:13.231+0000] {dagbag.py:536} INFO - Filling up the DagBag from /opt/airflow/dags/DAG.py
[2023-11-21T00:13:13.741+0000] {processor.py:839} INFO - DAG(s) dict_keys(['austin_animal_shelter_dag']) retrieved from /opt/airflow/dags/DAG.py
[2023-11-21T00:13:13.757+0000] {logging_mixin.py:154} INFO - [2023-11-21T00:13:13.756+0000] {dag.py:2941} INFO - Sync 1 DAGs
[2023-11-21T00:13:13.768+0000] {logging_mixin.py:154} INFO - [2023-11-21T00:13:13.768+0000] {dag.py:3722} INFO - Setting next_dagrun for austin_animal_shelter_dag to 2023-11-21T00:00:00+00:00, run_after=2023-11-22T00:00:00+00:00
[2023-11-21T00:13:13.777+0000] {processor.py:179} INFO - Processing /opt/airflow/dags/DAG.py took 0.555 seconds
[2023-11-21T00:13:44.311+0000] {processor.py:157} INFO - Started process (PID=1942) to work on /opt/airflow/dags/DAG.py
[2023-11-21T00:13:44.312+0000] {processor.py:829} INFO - Processing file /opt/airflow/dags/DAG.py for tasks to queue
[2023-11-21T00:13:44.313+0000] {logging_mixin.py:154} INFO - [2023-11-21T00:13:44.312+0000] {dagbag.py:536} INFO - Filling up the DagBag from /opt/airflow/dags/DAG.py
[2023-11-21T00:13:44.798+0000] {processor.py:839} INFO - DAG(s) dict_keys(['austin_animal_shelter_dag']) retrieved from /opt/airflow/dags/DAG.py
[2023-11-21T00:13:44.817+0000] {logging_mixin.py:154} INFO - [2023-11-21T00:13:44.817+0000] {dag.py:2941} INFO - Sync 1 DAGs
[2023-11-21T00:13:44.830+0000] {logging_mixin.py:154} INFO - [2023-11-21T00:13:44.830+0000] {dag.py:3722} INFO - Setting next_dagrun for austin_animal_shelter_dag to 2023-11-21T00:00:00+00:00, run_after=2023-11-22T00:00:00+00:00
[2023-11-21T00:13:44.840+0000] {processor.py:179} INFO - Processing /opt/airflow/dags/DAG.py took 0.532 seconds
[2023-11-21T00:14:15.320+0000] {processor.py:157} INFO - Started process (PID=1953) to work on /opt/airflow/dags/DAG.py
[2023-11-21T00:14:15.321+0000] {processor.py:829} INFO - Processing file /opt/airflow/dags/DAG.py for tasks to queue
[2023-11-21T00:14:15.322+0000] {logging_mixin.py:154} INFO - [2023-11-21T00:14:15.322+0000] {dagbag.py:536} INFO - Filling up the DagBag from /opt/airflow/dags/DAG.py
[2023-11-21T00:14:15.843+0000] {processor.py:839} INFO - DAG(s) dict_keys(['austin_animal_shelter_dag']) retrieved from /opt/airflow/dags/DAG.py
[2023-11-21T00:14:15.862+0000] {logging_mixin.py:154} INFO - [2023-11-21T00:14:15.862+0000] {dag.py:2941} INFO - Sync 1 DAGs
[2023-11-21T00:14:15.877+0000] {logging_mixin.py:154} INFO - [2023-11-21T00:14:15.877+0000] {dag.py:3722} INFO - Setting next_dagrun for austin_animal_shelter_dag to 2023-11-21T00:00:00+00:00, run_after=2023-11-22T00:00:00+00:00
[2023-11-21T00:14:15.887+0000] {processor.py:179} INFO - Processing /opt/airflow/dags/DAG.py took 0.572 seconds
[2023-11-21T00:14:46.321+0000] {processor.py:157} INFO - Started process (PID=1964) to work on /opt/airflow/dags/DAG.py
[2023-11-21T00:14:46.322+0000] {processor.py:829} INFO - Processing file /opt/airflow/dags/DAG.py for tasks to queue
[2023-11-21T00:14:46.323+0000] {logging_mixin.py:154} INFO - [2023-11-21T00:14:46.323+0000] {dagbag.py:536} INFO - Filling up the DagBag from /opt/airflow/dags/DAG.py
[2023-11-21T00:14:46.655+0000] {processor.py:839} INFO - DAG(s) dict_keys(['austin_animal_shelter_dag']) retrieved from /opt/airflow/dags/DAG.py
[2023-11-21T00:14:46.669+0000] {logging_mixin.py:154} INFO - [2023-11-21T00:14:46.669+0000] {dag.py:2941} INFO - Sync 1 DAGs
[2023-11-21T00:14:46.680+0000] {logging_mixin.py:154} INFO - [2023-11-21T00:14:46.680+0000] {dag.py:3722} INFO - Setting next_dagrun for austin_animal_shelter_dag to 2023-11-21T00:00:00+00:00, run_after=2023-11-22T00:00:00+00:00
[2023-11-21T00:14:46.688+0000] {processor.py:179} INFO - Processing /opt/airflow/dags/DAG.py took 0.371 seconds
[2023-11-21T00:15:17.186+0000] {processor.py:157} INFO - Started process (PID=1975) to work on /opt/airflow/dags/DAG.py
[2023-11-21T00:15:17.188+0000] {processor.py:829} INFO - Processing file /opt/airflow/dags/DAG.py for tasks to queue
[2023-11-21T00:15:17.188+0000] {logging_mixin.py:154} INFO - [2023-11-21T00:15:17.188+0000] {dagbag.py:536} INFO - Filling up the DagBag from /opt/airflow/dags/DAG.py
[2023-11-21T00:15:17.621+0000] {processor.py:839} INFO - DAG(s) dict_keys(['austin_animal_shelter_dag']) retrieved from /opt/airflow/dags/DAG.py
[2023-11-21T00:15:17.637+0000] {logging_mixin.py:154} INFO - [2023-11-21T00:15:17.637+0000] {dag.py:2941} INFO - Sync 1 DAGs
[2023-11-21T00:15:17.649+0000] {logging_mixin.py:154} INFO - [2023-11-21T00:15:17.649+0000] {dag.py:3722} INFO - Setting next_dagrun for austin_animal_shelter_dag to 2023-11-21T00:00:00+00:00, run_after=2023-11-22T00:00:00+00:00
[2023-11-21T00:15:17.659+0000] {processor.py:179} INFO - Processing /opt/airflow/dags/DAG.py took 0.477 seconds
[2023-11-21T00:15:48.154+0000] {processor.py:157} INFO - Started process (PID=1986) to work on /opt/airflow/dags/DAG.py
[2023-11-21T00:15:48.155+0000] {processor.py:829} INFO - Processing file /opt/airflow/dags/DAG.py for tasks to queue
[2023-11-21T00:15:48.156+0000] {logging_mixin.py:154} INFO - [2023-11-21T00:15:48.156+0000] {dagbag.py:536} INFO - Filling up the DagBag from /opt/airflow/dags/DAG.py
[2023-11-21T00:15:48.644+0000] {processor.py:839} INFO - DAG(s) dict_keys(['austin_animal_shelter_dag']) retrieved from /opt/airflow/dags/DAG.py
[2023-11-21T00:15:48.661+0000] {logging_mixin.py:154} INFO - [2023-11-21T00:15:48.661+0000] {dag.py:2941} INFO - Sync 1 DAGs
[2023-11-21T00:15:48.675+0000] {logging_mixin.py:154} INFO - [2023-11-21T00:15:48.675+0000] {dag.py:3722} INFO - Setting next_dagrun for austin_animal_shelter_dag to 2023-11-21T00:00:00+00:00, run_after=2023-11-22T00:00:00+00:00
[2023-11-21T00:15:48.684+0000] {processor.py:179} INFO - Processing /opt/airflow/dags/DAG.py took 0.532 seconds
[2023-11-21T00:16:19.224+0000] {processor.py:157} INFO - Started process (PID=1998) to work on /opt/airflow/dags/DAG.py
[2023-11-21T00:16:19.226+0000] {processor.py:829} INFO - Processing file /opt/airflow/dags/DAG.py for tasks to queue
[2023-11-21T00:16:19.228+0000] {logging_mixin.py:154} INFO - [2023-11-21T00:16:19.228+0000] {dagbag.py:536} INFO - Filling up the DagBag from /opt/airflow/dags/DAG.py
[2023-11-21T00:16:19.749+0000] {processor.py:839} INFO - DAG(s) dict_keys(['austin_animal_shelter_dag']) retrieved from /opt/airflow/dags/DAG.py
[2023-11-21T00:16:19.785+0000] {logging_mixin.py:154} INFO - [2023-11-21T00:16:19.784+0000] {dag.py:2941} INFO - Sync 1 DAGs
[2023-11-21T00:16:19.799+0000] {logging_mixin.py:154} INFO - [2023-11-21T00:16:19.799+0000] {dag.py:3722} INFO - Setting next_dagrun for austin_animal_shelter_dag to 2023-11-21T00:00:00+00:00, run_after=2023-11-22T00:00:00+00:00
[2023-11-21T00:16:19.810+0000] {processor.py:179} INFO - Processing /opt/airflow/dags/DAG.py took 0.599 seconds
[2023-11-21T00:16:50.325+0000] {processor.py:157} INFO - Started process (PID=2009) to work on /opt/airflow/dags/DAG.py
[2023-11-21T00:16:50.326+0000] {processor.py:829} INFO - Processing file /opt/airflow/dags/DAG.py for tasks to queue
[2023-11-21T00:16:50.327+0000] {logging_mixin.py:154} INFO - [2023-11-21T00:16:50.327+0000] {dagbag.py:536} INFO - Filling up the DagBag from /opt/airflow/dags/DAG.py
[2023-11-21T00:16:50.776+0000] {processor.py:839} INFO - DAG(s) dict_keys(['austin_animal_shelter_dag']) retrieved from /opt/airflow/dags/DAG.py
[2023-11-21T00:16:50.798+0000] {logging_mixin.py:154} INFO - [2023-11-21T00:16:50.798+0000] {dag.py:2941} INFO - Sync 1 DAGs
[2023-11-21T00:16:50.813+0000] {logging_mixin.py:154} INFO - [2023-11-21T00:16:50.813+0000] {dag.py:3722} INFO - Setting next_dagrun for austin_animal_shelter_dag to 2023-11-21T00:00:00+00:00, run_after=2023-11-22T00:00:00+00:00
[2023-11-21T00:16:50.825+0000] {processor.py:179} INFO - Processing /opt/airflow/dags/DAG.py took 0.504 seconds
[2023-11-21T00:17:21.096+0000] {processor.py:157} INFO - Started process (PID=2020) to work on /opt/airflow/dags/DAG.py
[2023-11-21T00:17:21.098+0000] {processor.py:829} INFO - Processing file /opt/airflow/dags/DAG.py for tasks to queue
[2023-11-21T00:17:21.100+0000] {logging_mixin.py:154} INFO - [2023-11-21T00:17:21.099+0000] {dagbag.py:536} INFO - Filling up the DagBag from /opt/airflow/dags/DAG.py
[2023-11-21T00:17:21.674+0000] {processor.py:839} INFO - DAG(s) dict_keys(['austin_animal_shelter_dag']) retrieved from /opt/airflow/dags/DAG.py
[2023-11-21T00:17:21.698+0000] {logging_mixin.py:154} INFO - [2023-11-21T00:17:21.698+0000] {dag.py:2941} INFO - Sync 1 DAGs
[2023-11-21T00:17:21.714+0000] {logging_mixin.py:154} INFO - [2023-11-21T00:17:21.714+0000] {dag.py:3722} INFO - Setting next_dagrun for austin_animal_shelter_dag to 2023-11-21T00:00:00+00:00, run_after=2023-11-22T00:00:00+00:00
[2023-11-21T00:17:21.725+0000] {processor.py:179} INFO - Processing /opt/airflow/dags/DAG.py took 0.631 seconds
[2023-11-21T00:17:52.266+0000] {processor.py:157} INFO - Started process (PID=2031) to work on /opt/airflow/dags/DAG.py
[2023-11-21T00:17:52.273+0000] {processor.py:829} INFO - Processing file /opt/airflow/dags/DAG.py for tasks to queue
[2023-11-21T00:17:52.278+0000] {logging_mixin.py:154} INFO - [2023-11-21T00:17:52.277+0000] {dagbag.py:536} INFO - Filling up the DagBag from /opt/airflow/dags/DAG.py
[2023-11-21T00:17:52.777+0000] {processor.py:839} INFO - DAG(s) dict_keys(['austin_animal_shelter_dag']) retrieved from /opt/airflow/dags/DAG.py
[2023-11-21T00:17:52.810+0000] {logging_mixin.py:154} INFO - [2023-11-21T00:17:52.810+0000] {dag.py:2941} INFO - Sync 1 DAGs
[2023-11-21T00:17:52.827+0000] {logging_mixin.py:154} INFO - [2023-11-21T00:17:52.827+0000] {dag.py:3722} INFO - Setting next_dagrun for austin_animal_shelter_dag to 2023-11-21T00:00:00+00:00, run_after=2023-11-22T00:00:00+00:00
[2023-11-21T00:17:52.853+0000] {processor.py:179} INFO - Processing /opt/airflow/dags/DAG.py took 0.602 seconds
[2023-11-21T00:18:23.307+0000] {processor.py:157} INFO - Started process (PID=2042) to work on /opt/airflow/dags/DAG.py
[2023-11-21T00:18:23.310+0000] {processor.py:829} INFO - Processing file /opt/airflow/dags/DAG.py for tasks to queue
[2023-11-21T00:18:23.311+0000] {logging_mixin.py:154} INFO - [2023-11-21T00:18:23.311+0000] {dagbag.py:536} INFO - Filling up the DagBag from /opt/airflow/dags/DAG.py
[2023-11-21T00:18:23.630+0000] {processor.py:839} INFO - DAG(s) dict_keys(['austin_animal_shelter_dag']) retrieved from /opt/airflow/dags/DAG.py
[2023-11-21T00:18:23.647+0000] {logging_mixin.py:154} INFO - [2023-11-21T00:18:23.646+0000] {dag.py:2941} INFO - Sync 1 DAGs
[2023-11-21T00:18:23.658+0000] {logging_mixin.py:154} INFO - [2023-11-21T00:18:23.658+0000] {dag.py:3722} INFO - Setting next_dagrun for austin_animal_shelter_dag to 2023-11-21T00:00:00+00:00, run_after=2023-11-22T00:00:00+00:00
[2023-11-21T00:18:23.667+0000] {processor.py:179} INFO - Processing /opt/airflow/dags/DAG.py took 0.366 seconds
[2023-11-21T00:18:54.002+0000] {processor.py:157} INFO - Started process (PID=2053) to work on /opt/airflow/dags/DAG.py
[2023-11-21T00:18:54.004+0000] {processor.py:829} INFO - Processing file /opt/airflow/dags/DAG.py for tasks to queue
[2023-11-21T00:18:54.005+0000] {logging_mixin.py:154} INFO - [2023-11-21T00:18:54.004+0000] {dagbag.py:536} INFO - Filling up the DagBag from /opt/airflow/dags/DAG.py
[2023-11-21T00:18:54.339+0000] {processor.py:839} INFO - DAG(s) dict_keys(['austin_animal_shelter_dag']) retrieved from /opt/airflow/dags/DAG.py
[2023-11-21T00:18:54.356+0000] {logging_mixin.py:154} INFO - [2023-11-21T00:18:54.356+0000] {dag.py:2941} INFO - Sync 1 DAGs
[2023-11-21T00:18:54.371+0000] {logging_mixin.py:154} INFO - [2023-11-21T00:18:54.371+0000] {dag.py:3722} INFO - Setting next_dagrun for austin_animal_shelter_dag to 2023-11-21T00:00:00+00:00, run_after=2023-11-22T00:00:00+00:00
[2023-11-21T00:18:54.383+0000] {processor.py:179} INFO - Processing /opt/airflow/dags/DAG.py took 0.387 seconds
[2023-11-21T00:19:24.893+0000] {processor.py:157} INFO - Started process (PID=2064) to work on /opt/airflow/dags/DAG.py
[2023-11-21T00:19:24.896+0000] {processor.py:829} INFO - Processing file /opt/airflow/dags/DAG.py for tasks to queue
[2023-11-21T00:19:24.898+0000] {logging_mixin.py:154} INFO - [2023-11-21T00:19:24.897+0000] {dagbag.py:536} INFO - Filling up the DagBag from /opt/airflow/dags/DAG.py
[2023-11-21T00:19:25.365+0000] {processor.py:839} INFO - DAG(s) dict_keys(['austin_animal_shelter_dag']) retrieved from /opt/airflow/dags/DAG.py
[2023-11-21T00:19:25.384+0000] {logging_mixin.py:154} INFO - [2023-11-21T00:19:25.383+0000] {dag.py:2941} INFO - Sync 1 DAGs
[2023-11-21T00:19:25.396+0000] {logging_mixin.py:154} INFO - [2023-11-21T00:19:25.396+0000] {dag.py:3722} INFO - Setting next_dagrun for austin_animal_shelter_dag to 2023-11-21T00:00:00+00:00, run_after=2023-11-22T00:00:00+00:00
[2023-11-21T00:19:25.405+0000] {processor.py:179} INFO - Processing /opt/airflow/dags/DAG.py took 0.521 seconds
[2023-11-21T00:19:55.912+0000] {processor.py:157} INFO - Started process (PID=2075) to work on /opt/airflow/dags/DAG.py
[2023-11-21T00:19:55.914+0000] {processor.py:829} INFO - Processing file /opt/airflow/dags/DAG.py for tasks to queue
[2023-11-21T00:19:55.916+0000] {logging_mixin.py:154} INFO - [2023-11-21T00:19:55.915+0000] {dagbag.py:536} INFO - Filling up the DagBag from /opt/airflow/dags/DAG.py
[2023-11-21T00:19:56.413+0000] {processor.py:839} INFO - DAG(s) dict_keys(['austin_animal_shelter_dag']) retrieved from /opt/airflow/dags/DAG.py
[2023-11-21T00:19:56.431+0000] {logging_mixin.py:154} INFO - [2023-11-21T00:19:56.430+0000] {dag.py:2941} INFO - Sync 1 DAGs
[2023-11-21T00:19:56.443+0000] {logging_mixin.py:154} INFO - [2023-11-21T00:19:56.443+0000] {dag.py:3722} INFO - Setting next_dagrun for austin_animal_shelter_dag to 2023-11-21T00:00:00+00:00, run_after=2023-11-22T00:00:00+00:00
[2023-11-21T00:19:56.454+0000] {processor.py:179} INFO - Processing /opt/airflow/dags/DAG.py took 0.555 seconds
[2023-11-21T00:20:26.910+0000] {processor.py:157} INFO - Started process (PID=2086) to work on /opt/airflow/dags/DAG.py
[2023-11-21T00:20:26.913+0000] {processor.py:829} INFO - Processing file /opt/airflow/dags/DAG.py for tasks to queue
[2023-11-21T00:20:26.914+0000] {logging_mixin.py:154} INFO - [2023-11-21T00:20:26.913+0000] {dagbag.py:536} INFO - Filling up the DagBag from /opt/airflow/dags/DAG.py
[2023-11-21T00:20:27.399+0000] {processor.py:839} INFO - DAG(s) dict_keys(['austin_animal_shelter_dag']) retrieved from /opt/airflow/dags/DAG.py
[2023-11-21T00:20:27.419+0000] {logging_mixin.py:154} INFO - [2023-11-21T00:20:27.419+0000] {dag.py:2941} INFO - Sync 1 DAGs
[2023-11-21T00:20:27.434+0000] {logging_mixin.py:154} INFO - [2023-11-21T00:20:27.434+0000] {dag.py:3722} INFO - Setting next_dagrun for austin_animal_shelter_dag to 2023-11-21T00:00:00+00:00, run_after=2023-11-22T00:00:00+00:00
[2023-11-21T00:20:27.444+0000] {processor.py:179} INFO - Processing /opt/airflow/dags/DAG.py took 0.544 seconds
[2023-11-21T00:20:57.763+0000] {processor.py:157} INFO - Started process (PID=2097) to work on /opt/airflow/dags/DAG.py
[2023-11-21T00:20:57.766+0000] {processor.py:829} INFO - Processing file /opt/airflow/dags/DAG.py for tasks to queue
[2023-11-21T00:20:57.768+0000] {logging_mixin.py:154} INFO - [2023-11-21T00:20:57.767+0000] {dagbag.py:536} INFO - Filling up the DagBag from /opt/airflow/dags/DAG.py
[2023-11-21T00:20:58.286+0000] {processor.py:839} INFO - DAG(s) dict_keys(['austin_animal_shelter_dag']) retrieved from /opt/airflow/dags/DAG.py
[2023-11-21T00:20:58.307+0000] {logging_mixin.py:154} INFO - [2023-11-21T00:20:58.307+0000] {dag.py:2941} INFO - Sync 1 DAGs
[2023-11-21T00:20:58.326+0000] {logging_mixin.py:154} INFO - [2023-11-21T00:20:58.326+0000] {dag.py:3722} INFO - Setting next_dagrun for austin_animal_shelter_dag to 2023-11-21T00:00:00+00:00, run_after=2023-11-22T00:00:00+00:00
[2023-11-21T00:20:58.339+0000] {processor.py:179} INFO - Processing /opt/airflow/dags/DAG.py took 0.583 seconds
[2023-11-21T00:21:28.839+0000] {processor.py:157} INFO - Started process (PID=2108) to work on /opt/airflow/dags/DAG.py
[2023-11-21T00:21:28.842+0000] {processor.py:829} INFO - Processing file /opt/airflow/dags/DAG.py for tasks to queue
[2023-11-21T00:21:28.843+0000] {logging_mixin.py:154} INFO - [2023-11-21T00:21:28.843+0000] {dagbag.py:536} INFO - Filling up the DagBag from /opt/airflow/dags/DAG.py
[2023-11-21T00:21:29.171+0000] {processor.py:839} INFO - DAG(s) dict_keys(['austin_animal_shelter_dag']) retrieved from /opt/airflow/dags/DAG.py
[2023-11-21T00:21:29.185+0000] {logging_mixin.py:154} INFO - [2023-11-21T00:21:29.184+0000] {dag.py:2941} INFO - Sync 1 DAGs
[2023-11-21T00:21:29.196+0000] {logging_mixin.py:154} INFO - [2023-11-21T00:21:29.196+0000] {dag.py:3722} INFO - Setting next_dagrun for austin_animal_shelter_dag to 2023-11-21T00:00:00+00:00, run_after=2023-11-22T00:00:00+00:00
[2023-11-21T00:21:29.206+0000] {processor.py:179} INFO - Processing /opt/airflow/dags/DAG.py took 0.373 seconds
[2023-11-21T00:21:59.678+0000] {processor.py:157} INFO - Started process (PID=2119) to work on /opt/airflow/dags/DAG.py
[2023-11-21T00:21:59.681+0000] {processor.py:829} INFO - Processing file /opt/airflow/dags/DAG.py for tasks to queue
[2023-11-21T00:21:59.682+0000] {logging_mixin.py:154} INFO - [2023-11-21T00:21:59.681+0000] {dagbag.py:536} INFO - Filling up the DagBag from /opt/airflow/dags/DAG.py
[2023-11-21T00:22:00.004+0000] {processor.py:839} INFO - DAG(s) dict_keys(['austin_animal_shelter_dag']) retrieved from /opt/airflow/dags/DAG.py
[2023-11-21T00:22:00.019+0000] {logging_mixin.py:154} INFO - [2023-11-21T00:22:00.018+0000] {dag.py:2941} INFO - Sync 1 DAGs
[2023-11-21T00:22:00.033+0000] {logging_mixin.py:154} INFO - [2023-11-21T00:22:00.032+0000] {dag.py:3722} INFO - Setting next_dagrun for austin_animal_shelter_dag to 2023-11-21T00:00:00+00:00, run_after=2023-11-22T00:00:00+00:00
[2023-11-21T00:22:00.044+0000] {processor.py:179} INFO - Processing /opt/airflow/dags/DAG.py took 0.373 seconds
[2023-11-21T00:22:30.475+0000] {processor.py:157} INFO - Started process (PID=2130) to work on /opt/airflow/dags/DAG.py
[2023-11-21T00:22:30.477+0000] {processor.py:829} INFO - Processing file /opt/airflow/dags/DAG.py for tasks to queue
[2023-11-21T00:22:30.478+0000] {logging_mixin.py:154} INFO - [2023-11-21T00:22:30.478+0000] {dagbag.py:536} INFO - Filling up the DagBag from /opt/airflow/dags/DAG.py
[2023-11-21T00:22:30.790+0000] {processor.py:839} INFO - DAG(s) dict_keys(['austin_animal_shelter_dag']) retrieved from /opt/airflow/dags/DAG.py
[2023-11-21T00:22:30.806+0000] {logging_mixin.py:154} INFO - [2023-11-21T00:22:30.805+0000] {dag.py:2941} INFO - Sync 1 DAGs
[2023-11-21T00:22:30.821+0000] {logging_mixin.py:154} INFO - [2023-11-21T00:22:30.821+0000] {dag.py:3722} INFO - Setting next_dagrun for austin_animal_shelter_dag to 2023-11-21T00:00:00+00:00, run_after=2023-11-22T00:00:00+00:00
[2023-11-21T00:22:30.835+0000] {processor.py:179} INFO - Processing /opt/airflow/dags/DAG.py took 0.366 seconds
[2023-11-21T00:23:01.291+0000] {processor.py:157} INFO - Started process (PID=2141) to work on /opt/airflow/dags/DAG.py
[2023-11-21T00:23:01.293+0000] {processor.py:829} INFO - Processing file /opt/airflow/dags/DAG.py for tasks to queue
[2023-11-21T00:23:01.294+0000] {logging_mixin.py:154} INFO - [2023-11-21T00:23:01.294+0000] {dagbag.py:536} INFO - Filling up the DagBag from /opt/airflow/dags/DAG.py
[2023-11-21T00:23:01.671+0000] {processor.py:839} INFO - DAG(s) dict_keys(['austin_animal_shelter_dag']) retrieved from /opt/airflow/dags/DAG.py
[2023-11-21T00:23:01.685+0000] {logging_mixin.py:154} INFO - [2023-11-21T00:23:01.685+0000] {dag.py:2941} INFO - Sync 1 DAGs
[2023-11-21T00:23:01.696+0000] {logging_mixin.py:154} INFO - [2023-11-21T00:23:01.696+0000] {dag.py:3722} INFO - Setting next_dagrun for austin_animal_shelter_dag to 2023-11-21T00:00:00+00:00, run_after=2023-11-22T00:00:00+00:00
[2023-11-21T00:23:01.706+0000] {processor.py:179} INFO - Processing /opt/airflow/dags/DAG.py took 0.423 seconds
[2023-11-21T00:23:32.106+0000] {processor.py:157} INFO - Started process (PID=2152) to work on /opt/airflow/dags/DAG.py
[2023-11-21T00:23:32.108+0000] {processor.py:829} INFO - Processing file /opt/airflow/dags/DAG.py for tasks to queue
[2023-11-21T00:23:32.109+0000] {logging_mixin.py:154} INFO - [2023-11-21T00:23:32.108+0000] {dagbag.py:536} INFO - Filling up the DagBag from /opt/airflow/dags/DAG.py
[2023-11-21T00:23:32.480+0000] {processor.py:839} INFO - DAG(s) dict_keys(['austin_animal_shelter_dag']) retrieved from /opt/airflow/dags/DAG.py
[2023-11-21T00:23:32.495+0000] {logging_mixin.py:154} INFO - [2023-11-21T00:23:32.495+0000] {dag.py:2941} INFO - Sync 1 DAGs
[2023-11-21T00:23:32.507+0000] {logging_mixin.py:154} INFO - [2023-11-21T00:23:32.507+0000] {dag.py:3722} INFO - Setting next_dagrun for austin_animal_shelter_dag to 2023-11-21T00:00:00+00:00, run_after=2023-11-22T00:00:00+00:00
[2023-11-21T00:23:32.517+0000] {processor.py:179} INFO - Processing /opt/airflow/dags/DAG.py took 0.417 seconds
[2023-11-21T00:24:02.930+0000] {processor.py:157} INFO - Started process (PID=2163) to work on /opt/airflow/dags/DAG.py
[2023-11-21T00:24:02.932+0000] {processor.py:829} INFO - Processing file /opt/airflow/dags/DAG.py for tasks to queue
[2023-11-21T00:24:02.933+0000] {logging_mixin.py:154} INFO - [2023-11-21T00:24:02.933+0000] {dagbag.py:536} INFO - Filling up the DagBag from /opt/airflow/dags/DAG.py
[2023-11-21T00:24:03.238+0000] {processor.py:839} INFO - DAG(s) dict_keys(['austin_animal_shelter_dag']) retrieved from /opt/airflow/dags/DAG.py
[2023-11-21T00:24:03.252+0000] {logging_mixin.py:154} INFO - [2023-11-21T00:24:03.252+0000] {dag.py:2941} INFO - Sync 1 DAGs
[2023-11-21T00:24:03.263+0000] {logging_mixin.py:154} INFO - [2023-11-21T00:24:03.263+0000] {dag.py:3722} INFO - Setting next_dagrun for austin_animal_shelter_dag to 2023-11-21T00:00:00+00:00, run_after=2023-11-22T00:00:00+00:00
[2023-11-21T00:24:03.271+0000] {processor.py:179} INFO - Processing /opt/airflow/dags/DAG.py took 0.346 seconds
[2023-11-21T00:24:33.711+0000] {processor.py:157} INFO - Started process (PID=2174) to work on /opt/airflow/dags/DAG.py
[2023-11-21T00:24:33.713+0000] {processor.py:829} INFO - Processing file /opt/airflow/dags/DAG.py for tasks to queue
[2023-11-21T00:24:33.715+0000] {logging_mixin.py:154} INFO - [2023-11-21T00:24:33.714+0000] {dagbag.py:536} INFO - Filling up the DagBag from /opt/airflow/dags/DAG.py
[2023-11-21T00:24:34.021+0000] {processor.py:839} INFO - DAG(s) dict_keys(['austin_animal_shelter_dag']) retrieved from /opt/airflow/dags/DAG.py
[2023-11-21T00:24:34.035+0000] {logging_mixin.py:154} INFO - [2023-11-21T00:24:34.035+0000] {dag.py:2941} INFO - Sync 1 DAGs
[2023-11-21T00:24:34.047+0000] {logging_mixin.py:154} INFO - [2023-11-21T00:24:34.046+0000] {dag.py:3722} INFO - Setting next_dagrun for austin_animal_shelter_dag to 2023-11-21T00:00:00+00:00, run_after=2023-11-22T00:00:00+00:00
[2023-11-21T00:24:34.056+0000] {processor.py:179} INFO - Processing /opt/airflow/dags/DAG.py took 0.350 seconds
[2023-11-21T00:25:04.529+0000] {processor.py:157} INFO - Started process (PID=2185) to work on /opt/airflow/dags/DAG.py
[2023-11-21T00:25:04.532+0000] {processor.py:829} INFO - Processing file /opt/airflow/dags/DAG.py for tasks to queue
[2023-11-21T00:25:04.534+0000] {logging_mixin.py:154} INFO - [2023-11-21T00:25:04.533+0000] {dagbag.py:536} INFO - Filling up the DagBag from /opt/airflow/dags/DAG.py
[2023-11-21T00:25:04.867+0000] {processor.py:839} INFO - DAG(s) dict_keys(['austin_animal_shelter_dag']) retrieved from /opt/airflow/dags/DAG.py
[2023-11-21T00:25:04.883+0000] {logging_mixin.py:154} INFO - [2023-11-21T00:25:04.882+0000] {dag.py:2941} INFO - Sync 1 DAGs
[2023-11-21T00:25:04.894+0000] {logging_mixin.py:154} INFO - [2023-11-21T00:25:04.894+0000] {dag.py:3722} INFO - Setting next_dagrun for austin_animal_shelter_dag to 2023-11-21T00:00:00+00:00, run_after=2023-11-22T00:00:00+00:00
[2023-11-21T00:25:04.903+0000] {processor.py:179} INFO - Processing /opt/airflow/dags/DAG.py took 0.382 seconds
[2023-11-21T00:25:34.975+0000] {processor.py:157} INFO - Started process (PID=2196) to work on /opt/airflow/dags/DAG.py
[2023-11-21T00:25:34.976+0000] {processor.py:829} INFO - Processing file /opt/airflow/dags/DAG.py for tasks to queue
[2023-11-21T00:25:34.977+0000] {logging_mixin.py:154} INFO - [2023-11-21T00:25:34.977+0000] {dagbag.py:536} INFO - Filling up the DagBag from /opt/airflow/dags/DAG.py
[2023-11-21T00:25:35.343+0000] {processor.py:839} INFO - DAG(s) dict_keys(['austin_animal_shelter_dag']) retrieved from /opt/airflow/dags/DAG.py
[2023-11-21T00:25:35.361+0000] {logging_mixin.py:154} INFO - [2023-11-21T00:25:35.361+0000] {dag.py:2941} INFO - Sync 1 DAGs
[2023-11-21T00:25:35.374+0000] {logging_mixin.py:154} INFO - [2023-11-21T00:25:35.374+0000] {dag.py:3722} INFO - Setting next_dagrun for austin_animal_shelter_dag to 2023-11-21T00:00:00+00:00, run_after=2023-11-22T00:00:00+00:00
[2023-11-21T00:25:35.385+0000] {processor.py:179} INFO - Processing /opt/airflow/dags/DAG.py took 0.413 seconds
[2023-11-21T00:26:05.503+0000] {processor.py:157} INFO - Started process (PID=2207) to work on /opt/airflow/dags/DAG.py
[2023-11-21T00:26:05.504+0000] {processor.py:829} INFO - Processing file /opt/airflow/dags/DAG.py for tasks to queue
[2023-11-21T00:26:05.506+0000] {logging_mixin.py:154} INFO - [2023-11-21T00:26:05.505+0000] {dagbag.py:536} INFO - Filling up the DagBag from /opt/airflow/dags/DAG.py
[2023-11-21T00:26:05.951+0000] {processor.py:839} INFO - DAG(s) dict_keys(['austin_animal_shelter_dag']) retrieved from /opt/airflow/dags/DAG.py
[2023-11-21T00:26:05.967+0000] {logging_mixin.py:154} INFO - [2023-11-21T00:26:05.967+0000] {dag.py:2941} INFO - Sync 1 DAGs
[2023-11-21T00:26:05.980+0000] {logging_mixin.py:154} INFO - [2023-11-21T00:26:05.980+0000] {dag.py:3722} INFO - Setting next_dagrun for austin_animal_shelter_dag to 2023-11-21T00:00:00+00:00, run_after=2023-11-22T00:00:00+00:00
[2023-11-21T00:26:05.991+0000] {processor.py:179} INFO - Processing /opt/airflow/dags/DAG.py took 0.496 seconds
[2023-11-21T00:26:36.373+0000] {processor.py:157} INFO - Started process (PID=2218) to work on /opt/airflow/dags/DAG.py
[2023-11-21T00:26:36.376+0000] {processor.py:829} INFO - Processing file /opt/airflow/dags/DAG.py for tasks to queue
[2023-11-21T00:26:36.377+0000] {logging_mixin.py:154} INFO - [2023-11-21T00:26:36.376+0000] {dagbag.py:536} INFO - Filling up the DagBag from /opt/airflow/dags/DAG.py
[2023-11-21T00:26:36.689+0000] {processor.py:839} INFO - DAG(s) dict_keys(['austin_animal_shelter_dag']) retrieved from /opt/airflow/dags/DAG.py
[2023-11-21T00:26:36.707+0000] {logging_mixin.py:154} INFO - [2023-11-21T00:26:36.707+0000] {dag.py:2941} INFO - Sync 1 DAGs
[2023-11-21T00:26:36.721+0000] {logging_mixin.py:154} INFO - [2023-11-21T00:26:36.721+0000] {dag.py:3722} INFO - Setting next_dagrun for austin_animal_shelter_dag to 2023-11-21T00:00:00+00:00, run_after=2023-11-22T00:00:00+00:00
[2023-11-21T00:26:36.731+0000] {processor.py:179} INFO - Processing /opt/airflow/dags/DAG.py took 0.364 seconds
[2023-11-21T00:27:07.234+0000] {processor.py:157} INFO - Started process (PID=2229) to work on /opt/airflow/dags/DAG.py
[2023-11-21T00:27:07.237+0000] {processor.py:829} INFO - Processing file /opt/airflow/dags/DAG.py for tasks to queue
[2023-11-21T00:27:07.238+0000] {logging_mixin.py:154} INFO - [2023-11-21T00:27:07.238+0000] {dagbag.py:536} INFO - Filling up the DagBag from /opt/airflow/dags/DAG.py
[2023-11-21T00:27:07.553+0000] {processor.py:839} INFO - DAG(s) dict_keys(['austin_animal_shelter_dag']) retrieved from /opt/airflow/dags/DAG.py
[2023-11-21T00:27:07.569+0000] {logging_mixin.py:154} INFO - [2023-11-21T00:27:07.569+0000] {dag.py:2941} INFO - Sync 1 DAGs
[2023-11-21T00:27:07.581+0000] {logging_mixin.py:154} INFO - [2023-11-21T00:27:07.581+0000] {dag.py:3722} INFO - Setting next_dagrun for austin_animal_shelter_dag to 2023-11-21T00:00:00+00:00, run_after=2023-11-22T00:00:00+00:00
[2023-11-21T00:27:07.591+0000] {processor.py:179} INFO - Processing /opt/airflow/dags/DAG.py took 0.363 seconds
[2023-11-21T00:27:38.075+0000] {processor.py:157} INFO - Started process (PID=2240) to work on /opt/airflow/dags/DAG.py
[2023-11-21T00:27:38.078+0000] {processor.py:829} INFO - Processing file /opt/airflow/dags/DAG.py for tasks to queue
[2023-11-21T00:27:38.080+0000] {logging_mixin.py:154} INFO - [2023-11-21T00:27:38.079+0000] {dagbag.py:536} INFO - Filling up the DagBag from /opt/airflow/dags/DAG.py
[2023-11-21T00:27:38.400+0000] {processor.py:839} INFO - DAG(s) dict_keys(['austin_animal_shelter_dag']) retrieved from /opt/airflow/dags/DAG.py
[2023-11-21T00:27:38.415+0000] {logging_mixin.py:154} INFO - [2023-11-21T00:27:38.415+0000] {dag.py:2941} INFO - Sync 1 DAGs
[2023-11-21T00:27:38.428+0000] {logging_mixin.py:154} INFO - [2023-11-21T00:27:38.428+0000] {dag.py:3722} INFO - Setting next_dagrun for austin_animal_shelter_dag to 2023-11-21T00:00:00+00:00, run_after=2023-11-22T00:00:00+00:00
[2023-11-21T00:27:38.439+0000] {processor.py:179} INFO - Processing /opt/airflow/dags/DAG.py took 0.370 seconds
