[2023-11-20T08:43:30.076+0000] {taskinstance.py:1159} INFO - Dependencies all met for dep_context=non-requeueable deps ti=<TaskInstance: austin_animal_shelter_dag.load_data scheduled__2023-11-01T00:00:00+00:00 [queued]>
[2023-11-20T08:43:30.083+0000] {taskinstance.py:1159} INFO - Dependencies all met for dep_context=requeueable deps ti=<TaskInstance: austin_animal_shelter_dag.load_data scheduled__2023-11-01T00:00:00+00:00 [queued]>
[2023-11-20T08:43:30.088+0000] {taskinstance.py:1361} INFO - Starting attempt 1 of 2
[2023-11-20T08:43:30.115+0000] {taskinstance.py:1382} INFO - Executing <Task(PythonOperator): load_data> on 2023-11-01 00:00:00+00:00
[2023-11-20T08:43:30.138+0000] {standard_task_runner.py:57} INFO - Started process 185 to run task
[2023-11-20T08:43:30.149+0000] {standard_task_runner.py:84} INFO - Running: ['***', 'tasks', 'run', 'austin_animal_shelter_dag', 'load_data', 'scheduled__2023-11-01T00:00:00+00:00', '--job-id', '39', '--raw', '--subdir', 'DAGS_FOLDER/DAG.py', '--cfg-path', '/tmp/tmpe1hxbuk0']
[2023-11-20T08:43:30.158+0000] {standard_task_runner.py:85} INFO - Job 39: Subtask load_data
[2023-11-20T08:43:30.213+0000] {task_command.py:416} INFO - Running <TaskInstance: austin_animal_shelter_dag.load_data scheduled__2023-11-01T00:00:00+00:00 [running]> on host c84b35a13244
[2023-11-20T08:43:30.308+0000] {taskinstance.py:1662} INFO - Exporting env vars: AIRFLOW_CTX_DAG_OWNER='***' AIRFLOW_CTX_DAG_ID='austin_animal_shelter_dag' AIRFLOW_CTX_TASK_ID='load_data' AIRFLOW_CTX_EXECUTION_DATE='2023-11-01T00:00:00+00:00' AIRFLOW_CTX_TRY_NUMBER='1' AIRFLOW_CTX_DAG_RUN_ID='scheduled__2023-11-01T00:00:00+00:00'
[2023-11-20T08:43:30.914+0000] {taskinstance.py:1937} ERROR - Task failed with exception
Traceback (most recent call last):
  File "/home/airflow/.local/lib/python3.8/site-packages/airflow/operators/python.py", line 192, in execute
    return_value = self.execute_callable()
  File "/home/airflow/.local/lib/python3.8/site-packages/airflow/operators/python.py", line 209, in execute_callable
    return self.python_callable(*self.op_args, **self.op_kwargs)
  File "/opt/airflow/dags/Scripts/etl.py", line 179, in load_data
    engine = create_engine(DATABASE_URL)
  File "<string>", line 2, in create_engine
  File "/home/airflow/.local/lib/python3.8/site-packages/sqlalchemy/util/deprecations.py", line 375, in warned
    return fn(*args, **kwargs)
  File "/home/airflow/.local/lib/python3.8/site-packages/sqlalchemy/engine/create.py", line 514, in create_engine
    u = _url.make_url(url)
  File "/home/airflow/.local/lib/python3.8/site-packages/sqlalchemy/engine/url.py", line 738, in make_url
    return _parse_url(name_or_url)
  File "/home/airflow/.local/lib/python3.8/site-packages/sqlalchemy/engine/url.py", line 794, in _parse_url
    components["port"] = int(components["port"])
ValueError: invalid literal for int() with base 10: '{}'
[2023-11-20T08:43:30.919+0000] {taskinstance.py:1400} INFO - Marking task as UP_FOR_RETRY. dag_id=austin_animal_shelter_dag, task_id=load_data, execution_date=20231101T000000, start_date=20231120T084330, end_date=20231120T084330
[2023-11-20T08:43:30.926+0000] {standard_task_runner.py:104} ERROR - Failed to execute job 39 for task load_data (invalid literal for int() with base 10: '{}'; 185)
[2023-11-20T08:43:30.935+0000] {local_task_job_runner.py:228} INFO - Task exited with return code 1
[2023-11-20T08:43:30.947+0000] {taskinstance.py:2778} INFO - 0 downstream tasks scheduled from follow-on schedule check
[2023-11-20T08:46:44.619+0000] {taskinstance.py:1159} INFO - Dependencies all met for dep_context=non-requeueable deps ti=<TaskInstance: austin_animal_shelter_dag.load_data scheduled__2023-11-01T00:00:00+00:00 [queued]>
[2023-11-20T08:46:44.634+0000] {taskinstance.py:1159} INFO - Dependencies all met for dep_context=requeueable deps ti=<TaskInstance: austin_animal_shelter_dag.load_data scheduled__2023-11-01T00:00:00+00:00 [queued]>
[2023-11-20T08:46:44.640+0000] {taskinstance.py:1361} INFO - Starting attempt 1 of 2
[2023-11-20T08:46:44.805+0000] {taskinstance.py:1382} INFO - Executing <Task(PythonOperator): load_data> on 2023-11-01 00:00:00+00:00
[2023-11-20T08:46:44.820+0000] {standard_task_runner.py:57} INFO - Started process 193 to run task
[2023-11-20T08:46:44.827+0000] {standard_task_runner.py:84} INFO - Running: ['***', 'tasks', 'run', 'austin_animal_shelter_dag', 'load_data', 'scheduled__2023-11-01T00:00:00+00:00', '--job-id', '39', '--raw', '--subdir', 'DAGS_FOLDER/DAG.py', '--cfg-path', '/tmp/tmpp8_8_v00']
[2023-11-20T08:46:44.837+0000] {standard_task_runner.py:85} INFO - Job 39: Subtask load_data
[2023-11-20T08:46:44.953+0000] {task_command.py:416} INFO - Running <TaskInstance: austin_animal_shelter_dag.load_data scheduled__2023-11-01T00:00:00+00:00 [running]> on host d26cbef9e8ab
[2023-11-20T08:46:45.065+0000] {taskinstance.py:1662} INFO - Exporting env vars: AIRFLOW_CTX_DAG_OWNER='***' AIRFLOW_CTX_DAG_ID='austin_animal_shelter_dag' AIRFLOW_CTX_TASK_ID='load_data' AIRFLOW_CTX_EXECUTION_DATE='2023-11-01T00:00:00+00:00' AIRFLOW_CTX_TRY_NUMBER='1' AIRFLOW_CTX_DAG_RUN_ID='scheduled__2023-11-01T00:00:00+00:00'
[2023-11-20T08:46:47.868+0000] {python.py:194} INFO - Done. Returned value was: None
[2023-11-20T08:46:47.881+0000] {taskinstance.py:1400} INFO - Marking task as SUCCESS. dag_id=austin_animal_shelter_dag, task_id=load_data, execution_date=20231101T000000, start_date=20231120T084644, end_date=20231120T084647
[2023-11-20T08:46:47.919+0000] {local_task_job_runner.py:228} INFO - Task exited with return code 0
[2023-11-20T08:46:47.942+0000] {taskinstance.py:2778} INFO - 0 downstream tasks scheduled from follow-on schedule check
[2023-11-20T08:50:23.718+0000] {taskinstance.py:1159} INFO - Dependencies all met for dep_context=non-requeueable deps ti=<TaskInstance: austin_animal_shelter_dag.load_data scheduled__2023-11-01T00:00:00+00:00 [queued]>
[2023-11-20T08:50:23.733+0000] {taskinstance.py:1159} INFO - Dependencies all met for dep_context=requeueable deps ti=<TaskInstance: austin_animal_shelter_dag.load_data scheduled__2023-11-01T00:00:00+00:00 [queued]>
[2023-11-20T08:50:23.733+0000] {taskinstance.py:1361} INFO - Starting attempt 1 of 2
[2023-11-20T08:50:23.757+0000] {taskinstance.py:1382} INFO - Executing <Task(PythonOperator): load_data> on 2023-11-01 00:00:00+00:00
[2023-11-20T08:50:23.762+0000] {standard_task_runner.py:57} INFO - Started process 172 to run task
[2023-11-20T08:50:23.767+0000] {standard_task_runner.py:84} INFO - Running: ['***', 'tasks', 'run', 'austin_animal_shelter_dag', 'load_data', 'scheduled__2023-11-01T00:00:00+00:00', '--job-id', '34', '--raw', '--subdir', 'DAGS_FOLDER/DAG.py', '--cfg-path', '/tmp/tmptssu53si']
[2023-11-20T08:50:23.773+0000] {standard_task_runner.py:85} INFO - Job 34: Subtask load_data
[2023-11-20T08:50:23.824+0000] {task_command.py:416} INFO - Running <TaskInstance: austin_animal_shelter_dag.load_data scheduled__2023-11-01T00:00:00+00:00 [running]> on host 3ef39241d6e6
[2023-11-20T08:50:23.924+0000] {taskinstance.py:1662} INFO - Exporting env vars: AIRFLOW_CTX_DAG_OWNER='***' AIRFLOW_CTX_DAG_ID='austin_animal_shelter_dag' AIRFLOW_CTX_TASK_ID='load_data' AIRFLOW_CTX_EXECUTION_DATE='2023-11-01T00:00:00+00:00' AIRFLOW_CTX_TRY_NUMBER='1' AIRFLOW_CTX_DAG_RUN_ID='scheduled__2023-11-01T00:00:00+00:00'
[2023-11-20T08:50:27.175+0000] {python.py:194} INFO - Done. Returned value was: None
[2023-11-20T08:50:27.186+0000] {taskinstance.py:1400} INFO - Marking task as SUCCESS. dag_id=austin_animal_shelter_dag, task_id=load_data, execution_date=20231101T000000, start_date=20231120T085023, end_date=20231120T085027
[2023-11-20T08:50:27.212+0000] {local_task_job_runner.py:228} INFO - Task exited with return code 0
[2023-11-20T08:50:27.234+0000] {taskinstance.py:2778} INFO - 0 downstream tasks scheduled from follow-on schedule check
[2023-11-20T22:32:39.851+0000] {taskinstance.py:1159} INFO - Dependencies all met for dep_context=non-requeueable deps ti=<TaskInstance: austin_animal_shelter_dag.load_data scheduled__2023-11-01T00:00:00+00:00 [queued]>
[2023-11-20T22:32:39.867+0000] {taskinstance.py:1159} INFO - Dependencies all met for dep_context=requeueable deps ti=<TaskInstance: austin_animal_shelter_dag.load_data scheduled__2023-11-01T00:00:00+00:00 [queued]>
[2023-11-20T22:32:39.870+0000] {taskinstance.py:1361} INFO - Starting attempt 1 of 2
[2023-11-20T22:32:39.885+0000] {taskinstance.py:1382} INFO - Executing <Task(PythonOperator): load_data> on 2023-11-01 00:00:00+00:00
[2023-11-20T22:32:39.949+0000] {standard_task_runner.py:57} INFO - Started process 205 to run task
[2023-11-20T22:32:40.086+0000] {standard_task_runner.py:84} INFO - Running: ['***', 'tasks', 'run', 'austin_animal_shelter_dag', 'load_data', 'scheduled__2023-11-01T00:00:00+00:00', '--job-id', '109', '--raw', '--subdir', 'DAGS_FOLDER/DAG.py', '--cfg-path', '/tmp/tmpqszmaifn']
[2023-11-20T22:32:40.138+0000] {standard_task_runner.py:85} INFO - Job 109: Subtask load_data
[2023-11-20T22:32:40.352+0000] {task_command.py:416} INFO - Running <TaskInstance: austin_animal_shelter_dag.load_data scheduled__2023-11-01T00:00:00+00:00 [running]> on host ad6c889005f6
[2023-11-20T22:32:40.622+0000] {taskinstance.py:1662} INFO - Exporting env vars: AIRFLOW_CTX_DAG_OWNER='***' AIRFLOW_CTX_DAG_ID='austin_animal_shelter_dag' AIRFLOW_CTX_TASK_ID='load_data' AIRFLOW_CTX_EXECUTION_DATE='2023-11-01T00:00:00+00:00' AIRFLOW_CTX_TRY_NUMBER='1' AIRFLOW_CTX_DAG_RUN_ID='scheduled__2023-11-01T00:00:00+00:00'
[2023-11-20T22:32:43.498+0000] {python.py:194} INFO - Done. Returned value was: None
[2023-11-20T22:32:43.543+0000] {taskinstance.py:1400} INFO - Marking task as SUCCESS. dag_id=austin_animal_shelter_dag, task_id=load_data, execution_date=20231101T000000, start_date=20231120T223239, end_date=20231120T223243
[2023-11-20T22:32:43.597+0000] {local_task_job_runner.py:228} INFO - Task exited with return code 0
[2023-11-20T22:32:43.663+0000] {taskinstance.py:2778} INFO - 0 downstream tasks scheduled from follow-on schedule check
[2023-11-20T22:47:52.490+0000] {taskinstance.py:1159} INFO - Dependencies all met for dep_context=non-requeueable deps ti=<TaskInstance: austin_animal_shelter_dag.load_data scheduled__2023-11-01T00:00:00+00:00 [queued]>
[2023-11-20T22:47:52.496+0000] {taskinstance.py:1159} INFO - Dependencies all met for dep_context=requeueable deps ti=<TaskInstance: austin_animal_shelter_dag.load_data scheduled__2023-11-01T00:00:00+00:00 [queued]>
[2023-11-20T22:47:52.497+0000] {taskinstance.py:1361} INFO - Starting attempt 1 of 2
[2023-11-20T22:47:52.529+0000] {taskinstance.py:1382} INFO - Executing <Task(PythonOperator): load_data> on 2023-11-01 00:00:00+00:00
[2023-11-20T22:47:52.541+0000] {standard_task_runner.py:57} INFO - Started process 199 to run task
[2023-11-20T22:47:52.550+0000] {standard_task_runner.py:84} INFO - Running: ['***', 'tasks', 'run', 'austin_animal_shelter_dag', 'load_data', 'scheduled__2023-11-01T00:00:00+00:00', '--job-id', '45', '--raw', '--subdir', 'DAGS_FOLDER/DAG.py', '--cfg-path', '/tmp/tmp0vgwp1ag']
[2023-11-20T22:47:52.558+0000] {standard_task_runner.py:85} INFO - Job 45: Subtask load_data
[2023-11-20T22:47:52.626+0000] {task_command.py:416} INFO - Running <TaskInstance: austin_animal_shelter_dag.load_data scheduled__2023-11-01T00:00:00+00:00 [running]> on host fda681cc78c9
[2023-11-20T22:47:52.713+0000] {taskinstance.py:1662} INFO - Exporting env vars: AIRFLOW_CTX_DAG_OWNER='***' AIRFLOW_CTX_DAG_ID='austin_animal_shelter_dag' AIRFLOW_CTX_TASK_ID='load_data' AIRFLOW_CTX_EXECUTION_DATE='2023-11-01T00:00:00+00:00' AIRFLOW_CTX_TRY_NUMBER='1' AIRFLOW_CTX_DAG_RUN_ID='scheduled__2023-11-01T00:00:00+00:00'
[2023-11-20T22:47:56.911+0000] {python.py:194} INFO - Done. Returned value was: None
[2023-11-20T22:47:56.932+0000] {taskinstance.py:1400} INFO - Marking task as SUCCESS. dag_id=austin_animal_shelter_dag, task_id=load_data, execution_date=20231101T000000, start_date=20231120T224752, end_date=20231120T224756
[2023-11-20T22:47:57.020+0000] {local_task_job_runner.py:228} INFO - Task exited with return code 0
[2023-11-20T22:47:57.058+0000] {taskinstance.py:2778} INFO - 0 downstream tasks scheduled from follow-on schedule check
