[2023-11-20T08:43:28.120+0000] {taskinstance.py:1159} INFO - Dependencies all met for dep_context=non-requeueable deps ti=<TaskInstance: austin_animal_shelter_dag.transform_data scheduled__2023-11-06T00:00:00+00:00 [queued]>
[2023-11-20T08:43:28.132+0000] {taskinstance.py:1159} INFO - Dependencies all met for dep_context=requeueable deps ti=<TaskInstance: austin_animal_shelter_dag.transform_data scheduled__2023-11-06T00:00:00+00:00 [queued]>
[2023-11-20T08:43:28.133+0000] {taskinstance.py:1361} INFO - Starting attempt 1 of 2
[2023-11-20T08:43:28.147+0000] {taskinstance.py:1382} INFO - Executing <Task(PythonOperator): transform_data> on 2023-11-06 00:00:00+00:00
[2023-11-20T08:43:28.151+0000] {standard_task_runner.py:57} INFO - Started process 145 to run task
[2023-11-20T08:43:28.154+0000] {standard_task_runner.py:84} INFO - Running: ['***', 'tasks', 'run', 'austin_animal_shelter_dag', 'transform_data', 'scheduled__2023-11-06T00:00:00+00:00', '--job-id', '30', '--raw', '--subdir', 'DAGS_FOLDER/DAG.py', '--cfg-path', '/tmp/tmpolr23414']
[2023-11-20T08:43:28.158+0000] {standard_task_runner.py:85} INFO - Job 30: Subtask transform_data
[2023-11-20T08:43:28.194+0000] {task_command.py:416} INFO - Running <TaskInstance: austin_animal_shelter_dag.transform_data scheduled__2023-11-06T00:00:00+00:00 [running]> on host c84b35a13244
[2023-11-20T08:43:28.239+0000] {taskinstance.py:1662} INFO - Exporting env vars: AIRFLOW_CTX_DAG_OWNER='***' AIRFLOW_CTX_DAG_ID='austin_animal_shelter_dag' AIRFLOW_CTX_TASK_ID='transform_data' AIRFLOW_CTX_EXECUTION_DATE='2023-11-06T00:00:00+00:00' AIRFLOW_CTX_TRY_NUMBER='1' AIRFLOW_CTX_DAG_RUN_ID='scheduled__2023-11-06T00:00:00+00:00'
[2023-11-20T08:43:30.499+0000] {python.py:194} INFO - Done. Returned value was: None
[2023-11-20T08:43:30.509+0000] {taskinstance.py:1400} INFO - Marking task as SUCCESS. dag_id=austin_animal_shelter_dag, task_id=transform_data, execution_date=20231106T000000, start_date=20231120T084328, end_date=20231120T084330
[2023-11-20T08:43:30.554+0000] {local_task_job_runner.py:228} INFO - Task exited with return code 0
[2023-11-20T08:43:30.575+0000] {taskinstance.py:2778} INFO - 1 downstream tasks scheduled from follow-on schedule check
[2023-11-20T08:46:41.987+0000] {taskinstance.py:1159} INFO - Dependencies all met for dep_context=non-requeueable deps ti=<TaskInstance: austin_animal_shelter_dag.transform_data scheduled__2023-11-06T00:00:00+00:00 [queued]>
[2023-11-20T08:46:42.003+0000] {taskinstance.py:1159} INFO - Dependencies all met for dep_context=requeueable deps ti=<TaskInstance: austin_animal_shelter_dag.transform_data scheduled__2023-11-06T00:00:00+00:00 [queued]>
[2023-11-20T08:46:42.004+0000] {taskinstance.py:1361} INFO - Starting attempt 1 of 2
[2023-11-20T08:46:42.028+0000] {taskinstance.py:1382} INFO - Executing <Task(PythonOperator): transform_data> on 2023-11-06 00:00:00+00:00
[2023-11-20T08:46:42.049+0000] {standard_task_runner.py:57} INFO - Started process 141 to run task
[2023-11-20T08:46:42.072+0000] {standard_task_runner.py:84} INFO - Running: ['***', 'tasks', 'run', 'austin_animal_shelter_dag', 'transform_data', 'scheduled__2023-11-06T00:00:00+00:00', '--job-id', '24', '--raw', '--subdir', 'DAGS_FOLDER/DAG.py', '--cfg-path', '/tmp/tmpki58k9y8']
[2023-11-20T08:46:42.090+0000] {standard_task_runner.py:85} INFO - Job 24: Subtask transform_data
[2023-11-20T08:46:42.140+0000] {task_command.py:416} INFO - Running <TaskInstance: austin_animal_shelter_dag.transform_data scheduled__2023-11-06T00:00:00+00:00 [running]> on host d26cbef9e8ab
[2023-11-20T08:46:42.224+0000] {taskinstance.py:1662} INFO - Exporting env vars: AIRFLOW_CTX_DAG_OWNER='***' AIRFLOW_CTX_DAG_ID='austin_animal_shelter_dag' AIRFLOW_CTX_TASK_ID='transform_data' AIRFLOW_CTX_EXECUTION_DATE='2023-11-06T00:00:00+00:00' AIRFLOW_CTX_TRY_NUMBER='1' AIRFLOW_CTX_DAG_RUN_ID='scheduled__2023-11-06T00:00:00+00:00'
[2023-11-20T08:46:43.844+0000] {python.py:194} INFO - Done. Returned value was: None
[2023-11-20T08:46:43.873+0000] {taskinstance.py:1400} INFO - Marking task as SUCCESS. dag_id=austin_animal_shelter_dag, task_id=transform_data, execution_date=20231106T000000, start_date=20231120T084641, end_date=20231120T084643
[2023-11-20T08:46:43.943+0000] {local_task_job_runner.py:228} INFO - Task exited with return code 0
[2023-11-20T08:46:43.985+0000] {taskinstance.py:2778} INFO - 1 downstream tasks scheduled from follow-on schedule check
[2023-11-20T08:50:21.468+0000] {taskinstance.py:1159} INFO - Dependencies all met for dep_context=non-requeueable deps ti=<TaskInstance: austin_animal_shelter_dag.transform_data scheduled__2023-11-06T00:00:00+00:00 [queued]>
[2023-11-20T08:50:21.475+0000] {taskinstance.py:1159} INFO - Dependencies all met for dep_context=requeueable deps ti=<TaskInstance: austin_animal_shelter_dag.transform_data scheduled__2023-11-06T00:00:00+00:00 [queued]>
[2023-11-20T08:50:21.476+0000] {taskinstance.py:1361} INFO - Starting attempt 1 of 2
[2023-11-20T08:50:21.487+0000] {taskinstance.py:1382} INFO - Executing <Task(PythonOperator): transform_data> on 2023-11-06 00:00:00+00:00
[2023-11-20T08:50:21.498+0000] {standard_task_runner.py:57} INFO - Started process 135 to run task
[2023-11-20T08:50:21.506+0000] {standard_task_runner.py:84} INFO - Running: ['***', 'tasks', 'run', 'austin_animal_shelter_dag', 'transform_data', 'scheduled__2023-11-06T00:00:00+00:00', '--job-id', '27', '--raw', '--subdir', 'DAGS_FOLDER/DAG.py', '--cfg-path', '/tmp/tmphv27gxnb']
[2023-11-20T08:50:21.529+0000] {standard_task_runner.py:85} INFO - Job 27: Subtask transform_data
[2023-11-20T08:50:21.604+0000] {task_command.py:416} INFO - Running <TaskInstance: austin_animal_shelter_dag.transform_data scheduled__2023-11-06T00:00:00+00:00 [running]> on host 3ef39241d6e6
[2023-11-20T08:50:21.671+0000] {taskinstance.py:1662} INFO - Exporting env vars: AIRFLOW_CTX_DAG_OWNER='***' AIRFLOW_CTX_DAG_ID='austin_animal_shelter_dag' AIRFLOW_CTX_TASK_ID='transform_data' AIRFLOW_CTX_EXECUTION_DATE='2023-11-06T00:00:00+00:00' AIRFLOW_CTX_TRY_NUMBER='1' AIRFLOW_CTX_DAG_RUN_ID='scheduled__2023-11-06T00:00:00+00:00'
[2023-11-20T08:50:22.920+0000] {python.py:194} INFO - Done. Returned value was: None
[2023-11-20T08:50:22.931+0000] {taskinstance.py:1400} INFO - Marking task as SUCCESS. dag_id=austin_animal_shelter_dag, task_id=transform_data, execution_date=20231106T000000, start_date=20231120T085021, end_date=20231120T085022
[2023-11-20T08:50:22.982+0000] {local_task_job_runner.py:228} INFO - Task exited with return code 0
[2023-11-20T08:50:23.033+0000] {taskinstance.py:2778} INFO - 1 downstream tasks scheduled from follow-on schedule check
[2023-11-20T22:32:31.784+0000] {taskinstance.py:1159} INFO - Dependencies all met for dep_context=non-requeueable deps ti=<TaskInstance: austin_animal_shelter_dag.transform_data scheduled__2023-11-06T00:00:00+00:00 [queued]>
[2023-11-20T22:32:31.816+0000] {taskinstance.py:1159} INFO - Dependencies all met for dep_context=requeueable deps ti=<TaskInstance: austin_animal_shelter_dag.transform_data scheduled__2023-11-06T00:00:00+00:00 [queued]>
[2023-11-20T22:32:31.820+0000] {taskinstance.py:1361} INFO - Starting attempt 1 of 2
[2023-11-20T22:32:31.855+0000] {taskinstance.py:1382} INFO - Executing <Task(PythonOperator): transform_data> on 2023-11-06 00:00:00+00:00
[2023-11-20T22:32:31.868+0000] {standard_task_runner.py:57} INFO - Started process 127 to run task
[2023-11-20T22:32:31.883+0000] {standard_task_runner.py:84} INFO - Running: ['***', 'tasks', 'run', 'austin_animal_shelter_dag', 'transform_data', 'scheduled__2023-11-06T00:00:00+00:00', '--job-id', '85', '--raw', '--subdir', 'DAGS_FOLDER/DAG.py', '--cfg-path', '/tmp/tmph98t5evt']
[2023-11-20T22:32:31.891+0000] {standard_task_runner.py:85} INFO - Job 85: Subtask transform_data
[2023-11-20T22:32:31.988+0000] {task_command.py:416} INFO - Running <TaskInstance: austin_animal_shelter_dag.transform_data scheduled__2023-11-06T00:00:00+00:00 [running]> on host ad6c889005f6
[2023-11-20T22:32:32.173+0000] {taskinstance.py:1662} INFO - Exporting env vars: AIRFLOW_CTX_DAG_OWNER='***' AIRFLOW_CTX_DAG_ID='austin_animal_shelter_dag' AIRFLOW_CTX_TASK_ID='transform_data' AIRFLOW_CTX_EXECUTION_DATE='2023-11-06T00:00:00+00:00' AIRFLOW_CTX_TRY_NUMBER='1' AIRFLOW_CTX_DAG_RUN_ID='scheduled__2023-11-06T00:00:00+00:00'
[2023-11-20T22:32:33.520+0000] {python.py:194} INFO - Done. Returned value was: None
[2023-11-20T22:32:33.586+0000] {taskinstance.py:1400} INFO - Marking task as SUCCESS. dag_id=austin_animal_shelter_dag, task_id=transform_data, execution_date=20231106T000000, start_date=20231120T223231, end_date=20231120T223233
[2023-11-20T22:32:33.667+0000] {local_task_job_runner.py:228} INFO - Task exited with return code 0
[2023-11-20T22:32:33.766+0000] {taskinstance.py:2778} INFO - 1 downstream tasks scheduled from follow-on schedule check
[2023-11-20T22:47:46.910+0000] {taskinstance.py:1159} INFO - Dependencies all met for dep_context=non-requeueable deps ti=<TaskInstance: austin_animal_shelter_dag.transform_data scheduled__2023-11-06T00:00:00+00:00 [queued]>
[2023-11-20T22:47:46.927+0000] {taskinstance.py:1159} INFO - Dependencies all met for dep_context=requeueable deps ti=<TaskInstance: austin_animal_shelter_dag.transform_data scheduled__2023-11-06T00:00:00+00:00 [queued]>
[2023-11-20T22:47:46.928+0000] {taskinstance.py:1361} INFO - Starting attempt 1 of 2
[2023-11-20T22:47:46.950+0000] {taskinstance.py:1382} INFO - Executing <Task(PythonOperator): transform_data> on 2023-11-06 00:00:00+00:00
[2023-11-20T22:47:46.960+0000] {standard_task_runner.py:57} INFO - Started process 164 to run task
[2023-11-20T22:47:46.967+0000] {standard_task_runner.py:84} INFO - Running: ['***', 'tasks', 'run', 'austin_animal_shelter_dag', 'transform_data', 'scheduled__2023-11-06T00:00:00+00:00', '--job-id', '36', '--raw', '--subdir', 'DAGS_FOLDER/DAG.py', '--cfg-path', '/tmp/tmpv220b0xw']
[2023-11-20T22:47:46.974+0000] {standard_task_runner.py:85} INFO - Job 36: Subtask transform_data
[2023-11-20T22:47:47.046+0000] {task_command.py:416} INFO - Running <TaskInstance: austin_animal_shelter_dag.transform_data scheduled__2023-11-06T00:00:00+00:00 [running]> on host fda681cc78c9
[2023-11-20T22:47:47.162+0000] {taskinstance.py:1662} INFO - Exporting env vars: AIRFLOW_CTX_DAG_OWNER='***' AIRFLOW_CTX_DAG_ID='austin_animal_shelter_dag' AIRFLOW_CTX_TASK_ID='transform_data' AIRFLOW_CTX_EXECUTION_DATE='2023-11-06T00:00:00+00:00' AIRFLOW_CTX_TRY_NUMBER='1' AIRFLOW_CTX_DAG_RUN_ID='scheduled__2023-11-06T00:00:00+00:00'
[2023-11-20T22:47:50.158+0000] {python.py:194} INFO - Done. Returned value was: None
[2023-11-20T22:47:50.227+0000] {taskinstance.py:1400} INFO - Marking task as SUCCESS. dag_id=austin_animal_shelter_dag, task_id=transform_data, execution_date=20231106T000000, start_date=20231120T224746, end_date=20231120T224750
[2023-11-20T22:47:50.363+0000] {local_task_job_runner.py:228} INFO - Task exited with return code 0
[2023-11-20T22:47:50.532+0000] {taskinstance.py:2778} INFO - 1 downstream tasks scheduled from follow-on schedule check
