[2023-11-20T08:43:28.154+0000] {taskinstance.py:1159} INFO - Dependencies all met for dep_context=non-requeueable deps ti=<TaskInstance: austin_animal_shelter_dag.transform_data scheduled__2023-11-10T00:00:00+00:00 [queued]>
[2023-11-20T08:43:28.160+0000] {taskinstance.py:1159} INFO - Dependencies all met for dep_context=requeueable deps ti=<TaskInstance: austin_animal_shelter_dag.transform_data scheduled__2023-11-10T00:00:00+00:00 [queued]>
[2023-11-20T08:43:28.161+0000] {taskinstance.py:1361} INFO - Starting attempt 1 of 2
[2023-11-20T08:43:28.171+0000] {taskinstance.py:1382} INFO - Executing <Task(PythonOperator): transform_data> on 2023-11-10 00:00:00+00:00
[2023-11-20T08:43:28.177+0000] {standard_task_runner.py:57} INFO - Started process 147 to run task
[2023-11-20T08:43:28.180+0000] {standard_task_runner.py:84} INFO - Running: ['***', 'tasks', 'run', 'austin_animal_shelter_dag', 'transform_data', 'scheduled__2023-11-10T00:00:00+00:00', '--job-id', '32', '--raw', '--subdir', 'DAGS_FOLDER/DAG.py', '--cfg-path', '/tmp/tmpq5ypmz1_']
[2023-11-20T08:43:28.185+0000] {standard_task_runner.py:85} INFO - Job 32: Subtask transform_data
[2023-11-20T08:43:28.216+0000] {task_command.py:416} INFO - Running <TaskInstance: austin_animal_shelter_dag.transform_data scheduled__2023-11-10T00:00:00+00:00 [running]> on host c84b35a13244
[2023-11-20T08:43:28.265+0000] {taskinstance.py:1662} INFO - Exporting env vars: AIRFLOW_CTX_DAG_OWNER='***' AIRFLOW_CTX_DAG_ID='austin_animal_shelter_dag' AIRFLOW_CTX_TASK_ID='transform_data' AIRFLOW_CTX_EXECUTION_DATE='2023-11-10T00:00:00+00:00' AIRFLOW_CTX_TRY_NUMBER='1' AIRFLOW_CTX_DAG_RUN_ID='scheduled__2023-11-10T00:00:00+00:00'
[2023-11-20T08:43:29.223+0000] {python.py:194} INFO - Done. Returned value was: None
[2023-11-20T08:43:29.254+0000] {taskinstance.py:1400} INFO - Marking task as SUCCESS. dag_id=austin_animal_shelter_dag, task_id=transform_data, execution_date=20231110T000000, start_date=20231120T084328, end_date=20231120T084329
[2023-11-20T08:43:29.330+0000] {local_task_job_runner.py:228} INFO - Task exited with return code 0
[2023-11-20T08:43:29.379+0000] {taskinstance.py:2778} INFO - 1 downstream tasks scheduled from follow-on schedule check
[2023-11-20T08:46:41.876+0000] {taskinstance.py:1159} INFO - Dependencies all met for dep_context=non-requeueable deps ti=<TaskInstance: austin_animal_shelter_dag.transform_data scheduled__2023-11-10T00:00:00+00:00 [queued]>
[2023-11-20T08:46:41.901+0000] {taskinstance.py:1159} INFO - Dependencies all met for dep_context=requeueable deps ti=<TaskInstance: austin_animal_shelter_dag.transform_data scheduled__2023-11-10T00:00:00+00:00 [queued]>
[2023-11-20T08:46:41.907+0000] {taskinstance.py:1361} INFO - Starting attempt 1 of 2
[2023-11-20T08:46:41.939+0000] {taskinstance.py:1382} INFO - Executing <Task(PythonOperator): transform_data> on 2023-11-10 00:00:00+00:00
[2023-11-20T08:46:41.955+0000] {standard_task_runner.py:57} INFO - Started process 136 to run task
[2023-11-20T08:46:41.970+0000] {standard_task_runner.py:84} INFO - Running: ['***', 'tasks', 'run', 'austin_animal_shelter_dag', 'transform_data', 'scheduled__2023-11-10T00:00:00+00:00', '--job-id', '22', '--raw', '--subdir', 'DAGS_FOLDER/DAG.py', '--cfg-path', '/tmp/tmpypfk6yak']
[2023-11-20T08:46:41.975+0000] {standard_task_runner.py:85} INFO - Job 22: Subtask transform_data
[2023-11-20T08:46:42.062+0000] {task_command.py:416} INFO - Running <TaskInstance: austin_animal_shelter_dag.transform_data scheduled__2023-11-10T00:00:00+00:00 [running]> on host d26cbef9e8ab
[2023-11-20T08:46:42.158+0000] {taskinstance.py:1662} INFO - Exporting env vars: AIRFLOW_CTX_DAG_OWNER='***' AIRFLOW_CTX_DAG_ID='austin_animal_shelter_dag' AIRFLOW_CTX_TASK_ID='transform_data' AIRFLOW_CTX_EXECUTION_DATE='2023-11-10T00:00:00+00:00' AIRFLOW_CTX_TRY_NUMBER='1' AIRFLOW_CTX_DAG_RUN_ID='scheduled__2023-11-10T00:00:00+00:00'
[2023-11-20T08:46:43.319+0000] {python.py:194} INFO - Done. Returned value was: None
[2023-11-20T08:46:43.328+0000] {taskinstance.py:1400} INFO - Marking task as SUCCESS. dag_id=austin_animal_shelter_dag, task_id=transform_data, execution_date=20231110T000000, start_date=20231120T084641, end_date=20231120T084643
[2023-11-20T08:46:43.363+0000] {local_task_job_runner.py:228} INFO - Task exited with return code 0
[2023-11-20T08:46:43.377+0000] {taskinstance.py:2778} INFO - 1 downstream tasks scheduled from follow-on schedule check
[2023-11-20T08:50:21.840+0000] {taskinstance.py:1159} INFO - Dependencies all met for dep_context=non-requeueable deps ti=<TaskInstance: austin_animal_shelter_dag.transform_data scheduled__2023-11-10T00:00:00+00:00 [queued]>
[2023-11-20T08:50:21.845+0000] {taskinstance.py:1159} INFO - Dependencies all met for dep_context=requeueable deps ti=<TaskInstance: austin_animal_shelter_dag.transform_data scheduled__2023-11-10T00:00:00+00:00 [queued]>
[2023-11-20T08:50:21.846+0000] {taskinstance.py:1361} INFO - Starting attempt 1 of 2
[2023-11-20T08:50:21.852+0000] {taskinstance.py:1382} INFO - Executing <Task(PythonOperator): transform_data> on 2023-11-10 00:00:00+00:00
[2023-11-20T08:50:21.856+0000] {standard_task_runner.py:57} INFO - Started process 139 to run task
[2023-11-20T08:50:21.859+0000] {standard_task_runner.py:84} INFO - Running: ['***', 'tasks', 'run', 'austin_animal_shelter_dag', 'transform_data', 'scheduled__2023-11-10T00:00:00+00:00', '--job-id', '28', '--raw', '--subdir', 'DAGS_FOLDER/DAG.py', '--cfg-path', '/tmp/tmpyzw36p8o']
[2023-11-20T08:50:21.862+0000] {standard_task_runner.py:85} INFO - Job 28: Subtask transform_data
[2023-11-20T08:50:21.894+0000] {task_command.py:416} INFO - Running <TaskInstance: austin_animal_shelter_dag.transform_data scheduled__2023-11-10T00:00:00+00:00 [running]> on host 3ef39241d6e6
[2023-11-20T08:50:21.937+0000] {taskinstance.py:1662} INFO - Exporting env vars: AIRFLOW_CTX_DAG_OWNER='***' AIRFLOW_CTX_DAG_ID='austin_animal_shelter_dag' AIRFLOW_CTX_TASK_ID='transform_data' AIRFLOW_CTX_EXECUTION_DATE='2023-11-10T00:00:00+00:00' AIRFLOW_CTX_TRY_NUMBER='1' AIRFLOW_CTX_DAG_RUN_ID='scheduled__2023-11-10T00:00:00+00:00'
[2023-11-20T08:50:23.129+0000] {python.py:194} INFO - Done. Returned value was: None
[2023-11-20T08:50:23.140+0000] {taskinstance.py:1400} INFO - Marking task as SUCCESS. dag_id=austin_animal_shelter_dag, task_id=transform_data, execution_date=20231110T000000, start_date=20231120T085021, end_date=20231120T085023
[2023-11-20T08:50:23.203+0000] {local_task_job_runner.py:228} INFO - Task exited with return code 0
[2023-11-20T08:50:23.239+0000] {taskinstance.py:2778} INFO - 1 downstream tasks scheduled from follow-on schedule check
[2023-11-20T22:32:34.458+0000] {taskinstance.py:1159} INFO - Dependencies all met for dep_context=non-requeueable deps ti=<TaskInstance: austin_animal_shelter_dag.transform_data scheduled__2023-11-10T00:00:00+00:00 [queued]>
[2023-11-20T22:32:34.482+0000] {taskinstance.py:1159} INFO - Dependencies all met for dep_context=requeueable deps ti=<TaskInstance: austin_animal_shelter_dag.transform_data scheduled__2023-11-10T00:00:00+00:00 [queued]>
[2023-11-20T22:32:34.488+0000] {taskinstance.py:1361} INFO - Starting attempt 1 of 2
[2023-11-20T22:32:34.512+0000] {taskinstance.py:1382} INFO - Executing <Task(PythonOperator): transform_data> on 2023-11-10 00:00:00+00:00
[2023-11-20T22:32:34.522+0000] {standard_task_runner.py:57} INFO - Started process 153 to run task
[2023-11-20T22:32:34.530+0000] {standard_task_runner.py:84} INFO - Running: ['***', 'tasks', 'run', 'austin_animal_shelter_dag', 'transform_data', 'scheduled__2023-11-10T00:00:00+00:00', '--job-id', '93', '--raw', '--subdir', 'DAGS_FOLDER/DAG.py', '--cfg-path', '/tmp/tmp7c8uefy3']
[2023-11-20T22:32:34.539+0000] {standard_task_runner.py:85} INFO - Job 93: Subtask transform_data
[2023-11-20T22:32:34.725+0000] {task_command.py:416} INFO - Running <TaskInstance: austin_animal_shelter_dag.transform_data scheduled__2023-11-10T00:00:00+00:00 [running]> on host ad6c889005f6
[2023-11-20T22:32:35.111+0000] {taskinstance.py:1662} INFO - Exporting env vars: AIRFLOW_CTX_DAG_OWNER='***' AIRFLOW_CTX_DAG_ID='austin_animal_shelter_dag' AIRFLOW_CTX_TASK_ID='transform_data' AIRFLOW_CTX_EXECUTION_DATE='2023-11-10T00:00:00+00:00' AIRFLOW_CTX_TRY_NUMBER='1' AIRFLOW_CTX_DAG_RUN_ID='scheduled__2023-11-10T00:00:00+00:00'
[2023-11-20T22:32:36.518+0000] {python.py:194} INFO - Done. Returned value was: None
[2023-11-20T22:32:36.653+0000] {taskinstance.py:1400} INFO - Marking task as SUCCESS. dag_id=austin_animal_shelter_dag, task_id=transform_data, execution_date=20231110T000000, start_date=20231120T223234, end_date=20231120T223236
[2023-11-20T22:32:36.935+0000] {local_task_job_runner.py:228} INFO - Task exited with return code 0
[2023-11-20T22:32:37.141+0000] {taskinstance.py:2778} INFO - 1 downstream tasks scheduled from follow-on schedule check
[2023-11-20T22:47:46.866+0000] {taskinstance.py:1159} INFO - Dependencies all met for dep_context=non-requeueable deps ti=<TaskInstance: austin_animal_shelter_dag.transform_data scheduled__2023-11-10T00:00:00+00:00 [queued]>
[2023-11-20T22:47:46.879+0000] {taskinstance.py:1159} INFO - Dependencies all met for dep_context=requeueable deps ti=<TaskInstance: austin_animal_shelter_dag.transform_data scheduled__2023-11-10T00:00:00+00:00 [queued]>
[2023-11-20T22:47:46.880+0000] {taskinstance.py:1361} INFO - Starting attempt 1 of 2
[2023-11-20T22:47:46.897+0000] {taskinstance.py:1382} INFO - Executing <Task(PythonOperator): transform_data> on 2023-11-10 00:00:00+00:00
[2023-11-20T22:47:46.906+0000] {standard_task_runner.py:57} INFO - Started process 161 to run task
[2023-11-20T22:47:46.916+0000] {standard_task_runner.py:84} INFO - Running: ['***', 'tasks', 'run', 'austin_animal_shelter_dag', 'transform_data', 'scheduled__2023-11-10T00:00:00+00:00', '--job-id', '35', '--raw', '--subdir', 'DAGS_FOLDER/DAG.py', '--cfg-path', '/tmp/tmpt89lyi8x']
[2023-11-20T22:47:46.936+0000] {standard_task_runner.py:85} INFO - Job 35: Subtask transform_data
[2023-11-20T22:47:47.027+0000] {task_command.py:416} INFO - Running <TaskInstance: austin_animal_shelter_dag.transform_data scheduled__2023-11-10T00:00:00+00:00 [running]> on host fda681cc78c9
[2023-11-20T22:47:47.124+0000] {taskinstance.py:1662} INFO - Exporting env vars: AIRFLOW_CTX_DAG_OWNER='***' AIRFLOW_CTX_DAG_ID='austin_animal_shelter_dag' AIRFLOW_CTX_TASK_ID='transform_data' AIRFLOW_CTX_EXECUTION_DATE='2023-11-10T00:00:00+00:00' AIRFLOW_CTX_TRY_NUMBER='1' AIRFLOW_CTX_DAG_RUN_ID='scheduled__2023-11-10T00:00:00+00:00'
[2023-11-20T22:47:50.013+0000] {python.py:194} INFO - Done. Returned value was: None
[2023-11-20T22:47:50.100+0000] {taskinstance.py:1400} INFO - Marking task as SUCCESS. dag_id=austin_animal_shelter_dag, task_id=transform_data, execution_date=20231110T000000, start_date=20231120T224746, end_date=20231120T224750
[2023-11-20T22:47:50.237+0000] {local_task_job_runner.py:228} INFO - Task exited with return code 0
[2023-11-20T22:47:50.458+0000] {taskinstance.py:2778} INFO - 1 downstream tasks scheduled from follow-on schedule check
