[2023-11-20T08:46:54.976+0000] {taskinstance.py:1159} INFO - Dependencies all met for dep_context=non-requeueable deps ti=<TaskInstance: austin_animal_shelter_dag.load_data scheduled__2023-11-17T00:00:00+00:00 [queued]>
[2023-11-20T08:46:54.979+0000] {taskinstance.py:1159} INFO - Dependencies all met for dep_context=requeueable deps ti=<TaskInstance: austin_animal_shelter_dag.load_data scheduled__2023-11-17T00:00:00+00:00 [queued]>
[2023-11-20T08:46:54.979+0000] {taskinstance.py:1361} INFO - Starting attempt 1 of 2
[2023-11-20T08:46:54.984+0000] {taskinstance.py:1382} INFO - Executing <Task(PythonOperator): load_data> on 2023-11-17 00:00:00+00:00
[2023-11-20T08:46:54.987+0000] {standard_task_runner.py:57} INFO - Started process 216 to run task
[2023-11-20T08:46:54.989+0000] {standard_task_runner.py:84} INFO - Running: ['***', 'tasks', 'run', 'austin_animal_shelter_dag', 'load_data', 'scheduled__2023-11-17T00:00:00+00:00', '--job-id', '53', '--raw', '--subdir', 'DAGS_FOLDER/DAG.py', '--cfg-path', '/tmp/tmpay_kiw_f']
[2023-11-20T08:46:54.990+0000] {standard_task_runner.py:85} INFO - Job 53: Subtask load_data
[2023-11-20T08:46:55.008+0000] {task_command.py:416} INFO - Running <TaskInstance: austin_animal_shelter_dag.load_data scheduled__2023-11-17T00:00:00+00:00 [running]> on host d26cbef9e8ab
[2023-11-20T08:46:55.037+0000] {taskinstance.py:1662} INFO - Exporting env vars: AIRFLOW_CTX_DAG_OWNER='***' AIRFLOW_CTX_DAG_ID='austin_animal_shelter_dag' AIRFLOW_CTX_TASK_ID='load_data' AIRFLOW_CTX_EXECUTION_DATE='2023-11-17T00:00:00+00:00' AIRFLOW_CTX_TRY_NUMBER='1' AIRFLOW_CTX_DAG_RUN_ID='scheduled__2023-11-17T00:00:00+00:00'
[2023-11-20T08:46:57.461+0000] {python.py:194} INFO - Done. Returned value was: None
[2023-11-20T08:46:57.466+0000] {taskinstance.py:1400} INFO - Marking task as SUCCESS. dag_id=austin_animal_shelter_dag, task_id=load_data, execution_date=20231117T000000, start_date=20231120T084654, end_date=20231120T084657
[2023-11-20T08:46:57.497+0000] {local_task_job_runner.py:228} INFO - Task exited with return code 0
[2023-11-20T08:46:57.506+0000] {taskinstance.py:2778} INFO - 0 downstream tasks scheduled from follow-on schedule check
[2023-11-20T08:50:35.620+0000] {taskinstance.py:1159} INFO - Dependencies all met for dep_context=non-requeueable deps ti=<TaskInstance: austin_animal_shelter_dag.load_data scheduled__2023-11-17T00:00:00+00:00 [queued]>
[2023-11-20T08:50:35.624+0000] {taskinstance.py:1159} INFO - Dependencies all met for dep_context=requeueable deps ti=<TaskInstance: austin_animal_shelter_dag.load_data scheduled__2023-11-17T00:00:00+00:00 [queued]>
[2023-11-20T08:50:35.624+0000] {taskinstance.py:1361} INFO - Starting attempt 1 of 2
[2023-11-20T08:50:35.628+0000] {taskinstance.py:1382} INFO - Executing <Task(PythonOperator): load_data> on 2023-11-17 00:00:00+00:00
[2023-11-20T08:50:35.631+0000] {standard_task_runner.py:57} INFO - Started process 222 to run task
[2023-11-20T08:50:35.633+0000] {standard_task_runner.py:84} INFO - Running: ['***', 'tasks', 'run', 'austin_animal_shelter_dag', 'load_data', 'scheduled__2023-11-17T00:00:00+00:00', '--job-id', '55', '--raw', '--subdir', 'DAGS_FOLDER/DAG.py', '--cfg-path', '/tmp/tmp8fe57mh9']
[2023-11-20T08:50:35.635+0000] {standard_task_runner.py:85} INFO - Job 55: Subtask load_data
[2023-11-20T08:50:35.653+0000] {task_command.py:416} INFO - Running <TaskInstance: austin_animal_shelter_dag.load_data scheduled__2023-11-17T00:00:00+00:00 [running]> on host 3ef39241d6e6
[2023-11-20T08:50:35.683+0000] {taskinstance.py:1662} INFO - Exporting env vars: AIRFLOW_CTX_DAG_OWNER='***' AIRFLOW_CTX_DAG_ID='austin_animal_shelter_dag' AIRFLOW_CTX_TASK_ID='load_data' AIRFLOW_CTX_EXECUTION_DATE='2023-11-17T00:00:00+00:00' AIRFLOW_CTX_TRY_NUMBER='1' AIRFLOW_CTX_DAG_RUN_ID='scheduled__2023-11-17T00:00:00+00:00'
[2023-11-20T08:50:38.311+0000] {python.py:194} INFO - Done. Returned value was: None
[2023-11-20T08:50:38.331+0000] {taskinstance.py:1400} INFO - Marking task as SUCCESS. dag_id=austin_animal_shelter_dag, task_id=load_data, execution_date=20231117T000000, start_date=20231120T085035, end_date=20231120T085038
[2023-11-20T08:50:38.385+0000] {local_task_job_runner.py:228} INFO - Task exited with return code 0
[2023-11-20T08:50:38.409+0000] {taskinstance.py:2778} INFO - 0 downstream tasks scheduled from follow-on schedule check
[2023-11-20T22:32:54.833+0000] {taskinstance.py:1159} INFO - Dependencies all met for dep_context=non-requeueable deps ti=<TaskInstance: austin_animal_shelter_dag.load_data scheduled__2023-11-17T00:00:00+00:00 [queued]>
[2023-11-20T22:32:54.839+0000] {taskinstance.py:1159} INFO - Dependencies all met for dep_context=requeueable deps ti=<TaskInstance: austin_animal_shelter_dag.load_data scheduled__2023-11-17T00:00:00+00:00 [queued]>
[2023-11-20T22:32:54.839+0000] {taskinstance.py:1361} INFO - Starting attempt 1 of 2
[2023-11-20T22:32:54.846+0000] {taskinstance.py:1382} INFO - Executing <Task(PythonOperator): load_data> on 2023-11-17 00:00:00+00:00
[2023-11-20T22:32:54.851+0000] {standard_task_runner.py:57} INFO - Started process 246 to run task
[2023-11-20T22:32:54.858+0000] {standard_task_runner.py:84} INFO - Running: ['***', 'tasks', 'run', 'austin_animal_shelter_dag', 'load_data', 'scheduled__2023-11-17T00:00:00+00:00', '--job-id', '125', '--raw', '--subdir', 'DAGS_FOLDER/DAG.py', '--cfg-path', '/tmp/tmpvktv8iwp']
[2023-11-20T22:32:54.861+0000] {standard_task_runner.py:85} INFO - Job 125: Subtask load_data
[2023-11-20T22:32:54.891+0000] {task_command.py:416} INFO - Running <TaskInstance: austin_animal_shelter_dag.load_data scheduled__2023-11-17T00:00:00+00:00 [running]> on host ad6c889005f6
[2023-11-20T22:32:54.938+0000] {taskinstance.py:1662} INFO - Exporting env vars: AIRFLOW_CTX_DAG_OWNER='***' AIRFLOW_CTX_DAG_ID='austin_animal_shelter_dag' AIRFLOW_CTX_TASK_ID='load_data' AIRFLOW_CTX_EXECUTION_DATE='2023-11-17T00:00:00+00:00' AIRFLOW_CTX_TRY_NUMBER='1' AIRFLOW_CTX_DAG_RUN_ID='scheduled__2023-11-17T00:00:00+00:00'
[2023-11-20T22:32:57.516+0000] {python.py:194} INFO - Done. Returned value was: None
[2023-11-20T22:32:57.529+0000] {taskinstance.py:1400} INFO - Marking task as SUCCESS. dag_id=austin_animal_shelter_dag, task_id=load_data, execution_date=20231117T000000, start_date=20231120T223254, end_date=20231120T223257
[2023-11-20T22:32:57.563+0000] {local_task_job_runner.py:228} INFO - Task exited with return code 0
[2023-11-20T22:32:57.577+0000] {taskinstance.py:2778} INFO - 0 downstream tasks scheduled from follow-on schedule check
[2023-11-20T22:48:01.523+0000] {taskinstance.py:1159} INFO - Dependencies all met for dep_context=non-requeueable deps ti=<TaskInstance: austin_animal_shelter_dag.load_data scheduled__2023-11-17T00:00:00+00:00 [queued]>
[2023-11-20T22:48:01.530+0000] {taskinstance.py:1159} INFO - Dependencies all met for dep_context=requeueable deps ti=<TaskInstance: austin_animal_shelter_dag.load_data scheduled__2023-11-17T00:00:00+00:00 [queued]>
[2023-11-20T22:48:01.530+0000] {taskinstance.py:1361} INFO - Starting attempt 1 of 2
[2023-11-20T22:48:01.539+0000] {taskinstance.py:1382} INFO - Executing <Task(PythonOperator): load_data> on 2023-11-17 00:00:00+00:00
[2023-11-20T22:48:01.544+0000] {standard_task_runner.py:57} INFO - Started process 230 to run task
[2023-11-20T22:48:01.548+0000] {standard_task_runner.py:84} INFO - Running: ['***', 'tasks', 'run', 'austin_animal_shelter_dag', 'load_data', 'scheduled__2023-11-17T00:00:00+00:00', '--job-id', '56', '--raw', '--subdir', 'DAGS_FOLDER/DAG.py', '--cfg-path', '/tmp/tmpxkw3apn4']
[2023-11-20T22:48:01.551+0000] {standard_task_runner.py:85} INFO - Job 56: Subtask load_data
[2023-11-20T22:48:01.583+0000] {task_command.py:416} INFO - Running <TaskInstance: austin_animal_shelter_dag.load_data scheduled__2023-11-17T00:00:00+00:00 [running]> on host fda681cc78c9
[2023-11-20T22:48:01.632+0000] {taskinstance.py:1662} INFO - Exporting env vars: AIRFLOW_CTX_DAG_OWNER='***' AIRFLOW_CTX_DAG_ID='austin_animal_shelter_dag' AIRFLOW_CTX_TASK_ID='load_data' AIRFLOW_CTX_EXECUTION_DATE='2023-11-17T00:00:00+00:00' AIRFLOW_CTX_TRY_NUMBER='1' AIRFLOW_CTX_DAG_RUN_ID='scheduled__2023-11-17T00:00:00+00:00'
[2023-11-20T22:48:05.007+0000] {python.py:194} INFO - Done. Returned value was: None
[2023-11-20T22:48:05.021+0000] {taskinstance.py:1400} INFO - Marking task as SUCCESS. dag_id=austin_animal_shelter_dag, task_id=load_data, execution_date=20231117T000000, start_date=20231120T224801, end_date=20231120T224805
[2023-11-20T22:48:05.045+0000] {local_task_job_runner.py:228} INFO - Task exited with return code 0
[2023-11-20T22:48:05.066+0000] {taskinstance.py:2778} INFO - 0 downstream tasks scheduled from follow-on schedule check
