[2023-11-20T08:43:32.641+0000] {taskinstance.py:1159} INFO - Dependencies all met for dep_context=non-requeueable deps ti=<TaskInstance: austin_animal_shelter_dag.load_data scheduled__2023-11-15T00:00:00+00:00 [queued]>
[2023-11-20T08:43:32.645+0000] {taskinstance.py:1159} INFO - Dependencies all met for dep_context=requeueable deps ti=<TaskInstance: austin_animal_shelter_dag.load_data scheduled__2023-11-15T00:00:00+00:00 [queued]>
[2023-11-20T08:43:32.645+0000] {taskinstance.py:1361} INFO - Starting attempt 1 of 2
[2023-11-20T08:43:32.650+0000] {taskinstance.py:1382} INFO - Executing <Task(PythonOperator): load_data> on 2023-11-15 00:00:00+00:00
[2023-11-20T08:43:32.652+0000] {standard_task_runner.py:57} INFO - Started process 199 to run task
[2023-11-20T08:43:32.654+0000] {standard_task_runner.py:84} INFO - Running: ['***', 'tasks', 'run', 'austin_animal_shelter_dag', 'load_data', 'scheduled__2023-11-15T00:00:00+00:00', '--job-id', '50', '--raw', '--subdir', 'DAGS_FOLDER/DAG.py', '--cfg-path', '/tmp/tmpx6j2otov']
[2023-11-20T08:43:32.657+0000] {standard_task_runner.py:85} INFO - Job 50: Subtask load_data
[2023-11-20T08:43:32.675+0000] {task_command.py:416} INFO - Running <TaskInstance: austin_animal_shelter_dag.load_data scheduled__2023-11-15T00:00:00+00:00 [running]> on host c84b35a13244
[2023-11-20T08:43:32.700+0000] {taskinstance.py:1662} INFO - Exporting env vars: AIRFLOW_CTX_DAG_OWNER='***' AIRFLOW_CTX_DAG_ID='austin_animal_shelter_dag' AIRFLOW_CTX_TASK_ID='load_data' AIRFLOW_CTX_EXECUTION_DATE='2023-11-15T00:00:00+00:00' AIRFLOW_CTX_TRY_NUMBER='1' AIRFLOW_CTX_DAG_RUN_ID='scheduled__2023-11-15T00:00:00+00:00'
[2023-11-20T08:43:33.299+0000] {taskinstance.py:1937} ERROR - Task failed with exception
Traceback (most recent call last):
  File "/home/airflow/.local/lib/python3.8/site-packages/airflow/operators/python.py", line 192, in execute
    return_value = self.execute_callable()
  File "/home/airflow/.local/lib/python3.8/site-packages/airflow/operators/python.py", line 209, in execute_callable
    return self.python_callable(*self.op_args, **self.op_kwargs)
  File "/opt/airflow/dags/Scripts/etl.py", line 179, in load_data
    engine = create_engine(DATABASE_URL)
  File "<string>", line 2, in create_engine
  File "/home/airflow/.local/lib/python3.8/site-packages/sqlalchemy/util/deprecations.py", line 375, in warned
    return fn(*args, **kwargs)
  File "/home/airflow/.local/lib/python3.8/site-packages/sqlalchemy/engine/create.py", line 514, in create_engine
    u = _url.make_url(url)
  File "/home/airflow/.local/lib/python3.8/site-packages/sqlalchemy/engine/url.py", line 738, in make_url
    return _parse_url(name_or_url)
  File "/home/airflow/.local/lib/python3.8/site-packages/sqlalchemy/engine/url.py", line 794, in _parse_url
    components["port"] = int(components["port"])
ValueError: invalid literal for int() with base 10: '{}'
[2023-11-20T08:43:33.307+0000] {taskinstance.py:1400} INFO - Marking task as UP_FOR_RETRY. dag_id=austin_animal_shelter_dag, task_id=load_data, execution_date=20231115T000000, start_date=20231120T084332, end_date=20231120T084333
[2023-11-20T08:43:33.317+0000] {standard_task_runner.py:104} ERROR - Failed to execute job 50 for task load_data (invalid literal for int() with base 10: '{}'; 199)
[2023-11-20T08:43:33.362+0000] {local_task_job_runner.py:228} INFO - Task exited with return code 1
[2023-11-20T08:43:33.381+0000] {taskinstance.py:2778} INFO - 0 downstream tasks scheduled from follow-on schedule check
[2023-11-20T08:46:44.599+0000] {taskinstance.py:1159} INFO - Dependencies all met for dep_context=non-requeueable deps ti=<TaskInstance: austin_animal_shelter_dag.load_data scheduled__2023-11-15T00:00:00+00:00 [queued]>
[2023-11-20T08:46:44.632+0000] {taskinstance.py:1159} INFO - Dependencies all met for dep_context=requeueable deps ti=<TaskInstance: austin_animal_shelter_dag.load_data scheduled__2023-11-15T00:00:00+00:00 [queued]>
[2023-11-20T08:46:44.640+0000] {taskinstance.py:1361} INFO - Starting attempt 1 of 2
[2023-11-20T08:46:44.785+0000] {taskinstance.py:1382} INFO - Executing <Task(PythonOperator): load_data> on 2023-11-15 00:00:00+00:00
[2023-11-20T08:46:44.792+0000] {standard_task_runner.py:57} INFO - Started process 190 to run task
[2023-11-20T08:46:44.803+0000] {standard_task_runner.py:84} INFO - Running: ['***', 'tasks', 'run', 'austin_animal_shelter_dag', 'load_data', 'scheduled__2023-11-15T00:00:00+00:00', '--job-id', '37', '--raw', '--subdir', 'DAGS_FOLDER/DAG.py', '--cfg-path', '/tmp/tmpwwgbnts0']
[2023-11-20T08:46:44.815+0000] {standard_task_runner.py:85} INFO - Job 37: Subtask load_data
[2023-11-20T08:46:44.960+0000] {task_command.py:416} INFO - Running <TaskInstance: austin_animal_shelter_dag.load_data scheduled__2023-11-15T00:00:00+00:00 [running]> on host d26cbef9e8ab
[2023-11-20T08:46:45.059+0000] {taskinstance.py:1662} INFO - Exporting env vars: AIRFLOW_CTX_DAG_OWNER='***' AIRFLOW_CTX_DAG_ID='austin_animal_shelter_dag' AIRFLOW_CTX_TASK_ID='load_data' AIRFLOW_CTX_EXECUTION_DATE='2023-11-15T00:00:00+00:00' AIRFLOW_CTX_TRY_NUMBER='1' AIRFLOW_CTX_DAG_RUN_ID='scheduled__2023-11-15T00:00:00+00:00'
[2023-11-20T08:46:47.868+0000] {python.py:194} INFO - Done. Returned value was: None
[2023-11-20T08:46:47.880+0000] {taskinstance.py:1400} INFO - Marking task as SUCCESS. dag_id=austin_animal_shelter_dag, task_id=load_data, execution_date=20231115T000000, start_date=20231120T084644, end_date=20231120T084647
[2023-11-20T08:46:47.920+0000] {local_task_job_runner.py:228} INFO - Task exited with return code 0
[2023-11-20T08:46:47.942+0000] {taskinstance.py:2778} INFO - 0 downstream tasks scheduled from follow-on schedule check
[2023-11-20T08:50:25.969+0000] {taskinstance.py:1159} INFO - Dependencies all met for dep_context=non-requeueable deps ti=<TaskInstance: austin_animal_shelter_dag.load_data scheduled__2023-11-15T00:00:00+00:00 [queued]>
[2023-11-20T08:50:25.973+0000] {taskinstance.py:1159} INFO - Dependencies all met for dep_context=requeueable deps ti=<TaskInstance: austin_animal_shelter_dag.load_data scheduled__2023-11-15T00:00:00+00:00 [queued]>
[2023-11-20T08:50:25.973+0000] {taskinstance.py:1361} INFO - Starting attempt 1 of 2
[2023-11-20T08:50:25.979+0000] {taskinstance.py:1382} INFO - Executing <Task(PythonOperator): load_data> on 2023-11-15 00:00:00+00:00
[2023-11-20T08:50:25.983+0000] {standard_task_runner.py:57} INFO - Started process 207 to run task
[2023-11-20T08:50:25.986+0000] {standard_task_runner.py:84} INFO - Running: ['***', 'tasks', 'run', 'austin_animal_shelter_dag', 'load_data', 'scheduled__2023-11-15T00:00:00+00:00', '--job-id', '50', '--raw', '--subdir', 'DAGS_FOLDER/DAG.py', '--cfg-path', '/tmp/tmpw81muv7p']
[2023-11-20T08:50:25.989+0000] {standard_task_runner.py:85} INFO - Job 50: Subtask load_data
[2023-11-20T08:50:26.015+0000] {task_command.py:416} INFO - Running <TaskInstance: austin_animal_shelter_dag.load_data scheduled__2023-11-15T00:00:00+00:00 [running]> on host 3ef39241d6e6
[2023-11-20T08:50:26.061+0000] {taskinstance.py:1662} INFO - Exporting env vars: AIRFLOW_CTX_DAG_OWNER='***' AIRFLOW_CTX_DAG_ID='austin_animal_shelter_dag' AIRFLOW_CTX_TASK_ID='load_data' AIRFLOW_CTX_EXECUTION_DATE='2023-11-15T00:00:00+00:00' AIRFLOW_CTX_TRY_NUMBER='1' AIRFLOW_CTX_DAG_RUN_ID='scheduled__2023-11-15T00:00:00+00:00'
[2023-11-20T08:50:29.210+0000] {python.py:194} INFO - Done. Returned value was: None
[2023-11-20T08:50:29.216+0000] {taskinstance.py:1400} INFO - Marking task as SUCCESS. dag_id=austin_animal_shelter_dag, task_id=load_data, execution_date=20231115T000000, start_date=20231120T085025, end_date=20231120T085029
[2023-11-20T08:50:29.231+0000] {local_task_job_runner.py:228} INFO - Task exited with return code 0
[2023-11-20T08:50:29.243+0000] {taskinstance.py:2778} INFO - 0 downstream tasks scheduled from follow-on schedule check
[2023-11-20T22:32:37.585+0000] {taskinstance.py:1159} INFO - Dependencies all met for dep_context=non-requeueable deps ti=<TaskInstance: austin_animal_shelter_dag.load_data scheduled__2023-11-15T00:00:00+00:00 [queued]>
[2023-11-20T22:32:37.633+0000] {taskinstance.py:1159} INFO - Dependencies all met for dep_context=requeueable deps ti=<TaskInstance: austin_animal_shelter_dag.load_data scheduled__2023-11-15T00:00:00+00:00 [queued]>
[2023-11-20T22:32:37.637+0000] {taskinstance.py:1361} INFO - Starting attempt 1 of 2
[2023-11-20T22:32:37.754+0000] {taskinstance.py:1382} INFO - Executing <Task(PythonOperator): load_data> on 2023-11-15 00:00:00+00:00
[2023-11-20T22:32:37.769+0000] {standard_task_runner.py:57} INFO - Started process 188 to run task
[2023-11-20T22:32:37.796+0000] {standard_task_runner.py:84} INFO - Running: ['***', 'tasks', 'run', 'austin_animal_shelter_dag', 'load_data', 'scheduled__2023-11-15T00:00:00+00:00', '--job-id', '104', '--raw', '--subdir', 'DAGS_FOLDER/DAG.py', '--cfg-path', '/tmp/tmpgy7cvvf2']
[2023-11-20T22:32:37.817+0000] {standard_task_runner.py:85} INFO - Job 104: Subtask load_data
[2023-11-20T22:32:38.048+0000] {task_command.py:416} INFO - Running <TaskInstance: austin_animal_shelter_dag.load_data scheduled__2023-11-15T00:00:00+00:00 [running]> on host ad6c889005f6
[2023-11-20T22:32:38.268+0000] {taskinstance.py:1662} INFO - Exporting env vars: AIRFLOW_CTX_DAG_OWNER='***' AIRFLOW_CTX_DAG_ID='austin_animal_shelter_dag' AIRFLOW_CTX_TASK_ID='load_data' AIRFLOW_CTX_EXECUTION_DATE='2023-11-15T00:00:00+00:00' AIRFLOW_CTX_TRY_NUMBER='1' AIRFLOW_CTX_DAG_RUN_ID='scheduled__2023-11-15T00:00:00+00:00'
[2023-11-20T22:32:41.398+0000] {python.py:194} INFO - Done. Returned value was: None
[2023-11-20T22:32:41.429+0000] {taskinstance.py:1400} INFO - Marking task as SUCCESS. dag_id=austin_animal_shelter_dag, task_id=load_data, execution_date=20231115T000000, start_date=20231120T223237, end_date=20231120T223241
[2023-11-20T22:32:41.545+0000] {local_task_job_runner.py:228} INFO - Task exited with return code 0
[2023-11-20T22:32:41.675+0000] {taskinstance.py:2778} INFO - 0 downstream tasks scheduled from follow-on schedule check
[2023-11-20T22:47:48.426+0000] {taskinstance.py:1159} INFO - Dependencies all met for dep_context=non-requeueable deps ti=<TaskInstance: austin_animal_shelter_dag.load_data scheduled__2023-11-15T00:00:00+00:00 [queued]>
[2023-11-20T22:47:48.445+0000] {taskinstance.py:1159} INFO - Dependencies all met for dep_context=requeueable deps ti=<TaskInstance: austin_animal_shelter_dag.load_data scheduled__2023-11-15T00:00:00+00:00 [queued]>
[2023-11-20T22:47:48.449+0000] {taskinstance.py:1361} INFO - Starting attempt 1 of 2
[2023-11-20T22:47:48.481+0000] {taskinstance.py:1382} INFO - Executing <Task(PythonOperator): load_data> on 2023-11-15 00:00:00+00:00
[2023-11-20T22:47:48.490+0000] {standard_task_runner.py:57} INFO - Started process 173 to run task
[2023-11-20T22:47:48.500+0000] {standard_task_runner.py:84} INFO - Running: ['***', 'tasks', 'run', 'austin_animal_shelter_dag', 'load_data', 'scheduled__2023-11-15T00:00:00+00:00', '--job-id', '38', '--raw', '--subdir', 'DAGS_FOLDER/DAG.py', '--cfg-path', '/tmp/tmp8ub3w3zu']
[2023-11-20T22:47:48.510+0000] {standard_task_runner.py:85} INFO - Job 38: Subtask load_data
[2023-11-20T22:47:48.637+0000] {task_command.py:416} INFO - Running <TaskInstance: austin_animal_shelter_dag.load_data scheduled__2023-11-15T00:00:00+00:00 [running]> on host fda681cc78c9
[2023-11-20T22:47:48.720+0000] {taskinstance.py:1662} INFO - Exporting env vars: AIRFLOW_CTX_DAG_OWNER='***' AIRFLOW_CTX_DAG_ID='austin_animal_shelter_dag' AIRFLOW_CTX_TASK_ID='load_data' AIRFLOW_CTX_EXECUTION_DATE='2023-11-15T00:00:00+00:00' AIRFLOW_CTX_TRY_NUMBER='1' AIRFLOW_CTX_DAG_RUN_ID='scheduled__2023-11-15T00:00:00+00:00'
[2023-11-20T22:47:53.603+0000] {python.py:194} INFO - Done. Returned value was: None
[2023-11-20T22:47:53.648+0000] {taskinstance.py:1400} INFO - Marking task as SUCCESS. dag_id=austin_animal_shelter_dag, task_id=load_data, execution_date=20231115T000000, start_date=20231120T224748, end_date=20231120T224753
[2023-11-20T22:47:53.732+0000] {local_task_job_runner.py:228} INFO - Task exited with return code 0
[2023-11-20T22:47:53.807+0000] {taskinstance.py:2778} INFO - 0 downstream tasks scheduled from follow-on schedule check
