[2023-11-19T23:20:27.354+0000] {processor.py:157} INFO - Started process (PID=68) to work on /home/airflow/.local/lib/python3.8/site-packages/airflow/example_dags/example_branch_python_dop_operator_3.py
[2023-11-19T23:20:27.355+0000] {processor.py:829} INFO - Processing file /home/airflow/.local/lib/python3.8/site-packages/airflow/example_dags/example_branch_python_dop_operator_3.py for tasks to queue
[2023-11-19T23:20:27.357+0000] {logging_mixin.py:154} INFO - [2023-11-19T23:20:27.356+0000] {dagbag.py:536} INFO - Filling up the DagBag from /home/airflow/.local/lib/python3.8/site-packages/airflow/example_dags/example_branch_python_dop_operator_3.py
[2023-11-19T23:20:27.362+0000] {processor.py:839} INFO - DAG(s) dict_keys(['example_branch_dop_operator_v3']) retrieved from /home/airflow/.local/lib/python3.8/site-packages/airflow/example_dags/example_branch_python_dop_operator_3.py
[2023-11-19T23:20:27.447+0000] {logging_mixin.py:154} INFO - [2023-11-19T23:20:27.447+0000] {manager.py:499} INFO - Created Permission View: %s
[2023-11-19T23:20:27.453+0000] {logging_mixin.py:154} INFO - [2023-11-19T23:20:27.453+0000] {manager.py:499} INFO - Created Permission View: %s
[2023-11-19T23:20:27.456+0000] {logging_mixin.py:154} INFO - [2023-11-19T23:20:27.456+0000] {manager.py:499} INFO - Created Permission View: %s
[2023-11-19T23:20:27.456+0000] {logging_mixin.py:154} INFO - [2023-11-19T23:20:27.456+0000] {dag.py:2941} INFO - Sync 1 DAGs
[2023-11-19T23:20:27.462+0000] {logging_mixin.py:154} INFO - [2023-11-19T23:20:27.462+0000] {dag.py:2963} INFO - Creating ORM DAG for example_branch_dop_operator_v3
[2023-11-19T23:20:27.469+0000] {logging_mixin.py:154} INFO - [2023-11-19T23:20:27.469+0000] {dag.py:3722} INFO - Setting next_dagrun for example_branch_dop_operator_v3 to 2023-11-19T23:19:00+00:00, run_after=2023-11-19T23:20:00+00:00
[2023-11-19T23:20:27.477+0000] {processor.py:179} INFO - Processing /home/airflow/.local/lib/python3.8/site-packages/airflow/example_dags/example_branch_python_dop_operator_3.py took 0.125 seconds
[2023-11-19T23:20:57.548+0000] {processor.py:157} INFO - Started process (PID=121) to work on /home/airflow/.local/lib/python3.8/site-packages/airflow/example_dags/example_branch_python_dop_operator_3.py
[2023-11-19T23:20:57.549+0000] {processor.py:829} INFO - Processing file /home/airflow/.local/lib/python3.8/site-packages/airflow/example_dags/example_branch_python_dop_operator_3.py for tasks to queue
[2023-11-19T23:20:57.550+0000] {logging_mixin.py:154} INFO - [2023-11-19T23:20:57.550+0000] {dagbag.py:536} INFO - Filling up the DagBag from /home/airflow/.local/lib/python3.8/site-packages/airflow/example_dags/example_branch_python_dop_operator_3.py
[2023-11-19T23:20:57.554+0000] {processor.py:839} INFO - DAG(s) dict_keys(['example_branch_dop_operator_v3']) retrieved from /home/airflow/.local/lib/python3.8/site-packages/airflow/example_dags/example_branch_python_dop_operator_3.py
[2023-11-19T23:20:57.563+0000] {logging_mixin.py:154} INFO - [2023-11-19T23:20:57.563+0000] {dag.py:2941} INFO - Sync 1 DAGs
[2023-11-19T23:20:57.573+0000] {logging_mixin.py:154} INFO - [2023-11-19T23:20:57.573+0000] {dag.py:3722} INFO - Setting next_dagrun for example_branch_dop_operator_v3 to 2023-11-19T23:19:00+00:00, run_after=2023-11-19T23:20:00+00:00
[2023-11-19T23:20:57.579+0000] {processor.py:179} INFO - Processing /home/airflow/.local/lib/python3.8/site-packages/airflow/example_dags/example_branch_python_dop_operator_3.py took 0.032 seconds
[2023-11-19T23:21:28.153+0000] {processor.py:157} INFO - Started process (PID=175) to work on /home/airflow/.local/lib/python3.8/site-packages/airflow/example_dags/example_branch_python_dop_operator_3.py
[2023-11-19T23:21:28.153+0000] {processor.py:829} INFO - Processing file /home/airflow/.local/lib/python3.8/site-packages/airflow/example_dags/example_branch_python_dop_operator_3.py for tasks to queue
[2023-11-19T23:21:28.154+0000] {logging_mixin.py:154} INFO - [2023-11-19T23:21:28.154+0000] {dagbag.py:536} INFO - Filling up the DagBag from /home/airflow/.local/lib/python3.8/site-packages/airflow/example_dags/example_branch_python_dop_operator_3.py
[2023-11-19T23:21:28.159+0000] {processor.py:839} INFO - DAG(s) dict_keys(['example_branch_dop_operator_v3']) retrieved from /home/airflow/.local/lib/python3.8/site-packages/airflow/example_dags/example_branch_python_dop_operator_3.py
[2023-11-19T23:21:28.167+0000] {logging_mixin.py:154} INFO - [2023-11-19T23:21:28.167+0000] {dag.py:2941} INFO - Sync 1 DAGs
[2023-11-19T23:21:28.177+0000] {logging_mixin.py:154} INFO - [2023-11-19T23:21:28.177+0000] {dag.py:3722} INFO - Setting next_dagrun for example_branch_dop_operator_v3 to 2023-11-19T23:20:00+00:00, run_after=2023-11-19T23:21:00+00:00
[2023-11-19T23:21:28.184+0000] {processor.py:179} INFO - Processing /home/airflow/.local/lib/python3.8/site-packages/airflow/example_dags/example_branch_python_dop_operator_3.py took 0.033 seconds
[2023-11-19T23:21:58.663+0000] {processor.py:157} INFO - Started process (PID=230) to work on /home/airflow/.local/lib/python3.8/site-packages/airflow/example_dags/example_branch_python_dop_operator_3.py
[2023-11-19T23:21:58.663+0000] {processor.py:829} INFO - Processing file /home/airflow/.local/lib/python3.8/site-packages/airflow/example_dags/example_branch_python_dop_operator_3.py for tasks to queue
[2023-11-19T23:21:58.664+0000] {logging_mixin.py:154} INFO - [2023-11-19T23:21:58.664+0000] {dagbag.py:536} INFO - Filling up the DagBag from /home/airflow/.local/lib/python3.8/site-packages/airflow/example_dags/example_branch_python_dop_operator_3.py
[2023-11-19T23:21:58.669+0000] {processor.py:839} INFO - DAG(s) dict_keys(['example_branch_dop_operator_v3']) retrieved from /home/airflow/.local/lib/python3.8/site-packages/airflow/example_dags/example_branch_python_dop_operator_3.py
[2023-11-19T23:21:58.678+0000] {logging_mixin.py:154} INFO - [2023-11-19T23:21:58.678+0000] {dag.py:2941} INFO - Sync 1 DAGs
[2023-11-19T23:21:58.688+0000] {logging_mixin.py:154} INFO - [2023-11-19T23:21:58.688+0000] {dag.py:3722} INFO - Setting next_dagrun for example_branch_dop_operator_v3 to 2023-11-19T23:20:00+00:00, run_after=2023-11-19T23:21:00+00:00
[2023-11-19T23:21:58.694+0000] {processor.py:179} INFO - Processing /home/airflow/.local/lib/python3.8/site-packages/airflow/example_dags/example_branch_python_dop_operator_3.py took 0.033 seconds
[2023-11-19T23:22:29.107+0000] {processor.py:157} INFO - Started process (PID=284) to work on /home/airflow/.local/lib/python3.8/site-packages/airflow/example_dags/example_branch_python_dop_operator_3.py
[2023-11-19T23:22:29.107+0000] {processor.py:829} INFO - Processing file /home/airflow/.local/lib/python3.8/site-packages/airflow/example_dags/example_branch_python_dop_operator_3.py for tasks to queue
[2023-11-19T23:22:29.108+0000] {logging_mixin.py:154} INFO - [2023-11-19T23:22:29.108+0000] {dagbag.py:536} INFO - Filling up the DagBag from /home/airflow/.local/lib/python3.8/site-packages/airflow/example_dags/example_branch_python_dop_operator_3.py
[2023-11-19T23:22:29.113+0000] {processor.py:839} INFO - DAG(s) dict_keys(['example_branch_dop_operator_v3']) retrieved from /home/airflow/.local/lib/python3.8/site-packages/airflow/example_dags/example_branch_python_dop_operator_3.py
[2023-11-19T23:22:29.122+0000] {logging_mixin.py:154} INFO - [2023-11-19T23:22:29.122+0000] {dag.py:2941} INFO - Sync 1 DAGs
[2023-11-19T23:22:29.132+0000] {logging_mixin.py:154} INFO - [2023-11-19T23:22:29.132+0000] {dag.py:3722} INFO - Setting next_dagrun for example_branch_dop_operator_v3 to 2023-11-19T23:21:00+00:00, run_after=2023-11-19T23:22:00+00:00
[2023-11-19T23:22:29.139+0000] {processor.py:179} INFO - Processing /home/airflow/.local/lib/python3.8/site-packages/airflow/example_dags/example_branch_python_dop_operator_3.py took 0.034 seconds
[2023-11-19T23:22:59.549+0000] {processor.py:157} INFO - Started process (PID=338) to work on /home/airflow/.local/lib/python3.8/site-packages/airflow/example_dags/example_branch_python_dop_operator_3.py
[2023-11-19T23:22:59.550+0000] {processor.py:829} INFO - Processing file /home/airflow/.local/lib/python3.8/site-packages/airflow/example_dags/example_branch_python_dop_operator_3.py for tasks to queue
[2023-11-19T23:22:59.551+0000] {logging_mixin.py:154} INFO - [2023-11-19T23:22:59.551+0000] {dagbag.py:536} INFO - Filling up the DagBag from /home/airflow/.local/lib/python3.8/site-packages/airflow/example_dags/example_branch_python_dop_operator_3.py
[2023-11-19T23:22:59.556+0000] {processor.py:839} INFO - DAG(s) dict_keys(['example_branch_dop_operator_v3']) retrieved from /home/airflow/.local/lib/python3.8/site-packages/airflow/example_dags/example_branch_python_dop_operator_3.py
[2023-11-19T23:22:59.565+0000] {logging_mixin.py:154} INFO - [2023-11-19T23:22:59.565+0000] {dag.py:2941} INFO - Sync 1 DAGs
[2023-11-19T23:22:59.576+0000] {logging_mixin.py:154} INFO - [2023-11-19T23:22:59.576+0000] {dag.py:3722} INFO - Setting next_dagrun for example_branch_dop_operator_v3 to 2023-11-19T23:21:00+00:00, run_after=2023-11-19T23:22:00+00:00
[2023-11-19T23:22:59.584+0000] {processor.py:179} INFO - Processing /home/airflow/.local/lib/python3.8/site-packages/airflow/example_dags/example_branch_python_dop_operator_3.py took 0.036 seconds
[2023-11-19T23:23:29.916+0000] {processor.py:157} INFO - Started process (PID=391) to work on /home/airflow/.local/lib/python3.8/site-packages/airflow/example_dags/example_branch_python_dop_operator_3.py
[2023-11-19T23:23:29.917+0000] {processor.py:829} INFO - Processing file /home/airflow/.local/lib/python3.8/site-packages/airflow/example_dags/example_branch_python_dop_operator_3.py for tasks to queue
[2023-11-19T23:23:29.918+0000] {logging_mixin.py:154} INFO - [2023-11-19T23:23:29.918+0000] {dagbag.py:536} INFO - Filling up the DagBag from /home/airflow/.local/lib/python3.8/site-packages/airflow/example_dags/example_branch_python_dop_operator_3.py
[2023-11-19T23:23:29.923+0000] {processor.py:839} INFO - DAG(s) dict_keys(['example_branch_dop_operator_v3']) retrieved from /home/airflow/.local/lib/python3.8/site-packages/airflow/example_dags/example_branch_python_dop_operator_3.py
[2023-11-19T23:23:29.932+0000] {logging_mixin.py:154} INFO - [2023-11-19T23:23:29.932+0000] {dag.py:2941} INFO - Sync 1 DAGs
[2023-11-19T23:23:29.942+0000] {logging_mixin.py:154} INFO - [2023-11-19T23:23:29.942+0000] {dag.py:3722} INFO - Setting next_dagrun for example_branch_dop_operator_v3 to 2023-11-19T23:22:00+00:00, run_after=2023-11-19T23:23:00+00:00
[2023-11-19T23:23:29.949+0000] {processor.py:179} INFO - Processing /home/airflow/.local/lib/python3.8/site-packages/airflow/example_dags/example_branch_python_dop_operator_3.py took 0.034 seconds
[2023-11-19T23:24:00.407+0000] {processor.py:157} INFO - Started process (PID=446) to work on /home/airflow/.local/lib/python3.8/site-packages/airflow/example_dags/example_branch_python_dop_operator_3.py
[2023-11-19T23:24:00.408+0000] {processor.py:829} INFO - Processing file /home/airflow/.local/lib/python3.8/site-packages/airflow/example_dags/example_branch_python_dop_operator_3.py for tasks to queue
[2023-11-19T23:24:00.409+0000] {logging_mixin.py:154} INFO - [2023-11-19T23:24:00.409+0000] {dagbag.py:536} INFO - Filling up the DagBag from /home/airflow/.local/lib/python3.8/site-packages/airflow/example_dags/example_branch_python_dop_operator_3.py
[2023-11-19T23:24:00.414+0000] {processor.py:839} INFO - DAG(s) dict_keys(['example_branch_dop_operator_v3']) retrieved from /home/airflow/.local/lib/python3.8/site-packages/airflow/example_dags/example_branch_python_dop_operator_3.py
[2023-11-19T23:24:00.423+0000] {logging_mixin.py:154} INFO - [2023-11-19T23:24:00.423+0000] {dag.py:2941} INFO - Sync 1 DAGs
[2023-11-19T23:24:00.434+0000] {logging_mixin.py:154} INFO - [2023-11-19T23:24:00.434+0000] {dag.py:3722} INFO - Setting next_dagrun for example_branch_dop_operator_v3 to 2023-11-19T23:23:00+00:00, run_after=2023-11-19T23:24:00+00:00
[2023-11-19T23:24:00.442+0000] {processor.py:179} INFO - Processing /home/airflow/.local/lib/python3.8/site-packages/airflow/example_dags/example_branch_python_dop_operator_3.py took 0.037 seconds
[2023-11-19T23:24:30.859+0000] {processor.py:157} INFO - Started process (PID=500) to work on /home/airflow/.local/lib/python3.8/site-packages/airflow/example_dags/example_branch_python_dop_operator_3.py
[2023-11-19T23:24:30.859+0000] {processor.py:829} INFO - Processing file /home/airflow/.local/lib/python3.8/site-packages/airflow/example_dags/example_branch_python_dop_operator_3.py for tasks to queue
[2023-11-19T23:24:30.860+0000] {logging_mixin.py:154} INFO - [2023-11-19T23:24:30.860+0000] {dagbag.py:536} INFO - Filling up the DagBag from /home/airflow/.local/lib/python3.8/site-packages/airflow/example_dags/example_branch_python_dop_operator_3.py
[2023-11-19T23:24:30.865+0000] {processor.py:839} INFO - DAG(s) dict_keys(['example_branch_dop_operator_v3']) retrieved from /home/airflow/.local/lib/python3.8/site-packages/airflow/example_dags/example_branch_python_dop_operator_3.py
[2023-11-19T23:24:30.874+0000] {logging_mixin.py:154} INFO - [2023-11-19T23:24:30.874+0000] {dag.py:2941} INFO - Sync 1 DAGs
[2023-11-19T23:24:30.886+0000] {logging_mixin.py:154} INFO - [2023-11-19T23:24:30.886+0000] {dag.py:3722} INFO - Setting next_dagrun for example_branch_dop_operator_v3 to 2023-11-19T23:23:00+00:00, run_after=2023-11-19T23:24:00+00:00
[2023-11-19T23:24:30.893+0000] {processor.py:179} INFO - Processing /home/airflow/.local/lib/python3.8/site-packages/airflow/example_dags/example_branch_python_dop_operator_3.py took 0.037 seconds
[2023-11-19T23:25:01.372+0000] {processor.py:157} INFO - Started process (PID=554) to work on /home/airflow/.local/lib/python3.8/site-packages/airflow/example_dags/example_branch_python_dop_operator_3.py
[2023-11-19T23:25:01.373+0000] {processor.py:829} INFO - Processing file /home/airflow/.local/lib/python3.8/site-packages/airflow/example_dags/example_branch_python_dop_operator_3.py for tasks to queue
[2023-11-19T23:25:01.374+0000] {logging_mixin.py:154} INFO - [2023-11-19T23:25:01.374+0000] {dagbag.py:536} INFO - Filling up the DagBag from /home/airflow/.local/lib/python3.8/site-packages/airflow/example_dags/example_branch_python_dop_operator_3.py
[2023-11-19T23:25:01.379+0000] {processor.py:839} INFO - DAG(s) dict_keys(['example_branch_dop_operator_v3']) retrieved from /home/airflow/.local/lib/python3.8/site-packages/airflow/example_dags/example_branch_python_dop_operator_3.py
[2023-11-19T23:25:01.388+0000] {logging_mixin.py:154} INFO - [2023-11-19T23:25:01.388+0000] {dag.py:2941} INFO - Sync 1 DAGs
[2023-11-19T23:25:01.399+0000] {logging_mixin.py:154} INFO - [2023-11-19T23:25:01.399+0000] {dag.py:3722} INFO - Setting next_dagrun for example_branch_dop_operator_v3 to 2023-11-19T23:24:00+00:00, run_after=2023-11-19T23:25:00+00:00
[2023-11-19T23:25:01.406+0000] {processor.py:179} INFO - Processing /home/airflow/.local/lib/python3.8/site-packages/airflow/example_dags/example_branch_python_dop_operator_3.py took 0.035 seconds
[2023-11-19T23:25:31.929+0000] {processor.py:157} INFO - Started process (PID=608) to work on /home/airflow/.local/lib/python3.8/site-packages/airflow/example_dags/example_branch_python_dop_operator_3.py
[2023-11-19T23:25:31.929+0000] {processor.py:829} INFO - Processing file /home/airflow/.local/lib/python3.8/site-packages/airflow/example_dags/example_branch_python_dop_operator_3.py for tasks to queue
[2023-11-19T23:25:31.930+0000] {logging_mixin.py:154} INFO - [2023-11-19T23:25:31.930+0000] {dagbag.py:536} INFO - Filling up the DagBag from /home/airflow/.local/lib/python3.8/site-packages/airflow/example_dags/example_branch_python_dop_operator_3.py
[2023-11-19T23:25:31.935+0000] {processor.py:839} INFO - DAG(s) dict_keys(['example_branch_dop_operator_v3']) retrieved from /home/airflow/.local/lib/python3.8/site-packages/airflow/example_dags/example_branch_python_dop_operator_3.py
[2023-11-19T23:25:31.945+0000] {logging_mixin.py:154} INFO - [2023-11-19T23:25:31.945+0000] {dag.py:2941} INFO - Sync 1 DAGs
[2023-11-19T23:25:31.955+0000] {logging_mixin.py:154} INFO - [2023-11-19T23:25:31.955+0000] {dag.py:3722} INFO - Setting next_dagrun for example_branch_dop_operator_v3 to 2023-11-19T23:24:00+00:00, run_after=2023-11-19T23:25:00+00:00
[2023-11-19T23:25:31.961+0000] {processor.py:179} INFO - Processing /home/airflow/.local/lib/python3.8/site-packages/airflow/example_dags/example_branch_python_dop_operator_3.py took 0.034 seconds
[2023-11-19T23:31:24.082+0000] {processor.py:157} INFO - Started process (PID=69) to work on /home/airflow/.local/lib/python3.8/site-packages/airflow/example_dags/example_branch_python_dop_operator_3.py
[2023-11-19T23:31:24.082+0000] {processor.py:829} INFO - Processing file /home/airflow/.local/lib/python3.8/site-packages/airflow/example_dags/example_branch_python_dop_operator_3.py for tasks to queue
[2023-11-19T23:31:24.084+0000] {logging_mixin.py:154} INFO - [2023-11-19T23:31:24.084+0000] {dagbag.py:536} INFO - Filling up the DagBag from /home/airflow/.local/lib/python3.8/site-packages/airflow/example_dags/example_branch_python_dop_operator_3.py
[2023-11-19T23:31:24.089+0000] {processor.py:839} INFO - DAG(s) dict_keys(['example_branch_dop_operator_v3']) retrieved from /home/airflow/.local/lib/python3.8/site-packages/airflow/example_dags/example_branch_python_dop_operator_3.py
[2023-11-19T23:31:24.151+0000] {logging_mixin.py:154} INFO - [2023-11-19T23:31:24.151+0000] {manager.py:499} INFO - Created Permission View: %s
[2023-11-19T23:31:24.155+0000] {logging_mixin.py:154} INFO - [2023-11-19T23:31:24.155+0000] {manager.py:499} INFO - Created Permission View: %s
[2023-11-19T23:31:24.157+0000] {logging_mixin.py:154} INFO - [2023-11-19T23:31:24.157+0000] {manager.py:499} INFO - Created Permission View: %s
[2023-11-19T23:31:24.158+0000] {logging_mixin.py:154} INFO - [2023-11-19T23:31:24.158+0000] {dag.py:2941} INFO - Sync 1 DAGs
[2023-11-19T23:31:24.163+0000] {logging_mixin.py:154} INFO - [2023-11-19T23:31:24.163+0000] {dag.py:2963} INFO - Creating ORM DAG for example_branch_dop_operator_v3
[2023-11-19T23:31:24.169+0000] {logging_mixin.py:154} INFO - [2023-11-19T23:31:24.169+0000] {dag.py:3722} INFO - Setting next_dagrun for example_branch_dop_operator_v3 to 2023-11-19T23:30:00+00:00, run_after=2023-11-19T23:31:00+00:00
[2023-11-19T23:31:24.180+0000] {processor.py:179} INFO - Processing /home/airflow/.local/lib/python3.8/site-packages/airflow/example_dags/example_branch_python_dop_operator_3.py took 0.100 seconds
[2023-11-19T23:31:54.303+0000] {processor.py:157} INFO - Started process (PID=123) to work on /home/airflow/.local/lib/python3.8/site-packages/airflow/example_dags/example_branch_python_dop_operator_3.py
[2023-11-19T23:31:54.304+0000] {processor.py:829} INFO - Processing file /home/airflow/.local/lib/python3.8/site-packages/airflow/example_dags/example_branch_python_dop_operator_3.py for tasks to queue
[2023-11-19T23:31:54.305+0000] {logging_mixin.py:154} INFO - [2023-11-19T23:31:54.305+0000] {dagbag.py:536} INFO - Filling up the DagBag from /home/airflow/.local/lib/python3.8/site-packages/airflow/example_dags/example_branch_python_dop_operator_3.py
[2023-11-19T23:31:54.309+0000] {processor.py:839} INFO - DAG(s) dict_keys(['example_branch_dop_operator_v3']) retrieved from /home/airflow/.local/lib/python3.8/site-packages/airflow/example_dags/example_branch_python_dop_operator_3.py
[2023-11-19T23:31:54.318+0000] {logging_mixin.py:154} INFO - [2023-11-19T23:31:54.318+0000] {dag.py:2941} INFO - Sync 1 DAGs
[2023-11-19T23:31:54.329+0000] {logging_mixin.py:154} INFO - [2023-11-19T23:31:54.329+0000] {dag.py:3722} INFO - Setting next_dagrun for example_branch_dop_operator_v3 to 2023-11-19T23:30:00+00:00, run_after=2023-11-19T23:31:00+00:00
[2023-11-19T23:31:54.336+0000] {processor.py:179} INFO - Processing /home/airflow/.local/lib/python3.8/site-packages/airflow/example_dags/example_branch_python_dop_operator_3.py took 0.034 seconds
[2023-11-19T23:32:24.825+0000] {processor.py:157} INFO - Started process (PID=177) to work on /home/airflow/.local/lib/python3.8/site-packages/airflow/example_dags/example_branch_python_dop_operator_3.py
[2023-11-19T23:32:24.825+0000] {processor.py:829} INFO - Processing file /home/airflow/.local/lib/python3.8/site-packages/airflow/example_dags/example_branch_python_dop_operator_3.py for tasks to queue
[2023-11-19T23:32:24.826+0000] {logging_mixin.py:154} INFO - [2023-11-19T23:32:24.826+0000] {dagbag.py:536} INFO - Filling up the DagBag from /home/airflow/.local/lib/python3.8/site-packages/airflow/example_dags/example_branch_python_dop_operator_3.py
[2023-11-19T23:32:24.831+0000] {processor.py:839} INFO - DAG(s) dict_keys(['example_branch_dop_operator_v3']) retrieved from /home/airflow/.local/lib/python3.8/site-packages/airflow/example_dags/example_branch_python_dop_operator_3.py
[2023-11-19T23:32:24.840+0000] {logging_mixin.py:154} INFO - [2023-11-19T23:32:24.840+0000] {dag.py:2941} INFO - Sync 1 DAGs
[2023-11-19T23:32:24.850+0000] {logging_mixin.py:154} INFO - [2023-11-19T23:32:24.850+0000] {dag.py:3722} INFO - Setting next_dagrun for example_branch_dop_operator_v3 to 2023-11-19T23:31:00+00:00, run_after=2023-11-19T23:32:00+00:00
[2023-11-19T23:32:24.857+0000] {processor.py:179} INFO - Processing /home/airflow/.local/lib/python3.8/site-packages/airflow/example_dags/example_branch_python_dop_operator_3.py took 0.035 seconds
[2023-11-19T23:32:55.325+0000] {processor.py:157} INFO - Started process (PID=231) to work on /home/airflow/.local/lib/python3.8/site-packages/airflow/example_dags/example_branch_python_dop_operator_3.py
[2023-11-19T23:32:55.326+0000] {processor.py:829} INFO - Processing file /home/airflow/.local/lib/python3.8/site-packages/airflow/example_dags/example_branch_python_dop_operator_3.py for tasks to queue
[2023-11-19T23:32:55.327+0000] {logging_mixin.py:154} INFO - [2023-11-19T23:32:55.326+0000] {dagbag.py:536} INFO - Filling up the DagBag from /home/airflow/.local/lib/python3.8/site-packages/airflow/example_dags/example_branch_python_dop_operator_3.py
[2023-11-19T23:32:55.331+0000] {processor.py:839} INFO - DAG(s) dict_keys(['example_branch_dop_operator_v3']) retrieved from /home/airflow/.local/lib/python3.8/site-packages/airflow/example_dags/example_branch_python_dop_operator_3.py
[2023-11-19T23:32:55.340+0000] {logging_mixin.py:154} INFO - [2023-11-19T23:32:55.340+0000] {dag.py:2941} INFO - Sync 1 DAGs
[2023-11-19T23:32:55.351+0000] {logging_mixin.py:154} INFO - [2023-11-19T23:32:55.350+0000] {dag.py:3722} INFO - Setting next_dagrun for example_branch_dop_operator_v3 to 2023-11-19T23:31:00+00:00, run_after=2023-11-19T23:32:00+00:00
[2023-11-19T23:32:55.357+0000] {processor.py:179} INFO - Processing /home/airflow/.local/lib/python3.8/site-packages/airflow/example_dags/example_branch_python_dop_operator_3.py took 0.035 seconds
[2023-11-19T23:33:25.781+0000] {processor.py:157} INFO - Started process (PID=285) to work on /home/airflow/.local/lib/python3.8/site-packages/airflow/example_dags/example_branch_python_dop_operator_3.py
[2023-11-19T23:33:25.781+0000] {processor.py:829} INFO - Processing file /home/airflow/.local/lib/python3.8/site-packages/airflow/example_dags/example_branch_python_dop_operator_3.py for tasks to queue
[2023-11-19T23:33:25.783+0000] {logging_mixin.py:154} INFO - [2023-11-19T23:33:25.782+0000] {dagbag.py:536} INFO - Filling up the DagBag from /home/airflow/.local/lib/python3.8/site-packages/airflow/example_dags/example_branch_python_dop_operator_3.py
[2023-11-19T23:33:25.787+0000] {processor.py:839} INFO - DAG(s) dict_keys(['example_branch_dop_operator_v3']) retrieved from /home/airflow/.local/lib/python3.8/site-packages/airflow/example_dags/example_branch_python_dop_operator_3.py
[2023-11-19T23:33:25.797+0000] {logging_mixin.py:154} INFO - [2023-11-19T23:33:25.797+0000] {dag.py:2941} INFO - Sync 1 DAGs
[2023-11-19T23:33:25.808+0000] {logging_mixin.py:154} INFO - [2023-11-19T23:33:25.808+0000] {dag.py:3722} INFO - Setting next_dagrun for example_branch_dop_operator_v3 to 2023-11-19T23:32:00+00:00, run_after=2023-11-19T23:33:00+00:00
[2023-11-19T23:33:25.815+0000] {processor.py:179} INFO - Processing /home/airflow/.local/lib/python3.8/site-packages/airflow/example_dags/example_branch_python_dop_operator_3.py took 0.036 seconds
[2023-11-19T23:33:56.282+0000] {processor.py:157} INFO - Started process (PID=339) to work on /home/airflow/.local/lib/python3.8/site-packages/airflow/example_dags/example_branch_python_dop_operator_3.py
[2023-11-19T23:33:56.283+0000] {processor.py:829} INFO - Processing file /home/airflow/.local/lib/python3.8/site-packages/airflow/example_dags/example_branch_python_dop_operator_3.py for tasks to queue
[2023-11-19T23:33:56.284+0000] {logging_mixin.py:154} INFO - [2023-11-19T23:33:56.284+0000] {dagbag.py:536} INFO - Filling up the DagBag from /home/airflow/.local/lib/python3.8/site-packages/airflow/example_dags/example_branch_python_dop_operator_3.py
[2023-11-19T23:33:56.288+0000] {processor.py:839} INFO - DAG(s) dict_keys(['example_branch_dop_operator_v3']) retrieved from /home/airflow/.local/lib/python3.8/site-packages/airflow/example_dags/example_branch_python_dop_operator_3.py
[2023-11-19T23:33:56.298+0000] {logging_mixin.py:154} INFO - [2023-11-19T23:33:56.297+0000] {dag.py:2941} INFO - Sync 1 DAGs
[2023-11-19T23:33:56.308+0000] {logging_mixin.py:154} INFO - [2023-11-19T23:33:56.308+0000] {dag.py:3722} INFO - Setting next_dagrun for example_branch_dop_operator_v3 to 2023-11-19T23:32:00+00:00, run_after=2023-11-19T23:33:00+00:00
[2023-11-19T23:33:56.315+0000] {processor.py:179} INFO - Processing /home/airflow/.local/lib/python3.8/site-packages/airflow/example_dags/example_branch_python_dop_operator_3.py took 0.034 seconds
[2023-11-19T23:34:26.706+0000] {processor.py:157} INFO - Started process (PID=393) to work on /home/airflow/.local/lib/python3.8/site-packages/airflow/example_dags/example_branch_python_dop_operator_3.py
[2023-11-19T23:34:26.706+0000] {processor.py:829} INFO - Processing file /home/airflow/.local/lib/python3.8/site-packages/airflow/example_dags/example_branch_python_dop_operator_3.py for tasks to queue
[2023-11-19T23:34:26.708+0000] {logging_mixin.py:154} INFO - [2023-11-19T23:34:26.707+0000] {dagbag.py:536} INFO - Filling up the DagBag from /home/airflow/.local/lib/python3.8/site-packages/airflow/example_dags/example_branch_python_dop_operator_3.py
[2023-11-19T23:34:26.712+0000] {processor.py:839} INFO - DAG(s) dict_keys(['example_branch_dop_operator_v3']) retrieved from /home/airflow/.local/lib/python3.8/site-packages/airflow/example_dags/example_branch_python_dop_operator_3.py
[2023-11-19T23:34:26.722+0000] {logging_mixin.py:154} INFO - [2023-11-19T23:34:26.722+0000] {dag.py:2941} INFO - Sync 1 DAGs
[2023-11-19T23:34:26.734+0000] {logging_mixin.py:154} INFO - [2023-11-19T23:34:26.734+0000] {dag.py:3722} INFO - Setting next_dagrun for example_branch_dop_operator_v3 to 2023-11-19T23:33:00+00:00, run_after=2023-11-19T23:34:00+00:00
[2023-11-19T23:34:26.741+0000] {processor.py:179} INFO - Processing /home/airflow/.local/lib/python3.8/site-packages/airflow/example_dags/example_branch_python_dop_operator_3.py took 0.037 seconds
[2023-11-19T23:34:57.189+0000] {processor.py:157} INFO - Started process (PID=447) to work on /home/airflow/.local/lib/python3.8/site-packages/airflow/example_dags/example_branch_python_dop_operator_3.py
[2023-11-19T23:34:57.189+0000] {processor.py:829} INFO - Processing file /home/airflow/.local/lib/python3.8/site-packages/airflow/example_dags/example_branch_python_dop_operator_3.py for tasks to queue
[2023-11-19T23:34:57.190+0000] {logging_mixin.py:154} INFO - [2023-11-19T23:34:57.190+0000] {dagbag.py:536} INFO - Filling up the DagBag from /home/airflow/.local/lib/python3.8/site-packages/airflow/example_dags/example_branch_python_dop_operator_3.py
[2023-11-19T23:34:57.195+0000] {processor.py:839} INFO - DAG(s) dict_keys(['example_branch_dop_operator_v3']) retrieved from /home/airflow/.local/lib/python3.8/site-packages/airflow/example_dags/example_branch_python_dop_operator_3.py
[2023-11-19T23:34:57.204+0000] {logging_mixin.py:154} INFO - [2023-11-19T23:34:57.204+0000] {dag.py:2941} INFO - Sync 1 DAGs
[2023-11-19T23:34:57.214+0000] {logging_mixin.py:154} INFO - [2023-11-19T23:34:57.214+0000] {dag.py:3722} INFO - Setting next_dagrun for example_branch_dop_operator_v3 to 2023-11-19T23:33:00+00:00, run_after=2023-11-19T23:34:00+00:00
[2023-11-19T23:34:57.221+0000] {processor.py:179} INFO - Processing /home/airflow/.local/lib/python3.8/site-packages/airflow/example_dags/example_branch_python_dop_operator_3.py took 0.034 seconds
[2023-11-19T23:35:27.756+0000] {processor.py:157} INFO - Started process (PID=501) to work on /home/airflow/.local/lib/python3.8/site-packages/airflow/example_dags/example_branch_python_dop_operator_3.py
[2023-11-19T23:35:27.756+0000] {processor.py:829} INFO - Processing file /home/airflow/.local/lib/python3.8/site-packages/airflow/example_dags/example_branch_python_dop_operator_3.py for tasks to queue
[2023-11-19T23:35:27.758+0000] {logging_mixin.py:154} INFO - [2023-11-19T23:35:27.758+0000] {dagbag.py:536} INFO - Filling up the DagBag from /home/airflow/.local/lib/python3.8/site-packages/airflow/example_dags/example_branch_python_dop_operator_3.py
[2023-11-19T23:35:27.763+0000] {processor.py:839} INFO - DAG(s) dict_keys(['example_branch_dop_operator_v3']) retrieved from /home/airflow/.local/lib/python3.8/site-packages/airflow/example_dags/example_branch_python_dop_operator_3.py
[2023-11-19T23:35:27.773+0000] {logging_mixin.py:154} INFO - [2023-11-19T23:35:27.773+0000] {dag.py:2941} INFO - Sync 1 DAGs
[2023-11-19T23:35:27.785+0000] {logging_mixin.py:154} INFO - [2023-11-19T23:35:27.785+0000] {dag.py:3722} INFO - Setting next_dagrun for example_branch_dop_operator_v3 to 2023-11-19T23:34:00+00:00, run_after=2023-11-19T23:35:00+00:00
[2023-11-19T23:35:27.793+0000] {processor.py:179} INFO - Processing /home/airflow/.local/lib/python3.8/site-packages/airflow/example_dags/example_branch_python_dop_operator_3.py took 0.040 seconds
[2023-11-19T23:35:58.286+0000] {processor.py:157} INFO - Started process (PID=555) to work on /home/airflow/.local/lib/python3.8/site-packages/airflow/example_dags/example_branch_python_dop_operator_3.py
[2023-11-19T23:35:58.287+0000] {processor.py:829} INFO - Processing file /home/airflow/.local/lib/python3.8/site-packages/airflow/example_dags/example_branch_python_dop_operator_3.py for tasks to queue
[2023-11-19T23:35:58.288+0000] {logging_mixin.py:154} INFO - [2023-11-19T23:35:58.288+0000] {dagbag.py:536} INFO - Filling up the DagBag from /home/airflow/.local/lib/python3.8/site-packages/airflow/example_dags/example_branch_python_dop_operator_3.py
[2023-11-19T23:35:58.293+0000] {processor.py:839} INFO - DAG(s) dict_keys(['example_branch_dop_operator_v3']) retrieved from /home/airflow/.local/lib/python3.8/site-packages/airflow/example_dags/example_branch_python_dop_operator_3.py
[2023-11-19T23:35:58.302+0000] {logging_mixin.py:154} INFO - [2023-11-19T23:35:58.302+0000] {dag.py:2941} INFO - Sync 1 DAGs
[2023-11-19T23:35:58.313+0000] {logging_mixin.py:154} INFO - [2023-11-19T23:35:58.313+0000] {dag.py:3722} INFO - Setting next_dagrun for example_branch_dop_operator_v3 to 2023-11-19T23:34:00+00:00, run_after=2023-11-19T23:35:00+00:00
[2023-11-19T23:35:58.320+0000] {processor.py:179} INFO - Processing /home/airflow/.local/lib/python3.8/site-packages/airflow/example_dags/example_branch_python_dop_operator_3.py took 0.035 seconds
