[2023-11-19T23:20:26.560+0000] {processor.py:157} INFO - Started process (PID=56) to work on /home/airflow/.local/lib/python3.8/site-packages/airflow/example_dags/example_xcom.py
[2023-11-19T23:20:26.561+0000] {processor.py:829} INFO - Processing file /home/airflow/.local/lib/python3.8/site-packages/airflow/example_dags/example_xcom.py for tasks to queue
[2023-11-19T23:20:26.562+0000] {logging_mixin.py:154} INFO - [2023-11-19T23:20:26.562+0000] {dagbag.py:536} INFO - Filling up the DagBag from /home/airflow/.local/lib/python3.8/site-packages/airflow/example_dags/example_xcom.py
[2023-11-19T23:20:26.571+0000] {processor.py:839} INFO - DAG(s) dict_keys(['example_xcom']) retrieved from /home/airflow/.local/lib/python3.8/site-packages/airflow/example_dags/example_xcom.py
[2023-11-19T23:20:26.635+0000] {logging_mixin.py:154} INFO - [2023-11-19T23:20:26.635+0000] {manager.py:499} INFO - Created Permission View: %s
[2023-11-19T23:20:26.639+0000] {logging_mixin.py:154} INFO - [2023-11-19T23:20:26.639+0000] {manager.py:499} INFO - Created Permission View: %s
[2023-11-19T23:20:26.642+0000] {logging_mixin.py:154} INFO - [2023-11-19T23:20:26.642+0000] {manager.py:499} INFO - Created Permission View: %s
[2023-11-19T23:20:26.642+0000] {logging_mixin.py:154} INFO - [2023-11-19T23:20:26.642+0000] {dag.py:2941} INFO - Sync 1 DAGs
[2023-11-19T23:20:26.647+0000] {logging_mixin.py:154} INFO - [2023-11-19T23:20:26.647+0000] {dag.py:2963} INFO - Creating ORM DAG for example_xcom
[2023-11-19T23:20:26.651+0000] {logging_mixin.py:154} INFO - [2023-11-19T23:20:26.651+0000] {dag.py:3722} INFO - Setting next_dagrun for example_xcom to 2021-01-01T00:00:00+00:00, run_after=2021-01-01T00:00:00+00:00
[2023-11-19T23:20:26.658+0000] {processor.py:179} INFO - Processing /home/airflow/.local/lib/python3.8/site-packages/airflow/example_dags/example_xcom.py took 0.100 seconds
[2023-11-19T23:20:57.255+0000] {processor.py:157} INFO - Started process (PID=110) to work on /home/airflow/.local/lib/python3.8/site-packages/airflow/example_dags/example_xcom.py
[2023-11-19T23:20:57.256+0000] {processor.py:829} INFO - Processing file /home/airflow/.local/lib/python3.8/site-packages/airflow/example_dags/example_xcom.py for tasks to queue
[2023-11-19T23:20:57.257+0000] {logging_mixin.py:154} INFO - [2023-11-19T23:20:57.257+0000] {dagbag.py:536} INFO - Filling up the DagBag from /home/airflow/.local/lib/python3.8/site-packages/airflow/example_dags/example_xcom.py
[2023-11-19T23:20:57.260+0000] {processor.py:839} INFO - DAG(s) dict_keys(['example_xcom']) retrieved from /home/airflow/.local/lib/python3.8/site-packages/airflow/example_dags/example_xcom.py
[2023-11-19T23:20:57.269+0000] {logging_mixin.py:154} INFO - [2023-11-19T23:20:57.269+0000] {dag.py:2941} INFO - Sync 1 DAGs
[2023-11-19T23:20:57.277+0000] {logging_mixin.py:154} INFO - [2023-11-19T23:20:57.277+0000] {dag.py:3722} INFO - Setting next_dagrun for example_xcom to 2021-01-01T00:00:00+00:00, run_after=2021-01-01T00:00:00+00:00
[2023-11-19T23:20:57.283+0000] {processor.py:179} INFO - Processing /home/airflow/.local/lib/python3.8/site-packages/airflow/example_dags/example_xcom.py took 0.029 seconds
[2023-11-19T23:21:27.907+0000] {processor.py:157} INFO - Started process (PID=164) to work on /home/airflow/.local/lib/python3.8/site-packages/airflow/example_dags/example_xcom.py
[2023-11-19T23:21:27.907+0000] {processor.py:829} INFO - Processing file /home/airflow/.local/lib/python3.8/site-packages/airflow/example_dags/example_xcom.py for tasks to queue
[2023-11-19T23:21:27.908+0000] {logging_mixin.py:154} INFO - [2023-11-19T23:21:27.908+0000] {dagbag.py:536} INFO - Filling up the DagBag from /home/airflow/.local/lib/python3.8/site-packages/airflow/example_dags/example_xcom.py
[2023-11-19T23:21:27.912+0000] {processor.py:839} INFO - DAG(s) dict_keys(['example_xcom']) retrieved from /home/airflow/.local/lib/python3.8/site-packages/airflow/example_dags/example_xcom.py
[2023-11-19T23:21:27.921+0000] {logging_mixin.py:154} INFO - [2023-11-19T23:21:27.921+0000] {dag.py:2941} INFO - Sync 1 DAGs
[2023-11-19T23:21:27.929+0000] {logging_mixin.py:154} INFO - [2023-11-19T23:21:27.929+0000] {dag.py:3722} INFO - Setting next_dagrun for example_xcom to 2021-01-01T00:00:00+00:00, run_after=2021-01-01T00:00:00+00:00
[2023-11-19T23:21:27.937+0000] {processor.py:179} INFO - Processing /home/airflow/.local/lib/python3.8/site-packages/airflow/example_dags/example_xcom.py took 0.032 seconds
[2023-11-19T23:21:58.369+0000] {processor.py:157} INFO - Started process (PID=218) to work on /home/airflow/.local/lib/python3.8/site-packages/airflow/example_dags/example_xcom.py
[2023-11-19T23:21:58.370+0000] {processor.py:829} INFO - Processing file /home/airflow/.local/lib/python3.8/site-packages/airflow/example_dags/example_xcom.py for tasks to queue
[2023-11-19T23:21:58.371+0000] {logging_mixin.py:154} INFO - [2023-11-19T23:21:58.371+0000] {dagbag.py:536} INFO - Filling up the DagBag from /home/airflow/.local/lib/python3.8/site-packages/airflow/example_dags/example_xcom.py
[2023-11-19T23:21:58.375+0000] {processor.py:839} INFO - DAG(s) dict_keys(['example_xcom']) retrieved from /home/airflow/.local/lib/python3.8/site-packages/airflow/example_dags/example_xcom.py
[2023-11-19T23:21:58.384+0000] {logging_mixin.py:154} INFO - [2023-11-19T23:21:58.384+0000] {dag.py:2941} INFO - Sync 1 DAGs
[2023-11-19T23:21:58.391+0000] {logging_mixin.py:154} INFO - [2023-11-19T23:21:58.391+0000] {dag.py:3722} INFO - Setting next_dagrun for example_xcom to 2021-01-01T00:00:00+00:00, run_after=2021-01-01T00:00:00+00:00
[2023-11-19T23:21:58.397+0000] {processor.py:179} INFO - Processing /home/airflow/.local/lib/python3.8/site-packages/airflow/example_dags/example_xcom.py took 0.029 seconds
[2023-11-19T23:22:28.844+0000] {processor.py:157} INFO - Started process (PID=272) to work on /home/airflow/.local/lib/python3.8/site-packages/airflow/example_dags/example_xcom.py
[2023-11-19T23:22:28.844+0000] {processor.py:829} INFO - Processing file /home/airflow/.local/lib/python3.8/site-packages/airflow/example_dags/example_xcom.py for tasks to queue
[2023-11-19T23:22:28.845+0000] {logging_mixin.py:154} INFO - [2023-11-19T23:22:28.845+0000] {dagbag.py:536} INFO - Filling up the DagBag from /home/airflow/.local/lib/python3.8/site-packages/airflow/example_dags/example_xcom.py
[2023-11-19T23:22:28.849+0000] {processor.py:839} INFO - DAG(s) dict_keys(['example_xcom']) retrieved from /home/airflow/.local/lib/python3.8/site-packages/airflow/example_dags/example_xcom.py
[2023-11-19T23:22:28.858+0000] {logging_mixin.py:154} INFO - [2023-11-19T23:22:28.858+0000] {dag.py:2941} INFO - Sync 1 DAGs
[2023-11-19T23:22:28.866+0000] {logging_mixin.py:154} INFO - [2023-11-19T23:22:28.866+0000] {dag.py:3722} INFO - Setting next_dagrun for example_xcom to 2021-01-01T00:00:00+00:00, run_after=2021-01-01T00:00:00+00:00
[2023-11-19T23:22:28.872+0000] {processor.py:179} INFO - Processing /home/airflow/.local/lib/python3.8/site-packages/airflow/example_dags/example_xcom.py took 0.030 seconds
[2023-11-19T23:22:59.289+0000] {processor.py:157} INFO - Started process (PID=326) to work on /home/airflow/.local/lib/python3.8/site-packages/airflow/example_dags/example_xcom.py
[2023-11-19T23:22:59.289+0000] {processor.py:829} INFO - Processing file /home/airflow/.local/lib/python3.8/site-packages/airflow/example_dags/example_xcom.py for tasks to queue
[2023-11-19T23:22:59.290+0000] {logging_mixin.py:154} INFO - [2023-11-19T23:22:59.290+0000] {dagbag.py:536} INFO - Filling up the DagBag from /home/airflow/.local/lib/python3.8/site-packages/airflow/example_dags/example_xcom.py
[2023-11-19T23:22:59.294+0000] {processor.py:839} INFO - DAG(s) dict_keys(['example_xcom']) retrieved from /home/airflow/.local/lib/python3.8/site-packages/airflow/example_dags/example_xcom.py
[2023-11-19T23:22:59.303+0000] {logging_mixin.py:154} INFO - [2023-11-19T23:22:59.303+0000] {dag.py:2941} INFO - Sync 1 DAGs
[2023-11-19T23:22:59.311+0000] {logging_mixin.py:154} INFO - [2023-11-19T23:22:59.311+0000] {dag.py:3722} INFO - Setting next_dagrun for example_xcom to 2021-01-01T00:00:00+00:00, run_after=2021-01-01T00:00:00+00:00
[2023-11-19T23:22:59.316+0000] {processor.py:179} INFO - Processing /home/airflow/.local/lib/python3.8/site-packages/airflow/example_dags/example_xcom.py took 0.029 seconds
[2023-11-19T23:23:29.671+0000] {processor.py:157} INFO - Started process (PID=380) to work on /home/airflow/.local/lib/python3.8/site-packages/airflow/example_dags/example_xcom.py
[2023-11-19T23:23:29.672+0000] {processor.py:829} INFO - Processing file /home/airflow/.local/lib/python3.8/site-packages/airflow/example_dags/example_xcom.py for tasks to queue
[2023-11-19T23:23:29.673+0000] {logging_mixin.py:154} INFO - [2023-11-19T23:23:29.673+0000] {dagbag.py:536} INFO - Filling up the DagBag from /home/airflow/.local/lib/python3.8/site-packages/airflow/example_dags/example_xcom.py
[2023-11-19T23:23:29.677+0000] {processor.py:839} INFO - DAG(s) dict_keys(['example_xcom']) retrieved from /home/airflow/.local/lib/python3.8/site-packages/airflow/example_dags/example_xcom.py
[2023-11-19T23:23:29.687+0000] {logging_mixin.py:154} INFO - [2023-11-19T23:23:29.687+0000] {dag.py:2941} INFO - Sync 1 DAGs
[2023-11-19T23:23:29.695+0000] {logging_mixin.py:154} INFO - [2023-11-19T23:23:29.695+0000] {dag.py:3722} INFO - Setting next_dagrun for example_xcom to 2021-01-01T00:00:00+00:00, run_after=2021-01-01T00:00:00+00:00
[2023-11-19T23:23:29.702+0000] {processor.py:179} INFO - Processing /home/airflow/.local/lib/python3.8/site-packages/airflow/example_dags/example_xcom.py took 0.033 seconds
[2023-11-19T23:24:00.103+0000] {processor.py:157} INFO - Started process (PID=434) to work on /home/airflow/.local/lib/python3.8/site-packages/airflow/example_dags/example_xcom.py
[2023-11-19T23:24:00.103+0000] {processor.py:829} INFO - Processing file /home/airflow/.local/lib/python3.8/site-packages/airflow/example_dags/example_xcom.py for tasks to queue
[2023-11-19T23:24:00.104+0000] {logging_mixin.py:154} INFO - [2023-11-19T23:24:00.104+0000] {dagbag.py:536} INFO - Filling up the DagBag from /home/airflow/.local/lib/python3.8/site-packages/airflow/example_dags/example_xcom.py
[2023-11-19T23:24:00.108+0000] {processor.py:839} INFO - DAG(s) dict_keys(['example_xcom']) retrieved from /home/airflow/.local/lib/python3.8/site-packages/airflow/example_dags/example_xcom.py
[2023-11-19T23:24:00.117+0000] {logging_mixin.py:154} INFO - [2023-11-19T23:24:00.117+0000] {dag.py:2941} INFO - Sync 1 DAGs
[2023-11-19T23:24:00.125+0000] {logging_mixin.py:154} INFO - [2023-11-19T23:24:00.125+0000] {dag.py:3722} INFO - Setting next_dagrun for example_xcom to 2021-01-01T00:00:00+00:00, run_after=2021-01-01T00:00:00+00:00
[2023-11-19T23:24:00.131+0000] {processor.py:179} INFO - Processing /home/airflow/.local/lib/python3.8/site-packages/airflow/example_dags/example_xcom.py took 0.030 seconds
[2023-11-19T23:24:30.594+0000] {processor.py:157} INFO - Started process (PID=488) to work on /home/airflow/.local/lib/python3.8/site-packages/airflow/example_dags/example_xcom.py
[2023-11-19T23:24:30.594+0000] {processor.py:829} INFO - Processing file /home/airflow/.local/lib/python3.8/site-packages/airflow/example_dags/example_xcom.py for tasks to queue
[2023-11-19T23:24:30.595+0000] {logging_mixin.py:154} INFO - [2023-11-19T23:24:30.595+0000] {dagbag.py:536} INFO - Filling up the DagBag from /home/airflow/.local/lib/python3.8/site-packages/airflow/example_dags/example_xcom.py
[2023-11-19T23:24:30.599+0000] {processor.py:839} INFO - DAG(s) dict_keys(['example_xcom']) retrieved from /home/airflow/.local/lib/python3.8/site-packages/airflow/example_dags/example_xcom.py
[2023-11-19T23:24:30.608+0000] {logging_mixin.py:154} INFO - [2023-11-19T23:24:30.608+0000] {dag.py:2941} INFO - Sync 1 DAGs
[2023-11-19T23:24:30.616+0000] {logging_mixin.py:154} INFO - [2023-11-19T23:24:30.616+0000] {dag.py:3722} INFO - Setting next_dagrun for example_xcom to 2021-01-01T00:00:00+00:00, run_after=2021-01-01T00:00:00+00:00
[2023-11-19T23:24:30.622+0000] {processor.py:179} INFO - Processing /home/airflow/.local/lib/python3.8/site-packages/airflow/example_dags/example_xcom.py took 0.030 seconds
[2023-11-19T23:25:01.086+0000] {processor.py:157} INFO - Started process (PID=542) to work on /home/airflow/.local/lib/python3.8/site-packages/airflow/example_dags/example_xcom.py
[2023-11-19T23:25:01.086+0000] {processor.py:829} INFO - Processing file /home/airflow/.local/lib/python3.8/site-packages/airflow/example_dags/example_xcom.py for tasks to queue
[2023-11-19T23:25:01.087+0000] {logging_mixin.py:154} INFO - [2023-11-19T23:25:01.087+0000] {dagbag.py:536} INFO - Filling up the DagBag from /home/airflow/.local/lib/python3.8/site-packages/airflow/example_dags/example_xcom.py
[2023-11-19T23:25:01.091+0000] {processor.py:839} INFO - DAG(s) dict_keys(['example_xcom']) retrieved from /home/airflow/.local/lib/python3.8/site-packages/airflow/example_dags/example_xcom.py
[2023-11-19T23:25:01.100+0000] {logging_mixin.py:154} INFO - [2023-11-19T23:25:01.100+0000] {dag.py:2941} INFO - Sync 1 DAGs
[2023-11-19T23:25:01.109+0000] {logging_mixin.py:154} INFO - [2023-11-19T23:25:01.109+0000] {dag.py:3722} INFO - Setting next_dagrun for example_xcom to 2021-01-01T00:00:00+00:00, run_after=2021-01-01T00:00:00+00:00
[2023-11-19T23:25:01.115+0000] {processor.py:179} INFO - Processing /home/airflow/.local/lib/python3.8/site-packages/airflow/example_dags/example_xcom.py took 0.031 seconds
[2023-11-19T23:25:31.632+0000] {processor.py:157} INFO - Started process (PID=596) to work on /home/airflow/.local/lib/python3.8/site-packages/airflow/example_dags/example_xcom.py
[2023-11-19T23:25:31.632+0000] {processor.py:829} INFO - Processing file /home/airflow/.local/lib/python3.8/site-packages/airflow/example_dags/example_xcom.py for tasks to queue
[2023-11-19T23:25:31.633+0000] {logging_mixin.py:154} INFO - [2023-11-19T23:25:31.633+0000] {dagbag.py:536} INFO - Filling up the DagBag from /home/airflow/.local/lib/python3.8/site-packages/airflow/example_dags/example_xcom.py
[2023-11-19T23:25:31.637+0000] {processor.py:839} INFO - DAG(s) dict_keys(['example_xcom']) retrieved from /home/airflow/.local/lib/python3.8/site-packages/airflow/example_dags/example_xcom.py
[2023-11-19T23:25:31.646+0000] {logging_mixin.py:154} INFO - [2023-11-19T23:25:31.646+0000] {dag.py:2941} INFO - Sync 1 DAGs
[2023-11-19T23:25:31.655+0000] {logging_mixin.py:154} INFO - [2023-11-19T23:25:31.655+0000] {dag.py:3722} INFO - Setting next_dagrun for example_xcom to 2021-01-01T00:00:00+00:00, run_after=2021-01-01T00:00:00+00:00
[2023-11-19T23:25:31.663+0000] {processor.py:179} INFO - Processing /home/airflow/.local/lib/python3.8/site-packages/airflow/example_dags/example_xcom.py took 0.033 seconds
[2023-11-19T23:31:23.314+0000] {processor.py:157} INFO - Started process (PID=57) to work on /home/airflow/.local/lib/python3.8/site-packages/airflow/example_dags/example_xcom.py
[2023-11-19T23:31:23.315+0000] {processor.py:829} INFO - Processing file /home/airflow/.local/lib/python3.8/site-packages/airflow/example_dags/example_xcom.py for tasks to queue
[2023-11-19T23:31:23.317+0000] {logging_mixin.py:154} INFO - [2023-11-19T23:31:23.317+0000] {dagbag.py:536} INFO - Filling up the DagBag from /home/airflow/.local/lib/python3.8/site-packages/airflow/example_dags/example_xcom.py
[2023-11-19T23:31:23.323+0000] {processor.py:839} INFO - DAG(s) dict_keys(['example_xcom']) retrieved from /home/airflow/.local/lib/python3.8/site-packages/airflow/example_dags/example_xcom.py
[2023-11-19T23:31:23.399+0000] {logging_mixin.py:154} INFO - [2023-11-19T23:31:23.399+0000] {manager.py:499} INFO - Created Permission View: %s
[2023-11-19T23:31:23.407+0000] {logging_mixin.py:154} INFO - [2023-11-19T23:31:23.407+0000] {manager.py:499} INFO - Created Permission View: %s
[2023-11-19T23:31:23.411+0000] {logging_mixin.py:154} INFO - [2023-11-19T23:31:23.411+0000] {manager.py:499} INFO - Created Permission View: %s
[2023-11-19T23:31:23.411+0000] {logging_mixin.py:154} INFO - [2023-11-19T23:31:23.411+0000] {dag.py:2941} INFO - Sync 1 DAGs
[2023-11-19T23:31:23.419+0000] {logging_mixin.py:154} INFO - [2023-11-19T23:31:23.419+0000] {dag.py:2963} INFO - Creating ORM DAG for example_xcom
[2023-11-19T23:31:23.424+0000] {logging_mixin.py:154} INFO - [2023-11-19T23:31:23.424+0000] {dag.py:3722} INFO - Setting next_dagrun for example_xcom to 2021-01-01T00:00:00+00:00, run_after=2021-01-01T00:00:00+00:00
[2023-11-19T23:31:23.434+0000] {processor.py:179} INFO - Processing /home/airflow/.local/lib/python3.8/site-packages/airflow/example_dags/example_xcom.py took 0.123 seconds
[2023-11-19T23:31:54.016+0000] {processor.py:157} INFO - Started process (PID=111) to work on /home/airflow/.local/lib/python3.8/site-packages/airflow/example_dags/example_xcom.py
[2023-11-19T23:31:54.016+0000] {processor.py:829} INFO - Processing file /home/airflow/.local/lib/python3.8/site-packages/airflow/example_dags/example_xcom.py for tasks to queue
[2023-11-19T23:31:54.017+0000] {logging_mixin.py:154} INFO - [2023-11-19T23:31:54.017+0000] {dagbag.py:536} INFO - Filling up the DagBag from /home/airflow/.local/lib/python3.8/site-packages/airflow/example_dags/example_xcom.py
[2023-11-19T23:31:54.021+0000] {processor.py:839} INFO - DAG(s) dict_keys(['example_xcom']) retrieved from /home/airflow/.local/lib/python3.8/site-packages/airflow/example_dags/example_xcom.py
[2023-11-19T23:31:54.030+0000] {logging_mixin.py:154} INFO - [2023-11-19T23:31:54.030+0000] {dag.py:2941} INFO - Sync 1 DAGs
[2023-11-19T23:31:54.038+0000] {logging_mixin.py:154} INFO - [2023-11-19T23:31:54.038+0000] {dag.py:3722} INFO - Setting next_dagrun for example_xcom to 2021-01-01T00:00:00+00:00, run_after=2021-01-01T00:00:00+00:00
[2023-11-19T23:31:54.044+0000] {processor.py:179} INFO - Processing /home/airflow/.local/lib/python3.8/site-packages/airflow/example_dags/example_xcom.py took 0.030 seconds
[2023-11-19T23:32:24.555+0000] {processor.py:157} INFO - Started process (PID=165) to work on /home/airflow/.local/lib/python3.8/site-packages/airflow/example_dags/example_xcom.py
[2023-11-19T23:32:24.556+0000] {processor.py:829} INFO - Processing file /home/airflow/.local/lib/python3.8/site-packages/airflow/example_dags/example_xcom.py for tasks to queue
[2023-11-19T23:32:24.557+0000] {logging_mixin.py:154} INFO - [2023-11-19T23:32:24.557+0000] {dagbag.py:536} INFO - Filling up the DagBag from /home/airflow/.local/lib/python3.8/site-packages/airflow/example_dags/example_xcom.py
[2023-11-19T23:32:24.560+0000] {processor.py:839} INFO - DAG(s) dict_keys(['example_xcom']) retrieved from /home/airflow/.local/lib/python3.8/site-packages/airflow/example_dags/example_xcom.py
[2023-11-19T23:32:24.570+0000] {logging_mixin.py:154} INFO - [2023-11-19T23:32:24.569+0000] {dag.py:2941} INFO - Sync 1 DAGs
[2023-11-19T23:32:24.578+0000] {logging_mixin.py:154} INFO - [2023-11-19T23:32:24.578+0000] {dag.py:3722} INFO - Setting next_dagrun for example_xcom to 2021-01-01T00:00:00+00:00, run_after=2021-01-01T00:00:00+00:00
[2023-11-19T23:32:24.584+0000] {processor.py:179} INFO - Processing /home/airflow/.local/lib/python3.8/site-packages/airflow/example_dags/example_xcom.py took 0.031 seconds
[2023-11-19T23:32:55.032+0000] {processor.py:157} INFO - Started process (PID=219) to work on /home/airflow/.local/lib/python3.8/site-packages/airflow/example_dags/example_xcom.py
[2023-11-19T23:32:55.032+0000] {processor.py:829} INFO - Processing file /home/airflow/.local/lib/python3.8/site-packages/airflow/example_dags/example_xcom.py for tasks to queue
[2023-11-19T23:32:55.033+0000] {logging_mixin.py:154} INFO - [2023-11-19T23:32:55.033+0000] {dagbag.py:536} INFO - Filling up the DagBag from /home/airflow/.local/lib/python3.8/site-packages/airflow/example_dags/example_xcom.py
[2023-11-19T23:32:55.037+0000] {processor.py:839} INFO - DAG(s) dict_keys(['example_xcom']) retrieved from /home/airflow/.local/lib/python3.8/site-packages/airflow/example_dags/example_xcom.py
[2023-11-19T23:32:55.046+0000] {logging_mixin.py:154} INFO - [2023-11-19T23:32:55.046+0000] {dag.py:2941} INFO - Sync 1 DAGs
[2023-11-19T23:32:55.053+0000] {logging_mixin.py:154} INFO - [2023-11-19T23:32:55.053+0000] {dag.py:3722} INFO - Setting next_dagrun for example_xcom to 2021-01-01T00:00:00+00:00, run_after=2021-01-01T00:00:00+00:00
[2023-11-19T23:32:55.059+0000] {processor.py:179} INFO - Processing /home/airflow/.local/lib/python3.8/site-packages/airflow/example_dags/example_xcom.py took 0.029 seconds
[2023-11-19T23:33:25.494+0000] {processor.py:157} INFO - Started process (PID=273) to work on /home/airflow/.local/lib/python3.8/site-packages/airflow/example_dags/example_xcom.py
[2023-11-19T23:33:25.495+0000] {processor.py:829} INFO - Processing file /home/airflow/.local/lib/python3.8/site-packages/airflow/example_dags/example_xcom.py for tasks to queue
[2023-11-19T23:33:25.496+0000] {logging_mixin.py:154} INFO - [2023-11-19T23:33:25.496+0000] {dagbag.py:536} INFO - Filling up the DagBag from /home/airflow/.local/lib/python3.8/site-packages/airflow/example_dags/example_xcom.py
[2023-11-19T23:33:25.500+0000] {processor.py:839} INFO - DAG(s) dict_keys(['example_xcom']) retrieved from /home/airflow/.local/lib/python3.8/site-packages/airflow/example_dags/example_xcom.py
[2023-11-19T23:33:25.509+0000] {logging_mixin.py:154} INFO - [2023-11-19T23:33:25.509+0000] {dag.py:2941} INFO - Sync 1 DAGs
[2023-11-19T23:33:25.518+0000] {logging_mixin.py:154} INFO - [2023-11-19T23:33:25.517+0000] {dag.py:3722} INFO - Setting next_dagrun for example_xcom to 2021-01-01T00:00:00+00:00, run_after=2021-01-01T00:00:00+00:00
[2023-11-19T23:33:25.524+0000] {processor.py:179} INFO - Processing /home/airflow/.local/lib/python3.8/site-packages/airflow/example_dags/example_xcom.py took 0.032 seconds
[2023-11-19T23:33:56.017+0000] {processor.py:157} INFO - Started process (PID=327) to work on /home/airflow/.local/lib/python3.8/site-packages/airflow/example_dags/example_xcom.py
[2023-11-19T23:33:56.017+0000] {processor.py:829} INFO - Processing file /home/airflow/.local/lib/python3.8/site-packages/airflow/example_dags/example_xcom.py for tasks to queue
[2023-11-19T23:33:56.018+0000] {logging_mixin.py:154} INFO - [2023-11-19T23:33:56.018+0000] {dagbag.py:536} INFO - Filling up the DagBag from /home/airflow/.local/lib/python3.8/site-packages/airflow/example_dags/example_xcom.py
[2023-11-19T23:33:56.022+0000] {processor.py:839} INFO - DAG(s) dict_keys(['example_xcom']) retrieved from /home/airflow/.local/lib/python3.8/site-packages/airflow/example_dags/example_xcom.py
[2023-11-19T23:33:56.031+0000] {logging_mixin.py:154} INFO - [2023-11-19T23:33:56.031+0000] {dag.py:2941} INFO - Sync 1 DAGs
[2023-11-19T23:33:56.039+0000] {logging_mixin.py:154} INFO - [2023-11-19T23:33:56.039+0000] {dag.py:3722} INFO - Setting next_dagrun for example_xcom to 2021-01-01T00:00:00+00:00, run_after=2021-01-01T00:00:00+00:00
[2023-11-19T23:33:56.045+0000] {processor.py:179} INFO - Processing /home/airflow/.local/lib/python3.8/site-packages/airflow/example_dags/example_xcom.py took 0.030 seconds
[2023-11-19T23:34:26.435+0000] {processor.py:157} INFO - Started process (PID=381) to work on /home/airflow/.local/lib/python3.8/site-packages/airflow/example_dags/example_xcom.py
[2023-11-19T23:34:26.435+0000] {processor.py:829} INFO - Processing file /home/airflow/.local/lib/python3.8/site-packages/airflow/example_dags/example_xcom.py for tasks to queue
[2023-11-19T23:34:26.436+0000] {logging_mixin.py:154} INFO - [2023-11-19T23:34:26.436+0000] {dagbag.py:536} INFO - Filling up the DagBag from /home/airflow/.local/lib/python3.8/site-packages/airflow/example_dags/example_xcom.py
[2023-11-19T23:34:26.440+0000] {processor.py:839} INFO - DAG(s) dict_keys(['example_xcom']) retrieved from /home/airflow/.local/lib/python3.8/site-packages/airflow/example_dags/example_xcom.py
[2023-11-19T23:34:26.449+0000] {logging_mixin.py:154} INFO - [2023-11-19T23:34:26.449+0000] {dag.py:2941} INFO - Sync 1 DAGs
[2023-11-19T23:34:26.457+0000] {logging_mixin.py:154} INFO - [2023-11-19T23:34:26.457+0000] {dag.py:3722} INFO - Setting next_dagrun for example_xcom to 2021-01-01T00:00:00+00:00, run_after=2021-01-01T00:00:00+00:00
[2023-11-19T23:34:26.463+0000] {processor.py:179} INFO - Processing /home/airflow/.local/lib/python3.8/site-packages/airflow/example_dags/example_xcom.py took 0.030 seconds
[2023-11-19T23:34:56.908+0000] {processor.py:157} INFO - Started process (PID=435) to work on /home/airflow/.local/lib/python3.8/site-packages/airflow/example_dags/example_xcom.py
[2023-11-19T23:34:56.909+0000] {processor.py:829} INFO - Processing file /home/airflow/.local/lib/python3.8/site-packages/airflow/example_dags/example_xcom.py for tasks to queue
[2023-11-19T23:34:56.910+0000] {logging_mixin.py:154} INFO - [2023-11-19T23:34:56.910+0000] {dagbag.py:536} INFO - Filling up the DagBag from /home/airflow/.local/lib/python3.8/site-packages/airflow/example_dags/example_xcom.py
[2023-11-19T23:34:56.913+0000] {processor.py:839} INFO - DAG(s) dict_keys(['example_xcom']) retrieved from /home/airflow/.local/lib/python3.8/site-packages/airflow/example_dags/example_xcom.py
[2023-11-19T23:34:56.923+0000] {logging_mixin.py:154} INFO - [2023-11-19T23:34:56.922+0000] {dag.py:2941} INFO - Sync 1 DAGs
[2023-11-19T23:34:56.931+0000] {logging_mixin.py:154} INFO - [2023-11-19T23:34:56.931+0000] {dag.py:3722} INFO - Setting next_dagrun for example_xcom to 2021-01-01T00:00:00+00:00, run_after=2021-01-01T00:00:00+00:00
[2023-11-19T23:34:56.937+0000] {processor.py:179} INFO - Processing /home/airflow/.local/lib/python3.8/site-packages/airflow/example_dags/example_xcom.py took 0.031 seconds
[2023-11-19T23:35:27.480+0000] {processor.py:157} INFO - Started process (PID=489) to work on /home/airflow/.local/lib/python3.8/site-packages/airflow/example_dags/example_xcom.py
[2023-11-19T23:35:27.480+0000] {processor.py:829} INFO - Processing file /home/airflow/.local/lib/python3.8/site-packages/airflow/example_dags/example_xcom.py for tasks to queue
[2023-11-19T23:35:27.481+0000] {logging_mixin.py:154} INFO - [2023-11-19T23:35:27.481+0000] {dagbag.py:536} INFO - Filling up the DagBag from /home/airflow/.local/lib/python3.8/site-packages/airflow/example_dags/example_xcom.py
[2023-11-19T23:35:27.485+0000] {processor.py:839} INFO - DAG(s) dict_keys(['example_xcom']) retrieved from /home/airflow/.local/lib/python3.8/site-packages/airflow/example_dags/example_xcom.py
[2023-11-19T23:35:27.494+0000] {logging_mixin.py:154} INFO - [2023-11-19T23:35:27.494+0000] {dag.py:2941} INFO - Sync 1 DAGs
[2023-11-19T23:35:27.502+0000] {logging_mixin.py:154} INFO - [2023-11-19T23:35:27.502+0000] {dag.py:3722} INFO - Setting next_dagrun for example_xcom to 2021-01-01T00:00:00+00:00, run_after=2021-01-01T00:00:00+00:00
[2023-11-19T23:35:27.508+0000] {processor.py:179} INFO - Processing /home/airflow/.local/lib/python3.8/site-packages/airflow/example_dags/example_xcom.py took 0.029 seconds
[2023-11-19T23:35:57.999+0000] {processor.py:157} INFO - Started process (PID=543) to work on /home/airflow/.local/lib/python3.8/site-packages/airflow/example_dags/example_xcom.py
[2023-11-19T23:35:58.000+0000] {processor.py:829} INFO - Processing file /home/airflow/.local/lib/python3.8/site-packages/airflow/example_dags/example_xcom.py for tasks to queue
[2023-11-19T23:35:58.001+0000] {logging_mixin.py:154} INFO - [2023-11-19T23:35:58.001+0000] {dagbag.py:536} INFO - Filling up the DagBag from /home/airflow/.local/lib/python3.8/site-packages/airflow/example_dags/example_xcom.py
[2023-11-19T23:35:58.004+0000] {processor.py:839} INFO - DAG(s) dict_keys(['example_xcom']) retrieved from /home/airflow/.local/lib/python3.8/site-packages/airflow/example_dags/example_xcom.py
[2023-11-19T23:35:58.014+0000] {logging_mixin.py:154} INFO - [2023-11-19T23:35:58.014+0000] {dag.py:2941} INFO - Sync 1 DAGs
[2023-11-19T23:35:58.023+0000] {logging_mixin.py:154} INFO - [2023-11-19T23:35:58.023+0000] {dag.py:3722} INFO - Setting next_dagrun for example_xcom to 2021-01-01T00:00:00+00:00, run_after=2021-01-01T00:00:00+00:00
[2023-11-19T23:35:58.030+0000] {processor.py:179} INFO - Processing /home/airflow/.local/lib/python3.8/site-packages/airflow/example_dags/example_xcom.py took 0.033 seconds
