[2023-11-19T23:20:25.730+0000] {processor.py:157} INFO - Started process (PID=41) to work on /home/airflow/.local/lib/python3.8/site-packages/airflow/example_dags/example_task_group_decorator.py
[2023-11-19T23:20:25.730+0000] {processor.py:829} INFO - Processing file /home/airflow/.local/lib/python3.8/site-packages/airflow/example_dags/example_task_group_decorator.py for tasks to queue
[2023-11-19T23:20:25.732+0000] {logging_mixin.py:154} INFO - [2023-11-19T23:20:25.731+0000] {dagbag.py:536} INFO - Filling up the DagBag from /home/airflow/.local/lib/python3.8/site-packages/airflow/example_dags/example_task_group_decorator.py
[2023-11-19T23:20:25.739+0000] {processor.py:839} INFO - DAG(s) dict_keys(['example_task_group_decorator']) retrieved from /home/airflow/.local/lib/python3.8/site-packages/airflow/example_dags/example_task_group_decorator.py
[2023-11-19T23:20:25.790+0000] {logging_mixin.py:154} INFO - [2023-11-19T23:20:25.790+0000] {manager.py:499} INFO - Created Permission View: %s
[2023-11-19T23:20:25.794+0000] {logging_mixin.py:154} INFO - [2023-11-19T23:20:25.794+0000] {manager.py:499} INFO - Created Permission View: %s
[2023-11-19T23:20:25.796+0000] {logging_mixin.py:154} INFO - [2023-11-19T23:20:25.796+0000] {manager.py:499} INFO - Created Permission View: %s
[2023-11-19T23:20:25.796+0000] {logging_mixin.py:154} INFO - [2023-11-19T23:20:25.796+0000] {dag.py:2941} INFO - Sync 1 DAGs
[2023-11-19T23:20:25.802+0000] {logging_mixin.py:154} INFO - [2023-11-19T23:20:25.802+0000] {dag.py:2963} INFO - Creating ORM DAG for example_task_group_decorator
[2023-11-19T23:20:25.806+0000] {logging_mixin.py:154} INFO - [2023-11-19T23:20:25.806+0000] {dag.py:3722} INFO - Setting next_dagrun for example_task_group_decorator to 2023-11-18T23:20:25.806324+00:00, run_after=2023-11-19T23:20:25.806324+00:00
[2023-11-19T23:20:25.812+0000] {processor.py:179} INFO - Processing /home/airflow/.local/lib/python3.8/site-packages/airflow/example_dags/example_task_group_decorator.py took 0.084 seconds
[2023-11-19T23:20:55.885+0000] {processor.py:157} INFO - Started process (PID=95) to work on /home/airflow/.local/lib/python3.8/site-packages/airflow/example_dags/example_task_group_decorator.py
[2023-11-19T23:20:55.885+0000] {processor.py:829} INFO - Processing file /home/airflow/.local/lib/python3.8/site-packages/airflow/example_dags/example_task_group_decorator.py for tasks to queue
[2023-11-19T23:20:55.887+0000] {logging_mixin.py:154} INFO - [2023-11-19T23:20:55.886+0000] {dagbag.py:536} INFO - Filling up the DagBag from /home/airflow/.local/lib/python3.8/site-packages/airflow/example_dags/example_task_group_decorator.py
[2023-11-19T23:20:55.893+0000] {processor.py:839} INFO - DAG(s) dict_keys(['example_task_group_decorator']) retrieved from /home/airflow/.local/lib/python3.8/site-packages/airflow/example_dags/example_task_group_decorator.py
[2023-11-19T23:20:55.904+0000] {logging_mixin.py:154} INFO - [2023-11-19T23:20:55.904+0000] {dag.py:2941} INFO - Sync 1 DAGs
[2023-11-19T23:20:55.913+0000] {logging_mixin.py:154} INFO - [2023-11-19T23:20:55.913+0000] {dag.py:3722} INFO - Setting next_dagrun for example_task_group_decorator to 2023-11-18T23:20:55.913296+00:00, run_after=2023-11-19T23:20:55.913296+00:00
[2023-11-19T23:20:55.920+0000] {processor.py:179} INFO - Processing /home/airflow/.local/lib/python3.8/site-packages/airflow/example_dags/example_task_group_decorator.py took 0.037 seconds
[2023-11-19T23:21:26.535+0000] {processor.py:157} INFO - Started process (PID=149) to work on /home/airflow/.local/lib/python3.8/site-packages/airflow/example_dags/example_task_group_decorator.py
[2023-11-19T23:21:26.535+0000] {processor.py:829} INFO - Processing file /home/airflow/.local/lib/python3.8/site-packages/airflow/example_dags/example_task_group_decorator.py for tasks to queue
[2023-11-19T23:21:26.536+0000] {logging_mixin.py:154} INFO - [2023-11-19T23:21:26.536+0000] {dagbag.py:536} INFO - Filling up the DagBag from /home/airflow/.local/lib/python3.8/site-packages/airflow/example_dags/example_task_group_decorator.py
[2023-11-19T23:21:26.543+0000] {processor.py:839} INFO - DAG(s) dict_keys(['example_task_group_decorator']) retrieved from /home/airflow/.local/lib/python3.8/site-packages/airflow/example_dags/example_task_group_decorator.py
[2023-11-19T23:21:26.554+0000] {logging_mixin.py:154} INFO - [2023-11-19T23:21:26.554+0000] {dag.py:2941} INFO - Sync 1 DAGs
[2023-11-19T23:21:26.562+0000] {logging_mixin.py:154} INFO - [2023-11-19T23:21:26.562+0000] {dag.py:3722} INFO - Setting next_dagrun for example_task_group_decorator to 2023-11-18T23:21:26.562485+00:00, run_after=2023-11-19T23:21:26.562485+00:00
[2023-11-19T23:21:26.569+0000] {processor.py:179} INFO - Processing /home/airflow/.local/lib/python3.8/site-packages/airflow/example_dags/example_task_group_decorator.py took 0.036 seconds
[2023-11-19T23:21:57.002+0000] {processor.py:157} INFO - Started process (PID=203) to work on /home/airflow/.local/lib/python3.8/site-packages/airflow/example_dags/example_task_group_decorator.py
[2023-11-19T23:21:57.002+0000] {processor.py:829} INFO - Processing file /home/airflow/.local/lib/python3.8/site-packages/airflow/example_dags/example_task_group_decorator.py for tasks to queue
[2023-11-19T23:21:57.003+0000] {logging_mixin.py:154} INFO - [2023-11-19T23:21:57.003+0000] {dagbag.py:536} INFO - Filling up the DagBag from /home/airflow/.local/lib/python3.8/site-packages/airflow/example_dags/example_task_group_decorator.py
[2023-11-19T23:21:57.010+0000] {processor.py:839} INFO - DAG(s) dict_keys(['example_task_group_decorator']) retrieved from /home/airflow/.local/lib/python3.8/site-packages/airflow/example_dags/example_task_group_decorator.py
[2023-11-19T23:21:57.021+0000] {logging_mixin.py:154} INFO - [2023-11-19T23:21:57.021+0000] {dag.py:2941} INFO - Sync 1 DAGs
[2023-11-19T23:21:57.029+0000] {logging_mixin.py:154} INFO - [2023-11-19T23:21:57.029+0000] {dag.py:3722} INFO - Setting next_dagrun for example_task_group_decorator to 2023-11-18T23:21:57.029785+00:00, run_after=2023-11-19T23:21:57.029785+00:00
[2023-11-19T23:21:57.036+0000] {processor.py:179} INFO - Processing /home/airflow/.local/lib/python3.8/site-packages/airflow/example_dags/example_task_group_decorator.py took 0.036 seconds
[2023-11-19T23:22:27.462+0000] {processor.py:157} INFO - Started process (PID=257) to work on /home/airflow/.local/lib/python3.8/site-packages/airflow/example_dags/example_task_group_decorator.py
[2023-11-19T23:22:27.462+0000] {processor.py:829} INFO - Processing file /home/airflow/.local/lib/python3.8/site-packages/airflow/example_dags/example_task_group_decorator.py for tasks to queue
[2023-11-19T23:22:27.463+0000] {logging_mixin.py:154} INFO - [2023-11-19T23:22:27.463+0000] {dagbag.py:536} INFO - Filling up the DagBag from /home/airflow/.local/lib/python3.8/site-packages/airflow/example_dags/example_task_group_decorator.py
[2023-11-19T23:22:27.470+0000] {processor.py:839} INFO - DAG(s) dict_keys(['example_task_group_decorator']) retrieved from /home/airflow/.local/lib/python3.8/site-packages/airflow/example_dags/example_task_group_decorator.py
[2023-11-19T23:22:27.481+0000] {logging_mixin.py:154} INFO - [2023-11-19T23:22:27.481+0000] {dag.py:2941} INFO - Sync 1 DAGs
[2023-11-19T23:22:27.490+0000] {logging_mixin.py:154} INFO - [2023-11-19T23:22:27.490+0000] {dag.py:3722} INFO - Setting next_dagrun for example_task_group_decorator to 2023-11-18T23:22:27.490187+00:00, run_after=2023-11-19T23:22:27.490187+00:00
[2023-11-19T23:22:27.496+0000] {processor.py:179} INFO - Processing /home/airflow/.local/lib/python3.8/site-packages/airflow/example_dags/example_task_group_decorator.py took 0.037 seconds
[2023-11-19T23:22:57.924+0000] {processor.py:157} INFO - Started process (PID=311) to work on /home/airflow/.local/lib/python3.8/site-packages/airflow/example_dags/example_task_group_decorator.py
[2023-11-19T23:22:57.924+0000] {processor.py:829} INFO - Processing file /home/airflow/.local/lib/python3.8/site-packages/airflow/example_dags/example_task_group_decorator.py for tasks to queue
[2023-11-19T23:22:57.925+0000] {logging_mixin.py:154} INFO - [2023-11-19T23:22:57.925+0000] {dagbag.py:536} INFO - Filling up the DagBag from /home/airflow/.local/lib/python3.8/site-packages/airflow/example_dags/example_task_group_decorator.py
[2023-11-19T23:22:57.932+0000] {processor.py:839} INFO - DAG(s) dict_keys(['example_task_group_decorator']) retrieved from /home/airflow/.local/lib/python3.8/site-packages/airflow/example_dags/example_task_group_decorator.py
[2023-11-19T23:22:57.943+0000] {logging_mixin.py:154} INFO - [2023-11-19T23:22:57.943+0000] {dag.py:2941} INFO - Sync 1 DAGs
[2023-11-19T23:22:57.952+0000] {logging_mixin.py:154} INFO - [2023-11-19T23:22:57.952+0000] {dag.py:3722} INFO - Setting next_dagrun for example_task_group_decorator to 2023-11-18T23:22:57.952213+00:00, run_after=2023-11-19T23:22:57.952213+00:00
[2023-11-19T23:22:57.959+0000] {processor.py:179} INFO - Processing /home/airflow/.local/lib/python3.8/site-packages/airflow/example_dags/example_task_group_decorator.py took 0.037 seconds
[2023-11-19T23:23:28.290+0000] {processor.py:157} INFO - Started process (PID=365) to work on /home/airflow/.local/lib/python3.8/site-packages/airflow/example_dags/example_task_group_decorator.py
[2023-11-19T23:23:28.290+0000] {processor.py:829} INFO - Processing file /home/airflow/.local/lib/python3.8/site-packages/airflow/example_dags/example_task_group_decorator.py for tasks to queue
[2023-11-19T23:23:28.291+0000] {logging_mixin.py:154} INFO - [2023-11-19T23:23:28.291+0000] {dagbag.py:536} INFO - Filling up the DagBag from /home/airflow/.local/lib/python3.8/site-packages/airflow/example_dags/example_task_group_decorator.py
[2023-11-19T23:23:28.298+0000] {processor.py:839} INFO - DAG(s) dict_keys(['example_task_group_decorator']) retrieved from /home/airflow/.local/lib/python3.8/site-packages/airflow/example_dags/example_task_group_decorator.py
[2023-11-19T23:23:28.309+0000] {logging_mixin.py:154} INFO - [2023-11-19T23:23:28.309+0000] {dag.py:2941} INFO - Sync 1 DAGs
[2023-11-19T23:23:28.318+0000] {logging_mixin.py:154} INFO - [2023-11-19T23:23:28.318+0000] {dag.py:3722} INFO - Setting next_dagrun for example_task_group_decorator to 2023-11-18T23:23:28.318279+00:00, run_after=2023-11-19T23:23:28.318279+00:00
[2023-11-19T23:23:28.325+0000] {processor.py:179} INFO - Processing /home/airflow/.local/lib/python3.8/site-packages/airflow/example_dags/example_task_group_decorator.py took 0.037 seconds
[2023-11-19T23:23:58.725+0000] {processor.py:157} INFO - Started process (PID=419) to work on /home/airflow/.local/lib/python3.8/site-packages/airflow/example_dags/example_task_group_decorator.py
[2023-11-19T23:23:58.725+0000] {processor.py:829} INFO - Processing file /home/airflow/.local/lib/python3.8/site-packages/airflow/example_dags/example_task_group_decorator.py for tasks to queue
[2023-11-19T23:23:58.727+0000] {logging_mixin.py:154} INFO - [2023-11-19T23:23:58.726+0000] {dagbag.py:536} INFO - Filling up the DagBag from /home/airflow/.local/lib/python3.8/site-packages/airflow/example_dags/example_task_group_decorator.py
[2023-11-19T23:23:58.734+0000] {processor.py:839} INFO - DAG(s) dict_keys(['example_task_group_decorator']) retrieved from /home/airflow/.local/lib/python3.8/site-packages/airflow/example_dags/example_task_group_decorator.py
[2023-11-19T23:23:58.744+0000] {logging_mixin.py:154} INFO - [2023-11-19T23:23:58.744+0000] {dag.py:2941} INFO - Sync 1 DAGs
[2023-11-19T23:23:58.754+0000] {logging_mixin.py:154} INFO - [2023-11-19T23:23:58.754+0000] {dag.py:3722} INFO - Setting next_dagrun for example_task_group_decorator to 2023-11-18T23:23:58.754005+00:00, run_after=2023-11-19T23:23:58.754005+00:00
[2023-11-19T23:23:58.761+0000] {processor.py:179} INFO - Processing /home/airflow/.local/lib/python3.8/site-packages/airflow/example_dags/example_task_group_decorator.py took 0.037 seconds
[2023-11-19T23:24:29.218+0000] {processor.py:157} INFO - Started process (PID=473) to work on /home/airflow/.local/lib/python3.8/site-packages/airflow/example_dags/example_task_group_decorator.py
[2023-11-19T23:24:29.219+0000] {processor.py:829} INFO - Processing file /home/airflow/.local/lib/python3.8/site-packages/airflow/example_dags/example_task_group_decorator.py for tasks to queue
[2023-11-19T23:24:29.220+0000] {logging_mixin.py:154} INFO - [2023-11-19T23:24:29.220+0000] {dagbag.py:536} INFO - Filling up the DagBag from /home/airflow/.local/lib/python3.8/site-packages/airflow/example_dags/example_task_group_decorator.py
[2023-11-19T23:24:29.227+0000] {processor.py:839} INFO - DAG(s) dict_keys(['example_task_group_decorator']) retrieved from /home/airflow/.local/lib/python3.8/site-packages/airflow/example_dags/example_task_group_decorator.py
[2023-11-19T23:24:29.238+0000] {logging_mixin.py:154} INFO - [2023-11-19T23:24:29.237+0000] {dag.py:2941} INFO - Sync 1 DAGs
[2023-11-19T23:24:29.247+0000] {logging_mixin.py:154} INFO - [2023-11-19T23:24:29.247+0000] {dag.py:3722} INFO - Setting next_dagrun for example_task_group_decorator to 2023-11-18T23:24:29.246872+00:00, run_after=2023-11-19T23:24:29.246872+00:00
[2023-11-19T23:24:29.253+0000] {processor.py:179} INFO - Processing /home/airflow/.local/lib/python3.8/site-packages/airflow/example_dags/example_task_group_decorator.py took 0.037 seconds
[2023-11-19T23:24:59.705+0000] {processor.py:157} INFO - Started process (PID=527) to work on /home/airflow/.local/lib/python3.8/site-packages/airflow/example_dags/example_task_group_decorator.py
[2023-11-19T23:24:59.706+0000] {processor.py:829} INFO - Processing file /home/airflow/.local/lib/python3.8/site-packages/airflow/example_dags/example_task_group_decorator.py for tasks to queue
[2023-11-19T23:24:59.707+0000] {logging_mixin.py:154} INFO - [2023-11-19T23:24:59.707+0000] {dagbag.py:536} INFO - Filling up the DagBag from /home/airflow/.local/lib/python3.8/site-packages/airflow/example_dags/example_task_group_decorator.py
[2023-11-19T23:24:59.714+0000] {processor.py:839} INFO - DAG(s) dict_keys(['example_task_group_decorator']) retrieved from /home/airflow/.local/lib/python3.8/site-packages/airflow/example_dags/example_task_group_decorator.py
[2023-11-19T23:24:59.725+0000] {logging_mixin.py:154} INFO - [2023-11-19T23:24:59.725+0000] {dag.py:2941} INFO - Sync 1 DAGs
[2023-11-19T23:24:59.735+0000] {logging_mixin.py:154} INFO - [2023-11-19T23:24:59.735+0000] {dag.py:3722} INFO - Setting next_dagrun for example_task_group_decorator to 2023-11-18T23:24:59.735084+00:00, run_after=2023-11-19T23:24:59.735084+00:00
[2023-11-19T23:24:59.742+0000] {processor.py:179} INFO - Processing /home/airflow/.local/lib/python3.8/site-packages/airflow/example_dags/example_task_group_decorator.py took 0.038 seconds
[2023-11-19T23:25:30.234+0000] {processor.py:157} INFO - Started process (PID=581) to work on /home/airflow/.local/lib/python3.8/site-packages/airflow/example_dags/example_task_group_decorator.py
[2023-11-19T23:25:30.234+0000] {processor.py:829} INFO - Processing file /home/airflow/.local/lib/python3.8/site-packages/airflow/example_dags/example_task_group_decorator.py for tasks to queue
[2023-11-19T23:25:30.236+0000] {logging_mixin.py:154} INFO - [2023-11-19T23:25:30.236+0000] {dagbag.py:536} INFO - Filling up the DagBag from /home/airflow/.local/lib/python3.8/site-packages/airflow/example_dags/example_task_group_decorator.py
[2023-11-19T23:25:30.243+0000] {processor.py:839} INFO - DAG(s) dict_keys(['example_task_group_decorator']) retrieved from /home/airflow/.local/lib/python3.8/site-packages/airflow/example_dags/example_task_group_decorator.py
[2023-11-19T23:25:30.255+0000] {logging_mixin.py:154} INFO - [2023-11-19T23:25:30.254+0000] {dag.py:2941} INFO - Sync 1 DAGs
[2023-11-19T23:25:30.264+0000] {logging_mixin.py:154} INFO - [2023-11-19T23:25:30.264+0000] {dag.py:3722} INFO - Setting next_dagrun for example_task_group_decorator to 2023-11-18T23:25:30.264219+00:00, run_after=2023-11-19T23:25:30.264219+00:00
[2023-11-19T23:25:30.271+0000] {processor.py:179} INFO - Processing /home/airflow/.local/lib/python3.8/site-packages/airflow/example_dags/example_task_group_decorator.py took 0.039 seconds
[2023-11-19T23:31:22.428+0000] {processor.py:157} INFO - Started process (PID=42) to work on /home/airflow/.local/lib/python3.8/site-packages/airflow/example_dags/example_task_group_decorator.py
[2023-11-19T23:31:22.428+0000] {processor.py:829} INFO - Processing file /home/airflow/.local/lib/python3.8/site-packages/airflow/example_dags/example_task_group_decorator.py for tasks to queue
[2023-11-19T23:31:22.430+0000] {logging_mixin.py:154} INFO - [2023-11-19T23:31:22.429+0000] {dagbag.py:536} INFO - Filling up the DagBag from /home/airflow/.local/lib/python3.8/site-packages/airflow/example_dags/example_task_group_decorator.py
[2023-11-19T23:31:22.438+0000] {processor.py:839} INFO - DAG(s) dict_keys(['example_task_group_decorator']) retrieved from /home/airflow/.local/lib/python3.8/site-packages/airflow/example_dags/example_task_group_decorator.py
[2023-11-19T23:31:22.491+0000] {logging_mixin.py:154} INFO - [2023-11-19T23:31:22.491+0000] {manager.py:499} INFO - Created Permission View: %s
[2023-11-19T23:31:22.497+0000] {logging_mixin.py:154} INFO - [2023-11-19T23:31:22.496+0000] {manager.py:499} INFO - Created Permission View: %s
[2023-11-19T23:31:22.500+0000] {logging_mixin.py:154} INFO - [2023-11-19T23:31:22.500+0000] {manager.py:499} INFO - Created Permission View: %s
[2023-11-19T23:31:22.500+0000] {logging_mixin.py:154} INFO - [2023-11-19T23:31:22.500+0000] {dag.py:2941} INFO - Sync 1 DAGs
[2023-11-19T23:31:22.507+0000] {logging_mixin.py:154} INFO - [2023-11-19T23:31:22.507+0000] {dag.py:2963} INFO - Creating ORM DAG for example_task_group_decorator
[2023-11-19T23:31:22.513+0000] {logging_mixin.py:154} INFO - [2023-11-19T23:31:22.512+0000] {dag.py:3722} INFO - Setting next_dagrun for example_task_group_decorator to 2023-11-18T23:31:22.512778+00:00, run_after=2023-11-19T23:31:22.512778+00:00
[2023-11-19T23:31:22.521+0000] {processor.py:179} INFO - Processing /home/airflow/.local/lib/python3.8/site-packages/airflow/example_dags/example_task_group_decorator.py took 0.095 seconds
[2023-11-19T23:31:52.581+0000] {processor.py:157} INFO - Started process (PID=96) to work on /home/airflow/.local/lib/python3.8/site-packages/airflow/example_dags/example_task_group_decorator.py
[2023-11-19T23:31:52.585+0000] {processor.py:829} INFO - Processing file /home/airflow/.local/lib/python3.8/site-packages/airflow/example_dags/example_task_group_decorator.py for tasks to queue
[2023-11-19T23:31:52.589+0000] {logging_mixin.py:154} INFO - [2023-11-19T23:31:52.589+0000] {dagbag.py:536} INFO - Filling up the DagBag from /home/airflow/.local/lib/python3.8/site-packages/airflow/example_dags/example_task_group_decorator.py
[2023-11-19T23:31:52.614+0000] {processor.py:839} INFO - DAG(s) dict_keys(['example_task_group_decorator']) retrieved from /home/airflow/.local/lib/python3.8/site-packages/airflow/example_dags/example_task_group_decorator.py
[2023-11-19T23:31:52.627+0000] {logging_mixin.py:154} INFO - [2023-11-19T23:31:52.627+0000] {dag.py:2941} INFO - Sync 1 DAGs
[2023-11-19T23:31:52.637+0000] {logging_mixin.py:154} INFO - [2023-11-19T23:31:52.637+0000] {dag.py:3722} INFO - Setting next_dagrun for example_task_group_decorator to 2023-11-18T23:31:52.637142+00:00, run_after=2023-11-19T23:31:52.637142+00:00
[2023-11-19T23:31:52.645+0000] {processor.py:179} INFO - Processing /home/airflow/.local/lib/python3.8/site-packages/airflow/example_dags/example_task_group_decorator.py took 0.071 seconds
[2023-11-19T23:32:23.165+0000] {processor.py:157} INFO - Started process (PID=150) to work on /home/airflow/.local/lib/python3.8/site-packages/airflow/example_dags/example_task_group_decorator.py
[2023-11-19T23:32:23.166+0000] {processor.py:829} INFO - Processing file /home/airflow/.local/lib/python3.8/site-packages/airflow/example_dags/example_task_group_decorator.py for tasks to queue
[2023-11-19T23:32:23.167+0000] {logging_mixin.py:154} INFO - [2023-11-19T23:32:23.167+0000] {dagbag.py:536} INFO - Filling up the DagBag from /home/airflow/.local/lib/python3.8/site-packages/airflow/example_dags/example_task_group_decorator.py
[2023-11-19T23:32:23.174+0000] {processor.py:839} INFO - DAG(s) dict_keys(['example_task_group_decorator']) retrieved from /home/airflow/.local/lib/python3.8/site-packages/airflow/example_dags/example_task_group_decorator.py
[2023-11-19T23:32:23.185+0000] {logging_mixin.py:154} INFO - [2023-11-19T23:32:23.185+0000] {dag.py:2941} INFO - Sync 1 DAGs
[2023-11-19T23:32:23.194+0000] {logging_mixin.py:154} INFO - [2023-11-19T23:32:23.194+0000] {dag.py:3722} INFO - Setting next_dagrun for example_task_group_decorator to 2023-11-18T23:32:23.194034+00:00, run_after=2023-11-19T23:32:23.194034+00:00
[2023-11-19T23:32:23.200+0000] {processor.py:179} INFO - Processing /home/airflow/.local/lib/python3.8/site-packages/airflow/example_dags/example_task_group_decorator.py took 0.037 seconds
[2023-11-19T23:32:53.647+0000] {processor.py:157} INFO - Started process (PID=204) to work on /home/airflow/.local/lib/python3.8/site-packages/airflow/example_dags/example_task_group_decorator.py
[2023-11-19T23:32:53.647+0000] {processor.py:829} INFO - Processing file /home/airflow/.local/lib/python3.8/site-packages/airflow/example_dags/example_task_group_decorator.py for tasks to queue
[2023-11-19T23:32:53.648+0000] {logging_mixin.py:154} INFO - [2023-11-19T23:32:53.648+0000] {dagbag.py:536} INFO - Filling up the DagBag from /home/airflow/.local/lib/python3.8/site-packages/airflow/example_dags/example_task_group_decorator.py
[2023-11-19T23:32:53.655+0000] {processor.py:839} INFO - DAG(s) dict_keys(['example_task_group_decorator']) retrieved from /home/airflow/.local/lib/python3.8/site-packages/airflow/example_dags/example_task_group_decorator.py
[2023-11-19T23:32:53.665+0000] {logging_mixin.py:154} INFO - [2023-11-19T23:32:53.665+0000] {dag.py:2941} INFO - Sync 1 DAGs
[2023-11-19T23:32:53.674+0000] {logging_mixin.py:154} INFO - [2023-11-19T23:32:53.674+0000] {dag.py:3722} INFO - Setting next_dagrun for example_task_group_decorator to 2023-11-18T23:32:53.674624+00:00, run_after=2023-11-19T23:32:53.674624+00:00
[2023-11-19T23:32:53.681+0000] {processor.py:179} INFO - Processing /home/airflow/.local/lib/python3.8/site-packages/airflow/example_dags/example_task_group_decorator.py took 0.036 seconds
[2023-11-19T23:33:24.116+0000] {processor.py:157} INFO - Started process (PID=258) to work on /home/airflow/.local/lib/python3.8/site-packages/airflow/example_dags/example_task_group_decorator.py
[2023-11-19T23:33:24.117+0000] {processor.py:829} INFO - Processing file /home/airflow/.local/lib/python3.8/site-packages/airflow/example_dags/example_task_group_decorator.py for tasks to queue
[2023-11-19T23:33:24.118+0000] {logging_mixin.py:154} INFO - [2023-11-19T23:33:24.118+0000] {dagbag.py:536} INFO - Filling up the DagBag from /home/airflow/.local/lib/python3.8/site-packages/airflow/example_dags/example_task_group_decorator.py
[2023-11-19T23:33:24.125+0000] {processor.py:839} INFO - DAG(s) dict_keys(['example_task_group_decorator']) retrieved from /home/airflow/.local/lib/python3.8/site-packages/airflow/example_dags/example_task_group_decorator.py
[2023-11-19T23:33:24.135+0000] {logging_mixin.py:154} INFO - [2023-11-19T23:33:24.135+0000] {dag.py:2941} INFO - Sync 1 DAGs
[2023-11-19T23:33:24.144+0000] {logging_mixin.py:154} INFO - [2023-11-19T23:33:24.144+0000] {dag.py:3722} INFO - Setting next_dagrun for example_task_group_decorator to 2023-11-18T23:33:24.144594+00:00, run_after=2023-11-19T23:33:24.144594+00:00
[2023-11-19T23:33:24.151+0000] {processor.py:179} INFO - Processing /home/airflow/.local/lib/python3.8/site-packages/airflow/example_dags/example_task_group_decorator.py took 0.037 seconds
[2023-11-19T23:33:54.657+0000] {processor.py:157} INFO - Started process (PID=312) to work on /home/airflow/.local/lib/python3.8/site-packages/airflow/example_dags/example_task_group_decorator.py
[2023-11-19T23:33:54.657+0000] {processor.py:829} INFO - Processing file /home/airflow/.local/lib/python3.8/site-packages/airflow/example_dags/example_task_group_decorator.py for tasks to queue
[2023-11-19T23:33:54.659+0000] {logging_mixin.py:154} INFO - [2023-11-19T23:33:54.659+0000] {dagbag.py:536} INFO - Filling up the DagBag from /home/airflow/.local/lib/python3.8/site-packages/airflow/example_dags/example_task_group_decorator.py
[2023-11-19T23:33:54.665+0000] {processor.py:839} INFO - DAG(s) dict_keys(['example_task_group_decorator']) retrieved from /home/airflow/.local/lib/python3.8/site-packages/airflow/example_dags/example_task_group_decorator.py
[2023-11-19T23:33:54.676+0000] {logging_mixin.py:154} INFO - [2023-11-19T23:33:54.676+0000] {dag.py:2941} INFO - Sync 1 DAGs
[2023-11-19T23:33:54.685+0000] {logging_mixin.py:154} INFO - [2023-11-19T23:33:54.685+0000] {dag.py:3722} INFO - Setting next_dagrun for example_task_group_decorator to 2023-11-18T23:33:54.685316+00:00, run_after=2023-11-19T23:33:54.685316+00:00
[2023-11-19T23:33:54.692+0000] {processor.py:179} INFO - Processing /home/airflow/.local/lib/python3.8/site-packages/airflow/example_dags/example_task_group_decorator.py took 0.037 seconds
[2023-11-19T23:34:25.064+0000] {processor.py:157} INFO - Started process (PID=366) to work on /home/airflow/.local/lib/python3.8/site-packages/airflow/example_dags/example_task_group_decorator.py
[2023-11-19T23:34:25.064+0000] {processor.py:829} INFO - Processing file /home/airflow/.local/lib/python3.8/site-packages/airflow/example_dags/example_task_group_decorator.py for tasks to queue
[2023-11-19T23:34:25.066+0000] {logging_mixin.py:154} INFO - [2023-11-19T23:34:25.065+0000] {dagbag.py:536} INFO - Filling up the DagBag from /home/airflow/.local/lib/python3.8/site-packages/airflow/example_dags/example_task_group_decorator.py
[2023-11-19T23:34:25.072+0000] {processor.py:839} INFO - DAG(s) dict_keys(['example_task_group_decorator']) retrieved from /home/airflow/.local/lib/python3.8/site-packages/airflow/example_dags/example_task_group_decorator.py
[2023-11-19T23:34:25.082+0000] {logging_mixin.py:154} INFO - [2023-11-19T23:34:25.082+0000] {dag.py:2941} INFO - Sync 1 DAGs
[2023-11-19T23:34:25.091+0000] {logging_mixin.py:154} INFO - [2023-11-19T23:34:25.091+0000] {dag.py:3722} INFO - Setting next_dagrun for example_task_group_decorator to 2023-11-18T23:34:25.091374+00:00, run_after=2023-11-19T23:34:25.091374+00:00
[2023-11-19T23:34:25.098+0000] {processor.py:179} INFO - Processing /home/airflow/.local/lib/python3.8/site-packages/airflow/example_dags/example_task_group_decorator.py took 0.036 seconds
[2023-11-19T23:34:55.536+0000] {processor.py:157} INFO - Started process (PID=420) to work on /home/airflow/.local/lib/python3.8/site-packages/airflow/example_dags/example_task_group_decorator.py
[2023-11-19T23:34:55.536+0000] {processor.py:829} INFO - Processing file /home/airflow/.local/lib/python3.8/site-packages/airflow/example_dags/example_task_group_decorator.py for tasks to queue
[2023-11-19T23:34:55.537+0000] {logging_mixin.py:154} INFO - [2023-11-19T23:34:55.537+0000] {dagbag.py:536} INFO - Filling up the DagBag from /home/airflow/.local/lib/python3.8/site-packages/airflow/example_dags/example_task_group_decorator.py
[2023-11-19T23:34:55.544+0000] {processor.py:839} INFO - DAG(s) dict_keys(['example_task_group_decorator']) retrieved from /home/airflow/.local/lib/python3.8/site-packages/airflow/example_dags/example_task_group_decorator.py
[2023-11-19T23:34:55.555+0000] {logging_mixin.py:154} INFO - [2023-11-19T23:34:55.555+0000] {dag.py:2941} INFO - Sync 1 DAGs
[2023-11-19T23:34:55.564+0000] {logging_mixin.py:154} INFO - [2023-11-19T23:34:55.564+0000] {dag.py:3722} INFO - Setting next_dagrun for example_task_group_decorator to 2023-11-18T23:34:55.563921+00:00, run_after=2023-11-19T23:34:55.563921+00:00
[2023-11-19T23:34:55.570+0000] {processor.py:179} INFO - Processing /home/airflow/.local/lib/python3.8/site-packages/airflow/example_dags/example_task_group_decorator.py took 0.037 seconds
[2023-11-19T23:35:26.068+0000] {processor.py:157} INFO - Started process (PID=474) to work on /home/airflow/.local/lib/python3.8/site-packages/airflow/example_dags/example_task_group_decorator.py
[2023-11-19T23:35:26.068+0000] {processor.py:829} INFO - Processing file /home/airflow/.local/lib/python3.8/site-packages/airflow/example_dags/example_task_group_decorator.py for tasks to queue
[2023-11-19T23:35:26.069+0000] {logging_mixin.py:154} INFO - [2023-11-19T23:35:26.069+0000] {dagbag.py:536} INFO - Filling up the DagBag from /home/airflow/.local/lib/python3.8/site-packages/airflow/example_dags/example_task_group_decorator.py
[2023-11-19T23:35:26.075+0000] {processor.py:839} INFO - DAG(s) dict_keys(['example_task_group_decorator']) retrieved from /home/airflow/.local/lib/python3.8/site-packages/airflow/example_dags/example_task_group_decorator.py
[2023-11-19T23:35:26.086+0000] {logging_mixin.py:154} INFO - [2023-11-19T23:35:26.086+0000] {dag.py:2941} INFO - Sync 1 DAGs
[2023-11-19T23:35:26.095+0000] {logging_mixin.py:154} INFO - [2023-11-19T23:35:26.095+0000] {dag.py:3722} INFO - Setting next_dagrun for example_task_group_decorator to 2023-11-18T23:35:26.095642+00:00, run_after=2023-11-19T23:35:26.095642+00:00
[2023-11-19T23:35:26.102+0000] {processor.py:179} INFO - Processing /home/airflow/.local/lib/python3.8/site-packages/airflow/example_dags/example_task_group_decorator.py took 0.036 seconds
[2023-11-19T23:35:56.623+0000] {processor.py:157} INFO - Started process (PID=528) to work on /home/airflow/.local/lib/python3.8/site-packages/airflow/example_dags/example_task_group_decorator.py
[2023-11-19T23:35:56.623+0000] {processor.py:829} INFO - Processing file /home/airflow/.local/lib/python3.8/site-packages/airflow/example_dags/example_task_group_decorator.py for tasks to queue
[2023-11-19T23:35:56.625+0000] {logging_mixin.py:154} INFO - [2023-11-19T23:35:56.624+0000] {dagbag.py:536} INFO - Filling up the DagBag from /home/airflow/.local/lib/python3.8/site-packages/airflow/example_dags/example_task_group_decorator.py
[2023-11-19T23:35:56.631+0000] {processor.py:839} INFO - DAG(s) dict_keys(['example_task_group_decorator']) retrieved from /home/airflow/.local/lib/python3.8/site-packages/airflow/example_dags/example_task_group_decorator.py
[2023-11-19T23:35:56.642+0000] {logging_mixin.py:154} INFO - [2023-11-19T23:35:56.642+0000] {dag.py:2941} INFO - Sync 1 DAGs
[2023-11-19T23:35:56.651+0000] {logging_mixin.py:154} INFO - [2023-11-19T23:35:56.651+0000] {dag.py:3722} INFO - Setting next_dagrun for example_task_group_decorator to 2023-11-18T23:35:56.651628+00:00, run_after=2023-11-19T23:35:56.651628+00:00
[2023-11-19T23:35:56.659+0000] {processor.py:179} INFO - Processing /home/airflow/.local/lib/python3.8/site-packages/airflow/example_dags/example_task_group_decorator.py took 0.037 seconds
[2023-11-19T23:36:27.119+0000] {processor.py:157} INFO - Started process (PID=582) to work on /home/airflow/.local/lib/python3.8/site-packages/airflow/example_dags/example_task_group_decorator.py
[2023-11-19T23:36:27.120+0000] {processor.py:829} INFO - Processing file /home/airflow/.local/lib/python3.8/site-packages/airflow/example_dags/example_task_group_decorator.py for tasks to queue
[2023-11-19T23:36:27.121+0000] {logging_mixin.py:154} INFO - [2023-11-19T23:36:27.121+0000] {dagbag.py:536} INFO - Filling up the DagBag from /home/airflow/.local/lib/python3.8/site-packages/airflow/example_dags/example_task_group_decorator.py
[2023-11-19T23:36:27.130+0000] {processor.py:839} INFO - DAG(s) dict_keys(['example_task_group_decorator']) retrieved from /home/airflow/.local/lib/python3.8/site-packages/airflow/example_dags/example_task_group_decorator.py
[2023-11-19T23:36:27.143+0000] {logging_mixin.py:154} INFO - [2023-11-19T23:36:27.143+0000] {dag.py:2941} INFO - Sync 1 DAGs
[2023-11-19T23:36:27.153+0000] {logging_mixin.py:154} INFO - [2023-11-19T23:36:27.153+0000] {dag.py:3722} INFO - Setting next_dagrun for example_task_group_decorator to 2023-11-18T23:36:27.153434+00:00, run_after=2023-11-19T23:36:27.153434+00:00
[2023-11-19T23:36:27.161+0000] {processor.py:179} INFO - Processing /home/airflow/.local/lib/python3.8/site-packages/airflow/example_dags/example_task_group_decorator.py took 0.045 seconds
