[2023-11-19T23:20:27.552+0000] {processor.py:157} INFO - Started process (PID=70) to work on /home/airflow/.local/lib/python3.8/site-packages/airflow/example_dags/example_branch_operator_decorator.py
[2023-11-19T23:20:27.553+0000] {processor.py:829} INFO - Processing file /home/airflow/.local/lib/python3.8/site-packages/airflow/example_dags/example_branch_operator_decorator.py for tasks to queue
[2023-11-19T23:20:27.554+0000] {logging_mixin.py:154} INFO - [2023-11-19T23:20:27.554+0000] {dagbag.py:536} INFO - Filling up the DagBag from /home/airflow/.local/lib/python3.8/site-packages/airflow/example_dags/example_branch_operator_decorator.py
[2023-11-19T23:20:27.560+0000] {processor.py:839} INFO - DAG(s) dict_keys(['example_branch_python_operator_decorator']) retrieved from /home/airflow/.local/lib/python3.8/site-packages/airflow/example_dags/example_branch_operator_decorator.py
[2023-11-19T23:20:27.605+0000] {logging_mixin.py:154} INFO - [2023-11-19T23:20:27.605+0000] {manager.py:499} INFO - Created Permission View: %s
[2023-11-19T23:20:27.609+0000] {logging_mixin.py:154} INFO - [2023-11-19T23:20:27.609+0000] {manager.py:499} INFO - Created Permission View: %s
[2023-11-19T23:20:27.611+0000] {logging_mixin.py:154} INFO - [2023-11-19T23:20:27.611+0000] {manager.py:499} INFO - Created Permission View: %s
[2023-11-19T23:20:27.611+0000] {logging_mixin.py:154} INFO - [2023-11-19T23:20:27.611+0000] {dag.py:2941} INFO - Sync 1 DAGs
[2023-11-19T23:20:27.615+0000] {logging_mixin.py:154} INFO - [2023-11-19T23:20:27.615+0000] {dag.py:2963} INFO - Creating ORM DAG for example_branch_python_operator_decorator
[2023-11-19T23:20:27.620+0000] {logging_mixin.py:154} INFO - [2023-11-19T23:20:27.620+0000] {dag.py:3722} INFO - Setting next_dagrun for example_branch_python_operator_decorator to 2023-11-18T00:00:00+00:00, run_after=2023-11-19T00:00:00+00:00
[2023-11-19T23:20:27.627+0000] {processor.py:179} INFO - Processing /home/airflow/.local/lib/python3.8/site-packages/airflow/example_dags/example_branch_operator_decorator.py took 0.077 seconds
[2023-11-19T23:20:57.752+0000] {processor.py:157} INFO - Started process (PID=124) to work on /home/airflow/.local/lib/python3.8/site-packages/airflow/example_dags/example_branch_operator_decorator.py
[2023-11-19T23:20:57.752+0000] {processor.py:829} INFO - Processing file /home/airflow/.local/lib/python3.8/site-packages/airflow/example_dags/example_branch_operator_decorator.py for tasks to queue
[2023-11-19T23:20:57.753+0000] {logging_mixin.py:154} INFO - [2023-11-19T23:20:57.753+0000] {dagbag.py:536} INFO - Filling up the DagBag from /home/airflow/.local/lib/python3.8/site-packages/airflow/example_dags/example_branch_operator_decorator.py
[2023-11-19T23:20:57.758+0000] {processor.py:839} INFO - DAG(s) dict_keys(['example_branch_python_operator_decorator']) retrieved from /home/airflow/.local/lib/python3.8/site-packages/airflow/example_dags/example_branch_operator_decorator.py
[2023-11-19T23:20:57.769+0000] {logging_mixin.py:154} INFO - [2023-11-19T23:20:57.768+0000] {dag.py:2941} INFO - Sync 1 DAGs
[2023-11-19T23:20:57.778+0000] {logging_mixin.py:154} INFO - [2023-11-19T23:20:57.777+0000] {dag.py:3722} INFO - Setting next_dagrun for example_branch_python_operator_decorator to 2023-11-18T00:00:00+00:00, run_after=2023-11-19T00:00:00+00:00
[2023-11-19T23:20:57.784+0000] {processor.py:179} INFO - Processing /home/airflow/.local/lib/python3.8/site-packages/airflow/example_dags/example_branch_operator_decorator.py took 0.034 seconds
[2023-11-19T23:21:28.284+0000] {processor.py:157} INFO - Started process (PID=178) to work on /home/airflow/.local/lib/python3.8/site-packages/airflow/example_dags/example_branch_operator_decorator.py
[2023-11-19T23:21:28.285+0000] {processor.py:829} INFO - Processing file /home/airflow/.local/lib/python3.8/site-packages/airflow/example_dags/example_branch_operator_decorator.py for tasks to queue
[2023-11-19T23:21:28.286+0000] {logging_mixin.py:154} INFO - [2023-11-19T23:21:28.286+0000] {dagbag.py:536} INFO - Filling up the DagBag from /home/airflow/.local/lib/python3.8/site-packages/airflow/example_dags/example_branch_operator_decorator.py
[2023-11-19T23:21:28.291+0000] {processor.py:839} INFO - DAG(s) dict_keys(['example_branch_python_operator_decorator']) retrieved from /home/airflow/.local/lib/python3.8/site-packages/airflow/example_dags/example_branch_operator_decorator.py
[2023-11-19T23:21:28.300+0000] {logging_mixin.py:154} INFO - [2023-11-19T23:21:28.300+0000] {dag.py:2941} INFO - Sync 1 DAGs
[2023-11-19T23:21:28.310+0000] {logging_mixin.py:154} INFO - [2023-11-19T23:21:28.310+0000] {dag.py:3722} INFO - Setting next_dagrun for example_branch_python_operator_decorator to 2023-11-18T00:00:00+00:00, run_after=2023-11-19T00:00:00+00:00
[2023-11-19T23:21:28.316+0000] {processor.py:179} INFO - Processing /home/airflow/.local/lib/python3.8/site-packages/airflow/example_dags/example_branch_operator_decorator.py took 0.033 seconds
[2023-11-19T23:21:58.718+0000] {processor.py:157} INFO - Started process (PID=232) to work on /home/airflow/.local/lib/python3.8/site-packages/airflow/example_dags/example_branch_operator_decorator.py
[2023-11-19T23:21:58.719+0000] {processor.py:829} INFO - Processing file /home/airflow/.local/lib/python3.8/site-packages/airflow/example_dags/example_branch_operator_decorator.py for tasks to queue
[2023-11-19T23:21:58.720+0000] {logging_mixin.py:154} INFO - [2023-11-19T23:21:58.720+0000] {dagbag.py:536} INFO - Filling up the DagBag from /home/airflow/.local/lib/python3.8/site-packages/airflow/example_dags/example_branch_operator_decorator.py
[2023-11-19T23:21:58.725+0000] {processor.py:839} INFO - DAG(s) dict_keys(['example_branch_python_operator_decorator']) retrieved from /home/airflow/.local/lib/python3.8/site-packages/airflow/example_dags/example_branch_operator_decorator.py
[2023-11-19T23:21:58.735+0000] {logging_mixin.py:154} INFO - [2023-11-19T23:21:58.735+0000] {dag.py:2941} INFO - Sync 1 DAGs
[2023-11-19T23:21:58.745+0000] {logging_mixin.py:154} INFO - [2023-11-19T23:21:58.745+0000] {dag.py:3722} INFO - Setting next_dagrun for example_branch_python_operator_decorator to 2023-11-18T00:00:00+00:00, run_after=2023-11-19T00:00:00+00:00
[2023-11-19T23:21:58.752+0000] {processor.py:179} INFO - Processing /home/airflow/.local/lib/python3.8/site-packages/airflow/example_dags/example_branch_operator_decorator.py took 0.036 seconds
[2023-11-19T23:22:29.188+0000] {processor.py:157} INFO - Started process (PID=286) to work on /home/airflow/.local/lib/python3.8/site-packages/airflow/example_dags/example_branch_operator_decorator.py
[2023-11-19T23:22:29.188+0000] {processor.py:829} INFO - Processing file /home/airflow/.local/lib/python3.8/site-packages/airflow/example_dags/example_branch_operator_decorator.py for tasks to queue
[2023-11-19T23:22:29.189+0000] {logging_mixin.py:154} INFO - [2023-11-19T23:22:29.189+0000] {dagbag.py:536} INFO - Filling up the DagBag from /home/airflow/.local/lib/python3.8/site-packages/airflow/example_dags/example_branch_operator_decorator.py
[2023-11-19T23:22:29.194+0000] {processor.py:839} INFO - DAG(s) dict_keys(['example_branch_python_operator_decorator']) retrieved from /home/airflow/.local/lib/python3.8/site-packages/airflow/example_dags/example_branch_operator_decorator.py
[2023-11-19T23:22:29.205+0000] {logging_mixin.py:154} INFO - [2023-11-19T23:22:29.205+0000] {dag.py:2941} INFO - Sync 1 DAGs
[2023-11-19T23:22:29.214+0000] {logging_mixin.py:154} INFO - [2023-11-19T23:22:29.214+0000] {dag.py:3722} INFO - Setting next_dagrun for example_branch_python_operator_decorator to 2023-11-18T00:00:00+00:00, run_after=2023-11-19T00:00:00+00:00
[2023-11-19T23:22:29.220+0000] {processor.py:179} INFO - Processing /home/airflow/.local/lib/python3.8/site-packages/airflow/example_dags/example_branch_operator_decorator.py took 0.034 seconds
[2023-11-19T23:22:59.637+0000] {processor.py:157} INFO - Started process (PID=340) to work on /home/airflow/.local/lib/python3.8/site-packages/airflow/example_dags/example_branch_operator_decorator.py
[2023-11-19T23:22:59.638+0000] {processor.py:829} INFO - Processing file /home/airflow/.local/lib/python3.8/site-packages/airflow/example_dags/example_branch_operator_decorator.py for tasks to queue
[2023-11-19T23:22:59.639+0000] {logging_mixin.py:154} INFO - [2023-11-19T23:22:59.639+0000] {dagbag.py:536} INFO - Filling up the DagBag from /home/airflow/.local/lib/python3.8/site-packages/airflow/example_dags/example_branch_operator_decorator.py
[2023-11-19T23:22:59.646+0000] {processor.py:839} INFO - DAG(s) dict_keys(['example_branch_python_operator_decorator']) retrieved from /home/airflow/.local/lib/python3.8/site-packages/airflow/example_dags/example_branch_operator_decorator.py
[2023-11-19T23:22:59.660+0000] {logging_mixin.py:154} INFO - [2023-11-19T23:22:59.660+0000] {dag.py:2941} INFO - Sync 1 DAGs
[2023-11-19T23:22:59.672+0000] {logging_mixin.py:154} INFO - [2023-11-19T23:22:59.672+0000] {dag.py:3722} INFO - Setting next_dagrun for example_branch_python_operator_decorator to 2023-11-18T00:00:00+00:00, run_after=2023-11-19T00:00:00+00:00
[2023-11-19T23:22:59.680+0000] {processor.py:179} INFO - Processing /home/airflow/.local/lib/python3.8/site-packages/airflow/example_dags/example_branch_operator_decorator.py took 0.046 seconds
[2023-11-19T23:23:29.992+0000] {processor.py:157} INFO - Started process (PID=393) to work on /home/airflow/.local/lib/python3.8/site-packages/airflow/example_dags/example_branch_operator_decorator.py
[2023-11-19T23:23:29.992+0000] {processor.py:829} INFO - Processing file /home/airflow/.local/lib/python3.8/site-packages/airflow/example_dags/example_branch_operator_decorator.py for tasks to queue
[2023-11-19T23:23:29.993+0000] {logging_mixin.py:154} INFO - [2023-11-19T23:23:29.993+0000] {dagbag.py:536} INFO - Filling up the DagBag from /home/airflow/.local/lib/python3.8/site-packages/airflow/example_dags/example_branch_operator_decorator.py
[2023-11-19T23:23:29.998+0000] {processor.py:839} INFO - DAG(s) dict_keys(['example_branch_python_operator_decorator']) retrieved from /home/airflow/.local/lib/python3.8/site-packages/airflow/example_dags/example_branch_operator_decorator.py
[2023-11-19T23:23:30.008+0000] {logging_mixin.py:154} INFO - [2023-11-19T23:23:30.008+0000] {dag.py:2941} INFO - Sync 1 DAGs
[2023-11-19T23:23:30.016+0000] {logging_mixin.py:154} INFO - [2023-11-19T23:23:30.016+0000] {dag.py:3722} INFO - Setting next_dagrun for example_branch_python_operator_decorator to 2023-11-18T00:00:00+00:00, run_after=2023-11-19T00:00:00+00:00
[2023-11-19T23:23:30.022+0000] {processor.py:179} INFO - Processing /home/airflow/.local/lib/python3.8/site-packages/airflow/example_dags/example_branch_operator_decorator.py took 0.033 seconds
[2023-11-19T23:24:00.497+0000] {processor.py:157} INFO - Started process (PID=448) to work on /home/airflow/.local/lib/python3.8/site-packages/airflow/example_dags/example_branch_operator_decorator.py
[2023-11-19T23:24:00.497+0000] {processor.py:829} INFO - Processing file /home/airflow/.local/lib/python3.8/site-packages/airflow/example_dags/example_branch_operator_decorator.py for tasks to queue
[2023-11-19T23:24:00.498+0000] {logging_mixin.py:154} INFO - [2023-11-19T23:24:00.498+0000] {dagbag.py:536} INFO - Filling up the DagBag from /home/airflow/.local/lib/python3.8/site-packages/airflow/example_dags/example_branch_operator_decorator.py
[2023-11-19T23:24:00.504+0000] {processor.py:839} INFO - DAG(s) dict_keys(['example_branch_python_operator_decorator']) retrieved from /home/airflow/.local/lib/python3.8/site-packages/airflow/example_dags/example_branch_operator_decorator.py
[2023-11-19T23:24:00.515+0000] {logging_mixin.py:154} INFO - [2023-11-19T23:24:00.515+0000] {dag.py:2941} INFO - Sync 1 DAGs
[2023-11-19T23:24:00.524+0000] {logging_mixin.py:154} INFO - [2023-11-19T23:24:00.524+0000] {dag.py:3722} INFO - Setting next_dagrun for example_branch_python_operator_decorator to 2023-11-18T00:00:00+00:00, run_after=2023-11-19T00:00:00+00:00
[2023-11-19T23:24:00.531+0000] {processor.py:179} INFO - Processing /home/airflow/.local/lib/python3.8/site-packages/airflow/example_dags/example_branch_operator_decorator.py took 0.036 seconds
[2023-11-19T23:24:30.946+0000] {processor.py:157} INFO - Started process (PID=502) to work on /home/airflow/.local/lib/python3.8/site-packages/airflow/example_dags/example_branch_operator_decorator.py
[2023-11-19T23:24:30.946+0000] {processor.py:829} INFO - Processing file /home/airflow/.local/lib/python3.8/site-packages/airflow/example_dags/example_branch_operator_decorator.py for tasks to queue
[2023-11-19T23:24:30.948+0000] {logging_mixin.py:154} INFO - [2023-11-19T23:24:30.947+0000] {dagbag.py:536} INFO - Filling up the DagBag from /home/airflow/.local/lib/python3.8/site-packages/airflow/example_dags/example_branch_operator_decorator.py
[2023-11-19T23:24:30.954+0000] {processor.py:839} INFO - DAG(s) dict_keys(['example_branch_python_operator_decorator']) retrieved from /home/airflow/.local/lib/python3.8/site-packages/airflow/example_dags/example_branch_operator_decorator.py
[2023-11-19T23:24:30.967+0000] {logging_mixin.py:154} INFO - [2023-11-19T23:24:30.967+0000] {dag.py:2941} INFO - Sync 1 DAGs
[2023-11-19T23:24:30.977+0000] {logging_mixin.py:154} INFO - [2023-11-19T23:24:30.977+0000] {dag.py:3722} INFO - Setting next_dagrun for example_branch_python_operator_decorator to 2023-11-18T00:00:00+00:00, run_after=2023-11-19T00:00:00+00:00
[2023-11-19T23:24:30.984+0000] {processor.py:179} INFO - Processing /home/airflow/.local/lib/python3.8/site-packages/airflow/example_dags/example_branch_operator_decorator.py took 0.041 seconds
[2023-11-19T23:25:01.458+0000] {processor.py:157} INFO - Started process (PID=556) to work on /home/airflow/.local/lib/python3.8/site-packages/airflow/example_dags/example_branch_operator_decorator.py
[2023-11-19T23:25:01.458+0000] {processor.py:829} INFO - Processing file /home/airflow/.local/lib/python3.8/site-packages/airflow/example_dags/example_branch_operator_decorator.py for tasks to queue
[2023-11-19T23:25:01.460+0000] {logging_mixin.py:154} INFO - [2023-11-19T23:25:01.459+0000] {dagbag.py:536} INFO - Filling up the DagBag from /home/airflow/.local/lib/python3.8/site-packages/airflow/example_dags/example_branch_operator_decorator.py
[2023-11-19T23:25:01.465+0000] {processor.py:839} INFO - DAG(s) dict_keys(['example_branch_python_operator_decorator']) retrieved from /home/airflow/.local/lib/python3.8/site-packages/airflow/example_dags/example_branch_operator_decorator.py
[2023-11-19T23:25:01.475+0000] {logging_mixin.py:154} INFO - [2023-11-19T23:25:01.475+0000] {dag.py:2941} INFO - Sync 1 DAGs
[2023-11-19T23:25:01.484+0000] {logging_mixin.py:154} INFO - [2023-11-19T23:25:01.484+0000] {dag.py:3722} INFO - Setting next_dagrun for example_branch_python_operator_decorator to 2023-11-18T00:00:00+00:00, run_after=2023-11-19T00:00:00+00:00
[2023-11-19T23:25:01.491+0000] {processor.py:179} INFO - Processing /home/airflow/.local/lib/python3.8/site-packages/airflow/example_dags/example_branch_operator_decorator.py took 0.034 seconds
[2023-11-19T23:25:32.013+0000] {processor.py:157} INFO - Started process (PID=610) to work on /home/airflow/.local/lib/python3.8/site-packages/airflow/example_dags/example_branch_operator_decorator.py
[2023-11-19T23:25:32.013+0000] {processor.py:829} INFO - Processing file /home/airflow/.local/lib/python3.8/site-packages/airflow/example_dags/example_branch_operator_decorator.py for tasks to queue
[2023-11-19T23:25:32.014+0000] {logging_mixin.py:154} INFO - [2023-11-19T23:25:32.014+0000] {dagbag.py:536} INFO - Filling up the DagBag from /home/airflow/.local/lib/python3.8/site-packages/airflow/example_dags/example_branch_operator_decorator.py
[2023-11-19T23:25:32.020+0000] {processor.py:839} INFO - DAG(s) dict_keys(['example_branch_python_operator_decorator']) retrieved from /home/airflow/.local/lib/python3.8/site-packages/airflow/example_dags/example_branch_operator_decorator.py
[2023-11-19T23:25:32.030+0000] {logging_mixin.py:154} INFO - [2023-11-19T23:25:32.030+0000] {dag.py:2941} INFO - Sync 1 DAGs
[2023-11-19T23:25:32.039+0000] {logging_mixin.py:154} INFO - [2023-11-19T23:25:32.039+0000] {dag.py:3722} INFO - Setting next_dagrun for example_branch_python_operator_decorator to 2023-11-18T00:00:00+00:00, run_after=2023-11-19T00:00:00+00:00
[2023-11-19T23:25:32.046+0000] {processor.py:179} INFO - Processing /home/airflow/.local/lib/python3.8/site-packages/airflow/example_dags/example_branch_operator_decorator.py took 0.035 seconds
[2023-11-19T23:31:24.245+0000] {processor.py:157} INFO - Started process (PID=71) to work on /home/airflow/.local/lib/python3.8/site-packages/airflow/example_dags/example_branch_operator_decorator.py
[2023-11-19T23:31:24.245+0000] {processor.py:829} INFO - Processing file /home/airflow/.local/lib/python3.8/site-packages/airflow/example_dags/example_branch_operator_decorator.py for tasks to queue
[2023-11-19T23:31:24.247+0000] {logging_mixin.py:154} INFO - [2023-11-19T23:31:24.246+0000] {dagbag.py:536} INFO - Filling up the DagBag from /home/airflow/.local/lib/python3.8/site-packages/airflow/example_dags/example_branch_operator_decorator.py
[2023-11-19T23:31:24.253+0000] {processor.py:839} INFO - DAG(s) dict_keys(['example_branch_python_operator_decorator']) retrieved from /home/airflow/.local/lib/python3.8/site-packages/airflow/example_dags/example_branch_operator_decorator.py
[2023-11-19T23:31:24.299+0000] {logging_mixin.py:154} INFO - [2023-11-19T23:31:24.299+0000] {manager.py:499} INFO - Created Permission View: %s
[2023-11-19T23:31:24.303+0000] {logging_mixin.py:154} INFO - [2023-11-19T23:31:24.303+0000] {manager.py:499} INFO - Created Permission View: %s
[2023-11-19T23:31:24.305+0000] {logging_mixin.py:154} INFO - [2023-11-19T23:31:24.305+0000] {manager.py:499} INFO - Created Permission View: %s
[2023-11-19T23:31:24.305+0000] {logging_mixin.py:154} INFO - [2023-11-19T23:31:24.305+0000] {dag.py:2941} INFO - Sync 1 DAGs
[2023-11-19T23:31:24.310+0000] {logging_mixin.py:154} INFO - [2023-11-19T23:31:24.310+0000] {dag.py:2963} INFO - Creating ORM DAG for example_branch_python_operator_decorator
[2023-11-19T23:31:24.315+0000] {logging_mixin.py:154} INFO - [2023-11-19T23:31:24.314+0000] {dag.py:3722} INFO - Setting next_dagrun for example_branch_python_operator_decorator to 2023-11-18T00:00:00+00:00, run_after=2023-11-19T00:00:00+00:00
[2023-11-19T23:31:24.322+0000] {processor.py:179} INFO - Processing /home/airflow/.local/lib/python3.8/site-packages/airflow/example_dags/example_branch_operator_decorator.py took 0.079 seconds
[2023-11-19T23:31:54.386+0000] {processor.py:157} INFO - Started process (PID=125) to work on /home/airflow/.local/lib/python3.8/site-packages/airflow/example_dags/example_branch_operator_decorator.py
[2023-11-19T23:31:54.386+0000] {processor.py:829} INFO - Processing file /home/airflow/.local/lib/python3.8/site-packages/airflow/example_dags/example_branch_operator_decorator.py for tasks to queue
[2023-11-19T23:31:54.387+0000] {logging_mixin.py:154} INFO - [2023-11-19T23:31:54.387+0000] {dagbag.py:536} INFO - Filling up the DagBag from /home/airflow/.local/lib/python3.8/site-packages/airflow/example_dags/example_branch_operator_decorator.py
[2023-11-19T23:31:54.393+0000] {processor.py:839} INFO - DAG(s) dict_keys(['example_branch_python_operator_decorator']) retrieved from /home/airflow/.local/lib/python3.8/site-packages/airflow/example_dags/example_branch_operator_decorator.py
[2023-11-19T23:31:54.404+0000] {logging_mixin.py:154} INFO - [2023-11-19T23:31:54.404+0000] {dag.py:2941} INFO - Sync 1 DAGs
[2023-11-19T23:31:54.415+0000] {logging_mixin.py:154} INFO - [2023-11-19T23:31:54.415+0000] {dag.py:3722} INFO - Setting next_dagrun for example_branch_python_operator_decorator to 2023-11-18T00:00:00+00:00, run_after=2023-11-19T00:00:00+00:00
[2023-11-19T23:31:54.422+0000] {processor.py:179} INFO - Processing /home/airflow/.local/lib/python3.8/site-packages/airflow/example_dags/example_branch_operator_decorator.py took 0.038 seconds
[2023-11-19T23:32:24.907+0000] {processor.py:157} INFO - Started process (PID=179) to work on /home/airflow/.local/lib/python3.8/site-packages/airflow/example_dags/example_branch_operator_decorator.py
[2023-11-19T23:32:24.908+0000] {processor.py:829} INFO - Processing file /home/airflow/.local/lib/python3.8/site-packages/airflow/example_dags/example_branch_operator_decorator.py for tasks to queue
[2023-11-19T23:32:24.909+0000] {logging_mixin.py:154} INFO - [2023-11-19T23:32:24.909+0000] {dagbag.py:536} INFO - Filling up the DagBag from /home/airflow/.local/lib/python3.8/site-packages/airflow/example_dags/example_branch_operator_decorator.py
[2023-11-19T23:32:24.914+0000] {processor.py:839} INFO - DAG(s) dict_keys(['example_branch_python_operator_decorator']) retrieved from /home/airflow/.local/lib/python3.8/site-packages/airflow/example_dags/example_branch_operator_decorator.py
[2023-11-19T23:32:24.924+0000] {logging_mixin.py:154} INFO - [2023-11-19T23:32:24.924+0000] {dag.py:2941} INFO - Sync 1 DAGs
[2023-11-19T23:32:24.933+0000] {logging_mixin.py:154} INFO - [2023-11-19T23:32:24.933+0000] {dag.py:3722} INFO - Setting next_dagrun for example_branch_python_operator_decorator to 2023-11-18T00:00:00+00:00, run_after=2023-11-19T00:00:00+00:00
[2023-11-19T23:32:24.940+0000] {processor.py:179} INFO - Processing /home/airflow/.local/lib/python3.8/site-packages/airflow/example_dags/example_branch_operator_decorator.py took 0.035 seconds
[2023-11-19T23:32:55.385+0000] {processor.py:157} INFO - Started process (PID=233) to work on /home/airflow/.local/lib/python3.8/site-packages/airflow/example_dags/example_branch_operator_decorator.py
[2023-11-19T23:32:55.386+0000] {processor.py:829} INFO - Processing file /home/airflow/.local/lib/python3.8/site-packages/airflow/example_dags/example_branch_operator_decorator.py for tasks to queue
[2023-11-19T23:32:55.387+0000] {logging_mixin.py:154} INFO - [2023-11-19T23:32:55.387+0000] {dagbag.py:536} INFO - Filling up the DagBag from /home/airflow/.local/lib/python3.8/site-packages/airflow/example_dags/example_branch_operator_decorator.py
[2023-11-19T23:32:55.392+0000] {processor.py:839} INFO - DAG(s) dict_keys(['example_branch_python_operator_decorator']) retrieved from /home/airflow/.local/lib/python3.8/site-packages/airflow/example_dags/example_branch_operator_decorator.py
[2023-11-19T23:32:55.402+0000] {logging_mixin.py:154} INFO - [2023-11-19T23:32:55.402+0000] {dag.py:2941} INFO - Sync 1 DAGs
[2023-11-19T23:32:55.412+0000] {logging_mixin.py:154} INFO - [2023-11-19T23:32:55.412+0000] {dag.py:3722} INFO - Setting next_dagrun for example_branch_python_operator_decorator to 2023-11-18T00:00:00+00:00, run_after=2023-11-19T00:00:00+00:00
[2023-11-19T23:32:55.420+0000] {processor.py:179} INFO - Processing /home/airflow/.local/lib/python3.8/site-packages/airflow/example_dags/example_branch_operator_decorator.py took 0.036 seconds
[2023-11-19T23:33:25.877+0000] {processor.py:157} INFO - Started process (PID=287) to work on /home/airflow/.local/lib/python3.8/site-packages/airflow/example_dags/example_branch_operator_decorator.py
[2023-11-19T23:33:25.877+0000] {processor.py:829} INFO - Processing file /home/airflow/.local/lib/python3.8/site-packages/airflow/example_dags/example_branch_operator_decorator.py for tasks to queue
[2023-11-19T23:33:25.879+0000] {logging_mixin.py:154} INFO - [2023-11-19T23:33:25.878+0000] {dagbag.py:536} INFO - Filling up the DagBag from /home/airflow/.local/lib/python3.8/site-packages/airflow/example_dags/example_branch_operator_decorator.py
[2023-11-19T23:33:25.884+0000] {processor.py:839} INFO - DAG(s) dict_keys(['example_branch_python_operator_decorator']) retrieved from /home/airflow/.local/lib/python3.8/site-packages/airflow/example_dags/example_branch_operator_decorator.py
[2023-11-19T23:33:25.895+0000] {logging_mixin.py:154} INFO - [2023-11-19T23:33:25.895+0000] {dag.py:2941} INFO - Sync 1 DAGs
[2023-11-19T23:33:25.905+0000] {logging_mixin.py:154} INFO - [2023-11-19T23:33:25.904+0000] {dag.py:3722} INFO - Setting next_dagrun for example_branch_python_operator_decorator to 2023-11-18T00:00:00+00:00, run_after=2023-11-19T00:00:00+00:00
[2023-11-19T23:33:25.911+0000] {processor.py:179} INFO - Processing /home/airflow/.local/lib/python3.8/site-packages/airflow/example_dags/example_branch_operator_decorator.py took 0.036 seconds
[2023-11-19T23:33:56.365+0000] {processor.py:157} INFO - Started process (PID=341) to work on /home/airflow/.local/lib/python3.8/site-packages/airflow/example_dags/example_branch_operator_decorator.py
[2023-11-19T23:33:56.365+0000] {processor.py:829} INFO - Processing file /home/airflow/.local/lib/python3.8/site-packages/airflow/example_dags/example_branch_operator_decorator.py for tasks to queue
[2023-11-19T23:33:56.366+0000] {logging_mixin.py:154} INFO - [2023-11-19T23:33:56.366+0000] {dagbag.py:536} INFO - Filling up the DagBag from /home/airflow/.local/lib/python3.8/site-packages/airflow/example_dags/example_branch_operator_decorator.py
[2023-11-19T23:33:56.372+0000] {processor.py:839} INFO - DAG(s) dict_keys(['example_branch_python_operator_decorator']) retrieved from /home/airflow/.local/lib/python3.8/site-packages/airflow/example_dags/example_branch_operator_decorator.py
[2023-11-19T23:33:56.382+0000] {logging_mixin.py:154} INFO - [2023-11-19T23:33:56.382+0000] {dag.py:2941} INFO - Sync 1 DAGs
[2023-11-19T23:33:56.392+0000] {logging_mixin.py:154} INFO - [2023-11-19T23:33:56.392+0000] {dag.py:3722} INFO - Setting next_dagrun for example_branch_python_operator_decorator to 2023-11-18T00:00:00+00:00, run_after=2023-11-19T00:00:00+00:00
[2023-11-19T23:33:56.399+0000] {processor.py:179} INFO - Processing /home/airflow/.local/lib/python3.8/site-packages/airflow/example_dags/example_branch_operator_decorator.py took 0.036 seconds
[2023-11-19T23:34:26.793+0000] {processor.py:157} INFO - Started process (PID=395) to work on /home/airflow/.local/lib/python3.8/site-packages/airflow/example_dags/example_branch_operator_decorator.py
[2023-11-19T23:34:26.794+0000] {processor.py:829} INFO - Processing file /home/airflow/.local/lib/python3.8/site-packages/airflow/example_dags/example_branch_operator_decorator.py for tasks to queue
[2023-11-19T23:34:26.795+0000] {logging_mixin.py:154} INFO - [2023-11-19T23:34:26.795+0000] {dagbag.py:536} INFO - Filling up the DagBag from /home/airflow/.local/lib/python3.8/site-packages/airflow/example_dags/example_branch_operator_decorator.py
[2023-11-19T23:34:26.800+0000] {processor.py:839} INFO - DAG(s) dict_keys(['example_branch_python_operator_decorator']) retrieved from /home/airflow/.local/lib/python3.8/site-packages/airflow/example_dags/example_branch_operator_decorator.py
[2023-11-19T23:34:26.811+0000] {logging_mixin.py:154} INFO - [2023-11-19T23:34:26.811+0000] {dag.py:2941} INFO - Sync 1 DAGs
[2023-11-19T23:34:26.820+0000] {logging_mixin.py:154} INFO - [2023-11-19T23:34:26.820+0000] {dag.py:3722} INFO - Setting next_dagrun for example_branch_python_operator_decorator to 2023-11-18T00:00:00+00:00, run_after=2023-11-19T00:00:00+00:00
[2023-11-19T23:34:26.827+0000] {processor.py:179} INFO - Processing /home/airflow/.local/lib/python3.8/site-packages/airflow/example_dags/example_branch_operator_decorator.py took 0.036 seconds
[2023-11-19T23:34:57.270+0000] {processor.py:157} INFO - Started process (PID=449) to work on /home/airflow/.local/lib/python3.8/site-packages/airflow/example_dags/example_branch_operator_decorator.py
[2023-11-19T23:34:57.271+0000] {processor.py:829} INFO - Processing file /home/airflow/.local/lib/python3.8/site-packages/airflow/example_dags/example_branch_operator_decorator.py for tasks to queue
[2023-11-19T23:34:57.272+0000] {logging_mixin.py:154} INFO - [2023-11-19T23:34:57.272+0000] {dagbag.py:536} INFO - Filling up the DagBag from /home/airflow/.local/lib/python3.8/site-packages/airflow/example_dags/example_branch_operator_decorator.py
[2023-11-19T23:34:57.277+0000] {processor.py:839} INFO - DAG(s) dict_keys(['example_branch_python_operator_decorator']) retrieved from /home/airflow/.local/lib/python3.8/site-packages/airflow/example_dags/example_branch_operator_decorator.py
[2023-11-19T23:34:57.288+0000] {logging_mixin.py:154} INFO - [2023-11-19T23:34:57.288+0000] {dag.py:2941} INFO - Sync 1 DAGs
[2023-11-19T23:34:57.298+0000] {logging_mixin.py:154} INFO - [2023-11-19T23:34:57.298+0000] {dag.py:3722} INFO - Setting next_dagrun for example_branch_python_operator_decorator to 2023-11-18T00:00:00+00:00, run_after=2023-11-19T00:00:00+00:00
[2023-11-19T23:34:57.305+0000] {processor.py:179} INFO - Processing /home/airflow/.local/lib/python3.8/site-packages/airflow/example_dags/example_branch_operator_decorator.py took 0.037 seconds
[2023-11-19T23:35:27.849+0000] {processor.py:157} INFO - Started process (PID=503) to work on /home/airflow/.local/lib/python3.8/site-packages/airflow/example_dags/example_branch_operator_decorator.py
[2023-11-19T23:35:27.850+0000] {processor.py:829} INFO - Processing file /home/airflow/.local/lib/python3.8/site-packages/airflow/example_dags/example_branch_operator_decorator.py for tasks to queue
[2023-11-19T23:35:27.851+0000] {logging_mixin.py:154} INFO - [2023-11-19T23:35:27.851+0000] {dagbag.py:536} INFO - Filling up the DagBag from /home/airflow/.local/lib/python3.8/site-packages/airflow/example_dags/example_branch_operator_decorator.py
[2023-11-19T23:35:27.858+0000] {processor.py:839} INFO - DAG(s) dict_keys(['example_branch_python_operator_decorator']) retrieved from /home/airflow/.local/lib/python3.8/site-packages/airflow/example_dags/example_branch_operator_decorator.py
[2023-11-19T23:35:27.871+0000] {logging_mixin.py:154} INFO - [2023-11-19T23:35:27.871+0000] {dag.py:2941} INFO - Sync 1 DAGs
[2023-11-19T23:35:27.884+0000] {logging_mixin.py:154} INFO - [2023-11-19T23:35:27.884+0000] {dag.py:3722} INFO - Setting next_dagrun for example_branch_python_operator_decorator to 2023-11-18T00:00:00+00:00, run_after=2023-11-19T00:00:00+00:00
[2023-11-19T23:35:27.892+0000] {processor.py:179} INFO - Processing /home/airflow/.local/lib/python3.8/site-packages/airflow/example_dags/example_branch_operator_decorator.py took 0.046 seconds
[2023-11-19T23:35:58.371+0000] {processor.py:157} INFO - Started process (PID=557) to work on /home/airflow/.local/lib/python3.8/site-packages/airflow/example_dags/example_branch_operator_decorator.py
[2023-11-19T23:35:58.372+0000] {processor.py:829} INFO - Processing file /home/airflow/.local/lib/python3.8/site-packages/airflow/example_dags/example_branch_operator_decorator.py for tasks to queue
[2023-11-19T23:35:58.373+0000] {logging_mixin.py:154} INFO - [2023-11-19T23:35:58.373+0000] {dagbag.py:536} INFO - Filling up the DagBag from /home/airflow/.local/lib/python3.8/site-packages/airflow/example_dags/example_branch_operator_decorator.py
[2023-11-19T23:35:58.378+0000] {processor.py:839} INFO - DAG(s) dict_keys(['example_branch_python_operator_decorator']) retrieved from /home/airflow/.local/lib/python3.8/site-packages/airflow/example_dags/example_branch_operator_decorator.py
[2023-11-19T23:35:58.388+0000] {logging_mixin.py:154} INFO - [2023-11-19T23:35:58.388+0000] {dag.py:2941} INFO - Sync 1 DAGs
[2023-11-19T23:35:58.397+0000] {logging_mixin.py:154} INFO - [2023-11-19T23:35:58.397+0000] {dag.py:3722} INFO - Setting next_dagrun for example_branch_python_operator_decorator to 2023-11-18T00:00:00+00:00, run_after=2023-11-19T00:00:00+00:00
[2023-11-19T23:35:58.403+0000] {processor.py:179} INFO - Processing /home/airflow/.local/lib/python3.8/site-packages/airflow/example_dags/example_branch_operator_decorator.py took 0.034 seconds
