[2023-11-19T23:20:27.040+0000] {processor.py:157} INFO - Started process (PID=63) to work on /home/airflow/.local/lib/python3.8/site-packages/airflow/example_dags/example_kubernetes_executor.py
[2023-11-19T23:20:27.041+0000] {processor.py:829} INFO - Processing file /home/airflow/.local/lib/python3.8/site-packages/airflow/example_dags/example_kubernetes_executor.py for tasks to queue
[2023-11-19T23:20:27.042+0000] {logging_mixin.py:154} INFO - [2023-11-19T23:20:27.042+0000] {dagbag.py:536} INFO - Filling up the DagBag from /home/airflow/.local/lib/python3.8/site-packages/airflow/example_dags/example_kubernetes_executor.py
[2023-11-19T23:20:27.052+0000] {processor.py:839} INFO - DAG(s) dict_keys(['example_kubernetes_executor']) retrieved from /home/airflow/.local/lib/python3.8/site-packages/airflow/example_dags/example_kubernetes_executor.py
[2023-11-19T23:20:27.114+0000] {logging_mixin.py:154} INFO - [2023-11-19T23:20:27.114+0000] {manager.py:499} INFO - Created Permission View: %s
[2023-11-19T23:20:27.118+0000] {logging_mixin.py:154} INFO - [2023-11-19T23:20:27.118+0000] {manager.py:499} INFO - Created Permission View: %s
[2023-11-19T23:20:27.120+0000] {logging_mixin.py:154} INFO - [2023-11-19T23:20:27.120+0000] {manager.py:499} INFO - Created Permission View: %s
[2023-11-19T23:20:27.120+0000] {logging_mixin.py:154} INFO - [2023-11-19T23:20:27.120+0000] {dag.py:2941} INFO - Sync 1 DAGs
[2023-11-19T23:20:27.127+0000] {logging_mixin.py:154} INFO - [2023-11-19T23:20:27.127+0000] {dag.py:2963} INFO - Creating ORM DAG for example_kubernetes_executor
[2023-11-19T23:20:27.128+0000] {logging_mixin.py:154} INFO - [2023-11-19T23:20:27.128+0000] {dag.py:3722} INFO - Setting next_dagrun for example_kubernetes_executor to None, run_after=None
[2023-11-19T23:20:27.136+0000] {processor.py:179} INFO - Processing /home/airflow/.local/lib/python3.8/site-packages/airflow/example_dags/example_kubernetes_executor.py took 0.099 seconds
[2023-11-19T23:20:57.427+0000] {processor.py:157} INFO - Started process (PID=117) to work on /home/airflow/.local/lib/python3.8/site-packages/airflow/example_dags/example_kubernetes_executor.py
[2023-11-19T23:20:57.428+0000] {processor.py:829} INFO - Processing file /home/airflow/.local/lib/python3.8/site-packages/airflow/example_dags/example_kubernetes_executor.py for tasks to queue
[2023-11-19T23:20:57.429+0000] {logging_mixin.py:154} INFO - [2023-11-19T23:20:57.429+0000] {dagbag.py:536} INFO - Filling up the DagBag from /home/airflow/.local/lib/python3.8/site-packages/airflow/example_dags/example_kubernetes_executor.py
[2023-11-19T23:20:57.436+0000] {processor.py:839} INFO - DAG(s) dict_keys(['example_kubernetes_executor']) retrieved from /home/airflow/.local/lib/python3.8/site-packages/airflow/example_dags/example_kubernetes_executor.py
[2023-11-19T23:20:57.452+0000] {logging_mixin.py:154} INFO - [2023-11-19T23:20:57.452+0000] {dag.py:2941} INFO - Sync 1 DAGs
[2023-11-19T23:20:57.458+0000] {logging_mixin.py:154} INFO - [2023-11-19T23:20:57.457+0000] {dag.py:3722} INFO - Setting next_dagrun for example_kubernetes_executor to None, run_after=None
[2023-11-19T23:20:57.464+0000] {processor.py:179} INFO - Processing /home/airflow/.local/lib/python3.8/site-packages/airflow/example_dags/example_kubernetes_executor.py took 0.039 seconds
[2023-11-19T23:21:28.069+0000] {processor.py:157} INFO - Started process (PID=171) to work on /home/airflow/.local/lib/python3.8/site-packages/airflow/example_dags/example_kubernetes_executor.py
[2023-11-19T23:21:28.069+0000] {processor.py:829} INFO - Processing file /home/airflow/.local/lib/python3.8/site-packages/airflow/example_dags/example_kubernetes_executor.py for tasks to queue
[2023-11-19T23:21:28.070+0000] {logging_mixin.py:154} INFO - [2023-11-19T23:21:28.070+0000] {dagbag.py:536} INFO - Filling up the DagBag from /home/airflow/.local/lib/python3.8/site-packages/airflow/example_dags/example_kubernetes_executor.py
[2023-11-19T23:21:28.077+0000] {processor.py:839} INFO - DAG(s) dict_keys(['example_kubernetes_executor']) retrieved from /home/airflow/.local/lib/python3.8/site-packages/airflow/example_dags/example_kubernetes_executor.py
[2023-11-19T23:21:28.094+0000] {logging_mixin.py:154} INFO - [2023-11-19T23:21:28.094+0000] {dag.py:2941} INFO - Sync 1 DAGs
[2023-11-19T23:21:28.099+0000] {logging_mixin.py:154} INFO - [2023-11-19T23:21:28.099+0000] {dag.py:3722} INFO - Setting next_dagrun for example_kubernetes_executor to None, run_after=None
[2023-11-19T23:21:28.105+0000] {processor.py:179} INFO - Processing /home/airflow/.local/lib/python3.8/site-packages/airflow/example_dags/example_kubernetes_executor.py took 0.038 seconds
[2023-11-19T23:21:58.541+0000] {processor.py:157} INFO - Started process (PID=225) to work on /home/airflow/.local/lib/python3.8/site-packages/airflow/example_dags/example_kubernetes_executor.py
[2023-11-19T23:21:58.542+0000] {processor.py:829} INFO - Processing file /home/airflow/.local/lib/python3.8/site-packages/airflow/example_dags/example_kubernetes_executor.py for tasks to queue
[2023-11-19T23:21:58.543+0000] {logging_mixin.py:154} INFO - [2023-11-19T23:21:58.543+0000] {dagbag.py:536} INFO - Filling up the DagBag from /home/airflow/.local/lib/python3.8/site-packages/airflow/example_dags/example_kubernetes_executor.py
[2023-11-19T23:21:58.550+0000] {processor.py:839} INFO - DAG(s) dict_keys(['example_kubernetes_executor']) retrieved from /home/airflow/.local/lib/python3.8/site-packages/airflow/example_dags/example_kubernetes_executor.py
[2023-11-19T23:21:58.565+0000] {logging_mixin.py:154} INFO - [2023-11-19T23:21:58.565+0000] {dag.py:2941} INFO - Sync 1 DAGs
[2023-11-19T23:21:58.570+0000] {logging_mixin.py:154} INFO - [2023-11-19T23:21:58.570+0000] {dag.py:3722} INFO - Setting next_dagrun for example_kubernetes_executor to None, run_after=None
[2023-11-19T23:21:58.577+0000] {processor.py:179} INFO - Processing /home/airflow/.local/lib/python3.8/site-packages/airflow/example_dags/example_kubernetes_executor.py took 0.037 seconds
[2023-11-19T23:22:29.016+0000] {processor.py:157} INFO - Started process (PID=279) to work on /home/airflow/.local/lib/python3.8/site-packages/airflow/example_dags/example_kubernetes_executor.py
[2023-11-19T23:22:29.016+0000] {processor.py:829} INFO - Processing file /home/airflow/.local/lib/python3.8/site-packages/airflow/example_dags/example_kubernetes_executor.py for tasks to queue
[2023-11-19T23:22:29.017+0000] {logging_mixin.py:154} INFO - [2023-11-19T23:22:29.017+0000] {dagbag.py:536} INFO - Filling up the DagBag from /home/airflow/.local/lib/python3.8/site-packages/airflow/example_dags/example_kubernetes_executor.py
[2023-11-19T23:22:29.024+0000] {processor.py:839} INFO - DAG(s) dict_keys(['example_kubernetes_executor']) retrieved from /home/airflow/.local/lib/python3.8/site-packages/airflow/example_dags/example_kubernetes_executor.py
[2023-11-19T23:22:29.041+0000] {logging_mixin.py:154} INFO - [2023-11-19T23:22:29.041+0000] {dag.py:2941} INFO - Sync 1 DAGs
[2023-11-19T23:22:29.046+0000] {logging_mixin.py:154} INFO - [2023-11-19T23:22:29.046+0000] {dag.py:3722} INFO - Setting next_dagrun for example_kubernetes_executor to None, run_after=None
[2023-11-19T23:22:29.053+0000] {processor.py:179} INFO - Processing /home/airflow/.local/lib/python3.8/site-packages/airflow/example_dags/example_kubernetes_executor.py took 0.039 seconds
[2023-11-19T23:22:59.458+0000] {processor.py:157} INFO - Started process (PID=333) to work on /home/airflow/.local/lib/python3.8/site-packages/airflow/example_dags/example_kubernetes_executor.py
[2023-11-19T23:22:59.458+0000] {processor.py:829} INFO - Processing file /home/airflow/.local/lib/python3.8/site-packages/airflow/example_dags/example_kubernetes_executor.py for tasks to queue
[2023-11-19T23:22:59.459+0000] {logging_mixin.py:154} INFO - [2023-11-19T23:22:59.459+0000] {dagbag.py:536} INFO - Filling up the DagBag from /home/airflow/.local/lib/python3.8/site-packages/airflow/example_dags/example_kubernetes_executor.py
[2023-11-19T23:22:59.466+0000] {processor.py:839} INFO - DAG(s) dict_keys(['example_kubernetes_executor']) retrieved from /home/airflow/.local/lib/python3.8/site-packages/airflow/example_dags/example_kubernetes_executor.py
[2023-11-19T23:22:59.484+0000] {logging_mixin.py:154} INFO - [2023-11-19T23:22:59.484+0000] {dag.py:2941} INFO - Sync 1 DAGs
[2023-11-19T23:22:59.489+0000] {logging_mixin.py:154} INFO - [2023-11-19T23:22:59.489+0000] {dag.py:3722} INFO - Setting next_dagrun for example_kubernetes_executor to None, run_after=None
[2023-11-19T23:22:59.495+0000] {processor.py:179} INFO - Processing /home/airflow/.local/lib/python3.8/site-packages/airflow/example_dags/example_kubernetes_executor.py took 0.039 seconds
[2023-11-19T23:23:29.832+0000] {processor.py:157} INFO - Started process (PID=387) to work on /home/airflow/.local/lib/python3.8/site-packages/airflow/example_dags/example_kubernetes_executor.py
[2023-11-19T23:23:29.833+0000] {processor.py:829} INFO - Processing file /home/airflow/.local/lib/python3.8/site-packages/airflow/example_dags/example_kubernetes_executor.py for tasks to queue
[2023-11-19T23:23:29.834+0000] {logging_mixin.py:154} INFO - [2023-11-19T23:23:29.833+0000] {dagbag.py:536} INFO - Filling up the DagBag from /home/airflow/.local/lib/python3.8/site-packages/airflow/example_dags/example_kubernetes_executor.py
[2023-11-19T23:23:29.840+0000] {processor.py:839} INFO - DAG(s) dict_keys(['example_kubernetes_executor']) retrieved from /home/airflow/.local/lib/python3.8/site-packages/airflow/example_dags/example_kubernetes_executor.py
[2023-11-19T23:23:29.857+0000] {logging_mixin.py:154} INFO - [2023-11-19T23:23:29.857+0000] {dag.py:2941} INFO - Sync 1 DAGs
[2023-11-19T23:23:29.861+0000] {logging_mixin.py:154} INFO - [2023-11-19T23:23:29.861+0000] {dag.py:3722} INFO - Setting next_dagrun for example_kubernetes_executor to None, run_after=None
[2023-11-19T23:23:29.868+0000] {processor.py:179} INFO - Processing /home/airflow/.local/lib/python3.8/site-packages/airflow/example_dags/example_kubernetes_executor.py took 0.038 seconds
[2023-11-19T23:24:00.281+0000] {processor.py:157} INFO - Started process (PID=441) to work on /home/airflow/.local/lib/python3.8/site-packages/airflow/example_dags/example_kubernetes_executor.py
[2023-11-19T23:24:00.282+0000] {processor.py:829} INFO - Processing file /home/airflow/.local/lib/python3.8/site-packages/airflow/example_dags/example_kubernetes_executor.py for tasks to queue
[2023-11-19T23:24:00.283+0000] {logging_mixin.py:154} INFO - [2023-11-19T23:24:00.283+0000] {dagbag.py:536} INFO - Filling up the DagBag from /home/airflow/.local/lib/python3.8/site-packages/airflow/example_dags/example_kubernetes_executor.py
[2023-11-19T23:24:00.290+0000] {processor.py:839} INFO - DAG(s) dict_keys(['example_kubernetes_executor']) retrieved from /home/airflow/.local/lib/python3.8/site-packages/airflow/example_dags/example_kubernetes_executor.py
[2023-11-19T23:24:00.307+0000] {logging_mixin.py:154} INFO - [2023-11-19T23:24:00.306+0000] {dag.py:2941} INFO - Sync 1 DAGs
[2023-11-19T23:24:00.312+0000] {logging_mixin.py:154} INFO - [2023-11-19T23:24:00.312+0000] {dag.py:3722} INFO - Setting next_dagrun for example_kubernetes_executor to None, run_after=None
[2023-11-19T23:24:00.319+0000] {processor.py:179} INFO - Processing /home/airflow/.local/lib/python3.8/site-packages/airflow/example_dags/example_kubernetes_executor.py took 0.040 seconds
[2023-11-19T23:24:30.767+0000] {processor.py:157} INFO - Started process (PID=495) to work on /home/airflow/.local/lib/python3.8/site-packages/airflow/example_dags/example_kubernetes_executor.py
[2023-11-19T23:24:30.767+0000] {processor.py:829} INFO - Processing file /home/airflow/.local/lib/python3.8/site-packages/airflow/example_dags/example_kubernetes_executor.py for tasks to queue
[2023-11-19T23:24:30.768+0000] {logging_mixin.py:154} INFO - [2023-11-19T23:24:30.768+0000] {dagbag.py:536} INFO - Filling up the DagBag from /home/airflow/.local/lib/python3.8/site-packages/airflow/example_dags/example_kubernetes_executor.py
[2023-11-19T23:24:30.775+0000] {processor.py:839} INFO - DAG(s) dict_keys(['example_kubernetes_executor']) retrieved from /home/airflow/.local/lib/python3.8/site-packages/airflow/example_dags/example_kubernetes_executor.py
[2023-11-19T23:24:30.792+0000] {logging_mixin.py:154} INFO - [2023-11-19T23:24:30.792+0000] {dag.py:2941} INFO - Sync 1 DAGs
[2023-11-19T23:24:30.797+0000] {logging_mixin.py:154} INFO - [2023-11-19T23:24:30.797+0000] {dag.py:3722} INFO - Setting next_dagrun for example_kubernetes_executor to None, run_after=None
[2023-11-19T23:24:30.803+0000] {processor.py:179} INFO - Processing /home/airflow/.local/lib/python3.8/site-packages/airflow/example_dags/example_kubernetes_executor.py took 0.038 seconds
[2023-11-19T23:25:01.249+0000] {processor.py:157} INFO - Started process (PID=549) to work on /home/airflow/.local/lib/python3.8/site-packages/airflow/example_dags/example_kubernetes_executor.py
[2023-11-19T23:25:01.249+0000] {processor.py:829} INFO - Processing file /home/airflow/.local/lib/python3.8/site-packages/airflow/example_dags/example_kubernetes_executor.py for tasks to queue
[2023-11-19T23:25:01.250+0000] {logging_mixin.py:154} INFO - [2023-11-19T23:25:01.250+0000] {dagbag.py:536} INFO - Filling up the DagBag from /home/airflow/.local/lib/python3.8/site-packages/airflow/example_dags/example_kubernetes_executor.py
[2023-11-19T23:25:01.257+0000] {processor.py:839} INFO - DAG(s) dict_keys(['example_kubernetes_executor']) retrieved from /home/airflow/.local/lib/python3.8/site-packages/airflow/example_dags/example_kubernetes_executor.py
[2023-11-19T23:25:01.273+0000] {logging_mixin.py:154} INFO - [2023-11-19T23:25:01.273+0000] {dag.py:2941} INFO - Sync 1 DAGs
[2023-11-19T23:25:01.278+0000] {logging_mixin.py:154} INFO - [2023-11-19T23:25:01.278+0000] {dag.py:3722} INFO - Setting next_dagrun for example_kubernetes_executor to None, run_after=None
[2023-11-19T23:25:01.285+0000] {processor.py:179} INFO - Processing /home/airflow/.local/lib/python3.8/site-packages/airflow/example_dags/example_kubernetes_executor.py took 0.038 seconds
[2023-11-19T23:25:31.805+0000] {processor.py:157} INFO - Started process (PID=603) to work on /home/airflow/.local/lib/python3.8/site-packages/airflow/example_dags/example_kubernetes_executor.py
[2023-11-19T23:25:31.806+0000] {processor.py:829} INFO - Processing file /home/airflow/.local/lib/python3.8/site-packages/airflow/example_dags/example_kubernetes_executor.py for tasks to queue
[2023-11-19T23:25:31.807+0000] {logging_mixin.py:154} INFO - [2023-11-19T23:25:31.807+0000] {dagbag.py:536} INFO - Filling up the DagBag from /home/airflow/.local/lib/python3.8/site-packages/airflow/example_dags/example_kubernetes_executor.py
[2023-11-19T23:25:31.814+0000] {processor.py:839} INFO - DAG(s) dict_keys(['example_kubernetes_executor']) retrieved from /home/airflow/.local/lib/python3.8/site-packages/airflow/example_dags/example_kubernetes_executor.py
[2023-11-19T23:25:31.830+0000] {logging_mixin.py:154} INFO - [2023-11-19T23:25:31.830+0000] {dag.py:2941} INFO - Sync 1 DAGs
[2023-11-19T23:25:31.835+0000] {logging_mixin.py:154} INFO - [2023-11-19T23:25:31.835+0000] {dag.py:3722} INFO - Setting next_dagrun for example_kubernetes_executor to None, run_after=None
[2023-11-19T23:25:31.842+0000] {processor.py:179} INFO - Processing /home/airflow/.local/lib/python3.8/site-packages/airflow/example_dags/example_kubernetes_executor.py took 0.038 seconds
[2023-11-19T23:31:23.773+0000] {processor.py:157} INFO - Started process (PID=64) to work on /home/airflow/.local/lib/python3.8/site-packages/airflow/example_dags/example_kubernetes_executor.py
[2023-11-19T23:31:23.774+0000] {processor.py:829} INFO - Processing file /home/airflow/.local/lib/python3.8/site-packages/airflow/example_dags/example_kubernetes_executor.py for tasks to queue
[2023-11-19T23:31:23.775+0000] {logging_mixin.py:154} INFO - [2023-11-19T23:31:23.775+0000] {dagbag.py:536} INFO - Filling up the DagBag from /home/airflow/.local/lib/python3.8/site-packages/airflow/example_dags/example_kubernetes_executor.py
[2023-11-19T23:31:23.791+0000] {processor.py:839} INFO - DAG(s) dict_keys(['example_kubernetes_executor']) retrieved from /home/airflow/.local/lib/python3.8/site-packages/airflow/example_dags/example_kubernetes_executor.py
[2023-11-19T23:31:23.852+0000] {logging_mixin.py:154} INFO - [2023-11-19T23:31:23.852+0000] {manager.py:499} INFO - Created Permission View: %s
[2023-11-19T23:31:23.857+0000] {logging_mixin.py:154} INFO - [2023-11-19T23:31:23.857+0000] {manager.py:499} INFO - Created Permission View: %s
[2023-11-19T23:31:23.861+0000] {logging_mixin.py:154} INFO - [2023-11-19T23:31:23.861+0000] {manager.py:499} INFO - Created Permission View: %s
[2023-11-19T23:31:23.861+0000] {logging_mixin.py:154} INFO - [2023-11-19T23:31:23.861+0000] {dag.py:2941} INFO - Sync 1 DAGs
[2023-11-19T23:31:23.867+0000] {logging_mixin.py:154} INFO - [2023-11-19T23:31:23.867+0000] {dag.py:2963} INFO - Creating ORM DAG for example_kubernetes_executor
[2023-11-19T23:31:23.867+0000] {logging_mixin.py:154} INFO - [2023-11-19T23:31:23.867+0000] {dag.py:3722} INFO - Setting next_dagrun for example_kubernetes_executor to None, run_after=None
[2023-11-19T23:31:23.875+0000] {processor.py:179} INFO - Processing /home/airflow/.local/lib/python3.8/site-packages/airflow/example_dags/example_kubernetes_executor.py took 0.104 seconds
[2023-11-19T23:31:54.207+0000] {processor.py:157} INFO - Started process (PID=118) to work on /home/airflow/.local/lib/python3.8/site-packages/airflow/example_dags/example_kubernetes_executor.py
[2023-11-19T23:31:54.208+0000] {processor.py:829} INFO - Processing file /home/airflow/.local/lib/python3.8/site-packages/airflow/example_dags/example_kubernetes_executor.py for tasks to queue
[2023-11-19T23:31:54.209+0000] {logging_mixin.py:154} INFO - [2023-11-19T23:31:54.209+0000] {dagbag.py:536} INFO - Filling up the DagBag from /home/airflow/.local/lib/python3.8/site-packages/airflow/example_dags/example_kubernetes_executor.py
[2023-11-19T23:31:54.216+0000] {processor.py:839} INFO - DAG(s) dict_keys(['example_kubernetes_executor']) retrieved from /home/airflow/.local/lib/python3.8/site-packages/airflow/example_dags/example_kubernetes_executor.py
[2023-11-19T23:31:54.237+0000] {logging_mixin.py:154} INFO - [2023-11-19T23:31:54.237+0000] {dag.py:2941} INFO - Sync 1 DAGs
[2023-11-19T23:31:54.242+0000] {logging_mixin.py:154} INFO - [2023-11-19T23:31:54.242+0000] {dag.py:3722} INFO - Setting next_dagrun for example_kubernetes_executor to None, run_after=None
[2023-11-19T23:31:54.248+0000] {processor.py:179} INFO - Processing /home/airflow/.local/lib/python3.8/site-packages/airflow/example_dags/example_kubernetes_executor.py took 0.043 seconds
[2023-11-19T23:32:24.730+0000] {processor.py:157} INFO - Started process (PID=172) to work on /home/airflow/.local/lib/python3.8/site-packages/airflow/example_dags/example_kubernetes_executor.py
[2023-11-19T23:32:24.731+0000] {processor.py:829} INFO - Processing file /home/airflow/.local/lib/python3.8/site-packages/airflow/example_dags/example_kubernetes_executor.py for tasks to queue
[2023-11-19T23:32:24.732+0000] {logging_mixin.py:154} INFO - [2023-11-19T23:32:24.732+0000] {dagbag.py:536} INFO - Filling up the DagBag from /home/airflow/.local/lib/python3.8/site-packages/airflow/example_dags/example_kubernetes_executor.py
[2023-11-19T23:32:24.740+0000] {processor.py:839} INFO - DAG(s) dict_keys(['example_kubernetes_executor']) retrieved from /home/airflow/.local/lib/python3.8/site-packages/airflow/example_dags/example_kubernetes_executor.py
[2023-11-19T23:32:24.758+0000] {logging_mixin.py:154} INFO - [2023-11-19T23:32:24.758+0000] {dag.py:2941} INFO - Sync 1 DAGs
[2023-11-19T23:32:24.763+0000] {logging_mixin.py:154} INFO - [2023-11-19T23:32:24.763+0000] {dag.py:3722} INFO - Setting next_dagrun for example_kubernetes_executor to None, run_after=None
[2023-11-19T23:32:24.769+0000] {processor.py:179} INFO - Processing /home/airflow/.local/lib/python3.8/site-packages/airflow/example_dags/example_kubernetes_executor.py took 0.041 seconds
[2023-11-19T23:32:55.202+0000] {processor.py:157} INFO - Started process (PID=226) to work on /home/airflow/.local/lib/python3.8/site-packages/airflow/example_dags/example_kubernetes_executor.py
[2023-11-19T23:32:55.203+0000] {processor.py:829} INFO - Processing file /home/airflow/.local/lib/python3.8/site-packages/airflow/example_dags/example_kubernetes_executor.py for tasks to queue
[2023-11-19T23:32:55.204+0000] {logging_mixin.py:154} INFO - [2023-11-19T23:32:55.204+0000] {dagbag.py:536} INFO - Filling up the DagBag from /home/airflow/.local/lib/python3.8/site-packages/airflow/example_dags/example_kubernetes_executor.py
[2023-11-19T23:32:55.211+0000] {processor.py:839} INFO - DAG(s) dict_keys(['example_kubernetes_executor']) retrieved from /home/airflow/.local/lib/python3.8/site-packages/airflow/example_dags/example_kubernetes_executor.py
[2023-11-19T23:32:55.227+0000] {logging_mixin.py:154} INFO - [2023-11-19T23:32:55.227+0000] {dag.py:2941} INFO - Sync 1 DAGs
[2023-11-19T23:32:55.232+0000] {logging_mixin.py:154} INFO - [2023-11-19T23:32:55.232+0000] {dag.py:3722} INFO - Setting next_dagrun for example_kubernetes_executor to None, run_after=None
[2023-11-19T23:32:55.240+0000] {processor.py:179} INFO - Processing /home/airflow/.local/lib/python3.8/site-packages/airflow/example_dags/example_kubernetes_executor.py took 0.040 seconds
[2023-11-19T23:33:25.658+0000] {processor.py:157} INFO - Started process (PID=280) to work on /home/airflow/.local/lib/python3.8/site-packages/airflow/example_dags/example_kubernetes_executor.py
[2023-11-19T23:33:25.659+0000] {processor.py:829} INFO - Processing file /home/airflow/.local/lib/python3.8/site-packages/airflow/example_dags/example_kubernetes_executor.py for tasks to queue
[2023-11-19T23:33:25.660+0000] {logging_mixin.py:154} INFO - [2023-11-19T23:33:25.660+0000] {dagbag.py:536} INFO - Filling up the DagBag from /home/airflow/.local/lib/python3.8/site-packages/airflow/example_dags/example_kubernetes_executor.py
[2023-11-19T23:33:25.667+0000] {processor.py:839} INFO - DAG(s) dict_keys(['example_kubernetes_executor']) retrieved from /home/airflow/.local/lib/python3.8/site-packages/airflow/example_dags/example_kubernetes_executor.py
[2023-11-19T23:33:25.683+0000] {logging_mixin.py:154} INFO - [2023-11-19T23:33:25.683+0000] {dag.py:2941} INFO - Sync 1 DAGs
[2023-11-19T23:33:25.688+0000] {logging_mixin.py:154} INFO - [2023-11-19T23:33:25.688+0000] {dag.py:3722} INFO - Setting next_dagrun for example_kubernetes_executor to None, run_after=None
[2023-11-19T23:33:25.694+0000] {processor.py:179} INFO - Processing /home/airflow/.local/lib/python3.8/site-packages/airflow/example_dags/example_kubernetes_executor.py took 0.038 seconds
[2023-11-19T23:33:56.190+0000] {processor.py:157} INFO - Started process (PID=334) to work on /home/airflow/.local/lib/python3.8/site-packages/airflow/example_dags/example_kubernetes_executor.py
[2023-11-19T23:33:56.191+0000] {processor.py:829} INFO - Processing file /home/airflow/.local/lib/python3.8/site-packages/airflow/example_dags/example_kubernetes_executor.py for tasks to queue
[2023-11-19T23:33:56.192+0000] {logging_mixin.py:154} INFO - [2023-11-19T23:33:56.192+0000] {dagbag.py:536} INFO - Filling up the DagBag from /home/airflow/.local/lib/python3.8/site-packages/airflow/example_dags/example_kubernetes_executor.py
[2023-11-19T23:33:56.199+0000] {processor.py:839} INFO - DAG(s) dict_keys(['example_kubernetes_executor']) retrieved from /home/airflow/.local/lib/python3.8/site-packages/airflow/example_dags/example_kubernetes_executor.py
[2023-11-19T23:33:56.216+0000] {logging_mixin.py:154} INFO - [2023-11-19T23:33:56.216+0000] {dag.py:2941} INFO - Sync 1 DAGs
[2023-11-19T23:33:56.221+0000] {logging_mixin.py:154} INFO - [2023-11-19T23:33:56.221+0000] {dag.py:3722} INFO - Setting next_dagrun for example_kubernetes_executor to None, run_after=None
[2023-11-19T23:33:56.228+0000] {processor.py:179} INFO - Processing /home/airflow/.local/lib/python3.8/site-packages/airflow/example_dags/example_kubernetes_executor.py took 0.040 seconds
[2023-11-19T23:34:26.609+0000] {processor.py:157} INFO - Started process (PID=388) to work on /home/airflow/.local/lib/python3.8/site-packages/airflow/example_dags/example_kubernetes_executor.py
[2023-11-19T23:34:26.610+0000] {processor.py:829} INFO - Processing file /home/airflow/.local/lib/python3.8/site-packages/airflow/example_dags/example_kubernetes_executor.py for tasks to queue
[2023-11-19T23:34:26.611+0000] {logging_mixin.py:154} INFO - [2023-11-19T23:34:26.611+0000] {dagbag.py:536} INFO - Filling up the DagBag from /home/airflow/.local/lib/python3.8/site-packages/airflow/example_dags/example_kubernetes_executor.py
[2023-11-19T23:34:26.618+0000] {processor.py:839} INFO - DAG(s) dict_keys(['example_kubernetes_executor']) retrieved from /home/airflow/.local/lib/python3.8/site-packages/airflow/example_dags/example_kubernetes_executor.py
[2023-11-19T23:34:26.635+0000] {logging_mixin.py:154} INFO - [2023-11-19T23:34:26.635+0000] {dag.py:2941} INFO - Sync 1 DAGs
[2023-11-19T23:34:26.640+0000] {logging_mixin.py:154} INFO - [2023-11-19T23:34:26.640+0000] {dag.py:3722} INFO - Setting next_dagrun for example_kubernetes_executor to None, run_after=None
[2023-11-19T23:34:26.647+0000] {processor.py:179} INFO - Processing /home/airflow/.local/lib/python3.8/site-packages/airflow/example_dags/example_kubernetes_executor.py took 0.040 seconds
[2023-11-19T23:34:57.068+0000] {processor.py:157} INFO - Started process (PID=442) to work on /home/airflow/.local/lib/python3.8/site-packages/airflow/example_dags/example_kubernetes_executor.py
[2023-11-19T23:34:57.069+0000] {processor.py:829} INFO - Processing file /home/airflow/.local/lib/python3.8/site-packages/airflow/example_dags/example_kubernetes_executor.py for tasks to queue
[2023-11-19T23:34:57.070+0000] {logging_mixin.py:154} INFO - [2023-11-19T23:34:57.070+0000] {dagbag.py:536} INFO - Filling up the DagBag from /home/airflow/.local/lib/python3.8/site-packages/airflow/example_dags/example_kubernetes_executor.py
[2023-11-19T23:34:57.076+0000] {processor.py:839} INFO - DAG(s) dict_keys(['example_kubernetes_executor']) retrieved from /home/airflow/.local/lib/python3.8/site-packages/airflow/example_dags/example_kubernetes_executor.py
[2023-11-19T23:34:57.091+0000] {logging_mixin.py:154} INFO - [2023-11-19T23:34:57.091+0000] {dag.py:2941} INFO - Sync 1 DAGs
[2023-11-19T23:34:57.096+0000] {logging_mixin.py:154} INFO - [2023-11-19T23:34:57.096+0000] {dag.py:3722} INFO - Setting next_dagrun for example_kubernetes_executor to None, run_after=None
[2023-11-19T23:34:57.102+0000] {processor.py:179} INFO - Processing /home/airflow/.local/lib/python3.8/site-packages/airflow/example_dags/example_kubernetes_executor.py took 0.036 seconds
[2023-11-19T23:35:27.654+0000] {processor.py:157} INFO - Started process (PID=496) to work on /home/airflow/.local/lib/python3.8/site-packages/airflow/example_dags/example_kubernetes_executor.py
[2023-11-19T23:35:27.654+0000] {processor.py:829} INFO - Processing file /home/airflow/.local/lib/python3.8/site-packages/airflow/example_dags/example_kubernetes_executor.py for tasks to queue
[2023-11-19T23:35:27.655+0000] {logging_mixin.py:154} INFO - [2023-11-19T23:35:27.655+0000] {dagbag.py:536} INFO - Filling up the DagBag from /home/airflow/.local/lib/python3.8/site-packages/airflow/example_dags/example_kubernetes_executor.py
[2023-11-19T23:35:27.663+0000] {processor.py:839} INFO - DAG(s) dict_keys(['example_kubernetes_executor']) retrieved from /home/airflow/.local/lib/python3.8/site-packages/airflow/example_dags/example_kubernetes_executor.py
[2023-11-19T23:35:27.679+0000] {logging_mixin.py:154} INFO - [2023-11-19T23:35:27.679+0000] {dag.py:2941} INFO - Sync 1 DAGs
[2023-11-19T23:35:27.685+0000] {logging_mixin.py:154} INFO - [2023-11-19T23:35:27.684+0000] {dag.py:3722} INFO - Setting next_dagrun for example_kubernetes_executor to None, run_after=None
[2023-11-19T23:35:27.693+0000] {processor.py:179} INFO - Processing /home/airflow/.local/lib/python3.8/site-packages/airflow/example_dags/example_kubernetes_executor.py took 0.041 seconds
[2023-11-19T23:35:58.162+0000] {processor.py:157} INFO - Started process (PID=550) to work on /home/airflow/.local/lib/python3.8/site-packages/airflow/example_dags/example_kubernetes_executor.py
[2023-11-19T23:35:58.163+0000] {processor.py:829} INFO - Processing file /home/airflow/.local/lib/python3.8/site-packages/airflow/example_dags/example_kubernetes_executor.py for tasks to queue
[2023-11-19T23:35:58.164+0000] {logging_mixin.py:154} INFO - [2023-11-19T23:35:58.164+0000] {dagbag.py:536} INFO - Filling up the DagBag from /home/airflow/.local/lib/python3.8/site-packages/airflow/example_dags/example_kubernetes_executor.py
[2023-11-19T23:35:58.171+0000] {processor.py:839} INFO - DAG(s) dict_keys(['example_kubernetes_executor']) retrieved from /home/airflow/.local/lib/python3.8/site-packages/airflow/example_dags/example_kubernetes_executor.py
[2023-11-19T23:35:58.187+0000] {logging_mixin.py:154} INFO - [2023-11-19T23:35:58.187+0000] {dag.py:2941} INFO - Sync 1 DAGs
[2023-11-19T23:35:58.192+0000] {logging_mixin.py:154} INFO - [2023-11-19T23:35:58.192+0000] {dag.py:3722} INFO - Setting next_dagrun for example_kubernetes_executor to None, run_after=None
[2023-11-19T23:35:58.199+0000] {processor.py:179} INFO - Processing /home/airflow/.local/lib/python3.8/site-packages/airflow/example_dags/example_kubernetes_executor.py took 0.039 seconds
