[2023-11-19T23:20:26.270+0000] {processor.py:157} INFO - Started process (PID=51) to work on /home/airflow/.local/lib/python3.8/site-packages/airflow/example_dags/example_dynamic_task_mapping_with_no_taskflow_operators.py
[2023-11-19T23:20:26.271+0000] {processor.py:829} INFO - Processing file /home/airflow/.local/lib/python3.8/site-packages/airflow/example_dags/example_dynamic_task_mapping_with_no_taskflow_operators.py for tasks to queue
[2023-11-19T23:20:26.274+0000] {logging_mixin.py:154} INFO - [2023-11-19T23:20:26.273+0000] {dagbag.py:536} INFO - Filling up the DagBag from /home/airflow/.local/lib/python3.8/site-packages/airflow/example_dags/example_dynamic_task_mapping_with_no_taskflow_operators.py
[2023-11-19T23:20:26.280+0000] {processor.py:839} INFO - DAG(s) dict_keys(['example_dynamic_task_mapping_with_no_taskflow_operators']) retrieved from /home/airflow/.local/lib/python3.8/site-packages/airflow/example_dags/example_dynamic_task_mapping_with_no_taskflow_operators.py
[2023-11-19T23:20:26.341+0000] {logging_mixin.py:154} INFO - [2023-11-19T23:20:26.341+0000] {manager.py:499} INFO - Created Permission View: %s
[2023-11-19T23:20:26.345+0000] {logging_mixin.py:154} INFO - [2023-11-19T23:20:26.345+0000] {manager.py:499} INFO - Created Permission View: %s
[2023-11-19T23:20:26.347+0000] {logging_mixin.py:154} INFO - [2023-11-19T23:20:26.347+0000] {manager.py:499} INFO - Created Permission View: %s
[2023-11-19T23:20:26.348+0000] {logging_mixin.py:154} INFO - [2023-11-19T23:20:26.348+0000] {dag.py:2941} INFO - Sync 1 DAGs
[2023-11-19T23:20:26.352+0000] {logging_mixin.py:154} INFO - [2023-11-19T23:20:26.352+0000] {dag.py:2963} INFO - Creating ORM DAG for example_dynamic_task_mapping_with_no_taskflow_operators
[2023-11-19T23:20:26.357+0000] {logging_mixin.py:154} INFO - [2023-11-19T23:20:26.357+0000] {dag.py:3722} INFO - Setting next_dagrun for example_dynamic_task_mapping_with_no_taskflow_operators to 2023-11-18T23:20:26.356846+00:00, run_after=2023-11-19T23:20:26.356846+00:00
[2023-11-19T23:20:26.364+0000] {processor.py:179} INFO - Processing /home/airflow/.local/lib/python3.8/site-packages/airflow/example_dags/example_dynamic_task_mapping_with_no_taskflow_operators.py took 0.096 seconds
[2023-11-19T23:20:57.141+0000] {processor.py:157} INFO - Started process (PID=105) to work on /home/airflow/.local/lib/python3.8/site-packages/airflow/example_dags/example_dynamic_task_mapping_with_no_taskflow_operators.py
[2023-11-19T23:20:57.142+0000] {processor.py:829} INFO - Processing file /home/airflow/.local/lib/python3.8/site-packages/airflow/example_dags/example_dynamic_task_mapping_with_no_taskflow_operators.py for tasks to queue
[2023-11-19T23:20:57.143+0000] {logging_mixin.py:154} INFO - [2023-11-19T23:20:57.143+0000] {dagbag.py:536} INFO - Filling up the DagBag from /home/airflow/.local/lib/python3.8/site-packages/airflow/example_dags/example_dynamic_task_mapping_with_no_taskflow_operators.py
[2023-11-19T23:20:57.146+0000] {processor.py:839} INFO - DAG(s) dict_keys(['example_dynamic_task_mapping_with_no_taskflow_operators']) retrieved from /home/airflow/.local/lib/python3.8/site-packages/airflow/example_dags/example_dynamic_task_mapping_with_no_taskflow_operators.py
[2023-11-19T23:20:57.156+0000] {logging_mixin.py:154} INFO - [2023-11-19T23:20:57.156+0000] {dag.py:2941} INFO - Sync 1 DAGs
[2023-11-19T23:20:57.165+0000] {logging_mixin.py:154} INFO - [2023-11-19T23:20:57.165+0000] {dag.py:3722} INFO - Setting next_dagrun for example_dynamic_task_mapping_with_no_taskflow_operators to 2023-11-18T23:20:57.165390+00:00, run_after=2023-11-19T23:20:57.165390+00:00
[2023-11-19T23:20:57.172+0000] {processor.py:179} INFO - Processing /home/airflow/.local/lib/python3.8/site-packages/airflow/example_dags/example_dynamic_task_mapping_with_no_taskflow_operators.py took 0.032 seconds
[2023-11-19T23:21:27.793+0000] {processor.py:157} INFO - Started process (PID=159) to work on /home/airflow/.local/lib/python3.8/site-packages/airflow/example_dags/example_dynamic_task_mapping_with_no_taskflow_operators.py
[2023-11-19T23:21:27.794+0000] {processor.py:829} INFO - Processing file /home/airflow/.local/lib/python3.8/site-packages/airflow/example_dags/example_dynamic_task_mapping_with_no_taskflow_operators.py for tasks to queue
[2023-11-19T23:21:27.795+0000] {logging_mixin.py:154} INFO - [2023-11-19T23:21:27.795+0000] {dagbag.py:536} INFO - Filling up the DagBag from /home/airflow/.local/lib/python3.8/site-packages/airflow/example_dags/example_dynamic_task_mapping_with_no_taskflow_operators.py
[2023-11-19T23:21:27.798+0000] {processor.py:839} INFO - DAG(s) dict_keys(['example_dynamic_task_mapping_with_no_taskflow_operators']) retrieved from /home/airflow/.local/lib/python3.8/site-packages/airflow/example_dags/example_dynamic_task_mapping_with_no_taskflow_operators.py
[2023-11-19T23:21:27.807+0000] {logging_mixin.py:154} INFO - [2023-11-19T23:21:27.807+0000] {dag.py:2941} INFO - Sync 1 DAGs
[2023-11-19T23:21:27.816+0000] {logging_mixin.py:154} INFO - [2023-11-19T23:21:27.816+0000] {dag.py:3722} INFO - Setting next_dagrun for example_dynamic_task_mapping_with_no_taskflow_operators to 2023-11-18T23:21:27.816184+00:00, run_after=2023-11-19T23:21:27.816184+00:00
[2023-11-19T23:21:27.822+0000] {processor.py:179} INFO - Processing /home/airflow/.local/lib/python3.8/site-packages/airflow/example_dags/example_dynamic_task_mapping_with_no_taskflow_operators.py took 0.031 seconds
[2023-11-19T23:21:58.256+0000] {processor.py:157} INFO - Started process (PID=213) to work on /home/airflow/.local/lib/python3.8/site-packages/airflow/example_dags/example_dynamic_task_mapping_with_no_taskflow_operators.py
[2023-11-19T23:21:58.256+0000] {processor.py:829} INFO - Processing file /home/airflow/.local/lib/python3.8/site-packages/airflow/example_dags/example_dynamic_task_mapping_with_no_taskflow_operators.py for tasks to queue
[2023-11-19T23:21:58.257+0000] {logging_mixin.py:154} INFO - [2023-11-19T23:21:58.257+0000] {dagbag.py:536} INFO - Filling up the DagBag from /home/airflow/.local/lib/python3.8/site-packages/airflow/example_dags/example_dynamic_task_mapping_with_no_taskflow_operators.py
[2023-11-19T23:21:58.261+0000] {processor.py:839} INFO - DAG(s) dict_keys(['example_dynamic_task_mapping_with_no_taskflow_operators']) retrieved from /home/airflow/.local/lib/python3.8/site-packages/airflow/example_dags/example_dynamic_task_mapping_with_no_taskflow_operators.py
[2023-11-19T23:21:58.270+0000] {logging_mixin.py:154} INFO - [2023-11-19T23:21:58.270+0000] {dag.py:2941} INFO - Sync 1 DAGs
[2023-11-19T23:21:58.279+0000] {logging_mixin.py:154} INFO - [2023-11-19T23:21:58.279+0000] {dag.py:3722} INFO - Setting next_dagrun for example_dynamic_task_mapping_with_no_taskflow_operators to 2023-11-18T23:21:58.278890+00:00, run_after=2023-11-19T23:21:58.278890+00:00
[2023-11-19T23:21:58.285+0000] {processor.py:179} INFO - Processing /home/airflow/.local/lib/python3.8/site-packages/airflow/example_dags/example_dynamic_task_mapping_with_no_taskflow_operators.py took 0.031 seconds
[2023-11-19T23:22:28.728+0000] {processor.py:157} INFO - Started process (PID=267) to work on /home/airflow/.local/lib/python3.8/site-packages/airflow/example_dags/example_dynamic_task_mapping_with_no_taskflow_operators.py
[2023-11-19T23:22:28.728+0000] {processor.py:829} INFO - Processing file /home/airflow/.local/lib/python3.8/site-packages/airflow/example_dags/example_dynamic_task_mapping_with_no_taskflow_operators.py for tasks to queue
[2023-11-19T23:22:28.729+0000] {logging_mixin.py:154} INFO - [2023-11-19T23:22:28.729+0000] {dagbag.py:536} INFO - Filling up the DagBag from /home/airflow/.local/lib/python3.8/site-packages/airflow/example_dags/example_dynamic_task_mapping_with_no_taskflow_operators.py
[2023-11-19T23:22:28.733+0000] {processor.py:839} INFO - DAG(s) dict_keys(['example_dynamic_task_mapping_with_no_taskflow_operators']) retrieved from /home/airflow/.local/lib/python3.8/site-packages/airflow/example_dags/example_dynamic_task_mapping_with_no_taskflow_operators.py
[2023-11-19T23:22:28.742+0000] {logging_mixin.py:154} INFO - [2023-11-19T23:22:28.742+0000] {dag.py:2941} INFO - Sync 1 DAGs
[2023-11-19T23:22:28.751+0000] {logging_mixin.py:154} INFO - [2023-11-19T23:22:28.751+0000] {dag.py:3722} INFO - Setting next_dagrun for example_dynamic_task_mapping_with_no_taskflow_operators to 2023-11-18T23:22:28.751198+00:00, run_after=2023-11-19T23:22:28.751198+00:00
[2023-11-19T23:22:28.757+0000] {processor.py:179} INFO - Processing /home/airflow/.local/lib/python3.8/site-packages/airflow/example_dags/example_dynamic_task_mapping_with_no_taskflow_operators.py took 0.031 seconds
[2023-11-19T23:22:59.175+0000] {processor.py:157} INFO - Started process (PID=321) to work on /home/airflow/.local/lib/python3.8/site-packages/airflow/example_dags/example_dynamic_task_mapping_with_no_taskflow_operators.py
[2023-11-19T23:22:59.176+0000] {processor.py:829} INFO - Processing file /home/airflow/.local/lib/python3.8/site-packages/airflow/example_dags/example_dynamic_task_mapping_with_no_taskflow_operators.py for tasks to queue
[2023-11-19T23:22:59.177+0000] {logging_mixin.py:154} INFO - [2023-11-19T23:22:59.177+0000] {dagbag.py:536} INFO - Filling up the DagBag from /home/airflow/.local/lib/python3.8/site-packages/airflow/example_dags/example_dynamic_task_mapping_with_no_taskflow_operators.py
[2023-11-19T23:22:59.180+0000] {processor.py:839} INFO - DAG(s) dict_keys(['example_dynamic_task_mapping_with_no_taskflow_operators']) retrieved from /home/airflow/.local/lib/python3.8/site-packages/airflow/example_dags/example_dynamic_task_mapping_with_no_taskflow_operators.py
[2023-11-19T23:22:59.189+0000] {logging_mixin.py:154} INFO - [2023-11-19T23:22:59.189+0000] {dag.py:2941} INFO - Sync 1 DAGs
[2023-11-19T23:22:59.198+0000] {logging_mixin.py:154} INFO - [2023-11-19T23:22:59.198+0000] {dag.py:3722} INFO - Setting next_dagrun for example_dynamic_task_mapping_with_no_taskflow_operators to 2023-11-18T23:22:59.198614+00:00, run_after=2023-11-19T23:22:59.198614+00:00
[2023-11-19T23:22:59.205+0000] {processor.py:179} INFO - Processing /home/airflow/.local/lib/python3.8/site-packages/airflow/example_dags/example_dynamic_task_mapping_with_no_taskflow_operators.py took 0.031 seconds
[2023-11-19T23:23:29.554+0000] {processor.py:157} INFO - Started process (PID=375) to work on /home/airflow/.local/lib/python3.8/site-packages/airflow/example_dags/example_dynamic_task_mapping_with_no_taskflow_operators.py
[2023-11-19T23:23:29.554+0000] {processor.py:829} INFO - Processing file /home/airflow/.local/lib/python3.8/site-packages/airflow/example_dags/example_dynamic_task_mapping_with_no_taskflow_operators.py for tasks to queue
[2023-11-19T23:23:29.555+0000] {logging_mixin.py:154} INFO - [2023-11-19T23:23:29.555+0000] {dagbag.py:536} INFO - Filling up the DagBag from /home/airflow/.local/lib/python3.8/site-packages/airflow/example_dags/example_dynamic_task_mapping_with_no_taskflow_operators.py
[2023-11-19T23:23:29.559+0000] {processor.py:839} INFO - DAG(s) dict_keys(['example_dynamic_task_mapping_with_no_taskflow_operators']) retrieved from /home/airflow/.local/lib/python3.8/site-packages/airflow/example_dags/example_dynamic_task_mapping_with_no_taskflow_operators.py
[2023-11-19T23:23:29.568+0000] {logging_mixin.py:154} INFO - [2023-11-19T23:23:29.568+0000] {dag.py:2941} INFO - Sync 1 DAGs
[2023-11-19T23:23:29.577+0000] {logging_mixin.py:154} INFO - [2023-11-19T23:23:29.577+0000] {dag.py:3722} INFO - Setting next_dagrun for example_dynamic_task_mapping_with_no_taskflow_operators to 2023-11-18T23:23:29.577523+00:00, run_after=2023-11-19T23:23:29.577523+00:00
[2023-11-19T23:23:29.584+0000] {processor.py:179} INFO - Processing /home/airflow/.local/lib/python3.8/site-packages/airflow/example_dags/example_dynamic_task_mapping_with_no_taskflow_operators.py took 0.032 seconds
[2023-11-19T23:23:59.987+0000] {processor.py:157} INFO - Started process (PID=429) to work on /home/airflow/.local/lib/python3.8/site-packages/airflow/example_dags/example_dynamic_task_mapping_with_no_taskflow_operators.py
[2023-11-19T23:23:59.987+0000] {processor.py:829} INFO - Processing file /home/airflow/.local/lib/python3.8/site-packages/airflow/example_dags/example_dynamic_task_mapping_with_no_taskflow_operators.py for tasks to queue
[2023-11-19T23:23:59.988+0000] {logging_mixin.py:154} INFO - [2023-11-19T23:23:59.988+0000] {dagbag.py:536} INFO - Filling up the DagBag from /home/airflow/.local/lib/python3.8/site-packages/airflow/example_dags/example_dynamic_task_mapping_with_no_taskflow_operators.py
[2023-11-19T23:23:59.992+0000] {processor.py:839} INFO - DAG(s) dict_keys(['example_dynamic_task_mapping_with_no_taskflow_operators']) retrieved from /home/airflow/.local/lib/python3.8/site-packages/airflow/example_dags/example_dynamic_task_mapping_with_no_taskflow_operators.py
[2023-11-19T23:24:00.001+0000] {logging_mixin.py:154} INFO - [2023-11-19T23:24:00.001+0000] {dag.py:2941} INFO - Sync 1 DAGs
[2023-11-19T23:24:00.010+0000] {logging_mixin.py:154} INFO - [2023-11-19T23:24:00.010+0000] {dag.py:3722} INFO - Setting next_dagrun for example_dynamic_task_mapping_with_no_taskflow_operators to 2023-11-18T23:24:00.010615+00:00, run_after=2023-11-19T23:24:00.010615+00:00
[2023-11-19T23:24:00.017+0000] {processor.py:179} INFO - Processing /home/airflow/.local/lib/python3.8/site-packages/airflow/example_dags/example_dynamic_task_mapping_with_no_taskflow_operators.py took 0.032 seconds
[2023-11-19T23:24:30.478+0000] {processor.py:157} INFO - Started process (PID=483) to work on /home/airflow/.local/lib/python3.8/site-packages/airflow/example_dags/example_dynamic_task_mapping_with_no_taskflow_operators.py
[2023-11-19T23:24:30.478+0000] {processor.py:829} INFO - Processing file /home/airflow/.local/lib/python3.8/site-packages/airflow/example_dags/example_dynamic_task_mapping_with_no_taskflow_operators.py for tasks to queue
[2023-11-19T23:24:30.479+0000] {logging_mixin.py:154} INFO - [2023-11-19T23:24:30.479+0000] {dagbag.py:536} INFO - Filling up the DagBag from /home/airflow/.local/lib/python3.8/site-packages/airflow/example_dags/example_dynamic_task_mapping_with_no_taskflow_operators.py
[2023-11-19T23:24:30.483+0000] {processor.py:839} INFO - DAG(s) dict_keys(['example_dynamic_task_mapping_with_no_taskflow_operators']) retrieved from /home/airflow/.local/lib/python3.8/site-packages/airflow/example_dags/example_dynamic_task_mapping_with_no_taskflow_operators.py
[2023-11-19T23:24:30.492+0000] {logging_mixin.py:154} INFO - [2023-11-19T23:24:30.492+0000] {dag.py:2941} INFO - Sync 1 DAGs
[2023-11-19T23:24:30.501+0000] {logging_mixin.py:154} INFO - [2023-11-19T23:24:30.501+0000] {dag.py:3722} INFO - Setting next_dagrun for example_dynamic_task_mapping_with_no_taskflow_operators to 2023-11-18T23:24:30.501471+00:00, run_after=2023-11-19T23:24:30.501471+00:00
[2023-11-19T23:24:30.507+0000] {processor.py:179} INFO - Processing /home/airflow/.local/lib/python3.8/site-packages/airflow/example_dags/example_dynamic_task_mapping_with_no_taskflow_operators.py took 0.032 seconds
[2023-11-19T23:25:00.969+0000] {processor.py:157} INFO - Started process (PID=537) to work on /home/airflow/.local/lib/python3.8/site-packages/airflow/example_dags/example_dynamic_task_mapping_with_no_taskflow_operators.py
[2023-11-19T23:25:00.970+0000] {processor.py:829} INFO - Processing file /home/airflow/.local/lib/python3.8/site-packages/airflow/example_dags/example_dynamic_task_mapping_with_no_taskflow_operators.py for tasks to queue
[2023-11-19T23:25:00.971+0000] {logging_mixin.py:154} INFO - [2023-11-19T23:25:00.971+0000] {dagbag.py:536} INFO - Filling up the DagBag from /home/airflow/.local/lib/python3.8/site-packages/airflow/example_dags/example_dynamic_task_mapping_with_no_taskflow_operators.py
[2023-11-19T23:25:00.975+0000] {processor.py:839} INFO - DAG(s) dict_keys(['example_dynamic_task_mapping_with_no_taskflow_operators']) retrieved from /home/airflow/.local/lib/python3.8/site-packages/airflow/example_dags/example_dynamic_task_mapping_with_no_taskflow_operators.py
[2023-11-19T23:25:00.984+0000] {logging_mixin.py:154} INFO - [2023-11-19T23:25:00.984+0000] {dag.py:2941} INFO - Sync 1 DAGs
[2023-11-19T23:25:00.993+0000] {logging_mixin.py:154} INFO - [2023-11-19T23:25:00.993+0000] {dag.py:3722} INFO - Setting next_dagrun for example_dynamic_task_mapping_with_no_taskflow_operators to 2023-11-18T23:25:00.993044+00:00, run_after=2023-11-19T23:25:00.993044+00:00
[2023-11-19T23:25:00.999+0000] {processor.py:179} INFO - Processing /home/airflow/.local/lib/python3.8/site-packages/airflow/example_dags/example_dynamic_task_mapping_with_no_taskflow_operators.py took 0.031 seconds
[2023-11-19T23:25:31.514+0000] {processor.py:157} INFO - Started process (PID=591) to work on /home/airflow/.local/lib/python3.8/site-packages/airflow/example_dags/example_dynamic_task_mapping_with_no_taskflow_operators.py
[2023-11-19T23:25:31.515+0000] {processor.py:829} INFO - Processing file /home/airflow/.local/lib/python3.8/site-packages/airflow/example_dags/example_dynamic_task_mapping_with_no_taskflow_operators.py for tasks to queue
[2023-11-19T23:25:31.516+0000] {logging_mixin.py:154} INFO - [2023-11-19T23:25:31.516+0000] {dagbag.py:536} INFO - Filling up the DagBag from /home/airflow/.local/lib/python3.8/site-packages/airflow/example_dags/example_dynamic_task_mapping_with_no_taskflow_operators.py
[2023-11-19T23:25:31.519+0000] {processor.py:839} INFO - DAG(s) dict_keys(['example_dynamic_task_mapping_with_no_taskflow_operators']) retrieved from /home/airflow/.local/lib/python3.8/site-packages/airflow/example_dags/example_dynamic_task_mapping_with_no_taskflow_operators.py
[2023-11-19T23:25:31.529+0000] {logging_mixin.py:154} INFO - [2023-11-19T23:25:31.529+0000] {dag.py:2941} INFO - Sync 1 DAGs
[2023-11-19T23:25:31.538+0000] {logging_mixin.py:154} INFO - [2023-11-19T23:25:31.538+0000] {dag.py:3722} INFO - Setting next_dagrun for example_dynamic_task_mapping_with_no_taskflow_operators to 2023-11-18T23:25:31.537925+00:00, run_after=2023-11-19T23:25:31.537925+00:00
[2023-11-19T23:25:31.544+0000] {processor.py:179} INFO - Processing /home/airflow/.local/lib/python3.8/site-packages/airflow/example_dags/example_dynamic_task_mapping_with_no_taskflow_operators.py took 0.032 seconds
[2023-11-19T23:31:22.998+0000] {processor.py:157} INFO - Started process (PID=52) to work on /home/airflow/.local/lib/python3.8/site-packages/airflow/example_dags/example_dynamic_task_mapping_with_no_taskflow_operators.py
[2023-11-19T23:31:22.999+0000] {processor.py:829} INFO - Processing file /home/airflow/.local/lib/python3.8/site-packages/airflow/example_dags/example_dynamic_task_mapping_with_no_taskflow_operators.py for tasks to queue
[2023-11-19T23:31:23.000+0000] {logging_mixin.py:154} INFO - [2023-11-19T23:31:23.000+0000] {dagbag.py:536} INFO - Filling up the DagBag from /home/airflow/.local/lib/python3.8/site-packages/airflow/example_dags/example_dynamic_task_mapping_with_no_taskflow_operators.py
[2023-11-19T23:31:23.004+0000] {processor.py:839} INFO - DAG(s) dict_keys(['example_dynamic_task_mapping_with_no_taskflow_operators']) retrieved from /home/airflow/.local/lib/python3.8/site-packages/airflow/example_dags/example_dynamic_task_mapping_with_no_taskflow_operators.py
[2023-11-19T23:31:23.062+0000] {logging_mixin.py:154} INFO - [2023-11-19T23:31:23.062+0000] {manager.py:499} INFO - Created Permission View: %s
[2023-11-19T23:31:23.066+0000] {logging_mixin.py:154} INFO - [2023-11-19T23:31:23.066+0000] {manager.py:499} INFO - Created Permission View: %s
[2023-11-19T23:31:23.069+0000] {logging_mixin.py:154} INFO - [2023-11-19T23:31:23.069+0000] {manager.py:499} INFO - Created Permission View: %s
[2023-11-19T23:31:23.069+0000] {logging_mixin.py:154} INFO - [2023-11-19T23:31:23.069+0000] {dag.py:2941} INFO - Sync 1 DAGs
[2023-11-19T23:31:23.075+0000] {logging_mixin.py:154} INFO - [2023-11-19T23:31:23.075+0000] {dag.py:2963} INFO - Creating ORM DAG for example_dynamic_task_mapping_with_no_taskflow_operators
[2023-11-19T23:31:23.080+0000] {logging_mixin.py:154} INFO - [2023-11-19T23:31:23.080+0000] {dag.py:3722} INFO - Setting next_dagrun for example_dynamic_task_mapping_with_no_taskflow_operators to 2023-11-18T23:31:23.080062+00:00, run_after=2023-11-19T23:31:23.080062+00:00
[2023-11-19T23:31:23.087+0000] {processor.py:179} INFO - Processing /home/airflow/.local/lib/python3.8/site-packages/airflow/example_dags/example_dynamic_task_mapping_with_no_taskflow_operators.py took 0.090 seconds
[2023-11-19T23:31:53.890+0000] {processor.py:157} INFO - Started process (PID=106) to work on /home/airflow/.local/lib/python3.8/site-packages/airflow/example_dags/example_dynamic_task_mapping_with_no_taskflow_operators.py
[2023-11-19T23:31:53.891+0000] {processor.py:829} INFO - Processing file /home/airflow/.local/lib/python3.8/site-packages/airflow/example_dags/example_dynamic_task_mapping_with_no_taskflow_operators.py for tasks to queue
[2023-11-19T23:31:53.892+0000] {logging_mixin.py:154} INFO - [2023-11-19T23:31:53.892+0000] {dagbag.py:536} INFO - Filling up the DagBag from /home/airflow/.local/lib/python3.8/site-packages/airflow/example_dags/example_dynamic_task_mapping_with_no_taskflow_operators.py
[2023-11-19T23:31:53.895+0000] {processor.py:839} INFO - DAG(s) dict_keys(['example_dynamic_task_mapping_with_no_taskflow_operators']) retrieved from /home/airflow/.local/lib/python3.8/site-packages/airflow/example_dags/example_dynamic_task_mapping_with_no_taskflow_operators.py
[2023-11-19T23:31:53.907+0000] {logging_mixin.py:154} INFO - [2023-11-19T23:31:53.907+0000] {dag.py:2941} INFO - Sync 1 DAGs
[2023-11-19T23:31:53.917+0000] {logging_mixin.py:154} INFO - [2023-11-19T23:31:53.917+0000] {dag.py:3722} INFO - Setting next_dagrun for example_dynamic_task_mapping_with_no_taskflow_operators to 2023-11-18T23:31:53.917250+00:00, run_after=2023-11-19T23:31:53.917250+00:00
[2023-11-19T23:31:53.924+0000] {processor.py:179} INFO - Processing /home/airflow/.local/lib/python3.8/site-packages/airflow/example_dags/example_dynamic_task_mapping_with_no_taskflow_operators.py took 0.035 seconds
[2023-11-19T23:32:24.433+0000] {processor.py:157} INFO - Started process (PID=160) to work on /home/airflow/.local/lib/python3.8/site-packages/airflow/example_dags/example_dynamic_task_mapping_with_no_taskflow_operators.py
[2023-11-19T23:32:24.434+0000] {processor.py:829} INFO - Processing file /home/airflow/.local/lib/python3.8/site-packages/airflow/example_dags/example_dynamic_task_mapping_with_no_taskflow_operators.py for tasks to queue
[2023-11-19T23:32:24.435+0000] {logging_mixin.py:154} INFO - [2023-11-19T23:32:24.434+0000] {dagbag.py:536} INFO - Filling up the DagBag from /home/airflow/.local/lib/python3.8/site-packages/airflow/example_dags/example_dynamic_task_mapping_with_no_taskflow_operators.py
[2023-11-19T23:32:24.438+0000] {processor.py:839} INFO - DAG(s) dict_keys(['example_dynamic_task_mapping_with_no_taskflow_operators']) retrieved from /home/airflow/.local/lib/python3.8/site-packages/airflow/example_dags/example_dynamic_task_mapping_with_no_taskflow_operators.py
[2023-11-19T23:32:24.447+0000] {logging_mixin.py:154} INFO - [2023-11-19T23:32:24.447+0000] {dag.py:2941} INFO - Sync 1 DAGs
[2023-11-19T23:32:24.457+0000] {logging_mixin.py:154} INFO - [2023-11-19T23:32:24.457+0000] {dag.py:3722} INFO - Setting next_dagrun for example_dynamic_task_mapping_with_no_taskflow_operators to 2023-11-18T23:32:24.457595+00:00, run_after=2023-11-19T23:32:24.457595+00:00
[2023-11-19T23:32:24.465+0000] {processor.py:179} INFO - Processing /home/airflow/.local/lib/python3.8/site-packages/airflow/example_dags/example_dynamic_task_mapping_with_no_taskflow_operators.py took 0.033 seconds
[2023-11-19T23:32:54.914+0000] {processor.py:157} INFO - Started process (PID=214) to work on /home/airflow/.local/lib/python3.8/site-packages/airflow/example_dags/example_dynamic_task_mapping_with_no_taskflow_operators.py
[2023-11-19T23:32:54.915+0000] {processor.py:829} INFO - Processing file /home/airflow/.local/lib/python3.8/site-packages/airflow/example_dags/example_dynamic_task_mapping_with_no_taskflow_operators.py for tasks to queue
[2023-11-19T23:32:54.916+0000] {logging_mixin.py:154} INFO - [2023-11-19T23:32:54.916+0000] {dagbag.py:536} INFO - Filling up the DagBag from /home/airflow/.local/lib/python3.8/site-packages/airflow/example_dags/example_dynamic_task_mapping_with_no_taskflow_operators.py
[2023-11-19T23:32:54.919+0000] {processor.py:839} INFO - DAG(s) dict_keys(['example_dynamic_task_mapping_with_no_taskflow_operators']) retrieved from /home/airflow/.local/lib/python3.8/site-packages/airflow/example_dags/example_dynamic_task_mapping_with_no_taskflow_operators.py
[2023-11-19T23:32:54.928+0000] {logging_mixin.py:154} INFO - [2023-11-19T23:32:54.928+0000] {dag.py:2941} INFO - Sync 1 DAGs
[2023-11-19T23:32:54.938+0000] {logging_mixin.py:154} INFO - [2023-11-19T23:32:54.938+0000] {dag.py:3722} INFO - Setting next_dagrun for example_dynamic_task_mapping_with_no_taskflow_operators to 2023-11-18T23:32:54.938561+00:00, run_after=2023-11-19T23:32:54.938561+00:00
[2023-11-19T23:32:54.945+0000] {processor.py:179} INFO - Processing /home/airflow/.local/lib/python3.8/site-packages/airflow/example_dags/example_dynamic_task_mapping_with_no_taskflow_operators.py took 0.032 seconds
[2023-11-19T23:33:25.375+0000] {processor.py:157} INFO - Started process (PID=268) to work on /home/airflow/.local/lib/python3.8/site-packages/airflow/example_dags/example_dynamic_task_mapping_with_no_taskflow_operators.py
[2023-11-19T23:33:25.376+0000] {processor.py:829} INFO - Processing file /home/airflow/.local/lib/python3.8/site-packages/airflow/example_dags/example_dynamic_task_mapping_with_no_taskflow_operators.py for tasks to queue
[2023-11-19T23:33:25.377+0000] {logging_mixin.py:154} INFO - [2023-11-19T23:33:25.377+0000] {dagbag.py:536} INFO - Filling up the DagBag from /home/airflow/.local/lib/python3.8/site-packages/airflow/example_dags/example_dynamic_task_mapping_with_no_taskflow_operators.py
[2023-11-19T23:33:25.380+0000] {processor.py:839} INFO - DAG(s) dict_keys(['example_dynamic_task_mapping_with_no_taskflow_operators']) retrieved from /home/airflow/.local/lib/python3.8/site-packages/airflow/example_dags/example_dynamic_task_mapping_with_no_taskflow_operators.py
[2023-11-19T23:33:25.390+0000] {logging_mixin.py:154} INFO - [2023-11-19T23:33:25.390+0000] {dag.py:2941} INFO - Sync 1 DAGs
[2023-11-19T23:33:25.399+0000] {logging_mixin.py:154} INFO - [2023-11-19T23:33:25.398+0000] {dag.py:3722} INFO - Setting next_dagrun for example_dynamic_task_mapping_with_no_taskflow_operators to 2023-11-18T23:33:25.398870+00:00, run_after=2023-11-19T23:33:25.398870+00:00
[2023-11-19T23:33:25.405+0000] {processor.py:179} INFO - Processing /home/airflow/.local/lib/python3.8/site-packages/airflow/example_dags/example_dynamic_task_mapping_with_no_taskflow_operators.py took 0.031 seconds
[2023-11-19T23:33:55.900+0000] {processor.py:157} INFO - Started process (PID=322) to work on /home/airflow/.local/lib/python3.8/site-packages/airflow/example_dags/example_dynamic_task_mapping_with_no_taskflow_operators.py
[2023-11-19T23:33:55.900+0000] {processor.py:829} INFO - Processing file /home/airflow/.local/lib/python3.8/site-packages/airflow/example_dags/example_dynamic_task_mapping_with_no_taskflow_operators.py for tasks to queue
[2023-11-19T23:33:55.901+0000] {logging_mixin.py:154} INFO - [2023-11-19T23:33:55.901+0000] {dagbag.py:536} INFO - Filling up the DagBag from /home/airflow/.local/lib/python3.8/site-packages/airflow/example_dags/example_dynamic_task_mapping_with_no_taskflow_operators.py
[2023-11-19T23:33:55.905+0000] {processor.py:839} INFO - DAG(s) dict_keys(['example_dynamic_task_mapping_with_no_taskflow_operators']) retrieved from /home/airflow/.local/lib/python3.8/site-packages/airflow/example_dags/example_dynamic_task_mapping_with_no_taskflow_operators.py
[2023-11-19T23:33:55.913+0000] {logging_mixin.py:154} INFO - [2023-11-19T23:33:55.913+0000] {dag.py:2941} INFO - Sync 1 DAGs
[2023-11-19T23:33:55.923+0000] {logging_mixin.py:154} INFO - [2023-11-19T23:33:55.923+0000] {dag.py:3722} INFO - Setting next_dagrun for example_dynamic_task_mapping_with_no_taskflow_operators to 2023-11-18T23:33:55.923041+00:00, run_after=2023-11-19T23:33:55.923041+00:00
[2023-11-19T23:33:55.929+0000] {processor.py:179} INFO - Processing /home/airflow/.local/lib/python3.8/site-packages/airflow/example_dags/example_dynamic_task_mapping_with_no_taskflow_operators.py took 0.031 seconds
[2023-11-19T23:34:26.319+0000] {processor.py:157} INFO - Started process (PID=376) to work on /home/airflow/.local/lib/python3.8/site-packages/airflow/example_dags/example_dynamic_task_mapping_with_no_taskflow_operators.py
[2023-11-19T23:34:26.320+0000] {processor.py:829} INFO - Processing file /home/airflow/.local/lib/python3.8/site-packages/airflow/example_dags/example_dynamic_task_mapping_with_no_taskflow_operators.py for tasks to queue
[2023-11-19T23:34:26.321+0000] {logging_mixin.py:154} INFO - [2023-11-19T23:34:26.320+0000] {dagbag.py:536} INFO - Filling up the DagBag from /home/airflow/.local/lib/python3.8/site-packages/airflow/example_dags/example_dynamic_task_mapping_with_no_taskflow_operators.py
[2023-11-19T23:34:26.324+0000] {processor.py:839} INFO - DAG(s) dict_keys(['example_dynamic_task_mapping_with_no_taskflow_operators']) retrieved from /home/airflow/.local/lib/python3.8/site-packages/airflow/example_dags/example_dynamic_task_mapping_with_no_taskflow_operators.py
[2023-11-19T23:34:26.333+0000] {logging_mixin.py:154} INFO - [2023-11-19T23:34:26.333+0000] {dag.py:2941} INFO - Sync 1 DAGs
[2023-11-19T23:34:26.342+0000] {logging_mixin.py:154} INFO - [2023-11-19T23:34:26.342+0000] {dag.py:3722} INFO - Setting next_dagrun for example_dynamic_task_mapping_with_no_taskflow_operators to 2023-11-18T23:34:26.342420+00:00, run_after=2023-11-19T23:34:26.342420+00:00
[2023-11-19T23:34:26.349+0000] {processor.py:179} INFO - Processing /home/airflow/.local/lib/python3.8/site-packages/airflow/example_dags/example_dynamic_task_mapping_with_no_taskflow_operators.py took 0.032 seconds
[2023-11-19T23:34:56.796+0000] {processor.py:157} INFO - Started process (PID=430) to work on /home/airflow/.local/lib/python3.8/site-packages/airflow/example_dags/example_dynamic_task_mapping_with_no_taskflow_operators.py
[2023-11-19T23:34:56.796+0000] {processor.py:829} INFO - Processing file /home/airflow/.local/lib/python3.8/site-packages/airflow/example_dags/example_dynamic_task_mapping_with_no_taskflow_operators.py for tasks to queue
[2023-11-19T23:34:56.797+0000] {logging_mixin.py:154} INFO - [2023-11-19T23:34:56.797+0000] {dagbag.py:536} INFO - Filling up the DagBag from /home/airflow/.local/lib/python3.8/site-packages/airflow/example_dags/example_dynamic_task_mapping_with_no_taskflow_operators.py
[2023-11-19T23:34:56.801+0000] {processor.py:839} INFO - DAG(s) dict_keys(['example_dynamic_task_mapping_with_no_taskflow_operators']) retrieved from /home/airflow/.local/lib/python3.8/site-packages/airflow/example_dags/example_dynamic_task_mapping_with_no_taskflow_operators.py
[2023-11-19T23:34:56.810+0000] {logging_mixin.py:154} INFO - [2023-11-19T23:34:56.810+0000] {dag.py:2941} INFO - Sync 1 DAGs
[2023-11-19T23:34:56.819+0000] {logging_mixin.py:154} INFO - [2023-11-19T23:34:56.819+0000] {dag.py:3722} INFO - Setting next_dagrun for example_dynamic_task_mapping_with_no_taskflow_operators to 2023-11-18T23:34:56.818899+00:00, run_after=2023-11-19T23:34:56.818899+00:00
[2023-11-19T23:34:56.825+0000] {processor.py:179} INFO - Processing /home/airflow/.local/lib/python3.8/site-packages/airflow/example_dags/example_dynamic_task_mapping_with_no_taskflow_operators.py took 0.031 seconds
[2023-11-19T23:35:27.354+0000] {processor.py:157} INFO - Started process (PID=484) to work on /home/airflow/.local/lib/python3.8/site-packages/airflow/example_dags/example_dynamic_task_mapping_with_no_taskflow_operators.py
[2023-11-19T23:35:27.355+0000] {processor.py:829} INFO - Processing file /home/airflow/.local/lib/python3.8/site-packages/airflow/example_dags/example_dynamic_task_mapping_with_no_taskflow_operators.py for tasks to queue
[2023-11-19T23:35:27.356+0000] {logging_mixin.py:154} INFO - [2023-11-19T23:35:27.356+0000] {dagbag.py:536} INFO - Filling up the DagBag from /home/airflow/.local/lib/python3.8/site-packages/airflow/example_dags/example_dynamic_task_mapping_with_no_taskflow_operators.py
[2023-11-19T23:35:27.361+0000] {processor.py:839} INFO - DAG(s) dict_keys(['example_dynamic_task_mapping_with_no_taskflow_operators']) retrieved from /home/airflow/.local/lib/python3.8/site-packages/airflow/example_dags/example_dynamic_task_mapping_with_no_taskflow_operators.py
[2023-11-19T23:35:27.371+0000] {logging_mixin.py:154} INFO - [2023-11-19T23:35:27.371+0000] {dag.py:2941} INFO - Sync 1 DAGs
[2023-11-19T23:35:27.380+0000] {logging_mixin.py:154} INFO - [2023-11-19T23:35:27.380+0000] {dag.py:3722} INFO - Setting next_dagrun for example_dynamic_task_mapping_with_no_taskflow_operators to 2023-11-18T23:35:27.380694+00:00, run_after=2023-11-19T23:35:27.380694+00:00
[2023-11-19T23:35:27.387+0000] {processor.py:179} INFO - Processing /home/airflow/.local/lib/python3.8/site-packages/airflow/example_dags/example_dynamic_task_mapping_with_no_taskflow_operators.py took 0.035 seconds
[2023-11-19T23:35:57.882+0000] {processor.py:157} INFO - Started process (PID=538) to work on /home/airflow/.local/lib/python3.8/site-packages/airflow/example_dags/example_dynamic_task_mapping_with_no_taskflow_operators.py
[2023-11-19T23:35:57.883+0000] {processor.py:829} INFO - Processing file /home/airflow/.local/lib/python3.8/site-packages/airflow/example_dags/example_dynamic_task_mapping_with_no_taskflow_operators.py for tasks to queue
[2023-11-19T23:35:57.884+0000] {logging_mixin.py:154} INFO - [2023-11-19T23:35:57.884+0000] {dagbag.py:536} INFO - Filling up the DagBag from /home/airflow/.local/lib/python3.8/site-packages/airflow/example_dags/example_dynamic_task_mapping_with_no_taskflow_operators.py
[2023-11-19T23:35:57.888+0000] {processor.py:839} INFO - DAG(s) dict_keys(['example_dynamic_task_mapping_with_no_taskflow_operators']) retrieved from /home/airflow/.local/lib/python3.8/site-packages/airflow/example_dags/example_dynamic_task_mapping_with_no_taskflow_operators.py
[2023-11-19T23:35:57.897+0000] {logging_mixin.py:154} INFO - [2023-11-19T23:35:57.897+0000] {dag.py:2941} INFO - Sync 1 DAGs
[2023-11-19T23:35:57.906+0000] {logging_mixin.py:154} INFO - [2023-11-19T23:35:57.906+0000] {dag.py:3722} INFO - Setting next_dagrun for example_dynamic_task_mapping_with_no_taskflow_operators to 2023-11-18T23:35:57.906290+00:00, run_after=2023-11-19T23:35:57.906290+00:00
[2023-11-19T23:35:57.913+0000] {processor.py:179} INFO - Processing /home/airflow/.local/lib/python3.8/site-packages/airflow/example_dags/example_dynamic_task_mapping_with_no_taskflow_operators.py took 0.032 seconds
