[2023-11-19T23:20:26.338+0000] {processor.py:157} INFO - Started process (PID=52) to work on /home/airflow/.local/lib/python3.8/site-packages/airflow/example_dags/example_time_delta_sensor_async.py
[2023-11-19T23:20:26.339+0000] {processor.py:829} INFO - Processing file /home/airflow/.local/lib/python3.8/site-packages/airflow/example_dags/example_time_delta_sensor_async.py for tasks to queue
[2023-11-19T23:20:26.340+0000] {logging_mixin.py:154} INFO - [2023-11-19T23:20:26.340+0000] {dagbag.py:536} INFO - Filling up the DagBag from /home/airflow/.local/lib/python3.8/site-packages/airflow/example_dags/example_time_delta_sensor_async.py
[2023-11-19T23:20:26.343+0000] {processor.py:839} INFO - DAG(s) dict_keys(['example_time_delta_sensor_async']) retrieved from /home/airflow/.local/lib/python3.8/site-packages/airflow/example_dags/example_time_delta_sensor_async.py
[2023-11-19T23:20:26.400+0000] {logging_mixin.py:154} INFO - [2023-11-19T23:20:26.400+0000] {manager.py:499} INFO - Created Permission View: %s
[2023-11-19T23:20:26.405+0000] {logging_mixin.py:154} INFO - [2023-11-19T23:20:26.404+0000] {manager.py:499} INFO - Created Permission View: %s
[2023-11-19T23:20:26.408+0000] {logging_mixin.py:154} INFO - [2023-11-19T23:20:26.408+0000] {manager.py:499} INFO - Created Permission View: %s
[2023-11-19T23:20:26.408+0000] {logging_mixin.py:154} INFO - [2023-11-19T23:20:26.408+0000] {dag.py:2941} INFO - Sync 1 DAGs
[2023-11-19T23:20:26.415+0000] {logging_mixin.py:154} INFO - [2023-11-19T23:20:26.415+0000] {dag.py:2963} INFO - Creating ORM DAG for example_time_delta_sensor_async
[2023-11-19T23:20:26.416+0000] {logging_mixin.py:154} INFO - [2023-11-19T23:20:26.416+0000] {dag.py:3722} INFO - Setting next_dagrun for example_time_delta_sensor_async to None, run_after=None
[2023-11-19T23:20:26.424+0000] {processor.py:179} INFO - Processing /home/airflow/.local/lib/python3.8/site-packages/airflow/example_dags/example_time_delta_sensor_async.py took 0.087 seconds
[2023-11-19T23:20:57.173+0000] {processor.py:157} INFO - Started process (PID=106) to work on /home/airflow/.local/lib/python3.8/site-packages/airflow/example_dags/example_time_delta_sensor_async.py
[2023-11-19T23:20:57.173+0000] {processor.py:829} INFO - Processing file /home/airflow/.local/lib/python3.8/site-packages/airflow/example_dags/example_time_delta_sensor_async.py for tasks to queue
[2023-11-19T23:20:57.175+0000] {logging_mixin.py:154} INFO - [2023-11-19T23:20:57.174+0000] {dagbag.py:536} INFO - Filling up the DagBag from /home/airflow/.local/lib/python3.8/site-packages/airflow/example_dags/example_time_delta_sensor_async.py
[2023-11-19T23:20:57.177+0000] {processor.py:839} INFO - DAG(s) dict_keys(['example_time_delta_sensor_async']) retrieved from /home/airflow/.local/lib/python3.8/site-packages/airflow/example_dags/example_time_delta_sensor_async.py
[2023-11-19T23:20:57.186+0000] {logging_mixin.py:154} INFO - [2023-11-19T23:20:57.186+0000] {dag.py:2941} INFO - Sync 1 DAGs
[2023-11-19T23:20:57.192+0000] {logging_mixin.py:154} INFO - [2023-11-19T23:20:57.192+0000] {dag.py:3722} INFO - Setting next_dagrun for example_time_delta_sensor_async to None, run_after=None
[2023-11-19T23:20:57.199+0000] {processor.py:179} INFO - Processing /home/airflow/.local/lib/python3.8/site-packages/airflow/example_dags/example_time_delta_sensor_async.py took 0.028 seconds
[2023-11-19T23:21:27.824+0000] {processor.py:157} INFO - Started process (PID=160) to work on /home/airflow/.local/lib/python3.8/site-packages/airflow/example_dags/example_time_delta_sensor_async.py
[2023-11-19T23:21:27.824+0000] {processor.py:829} INFO - Processing file /home/airflow/.local/lib/python3.8/site-packages/airflow/example_dags/example_time_delta_sensor_async.py for tasks to queue
[2023-11-19T23:21:27.826+0000] {logging_mixin.py:154} INFO - [2023-11-19T23:21:27.825+0000] {dagbag.py:536} INFO - Filling up the DagBag from /home/airflow/.local/lib/python3.8/site-packages/airflow/example_dags/example_time_delta_sensor_async.py
[2023-11-19T23:21:27.828+0000] {processor.py:839} INFO - DAG(s) dict_keys(['example_time_delta_sensor_async']) retrieved from /home/airflow/.local/lib/python3.8/site-packages/airflow/example_dags/example_time_delta_sensor_async.py
[2023-11-19T23:21:27.837+0000] {logging_mixin.py:154} INFO - [2023-11-19T23:21:27.837+0000] {dag.py:2941} INFO - Sync 1 DAGs
[2023-11-19T23:21:27.843+0000] {logging_mixin.py:154} INFO - [2023-11-19T23:21:27.843+0000] {dag.py:3722} INFO - Setting next_dagrun for example_time_delta_sensor_async to None, run_after=None
[2023-11-19T23:21:27.850+0000] {processor.py:179} INFO - Processing /home/airflow/.local/lib/python3.8/site-packages/airflow/example_dags/example_time_delta_sensor_async.py took 0.027 seconds
[2023-11-19T23:21:58.286+0000] {processor.py:157} INFO - Started process (PID=214) to work on /home/airflow/.local/lib/python3.8/site-packages/airflow/example_dags/example_time_delta_sensor_async.py
[2023-11-19T23:21:58.286+0000] {processor.py:829} INFO - Processing file /home/airflow/.local/lib/python3.8/site-packages/airflow/example_dags/example_time_delta_sensor_async.py for tasks to queue
[2023-11-19T23:21:58.288+0000] {logging_mixin.py:154} INFO - [2023-11-19T23:21:58.287+0000] {dagbag.py:536} INFO - Filling up the DagBag from /home/airflow/.local/lib/python3.8/site-packages/airflow/example_dags/example_time_delta_sensor_async.py
[2023-11-19T23:21:58.290+0000] {processor.py:839} INFO - DAG(s) dict_keys(['example_time_delta_sensor_async']) retrieved from /home/airflow/.local/lib/python3.8/site-packages/airflow/example_dags/example_time_delta_sensor_async.py
[2023-11-19T23:21:58.300+0000] {logging_mixin.py:154} INFO - [2023-11-19T23:21:58.300+0000] {dag.py:2941} INFO - Sync 1 DAGs
[2023-11-19T23:21:58.305+0000] {logging_mixin.py:154} INFO - [2023-11-19T23:21:58.305+0000] {dag.py:3722} INFO - Setting next_dagrun for example_time_delta_sensor_async to None, run_after=None
[2023-11-19T23:21:58.312+0000] {processor.py:179} INFO - Processing /home/airflow/.local/lib/python3.8/site-packages/airflow/example_dags/example_time_delta_sensor_async.py took 0.027 seconds
[2023-11-19T23:22:28.759+0000] {processor.py:157} INFO - Started process (PID=268) to work on /home/airflow/.local/lib/python3.8/site-packages/airflow/example_dags/example_time_delta_sensor_async.py
[2023-11-19T23:22:28.760+0000] {processor.py:829} INFO - Processing file /home/airflow/.local/lib/python3.8/site-packages/airflow/example_dags/example_time_delta_sensor_async.py for tasks to queue
[2023-11-19T23:22:28.761+0000] {logging_mixin.py:154} INFO - [2023-11-19T23:22:28.761+0000] {dagbag.py:536} INFO - Filling up the DagBag from /home/airflow/.local/lib/python3.8/site-packages/airflow/example_dags/example_time_delta_sensor_async.py
[2023-11-19T23:22:28.763+0000] {processor.py:839} INFO - DAG(s) dict_keys(['example_time_delta_sensor_async']) retrieved from /home/airflow/.local/lib/python3.8/site-packages/airflow/example_dags/example_time_delta_sensor_async.py
[2023-11-19T23:22:28.772+0000] {logging_mixin.py:154} INFO - [2023-11-19T23:22:28.772+0000] {dag.py:2941} INFO - Sync 1 DAGs
[2023-11-19T23:22:28.778+0000] {logging_mixin.py:154} INFO - [2023-11-19T23:22:28.778+0000] {dag.py:3722} INFO - Setting next_dagrun for example_time_delta_sensor_async to None, run_after=None
[2023-11-19T23:22:28.785+0000] {processor.py:179} INFO - Processing /home/airflow/.local/lib/python3.8/site-packages/airflow/example_dags/example_time_delta_sensor_async.py took 0.027 seconds
[2023-11-19T23:22:59.205+0000] {processor.py:157} INFO - Started process (PID=322) to work on /home/airflow/.local/lib/python3.8/site-packages/airflow/example_dags/example_time_delta_sensor_async.py
[2023-11-19T23:22:59.206+0000] {processor.py:829} INFO - Processing file /home/airflow/.local/lib/python3.8/site-packages/airflow/example_dags/example_time_delta_sensor_async.py for tasks to queue
[2023-11-19T23:22:59.207+0000] {logging_mixin.py:154} INFO - [2023-11-19T23:22:59.207+0000] {dagbag.py:536} INFO - Filling up the DagBag from /home/airflow/.local/lib/python3.8/site-packages/airflow/example_dags/example_time_delta_sensor_async.py
[2023-11-19T23:22:59.209+0000] {processor.py:839} INFO - DAG(s) dict_keys(['example_time_delta_sensor_async']) retrieved from /home/airflow/.local/lib/python3.8/site-packages/airflow/example_dags/example_time_delta_sensor_async.py
[2023-11-19T23:22:59.219+0000] {logging_mixin.py:154} INFO - [2023-11-19T23:22:59.219+0000] {dag.py:2941} INFO - Sync 1 DAGs
[2023-11-19T23:22:59.224+0000] {logging_mixin.py:154} INFO - [2023-11-19T23:22:59.224+0000] {dag.py:3722} INFO - Setting next_dagrun for example_time_delta_sensor_async to None, run_after=None
[2023-11-19T23:22:59.231+0000] {processor.py:179} INFO - Processing /home/airflow/.local/lib/python3.8/site-packages/airflow/example_dags/example_time_delta_sensor_async.py took 0.028 seconds
[2023-11-19T23:23:29.586+0000] {processor.py:157} INFO - Started process (PID=376) to work on /home/airflow/.local/lib/python3.8/site-packages/airflow/example_dags/example_time_delta_sensor_async.py
[2023-11-19T23:23:29.587+0000] {processor.py:829} INFO - Processing file /home/airflow/.local/lib/python3.8/site-packages/airflow/example_dags/example_time_delta_sensor_async.py for tasks to queue
[2023-11-19T23:23:29.588+0000] {logging_mixin.py:154} INFO - [2023-11-19T23:23:29.588+0000] {dagbag.py:536} INFO - Filling up the DagBag from /home/airflow/.local/lib/python3.8/site-packages/airflow/example_dags/example_time_delta_sensor_async.py
[2023-11-19T23:23:29.591+0000] {processor.py:839} INFO - DAG(s) dict_keys(['example_time_delta_sensor_async']) retrieved from /home/airflow/.local/lib/python3.8/site-packages/airflow/example_dags/example_time_delta_sensor_async.py
[2023-11-19T23:23:29.602+0000] {logging_mixin.py:154} INFO - [2023-11-19T23:23:29.602+0000] {dag.py:2941} INFO - Sync 1 DAGs
[2023-11-19T23:23:29.607+0000] {logging_mixin.py:154} INFO - [2023-11-19T23:23:29.607+0000] {dag.py:3722} INFO - Setting next_dagrun for example_time_delta_sensor_async to None, run_after=None
[2023-11-19T23:23:29.614+0000] {processor.py:179} INFO - Processing /home/airflow/.local/lib/python3.8/site-packages/airflow/example_dags/example_time_delta_sensor_async.py took 0.030 seconds
[2023-11-19T23:24:00.018+0000] {processor.py:157} INFO - Started process (PID=430) to work on /home/airflow/.local/lib/python3.8/site-packages/airflow/example_dags/example_time_delta_sensor_async.py
[2023-11-19T23:24:00.018+0000] {processor.py:829} INFO - Processing file /home/airflow/.local/lib/python3.8/site-packages/airflow/example_dags/example_time_delta_sensor_async.py for tasks to queue
[2023-11-19T23:24:00.019+0000] {logging_mixin.py:154} INFO - [2023-11-19T23:24:00.019+0000] {dagbag.py:536} INFO - Filling up the DagBag from /home/airflow/.local/lib/python3.8/site-packages/airflow/example_dags/example_time_delta_sensor_async.py
[2023-11-19T23:24:00.022+0000] {processor.py:839} INFO - DAG(s) dict_keys(['example_time_delta_sensor_async']) retrieved from /home/airflow/.local/lib/python3.8/site-packages/airflow/example_dags/example_time_delta_sensor_async.py
[2023-11-19T23:24:00.032+0000] {logging_mixin.py:154} INFO - [2023-11-19T23:24:00.032+0000] {dag.py:2941} INFO - Sync 1 DAGs
[2023-11-19T23:24:00.037+0000] {logging_mixin.py:154} INFO - [2023-11-19T23:24:00.037+0000] {dag.py:3722} INFO - Setting next_dagrun for example_time_delta_sensor_async to None, run_after=None
[2023-11-19T23:24:00.044+0000] {processor.py:179} INFO - Processing /home/airflow/.local/lib/python3.8/site-packages/airflow/example_dags/example_time_delta_sensor_async.py took 0.028 seconds
[2023-11-19T23:24:30.510+0000] {processor.py:157} INFO - Started process (PID=484) to work on /home/airflow/.local/lib/python3.8/site-packages/airflow/example_dags/example_time_delta_sensor_async.py
[2023-11-19T23:24:30.511+0000] {processor.py:829} INFO - Processing file /home/airflow/.local/lib/python3.8/site-packages/airflow/example_dags/example_time_delta_sensor_async.py for tasks to queue
[2023-11-19T23:24:30.512+0000] {logging_mixin.py:154} INFO - [2023-11-19T23:24:30.512+0000] {dagbag.py:536} INFO - Filling up the DagBag from /home/airflow/.local/lib/python3.8/site-packages/airflow/example_dags/example_time_delta_sensor_async.py
[2023-11-19T23:24:30.514+0000] {processor.py:839} INFO - DAG(s) dict_keys(['example_time_delta_sensor_async']) retrieved from /home/airflow/.local/lib/python3.8/site-packages/airflow/example_dags/example_time_delta_sensor_async.py
[2023-11-19T23:24:30.524+0000] {logging_mixin.py:154} INFO - [2023-11-19T23:24:30.523+0000] {dag.py:2941} INFO - Sync 1 DAGs
[2023-11-19T23:24:30.529+0000] {logging_mixin.py:154} INFO - [2023-11-19T23:24:30.529+0000] {dag.py:3722} INFO - Setting next_dagrun for example_time_delta_sensor_async to None, run_after=None
[2023-11-19T23:24:30.536+0000] {processor.py:179} INFO - Processing /home/airflow/.local/lib/python3.8/site-packages/airflow/example_dags/example_time_delta_sensor_async.py took 0.028 seconds
[2023-11-19T23:25:01.002+0000] {processor.py:157} INFO - Started process (PID=538) to work on /home/airflow/.local/lib/python3.8/site-packages/airflow/example_dags/example_time_delta_sensor_async.py
[2023-11-19T23:25:01.003+0000] {processor.py:829} INFO - Processing file /home/airflow/.local/lib/python3.8/site-packages/airflow/example_dags/example_time_delta_sensor_async.py for tasks to queue
[2023-11-19T23:25:01.004+0000] {logging_mixin.py:154} INFO - [2023-11-19T23:25:01.004+0000] {dagbag.py:536} INFO - Filling up the DagBag from /home/airflow/.local/lib/python3.8/site-packages/airflow/example_dags/example_time_delta_sensor_async.py
[2023-11-19T23:25:01.006+0000] {processor.py:839} INFO - DAG(s) dict_keys(['example_time_delta_sensor_async']) retrieved from /home/airflow/.local/lib/python3.8/site-packages/airflow/example_dags/example_time_delta_sensor_async.py
[2023-11-19T23:25:01.016+0000] {logging_mixin.py:154} INFO - [2023-11-19T23:25:01.016+0000] {dag.py:2941} INFO - Sync 1 DAGs
[2023-11-19T23:25:01.021+0000] {logging_mixin.py:154} INFO - [2023-11-19T23:25:01.021+0000] {dag.py:3722} INFO - Setting next_dagrun for example_time_delta_sensor_async to None, run_after=None
[2023-11-19T23:25:01.028+0000] {processor.py:179} INFO - Processing /home/airflow/.local/lib/python3.8/site-packages/airflow/example_dags/example_time_delta_sensor_async.py took 0.028 seconds
[2023-11-19T23:25:31.546+0000] {processor.py:157} INFO - Started process (PID=592) to work on /home/airflow/.local/lib/python3.8/site-packages/airflow/example_dags/example_time_delta_sensor_async.py
[2023-11-19T23:25:31.547+0000] {processor.py:829} INFO - Processing file /home/airflow/.local/lib/python3.8/site-packages/airflow/example_dags/example_time_delta_sensor_async.py for tasks to queue
[2023-11-19T23:25:31.548+0000] {logging_mixin.py:154} INFO - [2023-11-19T23:25:31.548+0000] {dagbag.py:536} INFO - Filling up the DagBag from /home/airflow/.local/lib/python3.8/site-packages/airflow/example_dags/example_time_delta_sensor_async.py
[2023-11-19T23:25:31.551+0000] {processor.py:839} INFO - DAG(s) dict_keys(['example_time_delta_sensor_async']) retrieved from /home/airflow/.local/lib/python3.8/site-packages/airflow/example_dags/example_time_delta_sensor_async.py
[2023-11-19T23:25:31.561+0000] {logging_mixin.py:154} INFO - [2023-11-19T23:25:31.561+0000] {dag.py:2941} INFO - Sync 1 DAGs
[2023-11-19T23:25:31.566+0000] {logging_mixin.py:154} INFO - [2023-11-19T23:25:31.566+0000] {dag.py:3722} INFO - Setting next_dagrun for example_time_delta_sensor_async to None, run_after=None
[2023-11-19T23:25:31.573+0000] {processor.py:179} INFO - Processing /home/airflow/.local/lib/python3.8/site-packages/airflow/example_dags/example_time_delta_sensor_async.py took 0.029 seconds
[2023-11-19T23:31:23.076+0000] {processor.py:157} INFO - Started process (PID=53) to work on /home/airflow/.local/lib/python3.8/site-packages/airflow/example_dags/example_time_delta_sensor_async.py
[2023-11-19T23:31:23.077+0000] {processor.py:829} INFO - Processing file /home/airflow/.local/lib/python3.8/site-packages/airflow/example_dags/example_time_delta_sensor_async.py for tasks to queue
[2023-11-19T23:31:23.078+0000] {logging_mixin.py:154} INFO - [2023-11-19T23:31:23.078+0000] {dagbag.py:536} INFO - Filling up the DagBag from /home/airflow/.local/lib/python3.8/site-packages/airflow/example_dags/example_time_delta_sensor_async.py
[2023-11-19T23:31:23.082+0000] {processor.py:839} INFO - DAG(s) dict_keys(['example_time_delta_sensor_async']) retrieved from /home/airflow/.local/lib/python3.8/site-packages/airflow/example_dags/example_time_delta_sensor_async.py
[2023-11-19T23:31:23.153+0000] {logging_mixin.py:154} INFO - [2023-11-19T23:31:23.153+0000] {manager.py:499} INFO - Created Permission View: %s
[2023-11-19T23:31:23.159+0000] {logging_mixin.py:154} INFO - [2023-11-19T23:31:23.159+0000] {manager.py:499} INFO - Created Permission View: %s
[2023-11-19T23:31:23.161+0000] {logging_mixin.py:154} INFO - [2023-11-19T23:31:23.161+0000] {manager.py:499} INFO - Created Permission View: %s
[2023-11-19T23:31:23.161+0000] {logging_mixin.py:154} INFO - [2023-11-19T23:31:23.161+0000] {dag.py:2941} INFO - Sync 1 DAGs
[2023-11-19T23:31:23.167+0000] {logging_mixin.py:154} INFO - [2023-11-19T23:31:23.167+0000] {dag.py:2963} INFO - Creating ORM DAG for example_time_delta_sensor_async
[2023-11-19T23:31:23.167+0000] {logging_mixin.py:154} INFO - [2023-11-19T23:31:23.167+0000] {dag.py:3722} INFO - Setting next_dagrun for example_time_delta_sensor_async to None, run_after=None
[2023-11-19T23:31:23.174+0000] {processor.py:179} INFO - Processing /home/airflow/.local/lib/python3.8/site-packages/airflow/example_dags/example_time_delta_sensor_async.py took 0.100 seconds
[2023-11-19T23:31:53.924+0000] {processor.py:157} INFO - Started process (PID=107) to work on /home/airflow/.local/lib/python3.8/site-packages/airflow/example_dags/example_time_delta_sensor_async.py
[2023-11-19T23:31:53.924+0000] {processor.py:829} INFO - Processing file /home/airflow/.local/lib/python3.8/site-packages/airflow/example_dags/example_time_delta_sensor_async.py for tasks to queue
[2023-11-19T23:31:53.926+0000] {logging_mixin.py:154} INFO - [2023-11-19T23:31:53.925+0000] {dagbag.py:536} INFO - Filling up the DagBag from /home/airflow/.local/lib/python3.8/site-packages/airflow/example_dags/example_time_delta_sensor_async.py
[2023-11-19T23:31:53.929+0000] {processor.py:839} INFO - DAG(s) dict_keys(['example_time_delta_sensor_async']) retrieved from /home/airflow/.local/lib/python3.8/site-packages/airflow/example_dags/example_time_delta_sensor_async.py
[2023-11-19T23:31:53.942+0000] {logging_mixin.py:154} INFO - [2023-11-19T23:31:53.941+0000] {dag.py:2941} INFO - Sync 1 DAGs
[2023-11-19T23:31:53.948+0000] {logging_mixin.py:154} INFO - [2023-11-19T23:31:53.948+0000] {dag.py:3722} INFO - Setting next_dagrun for example_time_delta_sensor_async to None, run_after=None
[2023-11-19T23:31:53.955+0000] {processor.py:179} INFO - Processing /home/airflow/.local/lib/python3.8/site-packages/airflow/example_dags/example_time_delta_sensor_async.py took 0.033 seconds
[2023-11-19T23:32:24.463+0000] {processor.py:157} INFO - Started process (PID=161) to work on /home/airflow/.local/lib/python3.8/site-packages/airflow/example_dags/example_time_delta_sensor_async.py
[2023-11-19T23:32:24.464+0000] {processor.py:829} INFO - Processing file /home/airflow/.local/lib/python3.8/site-packages/airflow/example_dags/example_time_delta_sensor_async.py for tasks to queue
[2023-11-19T23:32:24.465+0000] {logging_mixin.py:154} INFO - [2023-11-19T23:32:24.465+0000] {dagbag.py:536} INFO - Filling up the DagBag from /home/airflow/.local/lib/python3.8/site-packages/airflow/example_dags/example_time_delta_sensor_async.py
[2023-11-19T23:32:24.468+0000] {processor.py:839} INFO - DAG(s) dict_keys(['example_time_delta_sensor_async']) retrieved from /home/airflow/.local/lib/python3.8/site-packages/airflow/example_dags/example_time_delta_sensor_async.py
[2023-11-19T23:32:24.479+0000] {logging_mixin.py:154} INFO - [2023-11-19T23:32:24.479+0000] {dag.py:2941} INFO - Sync 1 DAGs
[2023-11-19T23:32:24.485+0000] {logging_mixin.py:154} INFO - [2023-11-19T23:32:24.485+0000] {dag.py:3722} INFO - Setting next_dagrun for example_time_delta_sensor_async to None, run_after=None
[2023-11-19T23:32:24.492+0000] {processor.py:179} INFO - Processing /home/airflow/.local/lib/python3.8/site-packages/airflow/example_dags/example_time_delta_sensor_async.py took 0.031 seconds
[2023-11-19T23:32:54.945+0000] {processor.py:157} INFO - Started process (PID=215) to work on /home/airflow/.local/lib/python3.8/site-packages/airflow/example_dags/example_time_delta_sensor_async.py
[2023-11-19T23:32:54.946+0000] {processor.py:829} INFO - Processing file /home/airflow/.local/lib/python3.8/site-packages/airflow/example_dags/example_time_delta_sensor_async.py for tasks to queue
[2023-11-19T23:32:54.947+0000] {logging_mixin.py:154} INFO - [2023-11-19T23:32:54.947+0000] {dagbag.py:536} INFO - Filling up the DagBag from /home/airflow/.local/lib/python3.8/site-packages/airflow/example_dags/example_time_delta_sensor_async.py
[2023-11-19T23:32:54.950+0000] {processor.py:839} INFO - DAG(s) dict_keys(['example_time_delta_sensor_async']) retrieved from /home/airflow/.local/lib/python3.8/site-packages/airflow/example_dags/example_time_delta_sensor_async.py
[2023-11-19T23:32:54.959+0000] {logging_mixin.py:154} INFO - [2023-11-19T23:32:54.959+0000] {dag.py:2941} INFO - Sync 1 DAGs
[2023-11-19T23:32:54.964+0000] {logging_mixin.py:154} INFO - [2023-11-19T23:32:54.964+0000] {dag.py:3722} INFO - Setting next_dagrun for example_time_delta_sensor_async to None, run_after=None
[2023-11-19T23:32:54.971+0000] {processor.py:179} INFO - Processing /home/airflow/.local/lib/python3.8/site-packages/airflow/example_dags/example_time_delta_sensor_async.py took 0.028 seconds
[2023-11-19T23:33:25.408+0000] {processor.py:157} INFO - Started process (PID=269) to work on /home/airflow/.local/lib/python3.8/site-packages/airflow/example_dags/example_time_delta_sensor_async.py
[2023-11-19T23:33:25.408+0000] {processor.py:829} INFO - Processing file /home/airflow/.local/lib/python3.8/site-packages/airflow/example_dags/example_time_delta_sensor_async.py for tasks to queue
[2023-11-19T23:33:25.409+0000] {logging_mixin.py:154} INFO - [2023-11-19T23:33:25.409+0000] {dagbag.py:536} INFO - Filling up the DagBag from /home/airflow/.local/lib/python3.8/site-packages/airflow/example_dags/example_time_delta_sensor_async.py
[2023-11-19T23:33:25.412+0000] {processor.py:839} INFO - DAG(s) dict_keys(['example_time_delta_sensor_async']) retrieved from /home/airflow/.local/lib/python3.8/site-packages/airflow/example_dags/example_time_delta_sensor_async.py
[2023-11-19T23:33:25.423+0000] {logging_mixin.py:154} INFO - [2023-11-19T23:33:25.423+0000] {dag.py:2941} INFO - Sync 1 DAGs
[2023-11-19T23:33:25.429+0000] {logging_mixin.py:154} INFO - [2023-11-19T23:33:25.428+0000] {dag.py:3722} INFO - Setting next_dagrun for example_time_delta_sensor_async to None, run_after=None
[2023-11-19T23:33:25.436+0000] {processor.py:179} INFO - Processing /home/airflow/.local/lib/python3.8/site-packages/airflow/example_dags/example_time_delta_sensor_async.py took 0.030 seconds
[2023-11-19T23:33:55.929+0000] {processor.py:157} INFO - Started process (PID=323) to work on /home/airflow/.local/lib/python3.8/site-packages/airflow/example_dags/example_time_delta_sensor_async.py
[2023-11-19T23:33:55.929+0000] {processor.py:829} INFO - Processing file /home/airflow/.local/lib/python3.8/site-packages/airflow/example_dags/example_time_delta_sensor_async.py for tasks to queue
[2023-11-19T23:33:55.931+0000] {logging_mixin.py:154} INFO - [2023-11-19T23:33:55.930+0000] {dagbag.py:536} INFO - Filling up the DagBag from /home/airflow/.local/lib/python3.8/site-packages/airflow/example_dags/example_time_delta_sensor_async.py
[2023-11-19T23:33:55.933+0000] {processor.py:839} INFO - DAG(s) dict_keys(['example_time_delta_sensor_async']) retrieved from /home/airflow/.local/lib/python3.8/site-packages/airflow/example_dags/example_time_delta_sensor_async.py
[2023-11-19T23:33:55.943+0000] {logging_mixin.py:154} INFO - [2023-11-19T23:33:55.943+0000] {dag.py:2941} INFO - Sync 1 DAGs
[2023-11-19T23:33:55.948+0000] {logging_mixin.py:154} INFO - [2023-11-19T23:33:55.948+0000] {dag.py:3722} INFO - Setting next_dagrun for example_time_delta_sensor_async to None, run_after=None
[2023-11-19T23:33:55.956+0000] {processor.py:179} INFO - Processing /home/airflow/.local/lib/python3.8/site-packages/airflow/example_dags/example_time_delta_sensor_async.py took 0.028 seconds
[2023-11-19T23:34:26.349+0000] {processor.py:157} INFO - Started process (PID=377) to work on /home/airflow/.local/lib/python3.8/site-packages/airflow/example_dags/example_time_delta_sensor_async.py
[2023-11-19T23:34:26.350+0000] {processor.py:829} INFO - Processing file /home/airflow/.local/lib/python3.8/site-packages/airflow/example_dags/example_time_delta_sensor_async.py for tasks to queue
[2023-11-19T23:34:26.351+0000] {logging_mixin.py:154} INFO - [2023-11-19T23:34:26.351+0000] {dagbag.py:536} INFO - Filling up the DagBag from /home/airflow/.local/lib/python3.8/site-packages/airflow/example_dags/example_time_delta_sensor_async.py
[2023-11-19T23:34:26.353+0000] {processor.py:839} INFO - DAG(s) dict_keys(['example_time_delta_sensor_async']) retrieved from /home/airflow/.local/lib/python3.8/site-packages/airflow/example_dags/example_time_delta_sensor_async.py
[2023-11-19T23:34:26.363+0000] {logging_mixin.py:154} INFO - [2023-11-19T23:34:26.363+0000] {dag.py:2941} INFO - Sync 1 DAGs
[2023-11-19T23:34:26.368+0000] {logging_mixin.py:154} INFO - [2023-11-19T23:34:26.368+0000] {dag.py:3722} INFO - Setting next_dagrun for example_time_delta_sensor_async to None, run_after=None
[2023-11-19T23:34:26.375+0000] {processor.py:179} INFO - Processing /home/airflow/.local/lib/python3.8/site-packages/airflow/example_dags/example_time_delta_sensor_async.py took 0.028 seconds
[2023-11-19T23:34:56.827+0000] {processor.py:157} INFO - Started process (PID=431) to work on /home/airflow/.local/lib/python3.8/site-packages/airflow/example_dags/example_time_delta_sensor_async.py
[2023-11-19T23:34:56.827+0000] {processor.py:829} INFO - Processing file /home/airflow/.local/lib/python3.8/site-packages/airflow/example_dags/example_time_delta_sensor_async.py for tasks to queue
[2023-11-19T23:34:56.829+0000] {logging_mixin.py:154} INFO - [2023-11-19T23:34:56.828+0000] {dagbag.py:536} INFO - Filling up the DagBag from /home/airflow/.local/lib/python3.8/site-packages/airflow/example_dags/example_time_delta_sensor_async.py
[2023-11-19T23:34:56.831+0000] {processor.py:839} INFO - DAG(s) dict_keys(['example_time_delta_sensor_async']) retrieved from /home/airflow/.local/lib/python3.8/site-packages/airflow/example_dags/example_time_delta_sensor_async.py
[2023-11-19T23:34:56.840+0000] {logging_mixin.py:154} INFO - [2023-11-19T23:34:56.840+0000] {dag.py:2941} INFO - Sync 1 DAGs
[2023-11-19T23:34:56.846+0000] {logging_mixin.py:154} INFO - [2023-11-19T23:34:56.846+0000] {dag.py:3722} INFO - Setting next_dagrun for example_time_delta_sensor_async to None, run_after=None
[2023-11-19T23:34:56.852+0000] {processor.py:179} INFO - Processing /home/airflow/.local/lib/python3.8/site-packages/airflow/example_dags/example_time_delta_sensor_async.py took 0.027 seconds
[2023-11-19T23:35:27.388+0000] {processor.py:157} INFO - Started process (PID=485) to work on /home/airflow/.local/lib/python3.8/site-packages/airflow/example_dags/example_time_delta_sensor_async.py
[2023-11-19T23:35:27.388+0000] {processor.py:829} INFO - Processing file /home/airflow/.local/lib/python3.8/site-packages/airflow/example_dags/example_time_delta_sensor_async.py for tasks to queue
[2023-11-19T23:35:27.389+0000] {logging_mixin.py:154} INFO - [2023-11-19T23:35:27.389+0000] {dagbag.py:536} INFO - Filling up the DagBag from /home/airflow/.local/lib/python3.8/site-packages/airflow/example_dags/example_time_delta_sensor_async.py
[2023-11-19T23:35:27.392+0000] {processor.py:839} INFO - DAG(s) dict_keys(['example_time_delta_sensor_async']) retrieved from /home/airflow/.local/lib/python3.8/site-packages/airflow/example_dags/example_time_delta_sensor_async.py
[2023-11-19T23:35:27.403+0000] {logging_mixin.py:154} INFO - [2023-11-19T23:35:27.402+0000] {dag.py:2941} INFO - Sync 1 DAGs
[2023-11-19T23:35:27.408+0000] {logging_mixin.py:154} INFO - [2023-11-19T23:35:27.408+0000] {dag.py:3722} INFO - Setting next_dagrun for example_time_delta_sensor_async to None, run_after=None
[2023-11-19T23:35:27.416+0000] {processor.py:179} INFO - Processing /home/airflow/.local/lib/python3.8/site-packages/airflow/example_dags/example_time_delta_sensor_async.py took 0.030 seconds
[2023-11-19T23:35:57.915+0000] {processor.py:157} INFO - Started process (PID=539) to work on /home/airflow/.local/lib/python3.8/site-packages/airflow/example_dags/example_time_delta_sensor_async.py
[2023-11-19T23:35:57.915+0000] {processor.py:829} INFO - Processing file /home/airflow/.local/lib/python3.8/site-packages/airflow/example_dags/example_time_delta_sensor_async.py for tasks to queue
[2023-11-19T23:35:57.916+0000] {logging_mixin.py:154} INFO - [2023-11-19T23:35:57.916+0000] {dagbag.py:536} INFO - Filling up the DagBag from /home/airflow/.local/lib/python3.8/site-packages/airflow/example_dags/example_time_delta_sensor_async.py
[2023-11-19T23:35:57.919+0000] {processor.py:839} INFO - DAG(s) dict_keys(['example_time_delta_sensor_async']) retrieved from /home/airflow/.local/lib/python3.8/site-packages/airflow/example_dags/example_time_delta_sensor_async.py
[2023-11-19T23:35:57.929+0000] {logging_mixin.py:154} INFO - [2023-11-19T23:35:57.929+0000] {dag.py:2941} INFO - Sync 1 DAGs
[2023-11-19T23:35:57.934+0000] {logging_mixin.py:154} INFO - [2023-11-19T23:35:57.934+0000] {dag.py:3722} INFO - Setting next_dagrun for example_time_delta_sensor_async to None, run_after=None
[2023-11-19T23:35:57.941+0000] {processor.py:179} INFO - Processing /home/airflow/.local/lib/python3.8/site-packages/airflow/example_dags/example_time_delta_sensor_async.py took 0.029 seconds
