[2023-11-19T23:20:26.043+0000] {processor.py:157} INFO - Started process (PID=47) to work on /home/airflow/.local/lib/python3.8/site-packages/airflow/example_dags/example_branch_operator.py
[2023-11-19T23:20:26.043+0000] {processor.py:829} INFO - Processing file /home/airflow/.local/lib/python3.8/site-packages/airflow/example_dags/example_branch_operator.py for tasks to queue
[2023-11-19T23:20:26.045+0000] {logging_mixin.py:154} INFO - [2023-11-19T23:20:26.044+0000] {dagbag.py:536} INFO - Filling up the DagBag from /home/airflow/.local/lib/python3.8/site-packages/airflow/example_dags/example_branch_operator.py
[2023-11-19T23:20:26.050+0000] {processor.py:839} INFO - DAG(s) dict_keys(['example_branch_operator']) retrieved from /home/airflow/.local/lib/python3.8/site-packages/airflow/example_dags/example_branch_operator.py
[2023-11-19T23:20:26.108+0000] {logging_mixin.py:154} INFO - [2023-11-19T23:20:26.108+0000] {manager.py:499} INFO - Created Permission View: %s
[2023-11-19T23:20:26.112+0000] {logging_mixin.py:154} INFO - [2023-11-19T23:20:26.111+0000] {manager.py:499} INFO - Created Permission View: %s
[2023-11-19T23:20:26.114+0000] {logging_mixin.py:154} INFO - [2023-11-19T23:20:26.114+0000] {manager.py:499} INFO - Created Permission View: %s
[2023-11-19T23:20:26.114+0000] {logging_mixin.py:154} INFO - [2023-11-19T23:20:26.114+0000] {dag.py:2941} INFO - Sync 1 DAGs
[2023-11-19T23:20:26.120+0000] {logging_mixin.py:154} INFO - [2023-11-19T23:20:26.120+0000] {dag.py:2963} INFO - Creating ORM DAG for example_branch_operator
[2023-11-19T23:20:26.125+0000] {logging_mixin.py:154} INFO - [2023-11-19T23:20:26.125+0000] {dag.py:3722} INFO - Setting next_dagrun for example_branch_operator to 2023-11-18T00:00:00+00:00, run_after=2023-11-19T00:00:00+00:00
[2023-11-19T23:20:26.133+0000] {processor.py:179} INFO - Processing /home/airflow/.local/lib/python3.8/site-packages/airflow/example_dags/example_branch_operator.py took 0.092 seconds
[2023-11-19T23:20:57.058+0000] {processor.py:157} INFO - Started process (PID=101) to work on /home/airflow/.local/lib/python3.8/site-packages/airflow/example_dags/example_branch_operator.py
[2023-11-19T23:20:57.059+0000] {processor.py:829} INFO - Processing file /home/airflow/.local/lib/python3.8/site-packages/airflow/example_dags/example_branch_operator.py for tasks to queue
[2023-11-19T23:20:57.060+0000] {logging_mixin.py:154} INFO - [2023-11-19T23:20:57.059+0000] {dagbag.py:536} INFO - Filling up the DagBag from /home/airflow/.local/lib/python3.8/site-packages/airflow/example_dags/example_branch_operator.py
[2023-11-19T23:20:57.064+0000] {processor.py:839} INFO - DAG(s) dict_keys(['example_branch_operator']) retrieved from /home/airflow/.local/lib/python3.8/site-packages/airflow/example_dags/example_branch_operator.py
[2023-11-19T23:20:57.075+0000] {logging_mixin.py:154} INFO - [2023-11-19T23:20:57.075+0000] {dag.py:2941} INFO - Sync 1 DAGs
[2023-11-19T23:20:57.085+0000] {logging_mixin.py:154} INFO - [2023-11-19T23:20:57.085+0000] {dag.py:3722} INFO - Setting next_dagrun for example_branch_operator to 2023-11-18T00:00:00+00:00, run_after=2023-11-19T00:00:00+00:00
[2023-11-19T23:20:57.091+0000] {processor.py:179} INFO - Processing /home/airflow/.local/lib/python3.8/site-packages/airflow/example_dags/example_branch_operator.py took 0.035 seconds
[2023-11-19T23:21:27.710+0000] {processor.py:157} INFO - Started process (PID=155) to work on /home/airflow/.local/lib/python3.8/site-packages/airflow/example_dags/example_branch_operator.py
[2023-11-19T23:21:27.710+0000] {processor.py:829} INFO - Processing file /home/airflow/.local/lib/python3.8/site-packages/airflow/example_dags/example_branch_operator.py for tasks to queue
[2023-11-19T23:21:27.712+0000] {logging_mixin.py:154} INFO - [2023-11-19T23:21:27.712+0000] {dagbag.py:536} INFO - Filling up the DagBag from /home/airflow/.local/lib/python3.8/site-packages/airflow/example_dags/example_branch_operator.py
[2023-11-19T23:21:27.716+0000] {processor.py:839} INFO - DAG(s) dict_keys(['example_branch_operator']) retrieved from /home/airflow/.local/lib/python3.8/site-packages/airflow/example_dags/example_branch_operator.py
[2023-11-19T23:21:27.727+0000] {logging_mixin.py:154} INFO - [2023-11-19T23:21:27.727+0000] {dag.py:2941} INFO - Sync 1 DAGs
[2023-11-19T23:21:27.736+0000] {logging_mixin.py:154} INFO - [2023-11-19T23:21:27.736+0000] {dag.py:3722} INFO - Setting next_dagrun for example_branch_operator to 2023-11-18T00:00:00+00:00, run_after=2023-11-19T00:00:00+00:00
[2023-11-19T23:21:27.743+0000] {processor.py:179} INFO - Processing /home/airflow/.local/lib/python3.8/site-packages/airflow/example_dags/example_branch_operator.py took 0.034 seconds
[2023-11-19T23:21:58.173+0000] {processor.py:157} INFO - Started process (PID=209) to work on /home/airflow/.local/lib/python3.8/site-packages/airflow/example_dags/example_branch_operator.py
[2023-11-19T23:21:58.174+0000] {processor.py:829} INFO - Processing file /home/airflow/.local/lib/python3.8/site-packages/airflow/example_dags/example_branch_operator.py for tasks to queue
[2023-11-19T23:21:58.175+0000] {logging_mixin.py:154} INFO - [2023-11-19T23:21:58.175+0000] {dagbag.py:536} INFO - Filling up the DagBag from /home/airflow/.local/lib/python3.8/site-packages/airflow/example_dags/example_branch_operator.py
[2023-11-19T23:21:58.179+0000] {processor.py:839} INFO - DAG(s) dict_keys(['example_branch_operator']) retrieved from /home/airflow/.local/lib/python3.8/site-packages/airflow/example_dags/example_branch_operator.py
[2023-11-19T23:21:58.190+0000] {logging_mixin.py:154} INFO - [2023-11-19T23:21:58.189+0000] {dag.py:2941} INFO - Sync 1 DAGs
[2023-11-19T23:21:58.199+0000] {logging_mixin.py:154} INFO - [2023-11-19T23:21:58.199+0000] {dag.py:3722} INFO - Setting next_dagrun for example_branch_operator to 2023-11-18T00:00:00+00:00, run_after=2023-11-19T00:00:00+00:00
[2023-11-19T23:21:58.205+0000] {processor.py:179} INFO - Processing /home/airflow/.local/lib/python3.8/site-packages/airflow/example_dags/example_branch_operator.py took 0.034 seconds
[2023-11-19T23:22:28.643+0000] {processor.py:157} INFO - Started process (PID=263) to work on /home/airflow/.local/lib/python3.8/site-packages/airflow/example_dags/example_branch_operator.py
[2023-11-19T23:22:28.644+0000] {processor.py:829} INFO - Processing file /home/airflow/.local/lib/python3.8/site-packages/airflow/example_dags/example_branch_operator.py for tasks to queue
[2023-11-19T23:22:28.645+0000] {logging_mixin.py:154} INFO - [2023-11-19T23:22:28.645+0000] {dagbag.py:536} INFO - Filling up the DagBag from /home/airflow/.local/lib/python3.8/site-packages/airflow/example_dags/example_branch_operator.py
[2023-11-19T23:22:28.649+0000] {processor.py:839} INFO - DAG(s) dict_keys(['example_branch_operator']) retrieved from /home/airflow/.local/lib/python3.8/site-packages/airflow/example_dags/example_branch_operator.py
[2023-11-19T23:22:28.660+0000] {logging_mixin.py:154} INFO - [2023-11-19T23:22:28.660+0000] {dag.py:2941} INFO - Sync 1 DAGs
[2023-11-19T23:22:28.670+0000] {logging_mixin.py:154} INFO - [2023-11-19T23:22:28.670+0000] {dag.py:3722} INFO - Setting next_dagrun for example_branch_operator to 2023-11-18T00:00:00+00:00, run_after=2023-11-19T00:00:00+00:00
[2023-11-19T23:22:28.677+0000] {processor.py:179} INFO - Processing /home/airflow/.local/lib/python3.8/site-packages/airflow/example_dags/example_branch_operator.py took 0.035 seconds
[2023-11-19T23:22:59.093+0000] {processor.py:157} INFO - Started process (PID=317) to work on /home/airflow/.local/lib/python3.8/site-packages/airflow/example_dags/example_branch_operator.py
[2023-11-19T23:22:59.093+0000] {processor.py:829} INFO - Processing file /home/airflow/.local/lib/python3.8/site-packages/airflow/example_dags/example_branch_operator.py for tasks to queue
[2023-11-19T23:22:59.095+0000] {logging_mixin.py:154} INFO - [2023-11-19T23:22:59.095+0000] {dagbag.py:536} INFO - Filling up the DagBag from /home/airflow/.local/lib/python3.8/site-packages/airflow/example_dags/example_branch_operator.py
[2023-11-19T23:22:59.099+0000] {processor.py:839} INFO - DAG(s) dict_keys(['example_branch_operator']) retrieved from /home/airflow/.local/lib/python3.8/site-packages/airflow/example_dags/example_branch_operator.py
[2023-11-19T23:22:59.109+0000] {logging_mixin.py:154} INFO - [2023-11-19T23:22:59.109+0000] {dag.py:2941} INFO - Sync 1 DAGs
[2023-11-19T23:22:59.119+0000] {logging_mixin.py:154} INFO - [2023-11-19T23:22:59.119+0000] {dag.py:3722} INFO - Setting next_dagrun for example_branch_operator to 2023-11-18T00:00:00+00:00, run_after=2023-11-19T00:00:00+00:00
[2023-11-19T23:22:59.125+0000] {processor.py:179} INFO - Processing /home/airflow/.local/lib/python3.8/site-packages/airflow/example_dags/example_branch_operator.py took 0.034 seconds
[2023-11-19T23:23:29.468+0000] {processor.py:157} INFO - Started process (PID=371) to work on /home/airflow/.local/lib/python3.8/site-packages/airflow/example_dags/example_branch_operator.py
[2023-11-19T23:23:29.469+0000] {processor.py:829} INFO - Processing file /home/airflow/.local/lib/python3.8/site-packages/airflow/example_dags/example_branch_operator.py for tasks to queue
[2023-11-19T23:23:29.470+0000] {logging_mixin.py:154} INFO - [2023-11-19T23:23:29.470+0000] {dagbag.py:536} INFO - Filling up the DagBag from /home/airflow/.local/lib/python3.8/site-packages/airflow/example_dags/example_branch_operator.py
[2023-11-19T23:23:29.474+0000] {processor.py:839} INFO - DAG(s) dict_keys(['example_branch_operator']) retrieved from /home/airflow/.local/lib/python3.8/site-packages/airflow/example_dags/example_branch_operator.py
[2023-11-19T23:23:29.485+0000] {logging_mixin.py:154} INFO - [2023-11-19T23:23:29.485+0000] {dag.py:2941} INFO - Sync 1 DAGs
[2023-11-19T23:23:29.495+0000] {logging_mixin.py:154} INFO - [2023-11-19T23:23:29.495+0000] {dag.py:3722} INFO - Setting next_dagrun for example_branch_operator to 2023-11-18T00:00:00+00:00, run_after=2023-11-19T00:00:00+00:00
[2023-11-19T23:23:29.502+0000] {processor.py:179} INFO - Processing /home/airflow/.local/lib/python3.8/site-packages/airflow/example_dags/example_branch_operator.py took 0.036 seconds
[2023-11-19T23:23:59.902+0000] {processor.py:157} INFO - Started process (PID=425) to work on /home/airflow/.local/lib/python3.8/site-packages/airflow/example_dags/example_branch_operator.py
[2023-11-19T23:23:59.903+0000] {processor.py:829} INFO - Processing file /home/airflow/.local/lib/python3.8/site-packages/airflow/example_dags/example_branch_operator.py for tasks to queue
[2023-11-19T23:23:59.904+0000] {logging_mixin.py:154} INFO - [2023-11-19T23:23:59.904+0000] {dagbag.py:536} INFO - Filling up the DagBag from /home/airflow/.local/lib/python3.8/site-packages/airflow/example_dags/example_branch_operator.py
[2023-11-19T23:23:59.909+0000] {processor.py:839} INFO - DAG(s) dict_keys(['example_branch_operator']) retrieved from /home/airflow/.local/lib/python3.8/site-packages/airflow/example_dags/example_branch_operator.py
[2023-11-19T23:23:59.919+0000] {logging_mixin.py:154} INFO - [2023-11-19T23:23:59.919+0000] {dag.py:2941} INFO - Sync 1 DAGs
[2023-11-19T23:23:59.928+0000] {logging_mixin.py:154} INFO - [2023-11-19T23:23:59.928+0000] {dag.py:3722} INFO - Setting next_dagrun for example_branch_operator to 2023-11-18T00:00:00+00:00, run_after=2023-11-19T00:00:00+00:00
[2023-11-19T23:23:59.935+0000] {processor.py:179} INFO - Processing /home/airflow/.local/lib/python3.8/site-packages/airflow/example_dags/example_branch_operator.py took 0.035 seconds
[2023-11-19T23:24:30.394+0000] {processor.py:157} INFO - Started process (PID=479) to work on /home/airflow/.local/lib/python3.8/site-packages/airflow/example_dags/example_branch_operator.py
[2023-11-19T23:24:30.394+0000] {processor.py:829} INFO - Processing file /home/airflow/.local/lib/python3.8/site-packages/airflow/example_dags/example_branch_operator.py for tasks to queue
[2023-11-19T23:24:30.396+0000] {logging_mixin.py:154} INFO - [2023-11-19T23:24:30.396+0000] {dagbag.py:536} INFO - Filling up the DagBag from /home/airflow/.local/lib/python3.8/site-packages/airflow/example_dags/example_branch_operator.py
[2023-11-19T23:24:30.400+0000] {processor.py:839} INFO - DAG(s) dict_keys(['example_branch_operator']) retrieved from /home/airflow/.local/lib/python3.8/site-packages/airflow/example_dags/example_branch_operator.py
[2023-11-19T23:24:30.411+0000] {logging_mixin.py:154} INFO - [2023-11-19T23:24:30.411+0000] {dag.py:2941} INFO - Sync 1 DAGs
[2023-11-19T23:24:30.420+0000] {logging_mixin.py:154} INFO - [2023-11-19T23:24:30.420+0000] {dag.py:3722} INFO - Setting next_dagrun for example_branch_operator to 2023-11-18T00:00:00+00:00, run_after=2023-11-19T00:00:00+00:00
[2023-11-19T23:24:30.427+0000] {processor.py:179} INFO - Processing /home/airflow/.local/lib/python3.8/site-packages/airflow/example_dags/example_branch_operator.py took 0.034 seconds
[2023-11-19T23:25:00.884+0000] {processor.py:157} INFO - Started process (PID=533) to work on /home/airflow/.local/lib/python3.8/site-packages/airflow/example_dags/example_branch_operator.py
[2023-11-19T23:25:00.885+0000] {processor.py:829} INFO - Processing file /home/airflow/.local/lib/python3.8/site-packages/airflow/example_dags/example_branch_operator.py for tasks to queue
[2023-11-19T23:25:00.886+0000] {logging_mixin.py:154} INFO - [2023-11-19T23:25:00.886+0000] {dagbag.py:536} INFO - Filling up the DagBag from /home/airflow/.local/lib/python3.8/site-packages/airflow/example_dags/example_branch_operator.py
[2023-11-19T23:25:00.891+0000] {processor.py:839} INFO - DAG(s) dict_keys(['example_branch_operator']) retrieved from /home/airflow/.local/lib/python3.8/site-packages/airflow/example_dags/example_branch_operator.py
[2023-11-19T23:25:00.901+0000] {logging_mixin.py:154} INFO - [2023-11-19T23:25:00.901+0000] {dag.py:2941} INFO - Sync 1 DAGs
[2023-11-19T23:25:00.911+0000] {logging_mixin.py:154} INFO - [2023-11-19T23:25:00.911+0000] {dag.py:3722} INFO - Setting next_dagrun for example_branch_operator to 2023-11-18T00:00:00+00:00, run_after=2023-11-19T00:00:00+00:00
[2023-11-19T23:25:00.917+0000] {processor.py:179} INFO - Processing /home/airflow/.local/lib/python3.8/site-packages/airflow/example_dags/example_branch_operator.py took 0.035 seconds
[2023-11-19T23:25:31.424+0000] {processor.py:157} INFO - Started process (PID=587) to work on /home/airflow/.local/lib/python3.8/site-packages/airflow/example_dags/example_branch_operator.py
[2023-11-19T23:25:31.424+0000] {processor.py:829} INFO - Processing file /home/airflow/.local/lib/python3.8/site-packages/airflow/example_dags/example_branch_operator.py for tasks to queue
[2023-11-19T23:25:31.426+0000] {logging_mixin.py:154} INFO - [2023-11-19T23:25:31.426+0000] {dagbag.py:536} INFO - Filling up the DagBag from /home/airflow/.local/lib/python3.8/site-packages/airflow/example_dags/example_branch_operator.py
[2023-11-19T23:25:31.431+0000] {processor.py:839} INFO - DAG(s) dict_keys(['example_branch_operator']) retrieved from /home/airflow/.local/lib/python3.8/site-packages/airflow/example_dags/example_branch_operator.py
[2023-11-19T23:25:31.443+0000] {logging_mixin.py:154} INFO - [2023-11-19T23:25:31.443+0000] {dag.py:2941} INFO - Sync 1 DAGs
[2023-11-19T23:25:31.453+0000] {logging_mixin.py:154} INFO - [2023-11-19T23:25:31.453+0000] {dag.py:3722} INFO - Setting next_dagrun for example_branch_operator to 2023-11-18T00:00:00+00:00, run_after=2023-11-19T00:00:00+00:00
[2023-11-19T23:25:31.460+0000] {processor.py:179} INFO - Processing /home/airflow/.local/lib/python3.8/site-packages/airflow/example_dags/example_branch_operator.py took 0.038 seconds
[2023-11-19T23:31:22.753+0000] {processor.py:157} INFO - Started process (PID=48) to work on /home/airflow/.local/lib/python3.8/site-packages/airflow/example_dags/example_branch_operator.py
[2023-11-19T23:31:22.754+0000] {processor.py:829} INFO - Processing file /home/airflow/.local/lib/python3.8/site-packages/airflow/example_dags/example_branch_operator.py for tasks to queue
[2023-11-19T23:31:22.757+0000] {logging_mixin.py:154} INFO - [2023-11-19T23:31:22.757+0000] {dagbag.py:536} INFO - Filling up the DagBag from /home/airflow/.local/lib/python3.8/site-packages/airflow/example_dags/example_branch_operator.py
[2023-11-19T23:31:22.763+0000] {processor.py:839} INFO - DAG(s) dict_keys(['example_branch_operator']) retrieved from /home/airflow/.local/lib/python3.8/site-packages/airflow/example_dags/example_branch_operator.py
[2023-11-19T23:31:22.827+0000] {logging_mixin.py:154} INFO - [2023-11-19T23:31:22.827+0000] {manager.py:499} INFO - Created Permission View: %s
[2023-11-19T23:31:22.831+0000] {logging_mixin.py:154} INFO - [2023-11-19T23:31:22.831+0000] {manager.py:499} INFO - Created Permission View: %s
[2023-11-19T23:31:22.834+0000] {logging_mixin.py:154} INFO - [2023-11-19T23:31:22.834+0000] {manager.py:499} INFO - Created Permission View: %s
[2023-11-19T23:31:22.834+0000] {logging_mixin.py:154} INFO - [2023-11-19T23:31:22.834+0000] {dag.py:2941} INFO - Sync 1 DAGs
[2023-11-19T23:31:22.840+0000] {logging_mixin.py:154} INFO - [2023-11-19T23:31:22.840+0000] {dag.py:2963} INFO - Creating ORM DAG for example_branch_operator
[2023-11-19T23:31:22.846+0000] {logging_mixin.py:154} INFO - [2023-11-19T23:31:22.845+0000] {dag.py:3722} INFO - Setting next_dagrun for example_branch_operator to 2023-11-18T00:00:00+00:00, run_after=2023-11-19T00:00:00+00:00
[2023-11-19T23:31:22.855+0000] {processor.py:179} INFO - Processing /home/airflow/.local/lib/python3.8/site-packages/airflow/example_dags/example_branch_operator.py took 0.104 seconds
[2023-11-19T23:31:53.796+0000] {processor.py:157} INFO - Started process (PID=102) to work on /home/airflow/.local/lib/python3.8/site-packages/airflow/example_dags/example_branch_operator.py
[2023-11-19T23:31:53.796+0000] {processor.py:829} INFO - Processing file /home/airflow/.local/lib/python3.8/site-packages/airflow/example_dags/example_branch_operator.py for tasks to queue
[2023-11-19T23:31:53.798+0000] {logging_mixin.py:154} INFO - [2023-11-19T23:31:53.798+0000] {dagbag.py:536} INFO - Filling up the DagBag from /home/airflow/.local/lib/python3.8/site-packages/airflow/example_dags/example_branch_operator.py
[2023-11-19T23:31:53.803+0000] {processor.py:839} INFO - DAG(s) dict_keys(['example_branch_operator']) retrieved from /home/airflow/.local/lib/python3.8/site-packages/airflow/example_dags/example_branch_operator.py
[2023-11-19T23:31:53.814+0000] {logging_mixin.py:154} INFO - [2023-11-19T23:31:53.814+0000] {dag.py:2941} INFO - Sync 1 DAGs
[2023-11-19T23:31:53.825+0000] {logging_mixin.py:154} INFO - [2023-11-19T23:31:53.825+0000] {dag.py:3722} INFO - Setting next_dagrun for example_branch_operator to 2023-11-18T00:00:00+00:00, run_after=2023-11-19T00:00:00+00:00
[2023-11-19T23:31:53.833+0000] {processor.py:179} INFO - Processing /home/airflow/.local/lib/python3.8/site-packages/airflow/example_dags/example_branch_operator.py took 0.039 seconds
[2023-11-19T23:32:24.347+0000] {processor.py:157} INFO - Started process (PID=156) to work on /home/airflow/.local/lib/python3.8/site-packages/airflow/example_dags/example_branch_operator.py
[2023-11-19T23:32:24.348+0000] {processor.py:829} INFO - Processing file /home/airflow/.local/lib/python3.8/site-packages/airflow/example_dags/example_branch_operator.py for tasks to queue
[2023-11-19T23:32:24.349+0000] {logging_mixin.py:154} INFO - [2023-11-19T23:32:24.349+0000] {dagbag.py:536} INFO - Filling up the DagBag from /home/airflow/.local/lib/python3.8/site-packages/airflow/example_dags/example_branch_operator.py
[2023-11-19T23:32:24.354+0000] {processor.py:839} INFO - DAG(s) dict_keys(['example_branch_operator']) retrieved from /home/airflow/.local/lib/python3.8/site-packages/airflow/example_dags/example_branch_operator.py
[2023-11-19T23:32:24.365+0000] {logging_mixin.py:154} INFO - [2023-11-19T23:32:24.365+0000] {dag.py:2941} INFO - Sync 1 DAGs
[2023-11-19T23:32:24.375+0000] {logging_mixin.py:154} INFO - [2023-11-19T23:32:24.375+0000] {dag.py:3722} INFO - Setting next_dagrun for example_branch_operator to 2023-11-18T00:00:00+00:00, run_after=2023-11-19T00:00:00+00:00
[2023-11-19T23:32:24.382+0000] {processor.py:179} INFO - Processing /home/airflow/.local/lib/python3.8/site-packages/airflow/example_dags/example_branch_operator.py took 0.036 seconds
[2023-11-19T23:32:54.830+0000] {processor.py:157} INFO - Started process (PID=210) to work on /home/airflow/.local/lib/python3.8/site-packages/airflow/example_dags/example_branch_operator.py
[2023-11-19T23:32:54.830+0000] {processor.py:829} INFO - Processing file /home/airflow/.local/lib/python3.8/site-packages/airflow/example_dags/example_branch_operator.py for tasks to queue
[2023-11-19T23:32:54.832+0000] {logging_mixin.py:154} INFO - [2023-11-19T23:32:54.832+0000] {dagbag.py:536} INFO - Filling up the DagBag from /home/airflow/.local/lib/python3.8/site-packages/airflow/example_dags/example_branch_operator.py
[2023-11-19T23:32:54.836+0000] {processor.py:839} INFO - DAG(s) dict_keys(['example_branch_operator']) retrieved from /home/airflow/.local/lib/python3.8/site-packages/airflow/example_dags/example_branch_operator.py
[2023-11-19T23:32:54.846+0000] {logging_mixin.py:154} INFO - [2023-11-19T23:32:54.846+0000] {dag.py:2941} INFO - Sync 1 DAGs
[2023-11-19T23:32:54.856+0000] {logging_mixin.py:154} INFO - [2023-11-19T23:32:54.856+0000] {dag.py:3722} INFO - Setting next_dagrun for example_branch_operator to 2023-11-18T00:00:00+00:00, run_after=2023-11-19T00:00:00+00:00
[2023-11-19T23:32:54.862+0000] {processor.py:179} INFO - Processing /home/airflow/.local/lib/python3.8/site-packages/airflow/example_dags/example_branch_operator.py took 0.034 seconds
[2023-11-19T23:33:25.290+0000] {processor.py:157} INFO - Started process (PID=264) to work on /home/airflow/.local/lib/python3.8/site-packages/airflow/example_dags/example_branch_operator.py
[2023-11-19T23:33:25.291+0000] {processor.py:829} INFO - Processing file /home/airflow/.local/lib/python3.8/site-packages/airflow/example_dags/example_branch_operator.py for tasks to queue
[2023-11-19T23:33:25.292+0000] {logging_mixin.py:154} INFO - [2023-11-19T23:33:25.292+0000] {dagbag.py:536} INFO - Filling up the DagBag from /home/airflow/.local/lib/python3.8/site-packages/airflow/example_dags/example_branch_operator.py
[2023-11-19T23:33:25.296+0000] {processor.py:839} INFO - DAG(s) dict_keys(['example_branch_operator']) retrieved from /home/airflow/.local/lib/python3.8/site-packages/airflow/example_dags/example_branch_operator.py
[2023-11-19T23:33:25.307+0000] {logging_mixin.py:154} INFO - [2023-11-19T23:33:25.307+0000] {dag.py:2941} INFO - Sync 1 DAGs
[2023-11-19T23:33:25.317+0000] {logging_mixin.py:154} INFO - [2023-11-19T23:33:25.316+0000] {dag.py:3722} INFO - Setting next_dagrun for example_branch_operator to 2023-11-18T00:00:00+00:00, run_after=2023-11-19T00:00:00+00:00
[2023-11-19T23:33:25.323+0000] {processor.py:179} INFO - Processing /home/airflow/.local/lib/python3.8/site-packages/airflow/example_dags/example_branch_operator.py took 0.035 seconds
[2023-11-19T23:33:55.815+0000] {processor.py:157} INFO - Started process (PID=318) to work on /home/airflow/.local/lib/python3.8/site-packages/airflow/example_dags/example_branch_operator.py
[2023-11-19T23:33:55.815+0000] {processor.py:829} INFO - Processing file /home/airflow/.local/lib/python3.8/site-packages/airflow/example_dags/example_branch_operator.py for tasks to queue
[2023-11-19T23:33:55.817+0000] {logging_mixin.py:154} INFO - [2023-11-19T23:33:55.817+0000] {dagbag.py:536} INFO - Filling up the DagBag from /home/airflow/.local/lib/python3.8/site-packages/airflow/example_dags/example_branch_operator.py
[2023-11-19T23:33:55.821+0000] {processor.py:839} INFO - DAG(s) dict_keys(['example_branch_operator']) retrieved from /home/airflow/.local/lib/python3.8/site-packages/airflow/example_dags/example_branch_operator.py
[2023-11-19T23:33:55.832+0000] {logging_mixin.py:154} INFO - [2023-11-19T23:33:55.832+0000] {dag.py:2941} INFO - Sync 1 DAGs
[2023-11-19T23:33:55.842+0000] {logging_mixin.py:154} INFO - [2023-11-19T23:33:55.842+0000] {dag.py:3722} INFO - Setting next_dagrun for example_branch_operator to 2023-11-18T00:00:00+00:00, run_after=2023-11-19T00:00:00+00:00
[2023-11-19T23:33:55.849+0000] {processor.py:179} INFO - Processing /home/airflow/.local/lib/python3.8/site-packages/airflow/example_dags/example_branch_operator.py took 0.035 seconds
[2023-11-19T23:34:26.235+0000] {processor.py:157} INFO - Started process (PID=372) to work on /home/airflow/.local/lib/python3.8/site-packages/airflow/example_dags/example_branch_operator.py
[2023-11-19T23:34:26.235+0000] {processor.py:829} INFO - Processing file /home/airflow/.local/lib/python3.8/site-packages/airflow/example_dags/example_branch_operator.py for tasks to queue
[2023-11-19T23:34:26.237+0000] {logging_mixin.py:154} INFO - [2023-11-19T23:34:26.236+0000] {dagbag.py:536} INFO - Filling up the DagBag from /home/airflow/.local/lib/python3.8/site-packages/airflow/example_dags/example_branch_operator.py
[2023-11-19T23:34:26.241+0000] {processor.py:839} INFO - DAG(s) dict_keys(['example_branch_operator']) retrieved from /home/airflow/.local/lib/python3.8/site-packages/airflow/example_dags/example_branch_operator.py
[2023-11-19T23:34:26.251+0000] {logging_mixin.py:154} INFO - [2023-11-19T23:34:26.251+0000] {dag.py:2941} INFO - Sync 1 DAGs
[2023-11-19T23:34:26.261+0000] {logging_mixin.py:154} INFO - [2023-11-19T23:34:26.261+0000] {dag.py:3722} INFO - Setting next_dagrun for example_branch_operator to 2023-11-18T00:00:00+00:00, run_after=2023-11-19T00:00:00+00:00
[2023-11-19T23:34:26.267+0000] {processor.py:179} INFO - Processing /home/airflow/.local/lib/python3.8/site-packages/airflow/example_dags/example_branch_operator.py took 0.034 seconds
[2023-11-19T23:34:56.713+0000] {processor.py:157} INFO - Started process (PID=426) to work on /home/airflow/.local/lib/python3.8/site-packages/airflow/example_dags/example_branch_operator.py
[2023-11-19T23:34:56.714+0000] {processor.py:829} INFO - Processing file /home/airflow/.local/lib/python3.8/site-packages/airflow/example_dags/example_branch_operator.py for tasks to queue
[2023-11-19T23:34:56.715+0000] {logging_mixin.py:154} INFO - [2023-11-19T23:34:56.715+0000] {dagbag.py:536} INFO - Filling up the DagBag from /home/airflow/.local/lib/python3.8/site-packages/airflow/example_dags/example_branch_operator.py
[2023-11-19T23:34:56.720+0000] {processor.py:839} INFO - DAG(s) dict_keys(['example_branch_operator']) retrieved from /home/airflow/.local/lib/python3.8/site-packages/airflow/example_dags/example_branch_operator.py
[2023-11-19T23:34:56.730+0000] {logging_mixin.py:154} INFO - [2023-11-19T23:34:56.730+0000] {dag.py:2941} INFO - Sync 1 DAGs
[2023-11-19T23:34:56.739+0000] {logging_mixin.py:154} INFO - [2023-11-19T23:34:56.739+0000] {dag.py:3722} INFO - Setting next_dagrun for example_branch_operator to 2023-11-18T00:00:00+00:00, run_after=2023-11-19T00:00:00+00:00
[2023-11-19T23:34:56.746+0000] {processor.py:179} INFO - Processing /home/airflow/.local/lib/python3.8/site-packages/airflow/example_dags/example_branch_operator.py took 0.034 seconds
[2023-11-19T23:35:27.241+0000] {processor.py:157} INFO - Started process (PID=480) to work on /home/airflow/.local/lib/python3.8/site-packages/airflow/example_dags/example_branch_operator.py
[2023-11-19T23:35:27.242+0000] {processor.py:829} INFO - Processing file /home/airflow/.local/lib/python3.8/site-packages/airflow/example_dags/example_branch_operator.py for tasks to queue
[2023-11-19T23:35:27.244+0000] {logging_mixin.py:154} INFO - [2023-11-19T23:35:27.243+0000] {dagbag.py:536} INFO - Filling up the DagBag from /home/airflow/.local/lib/python3.8/site-packages/airflow/example_dags/example_branch_operator.py
[2023-11-19T23:35:27.250+0000] {processor.py:839} INFO - DAG(s) dict_keys(['example_branch_operator']) retrieved from /home/airflow/.local/lib/python3.8/site-packages/airflow/example_dags/example_branch_operator.py
[2023-11-19T23:35:27.266+0000] {logging_mixin.py:154} INFO - [2023-11-19T23:35:27.266+0000] {dag.py:2941} INFO - Sync 1 DAGs
[2023-11-19T23:35:27.280+0000] {logging_mixin.py:154} INFO - [2023-11-19T23:35:27.280+0000] {dag.py:3722} INFO - Setting next_dagrun for example_branch_operator to 2023-11-18T00:00:00+00:00, run_after=2023-11-19T00:00:00+00:00
[2023-11-19T23:35:27.291+0000] {processor.py:179} INFO - Processing /home/airflow/.local/lib/python3.8/site-packages/airflow/example_dags/example_branch_operator.py took 0.053 seconds
[2023-11-19T23:35:57.797+0000] {processor.py:157} INFO - Started process (PID=534) to work on /home/airflow/.local/lib/python3.8/site-packages/airflow/example_dags/example_branch_operator.py
[2023-11-19T23:35:57.798+0000] {processor.py:829} INFO - Processing file /home/airflow/.local/lib/python3.8/site-packages/airflow/example_dags/example_branch_operator.py for tasks to queue
[2023-11-19T23:35:57.799+0000] {logging_mixin.py:154} INFO - [2023-11-19T23:35:57.799+0000] {dagbag.py:536} INFO - Filling up the DagBag from /home/airflow/.local/lib/python3.8/site-packages/airflow/example_dags/example_branch_operator.py
[2023-11-19T23:35:57.804+0000] {processor.py:839} INFO - DAG(s) dict_keys(['example_branch_operator']) retrieved from /home/airflow/.local/lib/python3.8/site-packages/airflow/example_dags/example_branch_operator.py
[2023-11-19T23:35:57.814+0000] {logging_mixin.py:154} INFO - [2023-11-19T23:35:57.814+0000] {dag.py:2941} INFO - Sync 1 DAGs
[2023-11-19T23:35:57.824+0000] {logging_mixin.py:154} INFO - [2023-11-19T23:35:57.824+0000] {dag.py:3722} INFO - Setting next_dagrun for example_branch_operator to 2023-11-18T00:00:00+00:00, run_after=2023-11-19T00:00:00+00:00
[2023-11-19T23:35:57.831+0000] {processor.py:179} INFO - Processing /home/airflow/.local/lib/python3.8/site-packages/airflow/example_dags/example_branch_operator.py took 0.035 seconds
