[2023-11-19T23:20:25.895+0000] {processor.py:157} INFO - Started process (PID=44) to work on /home/airflow/.local/lib/python3.8/site-packages/airflow/example_dags/example_subdag_operator.py
[2023-11-19T23:20:25.896+0000] {processor.py:829} INFO - Processing file /home/airflow/.local/lib/python3.8/site-packages/airflow/example_dags/example_subdag_operator.py for tasks to queue
[2023-11-19T23:20:25.903+0000] {logging_mixin.py:154} INFO - [2023-11-19T23:20:25.903+0000] {dagbag.py:536} INFO - Filling up the DagBag from /home/airflow/.local/lib/python3.8/site-packages/airflow/example_dags/example_subdag_operator.py
[2023-11-19T23:20:25.920+0000] {processor.py:839} INFO - DAG(s) dict_keys(['example_subdag_operator.section-1', 'example_subdag_operator.section-2', 'example_subdag_operator']) retrieved from /home/airflow/.local/lib/python3.8/site-packages/airflow/example_dags/example_subdag_operator.py
[2023-11-19T23:20:25.969+0000] {logging_mixin.py:154} INFO - [2023-11-19T23:20:25.969+0000] {manager.py:499} INFO - Created Permission View: %s
[2023-11-19T23:20:25.973+0000] {logging_mixin.py:154} INFO - [2023-11-19T23:20:25.973+0000] {manager.py:499} INFO - Created Permission View: %s
[2023-11-19T23:20:25.975+0000] {logging_mixin.py:154} INFO - [2023-11-19T23:20:25.975+0000] {manager.py:499} INFO - Created Permission View: %s
[2023-11-19T23:20:25.975+0000] {logging_mixin.py:154} INFO - [2023-11-19T23:20:25.975+0000] {dag.py:2941} INFO - Sync 3 DAGs
[2023-11-19T23:20:25.982+0000] {logging_mixin.py:154} INFO - [2023-11-19T23:20:25.982+0000] {dag.py:2963} INFO - Creating ORM DAG for example_subdag_operator
[2023-11-19T23:20:25.982+0000] {logging_mixin.py:154} INFO - [2023-11-19T23:20:25.982+0000] {dag.py:2963} INFO - Creating ORM DAG for example_subdag_operator.section-2
[2023-11-19T23:20:25.982+0000] {logging_mixin.py:154} INFO - [2023-11-19T23:20:25.982+0000] {dag.py:2963} INFO - Creating ORM DAG for example_subdag_operator.section-1
[2023-11-19T23:20:25.987+0000] {logging_mixin.py:154} INFO - [2023-11-19T23:20:25.987+0000] {dag.py:3722} INFO - Setting next_dagrun for example_subdag_operator to 2022-01-01T00:00:00+00:00, run_after=2022-01-01T00:00:00+00:00
[2023-11-19T23:20:25.987+0000] {logging_mixin.py:154} INFO - [2023-11-19T23:20:25.987+0000] {dag.py:3722} INFO - Setting next_dagrun for example_subdag_operator.section-1 to None, run_after=None
[2023-11-19T23:20:25.987+0000] {logging_mixin.py:154} INFO - [2023-11-19T23:20:25.987+0000] {dag.py:3722} INFO - Setting next_dagrun for example_subdag_operator.section-2 to None, run_after=None
[2023-11-19T23:20:25.991+0000] {logging_mixin.py:154} INFO - [2023-11-19T23:20:25.991+0000] {dag.py:2941} INFO - Sync 2 DAGs
[2023-11-19T23:20:25.993+0000] {logging_mixin.py:154} INFO - [2023-11-19T23:20:25.993+0000] {dag.py:3722} INFO - Setting next_dagrun for example_subdag_operator.section-1 to None, run_after=None
[2023-11-19T23:20:25.995+0000] {logging_mixin.py:154} INFO - [2023-11-19T23:20:25.995+0000] {dag.py:3722} INFO - Setting next_dagrun for example_subdag_operator.section-2 to None, run_after=None
[2023-11-19T23:20:26.000+0000] {processor.py:179} INFO - Processing /home/airflow/.local/lib/python3.8/site-packages/airflow/example_dags/example_subdag_operator.py took 0.108 seconds
[2023-11-19T23:20:56.990+0000] {processor.py:157} INFO - Started process (PID=98) to work on /home/airflow/.local/lib/python3.8/site-packages/airflow/example_dags/example_subdag_operator.py
[2023-11-19T23:20:56.992+0000] {processor.py:829} INFO - Processing file /home/airflow/.local/lib/python3.8/site-packages/airflow/example_dags/example_subdag_operator.py for tasks to queue
[2023-11-19T23:20:56.995+0000] {logging_mixin.py:154} INFO - [2023-11-19T23:20:56.995+0000] {dagbag.py:536} INFO - Filling up the DagBag from /home/airflow/.local/lib/python3.8/site-packages/airflow/example_dags/example_subdag_operator.py
[2023-11-19T23:20:57.016+0000] {processor.py:839} INFO - DAG(s) dict_keys(['example_subdag_operator.section-1', 'example_subdag_operator.section-2', 'example_subdag_operator']) retrieved from /home/airflow/.local/lib/python3.8/site-packages/airflow/example_dags/example_subdag_operator.py
[2023-11-19T23:20:57.025+0000] {logging_mixin.py:154} INFO - [2023-11-19T23:20:57.025+0000] {dag.py:2941} INFO - Sync 3 DAGs
[2023-11-19T23:20:57.036+0000] {logging_mixin.py:154} INFO - [2023-11-19T23:20:57.036+0000] {dag.py:3722} INFO - Setting next_dagrun for example_subdag_operator to 2022-01-01T00:00:00+00:00, run_after=2022-01-01T00:00:00+00:00
[2023-11-19T23:20:57.038+0000] {logging_mixin.py:154} INFO - [2023-11-19T23:20:57.037+0000] {dag.py:3722} INFO - Setting next_dagrun for example_subdag_operator.section-1 to None, run_after=None
[2023-11-19T23:20:57.038+0000] {logging_mixin.py:154} INFO - [2023-11-19T23:20:57.038+0000] {dag.py:3722} INFO - Setting next_dagrun for example_subdag_operator.section-2 to None, run_after=None
[2023-11-19T23:20:57.041+0000] {logging_mixin.py:154} INFO - [2023-11-19T23:20:57.041+0000] {dag.py:2941} INFO - Sync 2 DAGs
[2023-11-19T23:20:57.043+0000] {logging_mixin.py:154} INFO - [2023-11-19T23:20:57.043+0000] {dag.py:3722} INFO - Setting next_dagrun for example_subdag_operator.section-1 to None, run_after=None
[2023-11-19T23:20:57.043+0000] {logging_mixin.py:154} INFO - [2023-11-19T23:20:57.043+0000] {dag.py:3722} INFO - Setting next_dagrun for example_subdag_operator.section-2 to None, run_after=None
[2023-11-19T23:20:57.047+0000] {processor.py:179} INFO - Processing /home/airflow/.local/lib/python3.8/site-packages/airflow/example_dags/example_subdag_operator.py took 0.063 seconds
[2023-11-19T23:21:27.645+0000] {processor.py:157} INFO - Started process (PID=152) to work on /home/airflow/.local/lib/python3.8/site-packages/airflow/example_dags/example_subdag_operator.py
[2023-11-19T23:21:27.647+0000] {processor.py:829} INFO - Processing file /home/airflow/.local/lib/python3.8/site-packages/airflow/example_dags/example_subdag_operator.py for tasks to queue
[2023-11-19T23:21:27.650+0000] {logging_mixin.py:154} INFO - [2023-11-19T23:21:27.649+0000] {dagbag.py:536} INFO - Filling up the DagBag from /home/airflow/.local/lib/python3.8/site-packages/airflow/example_dags/example_subdag_operator.py
[2023-11-19T23:21:27.669+0000] {processor.py:839} INFO - DAG(s) dict_keys(['example_subdag_operator.section-1', 'example_subdag_operator.section-2', 'example_subdag_operator']) retrieved from /home/airflow/.local/lib/python3.8/site-packages/airflow/example_dags/example_subdag_operator.py
[2023-11-19T23:21:27.677+0000] {logging_mixin.py:154} INFO - [2023-11-19T23:21:27.677+0000] {dag.py:2941} INFO - Sync 3 DAGs
[2023-11-19T23:21:27.688+0000] {logging_mixin.py:154} INFO - [2023-11-19T23:21:27.688+0000] {dag.py:3722} INFO - Setting next_dagrun for example_subdag_operator to 2022-01-01T00:00:00+00:00, run_after=2022-01-01T00:00:00+00:00
[2023-11-19T23:21:27.689+0000] {logging_mixin.py:154} INFO - [2023-11-19T23:21:27.689+0000] {dag.py:3722} INFO - Setting next_dagrun for example_subdag_operator.section-1 to None, run_after=None
[2023-11-19T23:21:27.690+0000] {logging_mixin.py:154} INFO - [2023-11-19T23:21:27.690+0000] {dag.py:3722} INFO - Setting next_dagrun for example_subdag_operator.section-2 to None, run_after=None
[2023-11-19T23:21:27.693+0000] {logging_mixin.py:154} INFO - [2023-11-19T23:21:27.693+0000] {dag.py:2941} INFO - Sync 2 DAGs
[2023-11-19T23:21:27.695+0000] {logging_mixin.py:154} INFO - [2023-11-19T23:21:27.695+0000] {dag.py:3722} INFO - Setting next_dagrun for example_subdag_operator.section-1 to None, run_after=None
[2023-11-19T23:21:27.695+0000] {logging_mixin.py:154} INFO - [2023-11-19T23:21:27.695+0000] {dag.py:3722} INFO - Setting next_dagrun for example_subdag_operator.section-2 to None, run_after=None
[2023-11-19T23:21:27.699+0000] {processor.py:179} INFO - Processing /home/airflow/.local/lib/python3.8/site-packages/airflow/example_dags/example_subdag_operator.py took 0.059 seconds
[2023-11-19T23:21:58.107+0000] {processor.py:157} INFO - Started process (PID=206) to work on /home/airflow/.local/lib/python3.8/site-packages/airflow/example_dags/example_subdag_operator.py
[2023-11-19T23:21:58.109+0000] {processor.py:829} INFO - Processing file /home/airflow/.local/lib/python3.8/site-packages/airflow/example_dags/example_subdag_operator.py for tasks to queue
[2023-11-19T23:21:58.111+0000] {logging_mixin.py:154} INFO - [2023-11-19T23:21:58.111+0000] {dagbag.py:536} INFO - Filling up the DagBag from /home/airflow/.local/lib/python3.8/site-packages/airflow/example_dags/example_subdag_operator.py
[2023-11-19T23:21:58.131+0000] {processor.py:839} INFO - DAG(s) dict_keys(['example_subdag_operator.section-1', 'example_subdag_operator.section-2', 'example_subdag_operator']) retrieved from /home/airflow/.local/lib/python3.8/site-packages/airflow/example_dags/example_subdag_operator.py
[2023-11-19T23:21:58.140+0000] {logging_mixin.py:154} INFO - [2023-11-19T23:21:58.140+0000] {dag.py:2941} INFO - Sync 3 DAGs
[2023-11-19T23:21:58.150+0000] {logging_mixin.py:154} INFO - [2023-11-19T23:21:58.150+0000] {dag.py:3722} INFO - Setting next_dagrun for example_subdag_operator to 2022-01-01T00:00:00+00:00, run_after=2022-01-01T00:00:00+00:00
[2023-11-19T23:21:58.152+0000] {logging_mixin.py:154} INFO - [2023-11-19T23:21:58.152+0000] {dag.py:3722} INFO - Setting next_dagrun for example_subdag_operator.section-1 to None, run_after=None
[2023-11-19T23:21:58.152+0000] {logging_mixin.py:154} INFO - [2023-11-19T23:21:58.152+0000] {dag.py:3722} INFO - Setting next_dagrun for example_subdag_operator.section-2 to None, run_after=None
[2023-11-19T23:21:58.155+0000] {logging_mixin.py:154} INFO - [2023-11-19T23:21:58.155+0000] {dag.py:2941} INFO - Sync 2 DAGs
[2023-11-19T23:21:58.157+0000] {logging_mixin.py:154} INFO - [2023-11-19T23:21:58.157+0000] {dag.py:3722} INFO - Setting next_dagrun for example_subdag_operator.section-1 to None, run_after=None
[2023-11-19T23:21:58.158+0000] {logging_mixin.py:154} INFO - [2023-11-19T23:21:58.158+0000] {dag.py:3722} INFO - Setting next_dagrun for example_subdag_operator.section-2 to None, run_after=None
[2023-11-19T23:21:58.162+0000] {processor.py:179} INFO - Processing /home/airflow/.local/lib/python3.8/site-packages/airflow/example_dags/example_subdag_operator.py took 0.059 seconds
[2023-11-19T23:22:28.570+0000] {processor.py:157} INFO - Started process (PID=260) to work on /home/airflow/.local/lib/python3.8/site-packages/airflow/example_dags/example_subdag_operator.py
[2023-11-19T23:22:28.572+0000] {processor.py:829} INFO - Processing file /home/airflow/.local/lib/python3.8/site-packages/airflow/example_dags/example_subdag_operator.py for tasks to queue
[2023-11-19T23:22:28.575+0000] {logging_mixin.py:154} INFO - [2023-11-19T23:22:28.574+0000] {dagbag.py:536} INFO - Filling up the DagBag from /home/airflow/.local/lib/python3.8/site-packages/airflow/example_dags/example_subdag_operator.py
[2023-11-19T23:22:28.598+0000] {processor.py:839} INFO - DAG(s) dict_keys(['example_subdag_operator.section-1', 'example_subdag_operator.section-2', 'example_subdag_operator']) retrieved from /home/airflow/.local/lib/python3.8/site-packages/airflow/example_dags/example_subdag_operator.py
[2023-11-19T23:22:28.607+0000] {logging_mixin.py:154} INFO - [2023-11-19T23:22:28.607+0000] {dag.py:2941} INFO - Sync 3 DAGs
[2023-11-19T23:22:28.618+0000] {logging_mixin.py:154} INFO - [2023-11-19T23:22:28.617+0000] {dag.py:3722} INFO - Setting next_dagrun for example_subdag_operator to 2022-01-01T00:00:00+00:00, run_after=2022-01-01T00:00:00+00:00
[2023-11-19T23:22:28.620+0000] {logging_mixin.py:154} INFO - [2023-11-19T23:22:28.620+0000] {dag.py:3722} INFO - Setting next_dagrun for example_subdag_operator.section-1 to None, run_after=None
[2023-11-19T23:22:28.621+0000] {logging_mixin.py:154} INFO - [2023-11-19T23:22:28.621+0000] {dag.py:3722} INFO - Setting next_dagrun for example_subdag_operator.section-2 to None, run_after=None
[2023-11-19T23:22:28.624+0000] {logging_mixin.py:154} INFO - [2023-11-19T23:22:28.624+0000] {dag.py:2941} INFO - Sync 2 DAGs
[2023-11-19T23:22:28.627+0000] {logging_mixin.py:154} INFO - [2023-11-19T23:22:28.627+0000] {dag.py:3722} INFO - Setting next_dagrun for example_subdag_operator.section-1 to None, run_after=None
[2023-11-19T23:22:28.627+0000] {logging_mixin.py:154} INFO - [2023-11-19T23:22:28.627+0000] {dag.py:3722} INFO - Setting next_dagrun for example_subdag_operator.section-2 to None, run_after=None
[2023-11-19T23:22:28.631+0000] {processor.py:179} INFO - Processing /home/airflow/.local/lib/python3.8/site-packages/airflow/example_dags/example_subdag_operator.py took 0.066 seconds
[2023-11-19T23:22:59.029+0000] {processor.py:157} INFO - Started process (PID=314) to work on /home/airflow/.local/lib/python3.8/site-packages/airflow/example_dags/example_subdag_operator.py
[2023-11-19T23:22:59.030+0000] {processor.py:829} INFO - Processing file /home/airflow/.local/lib/python3.8/site-packages/airflow/example_dags/example_subdag_operator.py for tasks to queue
[2023-11-19T23:22:59.033+0000] {logging_mixin.py:154} INFO - [2023-11-19T23:22:59.033+0000] {dagbag.py:536} INFO - Filling up the DagBag from /home/airflow/.local/lib/python3.8/site-packages/airflow/example_dags/example_subdag_operator.py
[2023-11-19T23:22:59.052+0000] {processor.py:839} INFO - DAG(s) dict_keys(['example_subdag_operator.section-1', 'example_subdag_operator.section-2', 'example_subdag_operator']) retrieved from /home/airflow/.local/lib/python3.8/site-packages/airflow/example_dags/example_subdag_operator.py
[2023-11-19T23:22:59.060+0000] {logging_mixin.py:154} INFO - [2023-11-19T23:22:59.060+0000] {dag.py:2941} INFO - Sync 3 DAGs
[2023-11-19T23:22:59.071+0000] {logging_mixin.py:154} INFO - [2023-11-19T23:22:59.071+0000] {dag.py:3722} INFO - Setting next_dagrun for example_subdag_operator to 2022-01-01T00:00:00+00:00, run_after=2022-01-01T00:00:00+00:00
[2023-11-19T23:22:59.072+0000] {logging_mixin.py:154} INFO - [2023-11-19T23:22:59.072+0000] {dag.py:3722} INFO - Setting next_dagrun for example_subdag_operator.section-1 to None, run_after=None
[2023-11-19T23:22:59.073+0000] {logging_mixin.py:154} INFO - [2023-11-19T23:22:59.073+0000] {dag.py:3722} INFO - Setting next_dagrun for example_subdag_operator.section-2 to None, run_after=None
[2023-11-19T23:22:59.076+0000] {logging_mixin.py:154} INFO - [2023-11-19T23:22:59.076+0000] {dag.py:2941} INFO - Sync 2 DAGs
[2023-11-19T23:22:59.078+0000] {logging_mixin.py:154} INFO - [2023-11-19T23:22:59.078+0000] {dag.py:3722} INFO - Setting next_dagrun for example_subdag_operator.section-1 to None, run_after=None
[2023-11-19T23:22:59.078+0000] {logging_mixin.py:154} INFO - [2023-11-19T23:22:59.078+0000] {dag.py:3722} INFO - Setting next_dagrun for example_subdag_operator.section-2 to None, run_after=None
[2023-11-19T23:22:59.082+0000] {processor.py:179} INFO - Processing /home/airflow/.local/lib/python3.8/site-packages/airflow/example_dags/example_subdag_operator.py took 0.058 seconds
[2023-11-19T23:23:29.400+0000] {processor.py:157} INFO - Started process (PID=368) to work on /home/airflow/.local/lib/python3.8/site-packages/airflow/example_dags/example_subdag_operator.py
[2023-11-19T23:23:29.402+0000] {processor.py:829} INFO - Processing file /home/airflow/.local/lib/python3.8/site-packages/airflow/example_dags/example_subdag_operator.py for tasks to queue
[2023-11-19T23:23:29.405+0000] {logging_mixin.py:154} INFO - [2023-11-19T23:23:29.405+0000] {dagbag.py:536} INFO - Filling up the DagBag from /home/airflow/.local/lib/python3.8/site-packages/airflow/example_dags/example_subdag_operator.py
[2023-11-19T23:23:29.425+0000] {processor.py:839} INFO - DAG(s) dict_keys(['example_subdag_operator.section-1', 'example_subdag_operator.section-2', 'example_subdag_operator']) retrieved from /home/airflow/.local/lib/python3.8/site-packages/airflow/example_dags/example_subdag_operator.py
[2023-11-19T23:23:29.434+0000] {logging_mixin.py:154} INFO - [2023-11-19T23:23:29.434+0000] {dag.py:2941} INFO - Sync 3 DAGs
[2023-11-19T23:23:29.444+0000] {logging_mixin.py:154} INFO - [2023-11-19T23:23:29.444+0000] {dag.py:3722} INFO - Setting next_dagrun for example_subdag_operator to 2022-01-01T00:00:00+00:00, run_after=2022-01-01T00:00:00+00:00
[2023-11-19T23:23:29.446+0000] {logging_mixin.py:154} INFO - [2023-11-19T23:23:29.446+0000] {dag.py:3722} INFO - Setting next_dagrun for example_subdag_operator.section-1 to None, run_after=None
[2023-11-19T23:23:29.447+0000] {logging_mixin.py:154} INFO - [2023-11-19T23:23:29.447+0000] {dag.py:3722} INFO - Setting next_dagrun for example_subdag_operator.section-2 to None, run_after=None
[2023-11-19T23:23:29.450+0000] {logging_mixin.py:154} INFO - [2023-11-19T23:23:29.450+0000] {dag.py:2941} INFO - Sync 2 DAGs
[2023-11-19T23:23:29.452+0000] {logging_mixin.py:154} INFO - [2023-11-19T23:23:29.452+0000] {dag.py:3722} INFO - Setting next_dagrun for example_subdag_operator.section-1 to None, run_after=None
[2023-11-19T23:23:29.452+0000] {logging_mixin.py:154} INFO - [2023-11-19T23:23:29.452+0000] {dag.py:3722} INFO - Setting next_dagrun for example_subdag_operator.section-2 to None, run_after=None
[2023-11-19T23:23:29.457+0000] {processor.py:179} INFO - Processing /home/airflow/.local/lib/python3.8/site-packages/airflow/example_dags/example_subdag_operator.py took 0.061 seconds
[2023-11-19T23:23:59.832+0000] {processor.py:157} INFO - Started process (PID=422) to work on /home/airflow/.local/lib/python3.8/site-packages/airflow/example_dags/example_subdag_operator.py
[2023-11-19T23:23:59.834+0000] {processor.py:829} INFO - Processing file /home/airflow/.local/lib/python3.8/site-packages/airflow/example_dags/example_subdag_operator.py for tasks to queue
[2023-11-19T23:23:59.837+0000] {logging_mixin.py:154} INFO - [2023-11-19T23:23:59.837+0000] {dagbag.py:536} INFO - Filling up the DagBag from /home/airflow/.local/lib/python3.8/site-packages/airflow/example_dags/example_subdag_operator.py
[2023-11-19T23:23:59.860+0000] {processor.py:839} INFO - DAG(s) dict_keys(['example_subdag_operator.section-1', 'example_subdag_operator.section-2', 'example_subdag_operator']) retrieved from /home/airflow/.local/lib/python3.8/site-packages/airflow/example_dags/example_subdag_operator.py
[2023-11-19T23:23:59.869+0000] {logging_mixin.py:154} INFO - [2023-11-19T23:23:59.869+0000] {dag.py:2941} INFO - Sync 3 DAGs
[2023-11-19T23:23:59.879+0000] {logging_mixin.py:154} INFO - [2023-11-19T23:23:59.879+0000] {dag.py:3722} INFO - Setting next_dagrun for example_subdag_operator to 2022-01-01T00:00:00+00:00, run_after=2022-01-01T00:00:00+00:00
[2023-11-19T23:23:59.881+0000] {logging_mixin.py:154} INFO - [2023-11-19T23:23:59.881+0000] {dag.py:3722} INFO - Setting next_dagrun for example_subdag_operator.section-1 to None, run_after=None
[2023-11-19T23:23:59.881+0000] {logging_mixin.py:154} INFO - [2023-11-19T23:23:59.881+0000] {dag.py:3722} INFO - Setting next_dagrun for example_subdag_operator.section-2 to None, run_after=None
[2023-11-19T23:23:59.884+0000] {logging_mixin.py:154} INFO - [2023-11-19T23:23:59.884+0000] {dag.py:2941} INFO - Sync 2 DAGs
[2023-11-19T23:23:59.887+0000] {logging_mixin.py:154} INFO - [2023-11-19T23:23:59.887+0000] {dag.py:3722} INFO - Setting next_dagrun for example_subdag_operator.section-1 to None, run_after=None
[2023-11-19T23:23:59.887+0000] {logging_mixin.py:154} INFO - [2023-11-19T23:23:59.887+0000] {dag.py:3722} INFO - Setting next_dagrun for example_subdag_operator.section-2 to None, run_after=None
[2023-11-19T23:23:59.891+0000] {processor.py:179} INFO - Processing /home/airflow/.local/lib/python3.8/site-packages/airflow/example_dags/example_subdag_operator.py took 0.065 seconds
[2023-11-19T23:24:30.327+0000] {processor.py:157} INFO - Started process (PID=476) to work on /home/airflow/.local/lib/python3.8/site-packages/airflow/example_dags/example_subdag_operator.py
[2023-11-19T23:24:30.328+0000] {processor.py:829} INFO - Processing file /home/airflow/.local/lib/python3.8/site-packages/airflow/example_dags/example_subdag_operator.py for tasks to queue
[2023-11-19T23:24:30.331+0000] {logging_mixin.py:154} INFO - [2023-11-19T23:24:30.331+0000] {dagbag.py:536} INFO - Filling up the DagBag from /home/airflow/.local/lib/python3.8/site-packages/airflow/example_dags/example_subdag_operator.py
[2023-11-19T23:24:30.352+0000] {processor.py:839} INFO - DAG(s) dict_keys(['example_subdag_operator.section-1', 'example_subdag_operator.section-2', 'example_subdag_operator']) retrieved from /home/airflow/.local/lib/python3.8/site-packages/airflow/example_dags/example_subdag_operator.py
[2023-11-19T23:24:30.361+0000] {logging_mixin.py:154} INFO - [2023-11-19T23:24:30.361+0000] {dag.py:2941} INFO - Sync 3 DAGs
[2023-11-19T23:24:30.371+0000] {logging_mixin.py:154} INFO - [2023-11-19T23:24:30.371+0000] {dag.py:3722} INFO - Setting next_dagrun for example_subdag_operator to 2022-01-01T00:00:00+00:00, run_after=2022-01-01T00:00:00+00:00
[2023-11-19T23:24:30.373+0000] {logging_mixin.py:154} INFO - [2023-11-19T23:24:30.373+0000] {dag.py:3722} INFO - Setting next_dagrun for example_subdag_operator.section-1 to None, run_after=None
[2023-11-19T23:24:30.374+0000] {logging_mixin.py:154} INFO - [2023-11-19T23:24:30.373+0000] {dag.py:3722} INFO - Setting next_dagrun for example_subdag_operator.section-2 to None, run_after=None
[2023-11-19T23:24:30.377+0000] {logging_mixin.py:154} INFO - [2023-11-19T23:24:30.377+0000] {dag.py:2941} INFO - Sync 2 DAGs
[2023-11-19T23:24:30.379+0000] {logging_mixin.py:154} INFO - [2023-11-19T23:24:30.379+0000] {dag.py:3722} INFO - Setting next_dagrun for example_subdag_operator.section-1 to None, run_after=None
[2023-11-19T23:24:30.379+0000] {logging_mixin.py:154} INFO - [2023-11-19T23:24:30.379+0000] {dag.py:3722} INFO - Setting next_dagrun for example_subdag_operator.section-2 to None, run_after=None
[2023-11-19T23:24:30.383+0000] {processor.py:179} INFO - Processing /home/airflow/.local/lib/python3.8/site-packages/airflow/example_dags/example_subdag_operator.py took 0.061 seconds
[2023-11-19T23:25:00.815+0000] {processor.py:157} INFO - Started process (PID=530) to work on /home/airflow/.local/lib/python3.8/site-packages/airflow/example_dags/example_subdag_operator.py
[2023-11-19T23:25:00.817+0000] {processor.py:829} INFO - Processing file /home/airflow/.local/lib/python3.8/site-packages/airflow/example_dags/example_subdag_operator.py for tasks to queue
[2023-11-19T23:25:00.820+0000] {logging_mixin.py:154} INFO - [2023-11-19T23:25:00.820+0000] {dagbag.py:536} INFO - Filling up the DagBag from /home/airflow/.local/lib/python3.8/site-packages/airflow/example_dags/example_subdag_operator.py
[2023-11-19T23:25:00.841+0000] {processor.py:839} INFO - DAG(s) dict_keys(['example_subdag_operator.section-1', 'example_subdag_operator.section-2', 'example_subdag_operator']) retrieved from /home/airflow/.local/lib/python3.8/site-packages/airflow/example_dags/example_subdag_operator.py
[2023-11-19T23:25:00.850+0000] {logging_mixin.py:154} INFO - [2023-11-19T23:25:00.849+0000] {dag.py:2941} INFO - Sync 3 DAGs
[2023-11-19T23:25:00.861+0000] {logging_mixin.py:154} INFO - [2023-11-19T23:25:00.861+0000] {dag.py:3722} INFO - Setting next_dagrun for example_subdag_operator to 2022-01-01T00:00:00+00:00, run_after=2022-01-01T00:00:00+00:00
[2023-11-19T23:25:00.862+0000] {logging_mixin.py:154} INFO - [2023-11-19T23:25:00.862+0000] {dag.py:3722} INFO - Setting next_dagrun for example_subdag_operator.section-1 to None, run_after=None
[2023-11-19T23:25:00.863+0000] {logging_mixin.py:154} INFO - [2023-11-19T23:25:00.863+0000] {dag.py:3722} INFO - Setting next_dagrun for example_subdag_operator.section-2 to None, run_after=None
[2023-11-19T23:25:00.866+0000] {logging_mixin.py:154} INFO - [2023-11-19T23:25:00.866+0000] {dag.py:2941} INFO - Sync 2 DAGs
[2023-11-19T23:25:00.868+0000] {logging_mixin.py:154} INFO - [2023-11-19T23:25:00.868+0000] {dag.py:3722} INFO - Setting next_dagrun for example_subdag_operator.section-1 to None, run_after=None
[2023-11-19T23:25:00.868+0000] {logging_mixin.py:154} INFO - [2023-11-19T23:25:00.868+0000] {dag.py:3722} INFO - Setting next_dagrun for example_subdag_operator.section-2 to None, run_after=None
[2023-11-19T23:25:00.872+0000] {processor.py:179} INFO - Processing /home/airflow/.local/lib/python3.8/site-packages/airflow/example_dags/example_subdag_operator.py took 0.062 seconds
[2023-11-19T23:25:31.345+0000] {processor.py:157} INFO - Started process (PID=584) to work on /home/airflow/.local/lib/python3.8/site-packages/airflow/example_dags/example_subdag_operator.py
[2023-11-19T23:25:31.347+0000] {processor.py:829} INFO - Processing file /home/airflow/.local/lib/python3.8/site-packages/airflow/example_dags/example_subdag_operator.py for tasks to queue
[2023-11-19T23:25:31.351+0000] {logging_mixin.py:154} INFO - [2023-11-19T23:25:31.350+0000] {dagbag.py:536} INFO - Filling up the DagBag from /home/airflow/.local/lib/python3.8/site-packages/airflow/example_dags/example_subdag_operator.py
[2023-11-19T23:25:31.375+0000] {processor.py:839} INFO - DAG(s) dict_keys(['example_subdag_operator.section-1', 'example_subdag_operator.section-2', 'example_subdag_operator']) retrieved from /home/airflow/.local/lib/python3.8/site-packages/airflow/example_dags/example_subdag_operator.py
[2023-11-19T23:25:31.385+0000] {logging_mixin.py:154} INFO - [2023-11-19T23:25:31.384+0000] {dag.py:2941} INFO - Sync 3 DAGs
[2023-11-19T23:25:31.396+0000] {logging_mixin.py:154} INFO - [2023-11-19T23:25:31.396+0000] {dag.py:3722} INFO - Setting next_dagrun for example_subdag_operator to 2022-01-01T00:00:00+00:00, run_after=2022-01-01T00:00:00+00:00
[2023-11-19T23:25:31.398+0000] {logging_mixin.py:154} INFO - [2023-11-19T23:25:31.398+0000] {dag.py:3722} INFO - Setting next_dagrun for example_subdag_operator.section-1 to None, run_after=None
[2023-11-19T23:25:31.399+0000] {logging_mixin.py:154} INFO - [2023-11-19T23:25:31.399+0000] {dag.py:3722} INFO - Setting next_dagrun for example_subdag_operator.section-2 to None, run_after=None
[2023-11-19T23:25:31.402+0000] {logging_mixin.py:154} INFO - [2023-11-19T23:25:31.402+0000] {dag.py:2941} INFO - Sync 2 DAGs
[2023-11-19T23:25:31.405+0000] {logging_mixin.py:154} INFO - [2023-11-19T23:25:31.405+0000] {dag.py:3722} INFO - Setting next_dagrun for example_subdag_operator.section-1 to None, run_after=None
[2023-11-19T23:25:31.406+0000] {logging_mixin.py:154} INFO - [2023-11-19T23:25:31.406+0000] {dag.py:3722} INFO - Setting next_dagrun for example_subdag_operator.section-2 to None, run_after=None
[2023-11-19T23:25:31.410+0000] {processor.py:179} INFO - Processing /home/airflow/.local/lib/python3.8/site-packages/airflow/example_dags/example_subdag_operator.py took 0.070 seconds
[2023-11-19T23:31:22.624+0000] {processor.py:157} INFO - Started process (PID=45) to work on /home/airflow/.local/lib/python3.8/site-packages/airflow/example_dags/example_subdag_operator.py
[2023-11-19T23:31:22.625+0000] {processor.py:829} INFO - Processing file /home/airflow/.local/lib/python3.8/site-packages/airflow/example_dags/example_subdag_operator.py for tasks to queue
[2023-11-19T23:31:22.626+0000] {logging_mixin.py:154} INFO - [2023-11-19T23:31:22.626+0000] {dagbag.py:536} INFO - Filling up the DagBag from /home/airflow/.local/lib/python3.8/site-packages/airflow/example_dags/example_subdag_operator.py
[2023-11-19T23:31:22.642+0000] {processor.py:839} INFO - DAG(s) dict_keys(['example_subdag_operator.section-1', 'example_subdag_operator.section-2', 'example_subdag_operator']) retrieved from /home/airflow/.local/lib/python3.8/site-packages/airflow/example_dags/example_subdag_operator.py
[2023-11-19T23:31:22.696+0000] {logging_mixin.py:154} INFO - [2023-11-19T23:31:22.696+0000] {manager.py:499} INFO - Created Permission View: %s
[2023-11-19T23:31:22.701+0000] {logging_mixin.py:154} INFO - [2023-11-19T23:31:22.701+0000] {manager.py:499} INFO - Created Permission View: %s
[2023-11-19T23:31:22.703+0000] {logging_mixin.py:154} INFO - [2023-11-19T23:31:22.703+0000] {manager.py:499} INFO - Created Permission View: %s
[2023-11-19T23:31:22.703+0000] {logging_mixin.py:154} INFO - [2023-11-19T23:31:22.703+0000] {dag.py:2941} INFO - Sync 3 DAGs
[2023-11-19T23:31:22.709+0000] {logging_mixin.py:154} INFO - [2023-11-19T23:31:22.709+0000] {dag.py:2963} INFO - Creating ORM DAG for example_subdag_operator.section-1
[2023-11-19T23:31:22.710+0000] {logging_mixin.py:154} INFO - [2023-11-19T23:31:22.710+0000] {dag.py:2963} INFO - Creating ORM DAG for example_subdag_operator.section-2
[2023-11-19T23:31:22.710+0000] {logging_mixin.py:154} INFO - [2023-11-19T23:31:22.710+0000] {dag.py:2963} INFO - Creating ORM DAG for example_subdag_operator
[2023-11-19T23:31:22.714+0000] {logging_mixin.py:154} INFO - [2023-11-19T23:31:22.714+0000] {dag.py:3722} INFO - Setting next_dagrun for example_subdag_operator to 2022-01-01T00:00:00+00:00, run_after=2022-01-01T00:00:00+00:00
[2023-11-19T23:31:22.715+0000] {logging_mixin.py:154} INFO - [2023-11-19T23:31:22.715+0000] {dag.py:3722} INFO - Setting next_dagrun for example_subdag_operator.section-1 to None, run_after=None
[2023-11-19T23:31:22.715+0000] {logging_mixin.py:154} INFO - [2023-11-19T23:31:22.715+0000] {dag.py:3722} INFO - Setting next_dagrun for example_subdag_operator.section-2 to None, run_after=None
[2023-11-19T23:31:22.719+0000] {logging_mixin.py:154} INFO - [2023-11-19T23:31:22.719+0000] {dag.py:2941} INFO - Sync 2 DAGs
[2023-11-19T23:31:22.721+0000] {logging_mixin.py:154} INFO - [2023-11-19T23:31:22.721+0000] {dag.py:3722} INFO - Setting next_dagrun for example_subdag_operator.section-1 to None, run_after=None
[2023-11-19T23:31:22.723+0000] {logging_mixin.py:154} INFO - [2023-11-19T23:31:22.723+0000] {dag.py:3722} INFO - Setting next_dagrun for example_subdag_operator.section-2 to None, run_after=None
[2023-11-19T23:31:22.727+0000] {processor.py:179} INFO - Processing /home/airflow/.local/lib/python3.8/site-packages/airflow/example_dags/example_subdag_operator.py took 0.106 seconds
[2023-11-19T23:31:53.717+0000] {processor.py:157} INFO - Started process (PID=99) to work on /home/airflow/.local/lib/python3.8/site-packages/airflow/example_dags/example_subdag_operator.py
[2023-11-19T23:31:53.719+0000] {processor.py:829} INFO - Processing file /home/airflow/.local/lib/python3.8/site-packages/airflow/example_dags/example_subdag_operator.py for tasks to queue
[2023-11-19T23:31:53.722+0000] {logging_mixin.py:154} INFO - [2023-11-19T23:31:53.721+0000] {dagbag.py:536} INFO - Filling up the DagBag from /home/airflow/.local/lib/python3.8/site-packages/airflow/example_dags/example_subdag_operator.py
[2023-11-19T23:31:53.747+0000] {processor.py:839} INFO - DAG(s) dict_keys(['example_subdag_operator.section-1', 'example_subdag_operator.section-2', 'example_subdag_operator']) retrieved from /home/airflow/.local/lib/python3.8/site-packages/airflow/example_dags/example_subdag_operator.py
[2023-11-19T23:31:53.756+0000] {logging_mixin.py:154} INFO - [2023-11-19T23:31:53.756+0000] {dag.py:2941} INFO - Sync 3 DAGs
[2023-11-19T23:31:53.770+0000] {logging_mixin.py:154} INFO - [2023-11-19T23:31:53.769+0000] {dag.py:3722} INFO - Setting next_dagrun for example_subdag_operator to 2022-01-01T00:00:00+00:00, run_after=2022-01-01T00:00:00+00:00
[2023-11-19T23:31:53.772+0000] {logging_mixin.py:154} INFO - [2023-11-19T23:31:53.772+0000] {dag.py:3722} INFO - Setting next_dagrun for example_subdag_operator.section-1 to None, run_after=None
[2023-11-19T23:31:53.773+0000] {logging_mixin.py:154} INFO - [2023-11-19T23:31:53.772+0000] {dag.py:3722} INFO - Setting next_dagrun for example_subdag_operator.section-2 to None, run_after=None
[2023-11-19T23:31:53.776+0000] {logging_mixin.py:154} INFO - [2023-11-19T23:31:53.776+0000] {dag.py:2941} INFO - Sync 2 DAGs
[2023-11-19T23:31:53.779+0000] {logging_mixin.py:154} INFO - [2023-11-19T23:31:53.778+0000] {dag.py:3722} INFO - Setting next_dagrun for example_subdag_operator.section-1 to None, run_after=None
[2023-11-19T23:31:53.779+0000] {logging_mixin.py:154} INFO - [2023-11-19T23:31:53.779+0000] {dag.py:3722} INFO - Setting next_dagrun for example_subdag_operator.section-2 to None, run_after=None
[2023-11-19T23:31:53.784+0000] {processor.py:179} INFO - Processing /home/airflow/.local/lib/python3.8/site-packages/airflow/example_dags/example_subdag_operator.py took 0.072 seconds
[2023-11-19T23:32:24.272+0000] {processor.py:157} INFO - Started process (PID=153) to work on /home/airflow/.local/lib/python3.8/site-packages/airflow/example_dags/example_subdag_operator.py
[2023-11-19T23:32:24.275+0000] {processor.py:829} INFO - Processing file /home/airflow/.local/lib/python3.8/site-packages/airflow/example_dags/example_subdag_operator.py for tasks to queue
[2023-11-19T23:32:24.278+0000] {logging_mixin.py:154} INFO - [2023-11-19T23:32:24.278+0000] {dagbag.py:536} INFO - Filling up the DagBag from /home/airflow/.local/lib/python3.8/site-packages/airflow/example_dags/example_subdag_operator.py
[2023-11-19T23:32:24.303+0000] {processor.py:839} INFO - DAG(s) dict_keys(['example_subdag_operator.section-1', 'example_subdag_operator.section-2', 'example_subdag_operator']) retrieved from /home/airflow/.local/lib/python3.8/site-packages/airflow/example_dags/example_subdag_operator.py
[2023-11-19T23:32:24.312+0000] {logging_mixin.py:154} INFO - [2023-11-19T23:32:24.312+0000] {dag.py:2941} INFO - Sync 3 DAGs
[2023-11-19T23:32:24.323+0000] {logging_mixin.py:154} INFO - [2023-11-19T23:32:24.323+0000] {dag.py:3722} INFO - Setting next_dagrun for example_subdag_operator to 2022-01-01T00:00:00+00:00, run_after=2022-01-01T00:00:00+00:00
[2023-11-19T23:32:24.325+0000] {logging_mixin.py:154} INFO - [2023-11-19T23:32:24.325+0000] {dag.py:3722} INFO - Setting next_dagrun for example_subdag_operator.section-1 to None, run_after=None
[2023-11-19T23:32:24.326+0000] {logging_mixin.py:154} INFO - [2023-11-19T23:32:24.326+0000] {dag.py:3722} INFO - Setting next_dagrun for example_subdag_operator.section-2 to None, run_after=None
[2023-11-19T23:32:24.329+0000] {logging_mixin.py:154} INFO - [2023-11-19T23:32:24.329+0000] {dag.py:2941} INFO - Sync 2 DAGs
[2023-11-19T23:32:24.331+0000] {logging_mixin.py:154} INFO - [2023-11-19T23:32:24.331+0000] {dag.py:3722} INFO - Setting next_dagrun for example_subdag_operator.section-1 to None, run_after=None
[2023-11-19T23:32:24.331+0000] {logging_mixin.py:154} INFO - [2023-11-19T23:32:24.331+0000] {dag.py:3722} INFO - Setting next_dagrun for example_subdag_operator.section-2 to None, run_after=None
[2023-11-19T23:32:24.336+0000] {processor.py:179} INFO - Processing /home/airflow/.local/lib/python3.8/site-packages/airflow/example_dags/example_subdag_operator.py took 0.069 seconds
[2023-11-19T23:32:54.755+0000] {processor.py:157} INFO - Started process (PID=207) to work on /home/airflow/.local/lib/python3.8/site-packages/airflow/example_dags/example_subdag_operator.py
[2023-11-19T23:32:54.757+0000] {processor.py:829} INFO - Processing file /home/airflow/.local/lib/python3.8/site-packages/airflow/example_dags/example_subdag_operator.py for tasks to queue
[2023-11-19T23:32:54.760+0000] {logging_mixin.py:154} INFO - [2023-11-19T23:32:54.760+0000] {dagbag.py:536} INFO - Filling up the DagBag from /home/airflow/.local/lib/python3.8/site-packages/airflow/example_dags/example_subdag_operator.py
[2023-11-19T23:32:54.786+0000] {processor.py:839} INFO - DAG(s) dict_keys(['example_subdag_operator.section-1', 'example_subdag_operator.section-2', 'example_subdag_operator']) retrieved from /home/airflow/.local/lib/python3.8/site-packages/airflow/example_dags/example_subdag_operator.py
[2023-11-19T23:32:54.796+0000] {logging_mixin.py:154} INFO - [2023-11-19T23:32:54.795+0000] {dag.py:2941} INFO - Sync 3 DAGs
[2023-11-19T23:32:54.807+0000] {logging_mixin.py:154} INFO - [2023-11-19T23:32:54.807+0000] {dag.py:3722} INFO - Setting next_dagrun for example_subdag_operator to 2022-01-01T00:00:00+00:00, run_after=2022-01-01T00:00:00+00:00
[2023-11-19T23:32:54.809+0000] {logging_mixin.py:154} INFO - [2023-11-19T23:32:54.809+0000] {dag.py:3722} INFO - Setting next_dagrun for example_subdag_operator.section-1 to None, run_after=None
[2023-11-19T23:32:54.810+0000] {logging_mixin.py:154} INFO - [2023-11-19T23:32:54.810+0000] {dag.py:3722} INFO - Setting next_dagrun for example_subdag_operator.section-2 to None, run_after=None
[2023-11-19T23:32:54.813+0000] {logging_mixin.py:154} INFO - [2023-11-19T23:32:54.813+0000] {dag.py:2941} INFO - Sync 2 DAGs
[2023-11-19T23:32:54.815+0000] {logging_mixin.py:154} INFO - [2023-11-19T23:32:54.815+0000] {dag.py:3722} INFO - Setting next_dagrun for example_subdag_operator.section-1 to None, run_after=None
[2023-11-19T23:32:54.815+0000] {logging_mixin.py:154} INFO - [2023-11-19T23:32:54.815+0000] {dag.py:3722} INFO - Setting next_dagrun for example_subdag_operator.section-2 to None, run_after=None
[2023-11-19T23:32:54.819+0000] {processor.py:179} INFO - Processing /home/airflow/.local/lib/python3.8/site-packages/airflow/example_dags/example_subdag_operator.py took 0.072 seconds
[2023-11-19T23:33:25.222+0000] {processor.py:157} INFO - Started process (PID=261) to work on /home/airflow/.local/lib/python3.8/site-packages/airflow/example_dags/example_subdag_operator.py
[2023-11-19T23:33:25.224+0000] {processor.py:829} INFO - Processing file /home/airflow/.local/lib/python3.8/site-packages/airflow/example_dags/example_subdag_operator.py for tasks to queue
[2023-11-19T23:33:25.227+0000] {logging_mixin.py:154} INFO - [2023-11-19T23:33:25.227+0000] {dagbag.py:536} INFO - Filling up the DagBag from /home/airflow/.local/lib/python3.8/site-packages/airflow/example_dags/example_subdag_operator.py
[2023-11-19T23:33:25.249+0000] {processor.py:839} INFO - DAG(s) dict_keys(['example_subdag_operator.section-1', 'example_subdag_operator.section-2', 'example_subdag_operator']) retrieved from /home/airflow/.local/lib/python3.8/site-packages/airflow/example_dags/example_subdag_operator.py
[2023-11-19T23:33:25.257+0000] {logging_mixin.py:154} INFO - [2023-11-19T23:33:25.257+0000] {dag.py:2941} INFO - Sync 3 DAGs
[2023-11-19T23:33:25.268+0000] {logging_mixin.py:154} INFO - [2023-11-19T23:33:25.268+0000] {dag.py:3722} INFO - Setting next_dagrun for example_subdag_operator to 2022-01-01T00:00:00+00:00, run_after=2022-01-01T00:00:00+00:00
[2023-11-19T23:33:25.269+0000] {logging_mixin.py:154} INFO - [2023-11-19T23:33:25.269+0000] {dag.py:3722} INFO - Setting next_dagrun for example_subdag_operator.section-1 to None, run_after=None
[2023-11-19T23:33:25.270+0000] {logging_mixin.py:154} INFO - [2023-11-19T23:33:25.270+0000] {dag.py:3722} INFO - Setting next_dagrun for example_subdag_operator.section-2 to None, run_after=None
[2023-11-19T23:33:25.273+0000] {logging_mixin.py:154} INFO - [2023-11-19T23:33:25.273+0000] {dag.py:2941} INFO - Sync 2 DAGs
[2023-11-19T23:33:25.275+0000] {logging_mixin.py:154} INFO - [2023-11-19T23:33:25.275+0000] {dag.py:3722} INFO - Setting next_dagrun for example_subdag_operator.section-1 to None, run_after=None
[2023-11-19T23:33:25.276+0000] {logging_mixin.py:154} INFO - [2023-11-19T23:33:25.276+0000] {dag.py:3722} INFO - Setting next_dagrun for example_subdag_operator.section-2 to None, run_after=None
[2023-11-19T23:33:25.279+0000] {processor.py:179} INFO - Processing /home/airflow/.local/lib/python3.8/site-packages/airflow/example_dags/example_subdag_operator.py took 0.063 seconds
[2023-11-19T23:33:55.754+0000] {processor.py:157} INFO - Started process (PID=315) to work on /home/airflow/.local/lib/python3.8/site-packages/airflow/example_dags/example_subdag_operator.py
[2023-11-19T23:33:55.755+0000] {processor.py:829} INFO - Processing file /home/airflow/.local/lib/python3.8/site-packages/airflow/example_dags/example_subdag_operator.py for tasks to queue
[2023-11-19T23:33:55.757+0000] {logging_mixin.py:154} INFO - [2023-11-19T23:33:55.757+0000] {dagbag.py:536} INFO - Filling up the DagBag from /home/airflow/.local/lib/python3.8/site-packages/airflow/example_dags/example_subdag_operator.py
[2023-11-19T23:33:55.775+0000] {processor.py:839} INFO - DAG(s) dict_keys(['example_subdag_operator.section-1', 'example_subdag_operator.section-2', 'example_subdag_operator']) retrieved from /home/airflow/.local/lib/python3.8/site-packages/airflow/example_dags/example_subdag_operator.py
[2023-11-19T23:33:55.783+0000] {logging_mixin.py:154} INFO - [2023-11-19T23:33:55.783+0000] {dag.py:2941} INFO - Sync 3 DAGs
[2023-11-19T23:33:55.793+0000] {logging_mixin.py:154} INFO - [2023-11-19T23:33:55.793+0000] {dag.py:3722} INFO - Setting next_dagrun for example_subdag_operator to 2022-01-01T00:00:00+00:00, run_after=2022-01-01T00:00:00+00:00
[2023-11-19T23:33:55.795+0000] {logging_mixin.py:154} INFO - [2023-11-19T23:33:55.795+0000] {dag.py:3722} INFO - Setting next_dagrun for example_subdag_operator.section-1 to None, run_after=None
[2023-11-19T23:33:55.795+0000] {logging_mixin.py:154} INFO - [2023-11-19T23:33:55.795+0000] {dag.py:3722} INFO - Setting next_dagrun for example_subdag_operator.section-2 to None, run_after=None
[2023-11-19T23:33:55.798+0000] {logging_mixin.py:154} INFO - [2023-11-19T23:33:55.798+0000] {dag.py:2941} INFO - Sync 2 DAGs
[2023-11-19T23:33:55.800+0000] {logging_mixin.py:154} INFO - [2023-11-19T23:33:55.800+0000] {dag.py:3722} INFO - Setting next_dagrun for example_subdag_operator.section-1 to None, run_after=None
[2023-11-19T23:33:55.800+0000] {logging_mixin.py:154} INFO - [2023-11-19T23:33:55.800+0000] {dag.py:3722} INFO - Setting next_dagrun for example_subdag_operator.section-2 to None, run_after=None
[2023-11-19T23:33:55.804+0000] {processor.py:179} INFO - Processing /home/airflow/.local/lib/python3.8/site-packages/airflow/example_dags/example_subdag_operator.py took 0.054 seconds
[2023-11-19T23:34:26.163+0000] {processor.py:157} INFO - Started process (PID=369) to work on /home/airflow/.local/lib/python3.8/site-packages/airflow/example_dags/example_subdag_operator.py
[2023-11-19T23:34:26.165+0000] {processor.py:829} INFO - Processing file /home/airflow/.local/lib/python3.8/site-packages/airflow/example_dags/example_subdag_operator.py for tasks to queue
[2023-11-19T23:34:26.168+0000] {logging_mixin.py:154} INFO - [2023-11-19T23:34:26.168+0000] {dagbag.py:536} INFO - Filling up the DagBag from /home/airflow/.local/lib/python3.8/site-packages/airflow/example_dags/example_subdag_operator.py
[2023-11-19T23:34:26.192+0000] {processor.py:839} INFO - DAG(s) dict_keys(['example_subdag_operator.section-1', 'example_subdag_operator.section-2', 'example_subdag_operator']) retrieved from /home/airflow/.local/lib/python3.8/site-packages/airflow/example_dags/example_subdag_operator.py
[2023-11-19T23:34:26.201+0000] {logging_mixin.py:154} INFO - [2023-11-19T23:34:26.201+0000] {dag.py:2941} INFO - Sync 3 DAGs
[2023-11-19T23:34:26.212+0000] {logging_mixin.py:154} INFO - [2023-11-19T23:34:26.212+0000] {dag.py:3722} INFO - Setting next_dagrun for example_subdag_operator to 2022-01-01T00:00:00+00:00, run_after=2022-01-01T00:00:00+00:00
[2023-11-19T23:34:26.213+0000] {logging_mixin.py:154} INFO - [2023-11-19T23:34:26.213+0000] {dag.py:3722} INFO - Setting next_dagrun for example_subdag_operator.section-1 to None, run_after=None
[2023-11-19T23:34:26.214+0000] {logging_mixin.py:154} INFO - [2023-11-19T23:34:26.214+0000] {dag.py:3722} INFO - Setting next_dagrun for example_subdag_operator.section-2 to None, run_after=None
[2023-11-19T23:34:26.217+0000] {logging_mixin.py:154} INFO - [2023-11-19T23:34:26.217+0000] {dag.py:2941} INFO - Sync 2 DAGs
[2023-11-19T23:34:26.219+0000] {logging_mixin.py:154} INFO - [2023-11-19T23:34:26.219+0000] {dag.py:3722} INFO - Setting next_dagrun for example_subdag_operator.section-1 to None, run_after=None
[2023-11-19T23:34:26.220+0000] {logging_mixin.py:154} INFO - [2023-11-19T23:34:26.220+0000] {dag.py:3722} INFO - Setting next_dagrun for example_subdag_operator.section-2 to None, run_after=None
[2023-11-19T23:34:26.224+0000] {processor.py:179} INFO - Processing /home/airflow/.local/lib/python3.8/site-packages/airflow/example_dags/example_subdag_operator.py took 0.066 seconds
[2023-11-19T23:34:56.647+0000] {processor.py:157} INFO - Started process (PID=423) to work on /home/airflow/.local/lib/python3.8/site-packages/airflow/example_dags/example_subdag_operator.py
[2023-11-19T23:34:56.648+0000] {processor.py:829} INFO - Processing file /home/airflow/.local/lib/python3.8/site-packages/airflow/example_dags/example_subdag_operator.py for tasks to queue
[2023-11-19T23:34:56.651+0000] {logging_mixin.py:154} INFO - [2023-11-19T23:34:56.651+0000] {dagbag.py:536} INFO - Filling up the DagBag from /home/airflow/.local/lib/python3.8/site-packages/airflow/example_dags/example_subdag_operator.py
[2023-11-19T23:34:56.672+0000] {processor.py:839} INFO - DAG(s) dict_keys(['example_subdag_operator.section-1', 'example_subdag_operator.section-2', 'example_subdag_operator']) retrieved from /home/airflow/.local/lib/python3.8/site-packages/airflow/example_dags/example_subdag_operator.py
[2023-11-19T23:34:56.680+0000] {logging_mixin.py:154} INFO - [2023-11-19T23:34:56.680+0000] {dag.py:2941} INFO - Sync 3 DAGs
[2023-11-19T23:34:56.691+0000] {logging_mixin.py:154} INFO - [2023-11-19T23:34:56.691+0000] {dag.py:3722} INFO - Setting next_dagrun for example_subdag_operator to 2022-01-01T00:00:00+00:00, run_after=2022-01-01T00:00:00+00:00
[2023-11-19T23:34:56.693+0000] {logging_mixin.py:154} INFO - [2023-11-19T23:34:56.693+0000] {dag.py:3722} INFO - Setting next_dagrun for example_subdag_operator.section-1 to None, run_after=None
[2023-11-19T23:34:56.693+0000] {logging_mixin.py:154} INFO - [2023-11-19T23:34:56.693+0000] {dag.py:3722} INFO - Setting next_dagrun for example_subdag_operator.section-2 to None, run_after=None
[2023-11-19T23:34:56.696+0000] {logging_mixin.py:154} INFO - [2023-11-19T23:34:56.696+0000] {dag.py:2941} INFO - Sync 2 DAGs
[2023-11-19T23:34:56.698+0000] {logging_mixin.py:154} INFO - [2023-11-19T23:34:56.698+0000] {dag.py:3722} INFO - Setting next_dagrun for example_subdag_operator.section-1 to None, run_after=None
[2023-11-19T23:34:56.699+0000] {logging_mixin.py:154} INFO - [2023-11-19T23:34:56.699+0000] {dag.py:3722} INFO - Setting next_dagrun for example_subdag_operator.section-2 to None, run_after=None
[2023-11-19T23:34:56.703+0000] {processor.py:179} INFO - Processing /home/airflow/.local/lib/python3.8/site-packages/airflow/example_dags/example_subdag_operator.py took 0.061 seconds
[2023-11-19T23:35:27.162+0000] {processor.py:157} INFO - Started process (PID=477) to work on /home/airflow/.local/lib/python3.8/site-packages/airflow/example_dags/example_subdag_operator.py
[2023-11-19T23:35:27.164+0000] {processor.py:829} INFO - Processing file /home/airflow/.local/lib/python3.8/site-packages/airflow/example_dags/example_subdag_operator.py for tasks to queue
[2023-11-19T23:35:27.167+0000] {logging_mixin.py:154} INFO - [2023-11-19T23:35:27.166+0000] {dagbag.py:536} INFO - Filling up the DagBag from /home/airflow/.local/lib/python3.8/site-packages/airflow/example_dags/example_subdag_operator.py
[2023-11-19T23:35:27.189+0000] {processor.py:839} INFO - DAG(s) dict_keys(['example_subdag_operator.section-1', 'example_subdag_operator.section-2', 'example_subdag_operator']) retrieved from /home/airflow/.local/lib/python3.8/site-packages/airflow/example_dags/example_subdag_operator.py
[2023-11-19T23:35:27.198+0000] {logging_mixin.py:154} INFO - [2023-11-19T23:35:27.198+0000] {dag.py:2941} INFO - Sync 3 DAGs
[2023-11-19T23:35:27.210+0000] {logging_mixin.py:154} INFO - [2023-11-19T23:35:27.210+0000] {dag.py:3722} INFO - Setting next_dagrun for example_subdag_operator to 2022-01-01T00:00:00+00:00, run_after=2022-01-01T00:00:00+00:00
[2023-11-19T23:35:27.212+0000] {logging_mixin.py:154} INFO - [2023-11-19T23:35:27.212+0000] {dag.py:3722} INFO - Setting next_dagrun for example_subdag_operator.section-1 to None, run_after=None
[2023-11-19T23:35:27.213+0000] {logging_mixin.py:154} INFO - [2023-11-19T23:35:27.213+0000] {dag.py:3722} INFO - Setting next_dagrun for example_subdag_operator.section-2 to None, run_after=None
[2023-11-19T23:35:27.217+0000] {logging_mixin.py:154} INFO - [2023-11-19T23:35:27.217+0000] {dag.py:2941} INFO - Sync 2 DAGs
[2023-11-19T23:35:27.220+0000] {logging_mixin.py:154} INFO - [2023-11-19T23:35:27.220+0000] {dag.py:3722} INFO - Setting next_dagrun for example_subdag_operator.section-1 to None, run_after=None
[2023-11-19T23:35:27.220+0000] {logging_mixin.py:154} INFO - [2023-11-19T23:35:27.220+0000] {dag.py:3722} INFO - Setting next_dagrun for example_subdag_operator.section-2 to None, run_after=None
[2023-11-19T23:35:27.225+0000] {processor.py:179} INFO - Processing /home/airflow/.local/lib/python3.8/site-packages/airflow/example_dags/example_subdag_operator.py took 0.069 seconds
[2023-11-19T23:35:57.729+0000] {processor.py:157} INFO - Started process (PID=531) to work on /home/airflow/.local/lib/python3.8/site-packages/airflow/example_dags/example_subdag_operator.py
[2023-11-19T23:35:57.731+0000] {processor.py:829} INFO - Processing file /home/airflow/.local/lib/python3.8/site-packages/airflow/example_dags/example_subdag_operator.py for tasks to queue
[2023-11-19T23:35:57.734+0000] {logging_mixin.py:154} INFO - [2023-11-19T23:35:57.734+0000] {dagbag.py:536} INFO - Filling up the DagBag from /home/airflow/.local/lib/python3.8/site-packages/airflow/example_dags/example_subdag_operator.py
[2023-11-19T23:35:57.755+0000] {processor.py:839} INFO - DAG(s) dict_keys(['example_subdag_operator.section-1', 'example_subdag_operator.section-2', 'example_subdag_operator']) retrieved from /home/airflow/.local/lib/python3.8/site-packages/airflow/example_dags/example_subdag_operator.py
[2023-11-19T23:35:57.763+0000] {logging_mixin.py:154} INFO - [2023-11-19T23:35:57.763+0000] {dag.py:2941} INFO - Sync 3 DAGs
[2023-11-19T23:35:57.774+0000] {logging_mixin.py:154} INFO - [2023-11-19T23:35:57.774+0000] {dag.py:3722} INFO - Setting next_dagrun for example_subdag_operator to 2022-01-01T00:00:00+00:00, run_after=2022-01-01T00:00:00+00:00
[2023-11-19T23:35:57.775+0000] {logging_mixin.py:154} INFO - [2023-11-19T23:35:57.775+0000] {dag.py:3722} INFO - Setting next_dagrun for example_subdag_operator.section-1 to None, run_after=None
[2023-11-19T23:35:57.776+0000] {logging_mixin.py:154} INFO - [2023-11-19T23:35:57.776+0000] {dag.py:3722} INFO - Setting next_dagrun for example_subdag_operator.section-2 to None, run_after=None
[2023-11-19T23:35:57.779+0000] {logging_mixin.py:154} INFO - [2023-11-19T23:35:57.779+0000] {dag.py:2941} INFO - Sync 2 DAGs
[2023-11-19T23:35:57.782+0000] {logging_mixin.py:154} INFO - [2023-11-19T23:35:57.781+0000] {dag.py:3722} INFO - Setting next_dagrun for example_subdag_operator.section-1 to None, run_after=None
[2023-11-19T23:35:57.782+0000] {logging_mixin.py:154} INFO - [2023-11-19T23:35:57.782+0000] {dag.py:3722} INFO - Setting next_dagrun for example_subdag_operator.section-2 to None, run_after=None
[2023-11-19T23:35:57.786+0000] {processor.py:179} INFO - Processing /home/airflow/.local/lib/python3.8/site-packages/airflow/example_dags/example_subdag_operator.py took 0.062 seconds
