[2023-11-19T23:20:26.120+0000] {processor.py:157} INFO - Started process (PID=48) to work on /home/airflow/.local/lib/python3.8/site-packages/airflow/example_dags/example_sensors.py
[2023-11-19T23:20:26.121+0000] {processor.py:829} INFO - Processing file /home/airflow/.local/lib/python3.8/site-packages/airflow/example_dags/example_sensors.py for tasks to queue
[2023-11-19T23:20:26.122+0000] {logging_mixin.py:154} INFO - [2023-11-19T23:20:26.122+0000] {dagbag.py:536} INFO - Filling up the DagBag from /home/airflow/.local/lib/python3.8/site-packages/airflow/example_dags/example_sensors.py
[2023-11-19T23:20:26.128+0000] {processor.py:839} INFO - DAG(s) dict_keys(['example_sensors']) retrieved from /home/airflow/.local/lib/python3.8/site-packages/airflow/example_dags/example_sensors.py
[2023-11-19T23:20:26.195+0000] {logging_mixin.py:154} INFO - [2023-11-19T23:20:26.195+0000] {manager.py:499} INFO - Created Permission View: %s
[2023-11-19T23:20:26.199+0000] {logging_mixin.py:154} INFO - [2023-11-19T23:20:26.199+0000] {manager.py:499} INFO - Created Permission View: %s
[2023-11-19T23:20:26.202+0000] {logging_mixin.py:154} INFO - [2023-11-19T23:20:26.202+0000] {manager.py:499} INFO - Created Permission View: %s
[2023-11-19T23:20:26.203+0000] {logging_mixin.py:154} INFO - [2023-11-19T23:20:26.203+0000] {dag.py:2941} INFO - Sync 1 DAGs
[2023-11-19T23:20:26.209+0000] {logging_mixin.py:154} INFO - [2023-11-19T23:20:26.209+0000] {dag.py:2963} INFO - Creating ORM DAG for example_sensors
[2023-11-19T23:20:26.210+0000] {logging_mixin.py:154} INFO - [2023-11-19T23:20:26.210+0000] {dag.py:3722} INFO - Setting next_dagrun for example_sensors to None, run_after=None
[2023-11-19T23:20:26.219+0000] {processor.py:179} INFO - Processing /home/airflow/.local/lib/python3.8/site-packages/airflow/example_dags/example_sensors.py took 0.101 seconds
[2023-11-19T23:20:57.087+0000] {processor.py:157} INFO - Started process (PID=102) to work on /home/airflow/.local/lib/python3.8/site-packages/airflow/example_dags/example_sensors.py
[2023-11-19T23:20:57.088+0000] {processor.py:829} INFO - Processing file /home/airflow/.local/lib/python3.8/site-packages/airflow/example_dags/example_sensors.py for tasks to queue
[2023-11-19T23:20:57.089+0000] {logging_mixin.py:154} INFO - [2023-11-19T23:20:57.089+0000] {dagbag.py:536} INFO - Filling up the DagBag from /home/airflow/.local/lib/python3.8/site-packages/airflow/example_dags/example_sensors.py
[2023-11-19T23:20:57.094+0000] {processor.py:839} INFO - DAG(s) dict_keys(['example_sensors']) retrieved from /home/airflow/.local/lib/python3.8/site-packages/airflow/example_dags/example_sensors.py
[2023-11-19T23:20:57.105+0000] {logging_mixin.py:154} INFO - [2023-11-19T23:20:57.105+0000] {dag.py:2941} INFO - Sync 1 DAGs
[2023-11-19T23:20:57.111+0000] {logging_mixin.py:154} INFO - [2023-11-19T23:20:57.111+0000] {dag.py:3722} INFO - Setting next_dagrun for example_sensors to None, run_after=None
[2023-11-19T23:20:57.117+0000] {processor.py:179} INFO - Processing /home/airflow/.local/lib/python3.8/site-packages/airflow/example_dags/example_sensors.py took 0.031 seconds
[2023-11-19T23:21:27.739+0000] {processor.py:157} INFO - Started process (PID=156) to work on /home/airflow/.local/lib/python3.8/site-packages/airflow/example_dags/example_sensors.py
[2023-11-19T23:21:27.739+0000] {processor.py:829} INFO - Processing file /home/airflow/.local/lib/python3.8/site-packages/airflow/example_dags/example_sensors.py for tasks to queue
[2023-11-19T23:21:27.740+0000] {logging_mixin.py:154} INFO - [2023-11-19T23:21:27.740+0000] {dagbag.py:536} INFO - Filling up the DagBag from /home/airflow/.local/lib/python3.8/site-packages/airflow/example_dags/example_sensors.py
[2023-11-19T23:21:27.745+0000] {processor.py:839} INFO - DAG(s) dict_keys(['example_sensors']) retrieved from /home/airflow/.local/lib/python3.8/site-packages/airflow/example_dags/example_sensors.py
[2023-11-19T23:21:27.756+0000] {logging_mixin.py:154} INFO - [2023-11-19T23:21:27.756+0000] {dag.py:2941} INFO - Sync 1 DAGs
[2023-11-19T23:21:27.762+0000] {logging_mixin.py:154} INFO - [2023-11-19T23:21:27.762+0000] {dag.py:3722} INFO - Setting next_dagrun for example_sensors to None, run_after=None
[2023-11-19T23:21:27.769+0000] {processor.py:179} INFO - Processing /home/airflow/.local/lib/python3.8/site-packages/airflow/example_dags/example_sensors.py took 0.032 seconds
[2023-11-19T23:21:58.202+0000] {processor.py:157} INFO - Started process (PID=210) to work on /home/airflow/.local/lib/python3.8/site-packages/airflow/example_dags/example_sensors.py
[2023-11-19T23:21:58.202+0000] {processor.py:829} INFO - Processing file /home/airflow/.local/lib/python3.8/site-packages/airflow/example_dags/example_sensors.py for tasks to queue
[2023-11-19T23:21:58.203+0000] {logging_mixin.py:154} INFO - [2023-11-19T23:21:58.203+0000] {dagbag.py:536} INFO - Filling up the DagBag from /home/airflow/.local/lib/python3.8/site-packages/airflow/example_dags/example_sensors.py
[2023-11-19T23:21:58.208+0000] {processor.py:839} INFO - DAG(s) dict_keys(['example_sensors']) retrieved from /home/airflow/.local/lib/python3.8/site-packages/airflow/example_dags/example_sensors.py
[2023-11-19T23:21:58.219+0000] {logging_mixin.py:154} INFO - [2023-11-19T23:21:58.219+0000] {dag.py:2941} INFO - Sync 1 DAGs
[2023-11-19T23:21:58.225+0000] {logging_mixin.py:154} INFO - [2023-11-19T23:21:58.225+0000] {dag.py:3722} INFO - Setting next_dagrun for example_sensors to None, run_after=None
[2023-11-19T23:21:58.232+0000] {processor.py:179} INFO - Processing /home/airflow/.local/lib/python3.8/site-packages/airflow/example_dags/example_sensors.py took 0.032 seconds
[2023-11-19T23:22:28.673+0000] {processor.py:157} INFO - Started process (PID=264) to work on /home/airflow/.local/lib/python3.8/site-packages/airflow/example_dags/example_sensors.py
[2023-11-19T23:22:28.674+0000] {processor.py:829} INFO - Processing file /home/airflow/.local/lib/python3.8/site-packages/airflow/example_dags/example_sensors.py for tasks to queue
[2023-11-19T23:22:28.675+0000] {logging_mixin.py:154} INFO - [2023-11-19T23:22:28.675+0000] {dagbag.py:536} INFO - Filling up the DagBag from /home/airflow/.local/lib/python3.8/site-packages/airflow/example_dags/example_sensors.py
[2023-11-19T23:22:28.680+0000] {processor.py:839} INFO - DAG(s) dict_keys(['example_sensors']) retrieved from /home/airflow/.local/lib/python3.8/site-packages/airflow/example_dags/example_sensors.py
[2023-11-19T23:22:28.691+0000] {logging_mixin.py:154} INFO - [2023-11-19T23:22:28.691+0000] {dag.py:2941} INFO - Sync 1 DAGs
[2023-11-19T23:22:28.697+0000] {logging_mixin.py:154} INFO - [2023-11-19T23:22:28.697+0000] {dag.py:3722} INFO - Setting next_dagrun for example_sensors to None, run_after=None
[2023-11-19T23:22:28.703+0000] {processor.py:179} INFO - Processing /home/airflow/.local/lib/python3.8/site-packages/airflow/example_dags/example_sensors.py took 0.032 seconds
[2023-11-19T23:22:59.121+0000] {processor.py:157} INFO - Started process (PID=318) to work on /home/airflow/.local/lib/python3.8/site-packages/airflow/example_dags/example_sensors.py
[2023-11-19T23:22:59.121+0000] {processor.py:829} INFO - Processing file /home/airflow/.local/lib/python3.8/site-packages/airflow/example_dags/example_sensors.py for tasks to queue
[2023-11-19T23:22:59.122+0000] {logging_mixin.py:154} INFO - [2023-11-19T23:22:59.122+0000] {dagbag.py:536} INFO - Filling up the DagBag from /home/airflow/.local/lib/python3.8/site-packages/airflow/example_dags/example_sensors.py
[2023-11-19T23:22:59.127+0000] {processor.py:839} INFO - DAG(s) dict_keys(['example_sensors']) retrieved from /home/airflow/.local/lib/python3.8/site-packages/airflow/example_dags/example_sensors.py
[2023-11-19T23:22:59.138+0000] {logging_mixin.py:154} INFO - [2023-11-19T23:22:59.138+0000] {dag.py:2941} INFO - Sync 1 DAGs
[2023-11-19T23:22:59.144+0000] {logging_mixin.py:154} INFO - [2023-11-19T23:22:59.144+0000] {dag.py:3722} INFO - Setting next_dagrun for example_sensors to None, run_after=None
[2023-11-19T23:22:59.151+0000] {processor.py:179} INFO - Processing /home/airflow/.local/lib/python3.8/site-packages/airflow/example_dags/example_sensors.py took 0.032 seconds
[2023-11-19T23:23:29.498+0000] {processor.py:157} INFO - Started process (PID=372) to work on /home/airflow/.local/lib/python3.8/site-packages/airflow/example_dags/example_sensors.py
[2023-11-19T23:23:29.498+0000] {processor.py:829} INFO - Processing file /home/airflow/.local/lib/python3.8/site-packages/airflow/example_dags/example_sensors.py for tasks to queue
[2023-11-19T23:23:29.500+0000] {logging_mixin.py:154} INFO - [2023-11-19T23:23:29.499+0000] {dagbag.py:536} INFO - Filling up the DagBag from /home/airflow/.local/lib/python3.8/site-packages/airflow/example_dags/example_sensors.py
[2023-11-19T23:23:29.504+0000] {processor.py:839} INFO - DAG(s) dict_keys(['example_sensors']) retrieved from /home/airflow/.local/lib/python3.8/site-packages/airflow/example_dags/example_sensors.py
[2023-11-19T23:23:29.516+0000] {logging_mixin.py:154} INFO - [2023-11-19T23:23:29.516+0000] {dag.py:2941} INFO - Sync 1 DAGs
[2023-11-19T23:23:29.522+0000] {logging_mixin.py:154} INFO - [2023-11-19T23:23:29.522+0000] {dag.py:3722} INFO - Setting next_dagrun for example_sensors to None, run_after=None
[2023-11-19T23:23:29.529+0000] {processor.py:179} INFO - Processing /home/airflow/.local/lib/python3.8/site-packages/airflow/example_dags/example_sensors.py took 0.033 seconds
[2023-11-19T23:23:59.931+0000] {processor.py:157} INFO - Started process (PID=426) to work on /home/airflow/.local/lib/python3.8/site-packages/airflow/example_dags/example_sensors.py
[2023-11-19T23:23:59.932+0000] {processor.py:829} INFO - Processing file /home/airflow/.local/lib/python3.8/site-packages/airflow/example_dags/example_sensors.py for tasks to queue
[2023-11-19T23:23:59.933+0000] {logging_mixin.py:154} INFO - [2023-11-19T23:23:59.933+0000] {dagbag.py:536} INFO - Filling up the DagBag from /home/airflow/.local/lib/python3.8/site-packages/airflow/example_dags/example_sensors.py
[2023-11-19T23:23:59.938+0000] {processor.py:839} INFO - DAG(s) dict_keys(['example_sensors']) retrieved from /home/airflow/.local/lib/python3.8/site-packages/airflow/example_dags/example_sensors.py
[2023-11-19T23:23:59.949+0000] {logging_mixin.py:154} INFO - [2023-11-19T23:23:59.949+0000] {dag.py:2941} INFO - Sync 1 DAGs
[2023-11-19T23:23:59.955+0000] {logging_mixin.py:154} INFO - [2023-11-19T23:23:59.955+0000] {dag.py:3722} INFO - Setting next_dagrun for example_sensors to None, run_after=None
[2023-11-19T23:23:59.962+0000] {processor.py:179} INFO - Processing /home/airflow/.local/lib/python3.8/site-packages/airflow/example_dags/example_sensors.py took 0.032 seconds
[2023-11-19T23:24:30.423+0000] {processor.py:157} INFO - Started process (PID=480) to work on /home/airflow/.local/lib/python3.8/site-packages/airflow/example_dags/example_sensors.py
[2023-11-19T23:24:30.424+0000] {processor.py:829} INFO - Processing file /home/airflow/.local/lib/python3.8/site-packages/airflow/example_dags/example_sensors.py for tasks to queue
[2023-11-19T23:24:30.425+0000] {logging_mixin.py:154} INFO - [2023-11-19T23:24:30.425+0000] {dagbag.py:536} INFO - Filling up the DagBag from /home/airflow/.local/lib/python3.8/site-packages/airflow/example_dags/example_sensors.py
[2023-11-19T23:24:30.430+0000] {processor.py:839} INFO - DAG(s) dict_keys(['example_sensors']) retrieved from /home/airflow/.local/lib/python3.8/site-packages/airflow/example_dags/example_sensors.py
[2023-11-19T23:24:30.441+0000] {logging_mixin.py:154} INFO - [2023-11-19T23:24:30.441+0000] {dag.py:2941} INFO - Sync 1 DAGs
[2023-11-19T23:24:30.447+0000] {logging_mixin.py:154} INFO - [2023-11-19T23:24:30.447+0000] {dag.py:3722} INFO - Setting next_dagrun for example_sensors to None, run_after=None
[2023-11-19T23:24:30.454+0000] {processor.py:179} INFO - Processing /home/airflow/.local/lib/python3.8/site-packages/airflow/example_dags/example_sensors.py took 0.032 seconds
[2023-11-19T23:25:00.914+0000] {processor.py:157} INFO - Started process (PID=534) to work on /home/airflow/.local/lib/python3.8/site-packages/airflow/example_dags/example_sensors.py
[2023-11-19T23:25:00.915+0000] {processor.py:829} INFO - Processing file /home/airflow/.local/lib/python3.8/site-packages/airflow/example_dags/example_sensors.py for tasks to queue
[2023-11-19T23:25:00.916+0000] {logging_mixin.py:154} INFO - [2023-11-19T23:25:00.916+0000] {dagbag.py:536} INFO - Filling up the DagBag from /home/airflow/.local/lib/python3.8/site-packages/airflow/example_dags/example_sensors.py
[2023-11-19T23:25:00.921+0000] {processor.py:839} INFO - DAG(s) dict_keys(['example_sensors']) retrieved from /home/airflow/.local/lib/python3.8/site-packages/airflow/example_dags/example_sensors.py
[2023-11-19T23:25:00.932+0000] {logging_mixin.py:154} INFO - [2023-11-19T23:25:00.932+0000] {dag.py:2941} INFO - Sync 1 DAGs
[2023-11-19T23:25:00.938+0000] {logging_mixin.py:154} INFO - [2023-11-19T23:25:00.938+0000] {dag.py:3722} INFO - Setting next_dagrun for example_sensors to None, run_after=None
[2023-11-19T23:25:00.945+0000] {processor.py:179} INFO - Processing /home/airflow/.local/lib/python3.8/site-packages/airflow/example_dags/example_sensors.py took 0.033 seconds
[2023-11-19T23:25:31.457+0000] {processor.py:157} INFO - Started process (PID=588) to work on /home/airflow/.local/lib/python3.8/site-packages/airflow/example_dags/example_sensors.py
[2023-11-19T23:25:31.457+0000] {processor.py:829} INFO - Processing file /home/airflow/.local/lib/python3.8/site-packages/airflow/example_dags/example_sensors.py for tasks to queue
[2023-11-19T23:25:31.458+0000] {logging_mixin.py:154} INFO - [2023-11-19T23:25:31.458+0000] {dagbag.py:536} INFO - Filling up the DagBag from /home/airflow/.local/lib/python3.8/site-packages/airflow/example_dags/example_sensors.py
[2023-11-19T23:25:31.463+0000] {processor.py:839} INFO - DAG(s) dict_keys(['example_sensors']) retrieved from /home/airflow/.local/lib/python3.8/site-packages/airflow/example_dags/example_sensors.py
[2023-11-19T23:25:31.475+0000] {logging_mixin.py:154} INFO - [2023-11-19T23:25:31.475+0000] {dag.py:2941} INFO - Sync 1 DAGs
[2023-11-19T23:25:31.481+0000] {logging_mixin.py:154} INFO - [2023-11-19T23:25:31.481+0000] {dag.py:3722} INFO - Setting next_dagrun for example_sensors to None, run_after=None
[2023-11-19T23:25:31.488+0000] {processor.py:179} INFO - Processing /home/airflow/.local/lib/python3.8/site-packages/airflow/example_dags/example_sensors.py took 0.034 seconds
[2023-11-19T23:31:22.854+0000] {processor.py:157} INFO - Started process (PID=49) to work on /home/airflow/.local/lib/python3.8/site-packages/airflow/example_dags/example_sensors.py
[2023-11-19T23:31:22.855+0000] {processor.py:829} INFO - Processing file /home/airflow/.local/lib/python3.8/site-packages/airflow/example_dags/example_sensors.py for tasks to queue
[2023-11-19T23:31:22.857+0000] {logging_mixin.py:154} INFO - [2023-11-19T23:31:22.856+0000] {dagbag.py:536} INFO - Filling up the DagBag from /home/airflow/.local/lib/python3.8/site-packages/airflow/example_dags/example_sensors.py
[2023-11-19T23:31:22.862+0000] {processor.py:839} INFO - DAG(s) dict_keys(['example_sensors']) retrieved from /home/airflow/.local/lib/python3.8/site-packages/airflow/example_dags/example_sensors.py
[2023-11-19T23:31:22.926+0000] {logging_mixin.py:154} INFO - [2023-11-19T23:31:22.926+0000] {manager.py:499} INFO - Created Permission View: %s
[2023-11-19T23:31:22.933+0000] {logging_mixin.py:154} INFO - [2023-11-19T23:31:22.933+0000] {manager.py:499} INFO - Created Permission View: %s
[2023-11-19T23:31:22.938+0000] {logging_mixin.py:154} INFO - [2023-11-19T23:31:22.937+0000] {manager.py:499} INFO - Created Permission View: %s
[2023-11-19T23:31:22.938+0000] {logging_mixin.py:154} INFO - [2023-11-19T23:31:22.938+0000] {dag.py:2941} INFO - Sync 1 DAGs
[2023-11-19T23:31:22.943+0000] {logging_mixin.py:154} INFO - [2023-11-19T23:31:22.943+0000] {dag.py:2963} INFO - Creating ORM DAG for example_sensors
[2023-11-19T23:31:22.944+0000] {logging_mixin.py:154} INFO - [2023-11-19T23:31:22.944+0000] {dag.py:3722} INFO - Setting next_dagrun for example_sensors to None, run_after=None
[2023-11-19T23:31:22.951+0000] {processor.py:179} INFO - Processing /home/airflow/.local/lib/python3.8/site-packages/airflow/example_dags/example_sensors.py took 0.100 seconds
[2023-11-19T23:31:53.827+0000] {processor.py:157} INFO - Started process (PID=103) to work on /home/airflow/.local/lib/python3.8/site-packages/airflow/example_dags/example_sensors.py
[2023-11-19T23:31:53.827+0000] {processor.py:829} INFO - Processing file /home/airflow/.local/lib/python3.8/site-packages/airflow/example_dags/example_sensors.py for tasks to queue
[2023-11-19T23:31:53.828+0000] {logging_mixin.py:154} INFO - [2023-11-19T23:31:53.828+0000] {dagbag.py:536} INFO - Filling up the DagBag from /home/airflow/.local/lib/python3.8/site-packages/airflow/example_dags/example_sensors.py
[2023-11-19T23:31:53.834+0000] {processor.py:839} INFO - DAG(s) dict_keys(['example_sensors']) retrieved from /home/airflow/.local/lib/python3.8/site-packages/airflow/example_dags/example_sensors.py
[2023-11-19T23:31:53.847+0000] {logging_mixin.py:154} INFO - [2023-11-19T23:31:53.847+0000] {dag.py:2941} INFO - Sync 1 DAGs
[2023-11-19T23:31:53.855+0000] {logging_mixin.py:154} INFO - [2023-11-19T23:31:53.855+0000] {dag.py:3722} INFO - Setting next_dagrun for example_sensors to None, run_after=None
[2023-11-19T23:31:53.863+0000] {processor.py:179} INFO - Processing /home/airflow/.local/lib/python3.8/site-packages/airflow/example_dags/example_sensors.py took 0.038 seconds
[2023-11-19T23:32:24.375+0000] {processor.py:157} INFO - Started process (PID=157) to work on /home/airflow/.local/lib/python3.8/site-packages/airflow/example_dags/example_sensors.py
[2023-11-19T23:32:24.376+0000] {processor.py:829} INFO - Processing file /home/airflow/.local/lib/python3.8/site-packages/airflow/example_dags/example_sensors.py for tasks to queue
[2023-11-19T23:32:24.377+0000] {logging_mixin.py:154} INFO - [2023-11-19T23:32:24.377+0000] {dagbag.py:536} INFO - Filling up the DagBag from /home/airflow/.local/lib/python3.8/site-packages/airflow/example_dags/example_sensors.py
[2023-11-19T23:32:24.382+0000] {processor.py:839} INFO - DAG(s) dict_keys(['example_sensors']) retrieved from /home/airflow/.local/lib/python3.8/site-packages/airflow/example_dags/example_sensors.py
[2023-11-19T23:32:24.393+0000] {logging_mixin.py:154} INFO - [2023-11-19T23:32:24.393+0000] {dag.py:2941} INFO - Sync 1 DAGs
[2023-11-19T23:32:24.398+0000] {logging_mixin.py:154} INFO - [2023-11-19T23:32:24.398+0000] {dag.py:3722} INFO - Setting next_dagrun for example_sensors to None, run_after=None
[2023-11-19T23:32:24.406+0000] {processor.py:179} INFO - Processing /home/airflow/.local/lib/python3.8/site-packages/airflow/example_dags/example_sensors.py took 0.032 seconds
[2023-11-19T23:32:54.859+0000] {processor.py:157} INFO - Started process (PID=211) to work on /home/airflow/.local/lib/python3.8/site-packages/airflow/example_dags/example_sensors.py
[2023-11-19T23:32:54.859+0000] {processor.py:829} INFO - Processing file /home/airflow/.local/lib/python3.8/site-packages/airflow/example_dags/example_sensors.py for tasks to queue
[2023-11-19T23:32:54.860+0000] {logging_mixin.py:154} INFO - [2023-11-19T23:32:54.860+0000] {dagbag.py:536} INFO - Filling up the DagBag from /home/airflow/.local/lib/python3.8/site-packages/airflow/example_dags/example_sensors.py
[2023-11-19T23:32:54.865+0000] {processor.py:839} INFO - DAG(s) dict_keys(['example_sensors']) retrieved from /home/airflow/.local/lib/python3.8/site-packages/airflow/example_dags/example_sensors.py
[2023-11-19T23:32:54.877+0000] {logging_mixin.py:154} INFO - [2023-11-19T23:32:54.876+0000] {dag.py:2941} INFO - Sync 1 DAGs
[2023-11-19T23:32:54.883+0000] {logging_mixin.py:154} INFO - [2023-11-19T23:32:54.883+0000] {dag.py:3722} INFO - Setting next_dagrun for example_sensors to None, run_after=None
[2023-11-19T23:32:54.890+0000] {processor.py:179} INFO - Processing /home/airflow/.local/lib/python3.8/site-packages/airflow/example_dags/example_sensors.py took 0.033 seconds
[2023-11-19T23:33:25.319+0000] {processor.py:157} INFO - Started process (PID=265) to work on /home/airflow/.local/lib/python3.8/site-packages/airflow/example_dags/example_sensors.py
[2023-11-19T23:33:25.320+0000] {processor.py:829} INFO - Processing file /home/airflow/.local/lib/python3.8/site-packages/airflow/example_dags/example_sensors.py for tasks to queue
[2023-11-19T23:33:25.321+0000] {logging_mixin.py:154} INFO - [2023-11-19T23:33:25.321+0000] {dagbag.py:536} INFO - Filling up the DagBag from /home/airflow/.local/lib/python3.8/site-packages/airflow/example_dags/example_sensors.py
[2023-11-19T23:33:25.326+0000] {processor.py:839} INFO - DAG(s) dict_keys(['example_sensors']) retrieved from /home/airflow/.local/lib/python3.8/site-packages/airflow/example_dags/example_sensors.py
[2023-11-19T23:33:25.337+0000] {logging_mixin.py:154} INFO - [2023-11-19T23:33:25.337+0000] {dag.py:2941} INFO - Sync 1 DAGs
[2023-11-19T23:33:25.343+0000] {logging_mixin.py:154} INFO - [2023-11-19T23:33:25.343+0000] {dag.py:3722} INFO - Setting next_dagrun for example_sensors to None, run_after=None
[2023-11-19T23:33:25.350+0000] {processor.py:179} INFO - Processing /home/airflow/.local/lib/python3.8/site-packages/airflow/example_dags/example_sensors.py took 0.032 seconds
[2023-11-19T23:33:55.844+0000] {processor.py:157} INFO - Started process (PID=319) to work on /home/airflow/.local/lib/python3.8/site-packages/airflow/example_dags/example_sensors.py
[2023-11-19T23:33:55.844+0000] {processor.py:829} INFO - Processing file /home/airflow/.local/lib/python3.8/site-packages/airflow/example_dags/example_sensors.py for tasks to queue
[2023-11-19T23:33:55.845+0000] {logging_mixin.py:154} INFO - [2023-11-19T23:33:55.845+0000] {dagbag.py:536} INFO - Filling up the DagBag from /home/airflow/.local/lib/python3.8/site-packages/airflow/example_dags/example_sensors.py
[2023-11-19T23:33:55.850+0000] {processor.py:839} INFO - DAG(s) dict_keys(['example_sensors']) retrieved from /home/airflow/.local/lib/python3.8/site-packages/airflow/example_dags/example_sensors.py
[2023-11-19T23:33:55.861+0000] {logging_mixin.py:154} INFO - [2023-11-19T23:33:55.861+0000] {dag.py:2941} INFO - Sync 1 DAGs
[2023-11-19T23:33:55.867+0000] {logging_mixin.py:154} INFO - [2023-11-19T23:33:55.867+0000] {dag.py:3722} INFO - Setting next_dagrun for example_sensors to None, run_after=None
[2023-11-19T23:33:55.874+0000] {processor.py:179} INFO - Processing /home/airflow/.local/lib/python3.8/site-packages/airflow/example_dags/example_sensors.py took 0.032 seconds
[2023-11-19T23:34:26.263+0000] {processor.py:157} INFO - Started process (PID=373) to work on /home/airflow/.local/lib/python3.8/site-packages/airflow/example_dags/example_sensors.py
[2023-11-19T23:34:26.263+0000] {processor.py:829} INFO - Processing file /home/airflow/.local/lib/python3.8/site-packages/airflow/example_dags/example_sensors.py for tasks to queue
[2023-11-19T23:34:26.264+0000] {logging_mixin.py:154} INFO - [2023-11-19T23:34:26.264+0000] {dagbag.py:536} INFO - Filling up the DagBag from /home/airflow/.local/lib/python3.8/site-packages/airflow/example_dags/example_sensors.py
[2023-11-19T23:34:26.269+0000] {processor.py:839} INFO - DAG(s) dict_keys(['example_sensors']) retrieved from /home/airflow/.local/lib/python3.8/site-packages/airflow/example_dags/example_sensors.py
[2023-11-19T23:34:26.281+0000] {logging_mixin.py:154} INFO - [2023-11-19T23:34:26.280+0000] {dag.py:2941} INFO - Sync 1 DAGs
[2023-11-19T23:34:26.286+0000] {logging_mixin.py:154} INFO - [2023-11-19T23:34:26.286+0000] {dag.py:3722} INFO - Setting next_dagrun for example_sensors to None, run_after=None
[2023-11-19T23:34:26.294+0000] {processor.py:179} INFO - Processing /home/airflow/.local/lib/python3.8/site-packages/airflow/example_dags/example_sensors.py took 0.032 seconds
[2023-11-19T23:34:56.742+0000] {processor.py:157} INFO - Started process (PID=427) to work on /home/airflow/.local/lib/python3.8/site-packages/airflow/example_dags/example_sensors.py
[2023-11-19T23:34:56.742+0000] {processor.py:829} INFO - Processing file /home/airflow/.local/lib/python3.8/site-packages/airflow/example_dags/example_sensors.py for tasks to queue
[2023-11-19T23:34:56.743+0000] {logging_mixin.py:154} INFO - [2023-11-19T23:34:56.743+0000] {dagbag.py:536} INFO - Filling up the DagBag from /home/airflow/.local/lib/python3.8/site-packages/airflow/example_dags/example_sensors.py
[2023-11-19T23:34:56.748+0000] {processor.py:839} INFO - DAG(s) dict_keys(['example_sensors']) retrieved from /home/airflow/.local/lib/python3.8/site-packages/airflow/example_dags/example_sensors.py
[2023-11-19T23:34:56.759+0000] {logging_mixin.py:154} INFO - [2023-11-19T23:34:56.759+0000] {dag.py:2941} INFO - Sync 1 DAGs
[2023-11-19T23:34:56.765+0000] {logging_mixin.py:154} INFO - [2023-11-19T23:34:56.765+0000] {dag.py:3722} INFO - Setting next_dagrun for example_sensors to None, run_after=None
[2023-11-19T23:34:56.772+0000] {processor.py:179} INFO - Processing /home/airflow/.local/lib/python3.8/site-packages/airflow/example_dags/example_sensors.py took 0.032 seconds
[2023-11-19T23:35:27.288+0000] {processor.py:157} INFO - Started process (PID=481) to work on /home/airflow/.local/lib/python3.8/site-packages/airflow/example_dags/example_sensors.py
[2023-11-19T23:35:27.289+0000] {processor.py:829} INFO - Processing file /home/airflow/.local/lib/python3.8/site-packages/airflow/example_dags/example_sensors.py for tasks to queue
[2023-11-19T23:35:27.290+0000] {logging_mixin.py:154} INFO - [2023-11-19T23:35:27.290+0000] {dagbag.py:536} INFO - Filling up the DagBag from /home/airflow/.local/lib/python3.8/site-packages/airflow/example_dags/example_sensors.py
[2023-11-19T23:35:27.296+0000] {processor.py:839} INFO - DAG(s) dict_keys(['example_sensors']) retrieved from /home/airflow/.local/lib/python3.8/site-packages/airflow/example_dags/example_sensors.py
[2023-11-19T23:35:27.310+0000] {logging_mixin.py:154} INFO - [2023-11-19T23:35:27.310+0000] {dag.py:2941} INFO - Sync 1 DAGs
[2023-11-19T23:35:27.317+0000] {logging_mixin.py:154} INFO - [2023-11-19T23:35:27.317+0000] {dag.py:3722} INFO - Setting next_dagrun for example_sensors to None, run_after=None
[2023-11-19T23:35:27.326+0000] {processor.py:179} INFO - Processing /home/airflow/.local/lib/python3.8/site-packages/airflow/example_dags/example_sensors.py took 0.041 seconds
[2023-11-19T23:35:57.827+0000] {processor.py:157} INFO - Started process (PID=535) to work on /home/airflow/.local/lib/python3.8/site-packages/airflow/example_dags/example_sensors.py
[2023-11-19T23:35:57.827+0000] {processor.py:829} INFO - Processing file /home/airflow/.local/lib/python3.8/site-packages/airflow/example_dags/example_sensors.py for tasks to queue
[2023-11-19T23:35:57.828+0000] {logging_mixin.py:154} INFO - [2023-11-19T23:35:57.828+0000] {dagbag.py:536} INFO - Filling up the DagBag from /home/airflow/.local/lib/python3.8/site-packages/airflow/example_dags/example_sensors.py
[2023-11-19T23:35:57.833+0000] {processor.py:839} INFO - DAG(s) dict_keys(['example_sensors']) retrieved from /home/airflow/.local/lib/python3.8/site-packages/airflow/example_dags/example_sensors.py
[2023-11-19T23:35:57.845+0000] {logging_mixin.py:154} INFO - [2023-11-19T23:35:57.844+0000] {dag.py:2941} INFO - Sync 1 DAGs
[2023-11-19T23:35:57.851+0000] {logging_mixin.py:154} INFO - [2023-11-19T23:35:57.851+0000] {dag.py:3722} INFO - Setting next_dagrun for example_sensors to None, run_after=None
[2023-11-19T23:35:57.858+0000] {processor.py:179} INFO - Processing /home/airflow/.local/lib/python3.8/site-packages/airflow/example_dags/example_sensors.py took 0.033 seconds
