[2023-11-19T23:20:27.922+0000] {processor.py:157} INFO - Started process (PID=79) to work on /home/airflow/.local/lib/python3.8/site-packages/airflow/example_dags/example_setup_teardown.py
[2023-11-19T23:20:27.923+0000] {processor.py:829} INFO - Processing file /home/airflow/.local/lib/python3.8/site-packages/airflow/example_dags/example_setup_teardown.py for tasks to queue
[2023-11-19T23:20:27.924+0000] {logging_mixin.py:154} INFO - [2023-11-19T23:20:27.924+0000] {dagbag.py:536} INFO - Filling up the DagBag from /home/airflow/.local/lib/python3.8/site-packages/airflow/example_dags/example_setup_teardown.py
[2023-11-19T23:20:27.928+0000] {processor.py:839} INFO - DAG(s) dict_keys(['example_setup_teardown']) retrieved from /home/airflow/.local/lib/python3.8/site-packages/airflow/example_dags/example_setup_teardown.py
[2023-11-19T23:20:27.971+0000] {logging_mixin.py:154} INFO - [2023-11-19T23:20:27.971+0000] {manager.py:499} INFO - Created Permission View: %s
[2023-11-19T23:20:27.974+0000] {logging_mixin.py:154} INFO - [2023-11-19T23:20:27.974+0000] {manager.py:499} INFO - Created Permission View: %s
[2023-11-19T23:20:27.976+0000] {logging_mixin.py:154} INFO - [2023-11-19T23:20:27.976+0000] {manager.py:499} INFO - Created Permission View: %s
[2023-11-19T23:20:27.977+0000] {logging_mixin.py:154} INFO - [2023-11-19T23:20:27.977+0000] {dag.py:2941} INFO - Sync 1 DAGs
[2023-11-19T23:20:27.981+0000] {logging_mixin.py:154} INFO - [2023-11-19T23:20:27.981+0000] {dag.py:2963} INFO - Creating ORM DAG for example_setup_teardown
[2023-11-19T23:20:27.986+0000] {logging_mixin.py:154} INFO - [2023-11-19T23:20:27.985+0000] {dag.py:3722} INFO - Setting next_dagrun for example_setup_teardown to 2023-11-18T23:20:27.985736+00:00, run_after=2023-11-19T23:20:27.985736+00:00
[2023-11-19T23:20:27.993+0000] {processor.py:179} INFO - Processing /home/airflow/.local/lib/python3.8/site-packages/airflow/example_dags/example_setup_teardown.py took 0.072 seconds
[2023-11-19T23:20:58.025+0000] {processor.py:157} INFO - Started process (PID=133) to work on /home/airflow/.local/lib/python3.8/site-packages/airflow/example_dags/example_setup_teardown.py
[2023-11-19T23:20:58.026+0000] {processor.py:829} INFO - Processing file /home/airflow/.local/lib/python3.8/site-packages/airflow/example_dags/example_setup_teardown.py for tasks to queue
[2023-11-19T23:20:58.027+0000] {logging_mixin.py:154} INFO - [2023-11-19T23:20:58.027+0000] {dagbag.py:536} INFO - Filling up the DagBag from /home/airflow/.local/lib/python3.8/site-packages/airflow/example_dags/example_setup_teardown.py
[2023-11-19T23:20:58.031+0000] {processor.py:839} INFO - DAG(s) dict_keys(['example_setup_teardown']) retrieved from /home/airflow/.local/lib/python3.8/site-packages/airflow/example_dags/example_setup_teardown.py
[2023-11-19T23:20:58.044+0000] {logging_mixin.py:154} INFO - [2023-11-19T23:20:58.044+0000] {dag.py:2941} INFO - Sync 1 DAGs
[2023-11-19T23:20:58.053+0000] {logging_mixin.py:154} INFO - [2023-11-19T23:20:58.053+0000] {dag.py:3722} INFO - Setting next_dagrun for example_setup_teardown to 2023-11-18T23:20:58.053186+00:00, run_after=2023-11-19T23:20:58.053186+00:00
[2023-11-19T23:20:58.060+0000] {processor.py:179} INFO - Processing /home/airflow/.local/lib/python3.8/site-packages/airflow/example_dags/example_setup_teardown.py took 0.037 seconds
[2023-11-19T23:21:28.517+0000] {processor.py:157} INFO - Started process (PID=187) to work on /home/airflow/.local/lib/python3.8/site-packages/airflow/example_dags/example_setup_teardown.py
[2023-11-19T23:21:28.517+0000] {processor.py:829} INFO - Processing file /home/airflow/.local/lib/python3.8/site-packages/airflow/example_dags/example_setup_teardown.py for tasks to queue
[2023-11-19T23:21:28.518+0000] {logging_mixin.py:154} INFO - [2023-11-19T23:21:28.518+0000] {dagbag.py:536} INFO - Filling up the DagBag from /home/airflow/.local/lib/python3.8/site-packages/airflow/example_dags/example_setup_teardown.py
[2023-11-19T23:21:28.521+0000] {processor.py:839} INFO - DAG(s) dict_keys(['example_setup_teardown']) retrieved from /home/airflow/.local/lib/python3.8/site-packages/airflow/example_dags/example_setup_teardown.py
[2023-11-19T23:21:28.530+0000] {logging_mixin.py:154} INFO - [2023-11-19T23:21:28.530+0000] {dag.py:2941} INFO - Sync 1 DAGs
[2023-11-19T23:21:28.538+0000] {logging_mixin.py:154} INFO - [2023-11-19T23:21:28.538+0000] {dag.py:3722} INFO - Setting next_dagrun for example_setup_teardown to 2023-11-18T23:21:28.538553+00:00, run_after=2023-11-19T23:21:28.538553+00:00
[2023-11-19T23:21:28.545+0000] {processor.py:179} INFO - Processing /home/airflow/.local/lib/python3.8/site-packages/airflow/example_dags/example_setup_teardown.py took 0.030 seconds
[2023-11-19T23:21:58.913+0000] {processor.py:157} INFO - Started process (PID=241) to work on /home/airflow/.local/lib/python3.8/site-packages/airflow/example_dags/example_setup_teardown.py
[2023-11-19T23:21:58.913+0000] {processor.py:829} INFO - Processing file /home/airflow/.local/lib/python3.8/site-packages/airflow/example_dags/example_setup_teardown.py for tasks to queue
[2023-11-19T23:21:58.915+0000] {logging_mixin.py:154} INFO - [2023-11-19T23:21:58.914+0000] {dagbag.py:536} INFO - Filling up the DagBag from /home/airflow/.local/lib/python3.8/site-packages/airflow/example_dags/example_setup_teardown.py
[2023-11-19T23:21:58.918+0000] {processor.py:839} INFO - DAG(s) dict_keys(['example_setup_teardown']) retrieved from /home/airflow/.local/lib/python3.8/site-packages/airflow/example_dags/example_setup_teardown.py
[2023-11-19T23:21:58.927+0000] {logging_mixin.py:154} INFO - [2023-11-19T23:21:58.927+0000] {dag.py:2941} INFO - Sync 1 DAGs
[2023-11-19T23:21:58.937+0000] {logging_mixin.py:154} INFO - [2023-11-19T23:21:58.936+0000] {dag.py:3722} INFO - Setting next_dagrun for example_setup_teardown to 2023-11-18T23:21:58.936799+00:00, run_after=2023-11-19T23:21:58.936799+00:00
[2023-11-19T23:21:58.944+0000] {processor.py:179} INFO - Processing /home/airflow/.local/lib/python3.8/site-packages/airflow/example_dags/example_setup_teardown.py took 0.033 seconds
[2023-11-19T23:22:29.469+0000] {processor.py:157} INFO - Started process (PID=295) to work on /home/airflow/.local/lib/python3.8/site-packages/airflow/example_dags/example_setup_teardown.py
[2023-11-19T23:22:29.469+0000] {processor.py:829} INFO - Processing file /home/airflow/.local/lib/python3.8/site-packages/airflow/example_dags/example_setup_teardown.py for tasks to queue
[2023-11-19T23:22:29.470+0000] {logging_mixin.py:154} INFO - [2023-11-19T23:22:29.470+0000] {dagbag.py:536} INFO - Filling up the DagBag from /home/airflow/.local/lib/python3.8/site-packages/airflow/example_dags/example_setup_teardown.py
[2023-11-19T23:22:29.474+0000] {processor.py:839} INFO - DAG(s) dict_keys(['example_setup_teardown']) retrieved from /home/airflow/.local/lib/python3.8/site-packages/airflow/example_dags/example_setup_teardown.py
[2023-11-19T23:22:29.483+0000] {logging_mixin.py:154} INFO - [2023-11-19T23:22:29.483+0000] {dag.py:2941} INFO - Sync 1 DAGs
[2023-11-19T23:22:29.493+0000] {logging_mixin.py:154} INFO - [2023-11-19T23:22:29.493+0000] {dag.py:3722} INFO - Setting next_dagrun for example_setup_teardown to 2023-11-18T23:22:29.493031+00:00, run_after=2023-11-19T23:22:29.493031+00:00
[2023-11-19T23:22:29.500+0000] {processor.py:179} INFO - Processing /home/airflow/.local/lib/python3.8/site-packages/airflow/example_dags/example_setup_teardown.py took 0.033 seconds
[2023-11-19T23:22:59.864+0000] {processor.py:157} INFO - Started process (PID=349) to work on /home/airflow/.local/lib/python3.8/site-packages/airflow/example_dags/example_setup_teardown.py
[2023-11-19T23:22:59.864+0000] {processor.py:829} INFO - Processing file /home/airflow/.local/lib/python3.8/site-packages/airflow/example_dags/example_setup_teardown.py for tasks to queue
[2023-11-19T23:22:59.865+0000] {logging_mixin.py:154} INFO - [2023-11-19T23:22:59.865+0000] {dagbag.py:536} INFO - Filling up the DagBag from /home/airflow/.local/lib/python3.8/site-packages/airflow/example_dags/example_setup_teardown.py
[2023-11-19T23:22:59.869+0000] {processor.py:839} INFO - DAG(s) dict_keys(['example_setup_teardown']) retrieved from /home/airflow/.local/lib/python3.8/site-packages/airflow/example_dags/example_setup_teardown.py
[2023-11-19T23:22:59.878+0000] {logging_mixin.py:154} INFO - [2023-11-19T23:22:59.878+0000] {dag.py:2941} INFO - Sync 1 DAGs
[2023-11-19T23:22:59.886+0000] {logging_mixin.py:154} INFO - [2023-11-19T23:22:59.886+0000] {dag.py:3722} INFO - Setting next_dagrun for example_setup_teardown to 2023-11-18T23:22:59.886378+00:00, run_after=2023-11-19T23:22:59.886378+00:00
[2023-11-19T23:22:59.893+0000] {processor.py:179} INFO - Processing /home/airflow/.local/lib/python3.8/site-packages/airflow/example_dags/example_setup_teardown.py took 0.031 seconds
[2023-11-19T23:23:30.283+0000] {processor.py:157} INFO - Started process (PID=403) to work on /home/airflow/.local/lib/python3.8/site-packages/airflow/example_dags/example_setup_teardown.py
[2023-11-19T23:23:30.284+0000] {processor.py:829} INFO - Processing file /home/airflow/.local/lib/python3.8/site-packages/airflow/example_dags/example_setup_teardown.py for tasks to queue
[2023-11-19T23:23:30.285+0000] {logging_mixin.py:154} INFO - [2023-11-19T23:23:30.285+0000] {dagbag.py:536} INFO - Filling up the DagBag from /home/airflow/.local/lib/python3.8/site-packages/airflow/example_dags/example_setup_teardown.py
[2023-11-19T23:23:30.288+0000] {processor.py:839} INFO - DAG(s) dict_keys(['example_setup_teardown']) retrieved from /home/airflow/.local/lib/python3.8/site-packages/airflow/example_dags/example_setup_teardown.py
[2023-11-19T23:23:30.298+0000] {logging_mixin.py:154} INFO - [2023-11-19T23:23:30.298+0000] {dag.py:2941} INFO - Sync 1 DAGs
[2023-11-19T23:23:30.308+0000] {logging_mixin.py:154} INFO - [2023-11-19T23:23:30.308+0000] {dag.py:3722} INFO - Setting next_dagrun for example_setup_teardown to 2023-11-18T23:23:30.307920+00:00, run_after=2023-11-19T23:23:30.307920+00:00
[2023-11-19T23:23:30.315+0000] {processor.py:179} INFO - Processing /home/airflow/.local/lib/python3.8/site-packages/airflow/example_dags/example_setup_teardown.py took 0.033 seconds
[2023-11-19T23:24:00.712+0000] {processor.py:157} INFO - Started process (PID=457) to work on /home/airflow/.local/lib/python3.8/site-packages/airflow/example_dags/example_setup_teardown.py
[2023-11-19T23:24:00.713+0000] {processor.py:829} INFO - Processing file /home/airflow/.local/lib/python3.8/site-packages/airflow/example_dags/example_setup_teardown.py for tasks to queue
[2023-11-19T23:24:00.714+0000] {logging_mixin.py:154} INFO - [2023-11-19T23:24:00.714+0000] {dagbag.py:536} INFO - Filling up the DagBag from /home/airflow/.local/lib/python3.8/site-packages/airflow/example_dags/example_setup_teardown.py
[2023-11-19T23:24:00.718+0000] {processor.py:839} INFO - DAG(s) dict_keys(['example_setup_teardown']) retrieved from /home/airflow/.local/lib/python3.8/site-packages/airflow/example_dags/example_setup_teardown.py
[2023-11-19T23:24:00.727+0000] {logging_mixin.py:154} INFO - [2023-11-19T23:24:00.727+0000] {dag.py:2941} INFO - Sync 1 DAGs
[2023-11-19T23:24:00.736+0000] {logging_mixin.py:154} INFO - [2023-11-19T23:24:00.736+0000] {dag.py:3722} INFO - Setting next_dagrun for example_setup_teardown to 2023-11-18T23:24:00.736692+00:00, run_after=2023-11-19T23:24:00.736692+00:00
[2023-11-19T23:24:00.743+0000] {processor.py:179} INFO - Processing /home/airflow/.local/lib/python3.8/site-packages/airflow/example_dags/example_setup_teardown.py took 0.033 seconds
[2023-11-19T23:24:31.194+0000] {processor.py:157} INFO - Started process (PID=511) to work on /home/airflow/.local/lib/python3.8/site-packages/airflow/example_dags/example_setup_teardown.py
[2023-11-19T23:24:31.195+0000] {processor.py:829} INFO - Processing file /home/airflow/.local/lib/python3.8/site-packages/airflow/example_dags/example_setup_teardown.py for tasks to queue
[2023-11-19T23:24:31.196+0000] {logging_mixin.py:154} INFO - [2023-11-19T23:24:31.196+0000] {dagbag.py:536} INFO - Filling up the DagBag from /home/airflow/.local/lib/python3.8/site-packages/airflow/example_dags/example_setup_teardown.py
[2023-11-19T23:24:31.199+0000] {processor.py:839} INFO - DAG(s) dict_keys(['example_setup_teardown']) retrieved from /home/airflow/.local/lib/python3.8/site-packages/airflow/example_dags/example_setup_teardown.py
[2023-11-19T23:24:31.208+0000] {logging_mixin.py:154} INFO - [2023-11-19T23:24:31.208+0000] {dag.py:2941} INFO - Sync 1 DAGs
[2023-11-19T23:24:31.217+0000] {logging_mixin.py:154} INFO - [2023-11-19T23:24:31.216+0000] {dag.py:3722} INFO - Setting next_dagrun for example_setup_teardown to 2023-11-18T23:24:31.216844+00:00, run_after=2023-11-19T23:24:31.216844+00:00
[2023-11-19T23:24:31.223+0000] {processor.py:179} INFO - Processing /home/airflow/.local/lib/python3.8/site-packages/airflow/example_dags/example_setup_teardown.py took 0.030 seconds
[2023-11-19T23:25:01.711+0000] {processor.py:157} INFO - Started process (PID=565) to work on /home/airflow/.local/lib/python3.8/site-packages/airflow/example_dags/example_setup_teardown.py
[2023-11-19T23:25:01.712+0000] {processor.py:829} INFO - Processing file /home/airflow/.local/lib/python3.8/site-packages/airflow/example_dags/example_setup_teardown.py for tasks to queue
[2023-11-19T23:25:01.713+0000] {logging_mixin.py:154} INFO - [2023-11-19T23:25:01.713+0000] {dagbag.py:536} INFO - Filling up the DagBag from /home/airflow/.local/lib/python3.8/site-packages/airflow/example_dags/example_setup_teardown.py
[2023-11-19T23:25:01.717+0000] {processor.py:839} INFO - DAG(s) dict_keys(['example_setup_teardown']) retrieved from /home/airflow/.local/lib/python3.8/site-packages/airflow/example_dags/example_setup_teardown.py
[2023-11-19T23:25:01.727+0000] {logging_mixin.py:154} INFO - [2023-11-19T23:25:01.727+0000] {dag.py:2941} INFO - Sync 1 DAGs
[2023-11-19T23:25:01.736+0000] {logging_mixin.py:154} INFO - [2023-11-19T23:25:01.736+0000] {dag.py:3722} INFO - Setting next_dagrun for example_setup_teardown to 2023-11-18T23:25:01.736734+00:00, run_after=2023-11-19T23:25:01.736734+00:00
[2023-11-19T23:25:01.743+0000] {processor.py:179} INFO - Processing /home/airflow/.local/lib/python3.8/site-packages/airflow/example_dags/example_setup_teardown.py took 0.034 seconds
[2023-11-19T23:25:32.259+0000] {processor.py:157} INFO - Started process (PID=619) to work on /home/airflow/.local/lib/python3.8/site-packages/airflow/example_dags/example_setup_teardown.py
[2023-11-19T23:25:32.260+0000] {processor.py:829} INFO - Processing file /home/airflow/.local/lib/python3.8/site-packages/airflow/example_dags/example_setup_teardown.py for tasks to queue
[2023-11-19T23:25:32.261+0000] {logging_mixin.py:154} INFO - [2023-11-19T23:25:32.261+0000] {dagbag.py:536} INFO - Filling up the DagBag from /home/airflow/.local/lib/python3.8/site-packages/airflow/example_dags/example_setup_teardown.py
[2023-11-19T23:25:32.264+0000] {processor.py:839} INFO - DAG(s) dict_keys(['example_setup_teardown']) retrieved from /home/airflow/.local/lib/python3.8/site-packages/airflow/example_dags/example_setup_teardown.py
[2023-11-19T23:25:32.274+0000] {logging_mixin.py:154} INFO - [2023-11-19T23:25:32.274+0000] {dag.py:2941} INFO - Sync 1 DAGs
[2023-11-19T23:25:32.283+0000] {logging_mixin.py:154} INFO - [2023-11-19T23:25:32.283+0000] {dag.py:3722} INFO - Setting next_dagrun for example_setup_teardown to 2023-11-18T23:25:32.283191+00:00, run_after=2023-11-19T23:25:32.283191+00:00
[2023-11-19T23:25:32.290+0000] {processor.py:179} INFO - Processing /home/airflow/.local/lib/python3.8/site-packages/airflow/example_dags/example_setup_teardown.py took 0.033 seconds
[2023-11-19T23:31:24.644+0000] {processor.py:157} INFO - Started process (PID=80) to work on /home/airflow/.local/lib/python3.8/site-packages/airflow/example_dags/example_setup_teardown.py
[2023-11-19T23:31:24.644+0000] {processor.py:829} INFO - Processing file /home/airflow/.local/lib/python3.8/site-packages/airflow/example_dags/example_setup_teardown.py for tasks to queue
[2023-11-19T23:31:24.645+0000] {logging_mixin.py:154} INFO - [2023-11-19T23:31:24.645+0000] {dagbag.py:536} INFO - Filling up the DagBag from /home/airflow/.local/lib/python3.8/site-packages/airflow/example_dags/example_setup_teardown.py
[2023-11-19T23:31:24.650+0000] {processor.py:839} INFO - DAG(s) dict_keys(['example_setup_teardown']) retrieved from /home/airflow/.local/lib/python3.8/site-packages/airflow/example_dags/example_setup_teardown.py
[2023-11-19T23:31:24.695+0000] {logging_mixin.py:154} INFO - [2023-11-19T23:31:24.695+0000] {manager.py:499} INFO - Created Permission View: %s
[2023-11-19T23:31:24.699+0000] {logging_mixin.py:154} INFO - [2023-11-19T23:31:24.699+0000] {manager.py:499} INFO - Created Permission View: %s
[2023-11-19T23:31:24.701+0000] {logging_mixin.py:154} INFO - [2023-11-19T23:31:24.701+0000] {manager.py:499} INFO - Created Permission View: %s
[2023-11-19T23:31:24.702+0000] {logging_mixin.py:154} INFO - [2023-11-19T23:31:24.702+0000] {dag.py:2941} INFO - Sync 1 DAGs
[2023-11-19T23:31:24.706+0000] {logging_mixin.py:154} INFO - [2023-11-19T23:31:24.706+0000] {dag.py:2963} INFO - Creating ORM DAG for example_setup_teardown
[2023-11-19T23:31:24.711+0000] {logging_mixin.py:154} INFO - [2023-11-19T23:31:24.710+0000] {dag.py:3722} INFO - Setting next_dagrun for example_setup_teardown to 2023-11-18T23:31:24.710769+00:00, run_after=2023-11-19T23:31:24.710769+00:00
[2023-11-19T23:31:24.717+0000] {processor.py:179} INFO - Processing /home/airflow/.local/lib/python3.8/site-packages/airflow/example_dags/example_setup_teardown.py took 0.075 seconds
[2023-11-19T23:31:55.683+0000] {processor.py:157} INFO - Started process (PID=134) to work on /home/airflow/.local/lib/python3.8/site-packages/airflow/example_dags/example_setup_teardown.py
[2023-11-19T23:31:55.683+0000] {processor.py:829} INFO - Processing file /home/airflow/.local/lib/python3.8/site-packages/airflow/example_dags/example_setup_teardown.py for tasks to queue
[2023-11-19T23:31:55.684+0000] {logging_mixin.py:154} INFO - [2023-11-19T23:31:55.684+0000] {dagbag.py:536} INFO - Filling up the DagBag from /home/airflow/.local/lib/python3.8/site-packages/airflow/example_dags/example_setup_teardown.py
[2023-11-19T23:31:55.688+0000] {processor.py:839} INFO - DAG(s) dict_keys(['example_setup_teardown']) retrieved from /home/airflow/.local/lib/python3.8/site-packages/airflow/example_dags/example_setup_teardown.py
[2023-11-19T23:31:55.698+0000] {logging_mixin.py:154} INFO - [2023-11-19T23:31:55.698+0000] {dag.py:2941} INFO - Sync 1 DAGs
[2023-11-19T23:31:55.708+0000] {logging_mixin.py:154} INFO - [2023-11-19T23:31:55.708+0000] {dag.py:3722} INFO - Setting next_dagrun for example_setup_teardown to 2023-11-18T23:31:55.708123+00:00, run_after=2023-11-19T23:31:55.708123+00:00
[2023-11-19T23:31:55.716+0000] {processor.py:179} INFO - Processing /home/airflow/.local/lib/python3.8/site-packages/airflow/example_dags/example_setup_teardown.py took 0.035 seconds
[2023-11-19T23:32:26.165+0000] {processor.py:157} INFO - Started process (PID=188) to work on /home/airflow/.local/lib/python3.8/site-packages/airflow/example_dags/example_setup_teardown.py
[2023-11-19T23:32:26.165+0000] {processor.py:829} INFO - Processing file /home/airflow/.local/lib/python3.8/site-packages/airflow/example_dags/example_setup_teardown.py for tasks to queue
[2023-11-19T23:32:26.167+0000] {logging_mixin.py:154} INFO - [2023-11-19T23:32:26.166+0000] {dagbag.py:536} INFO - Filling up the DagBag from /home/airflow/.local/lib/python3.8/site-packages/airflow/example_dags/example_setup_teardown.py
[2023-11-19T23:32:26.170+0000] {processor.py:839} INFO - DAG(s) dict_keys(['example_setup_teardown']) retrieved from /home/airflow/.local/lib/python3.8/site-packages/airflow/example_dags/example_setup_teardown.py
[2023-11-19T23:32:26.180+0000] {logging_mixin.py:154} INFO - [2023-11-19T23:32:26.180+0000] {dag.py:2941} INFO - Sync 1 DAGs
[2023-11-19T23:32:26.189+0000] {logging_mixin.py:154} INFO - [2023-11-19T23:32:26.189+0000] {dag.py:3722} INFO - Setting next_dagrun for example_setup_teardown to 2023-11-18T23:32:26.189711+00:00, run_after=2023-11-19T23:32:26.189711+00:00
[2023-11-19T23:32:26.196+0000] {processor.py:179} INFO - Processing /home/airflow/.local/lib/python3.8/site-packages/airflow/example_dags/example_setup_teardown.py took 0.033 seconds
[2023-11-19T23:32:56.645+0000] {processor.py:157} INFO - Started process (PID=242) to work on /home/airflow/.local/lib/python3.8/site-packages/airflow/example_dags/example_setup_teardown.py
[2023-11-19T23:32:56.645+0000] {processor.py:829} INFO - Processing file /home/airflow/.local/lib/python3.8/site-packages/airflow/example_dags/example_setup_teardown.py for tasks to queue
[2023-11-19T23:32:56.646+0000] {logging_mixin.py:154} INFO - [2023-11-19T23:32:56.646+0000] {dagbag.py:536} INFO - Filling up the DagBag from /home/airflow/.local/lib/python3.8/site-packages/airflow/example_dags/example_setup_teardown.py
[2023-11-19T23:32:56.650+0000] {processor.py:839} INFO - DAG(s) dict_keys(['example_setup_teardown']) retrieved from /home/airflow/.local/lib/python3.8/site-packages/airflow/example_dags/example_setup_teardown.py
[2023-11-19T23:32:56.660+0000] {logging_mixin.py:154} INFO - [2023-11-19T23:32:56.659+0000] {dag.py:2941} INFO - Sync 1 DAGs
[2023-11-19T23:32:56.668+0000] {logging_mixin.py:154} INFO - [2023-11-19T23:32:56.668+0000] {dag.py:3722} INFO - Setting next_dagrun for example_setup_teardown to 2023-11-18T23:32:56.668481+00:00, run_after=2023-11-19T23:32:56.668481+00:00
[2023-11-19T23:32:56.675+0000] {processor.py:179} INFO - Processing /home/airflow/.local/lib/python3.8/site-packages/airflow/example_dags/example_setup_teardown.py took 0.032 seconds
[2023-11-19T23:33:27.152+0000] {processor.py:157} INFO - Started process (PID=296) to work on /home/airflow/.local/lib/python3.8/site-packages/airflow/example_dags/example_setup_teardown.py
[2023-11-19T23:33:27.153+0000] {processor.py:829} INFO - Processing file /home/airflow/.local/lib/python3.8/site-packages/airflow/example_dags/example_setup_teardown.py for tasks to queue
[2023-11-19T23:33:27.154+0000] {logging_mixin.py:154} INFO - [2023-11-19T23:33:27.154+0000] {dagbag.py:536} INFO - Filling up the DagBag from /home/airflow/.local/lib/python3.8/site-packages/airflow/example_dags/example_setup_teardown.py
[2023-11-19T23:33:27.158+0000] {processor.py:839} INFO - DAG(s) dict_keys(['example_setup_teardown']) retrieved from /home/airflow/.local/lib/python3.8/site-packages/airflow/example_dags/example_setup_teardown.py
[2023-11-19T23:33:27.168+0000] {logging_mixin.py:154} INFO - [2023-11-19T23:33:27.168+0000] {dag.py:2941} INFO - Sync 1 DAGs
[2023-11-19T23:33:27.177+0000] {logging_mixin.py:154} INFO - [2023-11-19T23:33:27.177+0000] {dag.py:3722} INFO - Setting next_dagrun for example_setup_teardown to 2023-11-18T23:33:27.177443+00:00, run_after=2023-11-19T23:33:27.177443+00:00
[2023-11-19T23:33:27.185+0000] {processor.py:179} INFO - Processing /home/airflow/.local/lib/python3.8/site-packages/airflow/example_dags/example_setup_teardown.py took 0.035 seconds
[2023-11-19T23:33:57.654+0000] {processor.py:157} INFO - Started process (PID=350) to work on /home/airflow/.local/lib/python3.8/site-packages/airflow/example_dags/example_setup_teardown.py
[2023-11-19T23:33:57.654+0000] {processor.py:829} INFO - Processing file /home/airflow/.local/lib/python3.8/site-packages/airflow/example_dags/example_setup_teardown.py for tasks to queue
[2023-11-19T23:33:57.656+0000] {logging_mixin.py:154} INFO - [2023-11-19T23:33:57.655+0000] {dagbag.py:536} INFO - Filling up the DagBag from /home/airflow/.local/lib/python3.8/site-packages/airflow/example_dags/example_setup_teardown.py
[2023-11-19T23:33:57.659+0000] {processor.py:839} INFO - DAG(s) dict_keys(['example_setup_teardown']) retrieved from /home/airflow/.local/lib/python3.8/site-packages/airflow/example_dags/example_setup_teardown.py
[2023-11-19T23:33:57.669+0000] {logging_mixin.py:154} INFO - [2023-11-19T23:33:57.668+0000] {dag.py:2941} INFO - Sync 1 DAGs
[2023-11-19T23:33:57.677+0000] {logging_mixin.py:154} INFO - [2023-11-19T23:33:57.677+0000] {dag.py:3722} INFO - Setting next_dagrun for example_setup_teardown to 2023-11-18T23:33:57.677410+00:00, run_after=2023-11-19T23:33:57.677410+00:00
[2023-11-19T23:33:57.684+0000] {processor.py:179} INFO - Processing /home/airflow/.local/lib/python3.8/site-packages/airflow/example_dags/example_setup_teardown.py took 0.031 seconds
[2023-11-19T23:34:28.052+0000] {processor.py:157} INFO - Started process (PID=404) to work on /home/airflow/.local/lib/python3.8/site-packages/airflow/example_dags/example_setup_teardown.py
[2023-11-19T23:34:28.053+0000] {processor.py:829} INFO - Processing file /home/airflow/.local/lib/python3.8/site-packages/airflow/example_dags/example_setup_teardown.py for tasks to queue
[2023-11-19T23:34:28.054+0000] {logging_mixin.py:154} INFO - [2023-11-19T23:34:28.053+0000] {dagbag.py:536} INFO - Filling up the DagBag from /home/airflow/.local/lib/python3.8/site-packages/airflow/example_dags/example_setup_teardown.py
[2023-11-19T23:34:28.057+0000] {processor.py:839} INFO - DAG(s) dict_keys(['example_setup_teardown']) retrieved from /home/airflow/.local/lib/python3.8/site-packages/airflow/example_dags/example_setup_teardown.py
[2023-11-19T23:34:28.067+0000] {logging_mixin.py:154} INFO - [2023-11-19T23:34:28.067+0000] {dag.py:2941} INFO - Sync 1 DAGs
[2023-11-19T23:34:28.076+0000] {logging_mixin.py:154} INFO - [2023-11-19T23:34:28.076+0000] {dag.py:3722} INFO - Setting next_dagrun for example_setup_teardown to 2023-11-18T23:34:28.076382+00:00, run_after=2023-11-19T23:34:28.076382+00:00
[2023-11-19T23:34:28.083+0000] {processor.py:179} INFO - Processing /home/airflow/.local/lib/python3.8/site-packages/airflow/example_dags/example_setup_teardown.py took 0.033 seconds
[2023-11-19T23:34:58.552+0000] {processor.py:157} INFO - Started process (PID=458) to work on /home/airflow/.local/lib/python3.8/site-packages/airflow/example_dags/example_setup_teardown.py
[2023-11-19T23:34:58.553+0000] {processor.py:829} INFO - Processing file /home/airflow/.local/lib/python3.8/site-packages/airflow/example_dags/example_setup_teardown.py for tasks to queue
[2023-11-19T23:34:58.554+0000] {logging_mixin.py:154} INFO - [2023-11-19T23:34:58.554+0000] {dagbag.py:536} INFO - Filling up the DagBag from /home/airflow/.local/lib/python3.8/site-packages/airflow/example_dags/example_setup_teardown.py
[2023-11-19T23:34:58.557+0000] {processor.py:839} INFO - DAG(s) dict_keys(['example_setup_teardown']) retrieved from /home/airflow/.local/lib/python3.8/site-packages/airflow/example_dags/example_setup_teardown.py
[2023-11-19T23:34:58.566+0000] {logging_mixin.py:154} INFO - [2023-11-19T23:34:58.566+0000] {dag.py:2941} INFO - Sync 1 DAGs
[2023-11-19T23:34:58.574+0000] {logging_mixin.py:154} INFO - [2023-11-19T23:34:58.574+0000] {dag.py:3722} INFO - Setting next_dagrun for example_setup_teardown to 2023-11-18T23:34:58.574713+00:00, run_after=2023-11-19T23:34:58.574713+00:00
[2023-11-19T23:34:58.582+0000] {processor.py:179} INFO - Processing /home/airflow/.local/lib/python3.8/site-packages/airflow/example_dags/example_setup_teardown.py took 0.031 seconds
[2023-11-19T23:35:29.159+0000] {processor.py:157} INFO - Started process (PID=512) to work on /home/airflow/.local/lib/python3.8/site-packages/airflow/example_dags/example_setup_teardown.py
[2023-11-19T23:35:29.159+0000] {processor.py:829} INFO - Processing file /home/airflow/.local/lib/python3.8/site-packages/airflow/example_dags/example_setup_teardown.py for tasks to queue
[2023-11-19T23:35:29.161+0000] {logging_mixin.py:154} INFO - [2023-11-19T23:35:29.160+0000] {dagbag.py:536} INFO - Filling up the DagBag from /home/airflow/.local/lib/python3.8/site-packages/airflow/example_dags/example_setup_teardown.py
[2023-11-19T23:35:29.164+0000] {processor.py:839} INFO - DAG(s) dict_keys(['example_setup_teardown']) retrieved from /home/airflow/.local/lib/python3.8/site-packages/airflow/example_dags/example_setup_teardown.py
[2023-11-19T23:35:29.174+0000] {logging_mixin.py:154} INFO - [2023-11-19T23:35:29.174+0000] {dag.py:2941} INFO - Sync 1 DAGs
[2023-11-19T23:35:29.183+0000] {logging_mixin.py:154} INFO - [2023-11-19T23:35:29.183+0000] {dag.py:3722} INFO - Setting next_dagrun for example_setup_teardown to 2023-11-18T23:35:29.183381+00:00, run_after=2023-11-19T23:35:29.183381+00:00
[2023-11-19T23:35:29.190+0000] {processor.py:179} INFO - Processing /home/airflow/.local/lib/python3.8/site-packages/airflow/example_dags/example_setup_teardown.py took 0.033 seconds
[2023-11-19T23:35:59.630+0000] {processor.py:157} INFO - Started process (PID=566) to work on /home/airflow/.local/lib/python3.8/site-packages/airflow/example_dags/example_setup_teardown.py
[2023-11-19T23:35:59.631+0000] {processor.py:829} INFO - Processing file /home/airflow/.local/lib/python3.8/site-packages/airflow/example_dags/example_setup_teardown.py for tasks to queue
[2023-11-19T23:35:59.632+0000] {logging_mixin.py:154} INFO - [2023-11-19T23:35:59.632+0000] {dagbag.py:536} INFO - Filling up the DagBag from /home/airflow/.local/lib/python3.8/site-packages/airflow/example_dags/example_setup_teardown.py
[2023-11-19T23:35:59.636+0000] {processor.py:839} INFO - DAG(s) dict_keys(['example_setup_teardown']) retrieved from /home/airflow/.local/lib/python3.8/site-packages/airflow/example_dags/example_setup_teardown.py
[2023-11-19T23:35:59.647+0000] {logging_mixin.py:154} INFO - [2023-11-19T23:35:59.647+0000] {dag.py:2941} INFO - Sync 1 DAGs
[2023-11-19T23:35:59.656+0000] {logging_mixin.py:154} INFO - [2023-11-19T23:35:59.656+0000] {dag.py:3722} INFO - Setting next_dagrun for example_setup_teardown to 2023-11-18T23:35:59.656182+00:00, run_after=2023-11-19T23:35:59.656182+00:00
[2023-11-19T23:35:59.663+0000] {processor.py:179} INFO - Processing /home/airflow/.local/lib/python3.8/site-packages/airflow/example_dags/example_setup_teardown.py took 0.035 seconds
