[2023-11-19T23:20:27.240+0000] {processor.py:157} INFO - Started process (PID=66) to work on /home/airflow/.local/lib/python3.8/site-packages/airflow/example_dags/example_latest_only.py
[2023-11-19T23:20:27.241+0000] {processor.py:829} INFO - Processing file /home/airflow/.local/lib/python3.8/site-packages/airflow/example_dags/example_latest_only.py for tasks to queue
[2023-11-19T23:20:27.242+0000] {logging_mixin.py:154} INFO - [2023-11-19T23:20:27.242+0000] {dagbag.py:536} INFO - Filling up the DagBag from /home/airflow/.local/lib/python3.8/site-packages/airflow/example_dags/example_latest_only.py
[2023-11-19T23:20:27.246+0000] {processor.py:839} INFO - DAG(s) dict_keys(['latest_only']) retrieved from /home/airflow/.local/lib/python3.8/site-packages/airflow/example_dags/example_latest_only.py
[2023-11-19T23:20:27.307+0000] {logging_mixin.py:154} INFO - [2023-11-19T23:20:27.307+0000] {manager.py:499} INFO - Created Permission View: %s
[2023-11-19T23:20:27.313+0000] {logging_mixin.py:154} INFO - [2023-11-19T23:20:27.313+0000] {manager.py:499} INFO - Created Permission View: %s
[2023-11-19T23:20:27.317+0000] {logging_mixin.py:154} INFO - [2023-11-19T23:20:27.317+0000] {manager.py:499} INFO - Created Permission View: %s
[2023-11-19T23:20:27.317+0000] {logging_mixin.py:154} INFO - [2023-11-19T23:20:27.317+0000] {dag.py:2941} INFO - Sync 1 DAGs
[2023-11-19T23:20:27.324+0000] {logging_mixin.py:154} INFO - [2023-11-19T23:20:27.324+0000] {dag.py:2963} INFO - Creating ORM DAG for latest_only
[2023-11-19T23:20:27.330+0000] {logging_mixin.py:154} INFO - [2023-11-19T23:20:27.330+0000] {dag.py:3722} INFO - Setting next_dagrun for latest_only to 2023-11-19T19:20:27.330317+00:00, run_after=2023-11-19T23:20:27.330317+00:00
[2023-11-19T23:20:27.340+0000] {processor.py:179} INFO - Processing /home/airflow/.local/lib/python3.8/site-packages/airflow/example_dags/example_latest_only.py took 0.102 seconds
[2023-11-19T23:20:57.511+0000] {processor.py:157} INFO - Started process (PID=120) to work on /home/airflow/.local/lib/python3.8/site-packages/airflow/example_dags/example_latest_only.py
[2023-11-19T23:20:57.512+0000] {processor.py:829} INFO - Processing file /home/airflow/.local/lib/python3.8/site-packages/airflow/example_dags/example_latest_only.py for tasks to queue
[2023-11-19T23:20:57.513+0000] {logging_mixin.py:154} INFO - [2023-11-19T23:20:57.513+0000] {dagbag.py:536} INFO - Filling up the DagBag from /home/airflow/.local/lib/python3.8/site-packages/airflow/example_dags/example_latest_only.py
[2023-11-19T23:20:57.515+0000] {processor.py:839} INFO - DAG(s) dict_keys(['latest_only']) retrieved from /home/airflow/.local/lib/python3.8/site-packages/airflow/example_dags/example_latest_only.py
[2023-11-19T23:20:57.525+0000] {logging_mixin.py:154} INFO - [2023-11-19T23:20:57.525+0000] {dag.py:2941} INFO - Sync 1 DAGs
[2023-11-19T23:20:57.533+0000] {logging_mixin.py:154} INFO - [2023-11-19T23:20:57.533+0000] {dag.py:3722} INFO - Setting next_dagrun for latest_only to 2023-11-19T19:20:57.533368+00:00, run_after=2023-11-19T23:20:57.533368+00:00
[2023-11-19T23:20:57.539+0000] {processor.py:179} INFO - Processing /home/airflow/.local/lib/python3.8/site-packages/airflow/example_dags/example_latest_only.py took 0.030 seconds
[2023-11-19T23:21:28.151+0000] {processor.py:157} INFO - Started process (PID=174) to work on /home/airflow/.local/lib/python3.8/site-packages/airflow/example_dags/example_latest_only.py
[2023-11-19T23:21:28.151+0000] {processor.py:829} INFO - Processing file /home/airflow/.local/lib/python3.8/site-packages/airflow/example_dags/example_latest_only.py for tasks to queue
[2023-11-19T23:21:28.152+0000] {logging_mixin.py:154} INFO - [2023-11-19T23:21:28.152+0000] {dagbag.py:536} INFO - Filling up the DagBag from /home/airflow/.local/lib/python3.8/site-packages/airflow/example_dags/example_latest_only.py
[2023-11-19T23:21:28.155+0000] {processor.py:839} INFO - DAG(s) dict_keys(['latest_only']) retrieved from /home/airflow/.local/lib/python3.8/site-packages/airflow/example_dags/example_latest_only.py
[2023-11-19T23:21:28.165+0000] {logging_mixin.py:154} INFO - [2023-11-19T23:21:28.165+0000] {dag.py:2941} INFO - Sync 1 DAGs
[2023-11-19T23:21:28.174+0000] {logging_mixin.py:154} INFO - [2023-11-19T23:21:28.173+0000] {dag.py:3722} INFO - Setting next_dagrun for latest_only to 2023-11-19T19:21:28.173845+00:00, run_after=2023-11-19T23:21:28.173845+00:00
[2023-11-19T23:21:28.180+0000] {processor.py:179} INFO - Processing /home/airflow/.local/lib/python3.8/site-packages/airflow/example_dags/example_latest_only.py took 0.031 seconds
[2023-11-19T23:21:58.623+0000] {processor.py:157} INFO - Started process (PID=228) to work on /home/airflow/.local/lib/python3.8/site-packages/airflow/example_dags/example_latest_only.py
[2023-11-19T23:21:58.623+0000] {processor.py:829} INFO - Processing file /home/airflow/.local/lib/python3.8/site-packages/airflow/example_dags/example_latest_only.py for tasks to queue
[2023-11-19T23:21:58.624+0000] {logging_mixin.py:154} INFO - [2023-11-19T23:21:58.624+0000] {dagbag.py:536} INFO - Filling up the DagBag from /home/airflow/.local/lib/python3.8/site-packages/airflow/example_dags/example_latest_only.py
[2023-11-19T23:21:58.627+0000] {processor.py:839} INFO - DAG(s) dict_keys(['latest_only']) retrieved from /home/airflow/.local/lib/python3.8/site-packages/airflow/example_dags/example_latest_only.py
[2023-11-19T23:21:58.636+0000] {logging_mixin.py:154} INFO - [2023-11-19T23:21:58.636+0000] {dag.py:2941} INFO - Sync 1 DAGs
[2023-11-19T23:21:58.644+0000] {logging_mixin.py:154} INFO - [2023-11-19T23:21:58.644+0000] {dag.py:3722} INFO - Setting next_dagrun for latest_only to 2023-11-19T19:21:58.644725+00:00, run_after=2023-11-19T23:21:58.644725+00:00
[2023-11-19T23:21:58.651+0000] {processor.py:179} INFO - Processing /home/airflow/.local/lib/python3.8/site-packages/airflow/example_dags/example_latest_only.py took 0.030 seconds
[2023-11-19T23:22:29.069+0000] {processor.py:157} INFO - Started process (PID=282) to work on /home/airflow/.local/lib/python3.8/site-packages/airflow/example_dags/example_latest_only.py
[2023-11-19T23:22:29.069+0000] {processor.py:829} INFO - Processing file /home/airflow/.local/lib/python3.8/site-packages/airflow/example_dags/example_latest_only.py for tasks to queue
[2023-11-19T23:22:29.070+0000] {logging_mixin.py:154} INFO - [2023-11-19T23:22:29.070+0000] {dagbag.py:536} INFO - Filling up the DagBag from /home/airflow/.local/lib/python3.8/site-packages/airflow/example_dags/example_latest_only.py
[2023-11-19T23:22:29.073+0000] {processor.py:839} INFO - DAG(s) dict_keys(['latest_only']) retrieved from /home/airflow/.local/lib/python3.8/site-packages/airflow/example_dags/example_latest_only.py
[2023-11-19T23:22:29.082+0000] {logging_mixin.py:154} INFO - [2023-11-19T23:22:29.082+0000] {dag.py:2941} INFO - Sync 1 DAGs
[2023-11-19T23:22:29.090+0000] {logging_mixin.py:154} INFO - [2023-11-19T23:22:29.090+0000] {dag.py:3722} INFO - Setting next_dagrun for latest_only to 2023-11-19T19:22:29.090310+00:00, run_after=2023-11-19T23:22:29.090310+00:00
[2023-11-19T23:22:29.097+0000] {processor.py:179} INFO - Processing /home/airflow/.local/lib/python3.8/site-packages/airflow/example_dags/example_latest_only.py took 0.030 seconds
[2023-11-19T23:22:59.512+0000] {processor.py:157} INFO - Started process (PID=336) to work on /home/airflow/.local/lib/python3.8/site-packages/airflow/example_dags/example_latest_only.py
[2023-11-19T23:22:59.513+0000] {processor.py:829} INFO - Processing file /home/airflow/.local/lib/python3.8/site-packages/airflow/example_dags/example_latest_only.py for tasks to queue
[2023-11-19T23:22:59.514+0000] {logging_mixin.py:154} INFO - [2023-11-19T23:22:59.514+0000] {dagbag.py:536} INFO - Filling up the DagBag from /home/airflow/.local/lib/python3.8/site-packages/airflow/example_dags/example_latest_only.py
[2023-11-19T23:22:59.516+0000] {processor.py:839} INFO - DAG(s) dict_keys(['latest_only']) retrieved from /home/airflow/.local/lib/python3.8/site-packages/airflow/example_dags/example_latest_only.py
[2023-11-19T23:22:59.525+0000] {logging_mixin.py:154} INFO - [2023-11-19T23:22:59.525+0000] {dag.py:2941} INFO - Sync 1 DAGs
[2023-11-19T23:22:59.533+0000] {logging_mixin.py:154} INFO - [2023-11-19T23:22:59.533+0000] {dag.py:3722} INFO - Setting next_dagrun for latest_only to 2023-11-19T19:22:59.533795+00:00, run_after=2023-11-19T23:22:59.533795+00:00
[2023-11-19T23:22:59.540+0000] {processor.py:179} INFO - Processing /home/airflow/.local/lib/python3.8/site-packages/airflow/example_dags/example_latest_only.py took 0.029 seconds
[2023-11-19T23:23:29.914+0000] {processor.py:157} INFO - Started process (PID=390) to work on /home/airflow/.local/lib/python3.8/site-packages/airflow/example_dags/example_latest_only.py
[2023-11-19T23:23:29.915+0000] {processor.py:829} INFO - Processing file /home/airflow/.local/lib/python3.8/site-packages/airflow/example_dags/example_latest_only.py for tasks to queue
[2023-11-19T23:23:29.916+0000] {logging_mixin.py:154} INFO - [2023-11-19T23:23:29.916+0000] {dagbag.py:536} INFO - Filling up the DagBag from /home/airflow/.local/lib/python3.8/site-packages/airflow/example_dags/example_latest_only.py
[2023-11-19T23:23:29.918+0000] {processor.py:839} INFO - DAG(s) dict_keys(['latest_only']) retrieved from /home/airflow/.local/lib/python3.8/site-packages/airflow/example_dags/example_latest_only.py
[2023-11-19T23:23:29.929+0000] {logging_mixin.py:154} INFO - [2023-11-19T23:23:29.929+0000] {dag.py:2941} INFO - Sync 1 DAGs
[2023-11-19T23:23:29.938+0000] {logging_mixin.py:154} INFO - [2023-11-19T23:23:29.938+0000] {dag.py:3722} INFO - Setting next_dagrun for latest_only to 2023-11-19T19:23:29.937906+00:00, run_after=2023-11-19T23:23:29.937906+00:00
[2023-11-19T23:23:29.944+0000] {processor.py:179} INFO - Processing /home/airflow/.local/lib/python3.8/site-packages/airflow/example_dags/example_latest_only.py took 0.032 seconds
[2023-11-19T23:24:00.366+0000] {processor.py:157} INFO - Started process (PID=444) to work on /home/airflow/.local/lib/python3.8/site-packages/airflow/example_dags/example_latest_only.py
[2023-11-19T23:24:00.367+0000] {processor.py:829} INFO - Processing file /home/airflow/.local/lib/python3.8/site-packages/airflow/example_dags/example_latest_only.py for tasks to queue
[2023-11-19T23:24:00.368+0000] {logging_mixin.py:154} INFO - [2023-11-19T23:24:00.368+0000] {dagbag.py:536} INFO - Filling up the DagBag from /home/airflow/.local/lib/python3.8/site-packages/airflow/example_dags/example_latest_only.py
[2023-11-19T23:24:00.370+0000] {processor.py:839} INFO - DAG(s) dict_keys(['latest_only']) retrieved from /home/airflow/.local/lib/python3.8/site-packages/airflow/example_dags/example_latest_only.py
[2023-11-19T23:24:00.380+0000] {logging_mixin.py:154} INFO - [2023-11-19T23:24:00.380+0000] {dag.py:2941} INFO - Sync 1 DAGs
[2023-11-19T23:24:00.389+0000] {logging_mixin.py:154} INFO - [2023-11-19T23:24:00.389+0000] {dag.py:3722} INFO - Setting next_dagrun for latest_only to 2023-11-19T19:24:00.389329+00:00, run_after=2023-11-19T23:24:00.389329+00:00
[2023-11-19T23:24:00.396+0000] {processor.py:179} INFO - Processing /home/airflow/.local/lib/python3.8/site-packages/airflow/example_dags/example_latest_only.py took 0.032 seconds
[2023-11-19T23:24:30.819+0000] {processor.py:157} INFO - Started process (PID=498) to work on /home/airflow/.local/lib/python3.8/site-packages/airflow/example_dags/example_latest_only.py
[2023-11-19T23:24:30.820+0000] {processor.py:829} INFO - Processing file /home/airflow/.local/lib/python3.8/site-packages/airflow/example_dags/example_latest_only.py for tasks to queue
[2023-11-19T23:24:30.821+0000] {logging_mixin.py:154} INFO - [2023-11-19T23:24:30.821+0000] {dagbag.py:536} INFO - Filling up the DagBag from /home/airflow/.local/lib/python3.8/site-packages/airflow/example_dags/example_latest_only.py
[2023-11-19T23:24:30.824+0000] {processor.py:839} INFO - DAG(s) dict_keys(['latest_only']) retrieved from /home/airflow/.local/lib/python3.8/site-packages/airflow/example_dags/example_latest_only.py
[2023-11-19T23:24:30.833+0000] {logging_mixin.py:154} INFO - [2023-11-19T23:24:30.832+0000] {dag.py:2941} INFO - Sync 1 DAGs
[2023-11-19T23:24:30.841+0000] {logging_mixin.py:154} INFO - [2023-11-19T23:24:30.841+0000] {dag.py:3722} INFO - Setting next_dagrun for latest_only to 2023-11-19T19:24:30.841383+00:00, run_after=2023-11-19T23:24:30.841383+00:00
[2023-11-19T23:24:30.848+0000] {processor.py:179} INFO - Processing /home/airflow/.local/lib/python3.8/site-packages/airflow/example_dags/example_latest_only.py took 0.030 seconds
[2023-11-19T23:25:01.332+0000] {processor.py:157} INFO - Started process (PID=552) to work on /home/airflow/.local/lib/python3.8/site-packages/airflow/example_dags/example_latest_only.py
[2023-11-19T23:25:01.333+0000] {processor.py:829} INFO - Processing file /home/airflow/.local/lib/python3.8/site-packages/airflow/example_dags/example_latest_only.py for tasks to queue
[2023-11-19T23:25:01.334+0000] {logging_mixin.py:154} INFO - [2023-11-19T23:25:01.333+0000] {dagbag.py:536} INFO - Filling up the DagBag from /home/airflow/.local/lib/python3.8/site-packages/airflow/example_dags/example_latest_only.py
[2023-11-19T23:25:01.336+0000] {processor.py:839} INFO - DAG(s) dict_keys(['latest_only']) retrieved from /home/airflow/.local/lib/python3.8/site-packages/airflow/example_dags/example_latest_only.py
[2023-11-19T23:25:01.346+0000] {logging_mixin.py:154} INFO - [2023-11-19T23:25:01.346+0000] {dag.py:2941} INFO - Sync 1 DAGs
[2023-11-19T23:25:01.355+0000] {logging_mixin.py:154} INFO - [2023-11-19T23:25:01.355+0000] {dag.py:3722} INFO - Setting next_dagrun for latest_only to 2023-11-19T19:25:01.355011+00:00, run_after=2023-11-19T23:25:01.355011+00:00
[2023-11-19T23:25:01.362+0000] {processor.py:179} INFO - Processing /home/airflow/.local/lib/python3.8/site-packages/airflow/example_dags/example_latest_only.py took 0.031 seconds
[2023-11-19T23:25:31.889+0000] {processor.py:157} INFO - Started process (PID=606) to work on /home/airflow/.local/lib/python3.8/site-packages/airflow/example_dags/example_latest_only.py
[2023-11-19T23:25:31.889+0000] {processor.py:829} INFO - Processing file /home/airflow/.local/lib/python3.8/site-packages/airflow/example_dags/example_latest_only.py for tasks to queue
[2023-11-19T23:25:31.890+0000] {logging_mixin.py:154} INFO - [2023-11-19T23:25:31.890+0000] {dagbag.py:536} INFO - Filling up the DagBag from /home/airflow/.local/lib/python3.8/site-packages/airflow/example_dags/example_latest_only.py
[2023-11-19T23:25:31.893+0000] {processor.py:839} INFO - DAG(s) dict_keys(['latest_only']) retrieved from /home/airflow/.local/lib/python3.8/site-packages/airflow/example_dags/example_latest_only.py
[2023-11-19T23:25:31.903+0000] {logging_mixin.py:154} INFO - [2023-11-19T23:25:31.903+0000] {dag.py:2941} INFO - Sync 1 DAGs
[2023-11-19T23:25:31.912+0000] {logging_mixin.py:154} INFO - [2023-11-19T23:25:31.911+0000] {dag.py:3722} INFO - Setting next_dagrun for latest_only to 2023-11-19T19:25:31.911843+00:00, run_after=2023-11-19T23:25:31.911843+00:00
[2023-11-19T23:25:31.918+0000] {processor.py:179} INFO - Processing /home/airflow/.local/lib/python3.8/site-packages/airflow/example_dags/example_latest_only.py took 0.031 seconds
[2023-11-19T23:31:23.983+0000] {processor.py:157} INFO - Started process (PID=67) to work on /home/airflow/.local/lib/python3.8/site-packages/airflow/example_dags/example_latest_only.py
[2023-11-19T23:31:23.984+0000] {processor.py:829} INFO - Processing file /home/airflow/.local/lib/python3.8/site-packages/airflow/example_dags/example_latest_only.py for tasks to queue
[2023-11-19T23:31:23.986+0000] {logging_mixin.py:154} INFO - [2023-11-19T23:31:23.985+0000] {dagbag.py:536} INFO - Filling up the DagBag from /home/airflow/.local/lib/python3.8/site-packages/airflow/example_dags/example_latest_only.py
[2023-11-19T23:31:23.990+0000] {processor.py:839} INFO - DAG(s) dict_keys(['latest_only']) retrieved from /home/airflow/.local/lib/python3.8/site-packages/airflow/example_dags/example_latest_only.py
[2023-11-19T23:31:24.046+0000] {logging_mixin.py:154} INFO - [2023-11-19T23:31:24.045+0000] {manager.py:499} INFO - Created Permission View: %s
[2023-11-19T23:31:24.050+0000] {logging_mixin.py:154} INFO - [2023-11-19T23:31:24.050+0000] {manager.py:499} INFO - Created Permission View: %s
[2023-11-19T23:31:24.053+0000] {logging_mixin.py:154} INFO - [2023-11-19T23:31:24.052+0000] {manager.py:499} INFO - Created Permission View: %s
[2023-11-19T23:31:24.053+0000] {logging_mixin.py:154} INFO - [2023-11-19T23:31:24.053+0000] {dag.py:2941} INFO - Sync 1 DAGs
[2023-11-19T23:31:24.058+0000] {logging_mixin.py:154} INFO - [2023-11-19T23:31:24.058+0000] {dag.py:2963} INFO - Creating ORM DAG for latest_only
[2023-11-19T23:31:24.063+0000] {logging_mixin.py:154} INFO - [2023-11-19T23:31:24.062+0000] {dag.py:3722} INFO - Setting next_dagrun for latest_only to 2023-11-19T19:31:24.062801+00:00, run_after=2023-11-19T23:31:24.062801+00:00
[2023-11-19T23:31:24.070+0000] {processor.py:179} INFO - Processing /home/airflow/.local/lib/python3.8/site-packages/airflow/example_dags/example_latest_only.py took 0.089 seconds
[2023-11-19T23:31:54.265+0000] {processor.py:157} INFO - Started process (PID=121) to work on /home/airflow/.local/lib/python3.8/site-packages/airflow/example_dags/example_latest_only.py
[2023-11-19T23:31:54.265+0000] {processor.py:829} INFO - Processing file /home/airflow/.local/lib/python3.8/site-packages/airflow/example_dags/example_latest_only.py for tasks to queue
[2023-11-19T23:31:54.266+0000] {logging_mixin.py:154} INFO - [2023-11-19T23:31:54.266+0000] {dagbag.py:536} INFO - Filling up the DagBag from /home/airflow/.local/lib/python3.8/site-packages/airflow/example_dags/example_latest_only.py
[2023-11-19T23:31:54.269+0000] {processor.py:839} INFO - DAG(s) dict_keys(['latest_only']) retrieved from /home/airflow/.local/lib/python3.8/site-packages/airflow/example_dags/example_latest_only.py
[2023-11-19T23:31:54.278+0000] {logging_mixin.py:154} INFO - [2023-11-19T23:31:54.278+0000] {dag.py:2941} INFO - Sync 1 DAGs
[2023-11-19T23:31:54.287+0000] {logging_mixin.py:154} INFO - [2023-11-19T23:31:54.286+0000] {dag.py:3722} INFO - Setting next_dagrun for latest_only to 2023-11-19T19:31:54.286858+00:00, run_after=2023-11-19T23:31:54.286858+00:00
[2023-11-19T23:31:54.293+0000] {processor.py:179} INFO - Processing /home/airflow/.local/lib/python3.8/site-packages/airflow/example_dags/example_latest_only.py took 0.030 seconds
[2023-11-19T23:32:24.786+0000] {processor.py:157} INFO - Started process (PID=175) to work on /home/airflow/.local/lib/python3.8/site-packages/airflow/example_dags/example_latest_only.py
[2023-11-19T23:32:24.786+0000] {processor.py:829} INFO - Processing file /home/airflow/.local/lib/python3.8/site-packages/airflow/example_dags/example_latest_only.py for tasks to queue
[2023-11-19T23:32:24.787+0000] {logging_mixin.py:154} INFO - [2023-11-19T23:32:24.787+0000] {dagbag.py:536} INFO - Filling up the DagBag from /home/airflow/.local/lib/python3.8/site-packages/airflow/example_dags/example_latest_only.py
[2023-11-19T23:32:24.790+0000] {processor.py:839} INFO - DAG(s) dict_keys(['latest_only']) retrieved from /home/airflow/.local/lib/python3.8/site-packages/airflow/example_dags/example_latest_only.py
[2023-11-19T23:32:24.799+0000] {logging_mixin.py:154} INFO - [2023-11-19T23:32:24.799+0000] {dag.py:2941} INFO - Sync 1 DAGs
[2023-11-19T23:32:24.808+0000] {logging_mixin.py:154} INFO - [2023-11-19T23:32:24.808+0000] {dag.py:3722} INFO - Setting next_dagrun for latest_only to 2023-11-19T19:32:24.808069+00:00, run_after=2023-11-19T23:32:24.808069+00:00
[2023-11-19T23:32:24.814+0000] {processor.py:179} INFO - Processing /home/airflow/.local/lib/python3.8/site-packages/airflow/example_dags/example_latest_only.py took 0.030 seconds
[2023-11-19T23:32:55.286+0000] {processor.py:157} INFO - Started process (PID=229) to work on /home/airflow/.local/lib/python3.8/site-packages/airflow/example_dags/example_latest_only.py
[2023-11-19T23:32:55.287+0000] {processor.py:829} INFO - Processing file /home/airflow/.local/lib/python3.8/site-packages/airflow/example_dags/example_latest_only.py for tasks to queue
[2023-11-19T23:32:55.288+0000] {logging_mixin.py:154} INFO - [2023-11-19T23:32:55.288+0000] {dagbag.py:536} INFO - Filling up the DagBag from /home/airflow/.local/lib/python3.8/site-packages/airflow/example_dags/example_latest_only.py
[2023-11-19T23:32:55.290+0000] {processor.py:839} INFO - DAG(s) dict_keys(['latest_only']) retrieved from /home/airflow/.local/lib/python3.8/site-packages/airflow/example_dags/example_latest_only.py
[2023-11-19T23:32:55.300+0000] {logging_mixin.py:154} INFO - [2023-11-19T23:32:55.300+0000] {dag.py:2941} INFO - Sync 1 DAGs
[2023-11-19T23:32:55.308+0000] {logging_mixin.py:154} INFO - [2023-11-19T23:32:55.308+0000] {dag.py:3722} INFO - Setting next_dagrun for latest_only to 2023-11-19T19:32:55.308285+00:00, run_after=2023-11-19T23:32:55.308285+00:00
[2023-11-19T23:32:55.315+0000] {processor.py:179} INFO - Processing /home/airflow/.local/lib/python3.8/site-packages/airflow/example_dags/example_latest_only.py took 0.030 seconds
[2023-11-19T23:33:25.739+0000] {processor.py:157} INFO - Started process (PID=283) to work on /home/airflow/.local/lib/python3.8/site-packages/airflow/example_dags/example_latest_only.py
[2023-11-19T23:33:25.740+0000] {processor.py:829} INFO - Processing file /home/airflow/.local/lib/python3.8/site-packages/airflow/example_dags/example_latest_only.py for tasks to queue
[2023-11-19T23:33:25.741+0000] {logging_mixin.py:154} INFO - [2023-11-19T23:33:25.741+0000] {dagbag.py:536} INFO - Filling up the DagBag from /home/airflow/.local/lib/python3.8/site-packages/airflow/example_dags/example_latest_only.py
[2023-11-19T23:33:25.744+0000] {processor.py:839} INFO - DAG(s) dict_keys(['latest_only']) retrieved from /home/airflow/.local/lib/python3.8/site-packages/airflow/example_dags/example_latest_only.py
[2023-11-19T23:33:25.754+0000] {logging_mixin.py:154} INFO - [2023-11-19T23:33:25.753+0000] {dag.py:2941} INFO - Sync 1 DAGs
[2023-11-19T23:33:25.762+0000] {logging_mixin.py:154} INFO - [2023-11-19T23:33:25.762+0000] {dag.py:3722} INFO - Setting next_dagrun for latest_only to 2023-11-19T19:33:25.762401+00:00, run_after=2023-11-19T23:33:25.762401+00:00
[2023-11-19T23:33:25.770+0000] {processor.py:179} INFO - Processing /home/airflow/.local/lib/python3.8/site-packages/airflow/example_dags/example_latest_only.py took 0.032 seconds
[2023-11-19T23:33:56.243+0000] {processor.py:157} INFO - Started process (PID=337) to work on /home/airflow/.local/lib/python3.8/site-packages/airflow/example_dags/example_latest_only.py
[2023-11-19T23:33:56.243+0000] {processor.py:829} INFO - Processing file /home/airflow/.local/lib/python3.8/site-packages/airflow/example_dags/example_latest_only.py for tasks to queue
[2023-11-19T23:33:56.245+0000] {logging_mixin.py:154} INFO - [2023-11-19T23:33:56.245+0000] {dagbag.py:536} INFO - Filling up the DagBag from /home/airflow/.local/lib/python3.8/site-packages/airflow/example_dags/example_latest_only.py
[2023-11-19T23:33:56.247+0000] {processor.py:839} INFO - DAG(s) dict_keys(['latest_only']) retrieved from /home/airflow/.local/lib/python3.8/site-packages/airflow/example_dags/example_latest_only.py
[2023-11-19T23:33:56.256+0000] {logging_mixin.py:154} INFO - [2023-11-19T23:33:56.256+0000] {dag.py:2941} INFO - Sync 1 DAGs
[2023-11-19T23:33:56.265+0000] {logging_mixin.py:154} INFO - [2023-11-19T23:33:56.265+0000] {dag.py:3722} INFO - Setting next_dagrun for latest_only to 2023-11-19T19:33:56.265238+00:00, run_after=2023-11-19T23:33:56.265238+00:00
[2023-11-19T23:33:56.272+0000] {processor.py:179} INFO - Processing /home/airflow/.local/lib/python3.8/site-packages/airflow/example_dags/example_latest_only.py took 0.031 seconds
[2023-11-19T23:34:26.665+0000] {processor.py:157} INFO - Started process (PID=391) to work on /home/airflow/.local/lib/python3.8/site-packages/airflow/example_dags/example_latest_only.py
[2023-11-19T23:34:26.665+0000] {processor.py:829} INFO - Processing file /home/airflow/.local/lib/python3.8/site-packages/airflow/example_dags/example_latest_only.py for tasks to queue
[2023-11-19T23:34:26.666+0000] {logging_mixin.py:154} INFO - [2023-11-19T23:34:26.666+0000] {dagbag.py:536} INFO - Filling up the DagBag from /home/airflow/.local/lib/python3.8/site-packages/airflow/example_dags/example_latest_only.py
[2023-11-19T23:34:26.669+0000] {processor.py:839} INFO - DAG(s) dict_keys(['latest_only']) retrieved from /home/airflow/.local/lib/python3.8/site-packages/airflow/example_dags/example_latest_only.py
[2023-11-19T23:34:26.678+0000] {logging_mixin.py:154} INFO - [2023-11-19T23:34:26.678+0000] {dag.py:2941} INFO - Sync 1 DAGs
[2023-11-19T23:34:26.688+0000] {logging_mixin.py:154} INFO - [2023-11-19T23:34:26.688+0000] {dag.py:3722} INFO - Setting next_dagrun for latest_only to 2023-11-19T19:34:26.688489+00:00, run_after=2023-11-19T23:34:26.688489+00:00
[2023-11-19T23:34:26.695+0000] {processor.py:179} INFO - Processing /home/airflow/.local/lib/python3.8/site-packages/airflow/example_dags/example_latest_only.py took 0.032 seconds
[2023-11-19T23:34:57.150+0000] {processor.py:157} INFO - Started process (PID=445) to work on /home/airflow/.local/lib/python3.8/site-packages/airflow/example_dags/example_latest_only.py
[2023-11-19T23:34:57.151+0000] {processor.py:829} INFO - Processing file /home/airflow/.local/lib/python3.8/site-packages/airflow/example_dags/example_latest_only.py for tasks to queue
[2023-11-19T23:34:57.152+0000] {logging_mixin.py:154} INFO - [2023-11-19T23:34:57.152+0000] {dagbag.py:536} INFO - Filling up the DagBag from /home/airflow/.local/lib/python3.8/site-packages/airflow/example_dags/example_latest_only.py
[2023-11-19T23:34:57.154+0000] {processor.py:839} INFO - DAG(s) dict_keys(['latest_only']) retrieved from /home/airflow/.local/lib/python3.8/site-packages/airflow/example_dags/example_latest_only.py
[2023-11-19T23:34:57.163+0000] {logging_mixin.py:154} INFO - [2023-11-19T23:34:57.163+0000] {dag.py:2941} INFO - Sync 1 DAGs
[2023-11-19T23:34:57.171+0000] {logging_mixin.py:154} INFO - [2023-11-19T23:34:57.171+0000] {dag.py:3722} INFO - Setting next_dagrun for latest_only to 2023-11-19T19:34:57.171417+00:00, run_after=2023-11-19T23:34:57.171417+00:00
[2023-11-19T23:34:57.177+0000] {processor.py:179} INFO - Processing /home/airflow/.local/lib/python3.8/site-packages/airflow/example_dags/example_latest_only.py took 0.029 seconds
[2023-11-19T23:35:27.711+0000] {processor.py:157} INFO - Started process (PID=499) to work on /home/airflow/.local/lib/python3.8/site-packages/airflow/example_dags/example_latest_only.py
[2023-11-19T23:35:27.712+0000] {processor.py:829} INFO - Processing file /home/airflow/.local/lib/python3.8/site-packages/airflow/example_dags/example_latest_only.py for tasks to queue
[2023-11-19T23:35:27.713+0000] {logging_mixin.py:154} INFO - [2023-11-19T23:35:27.713+0000] {dagbag.py:536} INFO - Filling up the DagBag from /home/airflow/.local/lib/python3.8/site-packages/airflow/example_dags/example_latest_only.py
[2023-11-19T23:35:27.716+0000] {processor.py:839} INFO - DAG(s) dict_keys(['latest_only']) retrieved from /home/airflow/.local/lib/python3.8/site-packages/airflow/example_dags/example_latest_only.py
[2023-11-19T23:35:27.725+0000] {logging_mixin.py:154} INFO - [2023-11-19T23:35:27.725+0000] {dag.py:2941} INFO - Sync 1 DAGs
[2023-11-19T23:35:27.734+0000] {logging_mixin.py:154} INFO - [2023-11-19T23:35:27.734+0000] {dag.py:3722} INFO - Setting next_dagrun for latest_only to 2023-11-19T19:35:27.734708+00:00, run_after=2023-11-19T23:35:27.734708+00:00
[2023-11-19T23:35:27.741+0000] {processor.py:179} INFO - Processing /home/airflow/.local/lib/python3.8/site-packages/airflow/example_dags/example_latest_only.py took 0.032 seconds
[2023-11-19T23:35:58.246+0000] {processor.py:157} INFO - Started process (PID=553) to work on /home/airflow/.local/lib/python3.8/site-packages/airflow/example_dags/example_latest_only.py
[2023-11-19T23:35:58.247+0000] {processor.py:829} INFO - Processing file /home/airflow/.local/lib/python3.8/site-packages/airflow/example_dags/example_latest_only.py for tasks to queue
[2023-11-19T23:35:58.248+0000] {logging_mixin.py:154} INFO - [2023-11-19T23:35:58.248+0000] {dagbag.py:536} INFO - Filling up the DagBag from /home/airflow/.local/lib/python3.8/site-packages/airflow/example_dags/example_latest_only.py
[2023-11-19T23:35:58.251+0000] {processor.py:839} INFO - DAG(s) dict_keys(['latest_only']) retrieved from /home/airflow/.local/lib/python3.8/site-packages/airflow/example_dags/example_latest_only.py
[2023-11-19T23:35:58.260+0000] {logging_mixin.py:154} INFO - [2023-11-19T23:35:58.260+0000] {dag.py:2941} INFO - Sync 1 DAGs
[2023-11-19T23:35:58.269+0000] {logging_mixin.py:154} INFO - [2023-11-19T23:35:58.269+0000] {dag.py:3722} INFO - Setting next_dagrun for latest_only to 2023-11-19T19:35:58.269004+00:00, run_after=2023-11-19T23:35:58.269004+00:00
[2023-11-19T23:35:58.275+0000] {processor.py:179} INFO - Processing /home/airflow/.local/lib/python3.8/site-packages/airflow/example_dags/example_latest_only.py took 0.031 seconds
