[2023-11-19T23:20:27.808+0000] {processor.py:157} INFO - Started process (PID=76) to work on /home/airflow/.local/lib/python3.8/site-packages/airflow/example_dags/example_bash_operator.py
[2023-11-19T23:20:27.808+0000] {processor.py:829} INFO - Processing file /home/airflow/.local/lib/python3.8/site-packages/airflow/example_dags/example_bash_operator.py for tasks to queue
[2023-11-19T23:20:27.810+0000] {logging_mixin.py:154} INFO - [2023-11-19T23:20:27.809+0000] {dagbag.py:536} INFO - Filling up the DagBag from /home/airflow/.local/lib/python3.8/site-packages/airflow/example_dags/example_bash_operator.py
[2023-11-19T23:20:27.817+0000] {processor.py:839} INFO - DAG(s) dict_keys(['example_bash_operator']) retrieved from /home/airflow/.local/lib/python3.8/site-packages/airflow/example_dags/example_bash_operator.py
[2023-11-19T23:20:27.864+0000] {logging_mixin.py:154} INFO - [2023-11-19T23:20:27.864+0000] {manager.py:499} INFO - Created Permission View: %s
[2023-11-19T23:20:27.868+0000] {logging_mixin.py:154} INFO - [2023-11-19T23:20:27.868+0000] {manager.py:499} INFO - Created Permission View: %s
[2023-11-19T23:20:27.870+0000] {logging_mixin.py:154} INFO - [2023-11-19T23:20:27.870+0000] {manager.py:499} INFO - Created Permission View: %s
[2023-11-19T23:20:27.870+0000] {logging_mixin.py:154} INFO - [2023-11-19T23:20:27.870+0000] {dag.py:2941} INFO - Sync 1 DAGs
[2023-11-19T23:20:27.875+0000] {logging_mixin.py:154} INFO - [2023-11-19T23:20:27.874+0000] {dag.py:2963} INFO - Creating ORM DAG for example_bash_operator
[2023-11-19T23:20:27.879+0000] {logging_mixin.py:154} INFO - [2023-11-19T23:20:27.879+0000] {dag.py:3722} INFO - Setting next_dagrun for example_bash_operator to 2023-11-18T00:00:00+00:00, run_after=2023-11-19T00:00:00+00:00
[2023-11-19T23:20:27.886+0000] {processor.py:179} INFO - Processing /home/airflow/.local/lib/python3.8/site-packages/airflow/example_dags/example_bash_operator.py took 0.080 seconds
[2023-11-19T23:20:57.906+0000] {processor.py:157} INFO - Started process (PID=130) to work on /home/airflow/.local/lib/python3.8/site-packages/airflow/example_dags/example_bash_operator.py
[2023-11-19T23:20:57.906+0000] {processor.py:829} INFO - Processing file /home/airflow/.local/lib/python3.8/site-packages/airflow/example_dags/example_bash_operator.py for tasks to queue
[2023-11-19T23:20:57.907+0000] {logging_mixin.py:154} INFO - [2023-11-19T23:20:57.907+0000] {dagbag.py:536} INFO - Filling up the DagBag from /home/airflow/.local/lib/python3.8/site-packages/airflow/example_dags/example_bash_operator.py
[2023-11-19T23:20:57.913+0000] {processor.py:839} INFO - DAG(s) dict_keys(['example_bash_operator']) retrieved from /home/airflow/.local/lib/python3.8/site-packages/airflow/example_dags/example_bash_operator.py
[2023-11-19T23:20:57.923+0000] {logging_mixin.py:154} INFO - [2023-11-19T23:20:57.923+0000] {dag.py:2941} INFO - Sync 1 DAGs
[2023-11-19T23:20:57.932+0000] {logging_mixin.py:154} INFO - [2023-11-19T23:20:57.932+0000] {dag.py:3722} INFO - Setting next_dagrun for example_bash_operator to 2023-11-18T00:00:00+00:00, run_after=2023-11-19T00:00:00+00:00
[2023-11-19T23:20:57.938+0000] {processor.py:179} INFO - Processing /home/airflow/.local/lib/python3.8/site-packages/airflow/example_dags/example_bash_operator.py took 0.034 seconds
[2023-11-19T23:21:28.436+0000] {processor.py:157} INFO - Started process (PID=184) to work on /home/airflow/.local/lib/python3.8/site-packages/airflow/example_dags/example_bash_operator.py
[2023-11-19T23:21:28.436+0000] {processor.py:829} INFO - Processing file /home/airflow/.local/lib/python3.8/site-packages/airflow/example_dags/example_bash_operator.py for tasks to queue
[2023-11-19T23:21:28.437+0000] {logging_mixin.py:154} INFO - [2023-11-19T23:21:28.437+0000] {dagbag.py:536} INFO - Filling up the DagBag from /home/airflow/.local/lib/python3.8/site-packages/airflow/example_dags/example_bash_operator.py
[2023-11-19T23:21:28.443+0000] {processor.py:839} INFO - DAG(s) dict_keys(['example_bash_operator']) retrieved from /home/airflow/.local/lib/python3.8/site-packages/airflow/example_dags/example_bash_operator.py
[2023-11-19T23:21:28.454+0000] {logging_mixin.py:154} INFO - [2023-11-19T23:21:28.454+0000] {dag.py:2941} INFO - Sync 1 DAGs
[2023-11-19T23:21:28.463+0000] {logging_mixin.py:154} INFO - [2023-11-19T23:21:28.463+0000] {dag.py:3722} INFO - Setting next_dagrun for example_bash_operator to 2023-11-18T00:00:00+00:00, run_after=2023-11-19T00:00:00+00:00
[2023-11-19T23:21:28.470+0000] {processor.py:179} INFO - Processing /home/airflow/.local/lib/python3.8/site-packages/airflow/example_dags/example_bash_operator.py took 0.036 seconds
[2023-11-19T23:21:58.841+0000] {processor.py:157} INFO - Started process (PID=238) to work on /home/airflow/.local/lib/python3.8/site-packages/airflow/example_dags/example_bash_operator.py
[2023-11-19T23:21:58.842+0000] {processor.py:829} INFO - Processing file /home/airflow/.local/lib/python3.8/site-packages/airflow/example_dags/example_bash_operator.py for tasks to queue
[2023-11-19T23:21:58.843+0000] {logging_mixin.py:154} INFO - [2023-11-19T23:21:58.843+0000] {dagbag.py:536} INFO - Filling up the DagBag from /home/airflow/.local/lib/python3.8/site-packages/airflow/example_dags/example_bash_operator.py
[2023-11-19T23:21:58.849+0000] {processor.py:839} INFO - DAG(s) dict_keys(['example_bash_operator']) retrieved from /home/airflow/.local/lib/python3.8/site-packages/airflow/example_dags/example_bash_operator.py
[2023-11-19T23:21:58.861+0000] {logging_mixin.py:154} INFO - [2023-11-19T23:21:58.861+0000] {dag.py:2941} INFO - Sync 1 DAGs
[2023-11-19T23:21:58.870+0000] {logging_mixin.py:154} INFO - [2023-11-19T23:21:58.870+0000] {dag.py:3722} INFO - Setting next_dagrun for example_bash_operator to 2023-11-18T00:00:00+00:00, run_after=2023-11-19T00:00:00+00:00
[2023-11-19T23:21:58.878+0000] {processor.py:179} INFO - Processing /home/airflow/.local/lib/python3.8/site-packages/airflow/example_dags/example_bash_operator.py took 0.038 seconds
[2023-11-19T23:22:29.387+0000] {processor.py:157} INFO - Started process (PID=292) to work on /home/airflow/.local/lib/python3.8/site-packages/airflow/example_dags/example_bash_operator.py
[2023-11-19T23:22:29.387+0000] {processor.py:829} INFO - Processing file /home/airflow/.local/lib/python3.8/site-packages/airflow/example_dags/example_bash_operator.py for tasks to queue
[2023-11-19T23:22:29.388+0000] {logging_mixin.py:154} INFO - [2023-11-19T23:22:29.388+0000] {dagbag.py:536} INFO - Filling up the DagBag from /home/airflow/.local/lib/python3.8/site-packages/airflow/example_dags/example_bash_operator.py
[2023-11-19T23:22:29.394+0000] {processor.py:839} INFO - DAG(s) dict_keys(['example_bash_operator']) retrieved from /home/airflow/.local/lib/python3.8/site-packages/airflow/example_dags/example_bash_operator.py
[2023-11-19T23:22:29.407+0000] {logging_mixin.py:154} INFO - [2023-11-19T23:22:29.407+0000] {dag.py:2941} INFO - Sync 1 DAGs
[2023-11-19T23:22:29.416+0000] {logging_mixin.py:154} INFO - [2023-11-19T23:22:29.416+0000] {dag.py:3722} INFO - Setting next_dagrun for example_bash_operator to 2023-11-18T00:00:00+00:00, run_after=2023-11-19T00:00:00+00:00
[2023-11-19T23:22:29.423+0000] {processor.py:179} INFO - Processing /home/airflow/.local/lib/python3.8/site-packages/airflow/example_dags/example_bash_operator.py took 0.037 seconds
[2023-11-19T23:22:59.811+0000] {processor.py:157} INFO - Started process (PID=346) to work on /home/airflow/.local/lib/python3.8/site-packages/airflow/example_dags/example_bash_operator.py
[2023-11-19T23:22:59.811+0000] {processor.py:829} INFO - Processing file /home/airflow/.local/lib/python3.8/site-packages/airflow/example_dags/example_bash_operator.py for tasks to queue
[2023-11-19T23:22:59.812+0000] {logging_mixin.py:154} INFO - [2023-11-19T23:22:59.812+0000] {dagbag.py:536} INFO - Filling up the DagBag from /home/airflow/.local/lib/python3.8/site-packages/airflow/example_dags/example_bash_operator.py
[2023-11-19T23:22:59.818+0000] {processor.py:839} INFO - DAG(s) dict_keys(['example_bash_operator']) retrieved from /home/airflow/.local/lib/python3.8/site-packages/airflow/example_dags/example_bash_operator.py
[2023-11-19T23:22:59.830+0000] {logging_mixin.py:154} INFO - [2023-11-19T23:22:59.830+0000] {dag.py:2941} INFO - Sync 1 DAGs
[2023-11-19T23:22:59.839+0000] {logging_mixin.py:154} INFO - [2023-11-19T23:22:59.839+0000] {dag.py:3722} INFO - Setting next_dagrun for example_bash_operator to 2023-11-18T00:00:00+00:00, run_after=2023-11-19T00:00:00+00:00
[2023-11-19T23:22:59.846+0000] {processor.py:179} INFO - Processing /home/airflow/.local/lib/python3.8/site-packages/airflow/example_dags/example_bash_operator.py took 0.037 seconds
[2023-11-19T23:23:30.209+0000] {processor.py:157} INFO - Started process (PID=400) to work on /home/airflow/.local/lib/python3.8/site-packages/airflow/example_dags/example_bash_operator.py
[2023-11-19T23:23:30.210+0000] {processor.py:829} INFO - Processing file /home/airflow/.local/lib/python3.8/site-packages/airflow/example_dags/example_bash_operator.py for tasks to queue
[2023-11-19T23:23:30.211+0000] {logging_mixin.py:154} INFO - [2023-11-19T23:23:30.211+0000] {dagbag.py:536} INFO - Filling up the DagBag from /home/airflow/.local/lib/python3.8/site-packages/airflow/example_dags/example_bash_operator.py
[2023-11-19T23:23:30.217+0000] {processor.py:839} INFO - DAG(s) dict_keys(['example_bash_operator']) retrieved from /home/airflow/.local/lib/python3.8/site-packages/airflow/example_dags/example_bash_operator.py
[2023-11-19T23:23:30.230+0000] {logging_mixin.py:154} INFO - [2023-11-19T23:23:30.229+0000] {dag.py:2941} INFO - Sync 1 DAGs
[2023-11-19T23:23:30.240+0000] {logging_mixin.py:154} INFO - [2023-11-19T23:23:30.240+0000] {dag.py:3722} INFO - Setting next_dagrun for example_bash_operator to 2023-11-18T00:00:00+00:00, run_after=2023-11-19T00:00:00+00:00
[2023-11-19T23:23:30.247+0000] {processor.py:179} INFO - Processing /home/airflow/.local/lib/python3.8/site-packages/airflow/example_dags/example_bash_operator.py took 0.040 seconds
[2023-11-19T23:24:00.632+0000] {processor.py:157} INFO - Started process (PID=454) to work on /home/airflow/.local/lib/python3.8/site-packages/airflow/example_dags/example_bash_operator.py
[2023-11-19T23:24:00.633+0000] {processor.py:829} INFO - Processing file /home/airflow/.local/lib/python3.8/site-packages/airflow/example_dags/example_bash_operator.py for tasks to queue
[2023-11-19T23:24:00.634+0000] {logging_mixin.py:154} INFO - [2023-11-19T23:24:00.634+0000] {dagbag.py:536} INFO - Filling up the DagBag from /home/airflow/.local/lib/python3.8/site-packages/airflow/example_dags/example_bash_operator.py
[2023-11-19T23:24:00.640+0000] {processor.py:839} INFO - DAG(s) dict_keys(['example_bash_operator']) retrieved from /home/airflow/.local/lib/python3.8/site-packages/airflow/example_dags/example_bash_operator.py
[2023-11-19T23:24:00.652+0000] {logging_mixin.py:154} INFO - [2023-11-19T23:24:00.652+0000] {dag.py:2941} INFO - Sync 1 DAGs
[2023-11-19T23:24:00.662+0000] {logging_mixin.py:154} INFO - [2023-11-19T23:24:00.661+0000] {dag.py:3722} INFO - Setting next_dagrun for example_bash_operator to 2023-11-18T00:00:00+00:00, run_after=2023-11-19T00:00:00+00:00
[2023-11-19T23:24:00.669+0000] {processor.py:179} INFO - Processing /home/airflow/.local/lib/python3.8/site-packages/airflow/example_dags/example_bash_operator.py took 0.038 seconds
[2023-11-19T23:24:31.113+0000] {processor.py:157} INFO - Started process (PID=508) to work on /home/airflow/.local/lib/python3.8/site-packages/airflow/example_dags/example_bash_operator.py
[2023-11-19T23:24:31.114+0000] {processor.py:829} INFO - Processing file /home/airflow/.local/lib/python3.8/site-packages/airflow/example_dags/example_bash_operator.py for tasks to queue
[2023-11-19T23:24:31.115+0000] {logging_mixin.py:154} INFO - [2023-11-19T23:24:31.114+0000] {dagbag.py:536} INFO - Filling up the DagBag from /home/airflow/.local/lib/python3.8/site-packages/airflow/example_dags/example_bash_operator.py
[2023-11-19T23:24:31.120+0000] {processor.py:839} INFO - DAG(s) dict_keys(['example_bash_operator']) retrieved from /home/airflow/.local/lib/python3.8/site-packages/airflow/example_dags/example_bash_operator.py
[2023-11-19T23:24:31.132+0000] {logging_mixin.py:154} INFO - [2023-11-19T23:24:31.132+0000] {dag.py:2941} INFO - Sync 1 DAGs
[2023-11-19T23:24:31.141+0000] {logging_mixin.py:154} INFO - [2023-11-19T23:24:31.141+0000] {dag.py:3722} INFO - Setting next_dagrun for example_bash_operator to 2023-11-18T00:00:00+00:00, run_after=2023-11-19T00:00:00+00:00
[2023-11-19T23:24:31.147+0000] {processor.py:179} INFO - Processing /home/airflow/.local/lib/python3.8/site-packages/airflow/example_dags/example_bash_operator.py took 0.036 seconds
[2023-11-19T23:25:01.621+0000] {processor.py:157} INFO - Started process (PID=562) to work on /home/airflow/.local/lib/python3.8/site-packages/airflow/example_dags/example_bash_operator.py
[2023-11-19T23:25:01.622+0000] {processor.py:829} INFO - Processing file /home/airflow/.local/lib/python3.8/site-packages/airflow/example_dags/example_bash_operator.py for tasks to queue
[2023-11-19T23:25:01.623+0000] {logging_mixin.py:154} INFO - [2023-11-19T23:25:01.623+0000] {dagbag.py:536} INFO - Filling up the DagBag from /home/airflow/.local/lib/python3.8/site-packages/airflow/example_dags/example_bash_operator.py
[2023-11-19T23:25:01.629+0000] {processor.py:839} INFO - DAG(s) dict_keys(['example_bash_operator']) retrieved from /home/airflow/.local/lib/python3.8/site-packages/airflow/example_dags/example_bash_operator.py
[2023-11-19T23:25:01.642+0000] {logging_mixin.py:154} INFO - [2023-11-19T23:25:01.641+0000] {dag.py:2941} INFO - Sync 1 DAGs
[2023-11-19T23:25:01.652+0000] {logging_mixin.py:154} INFO - [2023-11-19T23:25:01.652+0000] {dag.py:3722} INFO - Setting next_dagrun for example_bash_operator to 2023-11-18T00:00:00+00:00, run_after=2023-11-19T00:00:00+00:00
[2023-11-19T23:25:01.659+0000] {processor.py:179} INFO - Processing /home/airflow/.local/lib/python3.8/site-packages/airflow/example_dags/example_bash_operator.py took 0.040 seconds
[2023-11-19T23:25:32.177+0000] {processor.py:157} INFO - Started process (PID=616) to work on /home/airflow/.local/lib/python3.8/site-packages/airflow/example_dags/example_bash_operator.py
[2023-11-19T23:25:32.178+0000] {processor.py:829} INFO - Processing file /home/airflow/.local/lib/python3.8/site-packages/airflow/example_dags/example_bash_operator.py for tasks to queue
[2023-11-19T23:25:32.179+0000] {logging_mixin.py:154} INFO - [2023-11-19T23:25:32.179+0000] {dagbag.py:536} INFO - Filling up the DagBag from /home/airflow/.local/lib/python3.8/site-packages/airflow/example_dags/example_bash_operator.py
[2023-11-19T23:25:32.185+0000] {processor.py:839} INFO - DAG(s) dict_keys(['example_bash_operator']) retrieved from /home/airflow/.local/lib/python3.8/site-packages/airflow/example_dags/example_bash_operator.py
[2023-11-19T23:25:32.197+0000] {logging_mixin.py:154} INFO - [2023-11-19T23:25:32.197+0000] {dag.py:2941} INFO - Sync 1 DAGs
[2023-11-19T23:25:32.206+0000] {logging_mixin.py:154} INFO - [2023-11-19T23:25:32.206+0000] {dag.py:3722} INFO - Setting next_dagrun for example_bash_operator to 2023-11-18T00:00:00+00:00, run_after=2023-11-19T00:00:00+00:00
[2023-11-19T23:25:32.213+0000] {processor.py:179} INFO - Processing /home/airflow/.local/lib/python3.8/site-packages/airflow/example_dags/example_bash_operator.py took 0.037 seconds
[2023-11-19T23:31:24.518+0000] {processor.py:157} INFO - Started process (PID=77) to work on /home/airflow/.local/lib/python3.8/site-packages/airflow/example_dags/example_bash_operator.py
[2023-11-19T23:31:24.519+0000] {processor.py:829} INFO - Processing file /home/airflow/.local/lib/python3.8/site-packages/airflow/example_dags/example_bash_operator.py for tasks to queue
[2023-11-19T23:31:24.520+0000] {logging_mixin.py:154} INFO - [2023-11-19T23:31:24.520+0000] {dagbag.py:536} INFO - Filling up the DagBag from /home/airflow/.local/lib/python3.8/site-packages/airflow/example_dags/example_bash_operator.py
[2023-11-19T23:31:24.528+0000] {processor.py:839} INFO - DAG(s) dict_keys(['example_bash_operator']) retrieved from /home/airflow/.local/lib/python3.8/site-packages/airflow/example_dags/example_bash_operator.py
[2023-11-19T23:31:24.577+0000] {logging_mixin.py:154} INFO - [2023-11-19T23:31:24.577+0000] {manager.py:499} INFO - Created Permission View: %s
[2023-11-19T23:31:24.581+0000] {logging_mixin.py:154} INFO - [2023-11-19T23:31:24.581+0000] {manager.py:499} INFO - Created Permission View: %s
[2023-11-19T23:31:24.583+0000] {logging_mixin.py:154} INFO - [2023-11-19T23:31:24.583+0000] {manager.py:499} INFO - Created Permission View: %s
[2023-11-19T23:31:24.583+0000] {logging_mixin.py:154} INFO - [2023-11-19T23:31:24.583+0000] {dag.py:2941} INFO - Sync 1 DAGs
[2023-11-19T23:31:24.587+0000] {logging_mixin.py:154} INFO - [2023-11-19T23:31:24.587+0000] {dag.py:2963} INFO - Creating ORM DAG for example_bash_operator
[2023-11-19T23:31:24.592+0000] {logging_mixin.py:154} INFO - [2023-11-19T23:31:24.592+0000] {dag.py:3722} INFO - Setting next_dagrun for example_bash_operator to 2023-11-18T00:00:00+00:00, run_after=2023-11-19T00:00:00+00:00
[2023-11-19T23:31:24.599+0000] {processor.py:179} INFO - Processing /home/airflow/.local/lib/python3.8/site-packages/airflow/example_dags/example_bash_operator.py took 0.083 seconds
[2023-11-19T23:31:55.583+0000] {processor.py:157} INFO - Started process (PID=131) to work on /home/airflow/.local/lib/python3.8/site-packages/airflow/example_dags/example_bash_operator.py
[2023-11-19T23:31:55.585+0000] {processor.py:829} INFO - Processing file /home/airflow/.local/lib/python3.8/site-packages/airflow/example_dags/example_bash_operator.py for tasks to queue
[2023-11-19T23:31:55.587+0000] {logging_mixin.py:154} INFO - [2023-11-19T23:31:55.587+0000] {dagbag.py:536} INFO - Filling up the DagBag from /home/airflow/.local/lib/python3.8/site-packages/airflow/example_dags/example_bash_operator.py
[2023-11-19T23:31:55.599+0000] {processor.py:839} INFO - DAG(s) dict_keys(['example_bash_operator']) retrieved from /home/airflow/.local/lib/python3.8/site-packages/airflow/example_dags/example_bash_operator.py
[2023-11-19T23:31:55.617+0000] {logging_mixin.py:154} INFO - [2023-11-19T23:31:55.617+0000] {dag.py:2941} INFO - Sync 1 DAGs
[2023-11-19T23:31:55.628+0000] {logging_mixin.py:154} INFO - [2023-11-19T23:31:55.628+0000] {dag.py:3722} INFO - Setting next_dagrun for example_bash_operator to 2023-11-18T00:00:00+00:00, run_after=2023-11-19T00:00:00+00:00
[2023-11-19T23:31:55.635+0000] {processor.py:179} INFO - Processing /home/airflow/.local/lib/python3.8/site-packages/airflow/example_dags/example_bash_operator.py took 0.057 seconds
[2023-11-19T23:32:26.054+0000] {processor.py:157} INFO - Started process (PID=185) to work on /home/airflow/.local/lib/python3.8/site-packages/airflow/example_dags/example_bash_operator.py
[2023-11-19T23:32:26.056+0000] {processor.py:829} INFO - Processing file /home/airflow/.local/lib/python3.8/site-packages/airflow/example_dags/example_bash_operator.py for tasks to queue
[2023-11-19T23:32:26.060+0000] {logging_mixin.py:154} INFO - [2023-11-19T23:32:26.059+0000] {dagbag.py:536} INFO - Filling up the DagBag from /home/airflow/.local/lib/python3.8/site-packages/airflow/example_dags/example_bash_operator.py
[2023-11-19T23:32:26.072+0000] {processor.py:839} INFO - DAG(s) dict_keys(['example_bash_operator']) retrieved from /home/airflow/.local/lib/python3.8/site-packages/airflow/example_dags/example_bash_operator.py
[2023-11-19T23:32:26.092+0000] {logging_mixin.py:154} INFO - [2023-11-19T23:32:26.091+0000] {dag.py:2941} INFO - Sync 1 DAGs
[2023-11-19T23:32:26.104+0000] {logging_mixin.py:154} INFO - [2023-11-19T23:32:26.104+0000] {dag.py:3722} INFO - Setting next_dagrun for example_bash_operator to 2023-11-18T00:00:00+00:00, run_after=2023-11-19T00:00:00+00:00
[2023-11-19T23:32:26.111+0000] {processor.py:179} INFO - Processing /home/airflow/.local/lib/python3.8/site-packages/airflow/example_dags/example_bash_operator.py took 0.062 seconds
[2023-11-19T23:32:56.541+0000] {processor.py:157} INFO - Started process (PID=239) to work on /home/airflow/.local/lib/python3.8/site-packages/airflow/example_dags/example_bash_operator.py
[2023-11-19T23:32:56.542+0000] {processor.py:829} INFO - Processing file /home/airflow/.local/lib/python3.8/site-packages/airflow/example_dags/example_bash_operator.py for tasks to queue
[2023-11-19T23:32:56.546+0000] {logging_mixin.py:154} INFO - [2023-11-19T23:32:56.545+0000] {dagbag.py:536} INFO - Filling up the DagBag from /home/airflow/.local/lib/python3.8/site-packages/airflow/example_dags/example_bash_operator.py
[2023-11-19T23:32:56.557+0000] {processor.py:839} INFO - DAG(s) dict_keys(['example_bash_operator']) retrieved from /home/airflow/.local/lib/python3.8/site-packages/airflow/example_dags/example_bash_operator.py
[2023-11-19T23:32:56.576+0000] {logging_mixin.py:154} INFO - [2023-11-19T23:32:56.576+0000] {dag.py:2941} INFO - Sync 1 DAGs
[2023-11-19T23:32:56.588+0000] {logging_mixin.py:154} INFO - [2023-11-19T23:32:56.588+0000] {dag.py:3722} INFO - Setting next_dagrun for example_bash_operator to 2023-11-18T00:00:00+00:00, run_after=2023-11-19T00:00:00+00:00
[2023-11-19T23:32:56.595+0000] {processor.py:179} INFO - Processing /home/airflow/.local/lib/python3.8/site-packages/airflow/example_dags/example_bash_operator.py took 0.060 seconds
[2023-11-19T23:33:27.051+0000] {processor.py:157} INFO - Started process (PID=293) to work on /home/airflow/.local/lib/python3.8/site-packages/airflow/example_dags/example_bash_operator.py
[2023-11-19T23:33:27.053+0000] {processor.py:829} INFO - Processing file /home/airflow/.local/lib/python3.8/site-packages/airflow/example_dags/example_bash_operator.py for tasks to queue
[2023-11-19T23:33:27.056+0000] {logging_mixin.py:154} INFO - [2023-11-19T23:33:27.055+0000] {dagbag.py:536} INFO - Filling up the DagBag from /home/airflow/.local/lib/python3.8/site-packages/airflow/example_dags/example_bash_operator.py
[2023-11-19T23:33:27.066+0000] {processor.py:839} INFO - DAG(s) dict_keys(['example_bash_operator']) retrieved from /home/airflow/.local/lib/python3.8/site-packages/airflow/example_dags/example_bash_operator.py
[2023-11-19T23:33:27.084+0000] {logging_mixin.py:154} INFO - [2023-11-19T23:33:27.084+0000] {dag.py:2941} INFO - Sync 1 DAGs
[2023-11-19T23:33:27.096+0000] {logging_mixin.py:154} INFO - [2023-11-19T23:33:27.096+0000] {dag.py:3722} INFO - Setting next_dagrun for example_bash_operator to 2023-11-18T00:00:00+00:00, run_after=2023-11-19T00:00:00+00:00
[2023-11-19T23:33:27.103+0000] {processor.py:179} INFO - Processing /home/airflow/.local/lib/python3.8/site-packages/airflow/example_dags/example_bash_operator.py took 0.057 seconds
[2023-11-19T23:33:57.552+0000] {processor.py:157} INFO - Started process (PID=347) to work on /home/airflow/.local/lib/python3.8/site-packages/airflow/example_dags/example_bash_operator.py
[2023-11-19T23:33:57.554+0000] {processor.py:829} INFO - Processing file /home/airflow/.local/lib/python3.8/site-packages/airflow/example_dags/example_bash_operator.py for tasks to queue
[2023-11-19T23:33:57.557+0000] {logging_mixin.py:154} INFO - [2023-11-19T23:33:57.556+0000] {dagbag.py:536} INFO - Filling up the DagBag from /home/airflow/.local/lib/python3.8/site-packages/airflow/example_dags/example_bash_operator.py
[2023-11-19T23:33:57.570+0000] {processor.py:839} INFO - DAG(s) dict_keys(['example_bash_operator']) retrieved from /home/airflow/.local/lib/python3.8/site-packages/airflow/example_dags/example_bash_operator.py
[2023-11-19T23:33:57.589+0000] {logging_mixin.py:154} INFO - [2023-11-19T23:33:57.589+0000] {dag.py:2941} INFO - Sync 1 DAGs
[2023-11-19T23:33:57.600+0000] {logging_mixin.py:154} INFO - [2023-11-19T23:33:57.600+0000] {dag.py:3722} INFO - Setting next_dagrun for example_bash_operator to 2023-11-18T00:00:00+00:00, run_after=2023-11-19T00:00:00+00:00
[2023-11-19T23:33:57.608+0000] {processor.py:179} INFO - Processing /home/airflow/.local/lib/python3.8/site-packages/airflow/example_dags/example_bash_operator.py took 0.059 seconds
[2023-11-19T23:34:27.947+0000] {processor.py:157} INFO - Started process (PID=401) to work on /home/airflow/.local/lib/python3.8/site-packages/airflow/example_dags/example_bash_operator.py
[2023-11-19T23:34:27.948+0000] {processor.py:829} INFO - Processing file /home/airflow/.local/lib/python3.8/site-packages/airflow/example_dags/example_bash_operator.py for tasks to queue
[2023-11-19T23:34:27.951+0000] {logging_mixin.py:154} INFO - [2023-11-19T23:34:27.951+0000] {dagbag.py:536} INFO - Filling up the DagBag from /home/airflow/.local/lib/python3.8/site-packages/airflow/example_dags/example_bash_operator.py
[2023-11-19T23:34:27.963+0000] {processor.py:839} INFO - DAG(s) dict_keys(['example_bash_operator']) retrieved from /home/airflow/.local/lib/python3.8/site-packages/airflow/example_dags/example_bash_operator.py
[2023-11-19T23:34:27.982+0000] {logging_mixin.py:154} INFO - [2023-11-19T23:34:27.982+0000] {dag.py:2941} INFO - Sync 1 DAGs
[2023-11-19T23:34:27.993+0000] {logging_mixin.py:154} INFO - [2023-11-19T23:34:27.993+0000] {dag.py:3722} INFO - Setting next_dagrun for example_bash_operator to 2023-11-18T00:00:00+00:00, run_after=2023-11-19T00:00:00+00:00
[2023-11-19T23:34:28.001+0000] {processor.py:179} INFO - Processing /home/airflow/.local/lib/python3.8/site-packages/airflow/example_dags/example_bash_operator.py took 0.059 seconds
[2023-11-19T23:34:58.459+0000] {processor.py:157} INFO - Started process (PID=455) to work on /home/airflow/.local/lib/python3.8/site-packages/airflow/example_dags/example_bash_operator.py
[2023-11-19T23:34:58.460+0000] {processor.py:829} INFO - Processing file /home/airflow/.local/lib/python3.8/site-packages/airflow/example_dags/example_bash_operator.py for tasks to queue
[2023-11-19T23:34:58.462+0000] {logging_mixin.py:154} INFO - [2023-11-19T23:34:58.462+0000] {dagbag.py:536} INFO - Filling up the DagBag from /home/airflow/.local/lib/python3.8/site-packages/airflow/example_dags/example_bash_operator.py
[2023-11-19T23:34:58.471+0000] {processor.py:839} INFO - DAG(s) dict_keys(['example_bash_operator']) retrieved from /home/airflow/.local/lib/python3.8/site-packages/airflow/example_dags/example_bash_operator.py
[2023-11-19T23:34:58.488+0000] {logging_mixin.py:154} INFO - [2023-11-19T23:34:58.488+0000] {dag.py:2941} INFO - Sync 1 DAGs
[2023-11-19T23:34:58.499+0000] {logging_mixin.py:154} INFO - [2023-11-19T23:34:58.499+0000] {dag.py:3722} INFO - Setting next_dagrun for example_bash_operator to 2023-11-18T00:00:00+00:00, run_after=2023-11-19T00:00:00+00:00
[2023-11-19T23:34:58.506+0000] {processor.py:179} INFO - Processing /home/airflow/.local/lib/python3.8/site-packages/airflow/example_dags/example_bash_operator.py took 0.051 seconds
[2023-11-19T23:35:29.053+0000] {processor.py:157} INFO - Started process (PID=509) to work on /home/airflow/.local/lib/python3.8/site-packages/airflow/example_dags/example_bash_operator.py
[2023-11-19T23:35:29.055+0000] {processor.py:829} INFO - Processing file /home/airflow/.local/lib/python3.8/site-packages/airflow/example_dags/example_bash_operator.py for tasks to queue
[2023-11-19T23:35:29.058+0000] {logging_mixin.py:154} INFO - [2023-11-19T23:35:29.058+0000] {dagbag.py:536} INFO - Filling up the DagBag from /home/airflow/.local/lib/python3.8/site-packages/airflow/example_dags/example_bash_operator.py
[2023-11-19T23:35:29.071+0000] {processor.py:839} INFO - DAG(s) dict_keys(['example_bash_operator']) retrieved from /home/airflow/.local/lib/python3.8/site-packages/airflow/example_dags/example_bash_operator.py
[2023-11-19T23:35:29.090+0000] {logging_mixin.py:154} INFO - [2023-11-19T23:35:29.090+0000] {dag.py:2941} INFO - Sync 1 DAGs
[2023-11-19T23:35:29.102+0000] {logging_mixin.py:154} INFO - [2023-11-19T23:35:29.102+0000] {dag.py:3722} INFO - Setting next_dagrun for example_bash_operator to 2023-11-18T00:00:00+00:00, run_after=2023-11-19T00:00:00+00:00
[2023-11-19T23:35:29.110+0000] {processor.py:179} INFO - Processing /home/airflow/.local/lib/python3.8/site-packages/airflow/example_dags/example_bash_operator.py took 0.061 seconds
[2023-11-19T23:35:59.519+0000] {processor.py:157} INFO - Started process (PID=563) to work on /home/airflow/.local/lib/python3.8/site-packages/airflow/example_dags/example_bash_operator.py
[2023-11-19T23:35:59.521+0000] {processor.py:829} INFO - Processing file /home/airflow/.local/lib/python3.8/site-packages/airflow/example_dags/example_bash_operator.py for tasks to queue
[2023-11-19T23:35:59.524+0000] {logging_mixin.py:154} INFO - [2023-11-19T23:35:59.523+0000] {dagbag.py:536} INFO - Filling up the DagBag from /home/airflow/.local/lib/python3.8/site-packages/airflow/example_dags/example_bash_operator.py
[2023-11-19T23:35:59.537+0000] {processor.py:839} INFO - DAG(s) dict_keys(['example_bash_operator']) retrieved from /home/airflow/.local/lib/python3.8/site-packages/airflow/example_dags/example_bash_operator.py
[2023-11-19T23:35:59.558+0000] {logging_mixin.py:154} INFO - [2023-11-19T23:35:59.558+0000] {dag.py:2941} INFO - Sync 1 DAGs
[2023-11-19T23:35:59.572+0000] {logging_mixin.py:154} INFO - [2023-11-19T23:35:59.572+0000] {dag.py:3722} INFO - Setting next_dagrun for example_bash_operator to 2023-11-18T00:00:00+00:00, run_after=2023-11-19T00:00:00+00:00
[2023-11-19T23:35:59.579+0000] {processor.py:179} INFO - Processing /home/airflow/.local/lib/python3.8/site-packages/airflow/example_dags/example_bash_operator.py took 0.066 seconds
