[2023-11-19T23:20:26.015+0000] {processor.py:157} INFO - Started process (PID=46) to work on /home/airflow/.local/lib/python3.8/site-packages/airflow/example_dags/example_skip_dag.py
[2023-11-19T23:20:26.016+0000] {processor.py:829} INFO - Processing file /home/airflow/.local/lib/python3.8/site-packages/airflow/example_dags/example_skip_dag.py for tasks to queue
[2023-11-19T23:20:26.018+0000] {logging_mixin.py:154} INFO - [2023-11-19T23:20:26.018+0000] {dagbag.py:536} INFO - Filling up the DagBag from /home/airflow/.local/lib/python3.8/site-packages/airflow/example_dags/example_skip_dag.py
[2023-11-19T23:20:26.022+0000] {processor.py:839} INFO - DAG(s) dict_keys(['example_skip_dag']) retrieved from /home/airflow/.local/lib/python3.8/site-packages/airflow/example_dags/example_skip_dag.py
[2023-11-19T23:20:26.076+0000] {logging_mixin.py:154} INFO - [2023-11-19T23:20:26.076+0000] {manager.py:499} INFO - Created Permission View: %s
[2023-11-19T23:20:26.080+0000] {logging_mixin.py:154} INFO - [2023-11-19T23:20:26.080+0000] {manager.py:499} INFO - Created Permission View: %s
[2023-11-19T23:20:26.082+0000] {logging_mixin.py:154} INFO - [2023-11-19T23:20:26.082+0000] {manager.py:499} INFO - Created Permission View: %s
[2023-11-19T23:20:26.083+0000] {logging_mixin.py:154} INFO - [2023-11-19T23:20:26.083+0000] {dag.py:2941} INFO - Sync 1 DAGs
[2023-11-19T23:20:26.089+0000] {logging_mixin.py:154} INFO - [2023-11-19T23:20:26.089+0000] {dag.py:2963} INFO - Creating ORM DAG for example_skip_dag
[2023-11-19T23:20:26.093+0000] {logging_mixin.py:154} INFO - [2023-11-19T23:20:26.093+0000] {dag.py:3722} INFO - Setting next_dagrun for example_skip_dag to 2023-11-18T23:20:26.093715+00:00, run_after=2023-11-19T23:20:26.093715+00:00
[2023-11-19T23:20:26.101+0000] {processor.py:179} INFO - Processing /home/airflow/.local/lib/python3.8/site-packages/airflow/example_dags/example_skip_dag.py took 0.088 seconds
[2023-11-19T23:20:57.045+0000] {processor.py:157} INFO - Started process (PID=100) to work on /home/airflow/.local/lib/python3.8/site-packages/airflow/example_dags/example_skip_dag.py
[2023-11-19T23:20:57.046+0000] {processor.py:829} INFO - Processing file /home/airflow/.local/lib/python3.8/site-packages/airflow/example_dags/example_skip_dag.py for tasks to queue
[2023-11-19T23:20:57.047+0000] {logging_mixin.py:154} INFO - [2023-11-19T23:20:57.047+0000] {dagbag.py:536} INFO - Filling up the DagBag from /home/airflow/.local/lib/python3.8/site-packages/airflow/example_dags/example_skip_dag.py
[2023-11-19T23:20:57.051+0000] {processor.py:839} INFO - DAG(s) dict_keys(['example_skip_dag']) retrieved from /home/airflow/.local/lib/python3.8/site-packages/airflow/example_dags/example_skip_dag.py
[2023-11-19T23:20:57.060+0000] {logging_mixin.py:154} INFO - [2023-11-19T23:20:57.060+0000] {dag.py:2941} INFO - Sync 1 DAGs
[2023-11-19T23:20:57.070+0000] {logging_mixin.py:154} INFO - [2023-11-19T23:20:57.070+0000] {dag.py:3722} INFO - Setting next_dagrun for example_skip_dag to 2023-11-18T23:20:57.070229+00:00, run_after=2023-11-19T23:20:57.070229+00:00
[2023-11-19T23:20:57.077+0000] {processor.py:179} INFO - Processing /home/airflow/.local/lib/python3.8/site-packages/airflow/example_dags/example_skip_dag.py took 0.034 seconds
[2023-11-19T23:21:27.697+0000] {processor.py:157} INFO - Started process (PID=154) to work on /home/airflow/.local/lib/python3.8/site-packages/airflow/example_dags/example_skip_dag.py
[2023-11-19T23:21:27.698+0000] {processor.py:829} INFO - Processing file /home/airflow/.local/lib/python3.8/site-packages/airflow/example_dags/example_skip_dag.py for tasks to queue
[2023-11-19T23:21:27.699+0000] {logging_mixin.py:154} INFO - [2023-11-19T23:21:27.699+0000] {dagbag.py:536} INFO - Filling up the DagBag from /home/airflow/.local/lib/python3.8/site-packages/airflow/example_dags/example_skip_dag.py
[2023-11-19T23:21:27.703+0000] {processor.py:839} INFO - DAG(s) dict_keys(['example_skip_dag']) retrieved from /home/airflow/.local/lib/python3.8/site-packages/airflow/example_dags/example_skip_dag.py
[2023-11-19T23:21:27.712+0000] {logging_mixin.py:154} INFO - [2023-11-19T23:21:27.712+0000] {dag.py:2941} INFO - Sync 1 DAGs
[2023-11-19T23:21:27.722+0000] {logging_mixin.py:154} INFO - [2023-11-19T23:21:27.722+0000] {dag.py:3722} INFO - Setting next_dagrun for example_skip_dag to 2023-11-18T23:21:27.721957+00:00, run_after=2023-11-19T23:21:27.721957+00:00
[2023-11-19T23:21:27.729+0000] {processor.py:179} INFO - Processing /home/airflow/.local/lib/python3.8/site-packages/airflow/example_dags/example_skip_dag.py took 0.033 seconds
[2023-11-19T23:21:58.160+0000] {processor.py:157} INFO - Started process (PID=208) to work on /home/airflow/.local/lib/python3.8/site-packages/airflow/example_dags/example_skip_dag.py
[2023-11-19T23:21:58.161+0000] {processor.py:829} INFO - Processing file /home/airflow/.local/lib/python3.8/site-packages/airflow/example_dags/example_skip_dag.py for tasks to queue
[2023-11-19T23:21:58.162+0000] {logging_mixin.py:154} INFO - [2023-11-19T23:21:58.162+0000] {dagbag.py:536} INFO - Filling up the DagBag from /home/airflow/.local/lib/python3.8/site-packages/airflow/example_dags/example_skip_dag.py
[2023-11-19T23:21:58.166+0000] {processor.py:839} INFO - DAG(s) dict_keys(['example_skip_dag']) retrieved from /home/airflow/.local/lib/python3.8/site-packages/airflow/example_dags/example_skip_dag.py
[2023-11-19T23:21:58.176+0000] {logging_mixin.py:154} INFO - [2023-11-19T23:21:58.176+0000] {dag.py:2941} INFO - Sync 1 DAGs
[2023-11-19T23:21:58.185+0000] {logging_mixin.py:154} INFO - [2023-11-19T23:21:58.185+0000] {dag.py:3722} INFO - Setting next_dagrun for example_skip_dag to 2023-11-18T23:21:58.185098+00:00, run_after=2023-11-19T23:21:58.185098+00:00
[2023-11-19T23:21:58.191+0000] {processor.py:179} INFO - Processing /home/airflow/.local/lib/python3.8/site-packages/airflow/example_dags/example_skip_dag.py took 0.033 seconds
[2023-11-19T23:22:28.629+0000] {processor.py:157} INFO - Started process (PID=262) to work on /home/airflow/.local/lib/python3.8/site-packages/airflow/example_dags/example_skip_dag.py
[2023-11-19T23:22:28.630+0000] {processor.py:829} INFO - Processing file /home/airflow/.local/lib/python3.8/site-packages/airflow/example_dags/example_skip_dag.py for tasks to queue
[2023-11-19T23:22:28.631+0000] {logging_mixin.py:154} INFO - [2023-11-19T23:22:28.631+0000] {dagbag.py:536} INFO - Filling up the DagBag from /home/airflow/.local/lib/python3.8/site-packages/airflow/example_dags/example_skip_dag.py
[2023-11-19T23:22:28.635+0000] {processor.py:839} INFO - DAG(s) dict_keys(['example_skip_dag']) retrieved from /home/airflow/.local/lib/python3.8/site-packages/airflow/example_dags/example_skip_dag.py
[2023-11-19T23:22:28.646+0000] {logging_mixin.py:154} INFO - [2023-11-19T23:22:28.646+0000] {dag.py:2941} INFO - Sync 1 DAGs
[2023-11-19T23:22:28.655+0000] {logging_mixin.py:154} INFO - [2023-11-19T23:22:28.655+0000] {dag.py:3722} INFO - Setting next_dagrun for example_skip_dag to 2023-11-18T23:22:28.655574+00:00, run_after=2023-11-19T23:22:28.655574+00:00
[2023-11-19T23:22:28.662+0000] {processor.py:179} INFO - Processing /home/airflow/.local/lib/python3.8/site-packages/airflow/example_dags/example_skip_dag.py took 0.035 seconds
[2023-11-19T23:22:59.080+0000] {processor.py:157} INFO - Started process (PID=316) to work on /home/airflow/.local/lib/python3.8/site-packages/airflow/example_dags/example_skip_dag.py
[2023-11-19T23:22:59.081+0000] {processor.py:829} INFO - Processing file /home/airflow/.local/lib/python3.8/site-packages/airflow/example_dags/example_skip_dag.py for tasks to queue
[2023-11-19T23:22:59.082+0000] {logging_mixin.py:154} INFO - [2023-11-19T23:22:59.082+0000] {dagbag.py:536} INFO - Filling up the DagBag from /home/airflow/.local/lib/python3.8/site-packages/airflow/example_dags/example_skip_dag.py
[2023-11-19T23:22:59.085+0000] {processor.py:839} INFO - DAG(s) dict_keys(['example_skip_dag']) retrieved from /home/airflow/.local/lib/python3.8/site-packages/airflow/example_dags/example_skip_dag.py
[2023-11-19T23:22:59.095+0000] {logging_mixin.py:154} INFO - [2023-11-19T23:22:59.095+0000] {dag.py:2941} INFO - Sync 1 DAGs
[2023-11-19T23:22:59.104+0000] {logging_mixin.py:154} INFO - [2023-11-19T23:22:59.104+0000] {dag.py:3722} INFO - Setting next_dagrun for example_skip_dag to 2023-11-18T23:22:59.104158+00:00, run_after=2023-11-19T23:22:59.104158+00:00
[2023-11-19T23:22:59.111+0000] {processor.py:179} INFO - Processing /home/airflow/.local/lib/python3.8/site-packages/airflow/example_dags/example_skip_dag.py took 0.032 seconds
[2023-11-19T23:23:29.455+0000] {processor.py:157} INFO - Started process (PID=370) to work on /home/airflow/.local/lib/python3.8/site-packages/airflow/example_dags/example_skip_dag.py
[2023-11-19T23:23:29.455+0000] {processor.py:829} INFO - Processing file /home/airflow/.local/lib/python3.8/site-packages/airflow/example_dags/example_skip_dag.py for tasks to queue
[2023-11-19T23:23:29.456+0000] {logging_mixin.py:154} INFO - [2023-11-19T23:23:29.456+0000] {dagbag.py:536} INFO - Filling up the DagBag from /home/airflow/.local/lib/python3.8/site-packages/airflow/example_dags/example_skip_dag.py
[2023-11-19T23:23:29.460+0000] {processor.py:839} INFO - DAG(s) dict_keys(['example_skip_dag']) retrieved from /home/airflow/.local/lib/python3.8/site-packages/airflow/example_dags/example_skip_dag.py
[2023-11-19T23:23:29.470+0000] {logging_mixin.py:154} INFO - [2023-11-19T23:23:29.470+0000] {dag.py:2941} INFO - Sync 1 DAGs
[2023-11-19T23:23:29.480+0000] {logging_mixin.py:154} INFO - [2023-11-19T23:23:29.480+0000] {dag.py:3722} INFO - Setting next_dagrun for example_skip_dag to 2023-11-18T23:23:29.480451+00:00, run_after=2023-11-19T23:23:29.480451+00:00
[2023-11-19T23:23:29.487+0000] {processor.py:179} INFO - Processing /home/airflow/.local/lib/python3.8/site-packages/airflow/example_dags/example_skip_dag.py took 0.034 seconds
[2023-11-19T23:23:59.889+0000] {processor.py:157} INFO - Started process (PID=424) to work on /home/airflow/.local/lib/python3.8/site-packages/airflow/example_dags/example_skip_dag.py
[2023-11-19T23:23:59.890+0000] {processor.py:829} INFO - Processing file /home/airflow/.local/lib/python3.8/site-packages/airflow/example_dags/example_skip_dag.py for tasks to queue
[2023-11-19T23:23:59.891+0000] {logging_mixin.py:154} INFO - [2023-11-19T23:23:59.891+0000] {dagbag.py:536} INFO - Filling up the DagBag from /home/airflow/.local/lib/python3.8/site-packages/airflow/example_dags/example_skip_dag.py
[2023-11-19T23:23:59.895+0000] {processor.py:839} INFO - DAG(s) dict_keys(['example_skip_dag']) retrieved from /home/airflow/.local/lib/python3.8/site-packages/airflow/example_dags/example_skip_dag.py
[2023-11-19T23:23:59.905+0000] {logging_mixin.py:154} INFO - [2023-11-19T23:23:59.905+0000] {dag.py:2941} INFO - Sync 1 DAGs
[2023-11-19T23:23:59.914+0000] {logging_mixin.py:154} INFO - [2023-11-19T23:23:59.914+0000] {dag.py:3722} INFO - Setting next_dagrun for example_skip_dag to 2023-11-18T23:23:59.914479+00:00, run_after=2023-11-19T23:23:59.914479+00:00
[2023-11-19T23:23:59.921+0000] {processor.py:179} INFO - Processing /home/airflow/.local/lib/python3.8/site-packages/airflow/example_dags/example_skip_dag.py took 0.033 seconds
[2023-11-19T23:24:30.381+0000] {processor.py:157} INFO - Started process (PID=478) to work on /home/airflow/.local/lib/python3.8/site-packages/airflow/example_dags/example_skip_dag.py
[2023-11-19T23:24:30.381+0000] {processor.py:829} INFO - Processing file /home/airflow/.local/lib/python3.8/site-packages/airflow/example_dags/example_skip_dag.py for tasks to queue
[2023-11-19T23:24:30.383+0000] {logging_mixin.py:154} INFO - [2023-11-19T23:24:30.383+0000] {dagbag.py:536} INFO - Filling up the DagBag from /home/airflow/.local/lib/python3.8/site-packages/airflow/example_dags/example_skip_dag.py
[2023-11-19T23:24:30.386+0000] {processor.py:839} INFO - DAG(s) dict_keys(['example_skip_dag']) retrieved from /home/airflow/.local/lib/python3.8/site-packages/airflow/example_dags/example_skip_dag.py
[2023-11-19T23:24:30.396+0000] {logging_mixin.py:154} INFO - [2023-11-19T23:24:30.396+0000] {dag.py:2941} INFO - Sync 1 DAGs
[2023-11-19T23:24:30.405+0000] {logging_mixin.py:154} INFO - [2023-11-19T23:24:30.405+0000] {dag.py:3722} INFO - Setting next_dagrun for example_skip_dag to 2023-11-18T23:24:30.405685+00:00, run_after=2023-11-19T23:24:30.405685+00:00
[2023-11-19T23:24:30.412+0000] {processor.py:179} INFO - Processing /home/airflow/.local/lib/python3.8/site-packages/airflow/example_dags/example_skip_dag.py took 0.033 seconds
[2023-11-19T23:25:00.871+0000] {processor.py:157} INFO - Started process (PID=532) to work on /home/airflow/.local/lib/python3.8/site-packages/airflow/example_dags/example_skip_dag.py
[2023-11-19T23:25:00.872+0000] {processor.py:829} INFO - Processing file /home/airflow/.local/lib/python3.8/site-packages/airflow/example_dags/example_skip_dag.py for tasks to queue
[2023-11-19T23:25:00.873+0000] {logging_mixin.py:154} INFO - [2023-11-19T23:25:00.873+0000] {dagbag.py:536} INFO - Filling up the DagBag from /home/airflow/.local/lib/python3.8/site-packages/airflow/example_dags/example_skip_dag.py
[2023-11-19T23:25:00.876+0000] {processor.py:839} INFO - DAG(s) dict_keys(['example_skip_dag']) retrieved from /home/airflow/.local/lib/python3.8/site-packages/airflow/example_dags/example_skip_dag.py
[2023-11-19T23:25:00.887+0000] {logging_mixin.py:154} INFO - [2023-11-19T23:25:00.886+0000] {dag.py:2941} INFO - Sync 1 DAGs
[2023-11-19T23:25:00.896+0000] {logging_mixin.py:154} INFO - [2023-11-19T23:25:00.896+0000] {dag.py:3722} INFO - Setting next_dagrun for example_skip_dag to 2023-11-18T23:25:00.896248+00:00, run_after=2023-11-19T23:25:00.896248+00:00
[2023-11-19T23:25:00.903+0000] {processor.py:179} INFO - Processing /home/airflow/.local/lib/python3.8/site-packages/airflow/example_dags/example_skip_dag.py took 0.034 seconds
[2023-11-19T23:25:31.409+0000] {processor.py:157} INFO - Started process (PID=586) to work on /home/airflow/.local/lib/python3.8/site-packages/airflow/example_dags/example_skip_dag.py
[2023-11-19T23:25:31.409+0000] {processor.py:829} INFO - Processing file /home/airflow/.local/lib/python3.8/site-packages/airflow/example_dags/example_skip_dag.py for tasks to queue
[2023-11-19T23:25:31.411+0000] {logging_mixin.py:154} INFO - [2023-11-19T23:25:31.410+0000] {dagbag.py:536} INFO - Filling up the DagBag from /home/airflow/.local/lib/python3.8/site-packages/airflow/example_dags/example_skip_dag.py
[2023-11-19T23:25:31.415+0000] {processor.py:839} INFO - DAG(s) dict_keys(['example_skip_dag']) retrieved from /home/airflow/.local/lib/python3.8/site-packages/airflow/example_dags/example_skip_dag.py
[2023-11-19T23:25:31.426+0000] {logging_mixin.py:154} INFO - [2023-11-19T23:25:31.426+0000] {dag.py:2941} INFO - Sync 1 DAGs
[2023-11-19T23:25:31.437+0000] {logging_mixin.py:154} INFO - [2023-11-19T23:25:31.437+0000] {dag.py:3722} INFO - Setting next_dagrun for example_skip_dag to 2023-11-18T23:25:31.437149+00:00, run_after=2023-11-19T23:25:31.437149+00:00
[2023-11-19T23:25:31.445+0000] {processor.py:179} INFO - Processing /home/airflow/.local/lib/python3.8/site-packages/airflow/example_dags/example_skip_dag.py took 0.038 seconds
[2023-11-19T23:31:22.740+0000] {processor.py:157} INFO - Started process (PID=47) to work on /home/airflow/.local/lib/python3.8/site-packages/airflow/example_dags/example_skip_dag.py
[2023-11-19T23:31:22.740+0000] {processor.py:829} INFO - Processing file /home/airflow/.local/lib/python3.8/site-packages/airflow/example_dags/example_skip_dag.py for tasks to queue
[2023-11-19T23:31:22.742+0000] {logging_mixin.py:154} INFO - [2023-11-19T23:31:22.742+0000] {dagbag.py:536} INFO - Filling up the DagBag from /home/airflow/.local/lib/python3.8/site-packages/airflow/example_dags/example_skip_dag.py
[2023-11-19T23:31:22.746+0000] {processor.py:839} INFO - DAG(s) dict_keys(['example_skip_dag']) retrieved from /home/airflow/.local/lib/python3.8/site-packages/airflow/example_dags/example_skip_dag.py
[2023-11-19T23:31:22.809+0000] {logging_mixin.py:154} INFO - [2023-11-19T23:31:22.809+0000] {manager.py:499} INFO - Created Permission View: %s
[2023-11-19T23:31:22.813+0000] {logging_mixin.py:154} INFO - [2023-11-19T23:31:22.813+0000] {manager.py:499} INFO - Created Permission View: %s
[2023-11-19T23:31:22.816+0000] {logging_mixin.py:154} INFO - [2023-11-19T23:31:22.815+0000] {manager.py:499} INFO - Created Permission View: %s
[2023-11-19T23:31:22.816+0000] {logging_mixin.py:154} INFO - [2023-11-19T23:31:22.816+0000] {dag.py:2941} INFO - Sync 1 DAGs
[2023-11-19T23:31:22.822+0000] {logging_mixin.py:154} INFO - [2023-11-19T23:31:22.822+0000] {dag.py:2963} INFO - Creating ORM DAG for example_skip_dag
[2023-11-19T23:31:22.826+0000] {logging_mixin.py:154} INFO - [2023-11-19T23:31:22.826+0000] {dag.py:3722} INFO - Setting next_dagrun for example_skip_dag to 2023-11-18T23:31:22.826587+00:00, run_after=2023-11-19T23:31:22.826587+00:00
[2023-11-19T23:31:22.833+0000] {processor.py:179} INFO - Processing /home/airflow/.local/lib/python3.8/site-packages/airflow/example_dags/example_skip_dag.py took 0.096 seconds
[2023-11-19T23:31:53.780+0000] {processor.py:157} INFO - Started process (PID=101) to work on /home/airflow/.local/lib/python3.8/site-packages/airflow/example_dags/example_skip_dag.py
[2023-11-19T23:31:53.781+0000] {processor.py:829} INFO - Processing file /home/airflow/.local/lib/python3.8/site-packages/airflow/example_dags/example_skip_dag.py for tasks to queue
[2023-11-19T23:31:53.782+0000] {logging_mixin.py:154} INFO - [2023-11-19T23:31:53.782+0000] {dagbag.py:536} INFO - Filling up the DagBag from /home/airflow/.local/lib/python3.8/site-packages/airflow/example_dags/example_skip_dag.py
[2023-11-19T23:31:53.786+0000] {processor.py:839} INFO - DAG(s) dict_keys(['example_skip_dag']) retrieved from /home/airflow/.local/lib/python3.8/site-packages/airflow/example_dags/example_skip_dag.py
[2023-11-19T23:31:53.797+0000] {logging_mixin.py:154} INFO - [2023-11-19T23:31:53.797+0000] {dag.py:2941} INFO - Sync 1 DAGs
[2023-11-19T23:31:53.808+0000] {logging_mixin.py:154} INFO - [2023-11-19T23:31:53.808+0000] {dag.py:3722} INFO - Setting next_dagrun for example_skip_dag to 2023-11-18T23:31:53.807863+00:00, run_after=2023-11-19T23:31:53.807863+00:00
[2023-11-19T23:31:53.815+0000] {processor.py:179} INFO - Processing /home/airflow/.local/lib/python3.8/site-packages/airflow/example_dags/example_skip_dag.py took 0.037 seconds
[2023-11-19T23:32:24.332+0000] {processor.py:157} INFO - Started process (PID=155) to work on /home/airflow/.local/lib/python3.8/site-packages/airflow/example_dags/example_skip_dag.py
[2023-11-19T23:32:24.333+0000] {processor.py:829} INFO - Processing file /home/airflow/.local/lib/python3.8/site-packages/airflow/example_dags/example_skip_dag.py for tasks to queue
[2023-11-19T23:32:24.334+0000] {logging_mixin.py:154} INFO - [2023-11-19T23:32:24.334+0000] {dagbag.py:536} INFO - Filling up the DagBag from /home/airflow/.local/lib/python3.8/site-packages/airflow/example_dags/example_skip_dag.py
[2023-11-19T23:32:24.338+0000] {processor.py:839} INFO - DAG(s) dict_keys(['example_skip_dag']) retrieved from /home/airflow/.local/lib/python3.8/site-packages/airflow/example_dags/example_skip_dag.py
[2023-11-19T23:32:24.348+0000] {logging_mixin.py:154} INFO - [2023-11-19T23:32:24.348+0000] {dag.py:2941} INFO - Sync 1 DAGs
[2023-11-19T23:32:24.358+0000] {logging_mixin.py:154} INFO - [2023-11-19T23:32:24.358+0000] {dag.py:3722} INFO - Setting next_dagrun for example_skip_dag to 2023-11-18T23:32:24.358501+00:00, run_after=2023-11-19T23:32:24.358501+00:00
[2023-11-19T23:32:24.365+0000] {processor.py:179} INFO - Processing /home/airflow/.local/lib/python3.8/site-packages/airflow/example_dags/example_skip_dag.py took 0.035 seconds
[2023-11-19T23:32:54.818+0000] {processor.py:157} INFO - Started process (PID=209) to work on /home/airflow/.local/lib/python3.8/site-packages/airflow/example_dags/example_skip_dag.py
[2023-11-19T23:32:54.818+0000] {processor.py:829} INFO - Processing file /home/airflow/.local/lib/python3.8/site-packages/airflow/example_dags/example_skip_dag.py for tasks to queue
[2023-11-19T23:32:54.819+0000] {logging_mixin.py:154} INFO - [2023-11-19T23:32:54.819+0000] {dagbag.py:536} INFO - Filling up the DagBag from /home/airflow/.local/lib/python3.8/site-packages/airflow/example_dags/example_skip_dag.py
[2023-11-19T23:32:54.823+0000] {processor.py:839} INFO - DAG(s) dict_keys(['example_skip_dag']) retrieved from /home/airflow/.local/lib/python3.8/site-packages/airflow/example_dags/example_skip_dag.py
[2023-11-19T23:32:54.832+0000] {logging_mixin.py:154} INFO - [2023-11-19T23:32:54.832+0000] {dag.py:2941} INFO - Sync 1 DAGs
[2023-11-19T23:32:54.842+0000] {logging_mixin.py:154} INFO - [2023-11-19T23:32:54.842+0000] {dag.py:3722} INFO - Setting next_dagrun for example_skip_dag to 2023-11-18T23:32:54.841873+00:00, run_after=2023-11-19T23:32:54.841873+00:00
[2023-11-19T23:32:54.848+0000] {processor.py:179} INFO - Processing /home/airflow/.local/lib/python3.8/site-packages/airflow/example_dags/example_skip_dag.py took 0.033 seconds
[2023-11-19T23:33:25.278+0000] {processor.py:157} INFO - Started process (PID=263) to work on /home/airflow/.local/lib/python3.8/site-packages/airflow/example_dags/example_skip_dag.py
[2023-11-19T23:33:25.278+0000] {processor.py:829} INFO - Processing file /home/airflow/.local/lib/python3.8/site-packages/airflow/example_dags/example_skip_dag.py for tasks to queue
[2023-11-19T23:33:25.280+0000] {logging_mixin.py:154} INFO - [2023-11-19T23:33:25.279+0000] {dagbag.py:536} INFO - Filling up the DagBag from /home/airflow/.local/lib/python3.8/site-packages/airflow/example_dags/example_skip_dag.py
[2023-11-19T23:33:25.283+0000] {processor.py:839} INFO - DAG(s) dict_keys(['example_skip_dag']) retrieved from /home/airflow/.local/lib/python3.8/site-packages/airflow/example_dags/example_skip_dag.py
[2023-11-19T23:33:25.292+0000] {logging_mixin.py:154} INFO - [2023-11-19T23:33:25.292+0000] {dag.py:2941} INFO - Sync 1 DAGs
[2023-11-19T23:33:25.302+0000] {logging_mixin.py:154} INFO - [2023-11-19T23:33:25.302+0000] {dag.py:3722} INFO - Setting next_dagrun for example_skip_dag to 2023-11-18T23:33:25.302423+00:00, run_after=2023-11-19T23:33:25.302423+00:00
[2023-11-19T23:33:25.309+0000] {processor.py:179} INFO - Processing /home/airflow/.local/lib/python3.8/site-packages/airflow/example_dags/example_skip_dag.py took 0.033 seconds
[2023-11-19T23:33:55.802+0000] {processor.py:157} INFO - Started process (PID=317) to work on /home/airflow/.local/lib/python3.8/site-packages/airflow/example_dags/example_skip_dag.py
[2023-11-19T23:33:55.802+0000] {processor.py:829} INFO - Processing file /home/airflow/.local/lib/python3.8/site-packages/airflow/example_dags/example_skip_dag.py for tasks to queue
[2023-11-19T23:33:55.803+0000] {logging_mixin.py:154} INFO - [2023-11-19T23:33:55.803+0000] {dagbag.py:536} INFO - Filling up the DagBag from /home/airflow/.local/lib/python3.8/site-packages/airflow/example_dags/example_skip_dag.py
[2023-11-19T23:33:55.807+0000] {processor.py:839} INFO - DAG(s) dict_keys(['example_skip_dag']) retrieved from /home/airflow/.local/lib/python3.8/site-packages/airflow/example_dags/example_skip_dag.py
[2023-11-19T23:33:55.816+0000] {logging_mixin.py:154} INFO - [2023-11-19T23:33:55.816+0000] {dag.py:2941} INFO - Sync 1 DAGs
[2023-11-19T23:33:55.826+0000] {logging_mixin.py:154} INFO - [2023-11-19T23:33:55.826+0000] {dag.py:3722} INFO - Setting next_dagrun for example_skip_dag to 2023-11-18T23:33:55.826192+00:00, run_after=2023-11-19T23:33:55.826192+00:00
[2023-11-19T23:33:55.833+0000] {processor.py:179} INFO - Processing /home/airflow/.local/lib/python3.8/site-packages/airflow/example_dags/example_skip_dag.py took 0.033 seconds
[2023-11-19T23:34:26.221+0000] {processor.py:157} INFO - Started process (PID=371) to work on /home/airflow/.local/lib/python3.8/site-packages/airflow/example_dags/example_skip_dag.py
[2023-11-19T23:34:26.222+0000] {processor.py:829} INFO - Processing file /home/airflow/.local/lib/python3.8/site-packages/airflow/example_dags/example_skip_dag.py for tasks to queue
[2023-11-19T23:34:26.223+0000] {logging_mixin.py:154} INFO - [2023-11-19T23:34:26.223+0000] {dagbag.py:536} INFO - Filling up the DagBag from /home/airflow/.local/lib/python3.8/site-packages/airflow/example_dags/example_skip_dag.py
[2023-11-19T23:34:26.227+0000] {processor.py:839} INFO - DAG(s) dict_keys(['example_skip_dag']) retrieved from /home/airflow/.local/lib/python3.8/site-packages/airflow/example_dags/example_skip_dag.py
[2023-11-19T23:34:26.236+0000] {logging_mixin.py:154} INFO - [2023-11-19T23:34:26.236+0000] {dag.py:2941} INFO - Sync 1 DAGs
[2023-11-19T23:34:26.246+0000] {logging_mixin.py:154} INFO - [2023-11-19T23:34:26.246+0000] {dag.py:3722} INFO - Setting next_dagrun for example_skip_dag to 2023-11-18T23:34:26.246161+00:00, run_after=2023-11-19T23:34:26.246161+00:00
[2023-11-19T23:34:26.253+0000] {processor.py:179} INFO - Processing /home/airflow/.local/lib/python3.8/site-packages/airflow/example_dags/example_skip_dag.py took 0.033 seconds
[2023-11-19T23:34:56.700+0000] {processor.py:157} INFO - Started process (PID=425) to work on /home/airflow/.local/lib/python3.8/site-packages/airflow/example_dags/example_skip_dag.py
[2023-11-19T23:34:56.701+0000] {processor.py:829} INFO - Processing file /home/airflow/.local/lib/python3.8/site-packages/airflow/example_dags/example_skip_dag.py for tasks to queue
[2023-11-19T23:34:56.702+0000] {logging_mixin.py:154} INFO - [2023-11-19T23:34:56.702+0000] {dagbag.py:536} INFO - Filling up the DagBag from /home/airflow/.local/lib/python3.8/site-packages/airflow/example_dags/example_skip_dag.py
[2023-11-19T23:34:56.706+0000] {processor.py:839} INFO - DAG(s) dict_keys(['example_skip_dag']) retrieved from /home/airflow/.local/lib/python3.8/site-packages/airflow/example_dags/example_skip_dag.py
[2023-11-19T23:34:56.715+0000] {logging_mixin.py:154} INFO - [2023-11-19T23:34:56.715+0000] {dag.py:2941} INFO - Sync 1 DAGs
[2023-11-19T23:34:56.725+0000] {logging_mixin.py:154} INFO - [2023-11-19T23:34:56.725+0000] {dag.py:3722} INFO - Setting next_dagrun for example_skip_dag to 2023-11-18T23:34:56.725300+00:00, run_after=2023-11-19T23:34:56.725300+00:00
[2023-11-19T23:34:56.732+0000] {processor.py:179} INFO - Processing /home/airflow/.local/lib/python3.8/site-packages/airflow/example_dags/example_skip_dag.py took 0.033 seconds
[2023-11-19T23:35:27.223+0000] {processor.py:157} INFO - Started process (PID=479) to work on /home/airflow/.local/lib/python3.8/site-packages/airflow/example_dags/example_skip_dag.py
[2023-11-19T23:35:27.224+0000] {processor.py:829} INFO - Processing file /home/airflow/.local/lib/python3.8/site-packages/airflow/example_dags/example_skip_dag.py for tasks to queue
[2023-11-19T23:35:27.225+0000] {logging_mixin.py:154} INFO - [2023-11-19T23:35:27.225+0000] {dagbag.py:536} INFO - Filling up the DagBag from /home/airflow/.local/lib/python3.8/site-packages/airflow/example_dags/example_skip_dag.py
[2023-11-19T23:35:27.230+0000] {processor.py:839} INFO - DAG(s) dict_keys(['example_skip_dag']) retrieved from /home/airflow/.local/lib/python3.8/site-packages/airflow/example_dags/example_skip_dag.py
[2023-11-19T23:35:27.244+0000] {logging_mixin.py:154} INFO - [2023-11-19T23:35:27.244+0000] {dag.py:2941} INFO - Sync 1 DAGs
[2023-11-19T23:35:27.260+0000] {logging_mixin.py:154} INFO - [2023-11-19T23:35:27.259+0000] {dag.py:3722} INFO - Setting next_dagrun for example_skip_dag to 2023-11-18T23:35:27.259642+00:00, run_after=2023-11-19T23:35:27.259642+00:00
[2023-11-19T23:35:27.271+0000] {processor.py:179} INFO - Processing /home/airflow/.local/lib/python3.8/site-packages/airflow/example_dags/example_skip_dag.py took 0.050 seconds
[2023-11-19T23:35:57.784+0000] {processor.py:157} INFO - Started process (PID=533) to work on /home/airflow/.local/lib/python3.8/site-packages/airflow/example_dags/example_skip_dag.py
[2023-11-19T23:35:57.784+0000] {processor.py:829} INFO - Processing file /home/airflow/.local/lib/python3.8/site-packages/airflow/example_dags/example_skip_dag.py for tasks to queue
[2023-11-19T23:35:57.786+0000] {logging_mixin.py:154} INFO - [2023-11-19T23:35:57.786+0000] {dagbag.py:536} INFO - Filling up the DagBag from /home/airflow/.local/lib/python3.8/site-packages/airflow/example_dags/example_skip_dag.py
[2023-11-19T23:35:57.790+0000] {processor.py:839} INFO - DAG(s) dict_keys(['example_skip_dag']) retrieved from /home/airflow/.local/lib/python3.8/site-packages/airflow/example_dags/example_skip_dag.py
[2023-11-19T23:35:57.799+0000] {logging_mixin.py:154} INFO - [2023-11-19T23:35:57.799+0000] {dag.py:2941} INFO - Sync 1 DAGs
[2023-11-19T23:35:57.809+0000] {logging_mixin.py:154} INFO - [2023-11-19T23:35:57.809+0000] {dag.py:3722} INFO - Setting next_dagrun for example_skip_dag to 2023-11-18T23:35:57.809213+00:00, run_after=2023-11-19T23:35:57.809213+00:00
[2023-11-19T23:35:57.816+0000] {processor.py:179} INFO - Processing /home/airflow/.local/lib/python3.8/site-packages/airflow/example_dags/example_skip_dag.py took 0.034 seconds
