[2023-11-19T23:20:25.496+0000] {processor.py:157} INFO - Started process (PID=38) to work on /home/airflow/.local/lib/python3.8/site-packages/airflow/example_dags/example_branch_datetime_operator.py
[2023-11-19T23:20:25.497+0000] {processor.py:829} INFO - Processing file /home/airflow/.local/lib/python3.8/site-packages/airflow/example_dags/example_branch_datetime_operator.py for tasks to queue
[2023-11-19T23:20:25.502+0000] {logging_mixin.py:154} INFO - [2023-11-19T23:20:25.502+0000] {dagbag.py:536} INFO - Filling up the DagBag from /home/airflow/.local/lib/python3.8/site-packages/airflow/example_dags/example_branch_datetime_operator.py
[2023-11-19T23:20:25.515+0000] {processor.py:839} INFO - DAG(s) dict_keys(['example_branch_datetime_operator_2', 'example_branch_datetime_operator', 'example_branch_datetime_operator_3']) retrieved from /home/airflow/.local/lib/python3.8/site-packages/airflow/example_dags/example_branch_datetime_operator.py
[2023-11-19T23:20:25.656+0000] {logging_mixin.py:154} INFO - [2023-11-19T23:20:25.654+0000] {manager.py:499} INFO - Created Permission View: %s
[2023-11-19T23:20:25.670+0000] {logging_mixin.py:154} INFO - [2023-11-19T23:20:25.670+0000] {manager.py:499} INFO - Created Permission View: %s
[2023-11-19T23:20:25.675+0000] {logging_mixin.py:154} INFO - [2023-11-19T23:20:25.675+0000] {manager.py:499} INFO - Created Permission View: %s
[2023-11-19T23:20:25.681+0000] {logging_mixin.py:154} INFO - [2023-11-19T23:20:25.681+0000] {manager.py:499} INFO - Created Permission View: %s
[2023-11-19T23:20:25.684+0000] {logging_mixin.py:154} INFO - [2023-11-19T23:20:25.684+0000] {manager.py:499} INFO - Created Permission View: %s
[2023-11-19T23:20:25.687+0000] {logging_mixin.py:154} INFO - [2023-11-19T23:20:25.687+0000] {manager.py:499} INFO - Created Permission View: %s
[2023-11-19T23:20:25.692+0000] {logging_mixin.py:154} INFO - [2023-11-19T23:20:25.692+0000] {manager.py:499} INFO - Created Permission View: %s
[2023-11-19T23:20:25.694+0000] {logging_mixin.py:154} INFO - [2023-11-19T23:20:25.694+0000] {manager.py:499} INFO - Created Permission View: %s
[2023-11-19T23:20:25.697+0000] {logging_mixin.py:154} INFO - [2023-11-19T23:20:25.697+0000] {manager.py:499} INFO - Created Permission View: %s
[2023-11-19T23:20:25.698+0000] {logging_mixin.py:154} INFO - [2023-11-19T23:20:25.698+0000] {dag.py:2941} INFO - Sync 3 DAGs
[2023-11-19T23:20:25.703+0000] {logging_mixin.py:154} INFO - [2023-11-19T23:20:25.703+0000] {dag.py:2963} INFO - Creating ORM DAG for example_branch_datetime_operator
[2023-11-19T23:20:25.704+0000] {logging_mixin.py:154} INFO - [2023-11-19T23:20:25.704+0000] {dag.py:2963} INFO - Creating ORM DAG for example_branch_datetime_operator_2
[2023-11-19T23:20:25.704+0000] {logging_mixin.py:154} INFO - [2023-11-19T23:20:25.704+0000] {dag.py:2963} INFO - Creating ORM DAG for example_branch_datetime_operator_3
[2023-11-19T23:20:25.709+0000] {logging_mixin.py:154} INFO - [2023-11-19T23:20:25.709+0000] {dag.py:3722} INFO - Setting next_dagrun for example_branch_datetime_operator to 2023-11-18T00:00:00+00:00, run_after=2023-11-19T00:00:00+00:00
[2023-11-19T23:20:25.710+0000] {logging_mixin.py:154} INFO - [2023-11-19T23:20:25.710+0000] {dag.py:3722} INFO - Setting next_dagrun for example_branch_datetime_operator_2 to 2023-11-18T00:00:00+00:00, run_after=2023-11-19T00:00:00+00:00
[2023-11-19T23:20:25.711+0000] {logging_mixin.py:154} INFO - [2023-11-19T23:20:25.711+0000] {dag.py:3722} INFO - Setting next_dagrun for example_branch_datetime_operator_3 to 2023-11-18T00:00:00+00:00, run_after=2023-11-19T00:00:00+00:00
[2023-11-19T23:20:25.719+0000] {processor.py:179} INFO - Processing /home/airflow/.local/lib/python3.8/site-packages/airflow/example_dags/example_branch_datetime_operator.py took 0.229 seconds
[2023-11-19T23:20:55.816+0000] {processor.py:157} INFO - Started process (PID=92) to work on /home/airflow/.local/lib/python3.8/site-packages/airflow/example_dags/example_branch_datetime_operator.py
[2023-11-19T23:20:55.818+0000] {processor.py:829} INFO - Processing file /home/airflow/.local/lib/python3.8/site-packages/airflow/example_dags/example_branch_datetime_operator.py for tasks to queue
[2023-11-19T23:20:55.822+0000] {logging_mixin.py:154} INFO - [2023-11-19T23:20:55.821+0000] {dagbag.py:536} INFO - Filling up the DagBag from /home/airflow/.local/lib/python3.8/site-packages/airflow/example_dags/example_branch_datetime_operator.py
[2023-11-19T23:20:55.833+0000] {processor.py:839} INFO - DAG(s) dict_keys(['example_branch_datetime_operator_3', 'example_branch_datetime_operator', 'example_branch_datetime_operator_2']) retrieved from /home/airflow/.local/lib/python3.8/site-packages/airflow/example_dags/example_branch_datetime_operator.py
[2023-11-19T23:20:55.852+0000] {logging_mixin.py:154} INFO - [2023-11-19T23:20:55.851+0000] {dag.py:2941} INFO - Sync 3 DAGs
[2023-11-19T23:20:55.864+0000] {logging_mixin.py:154} INFO - [2023-11-19T23:20:55.864+0000] {dag.py:3722} INFO - Setting next_dagrun for example_branch_datetime_operator to 2023-11-18T00:00:00+00:00, run_after=2023-11-19T00:00:00+00:00
[2023-11-19T23:20:55.866+0000] {logging_mixin.py:154} INFO - [2023-11-19T23:20:55.866+0000] {dag.py:3722} INFO - Setting next_dagrun for example_branch_datetime_operator_2 to 2023-11-18T00:00:00+00:00, run_after=2023-11-19T00:00:00+00:00
[2023-11-19T23:20:55.867+0000] {logging_mixin.py:154} INFO - [2023-11-19T23:20:55.867+0000] {dag.py:3722} INFO - Setting next_dagrun for example_branch_datetime_operator_3 to 2023-11-18T00:00:00+00:00, run_after=2023-11-19T00:00:00+00:00
[2023-11-19T23:20:55.874+0000] {processor.py:179} INFO - Processing /home/airflow/.local/lib/python3.8/site-packages/airflow/example_dags/example_branch_datetime_operator.py took 0.063 seconds
[2023-11-19T23:21:26.467+0000] {processor.py:157} INFO - Started process (PID=146) to work on /home/airflow/.local/lib/python3.8/site-packages/airflow/example_dags/example_branch_datetime_operator.py
[2023-11-19T23:21:26.468+0000] {processor.py:829} INFO - Processing file /home/airflow/.local/lib/python3.8/site-packages/airflow/example_dags/example_branch_datetime_operator.py for tasks to queue
[2023-11-19T23:21:26.473+0000] {logging_mixin.py:154} INFO - [2023-11-19T23:21:26.472+0000] {dagbag.py:536} INFO - Filling up the DagBag from /home/airflow/.local/lib/python3.8/site-packages/airflow/example_dags/example_branch_datetime_operator.py
[2023-11-19T23:21:26.485+0000] {processor.py:839} INFO - DAG(s) dict_keys(['example_branch_datetime_operator', 'example_branch_datetime_operator_2', 'example_branch_datetime_operator_3']) retrieved from /home/airflow/.local/lib/python3.8/site-packages/airflow/example_dags/example_branch_datetime_operator.py
[2023-11-19T23:21:26.503+0000] {logging_mixin.py:154} INFO - [2023-11-19T23:21:26.503+0000] {dag.py:2941} INFO - Sync 3 DAGs
[2023-11-19T23:21:26.515+0000] {logging_mixin.py:154} INFO - [2023-11-19T23:21:26.515+0000] {dag.py:3722} INFO - Setting next_dagrun for example_branch_datetime_operator to 2023-11-18T00:00:00+00:00, run_after=2023-11-19T00:00:00+00:00
[2023-11-19T23:21:26.518+0000] {logging_mixin.py:154} INFO - [2023-11-19T23:21:26.517+0000] {dag.py:3722} INFO - Setting next_dagrun for example_branch_datetime_operator_2 to 2023-11-18T00:00:00+00:00, run_after=2023-11-19T00:00:00+00:00
[2023-11-19T23:21:26.519+0000] {logging_mixin.py:154} INFO - [2023-11-19T23:21:26.519+0000] {dag.py:3722} INFO - Setting next_dagrun for example_branch_datetime_operator_3 to 2023-11-18T00:00:00+00:00, run_after=2023-11-19T00:00:00+00:00
[2023-11-19T23:21:26.525+0000] {processor.py:179} INFO - Processing /home/airflow/.local/lib/python3.8/site-packages/airflow/example_dags/example_branch_datetime_operator.py took 0.065 seconds
[2023-11-19T23:21:56.939+0000] {processor.py:157} INFO - Started process (PID=200) to work on /home/airflow/.local/lib/python3.8/site-packages/airflow/example_dags/example_branch_datetime_operator.py
[2023-11-19T23:21:56.940+0000] {processor.py:829} INFO - Processing file /home/airflow/.local/lib/python3.8/site-packages/airflow/example_dags/example_branch_datetime_operator.py for tasks to queue
[2023-11-19T23:21:56.942+0000] {logging_mixin.py:154} INFO - [2023-11-19T23:21:56.942+0000] {dagbag.py:536} INFO - Filling up the DagBag from /home/airflow/.local/lib/python3.8/site-packages/airflow/example_dags/example_branch_datetime_operator.py
[2023-11-19T23:21:56.952+0000] {processor.py:839} INFO - DAG(s) dict_keys(['example_branch_datetime_operator_2', 'example_branch_datetime_operator_3', 'example_branch_datetime_operator']) retrieved from /home/airflow/.local/lib/python3.8/site-packages/airflow/example_dags/example_branch_datetime_operator.py
[2023-11-19T23:21:56.970+0000] {logging_mixin.py:154} INFO - [2023-11-19T23:21:56.970+0000] {dag.py:2941} INFO - Sync 3 DAGs
[2023-11-19T23:21:56.982+0000] {logging_mixin.py:154} INFO - [2023-11-19T23:21:56.981+0000] {dag.py:3722} INFO - Setting next_dagrun for example_branch_datetime_operator to 2023-11-18T00:00:00+00:00, run_after=2023-11-19T00:00:00+00:00
[2023-11-19T23:21:56.984+0000] {logging_mixin.py:154} INFO - [2023-11-19T23:21:56.984+0000] {dag.py:3722} INFO - Setting next_dagrun for example_branch_datetime_operator_2 to 2023-11-18T00:00:00+00:00, run_after=2023-11-19T00:00:00+00:00
[2023-11-19T23:21:56.985+0000] {logging_mixin.py:154} INFO - [2023-11-19T23:21:56.985+0000] {dag.py:3722} INFO - Setting next_dagrun for example_branch_datetime_operator_3 to 2023-11-18T00:00:00+00:00, run_after=2023-11-19T00:00:00+00:00
[2023-11-19T23:21:56.991+0000] {processor.py:179} INFO - Processing /home/airflow/.local/lib/python3.8/site-packages/airflow/example_dags/example_branch_datetime_operator.py took 0.058 seconds
[2023-11-19T23:22:27.390+0000] {processor.py:157} INFO - Started process (PID=254) to work on /home/airflow/.local/lib/python3.8/site-packages/airflow/example_dags/example_branch_datetime_operator.py
[2023-11-19T23:22:27.392+0000] {processor.py:829} INFO - Processing file /home/airflow/.local/lib/python3.8/site-packages/airflow/example_dags/example_branch_datetime_operator.py for tasks to queue
[2023-11-19T23:22:27.395+0000] {logging_mixin.py:154} INFO - [2023-11-19T23:22:27.395+0000] {dagbag.py:536} INFO - Filling up the DagBag from /home/airflow/.local/lib/python3.8/site-packages/airflow/example_dags/example_branch_datetime_operator.py
[2023-11-19T23:22:27.407+0000] {processor.py:839} INFO - DAG(s) dict_keys(['example_branch_datetime_operator', 'example_branch_datetime_operator_3', 'example_branch_datetime_operator_2']) retrieved from /home/airflow/.local/lib/python3.8/site-packages/airflow/example_dags/example_branch_datetime_operator.py
[2023-11-19T23:22:27.428+0000] {logging_mixin.py:154} INFO - [2023-11-19T23:22:27.428+0000] {dag.py:2941} INFO - Sync 3 DAGs
[2023-11-19T23:22:27.440+0000] {logging_mixin.py:154} INFO - [2023-11-19T23:22:27.440+0000] {dag.py:3722} INFO - Setting next_dagrun for example_branch_datetime_operator to 2023-11-18T00:00:00+00:00, run_after=2023-11-19T00:00:00+00:00
[2023-11-19T23:22:27.442+0000] {logging_mixin.py:154} INFO - [2023-11-19T23:22:27.442+0000] {dag.py:3722} INFO - Setting next_dagrun for example_branch_datetime_operator_2 to 2023-11-18T00:00:00+00:00, run_after=2023-11-19T00:00:00+00:00
[2023-11-19T23:22:27.444+0000] {logging_mixin.py:154} INFO - [2023-11-19T23:22:27.444+0000] {dag.py:3722} INFO - Setting next_dagrun for example_branch_datetime_operator_3 to 2023-11-18T00:00:00+00:00, run_after=2023-11-19T00:00:00+00:00
[2023-11-19T23:22:27.451+0000] {processor.py:179} INFO - Processing /home/airflow/.local/lib/python3.8/site-packages/airflow/example_dags/example_branch_datetime_operator.py took 0.067 seconds
[2023-11-19T23:22:57.856+0000] {processor.py:157} INFO - Started process (PID=308) to work on /home/airflow/.local/lib/python3.8/site-packages/airflow/example_dags/example_branch_datetime_operator.py
[2023-11-19T23:22:57.858+0000] {processor.py:829} INFO - Processing file /home/airflow/.local/lib/python3.8/site-packages/airflow/example_dags/example_branch_datetime_operator.py for tasks to queue
[2023-11-19T23:22:57.862+0000] {logging_mixin.py:154} INFO - [2023-11-19T23:22:57.861+0000] {dagbag.py:536} INFO - Filling up the DagBag from /home/airflow/.local/lib/python3.8/site-packages/airflow/example_dags/example_branch_datetime_operator.py
[2023-11-19T23:22:57.873+0000] {processor.py:839} INFO - DAG(s) dict_keys(['example_branch_datetime_operator_2', 'example_branch_datetime_operator_3', 'example_branch_datetime_operator']) retrieved from /home/airflow/.local/lib/python3.8/site-packages/airflow/example_dags/example_branch_datetime_operator.py
[2023-11-19T23:22:57.892+0000] {logging_mixin.py:154} INFO - [2023-11-19T23:22:57.892+0000] {dag.py:2941} INFO - Sync 3 DAGs
[2023-11-19T23:22:57.904+0000] {logging_mixin.py:154} INFO - [2023-11-19T23:22:57.904+0000] {dag.py:3722} INFO - Setting next_dagrun for example_branch_datetime_operator to 2023-11-18T00:00:00+00:00, run_after=2023-11-19T00:00:00+00:00
[2023-11-19T23:22:57.906+0000] {logging_mixin.py:154} INFO - [2023-11-19T23:22:57.906+0000] {dag.py:3722} INFO - Setting next_dagrun for example_branch_datetime_operator_2 to 2023-11-18T00:00:00+00:00, run_after=2023-11-19T00:00:00+00:00
[2023-11-19T23:22:57.907+0000] {logging_mixin.py:154} INFO - [2023-11-19T23:22:57.907+0000] {dag.py:3722} INFO - Setting next_dagrun for example_branch_datetime_operator_3 to 2023-11-18T00:00:00+00:00, run_after=2023-11-19T00:00:00+00:00
[2023-11-19T23:22:57.913+0000] {processor.py:179} INFO - Processing /home/airflow/.local/lib/python3.8/site-packages/airflow/example_dags/example_branch_datetime_operator.py took 0.064 seconds
[2023-11-19T23:23:28.227+0000] {processor.py:157} INFO - Started process (PID=362) to work on /home/airflow/.local/lib/python3.8/site-packages/airflow/example_dags/example_branch_datetime_operator.py
[2023-11-19T23:23:28.228+0000] {processor.py:829} INFO - Processing file /home/airflow/.local/lib/python3.8/site-packages/airflow/example_dags/example_branch_datetime_operator.py for tasks to queue
[2023-11-19T23:23:28.231+0000] {logging_mixin.py:154} INFO - [2023-11-19T23:23:28.230+0000] {dagbag.py:536} INFO - Filling up the DagBag from /home/airflow/.local/lib/python3.8/site-packages/airflow/example_dags/example_branch_datetime_operator.py
[2023-11-19T23:23:28.240+0000] {processor.py:839} INFO - DAG(s) dict_keys(['example_branch_datetime_operator_2', 'example_branch_datetime_operator', 'example_branch_datetime_operator_3']) retrieved from /home/airflow/.local/lib/python3.8/site-packages/airflow/example_dags/example_branch_datetime_operator.py
[2023-11-19T23:23:28.258+0000] {logging_mixin.py:154} INFO - [2023-11-19T23:23:28.258+0000] {dag.py:2941} INFO - Sync 3 DAGs
[2023-11-19T23:23:28.269+0000] {logging_mixin.py:154} INFO - [2023-11-19T23:23:28.269+0000] {dag.py:3722} INFO - Setting next_dagrun for example_branch_datetime_operator to 2023-11-18T00:00:00+00:00, run_after=2023-11-19T00:00:00+00:00
[2023-11-19T23:23:28.271+0000] {logging_mixin.py:154} INFO - [2023-11-19T23:23:28.271+0000] {dag.py:3722} INFO - Setting next_dagrun for example_branch_datetime_operator_2 to 2023-11-18T00:00:00+00:00, run_after=2023-11-19T00:00:00+00:00
[2023-11-19T23:23:28.272+0000] {logging_mixin.py:154} INFO - [2023-11-19T23:23:28.272+0000] {dag.py:3722} INFO - Setting next_dagrun for example_branch_datetime_operator_3 to 2023-11-18T00:00:00+00:00, run_after=2023-11-19T00:00:00+00:00
[2023-11-19T23:23:28.279+0000] {processor.py:179} INFO - Processing /home/airflow/.local/lib/python3.8/site-packages/airflow/example_dags/example_branch_datetime_operator.py took 0.058 seconds
[2023-11-19T23:23:58.659+0000] {processor.py:157} INFO - Started process (PID=416) to work on /home/airflow/.local/lib/python3.8/site-packages/airflow/example_dags/example_branch_datetime_operator.py
[2023-11-19T23:23:58.661+0000] {processor.py:829} INFO - Processing file /home/airflow/.local/lib/python3.8/site-packages/airflow/example_dags/example_branch_datetime_operator.py for tasks to queue
[2023-11-19T23:23:58.664+0000] {logging_mixin.py:154} INFO - [2023-11-19T23:23:58.663+0000] {dagbag.py:536} INFO - Filling up the DagBag from /home/airflow/.local/lib/python3.8/site-packages/airflow/example_dags/example_branch_datetime_operator.py
[2023-11-19T23:23:58.673+0000] {processor.py:839} INFO - DAG(s) dict_keys(['example_branch_datetime_operator', 'example_branch_datetime_operator_2', 'example_branch_datetime_operator_3']) retrieved from /home/airflow/.local/lib/python3.8/site-packages/airflow/example_dags/example_branch_datetime_operator.py
[2023-11-19T23:23:58.692+0000] {logging_mixin.py:154} INFO - [2023-11-19T23:23:58.692+0000] {dag.py:2941} INFO - Sync 3 DAGs
[2023-11-19T23:23:58.704+0000] {logging_mixin.py:154} INFO - [2023-11-19T23:23:58.704+0000] {dag.py:3722} INFO - Setting next_dagrun for example_branch_datetime_operator to 2023-11-18T00:00:00+00:00, run_after=2023-11-19T00:00:00+00:00
[2023-11-19T23:23:58.706+0000] {logging_mixin.py:154} INFO - [2023-11-19T23:23:58.706+0000] {dag.py:3722} INFO - Setting next_dagrun for example_branch_datetime_operator_2 to 2023-11-18T00:00:00+00:00, run_after=2023-11-19T00:00:00+00:00
[2023-11-19T23:23:58.708+0000] {logging_mixin.py:154} INFO - [2023-11-19T23:23:58.708+0000] {dag.py:3722} INFO - Setting next_dagrun for example_branch_datetime_operator_3 to 2023-11-18T00:00:00+00:00, run_after=2023-11-19T00:00:00+00:00
[2023-11-19T23:23:58.714+0000] {processor.py:179} INFO - Processing /home/airflow/.local/lib/python3.8/site-packages/airflow/example_dags/example_branch_datetime_operator.py took 0.060 seconds
[2023-11-19T23:24:29.149+0000] {processor.py:157} INFO - Started process (PID=470) to work on /home/airflow/.local/lib/python3.8/site-packages/airflow/example_dags/example_branch_datetime_operator.py
[2023-11-19T23:24:29.151+0000] {processor.py:829} INFO - Processing file /home/airflow/.local/lib/python3.8/site-packages/airflow/example_dags/example_branch_datetime_operator.py for tasks to queue
[2023-11-19T23:24:29.155+0000] {logging_mixin.py:154} INFO - [2023-11-19T23:24:29.154+0000] {dagbag.py:536} INFO - Filling up the DagBag from /home/airflow/.local/lib/python3.8/site-packages/airflow/example_dags/example_branch_datetime_operator.py
[2023-11-19T23:24:29.166+0000] {processor.py:839} INFO - DAG(s) dict_keys(['example_branch_datetime_operator', 'example_branch_datetime_operator_3', 'example_branch_datetime_operator_2']) retrieved from /home/airflow/.local/lib/python3.8/site-packages/airflow/example_dags/example_branch_datetime_operator.py
[2023-11-19T23:24:29.186+0000] {logging_mixin.py:154} INFO - [2023-11-19T23:24:29.186+0000] {dag.py:2941} INFO - Sync 3 DAGs
[2023-11-19T23:24:29.198+0000] {logging_mixin.py:154} INFO - [2023-11-19T23:24:29.198+0000] {dag.py:3722} INFO - Setting next_dagrun for example_branch_datetime_operator to 2023-11-18T00:00:00+00:00, run_after=2023-11-19T00:00:00+00:00
[2023-11-19T23:24:29.200+0000] {logging_mixin.py:154} INFO - [2023-11-19T23:24:29.200+0000] {dag.py:3722} INFO - Setting next_dagrun for example_branch_datetime_operator_2 to 2023-11-18T00:00:00+00:00, run_after=2023-11-19T00:00:00+00:00
[2023-11-19T23:24:29.201+0000] {logging_mixin.py:154} INFO - [2023-11-19T23:24:29.201+0000] {dag.py:3722} INFO - Setting next_dagrun for example_branch_datetime_operator_3 to 2023-11-18T00:00:00+00:00, run_after=2023-11-19T00:00:00+00:00
[2023-11-19T23:24:29.208+0000] {processor.py:179} INFO - Processing /home/airflow/.local/lib/python3.8/site-packages/airflow/example_dags/example_branch_datetime_operator.py took 0.065 seconds
[2023-11-19T23:24:59.640+0000] {processor.py:157} INFO - Started process (PID=524) to work on /home/airflow/.local/lib/python3.8/site-packages/airflow/example_dags/example_branch_datetime_operator.py
[2023-11-19T23:24:59.642+0000] {processor.py:829} INFO - Processing file /home/airflow/.local/lib/python3.8/site-packages/airflow/example_dags/example_branch_datetime_operator.py for tasks to queue
[2023-11-19T23:24:59.644+0000] {logging_mixin.py:154} INFO - [2023-11-19T23:24:59.644+0000] {dagbag.py:536} INFO - Filling up the DagBag from /home/airflow/.local/lib/python3.8/site-packages/airflow/example_dags/example_branch_datetime_operator.py
[2023-11-19T23:24:59.654+0000] {processor.py:839} INFO - DAG(s) dict_keys(['example_branch_datetime_operator', 'example_branch_datetime_operator_2', 'example_branch_datetime_operator_3']) retrieved from /home/airflow/.local/lib/python3.8/site-packages/airflow/example_dags/example_branch_datetime_operator.py
[2023-11-19T23:24:59.672+0000] {logging_mixin.py:154} INFO - [2023-11-19T23:24:59.672+0000] {dag.py:2941} INFO - Sync 3 DAGs
[2023-11-19T23:24:59.684+0000] {logging_mixin.py:154} INFO - [2023-11-19T23:24:59.684+0000] {dag.py:3722} INFO - Setting next_dagrun for example_branch_datetime_operator to 2023-11-18T00:00:00+00:00, run_after=2023-11-19T00:00:00+00:00
[2023-11-19T23:24:59.687+0000] {logging_mixin.py:154} INFO - [2023-11-19T23:24:59.687+0000] {dag.py:3722} INFO - Setting next_dagrun for example_branch_datetime_operator_2 to 2023-11-18T00:00:00+00:00, run_after=2023-11-19T00:00:00+00:00
[2023-11-19T23:24:59.688+0000] {logging_mixin.py:154} INFO - [2023-11-19T23:24:59.688+0000] {dag.py:3722} INFO - Setting next_dagrun for example_branch_datetime_operator_3 to 2023-11-18T00:00:00+00:00, run_after=2023-11-19T00:00:00+00:00
[2023-11-19T23:24:59.695+0000] {processor.py:179} INFO - Processing /home/airflow/.local/lib/python3.8/site-packages/airflow/example_dags/example_branch_datetime_operator.py took 0.060 seconds
[2023-11-19T23:25:30.166+0000] {processor.py:157} INFO - Started process (PID=578) to work on /home/airflow/.local/lib/python3.8/site-packages/airflow/example_dags/example_branch_datetime_operator.py
[2023-11-19T23:25:30.168+0000] {processor.py:829} INFO - Processing file /home/airflow/.local/lib/python3.8/site-packages/airflow/example_dags/example_branch_datetime_operator.py for tasks to queue
[2023-11-19T23:25:30.170+0000] {logging_mixin.py:154} INFO - [2023-11-19T23:25:30.170+0000] {dagbag.py:536} INFO - Filling up the DagBag from /home/airflow/.local/lib/python3.8/site-packages/airflow/example_dags/example_branch_datetime_operator.py
[2023-11-19T23:25:30.180+0000] {processor.py:839} INFO - DAG(s) dict_keys(['example_branch_datetime_operator_2', 'example_branch_datetime_operator_3', 'example_branch_datetime_operator']) retrieved from /home/airflow/.local/lib/python3.8/site-packages/airflow/example_dags/example_branch_datetime_operator.py
[2023-11-19T23:25:30.200+0000] {logging_mixin.py:154} INFO - [2023-11-19T23:25:30.200+0000] {dag.py:2941} INFO - Sync 3 DAGs
[2023-11-19T23:25:30.212+0000] {logging_mixin.py:154} INFO - [2023-11-19T23:25:30.212+0000] {dag.py:3722} INFO - Setting next_dagrun for example_branch_datetime_operator to 2023-11-18T00:00:00+00:00, run_after=2023-11-19T00:00:00+00:00
[2023-11-19T23:25:30.215+0000] {logging_mixin.py:154} INFO - [2023-11-19T23:25:30.215+0000] {dag.py:3722} INFO - Setting next_dagrun for example_branch_datetime_operator_2 to 2023-11-18T00:00:00+00:00, run_after=2023-11-19T00:00:00+00:00
[2023-11-19T23:25:30.216+0000] {logging_mixin.py:154} INFO - [2023-11-19T23:25:30.216+0000] {dag.py:3722} INFO - Setting next_dagrun for example_branch_datetime_operator_3 to 2023-11-18T00:00:00+00:00, run_after=2023-11-19T00:00:00+00:00
[2023-11-19T23:25:30.223+0000] {processor.py:179} INFO - Processing /home/airflow/.local/lib/python3.8/site-packages/airflow/example_dags/example_branch_datetime_operator.py took 0.062 seconds
[2023-11-19T23:31:22.210+0000] {processor.py:157} INFO - Started process (PID=39) to work on /home/airflow/.local/lib/python3.8/site-packages/airflow/example_dags/example_branch_datetime_operator.py
[2023-11-19T23:31:22.211+0000] {processor.py:829} INFO - Processing file /home/airflow/.local/lib/python3.8/site-packages/airflow/example_dags/example_branch_datetime_operator.py for tasks to queue
[2023-11-19T23:31:22.212+0000] {logging_mixin.py:154} INFO - [2023-11-19T23:31:22.212+0000] {dagbag.py:536} INFO - Filling up the DagBag from /home/airflow/.local/lib/python3.8/site-packages/airflow/example_dags/example_branch_datetime_operator.py
[2023-11-19T23:31:22.222+0000] {processor.py:839} INFO - DAG(s) dict_keys(['example_branch_datetime_operator_2', 'example_branch_datetime_operator', 'example_branch_datetime_operator_3']) retrieved from /home/airflow/.local/lib/python3.8/site-packages/airflow/example_dags/example_branch_datetime_operator.py
[2023-11-19T23:31:22.367+0000] {logging_mixin.py:154} INFO - [2023-11-19T23:31:22.367+0000] {manager.py:499} INFO - Created Permission View: %s
[2023-11-19T23:31:22.372+0000] {logging_mixin.py:154} INFO - [2023-11-19T23:31:22.372+0000] {manager.py:499} INFO - Created Permission View: %s
[2023-11-19T23:31:22.374+0000] {logging_mixin.py:154} INFO - [2023-11-19T23:31:22.374+0000] {manager.py:499} INFO - Created Permission View: %s
[2023-11-19T23:31:22.380+0000] {logging_mixin.py:154} INFO - [2023-11-19T23:31:22.379+0000] {manager.py:499} INFO - Created Permission View: %s
[2023-11-19T23:31:22.382+0000] {logging_mixin.py:154} INFO - [2023-11-19T23:31:22.382+0000] {manager.py:499} INFO - Created Permission View: %s
[2023-11-19T23:31:22.385+0000] {logging_mixin.py:154} INFO - [2023-11-19T23:31:22.385+0000] {manager.py:499} INFO - Created Permission View: %s
[2023-11-19T23:31:22.389+0000] {logging_mixin.py:154} INFO - [2023-11-19T23:31:22.389+0000] {manager.py:499} INFO - Created Permission View: %s
[2023-11-19T23:31:22.392+0000] {logging_mixin.py:154} INFO - [2023-11-19T23:31:22.392+0000] {manager.py:499} INFO - Created Permission View: %s
[2023-11-19T23:31:22.394+0000] {logging_mixin.py:154} INFO - [2023-11-19T23:31:22.393+0000] {manager.py:499} INFO - Created Permission View: %s
[2023-11-19T23:31:22.394+0000] {logging_mixin.py:154} INFO - [2023-11-19T23:31:22.394+0000] {dag.py:2941} INFO - Sync 3 DAGs
[2023-11-19T23:31:22.399+0000] {logging_mixin.py:154} INFO - [2023-11-19T23:31:22.399+0000] {dag.py:2963} INFO - Creating ORM DAG for example_branch_datetime_operator_2
[2023-11-19T23:31:22.400+0000] {logging_mixin.py:154} INFO - [2023-11-19T23:31:22.399+0000] {dag.py:2963} INFO - Creating ORM DAG for example_branch_datetime_operator
[2023-11-19T23:31:22.400+0000] {logging_mixin.py:154} INFO - [2023-11-19T23:31:22.400+0000] {dag.py:2963} INFO - Creating ORM DAG for example_branch_datetime_operator_3
[2023-11-19T23:31:22.405+0000] {logging_mixin.py:154} INFO - [2023-11-19T23:31:22.405+0000] {dag.py:3722} INFO - Setting next_dagrun for example_branch_datetime_operator to 2023-11-18T00:00:00+00:00, run_after=2023-11-19T00:00:00+00:00
[2023-11-19T23:31:22.406+0000] {logging_mixin.py:154} INFO - [2023-11-19T23:31:22.405+0000] {dag.py:3722} INFO - Setting next_dagrun for example_branch_datetime_operator_2 to 2023-11-18T00:00:00+00:00, run_after=2023-11-19T00:00:00+00:00
[2023-11-19T23:31:22.406+0000] {logging_mixin.py:154} INFO - [2023-11-19T23:31:22.406+0000] {dag.py:3722} INFO - Setting next_dagrun for example_branch_datetime_operator_3 to 2023-11-18T00:00:00+00:00, run_after=2023-11-19T00:00:00+00:00
[2023-11-19T23:31:22.416+0000] {processor.py:179} INFO - Processing /home/airflow/.local/lib/python3.8/site-packages/airflow/example_dags/example_branch_datetime_operator.py took 0.208 seconds
[2023-11-19T23:31:52.494+0000] {processor.py:157} INFO - Started process (PID=93) to work on /home/airflow/.local/lib/python3.8/site-packages/airflow/example_dags/example_branch_datetime_operator.py
[2023-11-19T23:31:52.495+0000] {processor.py:829} INFO - Processing file /home/airflow/.local/lib/python3.8/site-packages/airflow/example_dags/example_branch_datetime_operator.py for tasks to queue
[2023-11-19T23:31:52.503+0000] {logging_mixin.py:154} INFO - [2023-11-19T23:31:52.503+0000] {dagbag.py:536} INFO - Filling up the DagBag from /home/airflow/.local/lib/python3.8/site-packages/airflow/example_dags/example_branch_datetime_operator.py
[2023-11-19T23:31:52.513+0000] {processor.py:839} INFO - DAG(s) dict_keys(['example_branch_datetime_operator_3', 'example_branch_datetime_operator_2', 'example_branch_datetime_operator']) retrieved from /home/airflow/.local/lib/python3.8/site-packages/airflow/example_dags/example_branch_datetime_operator.py
[2023-11-19T23:31:52.533+0000] {logging_mixin.py:154} INFO - [2023-11-19T23:31:52.533+0000] {dag.py:2941} INFO - Sync 3 DAGs
[2023-11-19T23:31:52.549+0000] {logging_mixin.py:154} INFO - [2023-11-19T23:31:52.549+0000] {dag.py:3722} INFO - Setting next_dagrun for example_branch_datetime_operator to 2023-11-18T00:00:00+00:00, run_after=2023-11-19T00:00:00+00:00
[2023-11-19T23:31:52.552+0000] {logging_mixin.py:154} INFO - [2023-11-19T23:31:52.552+0000] {dag.py:3722} INFO - Setting next_dagrun for example_branch_datetime_operator_2 to 2023-11-18T00:00:00+00:00, run_after=2023-11-19T00:00:00+00:00
[2023-11-19T23:31:52.553+0000] {logging_mixin.py:154} INFO - [2023-11-19T23:31:52.553+0000] {dag.py:3722} INFO - Setting next_dagrun for example_branch_datetime_operator_3 to 2023-11-18T00:00:00+00:00, run_after=2023-11-19T00:00:00+00:00
[2023-11-19T23:31:52.562+0000] {processor.py:179} INFO - Processing /home/airflow/.local/lib/python3.8/site-packages/airflow/example_dags/example_branch_datetime_operator.py took 0.072 seconds
[2023-11-19T23:32:23.102+0000] {processor.py:157} INFO - Started process (PID=147) to work on /home/airflow/.local/lib/python3.8/site-packages/airflow/example_dags/example_branch_datetime_operator.py
[2023-11-19T23:32:23.102+0000] {processor.py:829} INFO - Processing file /home/airflow/.local/lib/python3.8/site-packages/airflow/example_dags/example_branch_datetime_operator.py for tasks to queue
[2023-11-19T23:32:23.104+0000] {logging_mixin.py:154} INFO - [2023-11-19T23:32:23.104+0000] {dagbag.py:536} INFO - Filling up the DagBag from /home/airflow/.local/lib/python3.8/site-packages/airflow/example_dags/example_branch_datetime_operator.py
[2023-11-19T23:32:23.112+0000] {processor.py:839} INFO - DAG(s) dict_keys(['example_branch_datetime_operator_3', 'example_branch_datetime_operator_2', 'example_branch_datetime_operator']) retrieved from /home/airflow/.local/lib/python3.8/site-packages/airflow/example_dags/example_branch_datetime_operator.py
[2023-11-19T23:32:23.132+0000] {logging_mixin.py:154} INFO - [2023-11-19T23:32:23.131+0000] {dag.py:2941} INFO - Sync 3 DAGs
[2023-11-19T23:32:23.144+0000] {logging_mixin.py:154} INFO - [2023-11-19T23:32:23.144+0000] {dag.py:3722} INFO - Setting next_dagrun for example_branch_datetime_operator to 2023-11-18T00:00:00+00:00, run_after=2023-11-19T00:00:00+00:00
[2023-11-19T23:32:23.146+0000] {logging_mixin.py:154} INFO - [2023-11-19T23:32:23.146+0000] {dag.py:3722} INFO - Setting next_dagrun for example_branch_datetime_operator_2 to 2023-11-18T00:00:00+00:00, run_after=2023-11-19T00:00:00+00:00
[2023-11-19T23:32:23.148+0000] {logging_mixin.py:154} INFO - [2023-11-19T23:32:23.148+0000] {dag.py:3722} INFO - Setting next_dagrun for example_branch_datetime_operator_3 to 2023-11-18T00:00:00+00:00, run_after=2023-11-19T00:00:00+00:00
[2023-11-19T23:32:23.154+0000] {processor.py:179} INFO - Processing /home/airflow/.local/lib/python3.8/site-packages/airflow/example_dags/example_branch_datetime_operator.py took 0.057 seconds
[2023-11-19T23:32:53.583+0000] {processor.py:157} INFO - Started process (PID=201) to work on /home/airflow/.local/lib/python3.8/site-packages/airflow/example_dags/example_branch_datetime_operator.py
[2023-11-19T23:32:53.585+0000] {processor.py:829} INFO - Processing file /home/airflow/.local/lib/python3.8/site-packages/airflow/example_dags/example_branch_datetime_operator.py for tasks to queue
[2023-11-19T23:32:53.588+0000] {logging_mixin.py:154} INFO - [2023-11-19T23:32:53.587+0000] {dagbag.py:536} INFO - Filling up the DagBag from /home/airflow/.local/lib/python3.8/site-packages/airflow/example_dags/example_branch_datetime_operator.py
[2023-11-19T23:32:53.597+0000] {processor.py:839} INFO - DAG(s) dict_keys(['example_branch_datetime_operator_2', 'example_branch_datetime_operator_3', 'example_branch_datetime_operator']) retrieved from /home/airflow/.local/lib/python3.8/site-packages/airflow/example_dags/example_branch_datetime_operator.py
[2023-11-19T23:32:53.615+0000] {logging_mixin.py:154} INFO - [2023-11-19T23:32:53.615+0000] {dag.py:2941} INFO - Sync 3 DAGs
[2023-11-19T23:32:53.627+0000] {logging_mixin.py:154} INFO - [2023-11-19T23:32:53.626+0000] {dag.py:3722} INFO - Setting next_dagrun for example_branch_datetime_operator to 2023-11-18T00:00:00+00:00, run_after=2023-11-19T00:00:00+00:00
[2023-11-19T23:32:53.629+0000] {logging_mixin.py:154} INFO - [2023-11-19T23:32:53.629+0000] {dag.py:3722} INFO - Setting next_dagrun for example_branch_datetime_operator_2 to 2023-11-18T00:00:00+00:00, run_after=2023-11-19T00:00:00+00:00
[2023-11-19T23:32:53.630+0000] {logging_mixin.py:154} INFO - [2023-11-19T23:32:53.630+0000] {dag.py:3722} INFO - Setting next_dagrun for example_branch_datetime_operator_3 to 2023-11-18T00:00:00+00:00, run_after=2023-11-19T00:00:00+00:00
[2023-11-19T23:32:53.636+0000] {processor.py:179} INFO - Processing /home/airflow/.local/lib/python3.8/site-packages/airflow/example_dags/example_branch_datetime_operator.py took 0.058 seconds
[2023-11-19T23:33:24.054+0000] {processor.py:157} INFO - Started process (PID=255) to work on /home/airflow/.local/lib/python3.8/site-packages/airflow/example_dags/example_branch_datetime_operator.py
[2023-11-19T23:33:24.055+0000] {processor.py:829} INFO - Processing file /home/airflow/.local/lib/python3.8/site-packages/airflow/example_dags/example_branch_datetime_operator.py for tasks to queue
[2023-11-19T23:33:24.058+0000] {logging_mixin.py:154} INFO - [2023-11-19T23:33:24.058+0000] {dagbag.py:536} INFO - Filling up the DagBag from /home/airflow/.local/lib/python3.8/site-packages/airflow/example_dags/example_branch_datetime_operator.py
[2023-11-19T23:33:24.067+0000] {processor.py:839} INFO - DAG(s) dict_keys(['example_branch_datetime_operator_2', 'example_branch_datetime_operator_3', 'example_branch_datetime_operator']) retrieved from /home/airflow/.local/lib/python3.8/site-packages/airflow/example_dags/example_branch_datetime_operator.py
[2023-11-19T23:33:24.083+0000] {logging_mixin.py:154} INFO - [2023-11-19T23:33:24.083+0000] {dag.py:2941} INFO - Sync 3 DAGs
[2023-11-19T23:33:24.095+0000] {logging_mixin.py:154} INFO - [2023-11-19T23:33:24.094+0000] {dag.py:3722} INFO - Setting next_dagrun for example_branch_datetime_operator to 2023-11-18T00:00:00+00:00, run_after=2023-11-19T00:00:00+00:00
[2023-11-19T23:33:24.097+0000] {logging_mixin.py:154} INFO - [2023-11-19T23:33:24.097+0000] {dag.py:3722} INFO - Setting next_dagrun for example_branch_datetime_operator_2 to 2023-11-18T00:00:00+00:00, run_after=2023-11-19T00:00:00+00:00
[2023-11-19T23:33:24.098+0000] {logging_mixin.py:154} INFO - [2023-11-19T23:33:24.098+0000] {dag.py:3722} INFO - Setting next_dagrun for example_branch_datetime_operator_3 to 2023-11-18T00:00:00+00:00, run_after=2023-11-19T00:00:00+00:00
[2023-11-19T23:33:24.105+0000] {processor.py:179} INFO - Processing /home/airflow/.local/lib/python3.8/site-packages/airflow/example_dags/example_branch_datetime_operator.py took 0.055 seconds
[2023-11-19T23:33:54.592+0000] {processor.py:157} INFO - Started process (PID=309) to work on /home/airflow/.local/lib/python3.8/site-packages/airflow/example_dags/example_branch_datetime_operator.py
[2023-11-19T23:33:54.593+0000] {processor.py:829} INFO - Processing file /home/airflow/.local/lib/python3.8/site-packages/airflow/example_dags/example_branch_datetime_operator.py for tasks to queue
[2023-11-19T23:33:54.596+0000] {logging_mixin.py:154} INFO - [2023-11-19T23:33:54.596+0000] {dagbag.py:536} INFO - Filling up the DagBag from /home/airflow/.local/lib/python3.8/site-packages/airflow/example_dags/example_branch_datetime_operator.py
[2023-11-19T23:33:54.606+0000] {processor.py:839} INFO - DAG(s) dict_keys(['example_branch_datetime_operator_3', 'example_branch_datetime_operator_2', 'example_branch_datetime_operator']) retrieved from /home/airflow/.local/lib/python3.8/site-packages/airflow/example_dags/example_branch_datetime_operator.py
[2023-11-19T23:33:54.625+0000] {logging_mixin.py:154} INFO - [2023-11-19T23:33:54.625+0000] {dag.py:2941} INFO - Sync 3 DAGs
[2023-11-19T23:33:54.637+0000] {logging_mixin.py:154} INFO - [2023-11-19T23:33:54.637+0000] {dag.py:3722} INFO - Setting next_dagrun for example_branch_datetime_operator to 2023-11-18T00:00:00+00:00, run_after=2023-11-19T00:00:00+00:00
[2023-11-19T23:33:54.639+0000] {logging_mixin.py:154} INFO - [2023-11-19T23:33:54.639+0000] {dag.py:3722} INFO - Setting next_dagrun for example_branch_datetime_operator_2 to 2023-11-18T00:00:00+00:00, run_after=2023-11-19T00:00:00+00:00
[2023-11-19T23:33:54.641+0000] {logging_mixin.py:154} INFO - [2023-11-19T23:33:54.641+0000] {dag.py:3722} INFO - Setting next_dagrun for example_branch_datetime_operator_3 to 2023-11-18T00:00:00+00:00, run_after=2023-11-19T00:00:00+00:00
[2023-11-19T23:33:54.647+0000] {processor.py:179} INFO - Processing /home/airflow/.local/lib/python3.8/site-packages/airflow/example_dags/example_branch_datetime_operator.py took 0.060 seconds
[2023-11-19T23:34:25.006+0000] {processor.py:157} INFO - Started process (PID=363) to work on /home/airflow/.local/lib/python3.8/site-packages/airflow/example_dags/example_branch_datetime_operator.py
[2023-11-19T23:34:25.007+0000] {processor.py:829} INFO - Processing file /home/airflow/.local/lib/python3.8/site-packages/airflow/example_dags/example_branch_datetime_operator.py for tasks to queue
[2023-11-19T23:34:25.009+0000] {logging_mixin.py:154} INFO - [2023-11-19T23:34:25.009+0000] {dagbag.py:536} INFO - Filling up the DagBag from /home/airflow/.local/lib/python3.8/site-packages/airflow/example_dags/example_branch_datetime_operator.py
[2023-11-19T23:34:25.016+0000] {processor.py:839} INFO - DAG(s) dict_keys(['example_branch_datetime_operator_2', 'example_branch_datetime_operator', 'example_branch_datetime_operator_3']) retrieved from /home/airflow/.local/lib/python3.8/site-packages/airflow/example_dags/example_branch_datetime_operator.py
[2023-11-19T23:34:25.033+0000] {logging_mixin.py:154} INFO - [2023-11-19T23:34:25.033+0000] {dag.py:2941} INFO - Sync 3 DAGs
[2023-11-19T23:34:25.044+0000] {logging_mixin.py:154} INFO - [2023-11-19T23:34:25.044+0000] {dag.py:3722} INFO - Setting next_dagrun for example_branch_datetime_operator to 2023-11-18T00:00:00+00:00, run_after=2023-11-19T00:00:00+00:00
[2023-11-19T23:34:25.046+0000] {logging_mixin.py:154} INFO - [2023-11-19T23:34:25.046+0000] {dag.py:3722} INFO - Setting next_dagrun for example_branch_datetime_operator_2 to 2023-11-18T00:00:00+00:00, run_after=2023-11-19T00:00:00+00:00
[2023-11-19T23:34:25.047+0000] {logging_mixin.py:154} INFO - [2023-11-19T23:34:25.047+0000] {dag.py:3722} INFO - Setting next_dagrun for example_branch_datetime_operator_3 to 2023-11-18T00:00:00+00:00, run_after=2023-11-19T00:00:00+00:00
[2023-11-19T23:34:25.053+0000] {processor.py:179} INFO - Processing /home/airflow/.local/lib/python3.8/site-packages/airflow/example_dags/example_branch_datetime_operator.py took 0.051 seconds
[2023-11-19T23:34:55.463+0000] {processor.py:157} INFO - Started process (PID=417) to work on /home/airflow/.local/lib/python3.8/site-packages/airflow/example_dags/example_branch_datetime_operator.py
[2023-11-19T23:34:55.465+0000] {processor.py:829} INFO - Processing file /home/airflow/.local/lib/python3.8/site-packages/airflow/example_dags/example_branch_datetime_operator.py for tasks to queue
[2023-11-19T23:34:55.469+0000] {logging_mixin.py:154} INFO - [2023-11-19T23:34:55.468+0000] {dagbag.py:536} INFO - Filling up the DagBag from /home/airflow/.local/lib/python3.8/site-packages/airflow/example_dags/example_branch_datetime_operator.py
[2023-11-19T23:34:55.480+0000] {processor.py:839} INFO - DAG(s) dict_keys(['example_branch_datetime_operator', 'example_branch_datetime_operator_3', 'example_branch_datetime_operator_2']) retrieved from /home/airflow/.local/lib/python3.8/site-packages/airflow/example_dags/example_branch_datetime_operator.py
[2023-11-19T23:34:55.501+0000] {logging_mixin.py:154} INFO - [2023-11-19T23:34:55.501+0000] {dag.py:2941} INFO - Sync 3 DAGs
[2023-11-19T23:34:55.514+0000] {logging_mixin.py:154} INFO - [2023-11-19T23:34:55.514+0000] {dag.py:3722} INFO - Setting next_dagrun for example_branch_datetime_operator to 2023-11-18T00:00:00+00:00, run_after=2023-11-19T00:00:00+00:00
[2023-11-19T23:34:55.516+0000] {logging_mixin.py:154} INFO - [2023-11-19T23:34:55.516+0000] {dag.py:3722} INFO - Setting next_dagrun for example_branch_datetime_operator_2 to 2023-11-18T00:00:00+00:00, run_after=2023-11-19T00:00:00+00:00
[2023-11-19T23:34:55.518+0000] {logging_mixin.py:154} INFO - [2023-11-19T23:34:55.518+0000] {dag.py:3722} INFO - Setting next_dagrun for example_branch_datetime_operator_3 to 2023-11-18T00:00:00+00:00, run_after=2023-11-19T00:00:00+00:00
[2023-11-19T23:34:55.525+0000] {processor.py:179} INFO - Processing /home/airflow/.local/lib/python3.8/site-packages/airflow/example_dags/example_branch_datetime_operator.py took 0.067 seconds
[2023-11-19T23:35:25.999+0000] {processor.py:157} INFO - Started process (PID=471) to work on /home/airflow/.local/lib/python3.8/site-packages/airflow/example_dags/example_branch_datetime_operator.py
[2023-11-19T23:35:26.001+0000] {processor.py:829} INFO - Processing file /home/airflow/.local/lib/python3.8/site-packages/airflow/example_dags/example_branch_datetime_operator.py for tasks to queue
[2023-11-19T23:35:26.006+0000] {logging_mixin.py:154} INFO - [2023-11-19T23:35:26.005+0000] {dagbag.py:536} INFO - Filling up the DagBag from /home/airflow/.local/lib/python3.8/site-packages/airflow/example_dags/example_branch_datetime_operator.py
[2023-11-19T23:35:26.017+0000] {processor.py:839} INFO - DAG(s) dict_keys(['example_branch_datetime_operator_2', 'example_branch_datetime_operator', 'example_branch_datetime_operator_3']) retrieved from /home/airflow/.local/lib/python3.8/site-packages/airflow/example_dags/example_branch_datetime_operator.py
[2023-11-19T23:35:26.037+0000] {logging_mixin.py:154} INFO - [2023-11-19T23:35:26.037+0000] {dag.py:2941} INFO - Sync 3 DAGs
[2023-11-19T23:35:26.048+0000] {logging_mixin.py:154} INFO - [2023-11-19T23:35:26.048+0000] {dag.py:3722} INFO - Setting next_dagrun for example_branch_datetime_operator to 2023-11-18T00:00:00+00:00, run_after=2023-11-19T00:00:00+00:00
[2023-11-19T23:35:26.050+0000] {logging_mixin.py:154} INFO - [2023-11-19T23:35:26.050+0000] {dag.py:3722} INFO - Setting next_dagrun for example_branch_datetime_operator_2 to 2023-11-18T00:00:00+00:00, run_after=2023-11-19T00:00:00+00:00
[2023-11-19T23:35:26.052+0000] {logging_mixin.py:154} INFO - [2023-11-19T23:35:26.052+0000] {dag.py:3722} INFO - Setting next_dagrun for example_branch_datetime_operator_3 to 2023-11-18T00:00:00+00:00, run_after=2023-11-19T00:00:00+00:00
[2023-11-19T23:35:26.058+0000] {processor.py:179} INFO - Processing /home/airflow/.local/lib/python3.8/site-packages/airflow/example_dags/example_branch_datetime_operator.py took 0.065 seconds
[2023-11-19T23:35:56.557+0000] {processor.py:157} INFO - Started process (PID=525) to work on /home/airflow/.local/lib/python3.8/site-packages/airflow/example_dags/example_branch_datetime_operator.py
[2023-11-19T23:35:56.559+0000] {processor.py:829} INFO - Processing file /home/airflow/.local/lib/python3.8/site-packages/airflow/example_dags/example_branch_datetime_operator.py for tasks to queue
[2023-11-19T23:35:56.562+0000] {logging_mixin.py:154} INFO - [2023-11-19T23:35:56.561+0000] {dagbag.py:536} INFO - Filling up the DagBag from /home/airflow/.local/lib/python3.8/site-packages/airflow/example_dags/example_branch_datetime_operator.py
[2023-11-19T23:35:56.571+0000] {processor.py:839} INFO - DAG(s) dict_keys(['example_branch_datetime_operator_2', 'example_branch_datetime_operator', 'example_branch_datetime_operator_3']) retrieved from /home/airflow/.local/lib/python3.8/site-packages/airflow/example_dags/example_branch_datetime_operator.py
[2023-11-19T23:35:56.590+0000] {logging_mixin.py:154} INFO - [2023-11-19T23:35:56.590+0000] {dag.py:2941} INFO - Sync 3 DAGs
[2023-11-19T23:35:56.602+0000] {logging_mixin.py:154} INFO - [2023-11-19T23:35:56.602+0000] {dag.py:3722} INFO - Setting next_dagrun for example_branch_datetime_operator to 2023-11-18T00:00:00+00:00, run_after=2023-11-19T00:00:00+00:00
[2023-11-19T23:35:56.605+0000] {logging_mixin.py:154} INFO - [2023-11-19T23:35:56.605+0000] {dag.py:3722} INFO - Setting next_dagrun for example_branch_datetime_operator_2 to 2023-11-18T00:00:00+00:00, run_after=2023-11-19T00:00:00+00:00
[2023-11-19T23:35:56.606+0000] {logging_mixin.py:154} INFO - [2023-11-19T23:35:56.606+0000] {dag.py:3722} INFO - Setting next_dagrun for example_branch_datetime_operator_3 to 2023-11-18T00:00:00+00:00, run_after=2023-11-19T00:00:00+00:00
[2023-11-19T23:35:56.612+0000] {processor.py:179} INFO - Processing /home/airflow/.local/lib/python3.8/site-packages/airflow/example_dags/example_branch_datetime_operator.py took 0.061 seconds
[2023-11-19T23:36:27.043+0000] {processor.py:157} INFO - Started process (PID=579) to work on /home/airflow/.local/lib/python3.8/site-packages/airflow/example_dags/example_branch_datetime_operator.py
[2023-11-19T23:36:27.045+0000] {processor.py:829} INFO - Processing file /home/airflow/.local/lib/python3.8/site-packages/airflow/example_dags/example_branch_datetime_operator.py for tasks to queue
[2023-11-19T23:36:27.047+0000] {logging_mixin.py:154} INFO - [2023-11-19T23:36:27.047+0000] {dagbag.py:536} INFO - Filling up the DagBag from /home/airflow/.local/lib/python3.8/site-packages/airflow/example_dags/example_branch_datetime_operator.py
[2023-11-19T23:36:27.057+0000] {processor.py:839} INFO - DAG(s) dict_keys(['example_branch_datetime_operator_2', 'example_branch_datetime_operator_3', 'example_branch_datetime_operator']) retrieved from /home/airflow/.local/lib/python3.8/site-packages/airflow/example_dags/example_branch_datetime_operator.py
[2023-11-19T23:36:27.079+0000] {logging_mixin.py:154} INFO - [2023-11-19T23:36:27.079+0000] {dag.py:2941} INFO - Sync 3 DAGs
[2023-11-19T23:36:27.094+0000] {logging_mixin.py:154} INFO - [2023-11-19T23:36:27.094+0000] {dag.py:3722} INFO - Setting next_dagrun for example_branch_datetime_operator to 2023-11-18T00:00:00+00:00, run_after=2023-11-19T00:00:00+00:00
[2023-11-19T23:36:27.096+0000] {logging_mixin.py:154} INFO - [2023-11-19T23:36:27.096+0000] {dag.py:3722} INFO - Setting next_dagrun for example_branch_datetime_operator_2 to 2023-11-18T00:00:00+00:00, run_after=2023-11-19T00:00:00+00:00
[2023-11-19T23:36:27.098+0000] {logging_mixin.py:154} INFO - [2023-11-19T23:36:27.098+0000] {dag.py:3722} INFO - Setting next_dagrun for example_branch_datetime_operator_3 to 2023-11-18T00:00:00+00:00, run_after=2023-11-19T00:00:00+00:00
[2023-11-19T23:36:27.105+0000] {processor.py:179} INFO - Processing /home/airflow/.local/lib/python3.8/site-packages/airflow/example_dags/example_branch_datetime_operator.py took 0.066 seconds
