[2023-11-19T23:20:27.640+0000] {processor.py:157} INFO - Started process (PID=72) to work on /home/airflow/.local/lib/python3.8/site-packages/airflow/example_dags/example_short_circuit_operator.py
[2023-11-19T23:20:27.641+0000] {processor.py:829} INFO - Processing file /home/airflow/.local/lib/python3.8/site-packages/airflow/example_dags/example_short_circuit_operator.py for tasks to queue
[2023-11-19T23:20:27.642+0000] {logging_mixin.py:154} INFO - [2023-11-19T23:20:27.642+0000] {dagbag.py:536} INFO - Filling up the DagBag from /home/airflow/.local/lib/python3.8/site-packages/airflow/example_dags/example_short_circuit_operator.py
[2023-11-19T23:20:27.648+0000] {processor.py:839} INFO - DAG(s) dict_keys(['example_short_circuit_operator']) retrieved from /home/airflow/.local/lib/python3.8/site-packages/airflow/example_dags/example_short_circuit_operator.py
[2023-11-19T23:20:27.698+0000] {logging_mixin.py:154} INFO - [2023-11-19T23:20:27.698+0000] {manager.py:499} INFO - Created Permission View: %s
[2023-11-19T23:20:27.701+0000] {logging_mixin.py:154} INFO - [2023-11-19T23:20:27.701+0000] {manager.py:499} INFO - Created Permission View: %s
[2023-11-19T23:20:27.703+0000] {logging_mixin.py:154} INFO - [2023-11-19T23:20:27.703+0000] {manager.py:499} INFO - Created Permission View: %s
[2023-11-19T23:20:27.703+0000] {logging_mixin.py:154} INFO - [2023-11-19T23:20:27.703+0000] {dag.py:2941} INFO - Sync 1 DAGs
[2023-11-19T23:20:27.708+0000] {logging_mixin.py:154} INFO - [2023-11-19T23:20:27.708+0000] {dag.py:2963} INFO - Creating ORM DAG for example_short_circuit_operator
[2023-11-19T23:20:27.712+0000] {logging_mixin.py:154} INFO - [2023-11-19T23:20:27.712+0000] {dag.py:3722} INFO - Setting next_dagrun for example_short_circuit_operator to 2023-11-18T23:20:27.712199+00:00, run_after=2023-11-19T23:20:27.712199+00:00
[2023-11-19T23:20:27.718+0000] {processor.py:179} INFO - Processing /home/airflow/.local/lib/python3.8/site-packages/airflow/example_dags/example_short_circuit_operator.py took 0.081 seconds
[2023-11-19T23:20:57.793+0000] {processor.py:157} INFO - Started process (PID=126) to work on /home/airflow/.local/lib/python3.8/site-packages/airflow/example_dags/example_short_circuit_operator.py
[2023-11-19T23:20:57.794+0000] {processor.py:829} INFO - Processing file /home/airflow/.local/lib/python3.8/site-packages/airflow/example_dags/example_short_circuit_operator.py for tasks to queue
[2023-11-19T23:20:57.795+0000] {logging_mixin.py:154} INFO - [2023-11-19T23:20:57.795+0000] {dagbag.py:536} INFO - Filling up the DagBag from /home/airflow/.local/lib/python3.8/site-packages/airflow/example_dags/example_short_circuit_operator.py
[2023-11-19T23:20:57.798+0000] {processor.py:839} INFO - DAG(s) dict_keys(['example_short_circuit_operator']) retrieved from /home/airflow/.local/lib/python3.8/site-packages/airflow/example_dags/example_short_circuit_operator.py
[2023-11-19T23:20:57.809+0000] {logging_mixin.py:154} INFO - [2023-11-19T23:20:57.809+0000] {dag.py:2941} INFO - Sync 1 DAGs
[2023-11-19T23:20:57.817+0000] {logging_mixin.py:154} INFO - [2023-11-19T23:20:57.817+0000] {dag.py:3722} INFO - Setting next_dagrun for example_short_circuit_operator to 2023-11-18T23:20:57.817001+00:00, run_after=2023-11-19T23:20:57.817001+00:00
[2023-11-19T23:20:57.823+0000] {processor.py:179} INFO - Processing /home/airflow/.local/lib/python3.8/site-packages/airflow/example_dags/example_short_circuit_operator.py took 0.031 seconds
[2023-11-19T23:21:28.360+0000] {processor.py:157} INFO - Started process (PID=180) to work on /home/airflow/.local/lib/python3.8/site-packages/airflow/example_dags/example_short_circuit_operator.py
[2023-11-19T23:21:28.361+0000] {processor.py:829} INFO - Processing file /home/airflow/.local/lib/python3.8/site-packages/airflow/example_dags/example_short_circuit_operator.py for tasks to queue
[2023-11-19T23:21:28.362+0000] {logging_mixin.py:154} INFO - [2023-11-19T23:21:28.361+0000] {dagbag.py:536} INFO - Filling up the DagBag from /home/airflow/.local/lib/python3.8/site-packages/airflow/example_dags/example_short_circuit_operator.py
[2023-11-19T23:21:28.365+0000] {processor.py:839} INFO - DAG(s) dict_keys(['example_short_circuit_operator']) retrieved from /home/airflow/.local/lib/python3.8/site-packages/airflow/example_dags/example_short_circuit_operator.py
[2023-11-19T23:21:28.376+0000] {logging_mixin.py:154} INFO - [2023-11-19T23:21:28.376+0000] {dag.py:2941} INFO - Sync 1 DAGs
[2023-11-19T23:21:28.384+0000] {logging_mixin.py:154} INFO - [2023-11-19T23:21:28.384+0000] {dag.py:3722} INFO - Setting next_dagrun for example_short_circuit_operator to 2023-11-18T23:21:28.384557+00:00, run_after=2023-11-19T23:21:28.384557+00:00
[2023-11-19T23:21:28.390+0000] {processor.py:179} INFO - Processing /home/airflow/.local/lib/python3.8/site-packages/airflow/example_dags/example_short_circuit_operator.py took 0.032 seconds
[2023-11-19T23:21:58.762+0000] {processor.py:157} INFO - Started process (PID=234) to work on /home/airflow/.local/lib/python3.8/site-packages/airflow/example_dags/example_short_circuit_operator.py
[2023-11-19T23:21:58.763+0000] {processor.py:829} INFO - Processing file /home/airflow/.local/lib/python3.8/site-packages/airflow/example_dags/example_short_circuit_operator.py for tasks to queue
[2023-11-19T23:21:58.764+0000] {logging_mixin.py:154} INFO - [2023-11-19T23:21:58.764+0000] {dagbag.py:536} INFO - Filling up the DagBag from /home/airflow/.local/lib/python3.8/site-packages/airflow/example_dags/example_short_circuit_operator.py
[2023-11-19T23:21:58.768+0000] {processor.py:839} INFO - DAG(s) dict_keys(['example_short_circuit_operator']) retrieved from /home/airflow/.local/lib/python3.8/site-packages/airflow/example_dags/example_short_circuit_operator.py
[2023-11-19T23:21:58.778+0000] {logging_mixin.py:154} INFO - [2023-11-19T23:21:58.778+0000] {dag.py:2941} INFO - Sync 1 DAGs
[2023-11-19T23:21:58.787+0000] {logging_mixin.py:154} INFO - [2023-11-19T23:21:58.787+0000] {dag.py:3722} INFO - Setting next_dagrun for example_short_circuit_operator to 2023-11-18T23:21:58.787441+00:00, run_after=2023-11-19T23:21:58.787441+00:00
[2023-11-19T23:21:58.795+0000] {processor.py:179} INFO - Processing /home/airflow/.local/lib/python3.8/site-packages/airflow/example_dags/example_short_circuit_operator.py took 0.034 seconds
[2023-11-19T23:22:29.272+0000] {processor.py:157} INFO - Started process (PID=288) to work on /home/airflow/.local/lib/python3.8/site-packages/airflow/example_dags/example_short_circuit_operator.py
[2023-11-19T23:22:29.272+0000] {processor.py:829} INFO - Processing file /home/airflow/.local/lib/python3.8/site-packages/airflow/example_dags/example_short_circuit_operator.py for tasks to queue
[2023-11-19T23:22:29.273+0000] {logging_mixin.py:154} INFO - [2023-11-19T23:22:29.273+0000] {dagbag.py:536} INFO - Filling up the DagBag from /home/airflow/.local/lib/python3.8/site-packages/airflow/example_dags/example_short_circuit_operator.py
[2023-11-19T23:22:29.277+0000] {processor.py:839} INFO - DAG(s) dict_keys(['example_short_circuit_operator']) retrieved from /home/airflow/.local/lib/python3.8/site-packages/airflow/example_dags/example_short_circuit_operator.py
[2023-11-19T23:22:29.286+0000] {logging_mixin.py:154} INFO - [2023-11-19T23:22:29.286+0000] {dag.py:2941} INFO - Sync 1 DAGs
[2023-11-19T23:22:29.295+0000] {logging_mixin.py:154} INFO - [2023-11-19T23:22:29.295+0000] {dag.py:3722} INFO - Setting next_dagrun for example_short_circuit_operator to 2023-11-18T23:22:29.294933+00:00, run_after=2023-11-19T23:22:29.294933+00:00
[2023-11-19T23:22:29.300+0000] {processor.py:179} INFO - Processing /home/airflow/.local/lib/python3.8/site-packages/airflow/example_dags/example_short_circuit_operator.py took 0.030 seconds
[2023-11-19T23:22:59.733+0000] {processor.py:157} INFO - Started process (PID=342) to work on /home/airflow/.local/lib/python3.8/site-packages/airflow/example_dags/example_short_circuit_operator.py
[2023-11-19T23:22:59.733+0000] {processor.py:829} INFO - Processing file /home/airflow/.local/lib/python3.8/site-packages/airflow/example_dags/example_short_circuit_operator.py for tasks to queue
[2023-11-19T23:22:59.734+0000] {logging_mixin.py:154} INFO - [2023-11-19T23:22:59.734+0000] {dagbag.py:536} INFO - Filling up the DagBag from /home/airflow/.local/lib/python3.8/site-packages/airflow/example_dags/example_short_circuit_operator.py
[2023-11-19T23:22:59.738+0000] {processor.py:839} INFO - DAG(s) dict_keys(['example_short_circuit_operator']) retrieved from /home/airflow/.local/lib/python3.8/site-packages/airflow/example_dags/example_short_circuit_operator.py
[2023-11-19T23:22:59.749+0000] {logging_mixin.py:154} INFO - [2023-11-19T23:22:59.749+0000] {dag.py:2941} INFO - Sync 1 DAGs
[2023-11-19T23:22:59.758+0000] {logging_mixin.py:154} INFO - [2023-11-19T23:22:59.758+0000] {dag.py:3722} INFO - Setting next_dagrun for example_short_circuit_operator to 2023-11-18T23:22:59.758213+00:00, run_after=2023-11-19T23:22:59.758213+00:00
[2023-11-19T23:22:59.765+0000] {processor.py:179} INFO - Processing /home/airflow/.local/lib/python3.8/site-packages/airflow/example_dags/example_short_circuit_operator.py took 0.034 seconds
[2023-11-19T23:23:30.076+0000] {processor.py:157} INFO - Started process (PID=396) to work on /home/airflow/.local/lib/python3.8/site-packages/airflow/example_dags/example_short_circuit_operator.py
[2023-11-19T23:23:30.076+0000] {processor.py:829} INFO - Processing file /home/airflow/.local/lib/python3.8/site-packages/airflow/example_dags/example_short_circuit_operator.py for tasks to queue
[2023-11-19T23:23:30.077+0000] {logging_mixin.py:154} INFO - [2023-11-19T23:23:30.077+0000] {dagbag.py:536} INFO - Filling up the DagBag from /home/airflow/.local/lib/python3.8/site-packages/airflow/example_dags/example_short_circuit_operator.py
[2023-11-19T23:23:30.081+0000] {processor.py:839} INFO - DAG(s) dict_keys(['example_short_circuit_operator']) retrieved from /home/airflow/.local/lib/python3.8/site-packages/airflow/example_dags/example_short_circuit_operator.py
[2023-11-19T23:23:30.091+0000] {logging_mixin.py:154} INFO - [2023-11-19T23:23:30.091+0000] {dag.py:2941} INFO - Sync 1 DAGs
[2023-11-19T23:23:30.100+0000] {logging_mixin.py:154} INFO - [2023-11-19T23:23:30.100+0000] {dag.py:3722} INFO - Setting next_dagrun for example_short_circuit_operator to 2023-11-18T23:23:30.100168+00:00, run_after=2023-11-19T23:23:30.100168+00:00
[2023-11-19T23:23:30.106+0000] {processor.py:179} INFO - Processing /home/airflow/.local/lib/python3.8/site-packages/airflow/example_dags/example_short_circuit_operator.py took 0.033 seconds
[2023-11-19T23:24:00.553+0000] {processor.py:157} INFO - Started process (PID=450) to work on /home/airflow/.local/lib/python3.8/site-packages/airflow/example_dags/example_short_circuit_operator.py
[2023-11-19T23:24:00.553+0000] {processor.py:829} INFO - Processing file /home/airflow/.local/lib/python3.8/site-packages/airflow/example_dags/example_short_circuit_operator.py for tasks to queue
[2023-11-19T23:24:00.554+0000] {logging_mixin.py:154} INFO - [2023-11-19T23:24:00.554+0000] {dagbag.py:536} INFO - Filling up the DagBag from /home/airflow/.local/lib/python3.8/site-packages/airflow/example_dags/example_short_circuit_operator.py
[2023-11-19T23:24:00.558+0000] {processor.py:839} INFO - DAG(s) dict_keys(['example_short_circuit_operator']) retrieved from /home/airflow/.local/lib/python3.8/site-packages/airflow/example_dags/example_short_circuit_operator.py
[2023-11-19T23:24:00.568+0000] {logging_mixin.py:154} INFO - [2023-11-19T23:24:00.568+0000] {dag.py:2941} INFO - Sync 1 DAGs
[2023-11-19T23:24:00.577+0000] {logging_mixin.py:154} INFO - [2023-11-19T23:24:00.577+0000] {dag.py:3722} INFO - Setting next_dagrun for example_short_circuit_operator to 2023-11-18T23:24:00.577684+00:00, run_after=2023-11-19T23:24:00.577684+00:00
[2023-11-19T23:24:00.584+0000] {processor.py:179} INFO - Processing /home/airflow/.local/lib/python3.8/site-packages/airflow/example_dags/example_short_circuit_operator.py took 0.034 seconds
[2023-11-19T23:24:31.037+0000] {processor.py:157} INFO - Started process (PID=504) to work on /home/airflow/.local/lib/python3.8/site-packages/airflow/example_dags/example_short_circuit_operator.py
[2023-11-19T23:24:31.038+0000] {processor.py:829} INFO - Processing file /home/airflow/.local/lib/python3.8/site-packages/airflow/example_dags/example_short_circuit_operator.py for tasks to queue
[2023-11-19T23:24:31.039+0000] {logging_mixin.py:154} INFO - [2023-11-19T23:24:31.039+0000] {dagbag.py:536} INFO - Filling up the DagBag from /home/airflow/.local/lib/python3.8/site-packages/airflow/example_dags/example_short_circuit_operator.py
[2023-11-19T23:24:31.043+0000] {processor.py:839} INFO - DAG(s) dict_keys(['example_short_circuit_operator']) retrieved from /home/airflow/.local/lib/python3.8/site-packages/airflow/example_dags/example_short_circuit_operator.py
[2023-11-19T23:24:31.053+0000] {logging_mixin.py:154} INFO - [2023-11-19T23:24:31.053+0000] {dag.py:2941} INFO - Sync 1 DAGs
[2023-11-19T23:24:31.061+0000] {logging_mixin.py:154} INFO - [2023-11-19T23:24:31.061+0000] {dag.py:3722} INFO - Setting next_dagrun for example_short_circuit_operator to 2023-11-18T23:24:31.061704+00:00, run_after=2023-11-19T23:24:31.061704+00:00
[2023-11-19T23:24:31.068+0000] {processor.py:179} INFO - Processing /home/airflow/.local/lib/python3.8/site-packages/airflow/example_dags/example_short_circuit_operator.py took 0.032 seconds
[2023-11-19T23:25:01.508+0000] {processor.py:157} INFO - Started process (PID=558) to work on /home/airflow/.local/lib/python3.8/site-packages/airflow/example_dags/example_short_circuit_operator.py
[2023-11-19T23:25:01.509+0000] {processor.py:829} INFO - Processing file /home/airflow/.local/lib/python3.8/site-packages/airflow/example_dags/example_short_circuit_operator.py for tasks to queue
[2023-11-19T23:25:01.510+0000] {logging_mixin.py:154} INFO - [2023-11-19T23:25:01.510+0000] {dagbag.py:536} INFO - Filling up the DagBag from /home/airflow/.local/lib/python3.8/site-packages/airflow/example_dags/example_short_circuit_operator.py
[2023-11-19T23:25:01.513+0000] {processor.py:839} INFO - DAG(s) dict_keys(['example_short_circuit_operator']) retrieved from /home/airflow/.local/lib/python3.8/site-packages/airflow/example_dags/example_short_circuit_operator.py
[2023-11-19T23:25:01.524+0000] {logging_mixin.py:154} INFO - [2023-11-19T23:25:01.524+0000] {dag.py:2941} INFO - Sync 1 DAGs
[2023-11-19T23:25:01.532+0000] {logging_mixin.py:154} INFO - [2023-11-19T23:25:01.532+0000] {dag.py:3722} INFO - Setting next_dagrun for example_short_circuit_operator to 2023-11-18T23:25:01.532551+00:00, run_after=2023-11-19T23:25:01.532551+00:00
[2023-11-19T23:25:01.539+0000] {processor.py:179} INFO - Processing /home/airflow/.local/lib/python3.8/site-packages/airflow/example_dags/example_short_circuit_operator.py took 0.033 seconds
[2023-11-19T23:25:32.063+0000] {processor.py:157} INFO - Started process (PID=612) to work on /home/airflow/.local/lib/python3.8/site-packages/airflow/example_dags/example_short_circuit_operator.py
[2023-11-19T23:25:32.063+0000] {processor.py:829} INFO - Processing file /home/airflow/.local/lib/python3.8/site-packages/airflow/example_dags/example_short_circuit_operator.py for tasks to queue
[2023-11-19T23:25:32.064+0000] {logging_mixin.py:154} INFO - [2023-11-19T23:25:32.064+0000] {dagbag.py:536} INFO - Filling up the DagBag from /home/airflow/.local/lib/python3.8/site-packages/airflow/example_dags/example_short_circuit_operator.py
[2023-11-19T23:25:32.068+0000] {processor.py:839} INFO - DAG(s) dict_keys(['example_short_circuit_operator']) retrieved from /home/airflow/.local/lib/python3.8/site-packages/airflow/example_dags/example_short_circuit_operator.py
[2023-11-19T23:25:32.078+0000] {logging_mixin.py:154} INFO - [2023-11-19T23:25:32.078+0000] {dag.py:2941} INFO - Sync 1 DAGs
[2023-11-19T23:25:32.086+0000] {logging_mixin.py:154} INFO - [2023-11-19T23:25:32.086+0000] {dag.py:3722} INFO - Setting next_dagrun for example_short_circuit_operator to 2023-11-18T23:25:32.086482+00:00, run_after=2023-11-19T23:25:32.086482+00:00
[2023-11-19T23:25:32.093+0000] {processor.py:179} INFO - Processing /home/airflow/.local/lib/python3.8/site-packages/airflow/example_dags/example_short_circuit_operator.py took 0.032 seconds
[2023-11-19T23:31:24.335+0000] {processor.py:157} INFO - Started process (PID=73) to work on /home/airflow/.local/lib/python3.8/site-packages/airflow/example_dags/example_short_circuit_operator.py
[2023-11-19T23:31:24.335+0000] {processor.py:829} INFO - Processing file /home/airflow/.local/lib/python3.8/site-packages/airflow/example_dags/example_short_circuit_operator.py for tasks to queue
[2023-11-19T23:31:24.337+0000] {logging_mixin.py:154} INFO - [2023-11-19T23:31:24.336+0000] {dagbag.py:536} INFO - Filling up the DagBag from /home/airflow/.local/lib/python3.8/site-packages/airflow/example_dags/example_short_circuit_operator.py
[2023-11-19T23:31:24.342+0000] {processor.py:839} INFO - DAG(s) dict_keys(['example_short_circuit_operator']) retrieved from /home/airflow/.local/lib/python3.8/site-packages/airflow/example_dags/example_short_circuit_operator.py
[2023-11-19T23:31:24.397+0000] {logging_mixin.py:154} INFO - [2023-11-19T23:31:24.397+0000] {manager.py:499} INFO - Created Permission View: %s
[2023-11-19T23:31:24.401+0000] {logging_mixin.py:154} INFO - [2023-11-19T23:31:24.401+0000] {manager.py:499} INFO - Created Permission View: %s
[2023-11-19T23:31:24.403+0000] {logging_mixin.py:154} INFO - [2023-11-19T23:31:24.403+0000] {manager.py:499} INFO - Created Permission View: %s
[2023-11-19T23:31:24.403+0000] {logging_mixin.py:154} INFO - [2023-11-19T23:31:24.403+0000] {dag.py:2941} INFO - Sync 1 DAGs
[2023-11-19T23:31:24.408+0000] {logging_mixin.py:154} INFO - [2023-11-19T23:31:24.408+0000] {dag.py:2963} INFO - Creating ORM DAG for example_short_circuit_operator
[2023-11-19T23:31:24.412+0000] {logging_mixin.py:154} INFO - [2023-11-19T23:31:24.412+0000] {dag.py:3722} INFO - Setting next_dagrun for example_short_circuit_operator to 2023-11-18T23:31:24.411909+00:00, run_after=2023-11-19T23:31:24.411909+00:00
[2023-11-19T23:31:24.418+0000] {processor.py:179} INFO - Processing /home/airflow/.local/lib/python3.8/site-packages/airflow/example_dags/example_short_circuit_operator.py took 0.085 seconds
[2023-11-19T23:31:54.476+0000] {processor.py:157} INFO - Started process (PID=127) to work on /home/airflow/.local/lib/python3.8/site-packages/airflow/example_dags/example_short_circuit_operator.py
[2023-11-19T23:31:54.477+0000] {processor.py:829} INFO - Processing file /home/airflow/.local/lib/python3.8/site-packages/airflow/example_dags/example_short_circuit_operator.py for tasks to queue
[2023-11-19T23:31:54.478+0000] {logging_mixin.py:154} INFO - [2023-11-19T23:31:54.478+0000] {dagbag.py:536} INFO - Filling up the DagBag from /home/airflow/.local/lib/python3.8/site-packages/airflow/example_dags/example_short_circuit_operator.py
[2023-11-19T23:31:54.482+0000] {processor.py:839} INFO - DAG(s) dict_keys(['example_short_circuit_operator']) retrieved from /home/airflow/.local/lib/python3.8/site-packages/airflow/example_dags/example_short_circuit_operator.py
[2023-11-19T23:31:54.493+0000] {logging_mixin.py:154} INFO - [2023-11-19T23:31:54.493+0000] {dag.py:2941} INFO - Sync 1 DAGs
[2023-11-19T23:31:54.502+0000] {logging_mixin.py:154} INFO - [2023-11-19T23:31:54.502+0000] {dag.py:3722} INFO - Setting next_dagrun for example_short_circuit_operator to 2023-11-18T23:31:54.502396+00:00, run_after=2023-11-19T23:31:54.502396+00:00
[2023-11-19T23:31:54.509+0000] {processor.py:179} INFO - Processing /home/airflow/.local/lib/python3.8/site-packages/airflow/example_dags/example_short_circuit_operator.py took 0.035 seconds
[2023-11-19T23:32:24.950+0000] {processor.py:157} INFO - Started process (PID=181) to work on /home/airflow/.local/lib/python3.8/site-packages/airflow/example_dags/example_short_circuit_operator.py
[2023-11-19T23:32:24.951+0000] {processor.py:829} INFO - Processing file /home/airflow/.local/lib/python3.8/site-packages/airflow/example_dags/example_short_circuit_operator.py for tasks to queue
[2023-11-19T23:32:24.952+0000] {logging_mixin.py:154} INFO - [2023-11-19T23:32:24.952+0000] {dagbag.py:536} INFO - Filling up the DagBag from /home/airflow/.local/lib/python3.8/site-packages/airflow/example_dags/example_short_circuit_operator.py
[2023-11-19T23:32:24.956+0000] {processor.py:839} INFO - DAG(s) dict_keys(['example_short_circuit_operator']) retrieved from /home/airflow/.local/lib/python3.8/site-packages/airflow/example_dags/example_short_circuit_operator.py
[2023-11-19T23:32:24.966+0000] {logging_mixin.py:154} INFO - [2023-11-19T23:32:24.966+0000] {dag.py:2941} INFO - Sync 1 DAGs
[2023-11-19T23:32:24.975+0000] {logging_mixin.py:154} INFO - [2023-11-19T23:32:24.974+0000] {dag.py:3722} INFO - Setting next_dagrun for example_short_circuit_operator to 2023-11-18T23:32:24.974837+00:00, run_after=2023-11-19T23:32:24.974837+00:00
[2023-11-19T23:32:24.981+0000] {processor.py:179} INFO - Processing /home/airflow/.local/lib/python3.8/site-packages/airflow/example_dags/example_short_circuit_operator.py took 0.033 seconds
[2023-11-19T23:32:55.430+0000] {processor.py:157} INFO - Started process (PID=235) to work on /home/airflow/.local/lib/python3.8/site-packages/airflow/example_dags/example_short_circuit_operator.py
[2023-11-19T23:32:55.430+0000] {processor.py:829} INFO - Processing file /home/airflow/.local/lib/python3.8/site-packages/airflow/example_dags/example_short_circuit_operator.py for tasks to queue
[2023-11-19T23:32:55.432+0000] {logging_mixin.py:154} INFO - [2023-11-19T23:32:55.431+0000] {dagbag.py:536} INFO - Filling up the DagBag from /home/airflow/.local/lib/python3.8/site-packages/airflow/example_dags/example_short_circuit_operator.py
[2023-11-19T23:32:55.435+0000] {processor.py:839} INFO - DAG(s) dict_keys(['example_short_circuit_operator']) retrieved from /home/airflow/.local/lib/python3.8/site-packages/airflow/example_dags/example_short_circuit_operator.py
[2023-11-19T23:32:55.446+0000] {logging_mixin.py:154} INFO - [2023-11-19T23:32:55.446+0000] {dag.py:2941} INFO - Sync 1 DAGs
[2023-11-19T23:32:55.455+0000] {logging_mixin.py:154} INFO - [2023-11-19T23:32:55.455+0000] {dag.py:3722} INFO - Setting next_dagrun for example_short_circuit_operator to 2023-11-18T23:32:55.455505+00:00, run_after=2023-11-19T23:32:55.455505+00:00
[2023-11-19T23:32:55.463+0000] {processor.py:179} INFO - Processing /home/airflow/.local/lib/python3.8/site-packages/airflow/example_dags/example_short_circuit_operator.py took 0.035 seconds
[2023-11-19T23:33:25.937+0000] {processor.py:157} INFO - Started process (PID=289) to work on /home/airflow/.local/lib/python3.8/site-packages/airflow/example_dags/example_short_circuit_operator.py
[2023-11-19T23:33:25.937+0000] {processor.py:829} INFO - Processing file /home/airflow/.local/lib/python3.8/site-packages/airflow/example_dags/example_short_circuit_operator.py for tasks to queue
[2023-11-19T23:33:25.938+0000] {logging_mixin.py:154} INFO - [2023-11-19T23:33:25.938+0000] {dagbag.py:536} INFO - Filling up the DagBag from /home/airflow/.local/lib/python3.8/site-packages/airflow/example_dags/example_short_circuit_operator.py
[2023-11-19T23:33:25.942+0000] {processor.py:839} INFO - DAG(s) dict_keys(['example_short_circuit_operator']) retrieved from /home/airflow/.local/lib/python3.8/site-packages/airflow/example_dags/example_short_circuit_operator.py
[2023-11-19T23:33:25.953+0000] {logging_mixin.py:154} INFO - [2023-11-19T23:33:25.953+0000] {dag.py:2941} INFO - Sync 1 DAGs
[2023-11-19T23:33:25.962+0000] {logging_mixin.py:154} INFO - [2023-11-19T23:33:25.962+0000] {dag.py:3722} INFO - Setting next_dagrun for example_short_circuit_operator to 2023-11-18T23:33:25.962394+00:00, run_after=2023-11-19T23:33:25.962394+00:00
[2023-11-19T23:33:25.969+0000] {processor.py:179} INFO - Processing /home/airflow/.local/lib/python3.8/site-packages/airflow/example_dags/example_short_circuit_operator.py took 0.034 seconds
[2023-11-19T23:33:56.451+0000] {processor.py:157} INFO - Started process (PID=343) to work on /home/airflow/.local/lib/python3.8/site-packages/airflow/example_dags/example_short_circuit_operator.py
[2023-11-19T23:33:56.452+0000] {processor.py:829} INFO - Processing file /home/airflow/.local/lib/python3.8/site-packages/airflow/example_dags/example_short_circuit_operator.py for tasks to queue
[2023-11-19T23:33:56.453+0000] {logging_mixin.py:154} INFO - [2023-11-19T23:33:56.453+0000] {dagbag.py:536} INFO - Filling up the DagBag from /home/airflow/.local/lib/python3.8/site-packages/airflow/example_dags/example_short_circuit_operator.py
[2023-11-19T23:33:56.457+0000] {processor.py:839} INFO - DAG(s) dict_keys(['example_short_circuit_operator']) retrieved from /home/airflow/.local/lib/python3.8/site-packages/airflow/example_dags/example_short_circuit_operator.py
[2023-11-19T23:33:56.468+0000] {logging_mixin.py:154} INFO - [2023-11-19T23:33:56.468+0000] {dag.py:2941} INFO - Sync 1 DAGs
[2023-11-19T23:33:56.476+0000] {logging_mixin.py:154} INFO - [2023-11-19T23:33:56.475+0000] {dag.py:3722} INFO - Setting next_dagrun for example_short_circuit_operator to 2023-11-18T23:33:56.475835+00:00, run_after=2023-11-19T23:33:56.475835+00:00
[2023-11-19T23:33:56.482+0000] {processor.py:179} INFO - Processing /home/airflow/.local/lib/python3.8/site-packages/airflow/example_dags/example_short_circuit_operator.py took 0.032 seconds
[2023-11-19T23:34:26.838+0000] {processor.py:157} INFO - Started process (PID=397) to work on /home/airflow/.local/lib/python3.8/site-packages/airflow/example_dags/example_short_circuit_operator.py
[2023-11-19T23:34:26.839+0000] {processor.py:829} INFO - Processing file /home/airflow/.local/lib/python3.8/site-packages/airflow/example_dags/example_short_circuit_operator.py for tasks to queue
[2023-11-19T23:34:26.840+0000] {logging_mixin.py:154} INFO - [2023-11-19T23:34:26.840+0000] {dagbag.py:536} INFO - Filling up the DagBag from /home/airflow/.local/lib/python3.8/site-packages/airflow/example_dags/example_short_circuit_operator.py
[2023-11-19T23:34:26.843+0000] {processor.py:839} INFO - DAG(s) dict_keys(['example_short_circuit_operator']) retrieved from /home/airflow/.local/lib/python3.8/site-packages/airflow/example_dags/example_short_circuit_operator.py
[2023-11-19T23:34:26.854+0000] {logging_mixin.py:154} INFO - [2023-11-19T23:34:26.854+0000] {dag.py:2941} INFO - Sync 1 DAGs
[2023-11-19T23:34:26.863+0000] {logging_mixin.py:154} INFO - [2023-11-19T23:34:26.863+0000] {dag.py:3722} INFO - Setting next_dagrun for example_short_circuit_operator to 2023-11-18T23:34:26.862953+00:00, run_after=2023-11-19T23:34:26.862953+00:00
[2023-11-19T23:34:26.869+0000] {processor.py:179} INFO - Processing /home/airflow/.local/lib/python3.8/site-packages/airflow/example_dags/example_short_circuit_operator.py took 0.033 seconds
[2023-11-19T23:34:57.358+0000] {processor.py:157} INFO - Started process (PID=451) to work on /home/airflow/.local/lib/python3.8/site-packages/airflow/example_dags/example_short_circuit_operator.py
[2023-11-19T23:34:57.358+0000] {processor.py:829} INFO - Processing file /home/airflow/.local/lib/python3.8/site-packages/airflow/example_dags/example_short_circuit_operator.py for tasks to queue
[2023-11-19T23:34:57.359+0000] {logging_mixin.py:154} INFO - [2023-11-19T23:34:57.359+0000] {dagbag.py:536} INFO - Filling up the DagBag from /home/airflow/.local/lib/python3.8/site-packages/airflow/example_dags/example_short_circuit_operator.py
[2023-11-19T23:34:57.363+0000] {processor.py:839} INFO - DAG(s) dict_keys(['example_short_circuit_operator']) retrieved from /home/airflow/.local/lib/python3.8/site-packages/airflow/example_dags/example_short_circuit_operator.py
[2023-11-19T23:34:57.373+0000] {logging_mixin.py:154} INFO - [2023-11-19T23:34:57.373+0000] {dag.py:2941} INFO - Sync 1 DAGs
[2023-11-19T23:34:57.381+0000] {logging_mixin.py:154} INFO - [2023-11-19T23:34:57.381+0000] {dag.py:3722} INFO - Setting next_dagrun for example_short_circuit_operator to 2023-11-18T23:34:57.381498+00:00, run_after=2023-11-19T23:34:57.381498+00:00
[2023-11-19T23:34:57.388+0000] {processor.py:179} INFO - Processing /home/airflow/.local/lib/python3.8/site-packages/airflow/example_dags/example_short_circuit_operator.py took 0.032 seconds
[2023-11-19T23:35:27.947+0000] {processor.py:157} INFO - Started process (PID=505) to work on /home/airflow/.local/lib/python3.8/site-packages/airflow/example_dags/example_short_circuit_operator.py
[2023-11-19T23:35:27.947+0000] {processor.py:829} INFO - Processing file /home/airflow/.local/lib/python3.8/site-packages/airflow/example_dags/example_short_circuit_operator.py for tasks to queue
[2023-11-19T23:35:27.948+0000] {logging_mixin.py:154} INFO - [2023-11-19T23:35:27.948+0000] {dagbag.py:536} INFO - Filling up the DagBag from /home/airflow/.local/lib/python3.8/site-packages/airflow/example_dags/example_short_circuit_operator.py
[2023-11-19T23:35:27.952+0000] {processor.py:839} INFO - DAG(s) dict_keys(['example_short_circuit_operator']) retrieved from /home/airflow/.local/lib/python3.8/site-packages/airflow/example_dags/example_short_circuit_operator.py
[2023-11-19T23:35:27.963+0000] {logging_mixin.py:154} INFO - [2023-11-19T23:35:27.963+0000] {dag.py:2941} INFO - Sync 1 DAGs
[2023-11-19T23:35:27.972+0000] {logging_mixin.py:154} INFO - [2023-11-19T23:35:27.972+0000] {dag.py:3722} INFO - Setting next_dagrun for example_short_circuit_operator to 2023-11-18T23:35:27.971950+00:00, run_after=2023-11-19T23:35:27.971950+00:00
[2023-11-19T23:35:27.979+0000] {processor.py:179} INFO - Processing /home/airflow/.local/lib/python3.8/site-packages/airflow/example_dags/example_short_circuit_operator.py took 0.034 seconds
[2023-11-19T23:35:58.424+0000] {processor.py:157} INFO - Started process (PID=559) to work on /home/airflow/.local/lib/python3.8/site-packages/airflow/example_dags/example_short_circuit_operator.py
[2023-11-19T23:35:58.424+0000] {processor.py:829} INFO - Processing file /home/airflow/.local/lib/python3.8/site-packages/airflow/example_dags/example_short_circuit_operator.py for tasks to queue
[2023-11-19T23:35:58.425+0000] {logging_mixin.py:154} INFO - [2023-11-19T23:35:58.425+0000] {dagbag.py:536} INFO - Filling up the DagBag from /home/airflow/.local/lib/python3.8/site-packages/airflow/example_dags/example_short_circuit_operator.py
[2023-11-19T23:35:58.429+0000] {processor.py:839} INFO - DAG(s) dict_keys(['example_short_circuit_operator']) retrieved from /home/airflow/.local/lib/python3.8/site-packages/airflow/example_dags/example_short_circuit_operator.py
[2023-11-19T23:35:58.440+0000] {logging_mixin.py:154} INFO - [2023-11-19T23:35:58.440+0000] {dag.py:2941} INFO - Sync 1 DAGs
[2023-11-19T23:35:58.449+0000] {logging_mixin.py:154} INFO - [2023-11-19T23:35:58.449+0000] {dag.py:3722} INFO - Setting next_dagrun for example_short_circuit_operator to 2023-11-18T23:35:58.449266+00:00, run_after=2023-11-19T23:35:58.449266+00:00
[2023-11-19T23:35:58.456+0000] {processor.py:179} INFO - Processing /home/airflow/.local/lib/python3.8/site-packages/airflow/example_dags/example_short_circuit_operator.py took 0.034 seconds
