[2023-11-19T23:20:27.244+0000] {processor.py:157} INFO - Started process (PID=67) to work on /home/airflow/.local/lib/python3.8/site-packages/airflow/example_dags/example_dag_decorator.py
[2023-11-19T23:20:27.245+0000] {processor.py:829} INFO - Processing file /home/airflow/.local/lib/python3.8/site-packages/airflow/example_dags/example_dag_decorator.py for tasks to queue
[2023-11-19T23:20:27.246+0000] {logging_mixin.py:154} INFO - [2023-11-19T23:20:27.246+0000] {dagbag.py:536} INFO - Filling up the DagBag from /home/airflow/.local/lib/python3.8/site-packages/airflow/example_dags/example_dag_decorator.py
[2023-11-19T23:20:27.326+0000] {processor.py:839} INFO - DAG(s) dict_keys(['example_dag_decorator']) retrieved from /home/airflow/.local/lib/python3.8/site-packages/airflow/example_dags/example_dag_decorator.py
[2023-11-19T23:20:27.521+0000] {logging_mixin.py:154} INFO - [2023-11-19T23:20:27.521+0000] {manager.py:499} INFO - Created Permission View: %s
[2023-11-19T23:20:27.525+0000] {logging_mixin.py:154} INFO - [2023-11-19T23:20:27.525+0000] {manager.py:499} INFO - Created Permission View: %s
[2023-11-19T23:20:27.527+0000] {logging_mixin.py:154} INFO - [2023-11-19T23:20:27.527+0000] {manager.py:499} INFO - Created Permission View: %s
[2023-11-19T23:20:27.527+0000] {logging_mixin.py:154} INFO - [2023-11-19T23:20:27.527+0000] {dag.py:2941} INFO - Sync 1 DAGs
[2023-11-19T23:20:27.532+0000] {logging_mixin.py:154} INFO - [2023-11-19T23:20:27.532+0000] {dag.py:2963} INFO - Creating ORM DAG for example_dag_decorator
[2023-11-19T23:20:27.532+0000] {logging_mixin.py:154} INFO - [2023-11-19T23:20:27.532+0000] {dag.py:3722} INFO - Setting next_dagrun for example_dag_decorator to None, run_after=None
[2023-11-19T23:20:27.538+0000] {processor.py:179} INFO - Processing /home/airflow/.local/lib/python3.8/site-packages/airflow/example_dags/example_dag_decorator.py took 0.296 seconds
[2023-11-19T23:20:57.588+0000] {processor.py:157} INFO - Started process (PID=122) to work on /home/airflow/.local/lib/python3.8/site-packages/airflow/example_dags/example_dag_decorator.py
[2023-11-19T23:20:57.589+0000] {processor.py:829} INFO - Processing file /home/airflow/.local/lib/python3.8/site-packages/airflow/example_dags/example_dag_decorator.py for tasks to queue
[2023-11-19T23:20:57.590+0000] {logging_mixin.py:154} INFO - [2023-11-19T23:20:57.590+0000] {dagbag.py:536} INFO - Filling up the DagBag from /home/airflow/.local/lib/python3.8/site-packages/airflow/example_dags/example_dag_decorator.py
[2023-11-19T23:20:57.621+0000] {processor.py:839} INFO - DAG(s) dict_keys(['example_dag_decorator']) retrieved from /home/airflow/.local/lib/python3.8/site-packages/airflow/example_dags/example_dag_decorator.py
[2023-11-19T23:20:57.660+0000] {logging_mixin.py:154} INFO - [2023-11-19T23:20:57.660+0000] {dag.py:2941} INFO - Sync 1 DAGs
[2023-11-19T23:20:57.733+0000] {logging_mixin.py:154} INFO - [2023-11-19T23:20:57.733+0000] {dag.py:3722} INFO - Setting next_dagrun for example_dag_decorator to None, run_after=None
[2023-11-19T23:20:57.740+0000] {processor.py:179} INFO - Processing /home/airflow/.local/lib/python3.8/site-packages/airflow/example_dags/example_dag_decorator.py took 0.153 seconds
[2023-11-19T23:21:28.190+0000] {processor.py:157} INFO - Started process (PID=176) to work on /home/airflow/.local/lib/python3.8/site-packages/airflow/example_dags/example_dag_decorator.py
[2023-11-19T23:21:28.191+0000] {processor.py:829} INFO - Processing file /home/airflow/.local/lib/python3.8/site-packages/airflow/example_dags/example_dag_decorator.py for tasks to queue
[2023-11-19T23:21:28.192+0000] {logging_mixin.py:154} INFO - [2023-11-19T23:21:28.192+0000] {dagbag.py:536} INFO - Filling up the DagBag from /home/airflow/.local/lib/python3.8/site-packages/airflow/example_dags/example_dag_decorator.py
[2023-11-19T23:21:28.222+0000] {processor.py:839} INFO - DAG(s) dict_keys(['example_dag_decorator']) retrieved from /home/airflow/.local/lib/python3.8/site-packages/airflow/example_dags/example_dag_decorator.py
[2023-11-19T23:21:28.261+0000] {logging_mixin.py:154} INFO - [2023-11-19T23:21:28.261+0000] {dag.py:2941} INFO - Sync 1 DAGs
[2023-11-19T23:21:28.265+0000] {logging_mixin.py:154} INFO - [2023-11-19T23:21:28.265+0000] {dag.py:3722} INFO - Setting next_dagrun for example_dag_decorator to None, run_after=None
[2023-11-19T23:21:28.272+0000] {processor.py:179} INFO - Processing /home/airflow/.local/lib/python3.8/site-packages/airflow/example_dags/example_dag_decorator.py took 0.084 seconds
[2023-11-19T23:21:58.625+0000] {processor.py:157} INFO - Started process (PID=229) to work on /home/airflow/.local/lib/python3.8/site-packages/airflow/example_dags/example_dag_decorator.py
[2023-11-19T23:21:58.625+0000] {processor.py:829} INFO - Processing file /home/airflow/.local/lib/python3.8/site-packages/airflow/example_dags/example_dag_decorator.py for tasks to queue
[2023-11-19T23:21:58.626+0000] {logging_mixin.py:154} INFO - [2023-11-19T23:21:58.626+0000] {dagbag.py:536} INFO - Filling up the DagBag from /home/airflow/.local/lib/python3.8/site-packages/airflow/example_dags/example_dag_decorator.py
[2023-11-19T23:21:58.656+0000] {processor.py:839} INFO - DAG(s) dict_keys(['example_dag_decorator']) retrieved from /home/airflow/.local/lib/python3.8/site-packages/airflow/example_dags/example_dag_decorator.py
[2023-11-19T23:21:58.696+0000] {logging_mixin.py:154} INFO - [2023-11-19T23:21:58.696+0000] {dag.py:2941} INFO - Sync 1 DAGs
[2023-11-19T23:21:58.701+0000] {logging_mixin.py:154} INFO - [2023-11-19T23:21:58.701+0000] {dag.py:3722} INFO - Setting next_dagrun for example_dag_decorator to None, run_after=None
[2023-11-19T23:21:58.707+0000] {processor.py:179} INFO - Processing /home/airflow/.local/lib/python3.8/site-packages/airflow/example_dags/example_dag_decorator.py took 0.084 seconds
[2023-11-19T23:22:29.102+0000] {processor.py:157} INFO - Started process (PID=283) to work on /home/airflow/.local/lib/python3.8/site-packages/airflow/example_dags/example_dag_decorator.py
[2023-11-19T23:22:29.102+0000] {processor.py:829} INFO - Processing file /home/airflow/.local/lib/python3.8/site-packages/airflow/example_dags/example_dag_decorator.py for tasks to queue
[2023-11-19T23:22:29.103+0000] {logging_mixin.py:154} INFO - [2023-11-19T23:22:29.103+0000] {dagbag.py:536} INFO - Filling up the DagBag from /home/airflow/.local/lib/python3.8/site-packages/airflow/example_dags/example_dag_decorator.py
[2023-11-19T23:22:29.132+0000] {processor.py:839} INFO - DAG(s) dict_keys(['example_dag_decorator']) retrieved from /home/airflow/.local/lib/python3.8/site-packages/airflow/example_dags/example_dag_decorator.py
[2023-11-19T23:22:29.251+0000] {logging_mixin.py:154} INFO - [2023-11-19T23:22:29.251+0000] {dag.py:2941} INFO - Sync 1 DAGs
[2023-11-19T23:22:29.255+0000] {logging_mixin.py:154} INFO - [2023-11-19T23:22:29.255+0000] {dag.py:3722} INFO - Setting next_dagrun for example_dag_decorator to None, run_after=None
[2023-11-19T23:22:29.262+0000] {processor.py:179} INFO - Processing /home/airflow/.local/lib/python3.8/site-packages/airflow/example_dags/example_dag_decorator.py took 0.162 seconds
[2023-11-19T23:22:59.544+0000] {processor.py:157} INFO - Started process (PID=337) to work on /home/airflow/.local/lib/python3.8/site-packages/airflow/example_dags/example_dag_decorator.py
[2023-11-19T23:22:59.545+0000] {processor.py:829} INFO - Processing file /home/airflow/.local/lib/python3.8/site-packages/airflow/example_dags/example_dag_decorator.py for tasks to queue
[2023-11-19T23:22:59.546+0000] {logging_mixin.py:154} INFO - [2023-11-19T23:22:59.546+0000] {dagbag.py:536} INFO - Filling up the DagBag from /home/airflow/.local/lib/python3.8/site-packages/airflow/example_dags/example_dag_decorator.py
[2023-11-19T23:22:59.578+0000] {processor.py:839} INFO - DAG(s) dict_keys(['example_dag_decorator']) retrieved from /home/airflow/.local/lib/python3.8/site-packages/airflow/example_dags/example_dag_decorator.py
[2023-11-19T23:22:59.623+0000] {logging_mixin.py:154} INFO - [2023-11-19T23:22:59.622+0000] {dag.py:2941} INFO - Sync 1 DAGs
[2023-11-19T23:22:59.721+0000] {logging_mixin.py:154} INFO - [2023-11-19T23:22:59.721+0000] {dag.py:3722} INFO - Setting next_dagrun for example_dag_decorator to None, run_after=None
[2023-11-19T23:22:59.728+0000] {processor.py:179} INFO - Processing /home/airflow/.local/lib/python3.8/site-packages/airflow/example_dags/example_dag_decorator.py took 0.185 seconds
[2023-11-19T23:23:30.032+0000] {processor.py:157} INFO - Started process (PID=394) to work on /home/airflow/.local/lib/python3.8/site-packages/airflow/example_dags/example_dag_decorator.py
[2023-11-19T23:23:30.033+0000] {processor.py:829} INFO - Processing file /home/airflow/.local/lib/python3.8/site-packages/airflow/example_dags/example_dag_decorator.py for tasks to queue
[2023-11-19T23:23:30.034+0000] {logging_mixin.py:154} INFO - [2023-11-19T23:23:30.034+0000] {dagbag.py:536} INFO - Filling up the DagBag from /home/airflow/.local/lib/python3.8/site-packages/airflow/example_dags/example_dag_decorator.py
[2023-11-19T23:23:30.063+0000] {processor.py:839} INFO - DAG(s) dict_keys(['example_dag_decorator']) retrieved from /home/airflow/.local/lib/python3.8/site-packages/airflow/example_dags/example_dag_decorator.py
[2023-11-19T23:23:30.106+0000] {logging_mixin.py:154} INFO - [2023-11-19T23:23:30.106+0000] {dag.py:2941} INFO - Sync 1 DAGs
[2023-11-19T23:23:30.111+0000] {logging_mixin.py:154} INFO - [2023-11-19T23:23:30.111+0000] {dag.py:3722} INFO - Setting next_dagrun for example_dag_decorator to None, run_after=None
[2023-11-19T23:23:30.196+0000] {processor.py:179} INFO - Processing /home/airflow/.local/lib/python3.8/site-packages/airflow/example_dags/example_dag_decorator.py took 0.166 seconds
[2023-11-19T23:24:00.368+0000] {processor.py:157} INFO - Started process (PID=445) to work on /home/airflow/.local/lib/python3.8/site-packages/airflow/example_dags/example_dag_decorator.py
[2023-11-19T23:24:00.369+0000] {processor.py:829} INFO - Processing file /home/airflow/.local/lib/python3.8/site-packages/airflow/example_dags/example_dag_decorator.py for tasks to queue
[2023-11-19T23:24:00.370+0000] {logging_mixin.py:154} INFO - [2023-11-19T23:24:00.370+0000] {dagbag.py:536} INFO - Filling up the DagBag from /home/airflow/.local/lib/python3.8/site-packages/airflow/example_dags/example_dag_decorator.py
[2023-11-19T23:24:00.401+0000] {processor.py:839} INFO - DAG(s) dict_keys(['example_dag_decorator']) retrieved from /home/airflow/.local/lib/python3.8/site-packages/airflow/example_dags/example_dag_decorator.py
[2023-11-19T23:24:00.528+0000] {logging_mixin.py:154} INFO - [2023-11-19T23:24:00.528+0000] {dag.py:2941} INFO - Sync 1 DAGs
[2023-11-19T23:24:00.532+0000] {logging_mixin.py:154} INFO - [2023-11-19T23:24:00.532+0000] {dag.py:3722} INFO - Setting next_dagrun for example_dag_decorator to None, run_after=None
[2023-11-19T23:24:00.539+0000] {processor.py:179} INFO - Processing /home/airflow/.local/lib/python3.8/site-packages/airflow/example_dags/example_dag_decorator.py took 0.172 seconds
[2023-11-19T23:24:30.853+0000] {processor.py:157} INFO - Started process (PID=499) to work on /home/airflow/.local/lib/python3.8/site-packages/airflow/example_dags/example_dag_decorator.py
[2023-11-19T23:24:30.854+0000] {processor.py:829} INFO - Processing file /home/airflow/.local/lib/python3.8/site-packages/airflow/example_dags/example_dag_decorator.py for tasks to queue
[2023-11-19T23:24:30.855+0000] {logging_mixin.py:154} INFO - [2023-11-19T23:24:30.855+0000] {dagbag.py:536} INFO - Filling up the DagBag from /home/airflow/.local/lib/python3.8/site-packages/airflow/example_dags/example_dag_decorator.py
[2023-11-19T23:24:30.887+0000] {processor.py:839} INFO - DAG(s) dict_keys(['example_dag_decorator']) retrieved from /home/airflow/.local/lib/python3.8/site-packages/airflow/example_dags/example_dag_decorator.py
[2023-11-19T23:24:31.019+0000] {logging_mixin.py:154} INFO - [2023-11-19T23:24:31.019+0000] {dag.py:2941} INFO - Sync 1 DAGs
[2023-11-19T23:24:31.024+0000] {logging_mixin.py:154} INFO - [2023-11-19T23:24:31.023+0000] {dag.py:3722} INFO - Setting next_dagrun for example_dag_decorator to None, run_after=None
[2023-11-19T23:24:31.030+0000] {processor.py:179} INFO - Processing /home/airflow/.local/lib/python3.8/site-packages/airflow/example_dags/example_dag_decorator.py took 0.178 seconds
[2023-11-19T23:25:01.334+0000] {processor.py:157} INFO - Started process (PID=553) to work on /home/airflow/.local/lib/python3.8/site-packages/airflow/example_dags/example_dag_decorator.py
[2023-11-19T23:25:01.335+0000] {processor.py:829} INFO - Processing file /home/airflow/.local/lib/python3.8/site-packages/airflow/example_dags/example_dag_decorator.py for tasks to queue
[2023-11-19T23:25:01.336+0000] {logging_mixin.py:154} INFO - [2023-11-19T23:25:01.336+0000] {dagbag.py:536} INFO - Filling up the DagBag from /home/airflow/.local/lib/python3.8/site-packages/airflow/example_dags/example_dag_decorator.py
[2023-11-19T23:25:01.365+0000] {processor.py:839} INFO - DAG(s) dict_keys(['example_dag_decorator']) retrieved from /home/airflow/.local/lib/python3.8/site-packages/airflow/example_dags/example_dag_decorator.py
[2023-11-19T23:25:01.484+0000] {logging_mixin.py:154} INFO - [2023-11-19T23:25:01.484+0000] {dag.py:2941} INFO - Sync 1 DAGs
[2023-11-19T23:25:01.489+0000] {logging_mixin.py:154} INFO - [2023-11-19T23:25:01.489+0000] {dag.py:3722} INFO - Setting next_dagrun for example_dag_decorator to None, run_after=None
[2023-11-19T23:25:01.495+0000] {processor.py:179} INFO - Processing /home/airflow/.local/lib/python3.8/site-packages/airflow/example_dags/example_dag_decorator.py took 0.162 seconds
[2023-11-19T23:25:31.891+0000] {processor.py:157} INFO - Started process (PID=607) to work on /home/airflow/.local/lib/python3.8/site-packages/airflow/example_dags/example_dag_decorator.py
[2023-11-19T23:25:31.891+0000] {processor.py:829} INFO - Processing file /home/airflow/.local/lib/python3.8/site-packages/airflow/example_dags/example_dag_decorator.py for tasks to queue
[2023-11-19T23:25:31.892+0000] {logging_mixin.py:154} INFO - [2023-11-19T23:25:31.892+0000] {dagbag.py:536} INFO - Filling up the DagBag from /home/airflow/.local/lib/python3.8/site-packages/airflow/example_dags/example_dag_decorator.py
[2023-11-19T23:25:31.922+0000] {processor.py:839} INFO - DAG(s) dict_keys(['example_dag_decorator']) retrieved from /home/airflow/.local/lib/python3.8/site-packages/airflow/example_dags/example_dag_decorator.py
[2023-11-19T23:25:32.039+0000] {logging_mixin.py:154} INFO - [2023-11-19T23:25:32.039+0000] {dag.py:2941} INFO - Sync 1 DAGs
[2023-11-19T23:25:32.043+0000] {logging_mixin.py:154} INFO - [2023-11-19T23:25:32.043+0000] {dag.py:3722} INFO - Setting next_dagrun for example_dag_decorator to None, run_after=None
[2023-11-19T23:25:32.050+0000] {processor.py:179} INFO - Processing /home/airflow/.local/lib/python3.8/site-packages/airflow/example_dags/example_dag_decorator.py took 0.160 seconds
[2023-11-19T23:31:23.989+0000] {processor.py:157} INFO - Started process (PID=68) to work on /home/airflow/.local/lib/python3.8/site-packages/airflow/example_dags/example_dag_decorator.py
[2023-11-19T23:31:23.990+0000] {processor.py:829} INFO - Processing file /home/airflow/.local/lib/python3.8/site-packages/airflow/example_dags/example_dag_decorator.py for tasks to queue
[2023-11-19T23:31:23.991+0000] {logging_mixin.py:154} INFO - [2023-11-19T23:31:23.991+0000] {dagbag.py:536} INFO - Filling up the DagBag from /home/airflow/.local/lib/python3.8/site-packages/airflow/example_dags/example_dag_decorator.py
[2023-11-19T23:31:24.065+0000] {processor.py:839} INFO - DAG(s) dict_keys(['example_dag_decorator']) retrieved from /home/airflow/.local/lib/python3.8/site-packages/airflow/example_dags/example_dag_decorator.py
[2023-11-19T23:31:24.216+0000] {logging_mixin.py:154} INFO - [2023-11-19T23:31:24.215+0000] {manager.py:499} INFO - Created Permission View: %s
[2023-11-19T23:31:24.219+0000] {logging_mixin.py:154} INFO - [2023-11-19T23:31:24.219+0000] {manager.py:499} INFO - Created Permission View: %s
[2023-11-19T23:31:24.221+0000] {logging_mixin.py:154} INFO - [2023-11-19T23:31:24.221+0000] {manager.py:499} INFO - Created Permission View: %s
[2023-11-19T23:31:24.222+0000] {logging_mixin.py:154} INFO - [2023-11-19T23:31:24.222+0000] {dag.py:2941} INFO - Sync 1 DAGs
[2023-11-19T23:31:24.226+0000] {logging_mixin.py:154} INFO - [2023-11-19T23:31:24.226+0000] {dag.py:2963} INFO - Creating ORM DAG for example_dag_decorator
[2023-11-19T23:31:24.226+0000] {logging_mixin.py:154} INFO - [2023-11-19T23:31:24.226+0000] {dag.py:3722} INFO - Setting next_dagrun for example_dag_decorator to None, run_after=None
[2023-11-19T23:31:24.231+0000] {processor.py:179} INFO - Processing /home/airflow/.local/lib/python3.8/site-packages/airflow/example_dags/example_dag_decorator.py took 0.246 seconds
[2023-11-19T23:31:54.298+0000] {processor.py:157} INFO - Started process (PID=122) to work on /home/airflow/.local/lib/python3.8/site-packages/airflow/example_dags/example_dag_decorator.py
[2023-11-19T23:31:54.299+0000] {processor.py:829} INFO - Processing file /home/airflow/.local/lib/python3.8/site-packages/airflow/example_dags/example_dag_decorator.py for tasks to queue
[2023-11-19T23:31:54.300+0000] {logging_mixin.py:154} INFO - [2023-11-19T23:31:54.300+0000] {dagbag.py:536} INFO - Filling up the DagBag from /home/airflow/.local/lib/python3.8/site-packages/airflow/example_dags/example_dag_decorator.py
[2023-11-19T23:31:54.333+0000] {processor.py:839} INFO - DAG(s) dict_keys(['example_dag_decorator']) retrieved from /home/airflow/.local/lib/python3.8/site-packages/airflow/example_dags/example_dag_decorator.py
[2023-11-19T23:31:54.377+0000] {logging_mixin.py:154} INFO - [2023-11-19T23:31:54.377+0000] {dag.py:2941} INFO - Sync 1 DAGs
[2023-11-19T23:31:54.480+0000] {logging_mixin.py:154} INFO - [2023-11-19T23:31:54.480+0000] {dag.py:3722} INFO - Setting next_dagrun for example_dag_decorator to None, run_after=None
[2023-11-19T23:31:54.488+0000] {processor.py:179} INFO - Processing /home/airflow/.local/lib/python3.8/site-packages/airflow/example_dags/example_dag_decorator.py took 0.191 seconds
[2023-11-19T23:32:24.819+0000] {processor.py:157} INFO - Started process (PID=176) to work on /home/airflow/.local/lib/python3.8/site-packages/airflow/example_dags/example_dag_decorator.py
[2023-11-19T23:32:24.819+0000] {processor.py:829} INFO - Processing file /home/airflow/.local/lib/python3.8/site-packages/airflow/example_dags/example_dag_decorator.py for tasks to queue
[2023-11-19T23:32:24.821+0000] {logging_mixin.py:154} INFO - [2023-11-19T23:32:24.820+0000] {dagbag.py:536} INFO - Filling up the DagBag from /home/airflow/.local/lib/python3.8/site-packages/airflow/example_dags/example_dag_decorator.py
[2023-11-19T23:32:24.851+0000] {processor.py:839} INFO - DAG(s) dict_keys(['example_dag_decorator']) retrieved from /home/airflow/.local/lib/python3.8/site-packages/airflow/example_dags/example_dag_decorator.py
[2023-11-19T23:32:24.894+0000] {logging_mixin.py:154} INFO - [2023-11-19T23:32:24.894+0000] {dag.py:2941} INFO - Sync 1 DAGs
[2023-11-19T23:32:24.898+0000] {logging_mixin.py:154} INFO - [2023-11-19T23:32:24.898+0000] {dag.py:3722} INFO - Setting next_dagrun for example_dag_decorator to None, run_after=None
[2023-11-19T23:32:24.906+0000] {processor.py:179} INFO - Processing /home/airflow/.local/lib/python3.8/site-packages/airflow/example_dags/example_dag_decorator.py took 0.089 seconds
[2023-11-19T23:32:55.288+0000] {processor.py:157} INFO - Started process (PID=230) to work on /home/airflow/.local/lib/python3.8/site-packages/airflow/example_dags/example_dag_decorator.py
[2023-11-19T23:32:55.288+0000] {processor.py:829} INFO - Processing file /home/airflow/.local/lib/python3.8/site-packages/airflow/example_dags/example_dag_decorator.py for tasks to queue
[2023-11-19T23:32:55.289+0000] {logging_mixin.py:154} INFO - [2023-11-19T23:32:55.289+0000] {dagbag.py:536} INFO - Filling up the DagBag from /home/airflow/.local/lib/python3.8/site-packages/airflow/example_dags/example_dag_decorator.py
[2023-11-19T23:32:55.319+0000] {processor.py:839} INFO - DAG(s) dict_keys(['example_dag_decorator']) retrieved from /home/airflow/.local/lib/python3.8/site-packages/airflow/example_dags/example_dag_decorator.py
[2023-11-19T23:32:55.362+0000] {logging_mixin.py:154} INFO - [2023-11-19T23:32:55.362+0000] {dag.py:2941} INFO - Sync 1 DAGs
[2023-11-19T23:32:55.367+0000] {logging_mixin.py:154} INFO - [2023-11-19T23:32:55.366+0000] {dag.py:3722} INFO - Setting next_dagrun for example_dag_decorator to None, run_after=None
[2023-11-19T23:32:55.374+0000] {processor.py:179} INFO - Processing /home/airflow/.local/lib/python3.8/site-packages/airflow/example_dags/example_dag_decorator.py took 0.089 seconds
[2023-11-19T23:33:25.741+0000] {processor.py:157} INFO - Started process (PID=284) to work on /home/airflow/.local/lib/python3.8/site-packages/airflow/example_dags/example_dag_decorator.py
[2023-11-19T23:33:25.742+0000] {processor.py:829} INFO - Processing file /home/airflow/.local/lib/python3.8/site-packages/airflow/example_dags/example_dag_decorator.py for tasks to queue
[2023-11-19T23:33:25.743+0000] {logging_mixin.py:154} INFO - [2023-11-19T23:33:25.743+0000] {dagbag.py:536} INFO - Filling up the DagBag from /home/airflow/.local/lib/python3.8/site-packages/airflow/example_dags/example_dag_decorator.py
[2023-11-19T23:33:25.775+0000] {processor.py:839} INFO - DAG(s) dict_keys(['example_dag_decorator']) retrieved from /home/airflow/.local/lib/python3.8/site-packages/airflow/example_dags/example_dag_decorator.py
[2023-11-19T23:33:25.913+0000] {logging_mixin.py:154} INFO - [2023-11-19T23:33:25.913+0000] {dag.py:2941} INFO - Sync 1 DAGs
[2023-11-19T23:33:25.917+0000] {logging_mixin.py:154} INFO - [2023-11-19T23:33:25.917+0000] {dag.py:3722} INFO - Setting next_dagrun for example_dag_decorator to None, run_after=None
[2023-11-19T23:33:25.924+0000] {processor.py:179} INFO - Processing /home/airflow/.local/lib/python3.8/site-packages/airflow/example_dags/example_dag_decorator.py took 0.184 seconds
[2023-11-19T23:33:56.278+0000] {processor.py:157} INFO - Started process (PID=338) to work on /home/airflow/.local/lib/python3.8/site-packages/airflow/example_dags/example_dag_decorator.py
[2023-11-19T23:33:56.278+0000] {processor.py:829} INFO - Processing file /home/airflow/.local/lib/python3.8/site-packages/airflow/example_dags/example_dag_decorator.py for tasks to queue
[2023-11-19T23:33:56.279+0000] {logging_mixin.py:154} INFO - [2023-11-19T23:33:56.279+0000] {dagbag.py:536} INFO - Filling up the DagBag from /home/airflow/.local/lib/python3.8/site-packages/airflow/example_dags/example_dag_decorator.py
[2023-11-19T23:33:56.308+0000] {processor.py:839} INFO - DAG(s) dict_keys(['example_dag_decorator']) retrieved from /home/airflow/.local/lib/python3.8/site-packages/airflow/example_dags/example_dag_decorator.py
[2023-11-19T23:33:56.350+0000] {logging_mixin.py:154} INFO - [2023-11-19T23:33:56.350+0000] {dag.py:2941} INFO - Sync 1 DAGs
[2023-11-19T23:33:56.432+0000] {logging_mixin.py:154} INFO - [2023-11-19T23:33:56.432+0000] {dag.py:3722} INFO - Setting next_dagrun for example_dag_decorator to None, run_after=None
[2023-11-19T23:33:56.440+0000] {processor.py:179} INFO - Processing /home/airflow/.local/lib/python3.8/site-packages/airflow/example_dags/example_dag_decorator.py took 0.164 seconds
[2023-11-19T23:34:26.699+0000] {processor.py:157} INFO - Started process (PID=392) to work on /home/airflow/.local/lib/python3.8/site-packages/airflow/example_dags/example_dag_decorator.py
[2023-11-19T23:34:26.699+0000] {processor.py:829} INFO - Processing file /home/airflow/.local/lib/python3.8/site-packages/airflow/example_dags/example_dag_decorator.py for tasks to queue
[2023-11-19T23:34:26.700+0000] {logging_mixin.py:154} INFO - [2023-11-19T23:34:26.700+0000] {dagbag.py:536} INFO - Filling up the DagBag from /home/airflow/.local/lib/python3.8/site-packages/airflow/example_dags/example_dag_decorator.py
[2023-11-19T23:34:26.731+0000] {processor.py:839} INFO - DAG(s) dict_keys(['example_dag_decorator']) retrieved from /home/airflow/.local/lib/python3.8/site-packages/airflow/example_dags/example_dag_decorator.py
[2023-11-19T23:34:26.774+0000] {logging_mixin.py:154} INFO - [2023-11-19T23:34:26.774+0000] {dag.py:2941} INFO - Sync 1 DAGs
[2023-11-19T23:34:26.778+0000] {logging_mixin.py:154} INFO - [2023-11-19T23:34:26.778+0000] {dag.py:3722} INFO - Setting next_dagrun for example_dag_decorator to None, run_after=None
[2023-11-19T23:34:26.787+0000] {processor.py:179} INFO - Processing /home/airflow/.local/lib/python3.8/site-packages/airflow/example_dags/example_dag_decorator.py took 0.090 seconds
[2023-11-19T23:34:57.187+0000] {processor.py:157} INFO - Started process (PID=446) to work on /home/airflow/.local/lib/python3.8/site-packages/airflow/example_dags/example_dag_decorator.py
[2023-11-19T23:34:57.187+0000] {processor.py:829} INFO - Processing file /home/airflow/.local/lib/python3.8/site-packages/airflow/example_dags/example_dag_decorator.py for tasks to queue
[2023-11-19T23:34:57.188+0000] {logging_mixin.py:154} INFO - [2023-11-19T23:34:57.188+0000] {dagbag.py:536} INFO - Filling up the DagBag from /home/airflow/.local/lib/python3.8/site-packages/airflow/example_dags/example_dag_decorator.py
[2023-11-19T23:34:57.218+0000] {processor.py:839} INFO - DAG(s) dict_keys(['example_dag_decorator']) retrieved from /home/airflow/.local/lib/python3.8/site-packages/airflow/example_dags/example_dag_decorator.py
[2023-11-19T23:34:57.337+0000] {logging_mixin.py:154} INFO - [2023-11-19T23:34:57.337+0000] {dag.py:2941} INFO - Sync 1 DAGs
[2023-11-19T23:34:57.341+0000] {logging_mixin.py:154} INFO - [2023-11-19T23:34:57.341+0000] {dag.py:3722} INFO - Setting next_dagrun for example_dag_decorator to None, run_after=None
[2023-11-19T23:34:57.347+0000] {processor.py:179} INFO - Processing /home/airflow/.local/lib/python3.8/site-packages/airflow/example_dags/example_dag_decorator.py took 0.162 seconds
[2023-11-19T23:35:27.745+0000] {processor.py:157} INFO - Started process (PID=500) to work on /home/airflow/.local/lib/python3.8/site-packages/airflow/example_dags/example_dag_decorator.py
[2023-11-19T23:35:27.746+0000] {processor.py:829} INFO - Processing file /home/airflow/.local/lib/python3.8/site-packages/airflow/example_dags/example_dag_decorator.py for tasks to queue
[2023-11-19T23:35:27.748+0000] {logging_mixin.py:154} INFO - [2023-11-19T23:35:27.748+0000] {dagbag.py:536} INFO - Filling up the DagBag from /home/airflow/.local/lib/python3.8/site-packages/airflow/example_dags/example_dag_decorator.py
[2023-11-19T23:35:27.784+0000] {processor.py:839} INFO - DAG(s) dict_keys(['example_dag_decorator']) retrieved from /home/airflow/.local/lib/python3.8/site-packages/airflow/example_dags/example_dag_decorator.py
[2023-11-19T23:35:27.928+0000] {logging_mixin.py:154} INFO - [2023-11-19T23:35:27.928+0000] {dag.py:2941} INFO - Sync 1 DAGs
[2023-11-19T23:35:27.932+0000] {logging_mixin.py:154} INFO - [2023-11-19T23:35:27.932+0000] {dag.py:3722} INFO - Setting next_dagrun for example_dag_decorator to None, run_after=None
[2023-11-19T23:35:27.939+0000] {processor.py:179} INFO - Processing /home/airflow/.local/lib/python3.8/site-packages/airflow/example_dags/example_dag_decorator.py took 0.196 seconds
[2023-11-19T23:35:58.248+0000] {processor.py:157} INFO - Started process (PID=554) to work on /home/airflow/.local/lib/python3.8/site-packages/airflow/example_dags/example_dag_decorator.py
[2023-11-19T23:35:58.249+0000] {processor.py:829} INFO - Processing file /home/airflow/.local/lib/python3.8/site-packages/airflow/example_dags/example_dag_decorator.py for tasks to queue
[2023-11-19T23:35:58.250+0000] {logging_mixin.py:154} INFO - [2023-11-19T23:35:58.250+0000] {dagbag.py:536} INFO - Filling up the DagBag from /home/airflow/.local/lib/python3.8/site-packages/airflow/example_dags/example_dag_decorator.py
[2023-11-19T23:35:58.280+0000] {processor.py:839} INFO - DAG(s) dict_keys(['example_dag_decorator']) retrieved from /home/airflow/.local/lib/python3.8/site-packages/airflow/example_dags/example_dag_decorator.py
[2023-11-19T23:35:58.399+0000] {logging_mixin.py:154} INFO - [2023-11-19T23:35:58.399+0000] {dag.py:2941} INFO - Sync 1 DAGs
[2023-11-19T23:35:58.404+0000] {logging_mixin.py:154} INFO - [2023-11-19T23:35:58.403+0000] {dag.py:3722} INFO - Setting next_dagrun for example_dag_decorator to None, run_after=None
[2023-11-19T23:35:58.410+0000] {processor.py:179} INFO - Processing /home/airflow/.local/lib/python3.8/site-packages/airflow/example_dags/example_dag_decorator.py took 0.164 seconds
