[2023-11-19T23:20:27.578+0000] {processor.py:157} INFO - Started process (PID=71) to work on /home/airflow/.local/lib/python3.8/site-packages/airflow/example_dags/example_task_group.py
[2023-11-19T23:20:27.579+0000] {processor.py:829} INFO - Processing file /home/airflow/.local/lib/python3.8/site-packages/airflow/example_dags/example_task_group.py for tasks to queue
[2023-11-19T23:20:27.580+0000] {logging_mixin.py:154} INFO - [2023-11-19T23:20:27.579+0000] {dagbag.py:536} INFO - Filling up the DagBag from /home/airflow/.local/lib/python3.8/site-packages/airflow/example_dags/example_task_group.py
[2023-11-19T23:20:27.584+0000] {processor.py:839} INFO - DAG(s) dict_keys(['example_task_group']) retrieved from /home/airflow/.local/lib/python3.8/site-packages/airflow/example_dags/example_task_group.py
[2023-11-19T23:20:27.629+0000] {logging_mixin.py:154} INFO - [2023-11-19T23:20:27.629+0000] {manager.py:499} INFO - Created Permission View: %s
[2023-11-19T23:20:27.632+0000] {logging_mixin.py:154} INFO - [2023-11-19T23:20:27.632+0000] {manager.py:499} INFO - Created Permission View: %s
[2023-11-19T23:20:27.634+0000] {logging_mixin.py:154} INFO - [2023-11-19T23:20:27.634+0000] {manager.py:499} INFO - Created Permission View: %s
[2023-11-19T23:20:27.634+0000] {logging_mixin.py:154} INFO - [2023-11-19T23:20:27.634+0000] {dag.py:2941} INFO - Sync 1 DAGs
[2023-11-19T23:20:27.640+0000] {logging_mixin.py:154} INFO - [2023-11-19T23:20:27.640+0000] {dag.py:2963} INFO - Creating ORM DAG for example_task_group
[2023-11-19T23:20:27.645+0000] {logging_mixin.py:154} INFO - [2023-11-19T23:20:27.645+0000] {dag.py:3722} INFO - Setting next_dagrun for example_task_group to 2023-11-18T23:20:27.645568+00:00, run_after=2023-11-19T23:20:27.645568+00:00
[2023-11-19T23:20:27.653+0000] {processor.py:179} INFO - Processing /home/airflow/.local/lib/python3.8/site-packages/airflow/example_dags/example_task_group.py took 0.077 seconds
[2023-11-19T23:20:57.754+0000] {processor.py:157} INFO - Started process (PID=125) to work on /home/airflow/.local/lib/python3.8/site-packages/airflow/example_dags/example_task_group.py
[2023-11-19T23:20:57.754+0000] {processor.py:829} INFO - Processing file /home/airflow/.local/lib/python3.8/site-packages/airflow/example_dags/example_task_group.py for tasks to queue
[2023-11-19T23:20:57.755+0000] {logging_mixin.py:154} INFO - [2023-11-19T23:20:57.755+0000] {dagbag.py:536} INFO - Filling up the DagBag from /home/airflow/.local/lib/python3.8/site-packages/airflow/example_dags/example_task_group.py
[2023-11-19T23:20:57.759+0000] {processor.py:839} INFO - DAG(s) dict_keys(['example_task_group']) retrieved from /home/airflow/.local/lib/python3.8/site-packages/airflow/example_dags/example_task_group.py
[2023-11-19T23:20:57.769+0000] {logging_mixin.py:154} INFO - [2023-11-19T23:20:57.768+0000] {dag.py:2941} INFO - Sync 1 DAGs
[2023-11-19T23:20:57.777+0000] {logging_mixin.py:154} INFO - [2023-11-19T23:20:57.777+0000] {dag.py:3722} INFO - Setting next_dagrun for example_task_group to 2023-11-18T23:20:57.777231+00:00, run_after=2023-11-19T23:20:57.777231+00:00
[2023-11-19T23:20:57.784+0000] {processor.py:179} INFO - Processing /home/airflow/.local/lib/python3.8/site-packages/airflow/example_dags/example_task_group.py took 0.031 seconds
[2023-11-19T23:21:28.322+0000] {processor.py:157} INFO - Started process (PID=179) to work on /home/airflow/.local/lib/python3.8/site-packages/airflow/example_dags/example_task_group.py
[2023-11-19T23:21:28.322+0000] {processor.py:829} INFO - Processing file /home/airflow/.local/lib/python3.8/site-packages/airflow/example_dags/example_task_group.py for tasks to queue
[2023-11-19T23:21:28.323+0000] {logging_mixin.py:154} INFO - [2023-11-19T23:21:28.323+0000] {dagbag.py:536} INFO - Filling up the DagBag from /home/airflow/.local/lib/python3.8/site-packages/airflow/example_dags/example_task_group.py
[2023-11-19T23:21:28.327+0000] {processor.py:839} INFO - DAG(s) dict_keys(['example_task_group']) retrieved from /home/airflow/.local/lib/python3.8/site-packages/airflow/example_dags/example_task_group.py
[2023-11-19T23:21:28.336+0000] {logging_mixin.py:154} INFO - [2023-11-19T23:21:28.336+0000] {dag.py:2941} INFO - Sync 1 DAGs
[2023-11-19T23:21:28.345+0000] {logging_mixin.py:154} INFO - [2023-11-19T23:21:28.344+0000] {dag.py:3722} INFO - Setting next_dagrun for example_task_group to 2023-11-18T23:21:28.344880+00:00, run_after=2023-11-19T23:21:28.344880+00:00
[2023-11-19T23:21:28.351+0000] {processor.py:179} INFO - Processing /home/airflow/.local/lib/python3.8/site-packages/airflow/example_dags/example_task_group.py took 0.030 seconds
[2023-11-19T23:21:58.744+0000] {processor.py:157} INFO - Started process (PID=233) to work on /home/airflow/.local/lib/python3.8/site-packages/airflow/example_dags/example_task_group.py
[2023-11-19T23:21:58.745+0000] {processor.py:829} INFO - Processing file /home/airflow/.local/lib/python3.8/site-packages/airflow/example_dags/example_task_group.py for tasks to queue
[2023-11-19T23:21:58.746+0000] {logging_mixin.py:154} INFO - [2023-11-19T23:21:58.746+0000] {dagbag.py:536} INFO - Filling up the DagBag from /home/airflow/.local/lib/python3.8/site-packages/airflow/example_dags/example_task_group.py
[2023-11-19T23:21:58.749+0000] {processor.py:839} INFO - DAG(s) dict_keys(['example_task_group']) retrieved from /home/airflow/.local/lib/python3.8/site-packages/airflow/example_dags/example_task_group.py
[2023-11-19T23:21:58.759+0000] {logging_mixin.py:154} INFO - [2023-11-19T23:21:58.759+0000] {dag.py:2941} INFO - Sync 1 DAGs
[2023-11-19T23:21:58.768+0000] {logging_mixin.py:154} INFO - [2023-11-19T23:21:58.768+0000] {dag.py:3722} INFO - Setting next_dagrun for example_task_group to 2023-11-18T23:21:58.768743+00:00, run_after=2023-11-19T23:21:58.768743+00:00
[2023-11-19T23:21:58.776+0000] {processor.py:179} INFO - Processing /home/airflow/.local/lib/python3.8/site-packages/airflow/example_dags/example_task_group.py took 0.033 seconds
[2023-11-19T23:22:29.231+0000] {processor.py:157} INFO - Started process (PID=287) to work on /home/airflow/.local/lib/python3.8/site-packages/airflow/example_dags/example_task_group.py
[2023-11-19T23:22:29.232+0000] {processor.py:829} INFO - Processing file /home/airflow/.local/lib/python3.8/site-packages/airflow/example_dags/example_task_group.py for tasks to queue
[2023-11-19T23:22:29.233+0000] {logging_mixin.py:154} INFO - [2023-11-19T23:22:29.232+0000] {dagbag.py:536} INFO - Filling up the DagBag from /home/airflow/.local/lib/python3.8/site-packages/airflow/example_dags/example_task_group.py
[2023-11-19T23:22:29.237+0000] {processor.py:839} INFO - DAG(s) dict_keys(['example_task_group']) retrieved from /home/airflow/.local/lib/python3.8/site-packages/airflow/example_dags/example_task_group.py
[2023-11-19T23:22:29.247+0000] {logging_mixin.py:154} INFO - [2023-11-19T23:22:29.247+0000] {dag.py:2941} INFO - Sync 1 DAGs
[2023-11-19T23:22:29.255+0000] {logging_mixin.py:154} INFO - [2023-11-19T23:22:29.255+0000] {dag.py:3722} INFO - Setting next_dagrun for example_task_group to 2023-11-18T23:22:29.255673+00:00, run_after=2023-11-19T23:22:29.255673+00:00
[2023-11-19T23:22:29.262+0000] {processor.py:179} INFO - Processing /home/airflow/.local/lib/python3.8/site-packages/airflow/example_dags/example_task_group.py took 0.033 seconds
[2023-11-19T23:22:59.691+0000] {processor.py:157} INFO - Started process (PID=341) to work on /home/airflow/.local/lib/python3.8/site-packages/airflow/example_dags/example_task_group.py
[2023-11-19T23:22:59.692+0000] {processor.py:829} INFO - Processing file /home/airflow/.local/lib/python3.8/site-packages/airflow/example_dags/example_task_group.py for tasks to queue
[2023-11-19T23:22:59.693+0000] {logging_mixin.py:154} INFO - [2023-11-19T23:22:59.693+0000] {dagbag.py:536} INFO - Filling up the DagBag from /home/airflow/.local/lib/python3.8/site-packages/airflow/example_dags/example_task_group.py
[2023-11-19T23:22:59.697+0000] {processor.py:839} INFO - DAG(s) dict_keys(['example_task_group']) retrieved from /home/airflow/.local/lib/python3.8/site-packages/airflow/example_dags/example_task_group.py
[2023-11-19T23:22:59.707+0000] {logging_mixin.py:154} INFO - [2023-11-19T23:22:59.707+0000] {dag.py:2941} INFO - Sync 1 DAGs
[2023-11-19T23:22:59.716+0000] {logging_mixin.py:154} INFO - [2023-11-19T23:22:59.716+0000] {dag.py:3722} INFO - Setting next_dagrun for example_task_group to 2023-11-18T23:22:59.716213+00:00, run_after=2023-11-19T23:22:59.716213+00:00
[2023-11-19T23:22:59.723+0000] {processor.py:179} INFO - Processing /home/airflow/.local/lib/python3.8/site-packages/airflow/example_dags/example_task_group.py took 0.033 seconds
[2023-11-19T23:23:30.035+0000] {processor.py:157} INFO - Started process (PID=395) to work on /home/airflow/.local/lib/python3.8/site-packages/airflow/example_dags/example_task_group.py
[2023-11-19T23:23:30.035+0000] {processor.py:829} INFO - Processing file /home/airflow/.local/lib/python3.8/site-packages/airflow/example_dags/example_task_group.py for tasks to queue
[2023-11-19T23:23:30.036+0000] {logging_mixin.py:154} INFO - [2023-11-19T23:23:30.036+0000] {dagbag.py:536} INFO - Filling up the DagBag from /home/airflow/.local/lib/python3.8/site-packages/airflow/example_dags/example_task_group.py
[2023-11-19T23:23:30.040+0000] {processor.py:839} INFO - DAG(s) dict_keys(['example_task_group']) retrieved from /home/airflow/.local/lib/python3.8/site-packages/airflow/example_dags/example_task_group.py
[2023-11-19T23:23:30.049+0000] {logging_mixin.py:154} INFO - [2023-11-19T23:23:30.049+0000] {dag.py:2941} INFO - Sync 1 DAGs
[2023-11-19T23:23:30.058+0000] {logging_mixin.py:154} INFO - [2023-11-19T23:23:30.058+0000] {dag.py:3722} INFO - Setting next_dagrun for example_task_group to 2023-11-18T23:23:30.058467+00:00, run_after=2023-11-19T23:23:30.058467+00:00
[2023-11-19T23:23:30.065+0000] {processor.py:179} INFO - Processing /home/airflow/.local/lib/python3.8/site-packages/airflow/example_dags/example_task_group.py took 0.032 seconds
[2023-11-19T23:24:00.541+0000] {processor.py:157} INFO - Started process (PID=449) to work on /home/airflow/.local/lib/python3.8/site-packages/airflow/example_dags/example_task_group.py
[2023-11-19T23:24:00.542+0000] {processor.py:829} INFO - Processing file /home/airflow/.local/lib/python3.8/site-packages/airflow/example_dags/example_task_group.py for tasks to queue
[2023-11-19T23:24:00.543+0000] {logging_mixin.py:154} INFO - [2023-11-19T23:24:00.543+0000] {dagbag.py:536} INFO - Filling up the DagBag from /home/airflow/.local/lib/python3.8/site-packages/airflow/example_dags/example_task_group.py
[2023-11-19T23:24:00.547+0000] {processor.py:839} INFO - DAG(s) dict_keys(['example_task_group']) retrieved from /home/airflow/.local/lib/python3.8/site-packages/airflow/example_dags/example_task_group.py
[2023-11-19T23:24:00.557+0000] {logging_mixin.py:154} INFO - [2023-11-19T23:24:00.557+0000] {dag.py:2941} INFO - Sync 1 DAGs
[2023-11-19T23:24:00.566+0000] {logging_mixin.py:154} INFO - [2023-11-19T23:24:00.566+0000] {dag.py:3722} INFO - Setting next_dagrun for example_task_group to 2023-11-18T23:24:00.566162+00:00, run_after=2023-11-19T23:24:00.566162+00:00
[2023-11-19T23:24:00.573+0000] {processor.py:179} INFO - Processing /home/airflow/.local/lib/python3.8/site-packages/airflow/example_dags/example_task_group.py took 0.033 seconds
[2023-11-19T23:24:30.995+0000] {processor.py:157} INFO - Started process (PID=503) to work on /home/airflow/.local/lib/python3.8/site-packages/airflow/example_dags/example_task_group.py
[2023-11-19T23:24:30.996+0000] {processor.py:829} INFO - Processing file /home/airflow/.local/lib/python3.8/site-packages/airflow/example_dags/example_task_group.py for tasks to queue
[2023-11-19T23:24:30.997+0000] {logging_mixin.py:154} INFO - [2023-11-19T23:24:30.997+0000] {dagbag.py:536} INFO - Filling up the DagBag from /home/airflow/.local/lib/python3.8/site-packages/airflow/example_dags/example_task_group.py
[2023-11-19T23:24:31.001+0000] {processor.py:839} INFO - DAG(s) dict_keys(['example_task_group']) retrieved from /home/airflow/.local/lib/python3.8/site-packages/airflow/example_dags/example_task_group.py
[2023-11-19T23:24:31.012+0000] {logging_mixin.py:154} INFO - [2023-11-19T23:24:31.012+0000] {dag.py:2941} INFO - Sync 1 DAGs
[2023-11-19T23:24:31.021+0000] {logging_mixin.py:154} INFO - [2023-11-19T23:24:31.020+0000] {dag.py:3722} INFO - Setting next_dagrun for example_task_group to 2023-11-18T23:24:31.020822+00:00, run_after=2023-11-19T23:24:31.020822+00:00
[2023-11-19T23:24:31.027+0000] {processor.py:179} INFO - Processing /home/airflow/.local/lib/python3.8/site-packages/airflow/example_dags/example_task_group.py took 0.034 seconds
[2023-11-19T23:25:01.501+0000] {processor.py:157} INFO - Started process (PID=557) to work on /home/airflow/.local/lib/python3.8/site-packages/airflow/example_dags/example_task_group.py
[2023-11-19T23:25:01.501+0000] {processor.py:829} INFO - Processing file /home/airflow/.local/lib/python3.8/site-packages/airflow/example_dags/example_task_group.py for tasks to queue
[2023-11-19T23:25:01.502+0000] {logging_mixin.py:154} INFO - [2023-11-19T23:25:01.502+0000] {dagbag.py:536} INFO - Filling up the DagBag from /home/airflow/.local/lib/python3.8/site-packages/airflow/example_dags/example_task_group.py
[2023-11-19T23:25:01.506+0000] {processor.py:839} INFO - DAG(s) dict_keys(['example_task_group']) retrieved from /home/airflow/.local/lib/python3.8/site-packages/airflow/example_dags/example_task_group.py
[2023-11-19T23:25:01.516+0000] {logging_mixin.py:154} INFO - [2023-11-19T23:25:01.516+0000] {dag.py:2941} INFO - Sync 1 DAGs
[2023-11-19T23:25:01.525+0000] {logging_mixin.py:154} INFO - [2023-11-19T23:25:01.525+0000] {dag.py:3722} INFO - Setting next_dagrun for example_task_group to 2023-11-18T23:25:01.525047+00:00, run_after=2023-11-19T23:25:01.525047+00:00
[2023-11-19T23:25:01.531+0000] {processor.py:179} INFO - Processing /home/airflow/.local/lib/python3.8/site-packages/airflow/example_dags/example_task_group.py took 0.032 seconds
[2023-11-19T23:25:32.057+0000] {processor.py:157} INFO - Started process (PID=611) to work on /home/airflow/.local/lib/python3.8/site-packages/airflow/example_dags/example_task_group.py
[2023-11-19T23:25:32.057+0000] {processor.py:829} INFO - Processing file /home/airflow/.local/lib/python3.8/site-packages/airflow/example_dags/example_task_group.py for tasks to queue
[2023-11-19T23:25:32.059+0000] {logging_mixin.py:154} INFO - [2023-11-19T23:25:32.058+0000] {dagbag.py:536} INFO - Filling up the DagBag from /home/airflow/.local/lib/python3.8/site-packages/airflow/example_dags/example_task_group.py
[2023-11-19T23:25:32.062+0000] {processor.py:839} INFO - DAG(s) dict_keys(['example_task_group']) retrieved from /home/airflow/.local/lib/python3.8/site-packages/airflow/example_dags/example_task_group.py
[2023-11-19T23:25:32.072+0000] {logging_mixin.py:154} INFO - [2023-11-19T23:25:32.072+0000] {dag.py:2941} INFO - Sync 1 DAGs
[2023-11-19T23:25:32.081+0000] {logging_mixin.py:154} INFO - [2023-11-19T23:25:32.081+0000] {dag.py:3722} INFO - Setting next_dagrun for example_task_group to 2023-11-18T23:25:32.080993+00:00, run_after=2023-11-19T23:25:32.080993+00:00
[2023-11-19T23:25:32.087+0000] {processor.py:179} INFO - Processing /home/airflow/.local/lib/python3.8/site-packages/airflow/example_dags/example_task_group.py took 0.032 seconds
[2023-11-19T23:31:24.279+0000] {processor.py:157} INFO - Started process (PID=72) to work on /home/airflow/.local/lib/python3.8/site-packages/airflow/example_dags/example_task_group.py
[2023-11-19T23:31:24.280+0000] {processor.py:829} INFO - Processing file /home/airflow/.local/lib/python3.8/site-packages/airflow/example_dags/example_task_group.py for tasks to queue
[2023-11-19T23:31:24.281+0000] {logging_mixin.py:154} INFO - [2023-11-19T23:31:24.281+0000] {dagbag.py:536} INFO - Filling up the DagBag from /home/airflow/.local/lib/python3.8/site-packages/airflow/example_dags/example_task_group.py
[2023-11-19T23:31:24.286+0000] {processor.py:839} INFO - DAG(s) dict_keys(['example_task_group']) retrieved from /home/airflow/.local/lib/python3.8/site-packages/airflow/example_dags/example_task_group.py
[2023-11-19T23:31:24.333+0000] {logging_mixin.py:154} INFO - [2023-11-19T23:31:24.332+0000] {manager.py:499} INFO - Created Permission View: %s
[2023-11-19T23:31:24.336+0000] {logging_mixin.py:154} INFO - [2023-11-19T23:31:24.336+0000] {manager.py:499} INFO - Created Permission View: %s
[2023-11-19T23:31:24.339+0000] {logging_mixin.py:154} INFO - [2023-11-19T23:31:24.339+0000] {manager.py:499} INFO - Created Permission View: %s
[2023-11-19T23:31:24.340+0000] {logging_mixin.py:154} INFO - [2023-11-19T23:31:24.340+0000] {dag.py:2941} INFO - Sync 1 DAGs
[2023-11-19T23:31:24.344+0000] {logging_mixin.py:154} INFO - [2023-11-19T23:31:24.344+0000] {dag.py:2963} INFO - Creating ORM DAG for example_task_group
[2023-11-19T23:31:24.349+0000] {logging_mixin.py:154} INFO - [2023-11-19T23:31:24.349+0000] {dag.py:3722} INFO - Setting next_dagrun for example_task_group to 2023-11-18T23:31:24.349021+00:00, run_after=2023-11-19T23:31:24.349021+00:00
[2023-11-19T23:31:24.356+0000] {processor.py:179} INFO - Processing /home/airflow/.local/lib/python3.8/site-packages/airflow/example_dags/example_task_group.py took 0.078 seconds
[2023-11-19T23:31:54.433+0000] {processor.py:157} INFO - Started process (PID=126) to work on /home/airflow/.local/lib/python3.8/site-packages/airflow/example_dags/example_task_group.py
[2023-11-19T23:31:54.433+0000] {processor.py:829} INFO - Processing file /home/airflow/.local/lib/python3.8/site-packages/airflow/example_dags/example_task_group.py for tasks to queue
[2023-11-19T23:31:54.435+0000] {logging_mixin.py:154} INFO - [2023-11-19T23:31:54.434+0000] {dagbag.py:536} INFO - Filling up the DagBag from /home/airflow/.local/lib/python3.8/site-packages/airflow/example_dags/example_task_group.py
[2023-11-19T23:31:54.439+0000] {processor.py:839} INFO - DAG(s) dict_keys(['example_task_group']) retrieved from /home/airflow/.local/lib/python3.8/site-packages/airflow/example_dags/example_task_group.py
[2023-11-19T23:31:54.450+0000] {logging_mixin.py:154} INFO - [2023-11-19T23:31:54.450+0000] {dag.py:2941} INFO - Sync 1 DAGs
[2023-11-19T23:31:54.459+0000] {logging_mixin.py:154} INFO - [2023-11-19T23:31:54.459+0000] {dag.py:3722} INFO - Setting next_dagrun for example_task_group to 2023-11-18T23:31:54.459350+00:00, run_after=2023-11-19T23:31:54.459350+00:00
[2023-11-19T23:31:54.466+0000] {processor.py:179} INFO - Processing /home/airflow/.local/lib/python3.8/site-packages/airflow/example_dags/example_task_group.py took 0.035 seconds
[2023-11-19T23:32:24.918+0000] {processor.py:157} INFO - Started process (PID=180) to work on /home/airflow/.local/lib/python3.8/site-packages/airflow/example_dags/example_task_group.py
[2023-11-19T23:32:24.918+0000] {processor.py:829} INFO - Processing file /home/airflow/.local/lib/python3.8/site-packages/airflow/example_dags/example_task_group.py for tasks to queue
[2023-11-19T23:32:24.920+0000] {logging_mixin.py:154} INFO - [2023-11-19T23:32:24.919+0000] {dagbag.py:536} INFO - Filling up the DagBag from /home/airflow/.local/lib/python3.8/site-packages/airflow/example_dags/example_task_group.py
[2023-11-19T23:32:24.923+0000] {processor.py:839} INFO - DAG(s) dict_keys(['example_task_group']) retrieved from /home/airflow/.local/lib/python3.8/site-packages/airflow/example_dags/example_task_group.py
[2023-11-19T23:32:24.932+0000] {logging_mixin.py:154} INFO - [2023-11-19T23:32:24.932+0000] {dag.py:2941} INFO - Sync 1 DAGs
[2023-11-19T23:32:24.941+0000] {logging_mixin.py:154} INFO - [2023-11-19T23:32:24.941+0000] {dag.py:3722} INFO - Setting next_dagrun for example_task_group to 2023-11-18T23:32:24.941696+00:00, run_after=2023-11-19T23:32:24.941696+00:00
[2023-11-19T23:32:24.948+0000] {processor.py:179} INFO - Processing /home/airflow/.local/lib/python3.8/site-packages/airflow/example_dags/example_task_group.py took 0.032 seconds
[2023-11-19T23:32:55.408+0000] {processor.py:157} INFO - Started process (PID=234) to work on /home/airflow/.local/lib/python3.8/site-packages/airflow/example_dags/example_task_group.py
[2023-11-19T23:32:55.408+0000] {processor.py:829} INFO - Processing file /home/airflow/.local/lib/python3.8/site-packages/airflow/example_dags/example_task_group.py for tasks to queue
[2023-11-19T23:32:55.409+0000] {logging_mixin.py:154} INFO - [2023-11-19T23:32:55.409+0000] {dagbag.py:536} INFO - Filling up the DagBag from /home/airflow/.local/lib/python3.8/site-packages/airflow/example_dags/example_task_group.py
[2023-11-19T23:32:55.413+0000] {processor.py:839} INFO - DAG(s) dict_keys(['example_task_group']) retrieved from /home/airflow/.local/lib/python3.8/site-packages/airflow/example_dags/example_task_group.py
[2023-11-19T23:32:55.424+0000] {logging_mixin.py:154} INFO - [2023-11-19T23:32:55.423+0000] {dag.py:2941} INFO - Sync 1 DAGs
[2023-11-19T23:32:55.433+0000] {logging_mixin.py:154} INFO - [2023-11-19T23:32:55.432+0000] {dag.py:3722} INFO - Setting next_dagrun for example_task_group to 2023-11-18T23:32:55.432837+00:00, run_after=2023-11-19T23:32:55.432837+00:00
[2023-11-19T23:32:55.440+0000] {processor.py:179} INFO - Processing /home/airflow/.local/lib/python3.8/site-packages/airflow/example_dags/example_task_group.py took 0.034 seconds
[2023-11-19T23:33:25.922+0000] {processor.py:157} INFO - Started process (PID=288) to work on /home/airflow/.local/lib/python3.8/site-packages/airflow/example_dags/example_task_group.py
[2023-11-19T23:33:25.922+0000] {processor.py:829} INFO - Processing file /home/airflow/.local/lib/python3.8/site-packages/airflow/example_dags/example_task_group.py for tasks to queue
[2023-11-19T23:33:25.924+0000] {logging_mixin.py:154} INFO - [2023-11-19T23:33:25.923+0000] {dagbag.py:536} INFO - Filling up the DagBag from /home/airflow/.local/lib/python3.8/site-packages/airflow/example_dags/example_task_group.py
[2023-11-19T23:33:25.927+0000] {processor.py:839} INFO - DAG(s) dict_keys(['example_task_group']) retrieved from /home/airflow/.local/lib/python3.8/site-packages/airflow/example_dags/example_task_group.py
[2023-11-19T23:33:25.937+0000] {logging_mixin.py:154} INFO - [2023-11-19T23:33:25.937+0000] {dag.py:2941} INFO - Sync 1 DAGs
[2023-11-19T23:33:25.947+0000] {logging_mixin.py:154} INFO - [2023-11-19T23:33:25.947+0000] {dag.py:3722} INFO - Setting next_dagrun for example_task_group to 2023-11-18T23:33:25.947456+00:00, run_after=2023-11-19T23:33:25.947456+00:00
[2023-11-19T23:33:25.954+0000] {processor.py:179} INFO - Processing /home/airflow/.local/lib/python3.8/site-packages/airflow/example_dags/example_task_group.py took 0.034 seconds
[2023-11-19T23:33:56.410+0000] {processor.py:157} INFO - Started process (PID=342) to work on /home/airflow/.local/lib/python3.8/site-packages/airflow/example_dags/example_task_group.py
[2023-11-19T23:33:56.410+0000] {processor.py:829} INFO - Processing file /home/airflow/.local/lib/python3.8/site-packages/airflow/example_dags/example_task_group.py for tasks to queue
[2023-11-19T23:33:56.411+0000] {logging_mixin.py:154} INFO - [2023-11-19T23:33:56.411+0000] {dagbag.py:536} INFO - Filling up the DagBag from /home/airflow/.local/lib/python3.8/site-packages/airflow/example_dags/example_task_group.py
[2023-11-19T23:33:56.415+0000] {processor.py:839} INFO - DAG(s) dict_keys(['example_task_group']) retrieved from /home/airflow/.local/lib/python3.8/site-packages/airflow/example_dags/example_task_group.py
[2023-11-19T23:33:56.426+0000] {logging_mixin.py:154} INFO - [2023-11-19T23:33:56.426+0000] {dag.py:2941} INFO - Sync 1 DAGs
[2023-11-19T23:33:56.434+0000] {logging_mixin.py:154} INFO - [2023-11-19T23:33:56.434+0000] {dag.py:3722} INFO - Setting next_dagrun for example_task_group to 2023-11-18T23:33:56.434740+00:00, run_after=2023-11-19T23:33:56.434740+00:00
[2023-11-19T23:33:56.441+0000] {processor.py:179} INFO - Processing /home/airflow/.local/lib/python3.8/site-packages/airflow/example_dags/example_task_group.py took 0.033 seconds
[2023-11-19T23:34:26.798+0000] {processor.py:157} INFO - Started process (PID=396) to work on /home/airflow/.local/lib/python3.8/site-packages/airflow/example_dags/example_task_group.py
[2023-11-19T23:34:26.798+0000] {processor.py:829} INFO - Processing file /home/airflow/.local/lib/python3.8/site-packages/airflow/example_dags/example_task_group.py for tasks to queue
[2023-11-19T23:34:26.800+0000] {logging_mixin.py:154} INFO - [2023-11-19T23:34:26.799+0000] {dagbag.py:536} INFO - Filling up the DagBag from /home/airflow/.local/lib/python3.8/site-packages/airflow/example_dags/example_task_group.py
[2023-11-19T23:34:26.803+0000] {processor.py:839} INFO - DAG(s) dict_keys(['example_task_group']) retrieved from /home/airflow/.local/lib/python3.8/site-packages/airflow/example_dags/example_task_group.py
[2023-11-19T23:34:26.813+0000] {logging_mixin.py:154} INFO - [2023-11-19T23:34:26.813+0000] {dag.py:2941} INFO - Sync 1 DAGs
[2023-11-19T23:34:26.822+0000] {logging_mixin.py:154} INFO - [2023-11-19T23:34:26.822+0000] {dag.py:3722} INFO - Setting next_dagrun for example_task_group to 2023-11-18T23:34:26.822435+00:00, run_after=2023-11-19T23:34:26.822435+00:00
[2023-11-19T23:34:26.829+0000] {processor.py:179} INFO - Processing /home/airflow/.local/lib/python3.8/site-packages/airflow/example_dags/example_task_group.py took 0.033 seconds
[2023-11-19T23:34:57.316+0000] {processor.py:157} INFO - Started process (PID=450) to work on /home/airflow/.local/lib/python3.8/site-packages/airflow/example_dags/example_task_group.py
[2023-11-19T23:34:57.317+0000] {processor.py:829} INFO - Processing file /home/airflow/.local/lib/python3.8/site-packages/airflow/example_dags/example_task_group.py for tasks to queue
[2023-11-19T23:34:57.318+0000] {logging_mixin.py:154} INFO - [2023-11-19T23:34:57.318+0000] {dagbag.py:536} INFO - Filling up the DagBag from /home/airflow/.local/lib/python3.8/site-packages/airflow/example_dags/example_task_group.py
[2023-11-19T23:34:57.322+0000] {processor.py:839} INFO - DAG(s) dict_keys(['example_task_group']) retrieved from /home/airflow/.local/lib/python3.8/site-packages/airflow/example_dags/example_task_group.py
[2023-11-19T23:34:57.332+0000] {logging_mixin.py:154} INFO - [2023-11-19T23:34:57.332+0000] {dag.py:2941} INFO - Sync 1 DAGs
[2023-11-19T23:34:57.341+0000] {logging_mixin.py:154} INFO - [2023-11-19T23:34:57.340+0000] {dag.py:3722} INFO - Setting next_dagrun for example_task_group to 2023-11-18T23:34:57.340830+00:00, run_after=2023-11-19T23:34:57.340830+00:00
[2023-11-19T23:34:57.348+0000] {processor.py:179} INFO - Processing /home/airflow/.local/lib/python3.8/site-packages/airflow/example_dags/example_task_group.py took 0.033 seconds
[2023-11-19T23:35:27.904+0000] {processor.py:157} INFO - Started process (PID=504) to work on /home/airflow/.local/lib/python3.8/site-packages/airflow/example_dags/example_task_group.py
[2023-11-19T23:35:27.904+0000] {processor.py:829} INFO - Processing file /home/airflow/.local/lib/python3.8/site-packages/airflow/example_dags/example_task_group.py for tasks to queue
[2023-11-19T23:35:27.905+0000] {logging_mixin.py:154} INFO - [2023-11-19T23:35:27.905+0000] {dagbag.py:536} INFO - Filling up the DagBag from /home/airflow/.local/lib/python3.8/site-packages/airflow/example_dags/example_task_group.py
[2023-11-19T23:35:27.909+0000] {processor.py:839} INFO - DAG(s) dict_keys(['example_task_group']) retrieved from /home/airflow/.local/lib/python3.8/site-packages/airflow/example_dags/example_task_group.py
[2023-11-19T23:35:27.920+0000] {logging_mixin.py:154} INFO - [2023-11-19T23:35:27.920+0000] {dag.py:2941} INFO - Sync 1 DAGs
[2023-11-19T23:35:27.929+0000] {logging_mixin.py:154} INFO - [2023-11-19T23:35:27.929+0000] {dag.py:3722} INFO - Setting next_dagrun for example_task_group to 2023-11-18T23:35:27.929492+00:00, run_after=2023-11-19T23:35:27.929492+00:00
[2023-11-19T23:35:27.936+0000] {processor.py:179} INFO - Processing /home/airflow/.local/lib/python3.8/site-packages/airflow/example_dags/example_task_group.py took 0.035 seconds
[2023-11-19T23:35:58.414+0000] {processor.py:157} INFO - Started process (PID=558) to work on /home/airflow/.local/lib/python3.8/site-packages/airflow/example_dags/example_task_group.py
[2023-11-19T23:35:58.414+0000] {processor.py:829} INFO - Processing file /home/airflow/.local/lib/python3.8/site-packages/airflow/example_dags/example_task_group.py for tasks to queue
[2023-11-19T23:35:58.415+0000] {logging_mixin.py:154} INFO - [2023-11-19T23:35:58.415+0000] {dagbag.py:536} INFO - Filling up the DagBag from /home/airflow/.local/lib/python3.8/site-packages/airflow/example_dags/example_task_group.py
[2023-11-19T23:35:58.419+0000] {processor.py:839} INFO - DAG(s) dict_keys(['example_task_group']) retrieved from /home/airflow/.local/lib/python3.8/site-packages/airflow/example_dags/example_task_group.py
[2023-11-19T23:35:58.429+0000] {logging_mixin.py:154} INFO - [2023-11-19T23:35:58.429+0000] {dag.py:2941} INFO - Sync 1 DAGs
[2023-11-19T23:35:58.438+0000] {logging_mixin.py:154} INFO - [2023-11-19T23:35:58.438+0000] {dag.py:3722} INFO - Setting next_dagrun for example_task_group to 2023-11-18T23:35:58.438638+00:00, run_after=2023-11-19T23:35:58.438638+00:00
[2023-11-19T23:35:58.445+0000] {processor.py:179} INFO - Processing /home/airflow/.local/lib/python3.8/site-packages/airflow/example_dags/example_task_group.py took 0.033 seconds
