[2023-11-19T23:20:25.785+0000] {processor.py:157} INFO - Started process (PID=42) to work on /home/airflow/.local/lib/python3.8/site-packages/airflow/example_dags/example_short_circuit_decorator.py
[2023-11-19T23:20:25.785+0000] {processor.py:829} INFO - Processing file /home/airflow/.local/lib/python3.8/site-packages/airflow/example_dags/example_short_circuit_decorator.py for tasks to queue
[2023-11-19T23:20:25.787+0000] {logging_mixin.py:154} INFO - [2023-11-19T23:20:25.787+0000] {dagbag.py:536} INFO - Filling up the DagBag from /home/airflow/.local/lib/python3.8/site-packages/airflow/example_dags/example_short_circuit_decorator.py
[2023-11-19T23:20:25.793+0000] {processor.py:839} INFO - DAG(s) dict_keys(['example_short_circuit_decorator']) retrieved from /home/airflow/.local/lib/python3.8/site-packages/airflow/example_dags/example_short_circuit_decorator.py
[2023-11-19T23:20:25.845+0000] {logging_mixin.py:154} INFO - [2023-11-19T23:20:25.845+0000] {manager.py:499} INFO - Created Permission View: %s
[2023-11-19T23:20:25.849+0000] {logging_mixin.py:154} INFO - [2023-11-19T23:20:25.849+0000] {manager.py:499} INFO - Created Permission View: %s
[2023-11-19T23:20:25.852+0000] {logging_mixin.py:154} INFO - [2023-11-19T23:20:25.852+0000] {manager.py:499} INFO - Created Permission View: %s
[2023-11-19T23:20:25.853+0000] {logging_mixin.py:154} INFO - [2023-11-19T23:20:25.853+0000] {dag.py:2941} INFO - Sync 1 DAGs
[2023-11-19T23:20:25.860+0000] {logging_mixin.py:154} INFO - [2023-11-19T23:20:25.860+0000] {dag.py:2963} INFO - Creating ORM DAG for example_short_circuit_decorator
[2023-11-19T23:20:25.866+0000] {logging_mixin.py:154} INFO - [2023-11-19T23:20:25.866+0000] {dag.py:3722} INFO - Setting next_dagrun for example_short_circuit_decorator to 2023-11-18T23:20:25.866071+00:00, run_after=2023-11-19T23:20:25.866071+00:00
[2023-11-19T23:20:25.876+0000] {processor.py:179} INFO - Processing /home/airflow/.local/lib/python3.8/site-packages/airflow/example_dags/example_short_circuit_decorator.py took 0.093 seconds
[2023-11-19T23:20:55.919+0000] {processor.py:157} INFO - Started process (PID=96) to work on /home/airflow/.local/lib/python3.8/site-packages/airflow/example_dags/example_short_circuit_decorator.py
[2023-11-19T23:20:55.920+0000] {processor.py:829} INFO - Processing file /home/airflow/.local/lib/python3.8/site-packages/airflow/example_dags/example_short_circuit_decorator.py for tasks to queue
[2023-11-19T23:20:55.921+0000] {logging_mixin.py:154} INFO - [2023-11-19T23:20:55.921+0000] {dagbag.py:536} INFO - Filling up the DagBag from /home/airflow/.local/lib/python3.8/site-packages/airflow/example_dags/example_short_circuit_decorator.py
[2023-11-19T23:20:55.925+0000] {processor.py:839} INFO - DAG(s) dict_keys(['example_short_circuit_decorator']) retrieved from /home/airflow/.local/lib/python3.8/site-packages/airflow/example_dags/example_short_circuit_decorator.py
[2023-11-19T23:20:55.935+0000] {logging_mixin.py:154} INFO - [2023-11-19T23:20:55.935+0000] {dag.py:2941} INFO - Sync 1 DAGs
[2023-11-19T23:20:55.943+0000] {logging_mixin.py:154} INFO - [2023-11-19T23:20:55.943+0000] {dag.py:3722} INFO - Setting next_dagrun for example_short_circuit_decorator to 2023-11-18T23:20:55.943066+00:00, run_after=2023-11-19T23:20:55.943066+00:00
[2023-11-19T23:20:55.949+0000] {processor.py:179} INFO - Processing /home/airflow/.local/lib/python3.8/site-packages/airflow/example_dags/example_short_circuit_decorator.py took 0.032 seconds
[2023-11-19T23:21:26.571+0000] {processor.py:157} INFO - Started process (PID=150) to work on /home/airflow/.local/lib/python3.8/site-packages/airflow/example_dags/example_short_circuit_decorator.py
[2023-11-19T23:21:26.571+0000] {processor.py:829} INFO - Processing file /home/airflow/.local/lib/python3.8/site-packages/airflow/example_dags/example_short_circuit_decorator.py for tasks to queue
[2023-11-19T23:21:26.572+0000] {logging_mixin.py:154} INFO - [2023-11-19T23:21:26.572+0000] {dagbag.py:536} INFO - Filling up the DagBag from /home/airflow/.local/lib/python3.8/site-packages/airflow/example_dags/example_short_circuit_decorator.py
[2023-11-19T23:21:26.577+0000] {processor.py:839} INFO - DAG(s) dict_keys(['example_short_circuit_decorator']) retrieved from /home/airflow/.local/lib/python3.8/site-packages/airflow/example_dags/example_short_circuit_decorator.py
[2023-11-19T23:21:26.587+0000] {logging_mixin.py:154} INFO - [2023-11-19T23:21:26.587+0000] {dag.py:2941} INFO - Sync 1 DAGs
[2023-11-19T23:21:26.596+0000] {logging_mixin.py:154} INFO - [2023-11-19T23:21:26.596+0000] {dag.py:3722} INFO - Setting next_dagrun for example_short_circuit_decorator to 2023-11-18T23:21:26.596291+00:00, run_after=2023-11-19T23:21:26.596291+00:00
[2023-11-19T23:21:26.603+0000] {processor.py:179} INFO - Processing /home/airflow/.local/lib/python3.8/site-packages/airflow/example_dags/example_short_circuit_decorator.py took 0.034 seconds
[2023-11-19T23:21:57.035+0000] {processor.py:157} INFO - Started process (PID=204) to work on /home/airflow/.local/lib/python3.8/site-packages/airflow/example_dags/example_short_circuit_decorator.py
[2023-11-19T23:21:57.035+0000] {processor.py:829} INFO - Processing file /home/airflow/.local/lib/python3.8/site-packages/airflow/example_dags/example_short_circuit_decorator.py for tasks to queue
[2023-11-19T23:21:57.036+0000] {logging_mixin.py:154} INFO - [2023-11-19T23:21:57.036+0000] {dagbag.py:536} INFO - Filling up the DagBag from /home/airflow/.local/lib/python3.8/site-packages/airflow/example_dags/example_short_circuit_decorator.py
[2023-11-19T23:21:57.041+0000] {processor.py:839} INFO - DAG(s) dict_keys(['example_short_circuit_decorator']) retrieved from /home/airflow/.local/lib/python3.8/site-packages/airflow/example_dags/example_short_circuit_decorator.py
[2023-11-19T23:21:57.051+0000] {logging_mixin.py:154} INFO - [2023-11-19T23:21:57.051+0000] {dag.py:2941} INFO - Sync 1 DAGs
[2023-11-19T23:21:57.060+0000] {logging_mixin.py:154} INFO - [2023-11-19T23:21:57.060+0000] {dag.py:3722} INFO - Setting next_dagrun for example_short_circuit_decorator to 2023-11-18T23:21:57.060483+00:00, run_after=2023-11-19T23:21:57.060483+00:00
[2023-11-19T23:21:57.067+0000] {processor.py:179} INFO - Processing /home/airflow/.local/lib/python3.8/site-packages/airflow/example_dags/example_short_circuit_decorator.py took 0.034 seconds
[2023-11-19T23:22:27.495+0000] {processor.py:157} INFO - Started process (PID=258) to work on /home/airflow/.local/lib/python3.8/site-packages/airflow/example_dags/example_short_circuit_decorator.py
[2023-11-19T23:22:27.496+0000] {processor.py:829} INFO - Processing file /home/airflow/.local/lib/python3.8/site-packages/airflow/example_dags/example_short_circuit_decorator.py for tasks to queue
[2023-11-19T23:22:27.497+0000] {logging_mixin.py:154} INFO - [2023-11-19T23:22:27.497+0000] {dagbag.py:536} INFO - Filling up the DagBag from /home/airflow/.local/lib/python3.8/site-packages/airflow/example_dags/example_short_circuit_decorator.py
[2023-11-19T23:22:27.502+0000] {processor.py:839} INFO - DAG(s) dict_keys(['example_short_circuit_decorator']) retrieved from /home/airflow/.local/lib/python3.8/site-packages/airflow/example_dags/example_short_circuit_decorator.py
[2023-11-19T23:22:27.512+0000] {logging_mixin.py:154} INFO - [2023-11-19T23:22:27.512+0000] {dag.py:2941} INFO - Sync 1 DAGs
[2023-11-19T23:22:27.521+0000] {logging_mixin.py:154} INFO - [2023-11-19T23:22:27.520+0000] {dag.py:3722} INFO - Setting next_dagrun for example_short_circuit_decorator to 2023-11-18T23:22:27.520838+00:00, run_after=2023-11-19T23:22:27.520838+00:00
[2023-11-19T23:22:27.527+0000] {processor.py:179} INFO - Processing /home/airflow/.local/lib/python3.8/site-packages/airflow/example_dags/example_short_circuit_decorator.py took 0.033 seconds
[2023-11-19T23:22:57.958+0000] {processor.py:157} INFO - Started process (PID=312) to work on /home/airflow/.local/lib/python3.8/site-packages/airflow/example_dags/example_short_circuit_decorator.py
[2023-11-19T23:22:57.959+0000] {processor.py:829} INFO - Processing file /home/airflow/.local/lib/python3.8/site-packages/airflow/example_dags/example_short_circuit_decorator.py for tasks to queue
[2023-11-19T23:22:57.960+0000] {logging_mixin.py:154} INFO - [2023-11-19T23:22:57.960+0000] {dagbag.py:536} INFO - Filling up the DagBag from /home/airflow/.local/lib/python3.8/site-packages/airflow/example_dags/example_short_circuit_decorator.py
[2023-11-19T23:22:57.965+0000] {processor.py:839} INFO - DAG(s) dict_keys(['example_short_circuit_decorator']) retrieved from /home/airflow/.local/lib/python3.8/site-packages/airflow/example_dags/example_short_circuit_decorator.py
[2023-11-19T23:22:57.975+0000] {logging_mixin.py:154} INFO - [2023-11-19T23:22:57.975+0000] {dag.py:2941} INFO - Sync 1 DAGs
[2023-11-19T23:22:57.983+0000] {logging_mixin.py:154} INFO - [2023-11-19T23:22:57.983+0000] {dag.py:3722} INFO - Setting next_dagrun for example_short_circuit_decorator to 2023-11-18T23:22:57.983480+00:00, run_after=2023-11-19T23:22:57.983480+00:00
[2023-11-19T23:22:57.990+0000] {processor.py:179} INFO - Processing /home/airflow/.local/lib/python3.8/site-packages/airflow/example_dags/example_short_circuit_decorator.py took 0.033 seconds
[2023-11-19T23:23:28.325+0000] {processor.py:157} INFO - Started process (PID=366) to work on /home/airflow/.local/lib/python3.8/site-packages/airflow/example_dags/example_short_circuit_decorator.py
[2023-11-19T23:23:28.325+0000] {processor.py:829} INFO - Processing file /home/airflow/.local/lib/python3.8/site-packages/airflow/example_dags/example_short_circuit_decorator.py for tasks to queue
[2023-11-19T23:23:28.327+0000] {logging_mixin.py:154} INFO - [2023-11-19T23:23:28.326+0000] {dagbag.py:536} INFO - Filling up the DagBag from /home/airflow/.local/lib/python3.8/site-packages/airflow/example_dags/example_short_circuit_decorator.py
[2023-11-19T23:23:28.331+0000] {processor.py:839} INFO - DAG(s) dict_keys(['example_short_circuit_decorator']) retrieved from /home/airflow/.local/lib/python3.8/site-packages/airflow/example_dags/example_short_circuit_decorator.py
[2023-11-19T23:23:28.342+0000] {logging_mixin.py:154} INFO - [2023-11-19T23:23:28.341+0000] {dag.py:2941} INFO - Sync 1 DAGs
[2023-11-19T23:23:28.350+0000] {logging_mixin.py:154} INFO - [2023-11-19T23:23:28.350+0000] {dag.py:3722} INFO - Setting next_dagrun for example_short_circuit_decorator to 2023-11-18T23:23:28.350630+00:00, run_after=2023-11-19T23:23:28.350630+00:00
[2023-11-19T23:23:28.357+0000] {processor.py:179} INFO - Processing /home/airflow/.local/lib/python3.8/site-packages/airflow/example_dags/example_short_circuit_decorator.py took 0.034 seconds
[2023-11-19T23:23:58.760+0000] {processor.py:157} INFO - Started process (PID=420) to work on /home/airflow/.local/lib/python3.8/site-packages/airflow/example_dags/example_short_circuit_decorator.py
[2023-11-19T23:23:58.760+0000] {processor.py:829} INFO - Processing file /home/airflow/.local/lib/python3.8/site-packages/airflow/example_dags/example_short_circuit_decorator.py for tasks to queue
[2023-11-19T23:23:58.761+0000] {logging_mixin.py:154} INFO - [2023-11-19T23:23:58.761+0000] {dagbag.py:536} INFO - Filling up the DagBag from /home/airflow/.local/lib/python3.8/site-packages/airflow/example_dags/example_short_circuit_decorator.py
[2023-11-19T23:23:58.766+0000] {processor.py:839} INFO - DAG(s) dict_keys(['example_short_circuit_decorator']) retrieved from /home/airflow/.local/lib/python3.8/site-packages/airflow/example_dags/example_short_circuit_decorator.py
[2023-11-19T23:23:58.777+0000] {logging_mixin.py:154} INFO - [2023-11-19T23:23:58.777+0000] {dag.py:2941} INFO - Sync 1 DAGs
[2023-11-19T23:23:58.786+0000] {logging_mixin.py:154} INFO - [2023-11-19T23:23:58.785+0000] {dag.py:3722} INFO - Setting next_dagrun for example_short_circuit_decorator to 2023-11-18T23:23:58.785804+00:00, run_after=2023-11-19T23:23:58.785804+00:00
[2023-11-19T23:23:58.792+0000] {processor.py:179} INFO - Processing /home/airflow/.local/lib/python3.8/site-packages/airflow/example_dags/example_short_circuit_decorator.py took 0.035 seconds
[2023-11-19T23:24:29.254+0000] {processor.py:157} INFO - Started process (PID=474) to work on /home/airflow/.local/lib/python3.8/site-packages/airflow/example_dags/example_short_circuit_decorator.py
[2023-11-19T23:24:29.254+0000] {processor.py:829} INFO - Processing file /home/airflow/.local/lib/python3.8/site-packages/airflow/example_dags/example_short_circuit_decorator.py for tasks to queue
[2023-11-19T23:24:29.256+0000] {logging_mixin.py:154} INFO - [2023-11-19T23:24:29.255+0000] {dagbag.py:536} INFO - Filling up the DagBag from /home/airflow/.local/lib/python3.8/site-packages/airflow/example_dags/example_short_circuit_decorator.py
[2023-11-19T23:24:29.260+0000] {processor.py:839} INFO - DAG(s) dict_keys(['example_short_circuit_decorator']) retrieved from /home/airflow/.local/lib/python3.8/site-packages/airflow/example_dags/example_short_circuit_decorator.py
[2023-11-19T23:24:29.271+0000] {logging_mixin.py:154} INFO - [2023-11-19T23:24:29.271+0000] {dag.py:2941} INFO - Sync 1 DAGs
[2023-11-19T23:24:29.280+0000] {logging_mixin.py:154} INFO - [2023-11-19T23:24:29.280+0000] {dag.py:3722} INFO - Setting next_dagrun for example_short_circuit_decorator to 2023-11-18T23:24:29.280602+00:00, run_after=2023-11-19T23:24:29.280602+00:00
[2023-11-19T23:24:29.288+0000] {processor.py:179} INFO - Processing /home/airflow/.local/lib/python3.8/site-packages/airflow/example_dags/example_short_circuit_decorator.py took 0.036 seconds
[2023-11-19T23:24:59.739+0000] {processor.py:157} INFO - Started process (PID=528) to work on /home/airflow/.local/lib/python3.8/site-packages/airflow/example_dags/example_short_circuit_decorator.py
[2023-11-19T23:24:59.740+0000] {processor.py:829} INFO - Processing file /home/airflow/.local/lib/python3.8/site-packages/airflow/example_dags/example_short_circuit_decorator.py for tasks to queue
[2023-11-19T23:24:59.741+0000] {logging_mixin.py:154} INFO - [2023-11-19T23:24:59.741+0000] {dagbag.py:536} INFO - Filling up the DagBag from /home/airflow/.local/lib/python3.8/site-packages/airflow/example_dags/example_short_circuit_decorator.py
[2023-11-19T23:24:59.745+0000] {processor.py:839} INFO - DAG(s) dict_keys(['example_short_circuit_decorator']) retrieved from /home/airflow/.local/lib/python3.8/site-packages/airflow/example_dags/example_short_circuit_decorator.py
[2023-11-19T23:24:59.755+0000] {logging_mixin.py:154} INFO - [2023-11-19T23:24:59.755+0000] {dag.py:2941} INFO - Sync 1 DAGs
[2023-11-19T23:24:59.765+0000] {logging_mixin.py:154} INFO - [2023-11-19T23:24:59.765+0000] {dag.py:3722} INFO - Setting next_dagrun for example_short_circuit_decorator to 2023-11-18T23:24:59.765391+00:00, run_after=2023-11-19T23:24:59.765391+00:00
[2023-11-19T23:24:59.772+0000] {processor.py:179} INFO - Processing /home/airflow/.local/lib/python3.8/site-packages/airflow/example_dags/example_short_circuit_decorator.py took 0.035 seconds
[2023-11-19T23:25:30.271+0000] {processor.py:157} INFO - Started process (PID=582) to work on /home/airflow/.local/lib/python3.8/site-packages/airflow/example_dags/example_short_circuit_decorator.py
[2023-11-19T23:25:30.271+0000] {processor.py:829} INFO - Processing file /home/airflow/.local/lib/python3.8/site-packages/airflow/example_dags/example_short_circuit_decorator.py for tasks to queue
[2023-11-19T23:25:30.272+0000] {logging_mixin.py:154} INFO - [2023-11-19T23:25:30.272+0000] {dagbag.py:536} INFO - Filling up the DagBag from /home/airflow/.local/lib/python3.8/site-packages/airflow/example_dags/example_short_circuit_decorator.py
[2023-11-19T23:25:30.277+0000] {processor.py:839} INFO - DAG(s) dict_keys(['example_short_circuit_decorator']) retrieved from /home/airflow/.local/lib/python3.8/site-packages/airflow/example_dags/example_short_circuit_decorator.py
[2023-11-19T23:25:30.288+0000] {logging_mixin.py:154} INFO - [2023-11-19T23:25:30.288+0000] {dag.py:2941} INFO - Sync 1 DAGs
[2023-11-19T23:25:30.298+0000] {logging_mixin.py:154} INFO - [2023-11-19T23:25:30.297+0000] {dag.py:3722} INFO - Setting next_dagrun for example_short_circuit_decorator to 2023-11-18T23:25:30.297757+00:00, run_after=2023-11-19T23:25:30.297757+00:00
[2023-11-19T23:25:30.305+0000] {processor.py:179} INFO - Processing /home/airflow/.local/lib/python3.8/site-packages/airflow/example_dags/example_short_circuit_decorator.py took 0.036 seconds
[2023-11-19T23:31:22.504+0000] {processor.py:157} INFO - Started process (PID=43) to work on /home/airflow/.local/lib/python3.8/site-packages/airflow/example_dags/example_short_circuit_decorator.py
[2023-11-19T23:31:22.505+0000] {processor.py:829} INFO - Processing file /home/airflow/.local/lib/python3.8/site-packages/airflow/example_dags/example_short_circuit_decorator.py for tasks to queue
[2023-11-19T23:31:22.507+0000] {logging_mixin.py:154} INFO - [2023-11-19T23:31:22.507+0000] {dagbag.py:536} INFO - Filling up the DagBag from /home/airflow/.local/lib/python3.8/site-packages/airflow/example_dags/example_short_circuit_decorator.py
[2023-11-19T23:31:22.514+0000] {processor.py:839} INFO - DAG(s) dict_keys(['example_short_circuit_decorator']) retrieved from /home/airflow/.local/lib/python3.8/site-packages/airflow/example_dags/example_short_circuit_decorator.py
[2023-11-19T23:31:22.575+0000] {logging_mixin.py:154} INFO - [2023-11-19T23:31:22.574+0000] {manager.py:499} INFO - Created Permission View: %s
[2023-11-19T23:31:22.580+0000] {logging_mixin.py:154} INFO - [2023-11-19T23:31:22.580+0000] {manager.py:499} INFO - Created Permission View: %s
[2023-11-19T23:31:22.583+0000] {logging_mixin.py:154} INFO - [2023-11-19T23:31:22.583+0000] {manager.py:499} INFO - Created Permission View: %s
[2023-11-19T23:31:22.583+0000] {logging_mixin.py:154} INFO - [2023-11-19T23:31:22.583+0000] {dag.py:2941} INFO - Sync 1 DAGs
[2023-11-19T23:31:22.591+0000] {logging_mixin.py:154} INFO - [2023-11-19T23:31:22.591+0000] {dag.py:2963} INFO - Creating ORM DAG for example_short_circuit_decorator
[2023-11-19T23:31:22.597+0000] {logging_mixin.py:154} INFO - [2023-11-19T23:31:22.597+0000] {dag.py:3722} INFO - Setting next_dagrun for example_short_circuit_decorator to 2023-11-18T23:31:22.597504+00:00, run_after=2023-11-19T23:31:22.597504+00:00
[2023-11-19T23:31:22.607+0000] {processor.py:179} INFO - Processing /home/airflow/.local/lib/python3.8/site-packages/airflow/example_dags/example_short_circuit_decorator.py took 0.105 seconds
[2023-11-19T23:31:52.643+0000] {processor.py:157} INFO - Started process (PID=97) to work on /home/airflow/.local/lib/python3.8/site-packages/airflow/example_dags/example_short_circuit_decorator.py
[2023-11-19T23:31:52.644+0000] {processor.py:829} INFO - Processing file /home/airflow/.local/lib/python3.8/site-packages/airflow/example_dags/example_short_circuit_decorator.py for tasks to queue
[2023-11-19T23:31:52.645+0000] {logging_mixin.py:154} INFO - [2023-11-19T23:31:52.645+0000] {dagbag.py:536} INFO - Filling up the DagBag from /home/airflow/.local/lib/python3.8/site-packages/airflow/example_dags/example_short_circuit_decorator.py
[2023-11-19T23:31:52.651+0000] {processor.py:839} INFO - DAG(s) dict_keys(['example_short_circuit_decorator']) retrieved from /home/airflow/.local/lib/python3.8/site-packages/airflow/example_dags/example_short_circuit_decorator.py
[2023-11-19T23:31:52.662+0000] {logging_mixin.py:154} INFO - [2023-11-19T23:31:52.662+0000] {dag.py:2941} INFO - Sync 1 DAGs
[2023-11-19T23:31:52.671+0000] {logging_mixin.py:154} INFO - [2023-11-19T23:31:52.671+0000] {dag.py:3722} INFO - Setting next_dagrun for example_short_circuit_decorator to 2023-11-18T23:31:52.671639+00:00, run_after=2023-11-19T23:31:52.671639+00:00
[2023-11-19T23:31:52.680+0000] {processor.py:179} INFO - Processing /home/airflow/.local/lib/python3.8/site-packages/airflow/example_dags/example_short_circuit_decorator.py took 0.038 seconds
[2023-11-19T23:32:23.199+0000] {processor.py:157} INFO - Started process (PID=151) to work on /home/airflow/.local/lib/python3.8/site-packages/airflow/example_dags/example_short_circuit_decorator.py
[2023-11-19T23:32:23.199+0000] {processor.py:829} INFO - Processing file /home/airflow/.local/lib/python3.8/site-packages/airflow/example_dags/example_short_circuit_decorator.py for tasks to queue
[2023-11-19T23:32:23.200+0000] {logging_mixin.py:154} INFO - [2023-11-19T23:32:23.200+0000] {dagbag.py:536} INFO - Filling up the DagBag from /home/airflow/.local/lib/python3.8/site-packages/airflow/example_dags/example_short_circuit_decorator.py
[2023-11-19T23:32:23.205+0000] {processor.py:839} INFO - DAG(s) dict_keys(['example_short_circuit_decorator']) retrieved from /home/airflow/.local/lib/python3.8/site-packages/airflow/example_dags/example_short_circuit_decorator.py
[2023-11-19T23:32:23.215+0000] {logging_mixin.py:154} INFO - [2023-11-19T23:32:23.215+0000] {dag.py:2941} INFO - Sync 1 DAGs
[2023-11-19T23:32:23.225+0000] {logging_mixin.py:154} INFO - [2023-11-19T23:32:23.225+0000] {dag.py:3722} INFO - Setting next_dagrun for example_short_circuit_decorator to 2023-11-18T23:32:23.225532+00:00, run_after=2023-11-19T23:32:23.225532+00:00
[2023-11-19T23:32:23.234+0000] {processor.py:179} INFO - Processing /home/airflow/.local/lib/python3.8/site-packages/airflow/example_dags/example_short_circuit_decorator.py took 0.037 seconds
[2023-11-19T23:32:53.680+0000] {processor.py:157} INFO - Started process (PID=205) to work on /home/airflow/.local/lib/python3.8/site-packages/airflow/example_dags/example_short_circuit_decorator.py
[2023-11-19T23:32:53.680+0000] {processor.py:829} INFO - Processing file /home/airflow/.local/lib/python3.8/site-packages/airflow/example_dags/example_short_circuit_decorator.py for tasks to queue
[2023-11-19T23:32:53.681+0000] {logging_mixin.py:154} INFO - [2023-11-19T23:32:53.681+0000] {dagbag.py:536} INFO - Filling up the DagBag from /home/airflow/.local/lib/python3.8/site-packages/airflow/example_dags/example_short_circuit_decorator.py
[2023-11-19T23:32:53.686+0000] {processor.py:839} INFO - DAG(s) dict_keys(['example_short_circuit_decorator']) retrieved from /home/airflow/.local/lib/python3.8/site-packages/airflow/example_dags/example_short_circuit_decorator.py
[2023-11-19T23:32:53.696+0000] {logging_mixin.py:154} INFO - [2023-11-19T23:32:53.696+0000] {dag.py:2941} INFO - Sync 1 DAGs
[2023-11-19T23:32:53.705+0000] {logging_mixin.py:154} INFO - [2023-11-19T23:32:53.705+0000] {dag.py:3722} INFO - Setting next_dagrun for example_short_circuit_decorator to 2023-11-18T23:32:53.705442+00:00, run_after=2023-11-19T23:32:53.705442+00:00
[2023-11-19T23:32:53.712+0000] {processor.py:179} INFO - Processing /home/airflow/.local/lib/python3.8/site-packages/airflow/example_dags/example_short_circuit_decorator.py took 0.034 seconds
[2023-11-19T23:33:24.149+0000] {processor.py:157} INFO - Started process (PID=259) to work on /home/airflow/.local/lib/python3.8/site-packages/airflow/example_dags/example_short_circuit_decorator.py
[2023-11-19T23:33:24.150+0000] {processor.py:829} INFO - Processing file /home/airflow/.local/lib/python3.8/site-packages/airflow/example_dags/example_short_circuit_decorator.py for tasks to queue
[2023-11-19T23:33:24.151+0000] {logging_mixin.py:154} INFO - [2023-11-19T23:33:24.151+0000] {dagbag.py:536} INFO - Filling up the DagBag from /home/airflow/.local/lib/python3.8/site-packages/airflow/example_dags/example_short_circuit_decorator.py
[2023-11-19T23:33:24.155+0000] {processor.py:839} INFO - DAG(s) dict_keys(['example_short_circuit_decorator']) retrieved from /home/airflow/.local/lib/python3.8/site-packages/airflow/example_dags/example_short_circuit_decorator.py
[2023-11-19T23:33:24.166+0000] {logging_mixin.py:154} INFO - [2023-11-19T23:33:24.166+0000] {dag.py:2941} INFO - Sync 1 DAGs
[2023-11-19T23:33:24.175+0000] {logging_mixin.py:154} INFO - [2023-11-19T23:33:24.175+0000] {dag.py:3722} INFO - Setting next_dagrun for example_short_circuit_decorator to 2023-11-18T23:33:24.175260+00:00, run_after=2023-11-19T23:33:24.175260+00:00
[2023-11-19T23:33:24.182+0000] {processor.py:179} INFO - Processing /home/airflow/.local/lib/python3.8/site-packages/airflow/example_dags/example_short_circuit_decorator.py took 0.034 seconds
[2023-11-19T23:33:54.690+0000] {processor.py:157} INFO - Started process (PID=313) to work on /home/airflow/.local/lib/python3.8/site-packages/airflow/example_dags/example_short_circuit_decorator.py
[2023-11-19T23:33:54.691+0000] {processor.py:829} INFO - Processing file /home/airflow/.local/lib/python3.8/site-packages/airflow/example_dags/example_short_circuit_decorator.py for tasks to queue
[2023-11-19T23:33:54.692+0000] {logging_mixin.py:154} INFO - [2023-11-19T23:33:54.692+0000] {dagbag.py:536} INFO - Filling up the DagBag from /home/airflow/.local/lib/python3.8/site-packages/airflow/example_dags/example_short_circuit_decorator.py
[2023-11-19T23:33:54.697+0000] {processor.py:839} INFO - DAG(s) dict_keys(['example_short_circuit_decorator']) retrieved from /home/airflow/.local/lib/python3.8/site-packages/airflow/example_dags/example_short_circuit_decorator.py
[2023-11-19T23:33:54.707+0000] {logging_mixin.py:154} INFO - [2023-11-19T23:33:54.707+0000] {dag.py:2941} INFO - Sync 1 DAGs
[2023-11-19T23:33:54.717+0000] {logging_mixin.py:154} INFO - [2023-11-19T23:33:54.717+0000] {dag.py:3722} INFO - Setting next_dagrun for example_short_circuit_decorator to 2023-11-18T23:33:54.716967+00:00, run_after=2023-11-19T23:33:54.716967+00:00
[2023-11-19T23:33:54.724+0000] {processor.py:179} INFO - Processing /home/airflow/.local/lib/python3.8/site-packages/airflow/example_dags/example_short_circuit_decorator.py took 0.035 seconds
[2023-11-19T23:34:25.097+0000] {processor.py:157} INFO - Started process (PID=367) to work on /home/airflow/.local/lib/python3.8/site-packages/airflow/example_dags/example_short_circuit_decorator.py
[2023-11-19T23:34:25.098+0000] {processor.py:829} INFO - Processing file /home/airflow/.local/lib/python3.8/site-packages/airflow/example_dags/example_short_circuit_decorator.py for tasks to queue
[2023-11-19T23:34:25.099+0000] {logging_mixin.py:154} INFO - [2023-11-19T23:34:25.099+0000] {dagbag.py:536} INFO - Filling up the DagBag from /home/airflow/.local/lib/python3.8/site-packages/airflow/example_dags/example_short_circuit_decorator.py
[2023-11-19T23:34:25.104+0000] {processor.py:839} INFO - DAG(s) dict_keys(['example_short_circuit_decorator']) retrieved from /home/airflow/.local/lib/python3.8/site-packages/airflow/example_dags/example_short_circuit_decorator.py
[2023-11-19T23:34:25.114+0000] {logging_mixin.py:154} INFO - [2023-11-19T23:34:25.113+0000] {dag.py:2941} INFO - Sync 1 DAGs
[2023-11-19T23:34:25.122+0000] {logging_mixin.py:154} INFO - [2023-11-19T23:34:25.122+0000] {dag.py:3722} INFO - Setting next_dagrun for example_short_circuit_decorator to 2023-11-18T23:34:25.122575+00:00, run_after=2023-11-19T23:34:25.122575+00:00
[2023-11-19T23:34:25.129+0000] {processor.py:179} INFO - Processing /home/airflow/.local/lib/python3.8/site-packages/airflow/example_dags/example_short_circuit_decorator.py took 0.033 seconds
[2023-11-19T23:34:55.571+0000] {processor.py:157} INFO - Started process (PID=421) to work on /home/airflow/.local/lib/python3.8/site-packages/airflow/example_dags/example_short_circuit_decorator.py
[2023-11-19T23:34:55.572+0000] {processor.py:829} INFO - Processing file /home/airflow/.local/lib/python3.8/site-packages/airflow/example_dags/example_short_circuit_decorator.py for tasks to queue
[2023-11-19T23:34:55.573+0000] {logging_mixin.py:154} INFO - [2023-11-19T23:34:55.573+0000] {dagbag.py:536} INFO - Filling up the DagBag from /home/airflow/.local/lib/python3.8/site-packages/airflow/example_dags/example_short_circuit_decorator.py
[2023-11-19T23:34:55.577+0000] {processor.py:839} INFO - DAG(s) dict_keys(['example_short_circuit_decorator']) retrieved from /home/airflow/.local/lib/python3.8/site-packages/airflow/example_dags/example_short_circuit_decorator.py
[2023-11-19T23:34:55.588+0000] {logging_mixin.py:154} INFO - [2023-11-19T23:34:55.588+0000] {dag.py:2941} INFO - Sync 1 DAGs
[2023-11-19T23:34:55.596+0000] {logging_mixin.py:154} INFO - [2023-11-19T23:34:55.596+0000] {dag.py:3722} INFO - Setting next_dagrun for example_short_circuit_decorator to 2023-11-18T23:34:55.596733+00:00, run_after=2023-11-19T23:34:55.596733+00:00
[2023-11-19T23:34:55.603+0000] {processor.py:179} INFO - Processing /home/airflow/.local/lib/python3.8/site-packages/airflow/example_dags/example_short_circuit_decorator.py took 0.034 seconds
[2023-11-19T23:35:26.101+0000] {processor.py:157} INFO - Started process (PID=475) to work on /home/airflow/.local/lib/python3.8/site-packages/airflow/example_dags/example_short_circuit_decorator.py
[2023-11-19T23:35:26.101+0000] {processor.py:829} INFO - Processing file /home/airflow/.local/lib/python3.8/site-packages/airflow/example_dags/example_short_circuit_decorator.py for tasks to queue
[2023-11-19T23:35:26.102+0000] {logging_mixin.py:154} INFO - [2023-11-19T23:35:26.102+0000] {dagbag.py:536} INFO - Filling up the DagBag from /home/airflow/.local/lib/python3.8/site-packages/airflow/example_dags/example_short_circuit_decorator.py
[2023-11-19T23:35:26.107+0000] {processor.py:839} INFO - DAG(s) dict_keys(['example_short_circuit_decorator']) retrieved from /home/airflow/.local/lib/python3.8/site-packages/airflow/example_dags/example_short_circuit_decorator.py
[2023-11-19T23:35:26.117+0000] {logging_mixin.py:154} INFO - [2023-11-19T23:35:26.117+0000] {dag.py:2941} INFO - Sync 1 DAGs
[2023-11-19T23:35:26.127+0000] {logging_mixin.py:154} INFO - [2023-11-19T23:35:26.126+0000] {dag.py:3722} INFO - Setting next_dagrun for example_short_circuit_decorator to 2023-11-18T23:35:26.126839+00:00, run_after=2023-11-19T23:35:26.126839+00:00
[2023-11-19T23:35:26.133+0000] {processor.py:179} INFO - Processing /home/airflow/.local/lib/python3.8/site-packages/airflow/example_dags/example_short_circuit_decorator.py took 0.034 seconds
[2023-11-19T23:35:56.656+0000] {processor.py:157} INFO - Started process (PID=529) to work on /home/airflow/.local/lib/python3.8/site-packages/airflow/example_dags/example_short_circuit_decorator.py
[2023-11-19T23:35:56.656+0000] {processor.py:829} INFO - Processing file /home/airflow/.local/lib/python3.8/site-packages/airflow/example_dags/example_short_circuit_decorator.py for tasks to queue
[2023-11-19T23:35:56.657+0000] {logging_mixin.py:154} INFO - [2023-11-19T23:35:56.657+0000] {dagbag.py:536} INFO - Filling up the DagBag from /home/airflow/.local/lib/python3.8/site-packages/airflow/example_dags/example_short_circuit_decorator.py
[2023-11-19T23:35:56.662+0000] {processor.py:839} INFO - DAG(s) dict_keys(['example_short_circuit_decorator']) retrieved from /home/airflow/.local/lib/python3.8/site-packages/airflow/example_dags/example_short_circuit_decorator.py
[2023-11-19T23:35:56.672+0000] {logging_mixin.py:154} INFO - [2023-11-19T23:35:56.672+0000] {dag.py:2941} INFO - Sync 1 DAGs
[2023-11-19T23:35:56.682+0000] {logging_mixin.py:154} INFO - [2023-11-19T23:35:56.682+0000] {dag.py:3722} INFO - Setting next_dagrun for example_short_circuit_decorator to 2023-11-18T23:35:56.682595+00:00, run_after=2023-11-19T23:35:56.682595+00:00
[2023-11-19T23:35:56.689+0000] {processor.py:179} INFO - Processing /home/airflow/.local/lib/python3.8/site-packages/airflow/example_dags/example_short_circuit_decorator.py took 0.036 seconds
[2023-11-19T23:36:27.162+0000] {processor.py:157} INFO - Started process (PID=583) to work on /home/airflow/.local/lib/python3.8/site-packages/airflow/example_dags/example_short_circuit_decorator.py
[2023-11-19T23:36:27.162+0000] {processor.py:829} INFO - Processing file /home/airflow/.local/lib/python3.8/site-packages/airflow/example_dags/example_short_circuit_decorator.py for tasks to queue
[2023-11-19T23:36:27.164+0000] {logging_mixin.py:154} INFO - [2023-11-19T23:36:27.163+0000] {dagbag.py:536} INFO - Filling up the DagBag from /home/airflow/.local/lib/python3.8/site-packages/airflow/example_dags/example_short_circuit_decorator.py
[2023-11-19T23:36:27.169+0000] {processor.py:839} INFO - DAG(s) dict_keys(['example_short_circuit_decorator']) retrieved from /home/airflow/.local/lib/python3.8/site-packages/airflow/example_dags/example_short_circuit_decorator.py
[2023-11-19T23:36:27.181+0000] {logging_mixin.py:154} INFO - [2023-11-19T23:36:27.181+0000] {dag.py:2941} INFO - Sync 1 DAGs
[2023-11-19T23:36:27.192+0000] {logging_mixin.py:154} INFO - [2023-11-19T23:36:27.191+0000] {dag.py:3722} INFO - Setting next_dagrun for example_short_circuit_decorator to 2023-11-18T23:36:27.191767+00:00, run_after=2023-11-19T23:36:27.191767+00:00
[2023-11-19T23:36:27.200+0000] {processor.py:179} INFO - Processing /home/airflow/.local/lib/python3.8/site-packages/airflow/example_dags/example_short_circuit_decorator.py took 0.040 seconds
