[2023-11-19T23:20:27.151+0000] {processor.py:157} INFO - Started process (PID=65) to work on /home/airflow/.local/lib/python3.8/site-packages/airflow/example_dags/example_trigger_controller_dag.py
[2023-11-19T23:20:27.152+0000] {processor.py:829} INFO - Processing file /home/airflow/.local/lib/python3.8/site-packages/airflow/example_dags/example_trigger_controller_dag.py for tasks to queue
[2023-11-19T23:20:27.154+0000] {logging_mixin.py:154} INFO - [2023-11-19T23:20:27.154+0000] {dagbag.py:536} INFO - Filling up the DagBag from /home/airflow/.local/lib/python3.8/site-packages/airflow/example_dags/example_trigger_controller_dag.py
[2023-11-19T23:20:27.157+0000] {processor.py:839} INFO - DAG(s) dict_keys(['example_trigger_controller_dag']) retrieved from /home/airflow/.local/lib/python3.8/site-packages/airflow/example_dags/example_trigger_controller_dag.py
[2023-11-19T23:20:27.205+0000] {logging_mixin.py:154} INFO - [2023-11-19T23:20:27.205+0000] {manager.py:499} INFO - Created Permission View: %s
[2023-11-19T23:20:27.209+0000] {logging_mixin.py:154} INFO - [2023-11-19T23:20:27.209+0000] {manager.py:499} INFO - Created Permission View: %s
[2023-11-19T23:20:27.211+0000] {logging_mixin.py:154} INFO - [2023-11-19T23:20:27.211+0000] {manager.py:499} INFO - Created Permission View: %s
[2023-11-19T23:20:27.211+0000] {logging_mixin.py:154} INFO - [2023-11-19T23:20:27.211+0000] {dag.py:2941} INFO - Sync 1 DAGs
[2023-11-19T23:20:27.217+0000] {logging_mixin.py:154} INFO - [2023-11-19T23:20:27.217+0000] {dag.py:2963} INFO - Creating ORM DAG for example_trigger_controller_dag
[2023-11-19T23:20:27.221+0000] {logging_mixin.py:154} INFO - [2023-11-19T23:20:27.221+0000] {dag.py:3722} INFO - Setting next_dagrun for example_trigger_controller_dag to 2021-01-01T00:00:00+00:00, run_after=2021-01-01T00:00:00+00:00
[2023-11-19T23:20:27.228+0000] {processor.py:179} INFO - Processing /home/airflow/.local/lib/python3.8/site-packages/airflow/example_dags/example_trigger_controller_dag.py took 0.079 seconds
[2023-11-19T23:20:57.475+0000] {processor.py:157} INFO - Started process (PID=119) to work on /home/airflow/.local/lib/python3.8/site-packages/airflow/example_dags/example_trigger_controller_dag.py
[2023-11-19T23:20:57.475+0000] {processor.py:829} INFO - Processing file /home/airflow/.local/lib/python3.8/site-packages/airflow/example_dags/example_trigger_controller_dag.py for tasks to queue
[2023-11-19T23:20:57.476+0000] {logging_mixin.py:154} INFO - [2023-11-19T23:20:57.476+0000] {dagbag.py:536} INFO - Filling up the DagBag from /home/airflow/.local/lib/python3.8/site-packages/airflow/example_dags/example_trigger_controller_dag.py
[2023-11-19T23:20:57.479+0000] {processor.py:839} INFO - DAG(s) dict_keys(['example_trigger_controller_dag']) retrieved from /home/airflow/.local/lib/python3.8/site-packages/airflow/example_dags/example_trigger_controller_dag.py
[2023-11-19T23:20:57.488+0000] {logging_mixin.py:154} INFO - [2023-11-19T23:20:57.488+0000] {dag.py:2941} INFO - Sync 1 DAGs
[2023-11-19T23:20:57.496+0000] {logging_mixin.py:154} INFO - [2023-11-19T23:20:57.496+0000] {dag.py:3722} INFO - Setting next_dagrun for example_trigger_controller_dag to 2021-01-01T00:00:00+00:00, run_after=2021-01-01T00:00:00+00:00
[2023-11-19T23:20:57.502+0000] {processor.py:179} INFO - Processing /home/airflow/.local/lib/python3.8/site-packages/airflow/example_dags/example_trigger_controller_dag.py took 0.028 seconds
[2023-11-19T23:21:28.114+0000] {processor.py:157} INFO - Started process (PID=173) to work on /home/airflow/.local/lib/python3.8/site-packages/airflow/example_dags/example_trigger_controller_dag.py
[2023-11-19T23:21:28.115+0000] {processor.py:829} INFO - Processing file /home/airflow/.local/lib/python3.8/site-packages/airflow/example_dags/example_trigger_controller_dag.py for tasks to queue
[2023-11-19T23:21:28.116+0000] {logging_mixin.py:154} INFO - [2023-11-19T23:21:28.116+0000] {dagbag.py:536} INFO - Filling up the DagBag from /home/airflow/.local/lib/python3.8/site-packages/airflow/example_dags/example_trigger_controller_dag.py
[2023-11-19T23:21:28.118+0000] {processor.py:839} INFO - DAG(s) dict_keys(['example_trigger_controller_dag']) retrieved from /home/airflow/.local/lib/python3.8/site-packages/airflow/example_dags/example_trigger_controller_dag.py
[2023-11-19T23:21:28.127+0000] {logging_mixin.py:154} INFO - [2023-11-19T23:21:28.127+0000] {dag.py:2941} INFO - Sync 1 DAGs
[2023-11-19T23:21:28.135+0000] {logging_mixin.py:154} INFO - [2023-11-19T23:21:28.135+0000] {dag.py:3722} INFO - Setting next_dagrun for example_trigger_controller_dag to 2021-01-01T00:00:00+00:00, run_after=2021-01-01T00:00:00+00:00
[2023-11-19T23:21:28.141+0000] {processor.py:179} INFO - Processing /home/airflow/.local/lib/python3.8/site-packages/airflow/example_dags/example_trigger_controller_dag.py took 0.029 seconds
[2023-11-19T23:21:58.587+0000] {processor.py:157} INFO - Started process (PID=227) to work on /home/airflow/.local/lib/python3.8/site-packages/airflow/example_dags/example_trigger_controller_dag.py
[2023-11-19T23:21:58.587+0000] {processor.py:829} INFO - Processing file /home/airflow/.local/lib/python3.8/site-packages/airflow/example_dags/example_trigger_controller_dag.py for tasks to queue
[2023-11-19T23:21:58.588+0000] {logging_mixin.py:154} INFO - [2023-11-19T23:21:58.588+0000] {dagbag.py:536} INFO - Filling up the DagBag from /home/airflow/.local/lib/python3.8/site-packages/airflow/example_dags/example_trigger_controller_dag.py
[2023-11-19T23:21:58.591+0000] {processor.py:839} INFO - DAG(s) dict_keys(['example_trigger_controller_dag']) retrieved from /home/airflow/.local/lib/python3.8/site-packages/airflow/example_dags/example_trigger_controller_dag.py
[2023-11-19T23:21:58.600+0000] {logging_mixin.py:154} INFO - [2023-11-19T23:21:58.600+0000] {dag.py:2941} INFO - Sync 1 DAGs
[2023-11-19T23:21:58.608+0000] {logging_mixin.py:154} INFO - [2023-11-19T23:21:58.607+0000] {dag.py:3722} INFO - Setting next_dagrun for example_trigger_controller_dag to 2021-01-01T00:00:00+00:00, run_after=2021-01-01T00:00:00+00:00
[2023-11-19T23:21:58.613+0000] {processor.py:179} INFO - Processing /home/airflow/.local/lib/python3.8/site-packages/airflow/example_dags/example_trigger_controller_dag.py took 0.028 seconds
[2023-11-19T23:22:29.063+0000] {processor.py:157} INFO - Started process (PID=281) to work on /home/airflow/.local/lib/python3.8/site-packages/airflow/example_dags/example_trigger_controller_dag.py
[2023-11-19T23:22:29.064+0000] {processor.py:829} INFO - Processing file /home/airflow/.local/lib/python3.8/site-packages/airflow/example_dags/example_trigger_controller_dag.py for tasks to queue
[2023-11-19T23:22:29.065+0000] {logging_mixin.py:154} INFO - [2023-11-19T23:22:29.065+0000] {dagbag.py:536} INFO - Filling up the DagBag from /home/airflow/.local/lib/python3.8/site-packages/airflow/example_dags/example_trigger_controller_dag.py
[2023-11-19T23:22:29.067+0000] {processor.py:839} INFO - DAG(s) dict_keys(['example_trigger_controller_dag']) retrieved from /home/airflow/.local/lib/python3.8/site-packages/airflow/example_dags/example_trigger_controller_dag.py
[2023-11-19T23:22:29.076+0000] {logging_mixin.py:154} INFO - [2023-11-19T23:22:29.076+0000] {dag.py:2941} INFO - Sync 1 DAGs
[2023-11-19T23:22:29.085+0000] {logging_mixin.py:154} INFO - [2023-11-19T23:22:29.085+0000] {dag.py:3722} INFO - Setting next_dagrun for example_trigger_controller_dag to 2021-01-01T00:00:00+00:00, run_after=2021-01-01T00:00:00+00:00
[2023-11-19T23:22:29.092+0000] {processor.py:179} INFO - Processing /home/airflow/.local/lib/python3.8/site-packages/airflow/example_dags/example_trigger_controller_dag.py took 0.030 seconds
[2023-11-19T23:22:59.506+0000] {processor.py:157} INFO - Started process (PID=335) to work on /home/airflow/.local/lib/python3.8/site-packages/airflow/example_dags/example_trigger_controller_dag.py
[2023-11-19T23:22:59.507+0000] {processor.py:829} INFO - Processing file /home/airflow/.local/lib/python3.8/site-packages/airflow/example_dags/example_trigger_controller_dag.py for tasks to queue
[2023-11-19T23:22:59.508+0000] {logging_mixin.py:154} INFO - [2023-11-19T23:22:59.507+0000] {dagbag.py:536} INFO - Filling up the DagBag from /home/airflow/.local/lib/python3.8/site-packages/airflow/example_dags/example_trigger_controller_dag.py
[2023-11-19T23:22:59.510+0000] {processor.py:839} INFO - DAG(s) dict_keys(['example_trigger_controller_dag']) retrieved from /home/airflow/.local/lib/python3.8/site-packages/airflow/example_dags/example_trigger_controller_dag.py
[2023-11-19T23:22:59.520+0000] {logging_mixin.py:154} INFO - [2023-11-19T23:22:59.519+0000] {dag.py:2941} INFO - Sync 1 DAGs
[2023-11-19T23:22:59.528+0000] {logging_mixin.py:154} INFO - [2023-11-19T23:22:59.528+0000] {dag.py:3722} INFO - Setting next_dagrun for example_trigger_controller_dag to 2021-01-01T00:00:00+00:00, run_after=2021-01-01T00:00:00+00:00
[2023-11-19T23:22:59.535+0000] {processor.py:179} INFO - Processing /home/airflow/.local/lib/python3.8/site-packages/airflow/example_dags/example_trigger_controller_dag.py took 0.031 seconds
[2023-11-19T23:23:29.878+0000] {processor.py:157} INFO - Started process (PID=389) to work on /home/airflow/.local/lib/python3.8/site-packages/airflow/example_dags/example_trigger_controller_dag.py
[2023-11-19T23:23:29.879+0000] {processor.py:829} INFO - Processing file /home/airflow/.local/lib/python3.8/site-packages/airflow/example_dags/example_trigger_controller_dag.py for tasks to queue
[2023-11-19T23:23:29.880+0000] {logging_mixin.py:154} INFO - [2023-11-19T23:23:29.879+0000] {dagbag.py:536} INFO - Filling up the DagBag from /home/airflow/.local/lib/python3.8/site-packages/airflow/example_dags/example_trigger_controller_dag.py
[2023-11-19T23:23:29.882+0000] {processor.py:839} INFO - DAG(s) dict_keys(['example_trigger_controller_dag']) retrieved from /home/airflow/.local/lib/python3.8/site-packages/airflow/example_dags/example_trigger_controller_dag.py
[2023-11-19T23:23:29.891+0000] {logging_mixin.py:154} INFO - [2023-11-19T23:23:29.891+0000] {dag.py:2941} INFO - Sync 1 DAGs
[2023-11-19T23:23:29.899+0000] {logging_mixin.py:154} INFO - [2023-11-19T23:23:29.899+0000] {dag.py:3722} INFO - Setting next_dagrun for example_trigger_controller_dag to 2021-01-01T00:00:00+00:00, run_after=2021-01-01T00:00:00+00:00
[2023-11-19T23:23:29.905+0000] {processor.py:179} INFO - Processing /home/airflow/.local/lib/python3.8/site-packages/airflow/example_dags/example_trigger_controller_dag.py took 0.028 seconds
[2023-11-19T23:24:00.329+0000] {processor.py:157} INFO - Started process (PID=443) to work on /home/airflow/.local/lib/python3.8/site-packages/airflow/example_dags/example_trigger_controller_dag.py
[2023-11-19T23:24:00.330+0000] {processor.py:829} INFO - Processing file /home/airflow/.local/lib/python3.8/site-packages/airflow/example_dags/example_trigger_controller_dag.py for tasks to queue
[2023-11-19T23:24:00.331+0000] {logging_mixin.py:154} INFO - [2023-11-19T23:24:00.331+0000] {dagbag.py:536} INFO - Filling up the DagBag from /home/airflow/.local/lib/python3.8/site-packages/airflow/example_dags/example_trigger_controller_dag.py
[2023-11-19T23:24:00.333+0000] {processor.py:839} INFO - DAG(s) dict_keys(['example_trigger_controller_dag']) retrieved from /home/airflow/.local/lib/python3.8/site-packages/airflow/example_dags/example_trigger_controller_dag.py
[2023-11-19T23:24:00.343+0000] {logging_mixin.py:154} INFO - [2023-11-19T23:24:00.342+0000] {dag.py:2941} INFO - Sync 1 DAGs
[2023-11-19T23:24:00.351+0000] {logging_mixin.py:154} INFO - [2023-11-19T23:24:00.350+0000] {dag.py:3722} INFO - Setting next_dagrun for example_trigger_controller_dag to 2021-01-01T00:00:00+00:00, run_after=2021-01-01T00:00:00+00:00
[2023-11-19T23:24:00.357+0000] {processor.py:179} INFO - Processing /home/airflow/.local/lib/python3.8/site-packages/airflow/example_dags/example_trigger_controller_dag.py took 0.029 seconds
[2023-11-19T23:24:30.814+0000] {processor.py:157} INFO - Started process (PID=497) to work on /home/airflow/.local/lib/python3.8/site-packages/airflow/example_dags/example_trigger_controller_dag.py
[2023-11-19T23:24:30.815+0000] {processor.py:829} INFO - Processing file /home/airflow/.local/lib/python3.8/site-packages/airflow/example_dags/example_trigger_controller_dag.py for tasks to queue
[2023-11-19T23:24:30.816+0000] {logging_mixin.py:154} INFO - [2023-11-19T23:24:30.816+0000] {dagbag.py:536} INFO - Filling up the DagBag from /home/airflow/.local/lib/python3.8/site-packages/airflow/example_dags/example_trigger_controller_dag.py
[2023-11-19T23:24:30.818+0000] {processor.py:839} INFO - DAG(s) dict_keys(['example_trigger_controller_dag']) retrieved from /home/airflow/.local/lib/python3.8/site-packages/airflow/example_dags/example_trigger_controller_dag.py
[2023-11-19T23:24:30.828+0000] {logging_mixin.py:154} INFO - [2023-11-19T23:24:30.827+0000] {dag.py:2941} INFO - Sync 1 DAGs
[2023-11-19T23:24:30.836+0000] {logging_mixin.py:154} INFO - [2023-11-19T23:24:30.836+0000] {dag.py:3722} INFO - Setting next_dagrun for example_trigger_controller_dag to 2021-01-01T00:00:00+00:00, run_after=2021-01-01T00:00:00+00:00
[2023-11-19T23:24:30.843+0000] {processor.py:179} INFO - Processing /home/airflow/.local/lib/python3.8/site-packages/airflow/example_dags/example_trigger_controller_dag.py took 0.030 seconds
[2023-11-19T23:25:01.295+0000] {processor.py:157} INFO - Started process (PID=551) to work on /home/airflow/.local/lib/python3.8/site-packages/airflow/example_dags/example_trigger_controller_dag.py
[2023-11-19T23:25:01.295+0000] {processor.py:829} INFO - Processing file /home/airflow/.local/lib/python3.8/site-packages/airflow/example_dags/example_trigger_controller_dag.py for tasks to queue
[2023-11-19T23:25:01.297+0000] {logging_mixin.py:154} INFO - [2023-11-19T23:25:01.296+0000] {dagbag.py:536} INFO - Filling up the DagBag from /home/airflow/.local/lib/python3.8/site-packages/airflow/example_dags/example_trigger_controller_dag.py
[2023-11-19T23:25:01.299+0000] {processor.py:839} INFO - DAG(s) dict_keys(['example_trigger_controller_dag']) retrieved from /home/airflow/.local/lib/python3.8/site-packages/airflow/example_dags/example_trigger_controller_dag.py
[2023-11-19T23:25:01.308+0000] {logging_mixin.py:154} INFO - [2023-11-19T23:25:01.308+0000] {dag.py:2941} INFO - Sync 1 DAGs
[2023-11-19T23:25:01.316+0000] {logging_mixin.py:154} INFO - [2023-11-19T23:25:01.316+0000] {dag.py:3722} INFO - Setting next_dagrun for example_trigger_controller_dag to 2021-01-01T00:00:00+00:00, run_after=2021-01-01T00:00:00+00:00
[2023-11-19T23:25:01.322+0000] {processor.py:179} INFO - Processing /home/airflow/.local/lib/python3.8/site-packages/airflow/example_dags/example_trigger_controller_dag.py took 0.029 seconds
[2023-11-19T23:25:31.852+0000] {processor.py:157} INFO - Started process (PID=605) to work on /home/airflow/.local/lib/python3.8/site-packages/airflow/example_dags/example_trigger_controller_dag.py
[2023-11-19T23:25:31.852+0000] {processor.py:829} INFO - Processing file /home/airflow/.local/lib/python3.8/site-packages/airflow/example_dags/example_trigger_controller_dag.py for tasks to queue
[2023-11-19T23:25:31.853+0000] {logging_mixin.py:154} INFO - [2023-11-19T23:25:31.853+0000] {dagbag.py:536} INFO - Filling up the DagBag from /home/airflow/.local/lib/python3.8/site-packages/airflow/example_dags/example_trigger_controller_dag.py
[2023-11-19T23:25:31.855+0000] {processor.py:839} INFO - DAG(s) dict_keys(['example_trigger_controller_dag']) retrieved from /home/airflow/.local/lib/python3.8/site-packages/airflow/example_dags/example_trigger_controller_dag.py
[2023-11-19T23:25:31.865+0000] {logging_mixin.py:154} INFO - [2023-11-19T23:25:31.865+0000] {dag.py:2941} INFO - Sync 1 DAGs
[2023-11-19T23:25:31.873+0000] {logging_mixin.py:154} INFO - [2023-11-19T23:25:31.873+0000] {dag.py:3722} INFO - Setting next_dagrun for example_trigger_controller_dag to 2021-01-01T00:00:00+00:00, run_after=2021-01-01T00:00:00+00:00
[2023-11-19T23:25:31.879+0000] {processor.py:179} INFO - Processing /home/airflow/.local/lib/python3.8/site-packages/airflow/example_dags/example_trigger_controller_dag.py took 0.029 seconds
[2023-11-19T23:31:23.888+0000] {processor.py:157} INFO - Started process (PID=66) to work on /home/airflow/.local/lib/python3.8/site-packages/airflow/example_dags/example_trigger_controller_dag.py
[2023-11-19T23:31:23.889+0000] {processor.py:829} INFO - Processing file /home/airflow/.local/lib/python3.8/site-packages/airflow/example_dags/example_trigger_controller_dag.py for tasks to queue
[2023-11-19T23:31:23.890+0000] {logging_mixin.py:154} INFO - [2023-11-19T23:31:23.890+0000] {dagbag.py:536} INFO - Filling up the DagBag from /home/airflow/.local/lib/python3.8/site-packages/airflow/example_dags/example_trigger_controller_dag.py
[2023-11-19T23:31:23.894+0000] {processor.py:839} INFO - DAG(s) dict_keys(['example_trigger_controller_dag']) retrieved from /home/airflow/.local/lib/python3.8/site-packages/airflow/example_dags/example_trigger_controller_dag.py
[2023-11-19T23:31:23.943+0000] {logging_mixin.py:154} INFO - [2023-11-19T23:31:23.943+0000] {manager.py:499} INFO - Created Permission View: %s
[2023-11-19T23:31:23.950+0000] {logging_mixin.py:154} INFO - [2023-11-19T23:31:23.950+0000] {manager.py:499} INFO - Created Permission View: %s
[2023-11-19T23:31:23.952+0000] {logging_mixin.py:154} INFO - [2023-11-19T23:31:23.952+0000] {manager.py:499} INFO - Created Permission View: %s
[2023-11-19T23:31:23.953+0000] {logging_mixin.py:154} INFO - [2023-11-19T23:31:23.953+0000] {dag.py:2941} INFO - Sync 1 DAGs
[2023-11-19T23:31:23.958+0000] {logging_mixin.py:154} INFO - [2023-11-19T23:31:23.958+0000] {dag.py:2963} INFO - Creating ORM DAG for example_trigger_controller_dag
[2023-11-19T23:31:23.965+0000] {logging_mixin.py:154} INFO - [2023-11-19T23:31:23.965+0000] {dag.py:3722} INFO - Setting next_dagrun for example_trigger_controller_dag to 2021-01-01T00:00:00+00:00, run_after=2021-01-01T00:00:00+00:00
[2023-11-19T23:31:23.972+0000] {processor.py:179} INFO - Processing /home/airflow/.local/lib/python3.8/site-packages/airflow/example_dags/example_trigger_controller_dag.py took 0.085 seconds
[2023-11-19T23:31:54.259+0000] {processor.py:157} INFO - Started process (PID=120) to work on /home/airflow/.local/lib/python3.8/site-packages/airflow/example_dags/example_trigger_controller_dag.py
[2023-11-19T23:31:54.260+0000] {processor.py:829} INFO - Processing file /home/airflow/.local/lib/python3.8/site-packages/airflow/example_dags/example_trigger_controller_dag.py for tasks to queue
[2023-11-19T23:31:54.261+0000] {logging_mixin.py:154} INFO - [2023-11-19T23:31:54.261+0000] {dagbag.py:536} INFO - Filling up the DagBag from /home/airflow/.local/lib/python3.8/site-packages/airflow/example_dags/example_trigger_controller_dag.py
[2023-11-19T23:31:54.263+0000] {processor.py:839} INFO - DAG(s) dict_keys(['example_trigger_controller_dag']) retrieved from /home/airflow/.local/lib/python3.8/site-packages/airflow/example_dags/example_trigger_controller_dag.py
[2023-11-19T23:31:54.273+0000] {logging_mixin.py:154} INFO - [2023-11-19T23:31:54.272+0000] {dag.py:2941} INFO - Sync 1 DAGs
[2023-11-19T23:31:54.281+0000] {logging_mixin.py:154} INFO - [2023-11-19T23:31:54.281+0000] {dag.py:3722} INFO - Setting next_dagrun for example_trigger_controller_dag to 2021-01-01T00:00:00+00:00, run_after=2021-01-01T00:00:00+00:00
[2023-11-19T23:31:54.288+0000] {processor.py:179} INFO - Processing /home/airflow/.local/lib/python3.8/site-packages/airflow/example_dags/example_trigger_controller_dag.py took 0.031 seconds
[2023-11-19T23:32:24.780+0000] {processor.py:157} INFO - Started process (PID=174) to work on /home/airflow/.local/lib/python3.8/site-packages/airflow/example_dags/example_trigger_controller_dag.py
[2023-11-19T23:32:24.780+0000] {processor.py:829} INFO - Processing file /home/airflow/.local/lib/python3.8/site-packages/airflow/example_dags/example_trigger_controller_dag.py for tasks to queue
[2023-11-19T23:32:24.781+0000] {logging_mixin.py:154} INFO - [2023-11-19T23:32:24.781+0000] {dagbag.py:536} INFO - Filling up the DagBag from /home/airflow/.local/lib/python3.8/site-packages/airflow/example_dags/example_trigger_controller_dag.py
[2023-11-19T23:32:24.784+0000] {processor.py:839} INFO - DAG(s) dict_keys(['example_trigger_controller_dag']) retrieved from /home/airflow/.local/lib/python3.8/site-packages/airflow/example_dags/example_trigger_controller_dag.py
[2023-11-19T23:32:24.793+0000] {logging_mixin.py:154} INFO - [2023-11-19T23:32:24.793+0000] {dag.py:2941} INFO - Sync 1 DAGs
[2023-11-19T23:32:24.802+0000] {logging_mixin.py:154} INFO - [2023-11-19T23:32:24.802+0000] {dag.py:3722} INFO - Setting next_dagrun for example_trigger_controller_dag to 2021-01-01T00:00:00+00:00, run_after=2021-01-01T00:00:00+00:00
[2023-11-19T23:32:24.809+0000] {processor.py:179} INFO - Processing /home/airflow/.local/lib/python3.8/site-packages/airflow/example_dags/example_trigger_controller_dag.py took 0.030 seconds
[2023-11-19T23:32:55.250+0000] {processor.py:157} INFO - Started process (PID=228) to work on /home/airflow/.local/lib/python3.8/site-packages/airflow/example_dags/example_trigger_controller_dag.py
[2023-11-19T23:32:55.251+0000] {processor.py:829} INFO - Processing file /home/airflow/.local/lib/python3.8/site-packages/airflow/example_dags/example_trigger_controller_dag.py for tasks to queue
[2023-11-19T23:32:55.252+0000] {logging_mixin.py:154} INFO - [2023-11-19T23:32:55.252+0000] {dagbag.py:536} INFO - Filling up the DagBag from /home/airflow/.local/lib/python3.8/site-packages/airflow/example_dags/example_trigger_controller_dag.py
[2023-11-19T23:32:55.254+0000] {processor.py:839} INFO - DAG(s) dict_keys(['example_trigger_controller_dag']) retrieved from /home/airflow/.local/lib/python3.8/site-packages/airflow/example_dags/example_trigger_controller_dag.py
[2023-11-19T23:32:55.263+0000] {logging_mixin.py:154} INFO - [2023-11-19T23:32:55.263+0000] {dag.py:2941} INFO - Sync 1 DAGs
[2023-11-19T23:32:55.271+0000] {logging_mixin.py:154} INFO - [2023-11-19T23:32:55.271+0000] {dag.py:3722} INFO - Setting next_dagrun for example_trigger_controller_dag to 2021-01-01T00:00:00+00:00, run_after=2021-01-01T00:00:00+00:00
[2023-11-19T23:32:55.277+0000] {processor.py:179} INFO - Processing /home/airflow/.local/lib/python3.8/site-packages/airflow/example_dags/example_trigger_controller_dag.py took 0.028 seconds
[2023-11-19T23:33:25.703+0000] {processor.py:157} INFO - Started process (PID=282) to work on /home/airflow/.local/lib/python3.8/site-packages/airflow/example_dags/example_trigger_controller_dag.py
[2023-11-19T23:33:25.703+0000] {processor.py:829} INFO - Processing file /home/airflow/.local/lib/python3.8/site-packages/airflow/example_dags/example_trigger_controller_dag.py for tasks to queue
[2023-11-19T23:33:25.704+0000] {logging_mixin.py:154} INFO - [2023-11-19T23:33:25.704+0000] {dagbag.py:536} INFO - Filling up the DagBag from /home/airflow/.local/lib/python3.8/site-packages/airflow/example_dags/example_trigger_controller_dag.py
[2023-11-19T23:33:25.706+0000] {processor.py:839} INFO - DAG(s) dict_keys(['example_trigger_controller_dag']) retrieved from /home/airflow/.local/lib/python3.8/site-packages/airflow/example_dags/example_trigger_controller_dag.py
[2023-11-19T23:33:25.716+0000] {logging_mixin.py:154} INFO - [2023-11-19T23:33:25.715+0000] {dag.py:2941} INFO - Sync 1 DAGs
[2023-11-19T23:33:25.723+0000] {logging_mixin.py:154} INFO - [2023-11-19T23:33:25.723+0000] {dag.py:3722} INFO - Setting next_dagrun for example_trigger_controller_dag to 2021-01-01T00:00:00+00:00, run_after=2021-01-01T00:00:00+00:00
[2023-11-19T23:33:25.730+0000] {processor.py:179} INFO - Processing /home/airflow/.local/lib/python3.8/site-packages/airflow/example_dags/example_trigger_controller_dag.py took 0.029 seconds
[2023-11-19T23:33:56.238+0000] {processor.py:157} INFO - Started process (PID=336) to work on /home/airflow/.local/lib/python3.8/site-packages/airflow/example_dags/example_trigger_controller_dag.py
[2023-11-19T23:33:56.239+0000] {processor.py:829} INFO - Processing file /home/airflow/.local/lib/python3.8/site-packages/airflow/example_dags/example_trigger_controller_dag.py for tasks to queue
[2023-11-19T23:33:56.240+0000] {logging_mixin.py:154} INFO - [2023-11-19T23:33:56.240+0000] {dagbag.py:536} INFO - Filling up the DagBag from /home/airflow/.local/lib/python3.8/site-packages/airflow/example_dags/example_trigger_controller_dag.py
[2023-11-19T23:33:56.242+0000] {processor.py:839} INFO - DAG(s) dict_keys(['example_trigger_controller_dag']) retrieved from /home/airflow/.local/lib/python3.8/site-packages/airflow/example_dags/example_trigger_controller_dag.py
[2023-11-19T23:33:56.252+0000] {logging_mixin.py:154} INFO - [2023-11-19T23:33:56.252+0000] {dag.py:2941} INFO - Sync 1 DAGs
[2023-11-19T23:33:56.260+0000] {logging_mixin.py:154} INFO - [2023-11-19T23:33:56.260+0000] {dag.py:3722} INFO - Setting next_dagrun for example_trigger_controller_dag to 2021-01-01T00:00:00+00:00, run_after=2021-01-01T00:00:00+00:00
[2023-11-19T23:33:56.267+0000] {processor.py:179} INFO - Processing /home/airflow/.local/lib/python3.8/site-packages/airflow/example_dags/example_trigger_controller_dag.py took 0.031 seconds
[2023-11-19T23:34:26.658+0000] {processor.py:157} INFO - Started process (PID=390) to work on /home/airflow/.local/lib/python3.8/site-packages/airflow/example_dags/example_trigger_controller_dag.py
[2023-11-19T23:34:26.658+0000] {processor.py:829} INFO - Processing file /home/airflow/.local/lib/python3.8/site-packages/airflow/example_dags/example_trigger_controller_dag.py for tasks to queue
[2023-11-19T23:34:26.659+0000] {logging_mixin.py:154} INFO - [2023-11-19T23:34:26.659+0000] {dagbag.py:536} INFO - Filling up the DagBag from /home/airflow/.local/lib/python3.8/site-packages/airflow/example_dags/example_trigger_controller_dag.py
[2023-11-19T23:34:26.662+0000] {processor.py:839} INFO - DAG(s) dict_keys(['example_trigger_controller_dag']) retrieved from /home/airflow/.local/lib/python3.8/site-packages/airflow/example_dags/example_trigger_controller_dag.py
[2023-11-19T23:34:26.671+0000] {logging_mixin.py:154} INFO - [2023-11-19T23:34:26.671+0000] {dag.py:2941} INFO - Sync 1 DAGs
[2023-11-19T23:34:26.681+0000] {logging_mixin.py:154} INFO - [2023-11-19T23:34:26.681+0000] {dag.py:3722} INFO - Setting next_dagrun for example_trigger_controller_dag to 2021-01-01T00:00:00+00:00, run_after=2021-01-01T00:00:00+00:00
[2023-11-19T23:34:26.688+0000] {processor.py:179} INFO - Processing /home/airflow/.local/lib/python3.8/site-packages/airflow/example_dags/example_trigger_controller_dag.py took 0.032 seconds
[2023-11-19T23:34:57.114+0000] {processor.py:157} INFO - Started process (PID=444) to work on /home/airflow/.local/lib/python3.8/site-packages/airflow/example_dags/example_trigger_controller_dag.py
[2023-11-19T23:34:57.114+0000] {processor.py:829} INFO - Processing file /home/airflow/.local/lib/python3.8/site-packages/airflow/example_dags/example_trigger_controller_dag.py for tasks to queue
[2023-11-19T23:34:57.115+0000] {logging_mixin.py:154} INFO - [2023-11-19T23:34:57.115+0000] {dagbag.py:536} INFO - Filling up the DagBag from /home/airflow/.local/lib/python3.8/site-packages/airflow/example_dags/example_trigger_controller_dag.py
[2023-11-19T23:34:57.117+0000] {processor.py:839} INFO - DAG(s) dict_keys(['example_trigger_controller_dag']) retrieved from /home/airflow/.local/lib/python3.8/site-packages/airflow/example_dags/example_trigger_controller_dag.py
[2023-11-19T23:34:57.126+0000] {logging_mixin.py:154} INFO - [2023-11-19T23:34:57.126+0000] {dag.py:2941} INFO - Sync 1 DAGs
[2023-11-19T23:34:57.134+0000] {logging_mixin.py:154} INFO - [2023-11-19T23:34:57.134+0000] {dag.py:3722} INFO - Setting next_dagrun for example_trigger_controller_dag to 2021-01-01T00:00:00+00:00, run_after=2021-01-01T00:00:00+00:00
[2023-11-19T23:34:57.141+0000] {processor.py:179} INFO - Processing /home/airflow/.local/lib/python3.8/site-packages/airflow/example_dags/example_trigger_controller_dag.py took 0.028 seconds
[2023-11-19T23:35:27.704+0000] {processor.py:157} INFO - Started process (PID=498) to work on /home/airflow/.local/lib/python3.8/site-packages/airflow/example_dags/example_trigger_controller_dag.py
[2023-11-19T23:35:27.704+0000] {processor.py:829} INFO - Processing file /home/airflow/.local/lib/python3.8/site-packages/airflow/example_dags/example_trigger_controller_dag.py for tasks to queue
[2023-11-19T23:35:27.705+0000] {logging_mixin.py:154} INFO - [2023-11-19T23:35:27.705+0000] {dagbag.py:536} INFO - Filling up the DagBag from /home/airflow/.local/lib/python3.8/site-packages/airflow/example_dags/example_trigger_controller_dag.py
[2023-11-19T23:35:27.708+0000] {processor.py:839} INFO - DAG(s) dict_keys(['example_trigger_controller_dag']) retrieved from /home/airflow/.local/lib/python3.8/site-packages/airflow/example_dags/example_trigger_controller_dag.py
[2023-11-19T23:35:27.718+0000] {logging_mixin.py:154} INFO - [2023-11-19T23:35:27.718+0000] {dag.py:2941} INFO - Sync 1 DAGs
[2023-11-19T23:35:27.727+0000] {logging_mixin.py:154} INFO - [2023-11-19T23:35:27.727+0000] {dag.py:3722} INFO - Setting next_dagrun for example_trigger_controller_dag to 2021-01-01T00:00:00+00:00, run_after=2021-01-01T00:00:00+00:00
[2023-11-19T23:35:27.734+0000] {processor.py:179} INFO - Processing /home/airflow/.local/lib/python3.8/site-packages/airflow/example_dags/example_trigger_controller_dag.py took 0.032 seconds
[2023-11-19T23:35:58.209+0000] {processor.py:157} INFO - Started process (PID=552) to work on /home/airflow/.local/lib/python3.8/site-packages/airflow/example_dags/example_trigger_controller_dag.py
[2023-11-19T23:35:58.210+0000] {processor.py:829} INFO - Processing file /home/airflow/.local/lib/python3.8/site-packages/airflow/example_dags/example_trigger_controller_dag.py for tasks to queue
[2023-11-19T23:35:58.211+0000] {logging_mixin.py:154} INFO - [2023-11-19T23:35:58.211+0000] {dagbag.py:536} INFO - Filling up the DagBag from /home/airflow/.local/lib/python3.8/site-packages/airflow/example_dags/example_trigger_controller_dag.py
[2023-11-19T23:35:58.213+0000] {processor.py:839} INFO - DAG(s) dict_keys(['example_trigger_controller_dag']) retrieved from /home/airflow/.local/lib/python3.8/site-packages/airflow/example_dags/example_trigger_controller_dag.py
[2023-11-19T23:35:58.222+0000] {logging_mixin.py:154} INFO - [2023-11-19T23:35:58.222+0000] {dag.py:2941} INFO - Sync 1 DAGs
[2023-11-19T23:35:58.231+0000] {logging_mixin.py:154} INFO - [2023-11-19T23:35:58.230+0000] {dag.py:3722} INFO - Setting next_dagrun for example_trigger_controller_dag to 2021-01-01T00:00:00+00:00, run_after=2021-01-01T00:00:00+00:00
[2023-11-19T23:35:58.237+0000] {processor.py:179} INFO - Processing /home/airflow/.local/lib/python3.8/site-packages/airflow/example_dags/example_trigger_controller_dag.py took 0.029 seconds
