[2023-11-19T23:20:26.858+0000] {processor.py:157} INFO - Started process (PID=61) to work on /home/airflow/.local/lib/python3.8/site-packages/airflow/example_dags/example_datasets.py
[2023-11-19T23:20:26.858+0000] {processor.py:829} INFO - Processing file /home/airflow/.local/lib/python3.8/site-packages/airflow/example_dags/example_datasets.py for tasks to queue
[2023-11-19T23:20:26.860+0000] {logging_mixin.py:154} INFO - [2023-11-19T23:20:26.859+0000] {dagbag.py:536} INFO - Filling up the DagBag from /home/airflow/.local/lib/python3.8/site-packages/airflow/example_dags/example_datasets.py
[2023-11-19T23:20:26.865+0000] {processor.py:839} INFO - DAG(s) dict_keys(['dataset_produces_1', 'dataset_consumes_1_never_scheduled', 'dataset_produces_2', 'dataset_consumes_1', 'dataset_consumes_1_and_2', 'dataset_consumes_unknown_never_scheduled']) retrieved from /home/airflow/.local/lib/python3.8/site-packages/airflow/example_dags/example_datasets.py
[2023-11-19T23:20:26.929+0000] {logging_mixin.py:154} INFO - [2023-11-19T23:20:26.929+0000] {manager.py:499} INFO - Created Permission View: %s
[2023-11-19T23:20:26.935+0000] {logging_mixin.py:154} INFO - [2023-11-19T23:20:26.935+0000] {manager.py:499} INFO - Created Permission View: %s
[2023-11-19T23:20:26.939+0000] {logging_mixin.py:154} INFO - [2023-11-19T23:20:26.939+0000] {manager.py:499} INFO - Created Permission View: %s
[2023-11-19T23:20:26.945+0000] {logging_mixin.py:154} INFO - [2023-11-19T23:20:26.945+0000] {manager.py:499} INFO - Created Permission View: %s
[2023-11-19T23:20:26.947+0000] {logging_mixin.py:154} INFO - [2023-11-19T23:20:26.947+0000] {manager.py:499} INFO - Created Permission View: %s
[2023-11-19T23:20:26.950+0000] {logging_mixin.py:154} INFO - [2023-11-19T23:20:26.950+0000] {manager.py:499} INFO - Created Permission View: %s
[2023-11-19T23:20:26.954+0000] {logging_mixin.py:154} INFO - [2023-11-19T23:20:26.954+0000] {manager.py:499} INFO - Created Permission View: %s
[2023-11-19T23:20:26.956+0000] {logging_mixin.py:154} INFO - [2023-11-19T23:20:26.956+0000] {manager.py:499} INFO - Created Permission View: %s
[2023-11-19T23:20:26.958+0000] {logging_mixin.py:154} INFO - [2023-11-19T23:20:26.958+0000] {manager.py:499} INFO - Created Permission View: %s
[2023-11-19T23:20:26.962+0000] {logging_mixin.py:154} INFO - [2023-11-19T23:20:26.962+0000] {manager.py:499} INFO - Created Permission View: %s
[2023-11-19T23:20:26.964+0000] {logging_mixin.py:154} INFO - [2023-11-19T23:20:26.964+0000] {manager.py:499} INFO - Created Permission View: %s
[2023-11-19T23:20:26.966+0000] {logging_mixin.py:154} INFO - [2023-11-19T23:20:26.966+0000] {manager.py:499} INFO - Created Permission View: %s
[2023-11-19T23:20:26.971+0000] {logging_mixin.py:154} INFO - [2023-11-19T23:20:26.970+0000] {manager.py:499} INFO - Created Permission View: %s
[2023-11-19T23:20:26.973+0000] {logging_mixin.py:154} INFO - [2023-11-19T23:20:26.972+0000] {manager.py:499} INFO - Created Permission View: %s
[2023-11-19T23:20:26.974+0000] {logging_mixin.py:154} INFO - [2023-11-19T23:20:26.974+0000] {manager.py:499} INFO - Created Permission View: %s
[2023-11-19T23:20:26.978+0000] {logging_mixin.py:154} INFO - [2023-11-19T23:20:26.978+0000] {manager.py:499} INFO - Created Permission View: %s
[2023-11-19T23:20:26.980+0000] {logging_mixin.py:154} INFO - [2023-11-19T23:20:26.980+0000] {manager.py:499} INFO - Created Permission View: %s
[2023-11-19T23:20:26.983+0000] {logging_mixin.py:154} INFO - [2023-11-19T23:20:26.983+0000] {manager.py:499} INFO - Created Permission View: %s
[2023-11-19T23:20:26.983+0000] {logging_mixin.py:154} INFO - [2023-11-19T23:20:26.983+0000] {dag.py:2941} INFO - Sync 6 DAGs
[2023-11-19T23:20:26.989+0000] {logging_mixin.py:154} INFO - [2023-11-19T23:20:26.989+0000] {dag.py:2963} INFO - Creating ORM DAG for dataset_produces_1
[2023-11-19T23:20:26.989+0000] {logging_mixin.py:154} INFO - [2023-11-19T23:20:26.989+0000] {dag.py:2963} INFO - Creating ORM DAG for dataset_consumes_1
[2023-11-19T23:20:26.990+0000] {logging_mixin.py:154} INFO - [2023-11-19T23:20:26.990+0000] {dag.py:2963} INFO - Creating ORM DAG for dataset_consumes_1_never_scheduled
[2023-11-19T23:20:26.990+0000] {logging_mixin.py:154} INFO - [2023-11-19T23:20:26.990+0000] {dag.py:2963} INFO - Creating ORM DAG for dataset_consumes_1_and_2
[2023-11-19T23:20:26.990+0000] {logging_mixin.py:154} INFO - [2023-11-19T23:20:26.990+0000] {dag.py:2963} INFO - Creating ORM DAG for dataset_produces_2
[2023-11-19T23:20:26.991+0000] {logging_mixin.py:154} INFO - [2023-11-19T23:20:26.991+0000] {dag.py:2963} INFO - Creating ORM DAG for dataset_consumes_unknown_never_scheduled
[2023-11-19T23:20:26.996+0000] {logging_mixin.py:154} INFO - [2023-11-19T23:20:26.996+0000] {dag.py:3722} INFO - Setting next_dagrun for dataset_consumes_1 to None, run_after=None
[2023-11-19T23:20:26.997+0000] {logging_mixin.py:154} INFO - [2023-11-19T23:20:26.996+0000] {dag.py:3722} INFO - Setting next_dagrun for dataset_consumes_1_and_2 to None, run_after=None
[2023-11-19T23:20:26.997+0000] {logging_mixin.py:154} INFO - [2023-11-19T23:20:26.997+0000] {dag.py:3722} INFO - Setting next_dagrun for dataset_consumes_1_never_scheduled to None, run_after=None
[2023-11-19T23:20:26.997+0000] {logging_mixin.py:154} INFO - [2023-11-19T23:20:26.997+0000] {dag.py:3722} INFO - Setting next_dagrun for dataset_consumes_unknown_never_scheduled to None, run_after=None
[2023-11-19T23:20:26.998+0000] {logging_mixin.py:154} INFO - [2023-11-19T23:20:26.998+0000] {dag.py:3722} INFO - Setting next_dagrun for dataset_produces_1 to 2023-11-18T00:00:00+00:00, run_after=2023-11-19T00:00:00+00:00
[2023-11-19T23:20:26.999+0000] {logging_mixin.py:154} INFO - [2023-11-19T23:20:26.999+0000] {dag.py:3722} INFO - Setting next_dagrun for dataset_produces_2 to None, run_after=None
[2023-11-19T23:20:27.022+0000] {processor.py:179} INFO - Processing /home/airflow/.local/lib/python3.8/site-packages/airflow/example_dags/example_datasets.py took 0.166 seconds
[2023-11-19T23:20:57.370+0000] {processor.py:157} INFO - Started process (PID=115) to work on /home/airflow/.local/lib/python3.8/site-packages/airflow/example_dags/example_datasets.py
[2023-11-19T23:20:57.370+0000] {processor.py:829} INFO - Processing file /home/airflow/.local/lib/python3.8/site-packages/airflow/example_dags/example_datasets.py for tasks to queue
[2023-11-19T23:20:57.371+0000] {logging_mixin.py:154} INFO - [2023-11-19T23:20:57.371+0000] {dagbag.py:536} INFO - Filling up the DagBag from /home/airflow/.local/lib/python3.8/site-packages/airflow/example_dags/example_datasets.py
[2023-11-19T23:20:57.376+0000] {processor.py:839} INFO - DAG(s) dict_keys(['dataset_consumes_1_and_2', 'dataset_produces_1', 'dataset_produces_2', 'dataset_consumes_unknown_never_scheduled', 'dataset_consumes_1_never_scheduled', 'dataset_consumes_1']) retrieved from /home/airflow/.local/lib/python3.8/site-packages/airflow/example_dags/example_datasets.py
[2023-11-19T23:20:57.391+0000] {logging_mixin.py:154} INFO - [2023-11-19T23:20:57.391+0000] {dag.py:2941} INFO - Sync 6 DAGs
[2023-11-19T23:20:57.401+0000] {logging_mixin.py:154} INFO - [2023-11-19T23:20:57.401+0000] {dag.py:3722} INFO - Setting next_dagrun for dataset_consumes_1 to None, run_after=None
[2023-11-19T23:20:57.402+0000] {logging_mixin.py:154} INFO - [2023-11-19T23:20:57.402+0000] {dag.py:3722} INFO - Setting next_dagrun for dataset_consumes_1_and_2 to None, run_after=None
[2023-11-19T23:20:57.403+0000] {logging_mixin.py:154} INFO - [2023-11-19T23:20:57.403+0000] {dag.py:3722} INFO - Setting next_dagrun for dataset_consumes_1_never_scheduled to None, run_after=None
[2023-11-19T23:20:57.403+0000] {logging_mixin.py:154} INFO - [2023-11-19T23:20:57.403+0000] {dag.py:3722} INFO - Setting next_dagrun for dataset_consumes_unknown_never_scheduled to None, run_after=None
[2023-11-19T23:20:57.405+0000] {logging_mixin.py:154} INFO - [2023-11-19T23:20:57.405+0000] {dag.py:3722} INFO - Setting next_dagrun for dataset_produces_1 to 2023-11-18T00:00:00+00:00, run_after=2023-11-19T00:00:00+00:00
[2023-11-19T23:20:57.405+0000] {logging_mixin.py:154} INFO - [2023-11-19T23:20:57.405+0000] {dag.py:3722} INFO - Setting next_dagrun for dataset_produces_2 to None, run_after=None
[2023-11-19T23:20:57.416+0000] {processor.py:179} INFO - Processing /home/airflow/.local/lib/python3.8/site-packages/airflow/example_dags/example_datasets.py took 0.048 seconds
[2023-11-19T23:21:28.011+0000] {processor.py:157} INFO - Started process (PID=169) to work on /home/airflow/.local/lib/python3.8/site-packages/airflow/example_dags/example_datasets.py
[2023-11-19T23:21:28.011+0000] {processor.py:829} INFO - Processing file /home/airflow/.local/lib/python3.8/site-packages/airflow/example_dags/example_datasets.py for tasks to queue
[2023-11-19T23:21:28.012+0000] {logging_mixin.py:154} INFO - [2023-11-19T23:21:28.012+0000] {dagbag.py:536} INFO - Filling up the DagBag from /home/airflow/.local/lib/python3.8/site-packages/airflow/example_dags/example_datasets.py
[2023-11-19T23:21:28.017+0000] {processor.py:839} INFO - DAG(s) dict_keys(['dataset_produces_2', 'dataset_consumes_1_never_scheduled', 'dataset_consumes_1_and_2', 'dataset_consumes_unknown_never_scheduled', 'dataset_produces_1', 'dataset_consumes_1']) retrieved from /home/airflow/.local/lib/python3.8/site-packages/airflow/example_dags/example_datasets.py
[2023-11-19T23:21:28.033+0000] {logging_mixin.py:154} INFO - [2023-11-19T23:21:28.032+0000] {dag.py:2941} INFO - Sync 6 DAGs
[2023-11-19T23:21:28.043+0000] {logging_mixin.py:154} INFO - [2023-11-19T23:21:28.043+0000] {dag.py:3722} INFO - Setting next_dagrun for dataset_consumes_1 to None, run_after=None
[2023-11-19T23:21:28.044+0000] {logging_mixin.py:154} INFO - [2023-11-19T23:21:28.044+0000] {dag.py:3722} INFO - Setting next_dagrun for dataset_consumes_1_and_2 to None, run_after=None
[2023-11-19T23:21:28.045+0000] {logging_mixin.py:154} INFO - [2023-11-19T23:21:28.045+0000] {dag.py:3722} INFO - Setting next_dagrun for dataset_consumes_1_never_scheduled to None, run_after=None
[2023-11-19T23:21:28.045+0000] {logging_mixin.py:154} INFO - [2023-11-19T23:21:28.045+0000] {dag.py:3722} INFO - Setting next_dagrun for dataset_consumes_unknown_never_scheduled to None, run_after=None
[2023-11-19T23:21:28.046+0000] {logging_mixin.py:154} INFO - [2023-11-19T23:21:28.046+0000] {dag.py:3722} INFO - Setting next_dagrun for dataset_produces_1 to 2023-11-18T00:00:00+00:00, run_after=2023-11-19T00:00:00+00:00
[2023-11-19T23:21:28.047+0000] {logging_mixin.py:154} INFO - [2023-11-19T23:21:28.047+0000] {dag.py:3722} INFO - Setting next_dagrun for dataset_produces_2 to None, run_after=None
[2023-11-19T23:21:28.058+0000] {processor.py:179} INFO - Processing /home/airflow/.local/lib/python3.8/site-packages/airflow/example_dags/example_datasets.py took 0.049 seconds
[2023-11-19T23:21:58.484+0000] {processor.py:157} INFO - Started process (PID=223) to work on /home/airflow/.local/lib/python3.8/site-packages/airflow/example_dags/example_datasets.py
[2023-11-19T23:21:58.484+0000] {processor.py:829} INFO - Processing file /home/airflow/.local/lib/python3.8/site-packages/airflow/example_dags/example_datasets.py for tasks to queue
[2023-11-19T23:21:58.486+0000] {logging_mixin.py:154} INFO - [2023-11-19T23:21:58.485+0000] {dagbag.py:536} INFO - Filling up the DagBag from /home/airflow/.local/lib/python3.8/site-packages/airflow/example_dags/example_datasets.py
[2023-11-19T23:21:58.490+0000] {processor.py:839} INFO - DAG(s) dict_keys(['dataset_consumes_unknown_never_scheduled', 'dataset_produces_2', 'dataset_consumes_1_never_scheduled', 'dataset_consumes_1_and_2', 'dataset_produces_1', 'dataset_consumes_1']) retrieved from /home/airflow/.local/lib/python3.8/site-packages/airflow/example_dags/example_datasets.py
[2023-11-19T23:21:58.505+0000] {logging_mixin.py:154} INFO - [2023-11-19T23:21:58.505+0000] {dag.py:2941} INFO - Sync 6 DAGs
[2023-11-19T23:21:58.514+0000] {logging_mixin.py:154} INFO - [2023-11-19T23:21:58.514+0000] {dag.py:3722} INFO - Setting next_dagrun for dataset_consumes_1 to None, run_after=None
[2023-11-19T23:21:58.516+0000] {logging_mixin.py:154} INFO - [2023-11-19T23:21:58.515+0000] {dag.py:3722} INFO - Setting next_dagrun for dataset_consumes_1_and_2 to None, run_after=None
[2023-11-19T23:21:58.516+0000] {logging_mixin.py:154} INFO - [2023-11-19T23:21:58.516+0000] {dag.py:3722} INFO - Setting next_dagrun for dataset_consumes_1_never_scheduled to None, run_after=None
[2023-11-19T23:21:58.517+0000] {logging_mixin.py:154} INFO - [2023-11-19T23:21:58.517+0000] {dag.py:3722} INFO - Setting next_dagrun for dataset_consumes_unknown_never_scheduled to None, run_after=None
[2023-11-19T23:21:58.518+0000] {logging_mixin.py:154} INFO - [2023-11-19T23:21:58.518+0000] {dag.py:3722} INFO - Setting next_dagrun for dataset_produces_1 to 2023-11-18T00:00:00+00:00, run_after=2023-11-19T00:00:00+00:00
[2023-11-19T23:21:58.519+0000] {logging_mixin.py:154} INFO - [2023-11-19T23:21:58.518+0000] {dag.py:3722} INFO - Setting next_dagrun for dataset_produces_2 to None, run_after=None
[2023-11-19T23:21:58.530+0000] {processor.py:179} INFO - Processing /home/airflow/.local/lib/python3.8/site-packages/airflow/example_dags/example_datasets.py took 0.048 seconds
[2023-11-19T23:22:28.959+0000] {processor.py:157} INFO - Started process (PID=277) to work on /home/airflow/.local/lib/python3.8/site-packages/airflow/example_dags/example_datasets.py
[2023-11-19T23:22:28.960+0000] {processor.py:829} INFO - Processing file /home/airflow/.local/lib/python3.8/site-packages/airflow/example_dags/example_datasets.py for tasks to queue
[2023-11-19T23:22:28.961+0000] {logging_mixin.py:154} INFO - [2023-11-19T23:22:28.961+0000] {dagbag.py:536} INFO - Filling up the DagBag from /home/airflow/.local/lib/python3.8/site-packages/airflow/example_dags/example_datasets.py
[2023-11-19T23:22:28.966+0000] {processor.py:839} INFO - DAG(s) dict_keys(['dataset_produces_1', 'dataset_consumes_1', 'dataset_consumes_1_never_scheduled', 'dataset_consumes_1_and_2', 'dataset_produces_2', 'dataset_consumes_unknown_never_scheduled']) retrieved from /home/airflow/.local/lib/python3.8/site-packages/airflow/example_dags/example_datasets.py
[2023-11-19T23:22:28.980+0000] {logging_mixin.py:154} INFO - [2023-11-19T23:22:28.980+0000] {dag.py:2941} INFO - Sync 6 DAGs
[2023-11-19T23:22:28.989+0000] {logging_mixin.py:154} INFO - [2023-11-19T23:22:28.989+0000] {dag.py:3722} INFO - Setting next_dagrun for dataset_consumes_1 to None, run_after=None
[2023-11-19T23:22:28.991+0000] {logging_mixin.py:154} INFO - [2023-11-19T23:22:28.991+0000] {dag.py:3722} INFO - Setting next_dagrun for dataset_consumes_1_and_2 to None, run_after=None
[2023-11-19T23:22:28.991+0000] {logging_mixin.py:154} INFO - [2023-11-19T23:22:28.991+0000] {dag.py:3722} INFO - Setting next_dagrun for dataset_consumes_1_never_scheduled to None, run_after=None
[2023-11-19T23:22:28.992+0000] {logging_mixin.py:154} INFO - [2023-11-19T23:22:28.992+0000] {dag.py:3722} INFO - Setting next_dagrun for dataset_consumes_unknown_never_scheduled to None, run_after=None
[2023-11-19T23:22:28.993+0000] {logging_mixin.py:154} INFO - [2023-11-19T23:22:28.993+0000] {dag.py:3722} INFO - Setting next_dagrun for dataset_produces_1 to 2023-11-18T00:00:00+00:00, run_after=2023-11-19T00:00:00+00:00
[2023-11-19T23:22:28.993+0000] {logging_mixin.py:154} INFO - [2023-11-19T23:22:28.993+0000] {dag.py:3722} INFO - Setting next_dagrun for dataset_produces_2 to None, run_after=None
[2023-11-19T23:22:29.005+0000] {processor.py:179} INFO - Processing /home/airflow/.local/lib/python3.8/site-packages/airflow/example_dags/example_datasets.py took 0.047 seconds
[2023-11-19T23:22:59.402+0000] {processor.py:157} INFO - Started process (PID=331) to work on /home/airflow/.local/lib/python3.8/site-packages/airflow/example_dags/example_datasets.py
[2023-11-19T23:22:59.402+0000] {processor.py:829} INFO - Processing file /home/airflow/.local/lib/python3.8/site-packages/airflow/example_dags/example_datasets.py for tasks to queue
[2023-11-19T23:22:59.403+0000] {logging_mixin.py:154} INFO - [2023-11-19T23:22:59.403+0000] {dagbag.py:536} INFO - Filling up the DagBag from /home/airflow/.local/lib/python3.8/site-packages/airflow/example_dags/example_datasets.py
[2023-11-19T23:22:59.408+0000] {processor.py:839} INFO - DAG(s) dict_keys(['dataset_consumes_1', 'dataset_consumes_unknown_never_scheduled', 'dataset_consumes_1_and_2', 'dataset_produces_1', 'dataset_consumes_1_never_scheduled', 'dataset_produces_2']) retrieved from /home/airflow/.local/lib/python3.8/site-packages/airflow/example_dags/example_datasets.py
[2023-11-19T23:22:59.422+0000] {logging_mixin.py:154} INFO - [2023-11-19T23:22:59.422+0000] {dag.py:2941} INFO - Sync 6 DAGs
[2023-11-19T23:22:59.431+0000] {logging_mixin.py:154} INFO - [2023-11-19T23:22:59.431+0000] {dag.py:3722} INFO - Setting next_dagrun for dataset_consumes_1 to None, run_after=None
[2023-11-19T23:22:59.433+0000] {logging_mixin.py:154} INFO - [2023-11-19T23:22:59.433+0000] {dag.py:3722} INFO - Setting next_dagrun for dataset_consumes_1_and_2 to None, run_after=None
[2023-11-19T23:22:59.433+0000] {logging_mixin.py:154} INFO - [2023-11-19T23:22:59.433+0000] {dag.py:3722} INFO - Setting next_dagrun for dataset_consumes_1_never_scheduled to None, run_after=None
[2023-11-19T23:22:59.434+0000] {logging_mixin.py:154} INFO - [2023-11-19T23:22:59.434+0000] {dag.py:3722} INFO - Setting next_dagrun for dataset_consumes_unknown_never_scheduled to None, run_after=None
[2023-11-19T23:22:59.435+0000] {logging_mixin.py:154} INFO - [2023-11-19T23:22:59.435+0000] {dag.py:3722} INFO - Setting next_dagrun for dataset_produces_1 to 2023-11-18T00:00:00+00:00, run_after=2023-11-19T00:00:00+00:00
[2023-11-19T23:22:59.436+0000] {logging_mixin.py:154} INFO - [2023-11-19T23:22:59.436+0000] {dag.py:3722} INFO - Setting next_dagrun for dataset_produces_2 to None, run_after=None
[2023-11-19T23:22:59.447+0000] {processor.py:179} INFO - Processing /home/airflow/.local/lib/python3.8/site-packages/airflow/example_dags/example_datasets.py took 0.047 seconds
[2023-11-19T23:23:29.774+0000] {processor.py:157} INFO - Started process (PID=385) to work on /home/airflow/.local/lib/python3.8/site-packages/airflow/example_dags/example_datasets.py
[2023-11-19T23:23:29.775+0000] {processor.py:829} INFO - Processing file /home/airflow/.local/lib/python3.8/site-packages/airflow/example_dags/example_datasets.py for tasks to queue
[2023-11-19T23:23:29.776+0000] {logging_mixin.py:154} INFO - [2023-11-19T23:23:29.776+0000] {dagbag.py:536} INFO - Filling up the DagBag from /home/airflow/.local/lib/python3.8/site-packages/airflow/example_dags/example_datasets.py
[2023-11-19T23:23:29.781+0000] {processor.py:839} INFO - DAG(s) dict_keys(['dataset_produces_2', 'dataset_consumes_unknown_never_scheduled', 'dataset_produces_1', 'dataset_consumes_1_and_2', 'dataset_consumes_1_never_scheduled', 'dataset_consumes_1']) retrieved from /home/airflow/.local/lib/python3.8/site-packages/airflow/example_dags/example_datasets.py
[2023-11-19T23:23:29.795+0000] {logging_mixin.py:154} INFO - [2023-11-19T23:23:29.795+0000] {dag.py:2941} INFO - Sync 6 DAGs
[2023-11-19T23:23:29.805+0000] {logging_mixin.py:154} INFO - [2023-11-19T23:23:29.805+0000] {dag.py:3722} INFO - Setting next_dagrun for dataset_consumes_1 to None, run_after=None
[2023-11-19T23:23:29.807+0000] {logging_mixin.py:154} INFO - [2023-11-19T23:23:29.807+0000] {dag.py:3722} INFO - Setting next_dagrun for dataset_consumes_1_and_2 to None, run_after=None
[2023-11-19T23:23:29.808+0000] {logging_mixin.py:154} INFO - [2023-11-19T23:23:29.807+0000] {dag.py:3722} INFO - Setting next_dagrun for dataset_consumes_1_never_scheduled to None, run_after=None
[2023-11-19T23:23:29.808+0000] {logging_mixin.py:154} INFO - [2023-11-19T23:23:29.808+0000] {dag.py:3722} INFO - Setting next_dagrun for dataset_consumes_unknown_never_scheduled to None, run_after=None
[2023-11-19T23:23:29.809+0000] {logging_mixin.py:154} INFO - [2023-11-19T23:23:29.809+0000] {dag.py:3722} INFO - Setting next_dagrun for dataset_produces_1 to 2023-11-18T00:00:00+00:00, run_after=2023-11-19T00:00:00+00:00
[2023-11-19T23:23:29.810+0000] {logging_mixin.py:154} INFO - [2023-11-19T23:23:29.810+0000] {dag.py:3722} INFO - Setting next_dagrun for dataset_produces_2 to None, run_after=None
[2023-11-19T23:23:29.821+0000] {processor.py:179} INFO - Processing /home/airflow/.local/lib/python3.8/site-packages/airflow/example_dags/example_datasets.py took 0.048 seconds
[2023-11-19T23:24:00.222+0000] {processor.py:157} INFO - Started process (PID=439) to work on /home/airflow/.local/lib/python3.8/site-packages/airflow/example_dags/example_datasets.py
[2023-11-19T23:24:00.222+0000] {processor.py:829} INFO - Processing file /home/airflow/.local/lib/python3.8/site-packages/airflow/example_dags/example_datasets.py for tasks to queue
[2023-11-19T23:24:00.223+0000] {logging_mixin.py:154} INFO - [2023-11-19T23:24:00.223+0000] {dagbag.py:536} INFO - Filling up the DagBag from /home/airflow/.local/lib/python3.8/site-packages/airflow/example_dags/example_datasets.py
[2023-11-19T23:24:00.228+0000] {processor.py:839} INFO - DAG(s) dict_keys(['dataset_consumes_1_never_scheduled', 'dataset_consumes_1', 'dataset_consumes_1_and_2', 'dataset_consumes_unknown_never_scheduled', 'dataset_produces_2', 'dataset_produces_1']) retrieved from /home/airflow/.local/lib/python3.8/site-packages/airflow/example_dags/example_datasets.py
[2023-11-19T23:24:00.243+0000] {logging_mixin.py:154} INFO - [2023-11-19T23:24:00.243+0000] {dag.py:2941} INFO - Sync 6 DAGs
[2023-11-19T23:24:00.253+0000] {logging_mixin.py:154} INFO - [2023-11-19T23:24:00.253+0000] {dag.py:3722} INFO - Setting next_dagrun for dataset_consumes_1 to None, run_after=None
[2023-11-19T23:24:00.254+0000] {logging_mixin.py:154} INFO - [2023-11-19T23:24:00.254+0000] {dag.py:3722} INFO - Setting next_dagrun for dataset_consumes_1_and_2 to None, run_after=None
[2023-11-19T23:24:00.255+0000] {logging_mixin.py:154} INFO - [2023-11-19T23:24:00.255+0000] {dag.py:3722} INFO - Setting next_dagrun for dataset_consumes_1_never_scheduled to None, run_after=None
[2023-11-19T23:24:00.256+0000] {logging_mixin.py:154} INFO - [2023-11-19T23:24:00.255+0000] {dag.py:3722} INFO - Setting next_dagrun for dataset_consumes_unknown_never_scheduled to None, run_after=None
[2023-11-19T23:24:00.257+0000] {logging_mixin.py:154} INFO - [2023-11-19T23:24:00.257+0000] {dag.py:3722} INFO - Setting next_dagrun for dataset_produces_1 to 2023-11-18T00:00:00+00:00, run_after=2023-11-19T00:00:00+00:00
[2023-11-19T23:24:00.257+0000] {logging_mixin.py:154} INFO - [2023-11-19T23:24:00.257+0000] {dag.py:3722} INFO - Setting next_dagrun for dataset_produces_2 to None, run_after=None
[2023-11-19T23:24:00.270+0000] {processor.py:179} INFO - Processing /home/airflow/.local/lib/python3.8/site-packages/airflow/example_dags/example_datasets.py took 0.050 seconds
[2023-11-19T23:24:30.710+0000] {processor.py:157} INFO - Started process (PID=493) to work on /home/airflow/.local/lib/python3.8/site-packages/airflow/example_dags/example_datasets.py
[2023-11-19T23:24:30.711+0000] {processor.py:829} INFO - Processing file /home/airflow/.local/lib/python3.8/site-packages/airflow/example_dags/example_datasets.py for tasks to queue
[2023-11-19T23:24:30.712+0000] {logging_mixin.py:154} INFO - [2023-11-19T23:24:30.711+0000] {dagbag.py:536} INFO - Filling up the DagBag from /home/airflow/.local/lib/python3.8/site-packages/airflow/example_dags/example_datasets.py
[2023-11-19T23:24:30.716+0000] {processor.py:839} INFO - DAG(s) dict_keys(['dataset_produces_1', 'dataset_consumes_1', 'dataset_consumes_unknown_never_scheduled', 'dataset_consumes_1_and_2', 'dataset_consumes_1_never_scheduled', 'dataset_produces_2']) retrieved from /home/airflow/.local/lib/python3.8/site-packages/airflow/example_dags/example_datasets.py
[2023-11-19T23:24:30.731+0000] {logging_mixin.py:154} INFO - [2023-11-19T23:24:30.731+0000] {dag.py:2941} INFO - Sync 6 DAGs
[2023-11-19T23:24:30.740+0000] {logging_mixin.py:154} INFO - [2023-11-19T23:24:30.740+0000] {dag.py:3722} INFO - Setting next_dagrun for dataset_consumes_1 to None, run_after=None
[2023-11-19T23:24:30.741+0000] {logging_mixin.py:154} INFO - [2023-11-19T23:24:30.741+0000] {dag.py:3722} INFO - Setting next_dagrun for dataset_consumes_1_and_2 to None, run_after=None
[2023-11-19T23:24:30.742+0000] {logging_mixin.py:154} INFO - [2023-11-19T23:24:30.742+0000] {dag.py:3722} INFO - Setting next_dagrun for dataset_consumes_1_never_scheduled to None, run_after=None
[2023-11-19T23:24:30.742+0000] {logging_mixin.py:154} INFO - [2023-11-19T23:24:30.742+0000] {dag.py:3722} INFO - Setting next_dagrun for dataset_consumes_unknown_never_scheduled to None, run_after=None
[2023-11-19T23:24:30.744+0000] {logging_mixin.py:154} INFO - [2023-11-19T23:24:30.744+0000] {dag.py:3722} INFO - Setting next_dagrun for dataset_produces_1 to 2023-11-18T00:00:00+00:00, run_after=2023-11-19T00:00:00+00:00
[2023-11-19T23:24:30.744+0000] {logging_mixin.py:154} INFO - [2023-11-19T23:24:30.744+0000] {dag.py:3722} INFO - Setting next_dagrun for dataset_produces_2 to None, run_after=None
[2023-11-19T23:24:30.756+0000] {processor.py:179} INFO - Processing /home/airflow/.local/lib/python3.8/site-packages/airflow/example_dags/example_datasets.py took 0.047 seconds
[2023-11-19T23:25:01.190+0000] {processor.py:157} INFO - Started process (PID=547) to work on /home/airflow/.local/lib/python3.8/site-packages/airflow/example_dags/example_datasets.py
[2023-11-19T23:25:01.191+0000] {processor.py:829} INFO - Processing file /home/airflow/.local/lib/python3.8/site-packages/airflow/example_dags/example_datasets.py for tasks to queue
[2023-11-19T23:25:01.192+0000] {logging_mixin.py:154} INFO - [2023-11-19T23:25:01.192+0000] {dagbag.py:536} INFO - Filling up the DagBag from /home/airflow/.local/lib/python3.8/site-packages/airflow/example_dags/example_datasets.py
[2023-11-19T23:25:01.197+0000] {processor.py:839} INFO - DAG(s) dict_keys(['dataset_consumes_1_and_2', 'dataset_produces_1', 'dataset_consumes_unknown_never_scheduled', 'dataset_produces_2', 'dataset_consumes_1_never_scheduled', 'dataset_consumes_1']) retrieved from /home/airflow/.local/lib/python3.8/site-packages/airflow/example_dags/example_datasets.py
[2023-11-19T23:25:01.211+0000] {logging_mixin.py:154} INFO - [2023-11-19T23:25:01.211+0000] {dag.py:2941} INFO - Sync 6 DAGs
[2023-11-19T23:25:01.222+0000] {logging_mixin.py:154} INFO - [2023-11-19T23:25:01.221+0000] {dag.py:3722} INFO - Setting next_dagrun for dataset_consumes_1 to None, run_after=None
[2023-11-19T23:25:01.223+0000] {logging_mixin.py:154} INFO - [2023-11-19T23:25:01.223+0000] {dag.py:3722} INFO - Setting next_dagrun for dataset_consumes_1_and_2 to None, run_after=None
[2023-11-19T23:25:01.224+0000] {logging_mixin.py:154} INFO - [2023-11-19T23:25:01.224+0000] {dag.py:3722} INFO - Setting next_dagrun for dataset_consumes_1_never_scheduled to None, run_after=None
[2023-11-19T23:25:01.224+0000] {logging_mixin.py:154} INFO - [2023-11-19T23:25:01.224+0000] {dag.py:3722} INFO - Setting next_dagrun for dataset_consumes_unknown_never_scheduled to None, run_after=None
[2023-11-19T23:25:01.225+0000] {logging_mixin.py:154} INFO - [2023-11-19T23:25:01.225+0000] {dag.py:3722} INFO - Setting next_dagrun for dataset_produces_1 to 2023-11-18T00:00:00+00:00, run_after=2023-11-19T00:00:00+00:00
[2023-11-19T23:25:01.226+0000] {logging_mixin.py:154} INFO - [2023-11-19T23:25:01.226+0000] {dag.py:3722} INFO - Setting next_dagrun for dataset_produces_2 to None, run_after=None
[2023-11-19T23:25:01.237+0000] {processor.py:179} INFO - Processing /home/airflow/.local/lib/python3.8/site-packages/airflow/example_dags/example_datasets.py took 0.048 seconds
[2023-11-19T23:25:31.746+0000] {processor.py:157} INFO - Started process (PID=601) to work on /home/airflow/.local/lib/python3.8/site-packages/airflow/example_dags/example_datasets.py
[2023-11-19T23:25:31.746+0000] {processor.py:829} INFO - Processing file /home/airflow/.local/lib/python3.8/site-packages/airflow/example_dags/example_datasets.py for tasks to queue
[2023-11-19T23:25:31.747+0000] {logging_mixin.py:154} INFO - [2023-11-19T23:25:31.747+0000] {dagbag.py:536} INFO - Filling up the DagBag from /home/airflow/.local/lib/python3.8/site-packages/airflow/example_dags/example_datasets.py
[2023-11-19T23:25:31.752+0000] {processor.py:839} INFO - DAG(s) dict_keys(['dataset_produces_1', 'dataset_produces_2', 'dataset_consumes_1_never_scheduled', 'dataset_consumes_1_and_2', 'dataset_consumes_unknown_never_scheduled', 'dataset_consumes_1']) retrieved from /home/airflow/.local/lib/python3.8/site-packages/airflow/example_dags/example_datasets.py
[2023-11-19T23:25:31.767+0000] {logging_mixin.py:154} INFO - [2023-11-19T23:25:31.766+0000] {dag.py:2941} INFO - Sync 6 DAGs
[2023-11-19T23:25:31.777+0000] {logging_mixin.py:154} INFO - [2023-11-19T23:25:31.777+0000] {dag.py:3722} INFO - Setting next_dagrun for dataset_consumes_1 to None, run_after=None
[2023-11-19T23:25:31.778+0000] {logging_mixin.py:154} INFO - [2023-11-19T23:25:31.778+0000] {dag.py:3722} INFO - Setting next_dagrun for dataset_consumes_1_and_2 to None, run_after=None
[2023-11-19T23:25:31.779+0000] {logging_mixin.py:154} INFO - [2023-11-19T23:25:31.779+0000] {dag.py:3722} INFO - Setting next_dagrun for dataset_consumes_1_never_scheduled to None, run_after=None
[2023-11-19T23:25:31.779+0000] {logging_mixin.py:154} INFO - [2023-11-19T23:25:31.779+0000] {dag.py:3722} INFO - Setting next_dagrun for dataset_consumes_unknown_never_scheduled to None, run_after=None
[2023-11-19T23:25:31.781+0000] {logging_mixin.py:154} INFO - [2023-11-19T23:25:31.781+0000] {dag.py:3722} INFO - Setting next_dagrun for dataset_produces_1 to 2023-11-18T00:00:00+00:00, run_after=2023-11-19T00:00:00+00:00
[2023-11-19T23:25:31.781+0000] {logging_mixin.py:154} INFO - [2023-11-19T23:25:31.781+0000] {dag.py:3722} INFO - Setting next_dagrun for dataset_produces_2 to None, run_after=None
[2023-11-19T23:25:31.792+0000] {processor.py:179} INFO - Processing /home/airflow/.local/lib/python3.8/site-packages/airflow/example_dags/example_datasets.py took 0.049 seconds
[2023-11-19T23:31:23.602+0000] {processor.py:157} INFO - Started process (PID=62) to work on /home/airflow/.local/lib/python3.8/site-packages/airflow/example_dags/example_datasets.py
[2023-11-19T23:31:23.602+0000] {processor.py:829} INFO - Processing file /home/airflow/.local/lib/python3.8/site-packages/airflow/example_dags/example_datasets.py for tasks to queue
[2023-11-19T23:31:23.603+0000] {logging_mixin.py:154} INFO - [2023-11-19T23:31:23.603+0000] {dagbag.py:536} INFO - Filling up the DagBag from /home/airflow/.local/lib/python3.8/site-packages/airflow/example_dags/example_datasets.py
[2023-11-19T23:31:23.610+0000] {processor.py:839} INFO - DAG(s) dict_keys(['dataset_consumes_1_and_2', 'dataset_consumes_1_never_scheduled', 'dataset_consumes_1', 'dataset_consumes_unknown_never_scheduled', 'dataset_produces_1', 'dataset_produces_2']) retrieved from /home/airflow/.local/lib/python3.8/site-packages/airflow/example_dags/example_datasets.py
[2023-11-19T23:31:23.677+0000] {logging_mixin.py:154} INFO - [2023-11-19T23:31:23.677+0000] {manager.py:499} INFO - Created Permission View: %s
[2023-11-19T23:31:23.682+0000] {logging_mixin.py:154} INFO - [2023-11-19T23:31:23.682+0000] {manager.py:499} INFO - Created Permission View: %s
[2023-11-19T23:31:23.684+0000] {logging_mixin.py:154} INFO - [2023-11-19T23:31:23.684+0000] {manager.py:499} INFO - Created Permission View: %s
[2023-11-19T23:31:23.690+0000] {logging_mixin.py:154} INFO - [2023-11-19T23:31:23.689+0000] {manager.py:499} INFO - Created Permission View: %s
[2023-11-19T23:31:23.692+0000] {logging_mixin.py:154} INFO - [2023-11-19T23:31:23.692+0000] {manager.py:499} INFO - Created Permission View: %s
[2023-11-19T23:31:23.695+0000] {logging_mixin.py:154} INFO - [2023-11-19T23:31:23.695+0000] {manager.py:499} INFO - Created Permission View: %s
[2023-11-19T23:31:23.700+0000] {logging_mixin.py:154} INFO - [2023-11-19T23:31:23.700+0000] {manager.py:499} INFO - Created Permission View: %s
[2023-11-19T23:31:23.702+0000] {logging_mixin.py:154} INFO - [2023-11-19T23:31:23.702+0000] {manager.py:499} INFO - Created Permission View: %s
[2023-11-19T23:31:23.705+0000] {logging_mixin.py:154} INFO - [2023-11-19T23:31:23.705+0000] {manager.py:499} INFO - Created Permission View: %s
[2023-11-19T23:31:23.709+0000] {logging_mixin.py:154} INFO - [2023-11-19T23:31:23.709+0000] {manager.py:499} INFO - Created Permission View: %s
[2023-11-19T23:31:23.711+0000] {logging_mixin.py:154} INFO - [2023-11-19T23:31:23.711+0000] {manager.py:499} INFO - Created Permission View: %s
[2023-11-19T23:31:23.713+0000] {logging_mixin.py:154} INFO - [2023-11-19T23:31:23.713+0000] {manager.py:499} INFO - Created Permission View: %s
[2023-11-19T23:31:23.717+0000] {logging_mixin.py:154} INFO - [2023-11-19T23:31:23.717+0000] {manager.py:499} INFO - Created Permission View: %s
[2023-11-19T23:31:23.720+0000] {logging_mixin.py:154} INFO - [2023-11-19T23:31:23.720+0000] {manager.py:499} INFO - Created Permission View: %s
[2023-11-19T23:31:23.721+0000] {logging_mixin.py:154} INFO - [2023-11-19T23:31:23.721+0000] {manager.py:499} INFO - Created Permission View: %s
[2023-11-19T23:31:23.726+0000] {logging_mixin.py:154} INFO - [2023-11-19T23:31:23.726+0000] {manager.py:499} INFO - Created Permission View: %s
[2023-11-19T23:31:23.728+0000] {logging_mixin.py:154} INFO - [2023-11-19T23:31:23.727+0000] {manager.py:499} INFO - Created Permission View: %s
[2023-11-19T23:31:23.729+0000] {logging_mixin.py:154} INFO - [2023-11-19T23:31:23.729+0000] {manager.py:499} INFO - Created Permission View: %s
[2023-11-19T23:31:23.730+0000] {logging_mixin.py:154} INFO - [2023-11-19T23:31:23.730+0000] {dag.py:2941} INFO - Sync 6 DAGs
[2023-11-19T23:31:23.735+0000] {logging_mixin.py:154} INFO - [2023-11-19T23:31:23.735+0000] {dag.py:2963} INFO - Creating ORM DAG for dataset_consumes_unknown_never_scheduled
[2023-11-19T23:31:23.735+0000] {logging_mixin.py:154} INFO - [2023-11-19T23:31:23.735+0000] {dag.py:2963} INFO - Creating ORM DAG for dataset_consumes_1_and_2
[2023-11-19T23:31:23.736+0000] {logging_mixin.py:154} INFO - [2023-11-19T23:31:23.736+0000] {dag.py:2963} INFO - Creating ORM DAG for dataset_consumes_1
[2023-11-19T23:31:23.736+0000] {logging_mixin.py:154} INFO - [2023-11-19T23:31:23.736+0000] {dag.py:2963} INFO - Creating ORM DAG for dataset_produces_2
[2023-11-19T23:31:23.736+0000] {logging_mixin.py:154} INFO - [2023-11-19T23:31:23.736+0000] {dag.py:2963} INFO - Creating ORM DAG for dataset_consumes_1_never_scheduled
[2023-11-19T23:31:23.737+0000] {logging_mixin.py:154} INFO - [2023-11-19T23:31:23.737+0000] {dag.py:2963} INFO - Creating ORM DAG for dataset_produces_1
[2023-11-19T23:31:23.741+0000] {logging_mixin.py:154} INFO - [2023-11-19T23:31:23.741+0000] {dag.py:3722} INFO - Setting next_dagrun for dataset_consumes_1 to None, run_after=None
[2023-11-19T23:31:23.741+0000] {logging_mixin.py:154} INFO - [2023-11-19T23:31:23.741+0000] {dag.py:3722} INFO - Setting next_dagrun for dataset_consumes_1_and_2 to None, run_after=None
[2023-11-19T23:31:23.742+0000] {logging_mixin.py:154} INFO - [2023-11-19T23:31:23.742+0000] {dag.py:3722} INFO - Setting next_dagrun for dataset_consumes_1_never_scheduled to None, run_after=None
[2023-11-19T23:31:23.742+0000] {logging_mixin.py:154} INFO - [2023-11-19T23:31:23.742+0000] {dag.py:3722} INFO - Setting next_dagrun for dataset_consumes_unknown_never_scheduled to None, run_after=None
[2023-11-19T23:31:23.743+0000] {logging_mixin.py:154} INFO - [2023-11-19T23:31:23.743+0000] {dag.py:3722} INFO - Setting next_dagrun for dataset_produces_1 to 2023-11-18T00:00:00+00:00, run_after=2023-11-19T00:00:00+00:00
[2023-11-19T23:31:23.744+0000] {logging_mixin.py:154} INFO - [2023-11-19T23:31:23.744+0000] {dag.py:3722} INFO - Setting next_dagrun for dataset_produces_2 to None, run_after=None
[2023-11-19T23:31:23.760+0000] {processor.py:179} INFO - Processing /home/airflow/.local/lib/python3.8/site-packages/airflow/example_dags/example_datasets.py took 0.160 seconds
[2023-11-19T23:31:54.142+0000] {processor.py:157} INFO - Started process (PID=116) to work on /home/airflow/.local/lib/python3.8/site-packages/airflow/example_dags/example_datasets.py
[2023-11-19T23:31:54.143+0000] {processor.py:829} INFO - Processing file /home/airflow/.local/lib/python3.8/site-packages/airflow/example_dags/example_datasets.py for tasks to queue
[2023-11-19T23:31:54.144+0000] {logging_mixin.py:154} INFO - [2023-11-19T23:31:54.144+0000] {dagbag.py:536} INFO - Filling up the DagBag from /home/airflow/.local/lib/python3.8/site-packages/airflow/example_dags/example_datasets.py
[2023-11-19T23:31:54.149+0000] {processor.py:839} INFO - DAG(s) dict_keys(['dataset_consumes_1', 'dataset_produces_1', 'dataset_consumes_1_and_2', 'dataset_consumes_unknown_never_scheduled', 'dataset_consumes_1_never_scheduled', 'dataset_produces_2']) retrieved from /home/airflow/.local/lib/python3.8/site-packages/airflow/example_dags/example_datasets.py
[2023-11-19T23:31:54.163+0000] {logging_mixin.py:154} INFO - [2023-11-19T23:31:54.163+0000] {dag.py:2941} INFO - Sync 6 DAGs
[2023-11-19T23:31:54.174+0000] {logging_mixin.py:154} INFO - [2023-11-19T23:31:54.173+0000] {dag.py:3722} INFO - Setting next_dagrun for dataset_consumes_1 to None, run_after=None
[2023-11-19T23:31:54.176+0000] {logging_mixin.py:154} INFO - [2023-11-19T23:31:54.176+0000] {dag.py:3722} INFO - Setting next_dagrun for dataset_consumes_1_and_2 to None, run_after=None
[2023-11-19T23:31:54.177+0000] {logging_mixin.py:154} INFO - [2023-11-19T23:31:54.177+0000] {dag.py:3722} INFO - Setting next_dagrun for dataset_consumes_1_never_scheduled to None, run_after=None
[2023-11-19T23:31:54.178+0000] {logging_mixin.py:154} INFO - [2023-11-19T23:31:54.178+0000] {dag.py:3722} INFO - Setting next_dagrun for dataset_consumes_unknown_never_scheduled to None, run_after=None
[2023-11-19T23:31:54.180+0000] {logging_mixin.py:154} INFO - [2023-11-19T23:31:54.180+0000] {dag.py:3722} INFO - Setting next_dagrun for dataset_produces_1 to 2023-11-18T00:00:00+00:00, run_after=2023-11-19T00:00:00+00:00
[2023-11-19T23:31:54.181+0000] {logging_mixin.py:154} INFO - [2023-11-19T23:31:54.181+0000] {dag.py:3722} INFO - Setting next_dagrun for dataset_produces_2 to None, run_after=None
[2023-11-19T23:31:54.196+0000] {processor.py:179} INFO - Processing /home/airflow/.local/lib/python3.8/site-packages/airflow/example_dags/example_datasets.py took 0.055 seconds
[2023-11-19T23:32:24.672+0000] {processor.py:157} INFO - Started process (PID=170) to work on /home/airflow/.local/lib/python3.8/site-packages/airflow/example_dags/example_datasets.py
[2023-11-19T23:32:24.673+0000] {processor.py:829} INFO - Processing file /home/airflow/.local/lib/python3.8/site-packages/airflow/example_dags/example_datasets.py for tasks to queue
[2023-11-19T23:32:24.673+0000] {logging_mixin.py:154} INFO - [2023-11-19T23:32:24.673+0000] {dagbag.py:536} INFO - Filling up the DagBag from /home/airflow/.local/lib/python3.8/site-packages/airflow/example_dags/example_datasets.py
[2023-11-19T23:32:24.678+0000] {processor.py:839} INFO - DAG(s) dict_keys(['dataset_produces_1', 'dataset_consumes_1_and_2', 'dataset_produces_2', 'dataset_consumes_unknown_never_scheduled', 'dataset_consumes_1', 'dataset_consumes_1_never_scheduled']) retrieved from /home/airflow/.local/lib/python3.8/site-packages/airflow/example_dags/example_datasets.py
[2023-11-19T23:32:24.693+0000] {logging_mixin.py:154} INFO - [2023-11-19T23:32:24.693+0000] {dag.py:2941} INFO - Sync 6 DAGs
[2023-11-19T23:32:24.703+0000] {logging_mixin.py:154} INFO - [2023-11-19T23:32:24.703+0000] {dag.py:3722} INFO - Setting next_dagrun for dataset_consumes_1 to None, run_after=None
[2023-11-19T23:32:24.704+0000] {logging_mixin.py:154} INFO - [2023-11-19T23:32:24.704+0000] {dag.py:3722} INFO - Setting next_dagrun for dataset_consumes_1_and_2 to None, run_after=None
[2023-11-19T23:32:24.705+0000] {logging_mixin.py:154} INFO - [2023-11-19T23:32:24.705+0000] {dag.py:3722} INFO - Setting next_dagrun for dataset_consumes_1_never_scheduled to None, run_after=None
[2023-11-19T23:32:24.705+0000] {logging_mixin.py:154} INFO - [2023-11-19T23:32:24.705+0000] {dag.py:3722} INFO - Setting next_dagrun for dataset_consumes_unknown_never_scheduled to None, run_after=None
[2023-11-19T23:32:24.707+0000] {logging_mixin.py:154} INFO - [2023-11-19T23:32:24.707+0000] {dag.py:3722} INFO - Setting next_dagrun for dataset_produces_1 to 2023-11-18T00:00:00+00:00, run_after=2023-11-19T00:00:00+00:00
[2023-11-19T23:32:24.707+0000] {logging_mixin.py:154} INFO - [2023-11-19T23:32:24.707+0000] {dag.py:3722} INFO - Setting next_dagrun for dataset_produces_2 to None, run_after=None
[2023-11-19T23:32:24.719+0000] {processor.py:179} INFO - Processing /home/airflow/.local/lib/python3.8/site-packages/airflow/example_dags/example_datasets.py took 0.049 seconds
[2023-11-19T23:32:55.145+0000] {processor.py:157} INFO - Started process (PID=224) to work on /home/airflow/.local/lib/python3.8/site-packages/airflow/example_dags/example_datasets.py
[2023-11-19T23:32:55.146+0000] {processor.py:829} INFO - Processing file /home/airflow/.local/lib/python3.8/site-packages/airflow/example_dags/example_datasets.py for tasks to queue
[2023-11-19T23:32:55.147+0000] {logging_mixin.py:154} INFO - [2023-11-19T23:32:55.147+0000] {dagbag.py:536} INFO - Filling up the DagBag from /home/airflow/.local/lib/python3.8/site-packages/airflow/example_dags/example_datasets.py
[2023-11-19T23:32:55.152+0000] {processor.py:839} INFO - DAG(s) dict_keys(['dataset_produces_2', 'dataset_consumes_unknown_never_scheduled', 'dataset_consumes_1_and_2', 'dataset_produces_1', 'dataset_consumes_1_never_scheduled', 'dataset_consumes_1']) retrieved from /home/airflow/.local/lib/python3.8/site-packages/airflow/example_dags/example_datasets.py
[2023-11-19T23:32:55.166+0000] {logging_mixin.py:154} INFO - [2023-11-19T23:32:55.166+0000] {dag.py:2941} INFO - Sync 6 DAGs
[2023-11-19T23:32:55.175+0000] {logging_mixin.py:154} INFO - [2023-11-19T23:32:55.175+0000] {dag.py:3722} INFO - Setting next_dagrun for dataset_consumes_1 to None, run_after=None
[2023-11-19T23:32:55.177+0000] {logging_mixin.py:154} INFO - [2023-11-19T23:32:55.177+0000] {dag.py:3722} INFO - Setting next_dagrun for dataset_consumes_1_and_2 to None, run_after=None
[2023-11-19T23:32:55.177+0000] {logging_mixin.py:154} INFO - [2023-11-19T23:32:55.177+0000] {dag.py:3722} INFO - Setting next_dagrun for dataset_consumes_1_never_scheduled to None, run_after=None
[2023-11-19T23:32:55.178+0000] {logging_mixin.py:154} INFO - [2023-11-19T23:32:55.178+0000] {dag.py:3722} INFO - Setting next_dagrun for dataset_consumes_unknown_never_scheduled to None, run_after=None
[2023-11-19T23:32:55.179+0000] {logging_mixin.py:154} INFO - [2023-11-19T23:32:55.179+0000] {dag.py:3722} INFO - Setting next_dagrun for dataset_produces_1 to 2023-11-18T00:00:00+00:00, run_after=2023-11-19T00:00:00+00:00
[2023-11-19T23:32:55.179+0000] {logging_mixin.py:154} INFO - [2023-11-19T23:32:55.179+0000] {dag.py:3722} INFO - Setting next_dagrun for dataset_produces_2 to None, run_after=None
[2023-11-19T23:32:55.191+0000] {processor.py:179} INFO - Processing /home/airflow/.local/lib/python3.8/site-packages/airflow/example_dags/example_datasets.py took 0.048 seconds
[2023-11-19T23:33:25.600+0000] {processor.py:157} INFO - Started process (PID=278) to work on /home/airflow/.local/lib/python3.8/site-packages/airflow/example_dags/example_datasets.py
[2023-11-19T23:33:25.600+0000] {processor.py:829} INFO - Processing file /home/airflow/.local/lib/python3.8/site-packages/airflow/example_dags/example_datasets.py for tasks to queue
[2023-11-19T23:33:25.601+0000] {logging_mixin.py:154} INFO - [2023-11-19T23:33:25.601+0000] {dagbag.py:536} INFO - Filling up the DagBag from /home/airflow/.local/lib/python3.8/site-packages/airflow/example_dags/example_datasets.py
[2023-11-19T23:33:25.606+0000] {processor.py:839} INFO - DAG(s) dict_keys(['dataset_produces_1', 'dataset_consumes_1_never_scheduled', 'dataset_produces_2', 'dataset_consumes_1_and_2', 'dataset_consumes_1', 'dataset_consumes_unknown_never_scheduled']) retrieved from /home/airflow/.local/lib/python3.8/site-packages/airflow/example_dags/example_datasets.py
[2023-11-19T23:33:25.621+0000] {logging_mixin.py:154} INFO - [2023-11-19T23:33:25.621+0000] {dag.py:2941} INFO - Sync 6 DAGs
[2023-11-19T23:33:25.631+0000] {logging_mixin.py:154} INFO - [2023-11-19T23:33:25.631+0000] {dag.py:3722} INFO - Setting next_dagrun for dataset_consumes_1 to None, run_after=None
[2023-11-19T23:33:25.632+0000] {logging_mixin.py:154} INFO - [2023-11-19T23:33:25.632+0000] {dag.py:3722} INFO - Setting next_dagrun for dataset_consumes_1_and_2 to None, run_after=None
[2023-11-19T23:33:25.633+0000] {logging_mixin.py:154} INFO - [2023-11-19T23:33:25.633+0000] {dag.py:3722} INFO - Setting next_dagrun for dataset_consumes_1_never_scheduled to None, run_after=None
[2023-11-19T23:33:25.633+0000] {logging_mixin.py:154} INFO - [2023-11-19T23:33:25.633+0000] {dag.py:3722} INFO - Setting next_dagrun for dataset_consumes_unknown_never_scheduled to None, run_after=None
[2023-11-19T23:33:25.635+0000] {logging_mixin.py:154} INFO - [2023-11-19T23:33:25.635+0000] {dag.py:3722} INFO - Setting next_dagrun for dataset_produces_1 to 2023-11-18T00:00:00+00:00, run_after=2023-11-19T00:00:00+00:00
[2023-11-19T23:33:25.635+0000] {logging_mixin.py:154} INFO - [2023-11-19T23:33:25.635+0000] {dag.py:3722} INFO - Setting next_dagrun for dataset_produces_2 to None, run_after=None
[2023-11-19T23:33:25.646+0000] {processor.py:179} INFO - Processing /home/airflow/.local/lib/python3.8/site-packages/airflow/example_dags/example_datasets.py took 0.048 seconds
[2023-11-19T23:33:56.133+0000] {processor.py:157} INFO - Started process (PID=332) to work on /home/airflow/.local/lib/python3.8/site-packages/airflow/example_dags/example_datasets.py
[2023-11-19T23:33:56.133+0000] {processor.py:829} INFO - Processing file /home/airflow/.local/lib/python3.8/site-packages/airflow/example_dags/example_datasets.py for tasks to queue
[2023-11-19T23:33:56.134+0000] {logging_mixin.py:154} INFO - [2023-11-19T23:33:56.134+0000] {dagbag.py:536} INFO - Filling up the DagBag from /home/airflow/.local/lib/python3.8/site-packages/airflow/example_dags/example_datasets.py
[2023-11-19T23:33:56.139+0000] {processor.py:839} INFO - DAG(s) dict_keys(['dataset_consumes_1', 'dataset_consumes_1_and_2', 'dataset_produces_2', 'dataset_produces_1', 'dataset_consumes_unknown_never_scheduled', 'dataset_consumes_1_never_scheduled']) retrieved from /home/airflow/.local/lib/python3.8/site-packages/airflow/example_dags/example_datasets.py
[2023-11-19T23:33:56.154+0000] {logging_mixin.py:154} INFO - [2023-11-19T23:33:56.153+0000] {dag.py:2941} INFO - Sync 6 DAGs
[2023-11-19T23:33:56.163+0000] {logging_mixin.py:154} INFO - [2023-11-19T23:33:56.163+0000] {dag.py:3722} INFO - Setting next_dagrun for dataset_consumes_1 to None, run_after=None
[2023-11-19T23:33:56.165+0000] {logging_mixin.py:154} INFO - [2023-11-19T23:33:56.165+0000] {dag.py:3722} INFO - Setting next_dagrun for dataset_consumes_1_and_2 to None, run_after=None
[2023-11-19T23:33:56.165+0000] {logging_mixin.py:154} INFO - [2023-11-19T23:33:56.165+0000] {dag.py:3722} INFO - Setting next_dagrun for dataset_consumes_1_never_scheduled to None, run_after=None
[2023-11-19T23:33:56.166+0000] {logging_mixin.py:154} INFO - [2023-11-19T23:33:56.166+0000] {dag.py:3722} INFO - Setting next_dagrun for dataset_consumes_unknown_never_scheduled to None, run_after=None
[2023-11-19T23:33:56.167+0000] {logging_mixin.py:154} INFO - [2023-11-19T23:33:56.167+0000] {dag.py:3722} INFO - Setting next_dagrun for dataset_produces_1 to 2023-11-18T00:00:00+00:00, run_after=2023-11-19T00:00:00+00:00
[2023-11-19T23:33:56.168+0000] {logging_mixin.py:154} INFO - [2023-11-19T23:33:56.168+0000] {dag.py:3722} INFO - Setting next_dagrun for dataset_produces_2 to None, run_after=None
[2023-11-19T23:33:56.179+0000] {processor.py:179} INFO - Processing /home/airflow/.local/lib/python3.8/site-packages/airflow/example_dags/example_datasets.py took 0.048 seconds
[2023-11-19T23:34:26.552+0000] {processor.py:157} INFO - Started process (PID=386) to work on /home/airflow/.local/lib/python3.8/site-packages/airflow/example_dags/example_datasets.py
[2023-11-19T23:34:26.552+0000] {processor.py:829} INFO - Processing file /home/airflow/.local/lib/python3.8/site-packages/airflow/example_dags/example_datasets.py for tasks to queue
[2023-11-19T23:34:26.553+0000] {logging_mixin.py:154} INFO - [2023-11-19T23:34:26.553+0000] {dagbag.py:536} INFO - Filling up the DagBag from /home/airflow/.local/lib/python3.8/site-packages/airflow/example_dags/example_datasets.py
[2023-11-19T23:34:26.558+0000] {processor.py:839} INFO - DAG(s) dict_keys(['dataset_consumes_1_and_2', 'dataset_produces_1', 'dataset_consumes_1', 'dataset_consumes_unknown_never_scheduled', 'dataset_consumes_1_never_scheduled', 'dataset_produces_2']) retrieved from /home/airflow/.local/lib/python3.8/site-packages/airflow/example_dags/example_datasets.py
[2023-11-19T23:34:26.572+0000] {logging_mixin.py:154} INFO - [2023-11-19T23:34:26.572+0000] {dag.py:2941} INFO - Sync 6 DAGs
[2023-11-19T23:34:26.582+0000] {logging_mixin.py:154} INFO - [2023-11-19T23:34:26.582+0000] {dag.py:3722} INFO - Setting next_dagrun for dataset_consumes_1 to None, run_after=None
[2023-11-19T23:34:26.583+0000] {logging_mixin.py:154} INFO - [2023-11-19T23:34:26.583+0000] {dag.py:3722} INFO - Setting next_dagrun for dataset_consumes_1_and_2 to None, run_after=None
[2023-11-19T23:34:26.584+0000] {logging_mixin.py:154} INFO - [2023-11-19T23:34:26.584+0000] {dag.py:3722} INFO - Setting next_dagrun for dataset_consumes_1_never_scheduled to None, run_after=None
[2023-11-19T23:34:26.585+0000] {logging_mixin.py:154} INFO - [2023-11-19T23:34:26.585+0000] {dag.py:3722} INFO - Setting next_dagrun for dataset_consumes_unknown_never_scheduled to None, run_after=None
[2023-11-19T23:34:26.586+0000] {logging_mixin.py:154} INFO - [2023-11-19T23:34:26.586+0000] {dag.py:3722} INFO - Setting next_dagrun for dataset_produces_1 to 2023-11-18T00:00:00+00:00, run_after=2023-11-19T00:00:00+00:00
[2023-11-19T23:34:26.586+0000] {logging_mixin.py:154} INFO - [2023-11-19T23:34:26.586+0000] {dag.py:3722} INFO - Setting next_dagrun for dataset_produces_2 to None, run_after=None
[2023-11-19T23:34:26.598+0000] {processor.py:179} INFO - Processing /home/airflow/.local/lib/python3.8/site-packages/airflow/example_dags/example_datasets.py took 0.048 seconds
[2023-11-19T23:34:57.010+0000] {processor.py:157} INFO - Started process (PID=440) to work on /home/airflow/.local/lib/python3.8/site-packages/airflow/example_dags/example_datasets.py
[2023-11-19T23:34:57.011+0000] {processor.py:829} INFO - Processing file /home/airflow/.local/lib/python3.8/site-packages/airflow/example_dags/example_datasets.py for tasks to queue
[2023-11-19T23:34:57.012+0000] {logging_mixin.py:154} INFO - [2023-11-19T23:34:57.012+0000] {dagbag.py:536} INFO - Filling up the DagBag from /home/airflow/.local/lib/python3.8/site-packages/airflow/example_dags/example_datasets.py
[2023-11-19T23:34:57.016+0000] {processor.py:839} INFO - DAG(s) dict_keys(['dataset_consumes_1_never_scheduled', 'dataset_consumes_1', 'dataset_produces_2', 'dataset_produces_1', 'dataset_consumes_1_and_2', 'dataset_consumes_unknown_never_scheduled']) retrieved from /home/airflow/.local/lib/python3.8/site-packages/airflow/example_dags/example_datasets.py
[2023-11-19T23:34:57.030+0000] {logging_mixin.py:154} INFO - [2023-11-19T23:34:57.030+0000] {dag.py:2941} INFO - Sync 6 DAGs
[2023-11-19T23:34:57.041+0000] {logging_mixin.py:154} INFO - [2023-11-19T23:34:57.041+0000] {dag.py:3722} INFO - Setting next_dagrun for dataset_consumes_1 to None, run_after=None
[2023-11-19T23:34:57.042+0000] {logging_mixin.py:154} INFO - [2023-11-19T23:34:57.042+0000] {dag.py:3722} INFO - Setting next_dagrun for dataset_consumes_1_and_2 to None, run_after=None
[2023-11-19T23:34:57.043+0000] {logging_mixin.py:154} INFO - [2023-11-19T23:34:57.043+0000] {dag.py:3722} INFO - Setting next_dagrun for dataset_consumes_1_never_scheduled to None, run_after=None
[2023-11-19T23:34:57.043+0000] {logging_mixin.py:154} INFO - [2023-11-19T23:34:57.043+0000] {dag.py:3722} INFO - Setting next_dagrun for dataset_consumes_unknown_never_scheduled to None, run_after=None
[2023-11-19T23:34:57.045+0000] {logging_mixin.py:154} INFO - [2023-11-19T23:34:57.045+0000] {dag.py:3722} INFO - Setting next_dagrun for dataset_produces_1 to 2023-11-18T00:00:00+00:00, run_after=2023-11-19T00:00:00+00:00
[2023-11-19T23:34:57.045+0000] {logging_mixin.py:154} INFO - [2023-11-19T23:34:57.045+0000] {dag.py:3722} INFO - Setting next_dagrun for dataset_produces_2 to None, run_after=None
[2023-11-19T23:34:57.057+0000] {processor.py:179} INFO - Processing /home/airflow/.local/lib/python3.8/site-packages/airflow/example_dags/example_datasets.py took 0.049 seconds
[2023-11-19T23:35:27.596+0000] {processor.py:157} INFO - Started process (PID=494) to work on /home/airflow/.local/lib/python3.8/site-packages/airflow/example_dags/example_datasets.py
[2023-11-19T23:35:27.596+0000] {processor.py:829} INFO - Processing file /home/airflow/.local/lib/python3.8/site-packages/airflow/example_dags/example_datasets.py for tasks to queue
[2023-11-19T23:35:27.597+0000] {logging_mixin.py:154} INFO - [2023-11-19T23:35:27.597+0000] {dagbag.py:536} INFO - Filling up the DagBag from /home/airflow/.local/lib/python3.8/site-packages/airflow/example_dags/example_datasets.py
[2023-11-19T23:35:27.602+0000] {processor.py:839} INFO - DAG(s) dict_keys(['dataset_consumes_1_and_2', 'dataset_consumes_1_never_scheduled', 'dataset_consumes_1', 'dataset_consumes_unknown_never_scheduled', 'dataset_produces_1', 'dataset_produces_2']) retrieved from /home/airflow/.local/lib/python3.8/site-packages/airflow/example_dags/example_datasets.py
[2023-11-19T23:35:27.617+0000] {logging_mixin.py:154} INFO - [2023-11-19T23:35:27.617+0000] {dag.py:2941} INFO - Sync 6 DAGs
[2023-11-19T23:35:27.626+0000] {logging_mixin.py:154} INFO - [2023-11-19T23:35:27.626+0000] {dag.py:3722} INFO - Setting next_dagrun for dataset_consumes_1 to None, run_after=None
[2023-11-19T23:35:27.627+0000] {logging_mixin.py:154} INFO - [2023-11-19T23:35:27.627+0000] {dag.py:3722} INFO - Setting next_dagrun for dataset_consumes_1_and_2 to None, run_after=None
[2023-11-19T23:35:27.628+0000] {logging_mixin.py:154} INFO - [2023-11-19T23:35:27.628+0000] {dag.py:3722} INFO - Setting next_dagrun for dataset_consumes_1_never_scheduled to None, run_after=None
[2023-11-19T23:35:27.629+0000] {logging_mixin.py:154} INFO - [2023-11-19T23:35:27.629+0000] {dag.py:3722} INFO - Setting next_dagrun for dataset_consumes_unknown_never_scheduled to None, run_after=None
[2023-11-19T23:35:27.630+0000] {logging_mixin.py:154} INFO - [2023-11-19T23:35:27.630+0000] {dag.py:3722} INFO - Setting next_dagrun for dataset_produces_1 to 2023-11-18T00:00:00+00:00, run_after=2023-11-19T00:00:00+00:00
[2023-11-19T23:35:27.630+0000] {logging_mixin.py:154} INFO - [2023-11-19T23:35:27.630+0000] {dag.py:3722} INFO - Setting next_dagrun for dataset_produces_2 to None, run_after=None
[2023-11-19T23:35:27.642+0000] {processor.py:179} INFO - Processing /home/airflow/.local/lib/python3.8/site-packages/airflow/example_dags/example_datasets.py took 0.048 seconds
[2023-11-19T23:35:58.104+0000] {processor.py:157} INFO - Started process (PID=548) to work on /home/airflow/.local/lib/python3.8/site-packages/airflow/example_dags/example_datasets.py
[2023-11-19T23:35:58.105+0000] {processor.py:829} INFO - Processing file /home/airflow/.local/lib/python3.8/site-packages/airflow/example_dags/example_datasets.py for tasks to queue
[2023-11-19T23:35:58.106+0000] {logging_mixin.py:154} INFO - [2023-11-19T23:35:58.106+0000] {dagbag.py:536} INFO - Filling up the DagBag from /home/airflow/.local/lib/python3.8/site-packages/airflow/example_dags/example_datasets.py
[2023-11-19T23:35:58.110+0000] {processor.py:839} INFO - DAG(s) dict_keys(['dataset_produces_1', 'dataset_consumes_1_and_2', 'dataset_consumes_unknown_never_scheduled', 'dataset_consumes_1_never_scheduled', 'dataset_produces_2', 'dataset_consumes_1']) retrieved from /home/airflow/.local/lib/python3.8/site-packages/airflow/example_dags/example_datasets.py
[2023-11-19T23:35:58.126+0000] {logging_mixin.py:154} INFO - [2023-11-19T23:35:58.126+0000] {dag.py:2941} INFO - Sync 6 DAGs
[2023-11-19T23:35:58.136+0000] {logging_mixin.py:154} INFO - [2023-11-19T23:35:58.135+0000] {dag.py:3722} INFO - Setting next_dagrun for dataset_consumes_1 to None, run_after=None
[2023-11-19T23:35:58.137+0000] {logging_mixin.py:154} INFO - [2023-11-19T23:35:58.137+0000] {dag.py:3722} INFO - Setting next_dagrun for dataset_consumes_1_and_2 to None, run_after=None
[2023-11-19T23:35:58.138+0000] {logging_mixin.py:154} INFO - [2023-11-19T23:35:58.138+0000] {dag.py:3722} INFO - Setting next_dagrun for dataset_consumes_1_never_scheduled to None, run_after=None
[2023-11-19T23:35:58.138+0000] {logging_mixin.py:154} INFO - [2023-11-19T23:35:58.138+0000] {dag.py:3722} INFO - Setting next_dagrun for dataset_consumes_unknown_never_scheduled to None, run_after=None
[2023-11-19T23:35:58.139+0000] {logging_mixin.py:154} INFO - [2023-11-19T23:35:58.139+0000] {dag.py:3722} INFO - Setting next_dagrun for dataset_produces_1 to 2023-11-18T00:00:00+00:00, run_after=2023-11-19T00:00:00+00:00
[2023-11-19T23:35:58.140+0000] {logging_mixin.py:154} INFO - [2023-11-19T23:35:58.140+0000] {dag.py:3722} INFO - Setting next_dagrun for dataset_produces_2 to None, run_after=None
[2023-11-19T23:35:58.151+0000] {processor.py:179} INFO - Processing /home/airflow/.local/lib/python3.8/site-packages/airflow/example_dags/example_datasets.py took 0.048 seconds
