[2023-11-19T23:20:25.825+0000] {processor.py:157} INFO - Started process (PID=43) to work on /home/airflow/.local/lib/python3.8/site-packages/airflow/example_dags/example_setup_teardown_taskflow.py
[2023-11-19T23:20:25.826+0000] {processor.py:829} INFO - Processing file /home/airflow/.local/lib/python3.8/site-packages/airflow/example_dags/example_setup_teardown_taskflow.py for tasks to queue
[2023-11-19T23:20:25.827+0000] {logging_mixin.py:154} INFO - [2023-11-19T23:20:25.827+0000] {dagbag.py:536} INFO - Filling up the DagBag from /home/airflow/.local/lib/python3.8/site-packages/airflow/example_dags/example_setup_teardown_taskflow.py
[2023-11-19T23:20:25.834+0000] {processor.py:839} INFO - DAG(s) dict_keys(['example_setup_teardown_taskflow']) retrieved from /home/airflow/.local/lib/python3.8/site-packages/airflow/example_dags/example_setup_teardown_taskflow.py
[2023-11-19T23:20:25.898+0000] {logging_mixin.py:154} INFO - [2023-11-19T23:20:25.898+0000] {manager.py:499} INFO - Created Permission View: %s
[2023-11-19T23:20:25.905+0000] {logging_mixin.py:154} INFO - [2023-11-19T23:20:25.905+0000] {manager.py:499} INFO - Created Permission View: %s
[2023-11-19T23:20:25.908+0000] {logging_mixin.py:154} INFO - [2023-11-19T23:20:25.908+0000] {manager.py:499} INFO - Created Permission View: %s
[2023-11-19T23:20:25.908+0000] {logging_mixin.py:154} INFO - [2023-11-19T23:20:25.908+0000] {dag.py:2941} INFO - Sync 1 DAGs
[2023-11-19T23:20:25.915+0000] {logging_mixin.py:154} INFO - [2023-11-19T23:20:25.915+0000] {dag.py:2963} INFO - Creating ORM DAG for example_setup_teardown_taskflow
[2023-11-19T23:20:25.920+0000] {logging_mixin.py:154} INFO - [2023-11-19T23:20:25.920+0000] {dag.py:3722} INFO - Setting next_dagrun for example_setup_teardown_taskflow to 2023-11-18T23:20:25.920226+00:00, run_after=2023-11-19T23:20:25.920226+00:00
[2023-11-19T23:20:25.927+0000] {processor.py:179} INFO - Processing /home/airflow/.local/lib/python3.8/site-packages/airflow/example_dags/example_setup_teardown_taskflow.py took 0.104 seconds
[2023-11-19T23:20:55.958+0000] {processor.py:157} INFO - Started process (PID=97) to work on /home/airflow/.local/lib/python3.8/site-packages/airflow/example_dags/example_setup_teardown_taskflow.py
[2023-11-19T23:20:55.958+0000] {processor.py:829} INFO - Processing file /home/airflow/.local/lib/python3.8/site-packages/airflow/example_dags/example_setup_teardown_taskflow.py for tasks to queue
[2023-11-19T23:20:55.959+0000] {logging_mixin.py:154} INFO - [2023-11-19T23:20:55.959+0000] {dagbag.py:536} INFO - Filling up the DagBag from /home/airflow/.local/lib/python3.8/site-packages/airflow/example_dags/example_setup_teardown_taskflow.py
[2023-11-19T23:20:55.963+0000] {processor.py:839} INFO - DAG(s) dict_keys(['example_setup_teardown_taskflow']) retrieved from /home/airflow/.local/lib/python3.8/site-packages/airflow/example_dags/example_setup_teardown_taskflow.py
[2023-11-19T23:20:55.973+0000] {logging_mixin.py:154} INFO - [2023-11-19T23:20:55.973+0000] {dag.py:2941} INFO - Sync 1 DAGs
[2023-11-19T23:20:55.981+0000] {logging_mixin.py:154} INFO - [2023-11-19T23:20:55.981+0000] {dag.py:3722} INFO - Setting next_dagrun for example_setup_teardown_taskflow to 2023-11-18T23:20:55.981205+00:00, run_after=2023-11-19T23:20:55.981205+00:00
[2023-11-19T23:20:55.987+0000] {processor.py:179} INFO - Processing /home/airflow/.local/lib/python3.8/site-packages/airflow/example_dags/example_setup_teardown_taskflow.py took 0.031 seconds
[2023-11-19T23:21:26.579+0000] {processor.py:157} INFO - Started process (PID=151) to work on /home/airflow/.local/lib/python3.8/site-packages/airflow/example_dags/example_setup_teardown_taskflow.py
[2023-11-19T23:21:26.580+0000] {processor.py:829} INFO - Processing file /home/airflow/.local/lib/python3.8/site-packages/airflow/example_dags/example_setup_teardown_taskflow.py for tasks to queue
[2023-11-19T23:21:26.581+0000] {logging_mixin.py:154} INFO - [2023-11-19T23:21:26.581+0000] {dagbag.py:536} INFO - Filling up the DagBag from /home/airflow/.local/lib/python3.8/site-packages/airflow/example_dags/example_setup_teardown_taskflow.py
[2023-11-19T23:21:26.586+0000] {processor.py:839} INFO - DAG(s) dict_keys(['example_setup_teardown_taskflow']) retrieved from /home/airflow/.local/lib/python3.8/site-packages/airflow/example_dags/example_setup_teardown_taskflow.py
[2023-11-19T23:21:26.595+0000] {logging_mixin.py:154} INFO - [2023-11-19T23:21:26.595+0000] {dag.py:2941} INFO - Sync 1 DAGs
[2023-11-19T23:21:26.604+0000] {logging_mixin.py:154} INFO - [2023-11-19T23:21:26.604+0000] {dag.py:3722} INFO - Setting next_dagrun for example_setup_teardown_taskflow to 2023-11-18T23:21:26.604060+00:00, run_after=2023-11-19T23:21:26.604060+00:00
[2023-11-19T23:21:26.610+0000] {processor.py:179} INFO - Processing /home/airflow/.local/lib/python3.8/site-packages/airflow/example_dags/example_setup_teardown_taskflow.py took 0.032 seconds
[2023-11-19T23:21:57.046+0000] {processor.py:157} INFO - Started process (PID=205) to work on /home/airflow/.local/lib/python3.8/site-packages/airflow/example_dags/example_setup_teardown_taskflow.py
[2023-11-19T23:21:57.047+0000] {processor.py:829} INFO - Processing file /home/airflow/.local/lib/python3.8/site-packages/airflow/example_dags/example_setup_teardown_taskflow.py for tasks to queue
[2023-11-19T23:21:57.048+0000] {logging_mixin.py:154} INFO - [2023-11-19T23:21:57.048+0000] {dagbag.py:536} INFO - Filling up the DagBag from /home/airflow/.local/lib/python3.8/site-packages/airflow/example_dags/example_setup_teardown_taskflow.py
[2023-11-19T23:21:57.052+0000] {processor.py:839} INFO - DAG(s) dict_keys(['example_setup_teardown_taskflow']) retrieved from /home/airflow/.local/lib/python3.8/site-packages/airflow/example_dags/example_setup_teardown_taskflow.py
[2023-11-19T23:21:57.062+0000] {logging_mixin.py:154} INFO - [2023-11-19T23:21:57.062+0000] {dag.py:2941} INFO - Sync 1 DAGs
[2023-11-19T23:21:57.071+0000] {logging_mixin.py:154} INFO - [2023-11-19T23:21:57.070+0000] {dag.py:3722} INFO - Setting next_dagrun for example_setup_teardown_taskflow to 2023-11-18T23:21:57.070822+00:00, run_after=2023-11-19T23:21:57.070822+00:00
[2023-11-19T23:21:57.076+0000] {processor.py:179} INFO - Processing /home/airflow/.local/lib/python3.8/site-packages/airflow/example_dags/example_setup_teardown_taskflow.py took 0.032 seconds
[2023-11-19T23:22:27.507+0000] {processor.py:157} INFO - Started process (PID=259) to work on /home/airflow/.local/lib/python3.8/site-packages/airflow/example_dags/example_setup_teardown_taskflow.py
[2023-11-19T23:22:27.508+0000] {processor.py:829} INFO - Processing file /home/airflow/.local/lib/python3.8/site-packages/airflow/example_dags/example_setup_teardown_taskflow.py for tasks to queue
[2023-11-19T23:22:27.509+0000] {logging_mixin.py:154} INFO - [2023-11-19T23:22:27.509+0000] {dagbag.py:536} INFO - Filling up the DagBag from /home/airflow/.local/lib/python3.8/site-packages/airflow/example_dags/example_setup_teardown_taskflow.py
[2023-11-19T23:22:27.513+0000] {processor.py:839} INFO - DAG(s) dict_keys(['example_setup_teardown_taskflow']) retrieved from /home/airflow/.local/lib/python3.8/site-packages/airflow/example_dags/example_setup_teardown_taskflow.py
[2023-11-19T23:22:27.522+0000] {logging_mixin.py:154} INFO - [2023-11-19T23:22:27.522+0000] {dag.py:2941} INFO - Sync 1 DAGs
[2023-11-19T23:22:27.531+0000] {logging_mixin.py:154} INFO - [2023-11-19T23:22:27.531+0000] {dag.py:3722} INFO - Setting next_dagrun for example_setup_teardown_taskflow to 2023-11-18T23:22:27.531623+00:00, run_after=2023-11-19T23:22:27.531623+00:00
[2023-11-19T23:22:27.537+0000] {processor.py:179} INFO - Processing /home/airflow/.local/lib/python3.8/site-packages/airflow/example_dags/example_setup_teardown_taskflow.py took 0.032 seconds
[2023-11-19T23:22:57.969+0000] {processor.py:157} INFO - Started process (PID=313) to work on /home/airflow/.local/lib/python3.8/site-packages/airflow/example_dags/example_setup_teardown_taskflow.py
[2023-11-19T23:22:57.969+0000] {processor.py:829} INFO - Processing file /home/airflow/.local/lib/python3.8/site-packages/airflow/example_dags/example_setup_teardown_taskflow.py for tasks to queue
[2023-11-19T23:22:57.970+0000] {logging_mixin.py:154} INFO - [2023-11-19T23:22:57.970+0000] {dagbag.py:536} INFO - Filling up the DagBag from /home/airflow/.local/lib/python3.8/site-packages/airflow/example_dags/example_setup_teardown_taskflow.py
[2023-11-19T23:22:57.974+0000] {processor.py:839} INFO - DAG(s) dict_keys(['example_setup_teardown_taskflow']) retrieved from /home/airflow/.local/lib/python3.8/site-packages/airflow/example_dags/example_setup_teardown_taskflow.py
[2023-11-19T23:22:57.983+0000] {logging_mixin.py:154} INFO - [2023-11-19T23:22:57.983+0000] {dag.py:2941} INFO - Sync 1 DAGs
[2023-11-19T23:22:57.992+0000] {logging_mixin.py:154} INFO - [2023-11-19T23:22:57.992+0000] {dag.py:3722} INFO - Setting next_dagrun for example_setup_teardown_taskflow to 2023-11-18T23:22:57.992393+00:00, run_after=2023-11-19T23:22:57.992393+00:00
[2023-11-19T23:22:57.998+0000] {processor.py:179} INFO - Processing /home/airflow/.local/lib/python3.8/site-packages/airflow/example_dags/example_setup_teardown_taskflow.py took 0.031 seconds
[2023-11-19T23:23:28.336+0000] {processor.py:157} INFO - Started process (PID=367) to work on /home/airflow/.local/lib/python3.8/site-packages/airflow/example_dags/example_setup_teardown_taskflow.py
[2023-11-19T23:23:28.336+0000] {processor.py:829} INFO - Processing file /home/airflow/.local/lib/python3.8/site-packages/airflow/example_dags/example_setup_teardown_taskflow.py for tasks to queue
[2023-11-19T23:23:28.337+0000] {logging_mixin.py:154} INFO - [2023-11-19T23:23:28.337+0000] {dagbag.py:536} INFO - Filling up the DagBag from /home/airflow/.local/lib/python3.8/site-packages/airflow/example_dags/example_setup_teardown_taskflow.py
[2023-11-19T23:23:28.342+0000] {processor.py:839} INFO - DAG(s) dict_keys(['example_setup_teardown_taskflow']) retrieved from /home/airflow/.local/lib/python3.8/site-packages/airflow/example_dags/example_setup_teardown_taskflow.py
[2023-11-19T23:23:28.351+0000] {logging_mixin.py:154} INFO - [2023-11-19T23:23:28.351+0000] {dag.py:2941} INFO - Sync 1 DAGs
[2023-11-19T23:23:28.360+0000] {logging_mixin.py:154} INFO - [2023-11-19T23:23:28.360+0000] {dag.py:3722} INFO - Setting next_dagrun for example_setup_teardown_taskflow to 2023-11-18T23:23:28.360266+00:00, run_after=2023-11-19T23:23:28.360266+00:00
[2023-11-19T23:23:28.366+0000] {processor.py:179} INFO - Processing /home/airflow/.local/lib/python3.8/site-packages/airflow/example_dags/example_setup_teardown_taskflow.py took 0.032 seconds
[2023-11-19T23:23:58.772+0000] {processor.py:157} INFO - Started process (PID=421) to work on /home/airflow/.local/lib/python3.8/site-packages/airflow/example_dags/example_setup_teardown_taskflow.py
[2023-11-19T23:23:58.772+0000] {processor.py:829} INFO - Processing file /home/airflow/.local/lib/python3.8/site-packages/airflow/example_dags/example_setup_teardown_taskflow.py for tasks to queue
[2023-11-19T23:23:58.774+0000] {logging_mixin.py:154} INFO - [2023-11-19T23:23:58.773+0000] {dagbag.py:536} INFO - Filling up the DagBag from /home/airflow/.local/lib/python3.8/site-packages/airflow/example_dags/example_setup_teardown_taskflow.py
[2023-11-19T23:23:58.778+0000] {processor.py:839} INFO - DAG(s) dict_keys(['example_setup_teardown_taskflow']) retrieved from /home/airflow/.local/lib/python3.8/site-packages/airflow/example_dags/example_setup_teardown_taskflow.py
[2023-11-19T23:23:58.788+0000] {logging_mixin.py:154} INFO - [2023-11-19T23:23:58.788+0000] {dag.py:2941} INFO - Sync 1 DAGs
[2023-11-19T23:23:58.797+0000] {logging_mixin.py:154} INFO - [2023-11-19T23:23:58.797+0000] {dag.py:3722} INFO - Setting next_dagrun for example_setup_teardown_taskflow to 2023-11-18T23:23:58.797289+00:00, run_after=2023-11-19T23:23:58.797289+00:00
[2023-11-19T23:23:58.803+0000] {processor.py:179} INFO - Processing /home/airflow/.local/lib/python3.8/site-packages/airflow/example_dags/example_setup_teardown_taskflow.py took 0.033 seconds
[2023-11-19T23:24:29.265+0000] {processor.py:157} INFO - Started process (PID=475) to work on /home/airflow/.local/lib/python3.8/site-packages/airflow/example_dags/example_setup_teardown_taskflow.py
[2023-11-19T23:24:29.265+0000] {processor.py:829} INFO - Processing file /home/airflow/.local/lib/python3.8/site-packages/airflow/example_dags/example_setup_teardown_taskflow.py for tasks to queue
[2023-11-19T23:24:29.267+0000] {logging_mixin.py:154} INFO - [2023-11-19T23:24:29.266+0000] {dagbag.py:536} INFO - Filling up the DagBag from /home/airflow/.local/lib/python3.8/site-packages/airflow/example_dags/example_setup_teardown_taskflow.py
[2023-11-19T23:24:29.271+0000] {processor.py:839} INFO - DAG(s) dict_keys(['example_setup_teardown_taskflow']) retrieved from /home/airflow/.local/lib/python3.8/site-packages/airflow/example_dags/example_setup_teardown_taskflow.py
[2023-11-19T23:24:29.282+0000] {logging_mixin.py:154} INFO - [2023-11-19T23:24:29.282+0000] {dag.py:2941} INFO - Sync 1 DAGs
[2023-11-19T23:24:29.291+0000] {logging_mixin.py:154} INFO - [2023-11-19T23:24:29.291+0000] {dag.py:3722} INFO - Setting next_dagrun for example_setup_teardown_taskflow to 2023-11-18T23:24:29.291157+00:00, run_after=2023-11-19T23:24:29.291157+00:00
[2023-11-19T23:24:29.297+0000] {processor.py:179} INFO - Processing /home/airflow/.local/lib/python3.8/site-packages/airflow/example_dags/example_setup_teardown_taskflow.py took 0.034 seconds
[2023-11-19T23:24:59.753+0000] {processor.py:157} INFO - Started process (PID=529) to work on /home/airflow/.local/lib/python3.8/site-packages/airflow/example_dags/example_setup_teardown_taskflow.py
[2023-11-19T23:24:59.753+0000] {processor.py:829} INFO - Processing file /home/airflow/.local/lib/python3.8/site-packages/airflow/example_dags/example_setup_teardown_taskflow.py for tasks to queue
[2023-11-19T23:24:59.754+0000] {logging_mixin.py:154} INFO - [2023-11-19T23:24:59.754+0000] {dagbag.py:536} INFO - Filling up the DagBag from /home/airflow/.local/lib/python3.8/site-packages/airflow/example_dags/example_setup_teardown_taskflow.py
[2023-11-19T23:24:59.759+0000] {processor.py:839} INFO - DAG(s) dict_keys(['example_setup_teardown_taskflow']) retrieved from /home/airflow/.local/lib/python3.8/site-packages/airflow/example_dags/example_setup_teardown_taskflow.py
[2023-11-19T23:24:59.769+0000] {logging_mixin.py:154} INFO - [2023-11-19T23:24:59.769+0000] {dag.py:2941} INFO - Sync 1 DAGs
[2023-11-19T23:24:59.778+0000] {logging_mixin.py:154} INFO - [2023-11-19T23:24:59.777+0000] {dag.py:3722} INFO - Setting next_dagrun for example_setup_teardown_taskflow to 2023-11-18T23:24:59.777883+00:00, run_after=2023-11-19T23:24:59.777883+00:00
[2023-11-19T23:24:59.784+0000] {processor.py:179} INFO - Processing /home/airflow/.local/lib/python3.8/site-packages/airflow/example_dags/example_setup_teardown_taskflow.py took 0.033 seconds
[2023-11-19T23:25:30.283+0000] {processor.py:157} INFO - Started process (PID=583) to work on /home/airflow/.local/lib/python3.8/site-packages/airflow/example_dags/example_setup_teardown_taskflow.py
[2023-11-19T23:25:30.283+0000] {processor.py:829} INFO - Processing file /home/airflow/.local/lib/python3.8/site-packages/airflow/example_dags/example_setup_teardown_taskflow.py for tasks to queue
[2023-11-19T23:25:30.284+0000] {logging_mixin.py:154} INFO - [2023-11-19T23:25:30.284+0000] {dagbag.py:536} INFO - Filling up the DagBag from /home/airflow/.local/lib/python3.8/site-packages/airflow/example_dags/example_setup_teardown_taskflow.py
[2023-11-19T23:25:30.289+0000] {processor.py:839} INFO - DAG(s) dict_keys(['example_setup_teardown_taskflow']) retrieved from /home/airflow/.local/lib/python3.8/site-packages/airflow/example_dags/example_setup_teardown_taskflow.py
[2023-11-19T23:25:30.300+0000] {logging_mixin.py:154} INFO - [2023-11-19T23:25:30.299+0000] {dag.py:2941} INFO - Sync 1 DAGs
[2023-11-19T23:25:30.309+0000] {logging_mixin.py:154} INFO - [2023-11-19T23:25:30.309+0000] {dag.py:3722} INFO - Setting next_dagrun for example_setup_teardown_taskflow to 2023-11-18T23:25:30.309153+00:00, run_after=2023-11-19T23:25:30.309153+00:00
[2023-11-19T23:25:30.315+0000] {processor.py:179} INFO - Processing /home/airflow/.local/lib/python3.8/site-packages/airflow/example_dags/example_setup_teardown_taskflow.py took 0.034 seconds
[2023-11-19T23:31:22.534+0000] {processor.py:157} INFO - Started process (PID=44) to work on /home/airflow/.local/lib/python3.8/site-packages/airflow/example_dags/example_setup_teardown_taskflow.py
[2023-11-19T23:31:22.534+0000] {processor.py:829} INFO - Processing file /home/airflow/.local/lib/python3.8/site-packages/airflow/example_dags/example_setup_teardown_taskflow.py for tasks to queue
[2023-11-19T23:31:22.536+0000] {logging_mixin.py:154} INFO - [2023-11-19T23:31:22.536+0000] {dagbag.py:536} INFO - Filling up the DagBag from /home/airflow/.local/lib/python3.8/site-packages/airflow/example_dags/example_setup_teardown_taskflow.py
[2023-11-19T23:31:22.543+0000] {processor.py:839} INFO - DAG(s) dict_keys(['example_setup_teardown_taskflow']) retrieved from /home/airflow/.local/lib/python3.8/site-packages/airflow/example_dags/example_setup_teardown_taskflow.py
[2023-11-19T23:31:22.609+0000] {logging_mixin.py:154} INFO - [2023-11-19T23:31:22.608+0000] {manager.py:499} INFO - Created Permission View: %s
[2023-11-19T23:31:22.614+0000] {logging_mixin.py:154} INFO - [2023-11-19T23:31:22.614+0000] {manager.py:499} INFO - Created Permission View: %s
[2023-11-19T23:31:22.617+0000] {logging_mixin.py:154} INFO - [2023-11-19T23:31:22.617+0000] {manager.py:499} INFO - Created Permission View: %s
[2023-11-19T23:31:22.617+0000] {logging_mixin.py:154} INFO - [2023-11-19T23:31:22.617+0000] {dag.py:2941} INFO - Sync 1 DAGs
[2023-11-19T23:31:22.625+0000] {logging_mixin.py:154} INFO - [2023-11-19T23:31:22.625+0000] {dag.py:2963} INFO - Creating ORM DAG for example_setup_teardown_taskflow
[2023-11-19T23:31:22.631+0000] {logging_mixin.py:154} INFO - [2023-11-19T23:31:22.631+0000] {dag.py:3722} INFO - Setting next_dagrun for example_setup_teardown_taskflow to 2023-11-18T23:31:22.631540+00:00, run_after=2023-11-19T23:31:22.631540+00:00
[2023-11-19T23:31:22.640+0000] {processor.py:179} INFO - Processing /home/airflow/.local/lib/python3.8/site-packages/airflow/example_dags/example_setup_teardown_taskflow.py took 0.108 seconds
[2023-11-19T23:31:52.657+0000] {processor.py:157} INFO - Started process (PID=98) to work on /home/airflow/.local/lib/python3.8/site-packages/airflow/example_dags/example_setup_teardown_taskflow.py
[2023-11-19T23:31:52.658+0000] {processor.py:829} INFO - Processing file /home/airflow/.local/lib/python3.8/site-packages/airflow/example_dags/example_setup_teardown_taskflow.py for tasks to queue
[2023-11-19T23:31:52.659+0000] {logging_mixin.py:154} INFO - [2023-11-19T23:31:52.658+0000] {dagbag.py:536} INFO - Filling up the DagBag from /home/airflow/.local/lib/python3.8/site-packages/airflow/example_dags/example_setup_teardown_taskflow.py
[2023-11-19T23:31:52.663+0000] {processor.py:839} INFO - DAG(s) dict_keys(['example_setup_teardown_taskflow']) retrieved from /home/airflow/.local/lib/python3.8/site-packages/airflow/example_dags/example_setup_teardown_taskflow.py
[2023-11-19T23:31:52.674+0000] {logging_mixin.py:154} INFO - [2023-11-19T23:31:52.674+0000] {dag.py:2941} INFO - Sync 1 DAGs
[2023-11-19T23:31:52.684+0000] {logging_mixin.py:154} INFO - [2023-11-19T23:31:52.683+0000] {dag.py:3722} INFO - Setting next_dagrun for example_setup_teardown_taskflow to 2023-11-18T23:31:52.683829+00:00, run_after=2023-11-19T23:31:52.683829+00:00
[2023-11-19T23:31:52.690+0000] {processor.py:179} INFO - Processing /home/airflow/.local/lib/python3.8/site-packages/airflow/example_dags/example_setup_teardown_taskflow.py took 0.034 seconds
[2023-11-19T23:32:23.211+0000] {processor.py:157} INFO - Started process (PID=152) to work on /home/airflow/.local/lib/python3.8/site-packages/airflow/example_dags/example_setup_teardown_taskflow.py
[2023-11-19T23:32:23.212+0000] {processor.py:829} INFO - Processing file /home/airflow/.local/lib/python3.8/site-packages/airflow/example_dags/example_setup_teardown_taskflow.py for tasks to queue
[2023-11-19T23:32:23.213+0000] {logging_mixin.py:154} INFO - [2023-11-19T23:32:23.213+0000] {dagbag.py:536} INFO - Filling up the DagBag from /home/airflow/.local/lib/python3.8/site-packages/airflow/example_dags/example_setup_teardown_taskflow.py
[2023-11-19T23:32:23.217+0000] {processor.py:839} INFO - DAG(s) dict_keys(['example_setup_teardown_taskflow']) retrieved from /home/airflow/.local/lib/python3.8/site-packages/airflow/example_dags/example_setup_teardown_taskflow.py
[2023-11-19T23:32:23.230+0000] {logging_mixin.py:154} INFO - [2023-11-19T23:32:23.230+0000] {dag.py:2941} INFO - Sync 1 DAGs
[2023-11-19T23:32:23.240+0000] {logging_mixin.py:154} INFO - [2023-11-19T23:32:23.240+0000] {dag.py:3722} INFO - Setting next_dagrun for example_setup_teardown_taskflow to 2023-11-18T23:32:23.240393+00:00, run_after=2023-11-19T23:32:23.240393+00:00
[2023-11-19T23:32:23.247+0000] {processor.py:179} INFO - Processing /home/airflow/.local/lib/python3.8/site-packages/airflow/example_dags/example_setup_teardown_taskflow.py took 0.037 seconds
[2023-11-19T23:32:53.691+0000] {processor.py:157} INFO - Started process (PID=206) to work on /home/airflow/.local/lib/python3.8/site-packages/airflow/example_dags/example_setup_teardown_taskflow.py
[2023-11-19T23:32:53.692+0000] {processor.py:829} INFO - Processing file /home/airflow/.local/lib/python3.8/site-packages/airflow/example_dags/example_setup_teardown_taskflow.py for tasks to queue
[2023-11-19T23:32:53.693+0000] {logging_mixin.py:154} INFO - [2023-11-19T23:32:53.693+0000] {dagbag.py:536} INFO - Filling up the DagBag from /home/airflow/.local/lib/python3.8/site-packages/airflow/example_dags/example_setup_teardown_taskflow.py
[2023-11-19T23:32:53.697+0000] {processor.py:839} INFO - DAG(s) dict_keys(['example_setup_teardown_taskflow']) retrieved from /home/airflow/.local/lib/python3.8/site-packages/airflow/example_dags/example_setup_teardown_taskflow.py
[2023-11-19T23:32:53.707+0000] {logging_mixin.py:154} INFO - [2023-11-19T23:32:53.707+0000] {dag.py:2941} INFO - Sync 1 DAGs
[2023-11-19T23:32:53.716+0000] {logging_mixin.py:154} INFO - [2023-11-19T23:32:53.716+0000] {dag.py:3722} INFO - Setting next_dagrun for example_setup_teardown_taskflow to 2023-11-18T23:32:53.716647+00:00, run_after=2023-11-19T23:32:53.716647+00:00
[2023-11-19T23:32:53.722+0000] {processor.py:179} INFO - Processing /home/airflow/.local/lib/python3.8/site-packages/airflow/example_dags/example_setup_teardown_taskflow.py took 0.033 seconds
[2023-11-19T23:33:24.161+0000] {processor.py:157} INFO - Started process (PID=260) to work on /home/airflow/.local/lib/python3.8/site-packages/airflow/example_dags/example_setup_teardown_taskflow.py
[2023-11-19T23:33:24.162+0000] {processor.py:829} INFO - Processing file /home/airflow/.local/lib/python3.8/site-packages/airflow/example_dags/example_setup_teardown_taskflow.py for tasks to queue
[2023-11-19T23:33:24.163+0000] {logging_mixin.py:154} INFO - [2023-11-19T23:33:24.163+0000] {dagbag.py:536} INFO - Filling up the DagBag from /home/airflow/.local/lib/python3.8/site-packages/airflow/example_dags/example_setup_teardown_taskflow.py
[2023-11-19T23:33:24.167+0000] {processor.py:839} INFO - DAG(s) dict_keys(['example_setup_teardown_taskflow']) retrieved from /home/airflow/.local/lib/python3.8/site-packages/airflow/example_dags/example_setup_teardown_taskflow.py
[2023-11-19T23:33:24.177+0000] {logging_mixin.py:154} INFO - [2023-11-19T23:33:24.177+0000] {dag.py:2941} INFO - Sync 1 DAGs
[2023-11-19T23:33:24.185+0000] {logging_mixin.py:154} INFO - [2023-11-19T23:33:24.185+0000] {dag.py:3722} INFO - Setting next_dagrun for example_setup_teardown_taskflow to 2023-11-18T23:33:24.185739+00:00, run_after=2023-11-19T23:33:24.185739+00:00
[2023-11-19T23:33:24.192+0000] {processor.py:179} INFO - Processing /home/airflow/.local/lib/python3.8/site-packages/airflow/example_dags/example_setup_teardown_taskflow.py took 0.032 seconds
[2023-11-19T23:33:54.703+0000] {processor.py:157} INFO - Started process (PID=314) to work on /home/airflow/.local/lib/python3.8/site-packages/airflow/example_dags/example_setup_teardown_taskflow.py
[2023-11-19T23:33:54.704+0000] {processor.py:829} INFO - Processing file /home/airflow/.local/lib/python3.8/site-packages/airflow/example_dags/example_setup_teardown_taskflow.py for tasks to queue
[2023-11-19T23:33:54.705+0000] {logging_mixin.py:154} INFO - [2023-11-19T23:33:54.705+0000] {dagbag.py:536} INFO - Filling up the DagBag from /home/airflow/.local/lib/python3.8/site-packages/airflow/example_dags/example_setup_teardown_taskflow.py
[2023-11-19T23:33:54.710+0000] {processor.py:839} INFO - DAG(s) dict_keys(['example_setup_teardown_taskflow']) retrieved from /home/airflow/.local/lib/python3.8/site-packages/airflow/example_dags/example_setup_teardown_taskflow.py
[2023-11-19T23:33:54.719+0000] {logging_mixin.py:154} INFO - [2023-11-19T23:33:54.719+0000] {dag.py:2941} INFO - Sync 1 DAGs
[2023-11-19T23:33:54.729+0000] {logging_mixin.py:154} INFO - [2023-11-19T23:33:54.729+0000] {dag.py:3722} INFO - Setting next_dagrun for example_setup_teardown_taskflow to 2023-11-18T23:33:54.728975+00:00, run_after=2023-11-19T23:33:54.728975+00:00
[2023-11-19T23:33:54.734+0000] {processor.py:179} INFO - Processing /home/airflow/.local/lib/python3.8/site-packages/airflow/example_dags/example_setup_teardown_taskflow.py took 0.033 seconds
[2023-11-19T23:34:25.109+0000] {processor.py:157} INFO - Started process (PID=368) to work on /home/airflow/.local/lib/python3.8/site-packages/airflow/example_dags/example_setup_teardown_taskflow.py
[2023-11-19T23:34:25.109+0000] {processor.py:829} INFO - Processing file /home/airflow/.local/lib/python3.8/site-packages/airflow/example_dags/example_setup_teardown_taskflow.py for tasks to queue
[2023-11-19T23:34:25.110+0000] {logging_mixin.py:154} INFO - [2023-11-19T23:34:25.110+0000] {dagbag.py:536} INFO - Filling up the DagBag from /home/airflow/.local/lib/python3.8/site-packages/airflow/example_dags/example_setup_teardown_taskflow.py
[2023-11-19T23:34:25.115+0000] {processor.py:839} INFO - DAG(s) dict_keys(['example_setup_teardown_taskflow']) retrieved from /home/airflow/.local/lib/python3.8/site-packages/airflow/example_dags/example_setup_teardown_taskflow.py
[2023-11-19T23:34:25.124+0000] {logging_mixin.py:154} INFO - [2023-11-19T23:34:25.124+0000] {dag.py:2941} INFO - Sync 1 DAGs
[2023-11-19T23:34:25.132+0000] {logging_mixin.py:154} INFO - [2023-11-19T23:34:25.132+0000] {dag.py:3722} INFO - Setting next_dagrun for example_setup_teardown_taskflow to 2023-11-18T23:34:25.132449+00:00, run_after=2023-11-19T23:34:25.132449+00:00
[2023-11-19T23:34:25.138+0000] {processor.py:179} INFO - Processing /home/airflow/.local/lib/python3.8/site-packages/airflow/example_dags/example_setup_teardown_taskflow.py took 0.031 seconds
[2023-11-19T23:34:55.581+0000] {processor.py:157} INFO - Started process (PID=422) to work on /home/airflow/.local/lib/python3.8/site-packages/airflow/example_dags/example_setup_teardown_taskflow.py
[2023-11-19T23:34:55.582+0000] {processor.py:829} INFO - Processing file /home/airflow/.local/lib/python3.8/site-packages/airflow/example_dags/example_setup_teardown_taskflow.py for tasks to queue
[2023-11-19T23:34:55.583+0000] {logging_mixin.py:154} INFO - [2023-11-19T23:34:55.583+0000] {dagbag.py:536} INFO - Filling up the DagBag from /home/airflow/.local/lib/python3.8/site-packages/airflow/example_dags/example_setup_teardown_taskflow.py
[2023-11-19T23:34:55.587+0000] {processor.py:839} INFO - DAG(s) dict_keys(['example_setup_teardown_taskflow']) retrieved from /home/airflow/.local/lib/python3.8/site-packages/airflow/example_dags/example_setup_teardown_taskflow.py
[2023-11-19T23:34:55.597+0000] {logging_mixin.py:154} INFO - [2023-11-19T23:34:55.596+0000] {dag.py:2941} INFO - Sync 1 DAGs
[2023-11-19T23:34:55.605+0000] {logging_mixin.py:154} INFO - [2023-11-19T23:34:55.605+0000] {dag.py:3722} INFO - Setting next_dagrun for example_setup_teardown_taskflow to 2023-11-18T23:34:55.605113+00:00, run_after=2023-11-19T23:34:55.605113+00:00
[2023-11-19T23:34:55.611+0000] {processor.py:179} INFO - Processing /home/airflow/.local/lib/python3.8/site-packages/airflow/example_dags/example_setup_teardown_taskflow.py took 0.031 seconds
[2023-11-19T23:35:26.113+0000] {processor.py:157} INFO - Started process (PID=476) to work on /home/airflow/.local/lib/python3.8/site-packages/airflow/example_dags/example_setup_teardown_taskflow.py
[2023-11-19T23:35:26.113+0000] {processor.py:829} INFO - Processing file /home/airflow/.local/lib/python3.8/site-packages/airflow/example_dags/example_setup_teardown_taskflow.py for tasks to queue
[2023-11-19T23:35:26.114+0000] {logging_mixin.py:154} INFO - [2023-11-19T23:35:26.114+0000] {dagbag.py:536} INFO - Filling up the DagBag from /home/airflow/.local/lib/python3.8/site-packages/airflow/example_dags/example_setup_teardown_taskflow.py
[2023-11-19T23:35:26.119+0000] {processor.py:839} INFO - DAG(s) dict_keys(['example_setup_teardown_taskflow']) retrieved from /home/airflow/.local/lib/python3.8/site-packages/airflow/example_dags/example_setup_teardown_taskflow.py
[2023-11-19T23:35:26.128+0000] {logging_mixin.py:154} INFO - [2023-11-19T23:35:26.128+0000] {dag.py:2941} INFO - Sync 1 DAGs
[2023-11-19T23:35:26.137+0000] {logging_mixin.py:154} INFO - [2023-11-19T23:35:26.137+0000] {dag.py:3722} INFO - Setting next_dagrun for example_setup_teardown_taskflow to 2023-11-18T23:35:26.137264+00:00, run_after=2023-11-19T23:35:26.137264+00:00
[2023-11-19T23:35:26.143+0000] {processor.py:179} INFO - Processing /home/airflow/.local/lib/python3.8/site-packages/airflow/example_dags/example_setup_teardown_taskflow.py took 0.032 seconds
[2023-11-19T23:35:56.670+0000] {processor.py:157} INFO - Started process (PID=530) to work on /home/airflow/.local/lib/python3.8/site-packages/airflow/example_dags/example_setup_teardown_taskflow.py
[2023-11-19T23:35:56.670+0000] {processor.py:829} INFO - Processing file /home/airflow/.local/lib/python3.8/site-packages/airflow/example_dags/example_setup_teardown_taskflow.py for tasks to queue
[2023-11-19T23:35:56.671+0000] {logging_mixin.py:154} INFO - [2023-11-19T23:35:56.671+0000] {dagbag.py:536} INFO - Filling up the DagBag from /home/airflow/.local/lib/python3.8/site-packages/airflow/example_dags/example_setup_teardown_taskflow.py
[2023-11-19T23:35:56.676+0000] {processor.py:839} INFO - DAG(s) dict_keys(['example_setup_teardown_taskflow']) retrieved from /home/airflow/.local/lib/python3.8/site-packages/airflow/example_dags/example_setup_teardown_taskflow.py
[2023-11-19T23:35:56.686+0000] {logging_mixin.py:154} INFO - [2023-11-19T23:35:56.686+0000] {dag.py:2941} INFO - Sync 1 DAGs
[2023-11-19T23:35:56.695+0000] {logging_mixin.py:154} INFO - [2023-11-19T23:35:56.695+0000] {dag.py:3722} INFO - Setting next_dagrun for example_setup_teardown_taskflow to 2023-11-18T23:35:56.695331+00:00, run_after=2023-11-19T23:35:56.695331+00:00
[2023-11-19T23:35:56.701+0000] {processor.py:179} INFO - Processing /home/airflow/.local/lib/python3.8/site-packages/airflow/example_dags/example_setup_teardown_taskflow.py took 0.033 seconds
[2023-11-19T23:36:27.174+0000] {processor.py:157} INFO - Started process (PID=584) to work on /home/airflow/.local/lib/python3.8/site-packages/airflow/example_dags/example_setup_teardown_taskflow.py
[2023-11-19T23:36:27.175+0000] {processor.py:829} INFO - Processing file /home/airflow/.local/lib/python3.8/site-packages/airflow/example_dags/example_setup_teardown_taskflow.py for tasks to queue
[2023-11-19T23:36:27.176+0000] {logging_mixin.py:154} INFO - [2023-11-19T23:36:27.176+0000] {dagbag.py:536} INFO - Filling up the DagBag from /home/airflow/.local/lib/python3.8/site-packages/airflow/example_dags/example_setup_teardown_taskflow.py
[2023-11-19T23:36:27.182+0000] {processor.py:839} INFO - DAG(s) dict_keys(['example_setup_teardown_taskflow']) retrieved from /home/airflow/.local/lib/python3.8/site-packages/airflow/example_dags/example_setup_teardown_taskflow.py
[2023-11-19T23:36:27.194+0000] {logging_mixin.py:154} INFO - [2023-11-19T23:36:27.193+0000] {dag.py:2941} INFO - Sync 1 DAGs
[2023-11-19T23:36:27.206+0000] {logging_mixin.py:154} INFO - [2023-11-19T23:36:27.206+0000] {dag.py:3722} INFO - Setting next_dagrun for example_setup_teardown_taskflow to 2023-11-18T23:36:27.206601+00:00, run_after=2023-11-19T23:36:27.206601+00:00
[2023-11-19T23:36:27.214+0000] {processor.py:179} INFO - Processing /home/airflow/.local/lib/python3.8/site-packages/airflow/example_dags/example_setup_teardown_taskflow.py took 0.042 seconds
