[2023-11-19T23:20:25.939+0000] {processor.py:157} INFO - Started process (PID=45) to work on /home/airflow/.local/lib/python3.8/site-packages/airflow/example_dags/example_sensor_decorator.py
[2023-11-19T23:20:25.940+0000] {processor.py:829} INFO - Processing file /home/airflow/.local/lib/python3.8/site-packages/airflow/example_dags/example_sensor_decorator.py for tasks to queue
[2023-11-19T23:20:25.941+0000] {logging_mixin.py:154} INFO - [2023-11-19T23:20:25.941+0000] {dagbag.py:536} INFO - Filling up the DagBag from /home/airflow/.local/lib/python3.8/site-packages/airflow/example_dags/example_sensor_decorator.py
[2023-11-19T23:20:25.945+0000] {processor.py:839} INFO - DAG(s) dict_keys(['example_sensor_decorator']) retrieved from /home/airflow/.local/lib/python3.8/site-packages/airflow/example_dags/example_sensor_decorator.py
[2023-11-19T23:20:26.004+0000] {logging_mixin.py:154} INFO - [2023-11-19T23:20:26.004+0000] {manager.py:499} INFO - Created Permission View: %s
[2023-11-19T23:20:26.009+0000] {logging_mixin.py:154} INFO - [2023-11-19T23:20:26.009+0000] {manager.py:499} INFO - Created Permission View: %s
[2023-11-19T23:20:26.012+0000] {logging_mixin.py:154} INFO - [2023-11-19T23:20:26.012+0000] {manager.py:499} INFO - Created Permission View: %s
[2023-11-19T23:20:26.013+0000] {logging_mixin.py:154} INFO - [2023-11-19T23:20:26.012+0000] {dag.py:2941} INFO - Sync 1 DAGs
[2023-11-19T23:20:26.020+0000] {logging_mixin.py:154} INFO - [2023-11-19T23:20:26.019+0000] {dag.py:2963} INFO - Creating ORM DAG for example_sensor_decorator
[2023-11-19T23:20:26.020+0000] {logging_mixin.py:154} INFO - [2023-11-19T23:20:26.020+0000] {dag.py:3722} INFO - Setting next_dagrun for example_sensor_decorator to None, run_after=None
[2023-11-19T23:20:26.029+0000] {processor.py:179} INFO - Processing /home/airflow/.local/lib/python3.8/site-packages/airflow/example_dags/example_sensor_decorator.py took 0.091 seconds
[2023-11-19T23:20:56.997+0000] {processor.py:157} INFO - Started process (PID=99) to work on /home/airflow/.local/lib/python3.8/site-packages/airflow/example_dags/example_sensor_decorator.py
[2023-11-19T23:20:56.998+0000] {processor.py:829} INFO - Processing file /home/airflow/.local/lib/python3.8/site-packages/airflow/example_dags/example_sensor_decorator.py for tasks to queue
[2023-11-19T23:20:57.000+0000] {logging_mixin.py:154} INFO - [2023-11-19T23:20:57.000+0000] {dagbag.py:536} INFO - Filling up the DagBag from /home/airflow/.local/lib/python3.8/site-packages/airflow/example_dags/example_sensor_decorator.py
[2023-11-19T23:20:57.006+0000] {processor.py:839} INFO - DAG(s) dict_keys(['example_sensor_decorator']) retrieved from /home/airflow/.local/lib/python3.8/site-packages/airflow/example_dags/example_sensor_decorator.py
[2023-11-19T23:20:57.019+0000] {logging_mixin.py:154} INFO - [2023-11-19T23:20:57.019+0000] {dag.py:2941} INFO - Sync 1 DAGs
[2023-11-19T23:20:57.026+0000] {logging_mixin.py:154} INFO - [2023-11-19T23:20:57.026+0000] {dag.py:3722} INFO - Setting next_dagrun for example_sensor_decorator to None, run_after=None
[2023-11-19T23:20:57.035+0000] {processor.py:179} INFO - Processing /home/airflow/.local/lib/python3.8/site-packages/airflow/example_dags/example_sensor_decorator.py took 0.042 seconds
[2023-11-19T23:21:27.650+0000] {processor.py:157} INFO - Started process (PID=153) to work on /home/airflow/.local/lib/python3.8/site-packages/airflow/example_dags/example_sensor_decorator.py
[2023-11-19T23:21:27.651+0000] {processor.py:829} INFO - Processing file /home/airflow/.local/lib/python3.8/site-packages/airflow/example_dags/example_sensor_decorator.py for tasks to queue
[2023-11-19T23:21:27.653+0000] {logging_mixin.py:154} INFO - [2023-11-19T23:21:27.653+0000] {dagbag.py:536} INFO - Filling up the DagBag from /home/airflow/.local/lib/python3.8/site-packages/airflow/example_dags/example_sensor_decorator.py
[2023-11-19T23:21:27.658+0000] {processor.py:839} INFO - DAG(s) dict_keys(['example_sensor_decorator']) retrieved from /home/airflow/.local/lib/python3.8/site-packages/airflow/example_dags/example_sensor_decorator.py
[2023-11-19T23:21:27.671+0000] {logging_mixin.py:154} INFO - [2023-11-19T23:21:27.671+0000] {dag.py:2941} INFO - Sync 1 DAGs
[2023-11-19T23:21:27.679+0000] {logging_mixin.py:154} INFO - [2023-11-19T23:21:27.679+0000] {dag.py:3722} INFO - Setting next_dagrun for example_sensor_decorator to None, run_after=None
[2023-11-19T23:21:27.687+0000] {processor.py:179} INFO - Processing /home/airflow/.local/lib/python3.8/site-packages/airflow/example_dags/example_sensor_decorator.py took 0.040 seconds
[2023-11-19T23:21:58.113+0000] {processor.py:157} INFO - Started process (PID=207) to work on /home/airflow/.local/lib/python3.8/site-packages/airflow/example_dags/example_sensor_decorator.py
[2023-11-19T23:21:58.114+0000] {processor.py:829} INFO - Processing file /home/airflow/.local/lib/python3.8/site-packages/airflow/example_dags/example_sensor_decorator.py for tasks to queue
[2023-11-19T23:21:58.116+0000] {logging_mixin.py:154} INFO - [2023-11-19T23:21:58.116+0000] {dagbag.py:536} INFO - Filling up the DagBag from /home/airflow/.local/lib/python3.8/site-packages/airflow/example_dags/example_sensor_decorator.py
[2023-11-19T23:21:58.121+0000] {processor.py:839} INFO - DAG(s) dict_keys(['example_sensor_decorator']) retrieved from /home/airflow/.local/lib/python3.8/site-packages/airflow/example_dags/example_sensor_decorator.py
[2023-11-19T23:21:58.134+0000] {logging_mixin.py:154} INFO - [2023-11-19T23:21:58.134+0000] {dag.py:2941} INFO - Sync 1 DAGs
[2023-11-19T23:21:58.141+0000] {logging_mixin.py:154} INFO - [2023-11-19T23:21:58.141+0000] {dag.py:3722} INFO - Setting next_dagrun for example_sensor_decorator to None, run_after=None
[2023-11-19T23:21:58.150+0000] {processor.py:179} INFO - Processing /home/airflow/.local/lib/python3.8/site-packages/airflow/example_dags/example_sensor_decorator.py took 0.041 seconds
[2023-11-19T23:22:28.577+0000] {processor.py:157} INFO - Started process (PID=261) to work on /home/airflow/.local/lib/python3.8/site-packages/airflow/example_dags/example_sensor_decorator.py
[2023-11-19T23:22:28.578+0000] {processor.py:829} INFO - Processing file /home/airflow/.local/lib/python3.8/site-packages/airflow/example_dags/example_sensor_decorator.py for tasks to queue
[2023-11-19T23:22:28.581+0000] {logging_mixin.py:154} INFO - [2023-11-19T23:22:28.581+0000] {dagbag.py:536} INFO - Filling up the DagBag from /home/airflow/.local/lib/python3.8/site-packages/airflow/example_dags/example_sensor_decorator.py
[2023-11-19T23:22:28.587+0000] {processor.py:839} INFO - DAG(s) dict_keys(['example_sensor_decorator']) retrieved from /home/airflow/.local/lib/python3.8/site-packages/airflow/example_dags/example_sensor_decorator.py
[2023-11-19T23:22:28.601+0000] {logging_mixin.py:154} INFO - [2023-11-19T23:22:28.601+0000] {dag.py:2941} INFO - Sync 1 DAGs
[2023-11-19T23:22:28.609+0000] {logging_mixin.py:154} INFO - [2023-11-19T23:22:28.609+0000] {dag.py:3722} INFO - Setting next_dagrun for example_sensor_decorator to None, run_after=None
[2023-11-19T23:22:28.618+0000] {processor.py:179} INFO - Processing /home/airflow/.local/lib/python3.8/site-packages/airflow/example_dags/example_sensor_decorator.py took 0.044 seconds
[2023-11-19T23:22:59.034+0000] {processor.py:157} INFO - Started process (PID=315) to work on /home/airflow/.local/lib/python3.8/site-packages/airflow/example_dags/example_sensor_decorator.py
[2023-11-19T23:22:59.035+0000] {processor.py:829} INFO - Processing file /home/airflow/.local/lib/python3.8/site-packages/airflow/example_dags/example_sensor_decorator.py for tasks to queue
[2023-11-19T23:22:59.037+0000] {logging_mixin.py:154} INFO - [2023-11-19T23:22:59.037+0000] {dagbag.py:536} INFO - Filling up the DagBag from /home/airflow/.local/lib/python3.8/site-packages/airflow/example_dags/example_sensor_decorator.py
[2023-11-19T23:22:59.042+0000] {processor.py:839} INFO - DAG(s) dict_keys(['example_sensor_decorator']) retrieved from /home/airflow/.local/lib/python3.8/site-packages/airflow/example_dags/example_sensor_decorator.py
[2023-11-19T23:22:59.055+0000] {logging_mixin.py:154} INFO - [2023-11-19T23:22:59.055+0000] {dag.py:2941} INFO - Sync 1 DAGs
[2023-11-19T23:22:59.062+0000] {logging_mixin.py:154} INFO - [2023-11-19T23:22:59.061+0000] {dag.py:3722} INFO - Setting next_dagrun for example_sensor_decorator to None, run_after=None
[2023-11-19T23:22:59.070+0000] {processor.py:179} INFO - Processing /home/airflow/.local/lib/python3.8/site-packages/airflow/example_dags/example_sensor_decorator.py took 0.040 seconds
[2023-11-19T23:23:29.407+0000] {processor.py:157} INFO - Started process (PID=369) to work on /home/airflow/.local/lib/python3.8/site-packages/airflow/example_dags/example_sensor_decorator.py
[2023-11-19T23:23:29.408+0000] {processor.py:829} INFO - Processing file /home/airflow/.local/lib/python3.8/site-packages/airflow/example_dags/example_sensor_decorator.py for tasks to queue
[2023-11-19T23:23:29.410+0000] {logging_mixin.py:154} INFO - [2023-11-19T23:23:29.410+0000] {dagbag.py:536} INFO - Filling up the DagBag from /home/airflow/.local/lib/python3.8/site-packages/airflow/example_dags/example_sensor_decorator.py
[2023-11-19T23:23:29.415+0000] {processor.py:839} INFO - DAG(s) dict_keys(['example_sensor_decorator']) retrieved from /home/airflow/.local/lib/python3.8/site-packages/airflow/example_dags/example_sensor_decorator.py
[2023-11-19T23:23:29.428+0000] {logging_mixin.py:154} INFO - [2023-11-19T23:23:29.428+0000] {dag.py:2941} INFO - Sync 1 DAGs
[2023-11-19T23:23:29.435+0000] {logging_mixin.py:154} INFO - [2023-11-19T23:23:29.435+0000] {dag.py:3722} INFO - Setting next_dagrun for example_sensor_decorator to None, run_after=None
[2023-11-19T23:23:29.443+0000] {processor.py:179} INFO - Processing /home/airflow/.local/lib/python3.8/site-packages/airflow/example_dags/example_sensor_decorator.py took 0.041 seconds
[2023-11-19T23:23:59.839+0000] {processor.py:157} INFO - Started process (PID=423) to work on /home/airflow/.local/lib/python3.8/site-packages/airflow/example_dags/example_sensor_decorator.py
[2023-11-19T23:23:59.840+0000] {processor.py:829} INFO - Processing file /home/airflow/.local/lib/python3.8/site-packages/airflow/example_dags/example_sensor_decorator.py for tasks to queue
[2023-11-19T23:23:59.843+0000] {logging_mixin.py:154} INFO - [2023-11-19T23:23:59.842+0000] {dagbag.py:536} INFO - Filling up the DagBag from /home/airflow/.local/lib/python3.8/site-packages/airflow/example_dags/example_sensor_decorator.py
[2023-11-19T23:23:59.849+0000] {processor.py:839} INFO - DAG(s) dict_keys(['example_sensor_decorator']) retrieved from /home/airflow/.local/lib/python3.8/site-packages/airflow/example_dags/example_sensor_decorator.py
[2023-11-19T23:23:59.863+0000] {logging_mixin.py:154} INFO - [2023-11-19T23:23:59.863+0000] {dag.py:2941} INFO - Sync 1 DAGs
[2023-11-19T23:23:59.870+0000] {logging_mixin.py:154} INFO - [2023-11-19T23:23:59.870+0000] {dag.py:3722} INFO - Setting next_dagrun for example_sensor_decorator to None, run_after=None
[2023-11-19T23:23:59.879+0000] {processor.py:179} INFO - Processing /home/airflow/.local/lib/python3.8/site-packages/airflow/example_dags/example_sensor_decorator.py took 0.044 seconds
[2023-11-19T23:24:30.333+0000] {processor.py:157} INFO - Started process (PID=477) to work on /home/airflow/.local/lib/python3.8/site-packages/airflow/example_dags/example_sensor_decorator.py
[2023-11-19T23:24:30.334+0000] {processor.py:829} INFO - Processing file /home/airflow/.local/lib/python3.8/site-packages/airflow/example_dags/example_sensor_decorator.py for tasks to queue
[2023-11-19T23:24:30.336+0000] {logging_mixin.py:154} INFO - [2023-11-19T23:24:30.336+0000] {dagbag.py:536} INFO - Filling up the DagBag from /home/airflow/.local/lib/python3.8/site-packages/airflow/example_dags/example_sensor_decorator.py
[2023-11-19T23:24:30.342+0000] {processor.py:839} INFO - DAG(s) dict_keys(['example_sensor_decorator']) retrieved from /home/airflow/.local/lib/python3.8/site-packages/airflow/example_dags/example_sensor_decorator.py
[2023-11-19T23:24:30.355+0000] {logging_mixin.py:154} INFO - [2023-11-19T23:24:30.355+0000] {dag.py:2941} INFO - Sync 1 DAGs
[2023-11-19T23:24:30.362+0000] {logging_mixin.py:154} INFO - [2023-11-19T23:24:30.362+0000] {dag.py:3722} INFO - Setting next_dagrun for example_sensor_decorator to None, run_after=None
[2023-11-19T23:24:30.371+0000] {processor.py:179} INFO - Processing /home/airflow/.local/lib/python3.8/site-packages/airflow/example_dags/example_sensor_decorator.py took 0.042 seconds
[2023-11-19T23:25:00.822+0000] {processor.py:157} INFO - Started process (PID=531) to work on /home/airflow/.local/lib/python3.8/site-packages/airflow/example_dags/example_sensor_decorator.py
[2023-11-19T23:25:00.823+0000] {processor.py:829} INFO - Processing file /home/airflow/.local/lib/python3.8/site-packages/airflow/example_dags/example_sensor_decorator.py for tasks to queue
[2023-11-19T23:25:00.825+0000] {logging_mixin.py:154} INFO - [2023-11-19T23:25:00.825+0000] {dagbag.py:536} INFO - Filling up the DagBag from /home/airflow/.local/lib/python3.8/site-packages/airflow/example_dags/example_sensor_decorator.py
[2023-11-19T23:25:00.831+0000] {processor.py:839} INFO - DAG(s) dict_keys(['example_sensor_decorator']) retrieved from /home/airflow/.local/lib/python3.8/site-packages/airflow/example_dags/example_sensor_decorator.py
[2023-11-19T23:25:00.844+0000] {logging_mixin.py:154} INFO - [2023-11-19T23:25:00.844+0000] {dag.py:2941} INFO - Sync 1 DAGs
[2023-11-19T23:25:00.851+0000] {logging_mixin.py:154} INFO - [2023-11-19T23:25:00.851+0000] {dag.py:3722} INFO - Setting next_dagrun for example_sensor_decorator to None, run_after=None
[2023-11-19T23:25:00.860+0000] {processor.py:179} INFO - Processing /home/airflow/.local/lib/python3.8/site-packages/airflow/example_dags/example_sensor_decorator.py took 0.042 seconds
[2023-11-19T23:25:31.354+0000] {processor.py:157} INFO - Started process (PID=585) to work on /home/airflow/.local/lib/python3.8/site-packages/airflow/example_dags/example_sensor_decorator.py
[2023-11-19T23:25:31.355+0000] {processor.py:829} INFO - Processing file /home/airflow/.local/lib/python3.8/site-packages/airflow/example_dags/example_sensor_decorator.py for tasks to queue
[2023-11-19T23:25:31.357+0000] {logging_mixin.py:154} INFO - [2023-11-19T23:25:31.357+0000] {dagbag.py:536} INFO - Filling up the DagBag from /home/airflow/.local/lib/python3.8/site-packages/airflow/example_dags/example_sensor_decorator.py
[2023-11-19T23:25:31.364+0000] {processor.py:839} INFO - DAG(s) dict_keys(['example_sensor_decorator']) retrieved from /home/airflow/.local/lib/python3.8/site-packages/airflow/example_dags/example_sensor_decorator.py
[2023-11-19T23:25:31.379+0000] {logging_mixin.py:154} INFO - [2023-11-19T23:25:31.378+0000] {dag.py:2941} INFO - Sync 1 DAGs
[2023-11-19T23:25:31.386+0000] {logging_mixin.py:154} INFO - [2023-11-19T23:25:31.386+0000] {dag.py:3722} INFO - Setting next_dagrun for example_sensor_decorator to None, run_after=None
[2023-11-19T23:25:31.396+0000] {processor.py:179} INFO - Processing /home/airflow/.local/lib/python3.8/site-packages/airflow/example_dags/example_sensor_decorator.py took 0.048 seconds
[2023-11-19T23:31:22.653+0000] {processor.py:157} INFO - Started process (PID=46) to work on /home/airflow/.local/lib/python3.8/site-packages/airflow/example_dags/example_sensor_decorator.py
[2023-11-19T23:31:22.654+0000] {processor.py:829} INFO - Processing file /home/airflow/.local/lib/python3.8/site-packages/airflow/example_dags/example_sensor_decorator.py for tasks to queue
[2023-11-19T23:31:22.656+0000] {logging_mixin.py:154} INFO - [2023-11-19T23:31:22.656+0000] {dagbag.py:536} INFO - Filling up the DagBag from /home/airflow/.local/lib/python3.8/site-packages/airflow/example_dags/example_sensor_decorator.py
[2023-11-19T23:31:22.661+0000] {processor.py:839} INFO - DAG(s) dict_keys(['example_sensor_decorator']) retrieved from /home/airflow/.local/lib/python3.8/site-packages/airflow/example_dags/example_sensor_decorator.py
[2023-11-19T23:31:22.720+0000] {logging_mixin.py:154} INFO - [2023-11-19T23:31:22.719+0000] {manager.py:499} INFO - Created Permission View: %s
[2023-11-19T23:31:22.724+0000] {logging_mixin.py:154} INFO - [2023-11-19T23:31:22.724+0000] {manager.py:499} INFO - Created Permission View: %s
[2023-11-19T23:31:22.726+0000] {logging_mixin.py:154} INFO - [2023-11-19T23:31:22.726+0000] {manager.py:499} INFO - Created Permission View: %s
[2023-11-19T23:31:22.726+0000] {logging_mixin.py:154} INFO - [2023-11-19T23:31:22.726+0000] {dag.py:2941} INFO - Sync 1 DAGs
[2023-11-19T23:31:22.732+0000] {logging_mixin.py:154} INFO - [2023-11-19T23:31:22.732+0000] {dag.py:2963} INFO - Creating ORM DAG for example_sensor_decorator
[2023-11-19T23:31:22.732+0000] {logging_mixin.py:154} INFO - [2023-11-19T23:31:22.732+0000] {dag.py:3722} INFO - Setting next_dagrun for example_sensor_decorator to None, run_after=None
[2023-11-19T23:31:22.739+0000] {processor.py:179} INFO - Processing /home/airflow/.local/lib/python3.8/site-packages/airflow/example_dags/example_sensor_decorator.py took 0.088 seconds
[2023-11-19T23:31:53.724+0000] {processor.py:157} INFO - Started process (PID=100) to work on /home/airflow/.local/lib/python3.8/site-packages/airflow/example_dags/example_sensor_decorator.py
[2023-11-19T23:31:53.725+0000] {processor.py:829} INFO - Processing file /home/airflow/.local/lib/python3.8/site-packages/airflow/example_dags/example_sensor_decorator.py for tasks to queue
[2023-11-19T23:31:53.727+0000] {logging_mixin.py:154} INFO - [2023-11-19T23:31:53.727+0000] {dagbag.py:536} INFO - Filling up the DagBag from /home/airflow/.local/lib/python3.8/site-packages/airflow/example_dags/example_sensor_decorator.py
[2023-11-19T23:31:53.733+0000] {processor.py:839} INFO - DAG(s) dict_keys(['example_sensor_decorator']) retrieved from /home/airflow/.local/lib/python3.8/site-packages/airflow/example_dags/example_sensor_decorator.py
[2023-11-19T23:31:53.751+0000] {logging_mixin.py:154} INFO - [2023-11-19T23:31:53.751+0000] {dag.py:2941} INFO - Sync 1 DAGs
[2023-11-19T23:31:53.758+0000] {logging_mixin.py:154} INFO - [2023-11-19T23:31:53.758+0000] {dag.py:3722} INFO - Setting next_dagrun for example_sensor_decorator to None, run_after=None
[2023-11-19T23:31:53.769+0000] {processor.py:179} INFO - Processing /home/airflow/.local/lib/python3.8/site-packages/airflow/example_dags/example_sensor_decorator.py took 0.050 seconds
[2023-11-19T23:32:24.282+0000] {processor.py:157} INFO - Started process (PID=154) to work on /home/airflow/.local/lib/python3.8/site-packages/airflow/example_dags/example_sensor_decorator.py
[2023-11-19T23:32:24.283+0000] {processor.py:829} INFO - Processing file /home/airflow/.local/lib/python3.8/site-packages/airflow/example_dags/example_sensor_decorator.py for tasks to queue
[2023-11-19T23:32:24.286+0000] {logging_mixin.py:154} INFO - [2023-11-19T23:32:24.285+0000] {dagbag.py:536} INFO - Filling up the DagBag from /home/airflow/.local/lib/python3.8/site-packages/airflow/example_dags/example_sensor_decorator.py
[2023-11-19T23:32:24.292+0000] {processor.py:839} INFO - DAG(s) dict_keys(['example_sensor_decorator']) retrieved from /home/airflow/.local/lib/python3.8/site-packages/airflow/example_dags/example_sensor_decorator.py
[2023-11-19T23:32:24.306+0000] {logging_mixin.py:154} INFO - [2023-11-19T23:32:24.306+0000] {dag.py:2941} INFO - Sync 1 DAGs
[2023-11-19T23:32:24.314+0000] {logging_mixin.py:154} INFO - [2023-11-19T23:32:24.313+0000] {dag.py:3722} INFO - Setting next_dagrun for example_sensor_decorator to None, run_after=None
[2023-11-19T23:32:24.322+0000] {processor.py:179} INFO - Processing /home/airflow/.local/lib/python3.8/site-packages/airflow/example_dags/example_sensor_decorator.py took 0.045 seconds
[2023-11-19T23:32:54.761+0000] {processor.py:157} INFO - Started process (PID=208) to work on /home/airflow/.local/lib/python3.8/site-packages/airflow/example_dags/example_sensor_decorator.py
[2023-11-19T23:32:54.762+0000] {processor.py:829} INFO - Processing file /home/airflow/.local/lib/python3.8/site-packages/airflow/example_dags/example_sensor_decorator.py for tasks to queue
[2023-11-19T23:32:54.765+0000] {logging_mixin.py:154} INFO - [2023-11-19T23:32:54.764+0000] {dagbag.py:536} INFO - Filling up the DagBag from /home/airflow/.local/lib/python3.8/site-packages/airflow/example_dags/example_sensor_decorator.py
[2023-11-19T23:32:54.772+0000] {processor.py:839} INFO - DAG(s) dict_keys(['example_sensor_decorator']) retrieved from /home/airflow/.local/lib/python3.8/site-packages/airflow/example_dags/example_sensor_decorator.py
[2023-11-19T23:32:54.788+0000] {logging_mixin.py:154} INFO - [2023-11-19T23:32:54.788+0000] {dag.py:2941} INFO - Sync 1 DAGs
[2023-11-19T23:32:54.797+0000] {logging_mixin.py:154} INFO - [2023-11-19T23:32:54.797+0000] {dag.py:3722} INFO - Setting next_dagrun for example_sensor_decorator to None, run_after=None
[2023-11-19T23:32:54.807+0000] {processor.py:179} INFO - Processing /home/airflow/.local/lib/python3.8/site-packages/airflow/example_dags/example_sensor_decorator.py took 0.051 seconds
[2023-11-19T23:33:25.229+0000] {processor.py:157} INFO - Started process (PID=262) to work on /home/airflow/.local/lib/python3.8/site-packages/airflow/example_dags/example_sensor_decorator.py
[2023-11-19T23:33:25.230+0000] {processor.py:829} INFO - Processing file /home/airflow/.local/lib/python3.8/site-packages/airflow/example_dags/example_sensor_decorator.py for tasks to queue
[2023-11-19T23:33:25.233+0000] {logging_mixin.py:154} INFO - [2023-11-19T23:33:25.232+0000] {dagbag.py:536} INFO - Filling up the DagBag from /home/airflow/.local/lib/python3.8/site-packages/airflow/example_dags/example_sensor_decorator.py
[2023-11-19T23:33:25.238+0000] {processor.py:839} INFO - DAG(s) dict_keys(['example_sensor_decorator']) retrieved from /home/airflow/.local/lib/python3.8/site-packages/airflow/example_dags/example_sensor_decorator.py
[2023-11-19T23:33:25.252+0000] {logging_mixin.py:154} INFO - [2023-11-19T23:33:25.252+0000] {dag.py:2941} INFO - Sync 1 DAGs
[2023-11-19T23:33:25.259+0000] {logging_mixin.py:154} INFO - [2023-11-19T23:33:25.259+0000] {dag.py:3722} INFO - Setting next_dagrun for example_sensor_decorator to None, run_after=None
[2023-11-19T23:33:25.268+0000] {processor.py:179} INFO - Processing /home/airflow/.local/lib/python3.8/site-packages/airflow/example_dags/example_sensor_decorator.py took 0.042 seconds
[2023-11-19T23:33:55.757+0000] {processor.py:157} INFO - Started process (PID=316) to work on /home/airflow/.local/lib/python3.8/site-packages/airflow/example_dags/example_sensor_decorator.py
[2023-11-19T23:33:55.758+0000] {processor.py:829} INFO - Processing file /home/airflow/.local/lib/python3.8/site-packages/airflow/example_dags/example_sensor_decorator.py for tasks to queue
[2023-11-19T23:33:55.760+0000] {logging_mixin.py:154} INFO - [2023-11-19T23:33:55.760+0000] {dagbag.py:536} INFO - Filling up the DagBag from /home/airflow/.local/lib/python3.8/site-packages/airflow/example_dags/example_sensor_decorator.py
[2023-11-19T23:33:55.765+0000] {processor.py:839} INFO - DAG(s) dict_keys(['example_sensor_decorator']) retrieved from /home/airflow/.local/lib/python3.8/site-packages/airflow/example_dags/example_sensor_decorator.py
[2023-11-19T23:33:55.777+0000] {logging_mixin.py:154} INFO - [2023-11-19T23:33:55.777+0000] {dag.py:2941} INFO - Sync 1 DAGs
[2023-11-19T23:33:55.784+0000] {logging_mixin.py:154} INFO - [2023-11-19T23:33:55.784+0000] {dag.py:3722} INFO - Setting next_dagrun for example_sensor_decorator to None, run_after=None
[2023-11-19T23:33:55.792+0000] {processor.py:179} INFO - Processing /home/airflow/.local/lib/python3.8/site-packages/airflow/example_dags/example_sensor_decorator.py took 0.037 seconds
[2023-11-19T23:34:26.171+0000] {processor.py:157} INFO - Started process (PID=370) to work on /home/airflow/.local/lib/python3.8/site-packages/airflow/example_dags/example_sensor_decorator.py
[2023-11-19T23:34:26.173+0000] {processor.py:829} INFO - Processing file /home/airflow/.local/lib/python3.8/site-packages/airflow/example_dags/example_sensor_decorator.py for tasks to queue
[2023-11-19T23:34:26.175+0000] {logging_mixin.py:154} INFO - [2023-11-19T23:34:26.175+0000] {dagbag.py:536} INFO - Filling up the DagBag from /home/airflow/.local/lib/python3.8/site-packages/airflow/example_dags/example_sensor_decorator.py
[2023-11-19T23:34:26.181+0000] {processor.py:839} INFO - DAG(s) dict_keys(['example_sensor_decorator']) retrieved from /home/airflow/.local/lib/python3.8/site-packages/airflow/example_dags/example_sensor_decorator.py
[2023-11-19T23:34:26.195+0000] {logging_mixin.py:154} INFO - [2023-11-19T23:34:26.195+0000] {dag.py:2941} INFO - Sync 1 DAGs
[2023-11-19T23:34:26.203+0000] {logging_mixin.py:154} INFO - [2023-11-19T23:34:26.203+0000] {dag.py:3722} INFO - Setting next_dagrun for example_sensor_decorator to None, run_after=None
[2023-11-19T23:34:26.211+0000] {processor.py:179} INFO - Processing /home/airflow/.local/lib/python3.8/site-packages/airflow/example_dags/example_sensor_decorator.py took 0.044 seconds
[2023-11-19T23:34:56.653+0000] {processor.py:157} INFO - Started process (PID=424) to work on /home/airflow/.local/lib/python3.8/site-packages/airflow/example_dags/example_sensor_decorator.py
[2023-11-19T23:34:56.654+0000] {processor.py:829} INFO - Processing file /home/airflow/.local/lib/python3.8/site-packages/airflow/example_dags/example_sensor_decorator.py for tasks to queue
[2023-11-19T23:34:56.656+0000] {logging_mixin.py:154} INFO - [2023-11-19T23:34:56.656+0000] {dagbag.py:536} INFO - Filling up the DagBag from /home/airflow/.local/lib/python3.8/site-packages/airflow/example_dags/example_sensor_decorator.py
[2023-11-19T23:34:56.661+0000] {processor.py:839} INFO - DAG(s) dict_keys(['example_sensor_decorator']) retrieved from /home/airflow/.local/lib/python3.8/site-packages/airflow/example_dags/example_sensor_decorator.py
[2023-11-19T23:34:56.675+0000] {logging_mixin.py:154} INFO - [2023-11-19T23:34:56.675+0000] {dag.py:2941} INFO - Sync 1 DAGs
[2023-11-19T23:34:56.682+0000] {logging_mixin.py:154} INFO - [2023-11-19T23:34:56.682+0000] {dag.py:3722} INFO - Setting next_dagrun for example_sensor_decorator to None, run_after=None
[2023-11-19T23:34:56.690+0000] {processor.py:179} INFO - Processing /home/airflow/.local/lib/python3.8/site-packages/airflow/example_dags/example_sensor_decorator.py took 0.041 seconds
[2023-11-19T23:35:27.168+0000] {processor.py:157} INFO - Started process (PID=478) to work on /home/airflow/.local/lib/python3.8/site-packages/airflow/example_dags/example_sensor_decorator.py
[2023-11-19T23:35:27.169+0000] {processor.py:829} INFO - Processing file /home/airflow/.local/lib/python3.8/site-packages/airflow/example_dags/example_sensor_decorator.py for tasks to queue
[2023-11-19T23:35:27.171+0000] {logging_mixin.py:154} INFO - [2023-11-19T23:35:27.171+0000] {dagbag.py:536} INFO - Filling up the DagBag from /home/airflow/.local/lib/python3.8/site-packages/airflow/example_dags/example_sensor_decorator.py
[2023-11-19T23:35:27.176+0000] {processor.py:839} INFO - DAG(s) dict_keys(['example_sensor_decorator']) retrieved from /home/airflow/.local/lib/python3.8/site-packages/airflow/example_dags/example_sensor_decorator.py
[2023-11-19T23:35:27.193+0000] {logging_mixin.py:154} INFO - [2023-11-19T23:35:27.193+0000] {dag.py:2941} INFO - Sync 1 DAGs
[2023-11-19T23:35:27.201+0000] {logging_mixin.py:154} INFO - [2023-11-19T23:35:27.200+0000] {dag.py:3722} INFO - Setting next_dagrun for example_sensor_decorator to None, run_after=None
[2023-11-19T23:35:27.211+0000] {processor.py:179} INFO - Processing /home/airflow/.local/lib/python3.8/site-packages/airflow/example_dags/example_sensor_decorator.py took 0.046 seconds
[2023-11-19T23:35:57.736+0000] {processor.py:157} INFO - Started process (PID=532) to work on /home/airflow/.local/lib/python3.8/site-packages/airflow/example_dags/example_sensor_decorator.py
[2023-11-19T23:35:57.737+0000] {processor.py:829} INFO - Processing file /home/airflow/.local/lib/python3.8/site-packages/airflow/example_dags/example_sensor_decorator.py for tasks to queue
[2023-11-19T23:35:57.739+0000] {logging_mixin.py:154} INFO - [2023-11-19T23:35:57.739+0000] {dagbag.py:536} INFO - Filling up the DagBag from /home/airflow/.local/lib/python3.8/site-packages/airflow/example_dags/example_sensor_decorator.py
[2023-11-19T23:35:57.745+0000] {processor.py:839} INFO - DAG(s) dict_keys(['example_sensor_decorator']) retrieved from /home/airflow/.local/lib/python3.8/site-packages/airflow/example_dags/example_sensor_decorator.py
[2023-11-19T23:35:57.758+0000] {logging_mixin.py:154} INFO - [2023-11-19T23:35:57.758+0000] {dag.py:2941} INFO - Sync 1 DAGs
[2023-11-19T23:35:57.765+0000] {logging_mixin.py:154} INFO - [2023-11-19T23:35:57.765+0000] {dag.py:3722} INFO - Setting next_dagrun for example_sensor_decorator to None, run_after=None
[2023-11-19T23:35:57.773+0000] {processor.py:179} INFO - Processing /home/airflow/.local/lib/python3.8/site-packages/airflow/example_dags/example_sensor_decorator.py took 0.041 seconds
