[2023-11-19T23:20:26.674+0000] {processor.py:157} INFO - Started process (PID=58) to work on /home/airflow/.local/lib/python3.8/site-packages/airflow/example_dags/example_latest_only_with_trigger.py
[2023-11-19T23:20:26.677+0000] {processor.py:829} INFO - Processing file /home/airflow/.local/lib/python3.8/site-packages/airflow/example_dags/example_latest_only_with_trigger.py for tasks to queue
[2023-11-19T23:20:26.682+0000] {logging_mixin.py:154} INFO - [2023-11-19T23:20:26.681+0000] {dagbag.py:536} INFO - Filling up the DagBag from /home/airflow/.local/lib/python3.8/site-packages/airflow/example_dags/example_latest_only_with_trigger.py
[2023-11-19T23:20:26.695+0000] {processor.py:839} INFO - DAG(s) dict_keys(['latest_only_with_trigger']) retrieved from /home/airflow/.local/lib/python3.8/site-packages/airflow/example_dags/example_latest_only_with_trigger.py
[2023-11-19T23:20:26.763+0000] {logging_mixin.py:154} INFO - [2023-11-19T23:20:26.763+0000] {manager.py:499} INFO - Created Permission View: %s
[2023-11-19T23:20:26.767+0000] {logging_mixin.py:154} INFO - [2023-11-19T23:20:26.767+0000] {manager.py:499} INFO - Created Permission View: %s
[2023-11-19T23:20:26.770+0000] {logging_mixin.py:154} INFO - [2023-11-19T23:20:26.770+0000] {manager.py:499} INFO - Created Permission View: %s
[2023-11-19T23:20:26.770+0000] {logging_mixin.py:154} INFO - [2023-11-19T23:20:26.770+0000] {dag.py:2941} INFO - Sync 1 DAGs
[2023-11-19T23:20:26.775+0000] {logging_mixin.py:154} INFO - [2023-11-19T23:20:26.775+0000] {dag.py:2963} INFO - Creating ORM DAG for latest_only_with_trigger
[2023-11-19T23:20:26.780+0000] {logging_mixin.py:154} INFO - [2023-11-19T23:20:26.780+0000] {dag.py:3722} INFO - Setting next_dagrun for latest_only_with_trigger to 2023-11-19T19:20:26.780204+00:00, run_after=2023-11-19T23:20:26.780204+00:00
[2023-11-19T23:20:26.788+0000] {processor.py:179} INFO - Processing /home/airflow/.local/lib/python3.8/site-packages/airflow/example_dags/example_latest_only_with_trigger.py took 0.118 seconds
[2023-11-19T23:20:57.294+0000] {processor.py:157} INFO - Started process (PID=112) to work on /home/airflow/.local/lib/python3.8/site-packages/airflow/example_dags/example_latest_only_with_trigger.py
[2023-11-19T23:20:57.295+0000] {processor.py:829} INFO - Processing file /home/airflow/.local/lib/python3.8/site-packages/airflow/example_dags/example_latest_only_with_trigger.py for tasks to queue
[2023-11-19T23:20:57.296+0000] {logging_mixin.py:154} INFO - [2023-11-19T23:20:57.295+0000] {dagbag.py:536} INFO - Filling up the DagBag from /home/airflow/.local/lib/python3.8/site-packages/airflow/example_dags/example_latest_only_with_trigger.py
[2023-11-19T23:20:57.298+0000] {processor.py:839} INFO - DAG(s) dict_keys(['latest_only_with_trigger']) retrieved from /home/airflow/.local/lib/python3.8/site-packages/airflow/example_dags/example_latest_only_with_trigger.py
[2023-11-19T23:20:57.308+0000] {logging_mixin.py:154} INFO - [2023-11-19T23:20:57.308+0000] {dag.py:2941} INFO - Sync 1 DAGs
[2023-11-19T23:20:57.317+0000] {logging_mixin.py:154} INFO - [2023-11-19T23:20:57.317+0000] {dag.py:3722} INFO - Setting next_dagrun for latest_only_with_trigger to 2023-11-19T19:20:57.317329+00:00, run_after=2023-11-19T23:20:57.317329+00:00
[2023-11-19T23:20:57.324+0000] {processor.py:179} INFO - Processing /home/airflow/.local/lib/python3.8/site-packages/airflow/example_dags/example_latest_only_with_trigger.py took 0.031 seconds
[2023-11-19T23:21:27.947+0000] {processor.py:157} INFO - Started process (PID=166) to work on /home/airflow/.local/lib/python3.8/site-packages/airflow/example_dags/example_latest_only_with_trigger.py
[2023-11-19T23:21:27.947+0000] {processor.py:829} INFO - Processing file /home/airflow/.local/lib/python3.8/site-packages/airflow/example_dags/example_latest_only_with_trigger.py for tasks to queue
[2023-11-19T23:21:27.948+0000] {logging_mixin.py:154} INFO - [2023-11-19T23:21:27.948+0000] {dagbag.py:536} INFO - Filling up the DagBag from /home/airflow/.local/lib/python3.8/site-packages/airflow/example_dags/example_latest_only_with_trigger.py
[2023-11-19T23:21:27.951+0000] {processor.py:839} INFO - DAG(s) dict_keys(['latest_only_with_trigger']) retrieved from /home/airflow/.local/lib/python3.8/site-packages/airflow/example_dags/example_latest_only_with_trigger.py
[2023-11-19T23:21:27.961+0000] {logging_mixin.py:154} INFO - [2023-11-19T23:21:27.961+0000] {dag.py:2941} INFO - Sync 1 DAGs
[2023-11-19T23:21:27.970+0000] {logging_mixin.py:154} INFO - [2023-11-19T23:21:27.970+0000] {dag.py:3722} INFO - Setting next_dagrun for latest_only_with_trigger to 2023-11-19T19:21:27.970074+00:00, run_after=2023-11-19T23:21:27.970074+00:00
[2023-11-19T23:21:27.977+0000] {processor.py:179} INFO - Processing /home/airflow/.local/lib/python3.8/site-packages/airflow/example_dags/example_latest_only_with_trigger.py took 0.032 seconds
[2023-11-19T23:21:58.409+0000] {processor.py:157} INFO - Started process (PID=220) to work on /home/airflow/.local/lib/python3.8/site-packages/airflow/example_dags/example_latest_only_with_trigger.py
[2023-11-19T23:21:58.409+0000] {processor.py:829} INFO - Processing file /home/airflow/.local/lib/python3.8/site-packages/airflow/example_dags/example_latest_only_with_trigger.py for tasks to queue
[2023-11-19T23:21:58.410+0000] {logging_mixin.py:154} INFO - [2023-11-19T23:21:58.410+0000] {dagbag.py:536} INFO - Filling up the DagBag from /home/airflow/.local/lib/python3.8/site-packages/airflow/example_dags/example_latest_only_with_trigger.py
[2023-11-19T23:21:58.413+0000] {processor.py:839} INFO - DAG(s) dict_keys(['latest_only_with_trigger']) retrieved from /home/airflow/.local/lib/python3.8/site-packages/airflow/example_dags/example_latest_only_with_trigger.py
[2023-11-19T23:21:58.423+0000] {logging_mixin.py:154} INFO - [2023-11-19T23:21:58.423+0000] {dag.py:2941} INFO - Sync 1 DAGs
[2023-11-19T23:21:58.431+0000] {logging_mixin.py:154} INFO - [2023-11-19T23:21:58.431+0000] {dag.py:3722} INFO - Setting next_dagrun for latest_only_with_trigger to 2023-11-19T19:21:58.431327+00:00, run_after=2023-11-19T23:21:58.431327+00:00
[2023-11-19T23:21:58.437+0000] {processor.py:179} INFO - Processing /home/airflow/.local/lib/python3.8/site-packages/airflow/example_dags/example_latest_only_with_trigger.py took 0.030 seconds
[2023-11-19T23:22:28.884+0000] {processor.py:157} INFO - Started process (PID=274) to work on /home/airflow/.local/lib/python3.8/site-packages/airflow/example_dags/example_latest_only_with_trigger.py
[2023-11-19T23:22:28.884+0000] {processor.py:829} INFO - Processing file /home/airflow/.local/lib/python3.8/site-packages/airflow/example_dags/example_latest_only_with_trigger.py for tasks to queue
[2023-11-19T23:22:28.885+0000] {logging_mixin.py:154} INFO - [2023-11-19T23:22:28.885+0000] {dagbag.py:536} INFO - Filling up the DagBag from /home/airflow/.local/lib/python3.8/site-packages/airflow/example_dags/example_latest_only_with_trigger.py
[2023-11-19T23:22:28.888+0000] {processor.py:839} INFO - DAG(s) dict_keys(['latest_only_with_trigger']) retrieved from /home/airflow/.local/lib/python3.8/site-packages/airflow/example_dags/example_latest_only_with_trigger.py
[2023-11-19T23:22:28.898+0000] {logging_mixin.py:154} INFO - [2023-11-19T23:22:28.898+0000] {dag.py:2941} INFO - Sync 1 DAGs
[2023-11-19T23:22:28.907+0000] {logging_mixin.py:154} INFO - [2023-11-19T23:22:28.906+0000] {dag.py:3722} INFO - Setting next_dagrun for latest_only_with_trigger to 2023-11-19T19:22:28.906853+00:00, run_after=2023-11-19T23:22:28.906853+00:00
[2023-11-19T23:22:28.913+0000] {processor.py:179} INFO - Processing /home/airflow/.local/lib/python3.8/site-packages/airflow/example_dags/example_latest_only_with_trigger.py took 0.031 seconds
[2023-11-19T23:22:59.328+0000] {processor.py:157} INFO - Started process (PID=328) to work on /home/airflow/.local/lib/python3.8/site-packages/airflow/example_dags/example_latest_only_with_trigger.py
[2023-11-19T23:22:59.328+0000] {processor.py:829} INFO - Processing file /home/airflow/.local/lib/python3.8/site-packages/airflow/example_dags/example_latest_only_with_trigger.py for tasks to queue
[2023-11-19T23:22:59.329+0000] {logging_mixin.py:154} INFO - [2023-11-19T23:22:59.329+0000] {dagbag.py:536} INFO - Filling up the DagBag from /home/airflow/.local/lib/python3.8/site-packages/airflow/example_dags/example_latest_only_with_trigger.py
[2023-11-19T23:22:59.332+0000] {processor.py:839} INFO - DAG(s) dict_keys(['latest_only_with_trigger']) retrieved from /home/airflow/.local/lib/python3.8/site-packages/airflow/example_dags/example_latest_only_with_trigger.py
[2023-11-19T23:22:59.341+0000] {logging_mixin.py:154} INFO - [2023-11-19T23:22:59.341+0000] {dag.py:2941} INFO - Sync 1 DAGs
[2023-11-19T23:22:59.350+0000] {logging_mixin.py:154} INFO - [2023-11-19T23:22:59.350+0000] {dag.py:3722} INFO - Setting next_dagrun for latest_only_with_trigger to 2023-11-19T19:22:59.350219+00:00, run_after=2023-11-19T23:22:59.350219+00:00
[2023-11-19T23:22:59.356+0000] {processor.py:179} INFO - Processing /home/airflow/.local/lib/python3.8/site-packages/airflow/example_dags/example_latest_only_with_trigger.py took 0.030 seconds
[2023-11-19T23:23:29.679+0000] {processor.py:157} INFO - Started process (PID=381) to work on /home/airflow/.local/lib/python3.8/site-packages/airflow/example_dags/example_latest_only_with_trigger.py
[2023-11-19T23:23:29.680+0000] {processor.py:829} INFO - Processing file /home/airflow/.local/lib/python3.8/site-packages/airflow/example_dags/example_latest_only_with_trigger.py for tasks to queue
[2023-11-19T23:23:29.681+0000] {logging_mixin.py:154} INFO - [2023-11-19T23:23:29.681+0000] {dagbag.py:536} INFO - Filling up the DagBag from /home/airflow/.local/lib/python3.8/site-packages/airflow/example_dags/example_latest_only_with_trigger.py
[2023-11-19T23:23:29.684+0000] {processor.py:839} INFO - DAG(s) dict_keys(['latest_only_with_trigger']) retrieved from /home/airflow/.local/lib/python3.8/site-packages/airflow/example_dags/example_latest_only_with_trigger.py
[2023-11-19T23:23:29.693+0000] {logging_mixin.py:154} INFO - [2023-11-19T23:23:29.693+0000] {dag.py:2941} INFO - Sync 1 DAGs
[2023-11-19T23:23:29.701+0000] {logging_mixin.py:154} INFO - [2023-11-19T23:23:29.701+0000] {dag.py:3722} INFO - Setting next_dagrun for latest_only_with_trigger to 2023-11-19T19:23:29.701697+00:00, run_after=2023-11-19T23:23:29.701697+00:00
[2023-11-19T23:23:29.708+0000] {processor.py:179} INFO - Processing /home/airflow/.local/lib/python3.8/site-packages/airflow/example_dags/example_latest_only_with_trigger.py took 0.031 seconds
[2023-11-19T23:24:00.143+0000] {processor.py:157} INFO - Started process (PID=436) to work on /home/airflow/.local/lib/python3.8/site-packages/airflow/example_dags/example_latest_only_with_trigger.py
[2023-11-19T23:24:00.144+0000] {processor.py:829} INFO - Processing file /home/airflow/.local/lib/python3.8/site-packages/airflow/example_dags/example_latest_only_with_trigger.py for tasks to queue
[2023-11-19T23:24:00.145+0000] {logging_mixin.py:154} INFO - [2023-11-19T23:24:00.145+0000] {dagbag.py:536} INFO - Filling up the DagBag from /home/airflow/.local/lib/python3.8/site-packages/airflow/example_dags/example_latest_only_with_trigger.py
[2023-11-19T23:24:00.148+0000] {processor.py:839} INFO - DAG(s) dict_keys(['latest_only_with_trigger']) retrieved from /home/airflow/.local/lib/python3.8/site-packages/airflow/example_dags/example_latest_only_with_trigger.py
[2023-11-19T23:24:00.158+0000] {logging_mixin.py:154} INFO - [2023-11-19T23:24:00.158+0000] {dag.py:2941} INFO - Sync 1 DAGs
[2023-11-19T23:24:00.167+0000] {logging_mixin.py:154} INFO - [2023-11-19T23:24:00.166+0000] {dag.py:3722} INFO - Setting next_dagrun for latest_only_with_trigger to 2023-11-19T19:24:00.166807+00:00, run_after=2023-11-19T23:24:00.166807+00:00
[2023-11-19T23:24:00.173+0000] {processor.py:179} INFO - Processing /home/airflow/.local/lib/python3.8/site-packages/airflow/example_dags/example_latest_only_with_trigger.py took 0.031 seconds
[2023-11-19T23:24:30.634+0000] {processor.py:157} INFO - Started process (PID=490) to work on /home/airflow/.local/lib/python3.8/site-packages/airflow/example_dags/example_latest_only_with_trigger.py
[2023-11-19T23:24:30.634+0000] {processor.py:829} INFO - Processing file /home/airflow/.local/lib/python3.8/site-packages/airflow/example_dags/example_latest_only_with_trigger.py for tasks to queue
[2023-11-19T23:24:30.635+0000] {logging_mixin.py:154} INFO - [2023-11-19T23:24:30.635+0000] {dagbag.py:536} INFO - Filling up the DagBag from /home/airflow/.local/lib/python3.8/site-packages/airflow/example_dags/example_latest_only_with_trigger.py
[2023-11-19T23:24:30.638+0000] {processor.py:839} INFO - DAG(s) dict_keys(['latest_only_with_trigger']) retrieved from /home/airflow/.local/lib/python3.8/site-packages/airflow/example_dags/example_latest_only_with_trigger.py
[2023-11-19T23:24:30.648+0000] {logging_mixin.py:154} INFO - [2023-11-19T23:24:30.648+0000] {dag.py:2941} INFO - Sync 1 DAGs
[2023-11-19T23:24:30.657+0000] {logging_mixin.py:154} INFO - [2023-11-19T23:24:30.657+0000] {dag.py:3722} INFO - Setting next_dagrun for latest_only_with_trigger to 2023-11-19T19:24:30.657025+00:00, run_after=2023-11-19T23:24:30.657025+00:00
[2023-11-19T23:24:30.663+0000] {processor.py:179} INFO - Processing /home/airflow/.local/lib/python3.8/site-packages/airflow/example_dags/example_latest_only_with_trigger.py took 0.031 seconds
[2023-11-19T23:25:01.126+0000] {processor.py:157} INFO - Started process (PID=544) to work on /home/airflow/.local/lib/python3.8/site-packages/airflow/example_dags/example_latest_only_with_trigger.py
[2023-11-19T23:25:01.126+0000] {processor.py:829} INFO - Processing file /home/airflow/.local/lib/python3.8/site-packages/airflow/example_dags/example_latest_only_with_trigger.py for tasks to queue
[2023-11-19T23:25:01.127+0000] {logging_mixin.py:154} INFO - [2023-11-19T23:25:01.127+0000] {dagbag.py:536} INFO - Filling up the DagBag from /home/airflow/.local/lib/python3.8/site-packages/airflow/example_dags/example_latest_only_with_trigger.py
[2023-11-19T23:25:01.130+0000] {processor.py:839} INFO - DAG(s) dict_keys(['latest_only_with_trigger']) retrieved from /home/airflow/.local/lib/python3.8/site-packages/airflow/example_dags/example_latest_only_with_trigger.py
[2023-11-19T23:25:01.140+0000] {logging_mixin.py:154} INFO - [2023-11-19T23:25:01.140+0000] {dag.py:2941} INFO - Sync 1 DAGs
[2023-11-19T23:25:01.149+0000] {logging_mixin.py:154} INFO - [2023-11-19T23:25:01.149+0000] {dag.py:3722} INFO - Setting next_dagrun for latest_only_with_trigger to 2023-11-19T19:25:01.149724+00:00, run_after=2023-11-19T23:25:01.149724+00:00
[2023-11-19T23:25:01.156+0000] {processor.py:179} INFO - Processing /home/airflow/.local/lib/python3.8/site-packages/airflow/example_dags/example_latest_only_with_trigger.py took 0.032 seconds
[2023-11-19T23:25:31.674+0000] {processor.py:157} INFO - Started process (PID=598) to work on /home/airflow/.local/lib/python3.8/site-packages/airflow/example_dags/example_latest_only_with_trigger.py
[2023-11-19T23:25:31.675+0000] {processor.py:829} INFO - Processing file /home/airflow/.local/lib/python3.8/site-packages/airflow/example_dags/example_latest_only_with_trigger.py for tasks to queue
[2023-11-19T23:25:31.676+0000] {logging_mixin.py:154} INFO - [2023-11-19T23:25:31.676+0000] {dagbag.py:536} INFO - Filling up the DagBag from /home/airflow/.local/lib/python3.8/site-packages/airflow/example_dags/example_latest_only_with_trigger.py
[2023-11-19T23:25:31.679+0000] {processor.py:839} INFO - DAG(s) dict_keys(['latest_only_with_trigger']) retrieved from /home/airflow/.local/lib/python3.8/site-packages/airflow/example_dags/example_latest_only_with_trigger.py
[2023-11-19T23:25:31.693+0000] {logging_mixin.py:154} INFO - [2023-11-19T23:25:31.693+0000] {dag.py:2941} INFO - Sync 1 DAGs
[2023-11-19T23:25:31.705+0000] {logging_mixin.py:154} INFO - [2023-11-19T23:25:31.705+0000] {dag.py:3722} INFO - Setting next_dagrun for latest_only_with_trigger to 2023-11-19T19:25:31.705253+00:00, run_after=2023-11-19T23:25:31.705253+00:00
[2023-11-19T23:25:31.712+0000] {processor.py:179} INFO - Processing /home/airflow/.local/lib/python3.8/site-packages/airflow/example_dags/example_latest_only_with_trigger.py took 0.040 seconds
[2023-11-19T23:31:23.449+0000] {processor.py:157} INFO - Started process (PID=59) to work on /home/airflow/.local/lib/python3.8/site-packages/airflow/example_dags/example_latest_only_with_trigger.py
[2023-11-19T23:31:23.450+0000] {processor.py:829} INFO - Processing file /home/airflow/.local/lib/python3.8/site-packages/airflow/example_dags/example_latest_only_with_trigger.py for tasks to queue
[2023-11-19T23:31:23.452+0000] {logging_mixin.py:154} INFO - [2023-11-19T23:31:23.452+0000] {dagbag.py:536} INFO - Filling up the DagBag from /home/airflow/.local/lib/python3.8/site-packages/airflow/example_dags/example_latest_only_with_trigger.py
[2023-11-19T23:31:23.456+0000] {processor.py:839} INFO - DAG(s) dict_keys(['latest_only_with_trigger']) retrieved from /home/airflow/.local/lib/python3.8/site-packages/airflow/example_dags/example_latest_only_with_trigger.py
[2023-11-19T23:31:23.515+0000] {logging_mixin.py:154} INFO - [2023-11-19T23:31:23.515+0000] {manager.py:499} INFO - Created Permission View: %s
[2023-11-19T23:31:23.521+0000] {logging_mixin.py:154} INFO - [2023-11-19T23:31:23.521+0000] {manager.py:499} INFO - Created Permission View: %s
[2023-11-19T23:31:23.524+0000] {logging_mixin.py:154} INFO - [2023-11-19T23:31:23.524+0000] {manager.py:499} INFO - Created Permission View: %s
[2023-11-19T23:31:23.524+0000] {logging_mixin.py:154} INFO - [2023-11-19T23:31:23.524+0000] {dag.py:2941} INFO - Sync 1 DAGs
[2023-11-19T23:31:23.530+0000] {logging_mixin.py:154} INFO - [2023-11-19T23:31:23.530+0000] {dag.py:2963} INFO - Creating ORM DAG for latest_only_with_trigger
[2023-11-19T23:31:23.535+0000] {logging_mixin.py:154} INFO - [2023-11-19T23:31:23.535+0000] {dag.py:3722} INFO - Setting next_dagrun for latest_only_with_trigger to 2023-11-19T19:31:23.535624+00:00, run_after=2023-11-19T23:31:23.535624+00:00
[2023-11-19T23:31:23.542+0000] {processor.py:179} INFO - Processing /home/airflow/.local/lib/python3.8/site-packages/airflow/example_dags/example_latest_only_with_trigger.py took 0.095 seconds
[2023-11-19T23:31:54.055+0000] {processor.py:157} INFO - Started process (PID=113) to work on /home/airflow/.local/lib/python3.8/site-packages/airflow/example_dags/example_latest_only_with_trigger.py
[2023-11-19T23:31:54.056+0000] {processor.py:829} INFO - Processing file /home/airflow/.local/lib/python3.8/site-packages/airflow/example_dags/example_latest_only_with_trigger.py for tasks to queue
[2023-11-19T23:31:54.057+0000] {logging_mixin.py:154} INFO - [2023-11-19T23:31:54.057+0000] {dagbag.py:536} INFO - Filling up the DagBag from /home/airflow/.local/lib/python3.8/site-packages/airflow/example_dags/example_latest_only_with_trigger.py
[2023-11-19T23:31:54.060+0000] {processor.py:839} INFO - DAG(s) dict_keys(['latest_only_with_trigger']) retrieved from /home/airflow/.local/lib/python3.8/site-packages/airflow/example_dags/example_latest_only_with_trigger.py
[2023-11-19T23:31:54.069+0000] {logging_mixin.py:154} INFO - [2023-11-19T23:31:54.069+0000] {dag.py:2941} INFO - Sync 1 DAGs
[2023-11-19T23:31:54.079+0000] {logging_mixin.py:154} INFO - [2023-11-19T23:31:54.078+0000] {dag.py:3722} INFO - Setting next_dagrun for latest_only_with_trigger to 2023-11-19T19:31:54.078785+00:00, run_after=2023-11-19T23:31:54.078785+00:00
[2023-11-19T23:31:54.085+0000] {processor.py:179} INFO - Processing /home/airflow/.local/lib/python3.8/site-packages/airflow/example_dags/example_latest_only_with_trigger.py took 0.031 seconds
[2023-11-19T23:32:24.596+0000] {processor.py:157} INFO - Started process (PID=167) to work on /home/airflow/.local/lib/python3.8/site-packages/airflow/example_dags/example_latest_only_with_trigger.py
[2023-11-19T23:32:24.596+0000] {processor.py:829} INFO - Processing file /home/airflow/.local/lib/python3.8/site-packages/airflow/example_dags/example_latest_only_with_trigger.py for tasks to queue
[2023-11-19T23:32:24.597+0000] {logging_mixin.py:154} INFO - [2023-11-19T23:32:24.597+0000] {dagbag.py:536} INFO - Filling up the DagBag from /home/airflow/.local/lib/python3.8/site-packages/airflow/example_dags/example_latest_only_with_trigger.py
[2023-11-19T23:32:24.600+0000] {processor.py:839} INFO - DAG(s) dict_keys(['latest_only_with_trigger']) retrieved from /home/airflow/.local/lib/python3.8/site-packages/airflow/example_dags/example_latest_only_with_trigger.py
[2023-11-19T23:32:24.610+0000] {logging_mixin.py:154} INFO - [2023-11-19T23:32:24.610+0000] {dag.py:2941} INFO - Sync 1 DAGs
[2023-11-19T23:32:24.619+0000] {logging_mixin.py:154} INFO - [2023-11-19T23:32:24.618+0000] {dag.py:3722} INFO - Setting next_dagrun for latest_only_with_trigger to 2023-11-19T19:32:24.618836+00:00, run_after=2023-11-19T23:32:24.618836+00:00
[2023-11-19T23:32:24.626+0000] {processor.py:179} INFO - Processing /home/airflow/.local/lib/python3.8/site-packages/airflow/example_dags/example_latest_only_with_trigger.py took 0.031 seconds
[2023-11-19T23:32:55.071+0000] {processor.py:157} INFO - Started process (PID=221) to work on /home/airflow/.local/lib/python3.8/site-packages/airflow/example_dags/example_latest_only_with_trigger.py
[2023-11-19T23:32:55.071+0000] {processor.py:829} INFO - Processing file /home/airflow/.local/lib/python3.8/site-packages/airflow/example_dags/example_latest_only_with_trigger.py for tasks to queue
[2023-11-19T23:32:55.072+0000] {logging_mixin.py:154} INFO - [2023-11-19T23:32:55.072+0000] {dagbag.py:536} INFO - Filling up the DagBag from /home/airflow/.local/lib/python3.8/site-packages/airflow/example_dags/example_latest_only_with_trigger.py
[2023-11-19T23:32:55.075+0000] {processor.py:839} INFO - DAG(s) dict_keys(['latest_only_with_trigger']) retrieved from /home/airflow/.local/lib/python3.8/site-packages/airflow/example_dags/example_latest_only_with_trigger.py
[2023-11-19T23:32:55.084+0000] {logging_mixin.py:154} INFO - [2023-11-19T23:32:55.084+0000] {dag.py:2941} INFO - Sync 1 DAGs
[2023-11-19T23:32:55.093+0000] {logging_mixin.py:154} INFO - [2023-11-19T23:32:55.093+0000] {dag.py:3722} INFO - Setting next_dagrun for latest_only_with_trigger to 2023-11-19T19:32:55.093021+00:00, run_after=2023-11-19T23:32:55.093021+00:00
[2023-11-19T23:32:55.099+0000] {processor.py:179} INFO - Processing /home/airflow/.local/lib/python3.8/site-packages/airflow/example_dags/example_latest_only_with_trigger.py took 0.030 seconds
[2023-11-19T23:33:25.534+0000] {processor.py:157} INFO - Started process (PID=275) to work on /home/airflow/.local/lib/python3.8/site-packages/airflow/example_dags/example_latest_only_with_trigger.py
[2023-11-19T23:33:25.535+0000] {processor.py:829} INFO - Processing file /home/airflow/.local/lib/python3.8/site-packages/airflow/example_dags/example_latest_only_with_trigger.py for tasks to queue
[2023-11-19T23:33:25.536+0000] {logging_mixin.py:154} INFO - [2023-11-19T23:33:25.536+0000] {dagbag.py:536} INFO - Filling up the DagBag from /home/airflow/.local/lib/python3.8/site-packages/airflow/example_dags/example_latest_only_with_trigger.py
[2023-11-19T23:33:25.539+0000] {processor.py:839} INFO - DAG(s) dict_keys(['latest_only_with_trigger']) retrieved from /home/airflow/.local/lib/python3.8/site-packages/airflow/example_dags/example_latest_only_with_trigger.py
[2023-11-19T23:33:25.549+0000] {logging_mixin.py:154} INFO - [2023-11-19T23:33:25.549+0000] {dag.py:2941} INFO - Sync 1 DAGs
[2023-11-19T23:33:25.558+0000] {logging_mixin.py:154} INFO - [2023-11-19T23:33:25.558+0000] {dag.py:3722} INFO - Setting next_dagrun for latest_only_with_trigger to 2023-11-19T19:33:25.558054+00:00, run_after=2023-11-19T23:33:25.558054+00:00
[2023-11-19T23:33:25.564+0000] {processor.py:179} INFO - Processing /home/airflow/.local/lib/python3.8/site-packages/airflow/example_dags/example_latest_only_with_trigger.py took 0.032 seconds
[2023-11-19T23:33:56.057+0000] {processor.py:157} INFO - Started process (PID=329) to work on /home/airflow/.local/lib/python3.8/site-packages/airflow/example_dags/example_latest_only_with_trigger.py
[2023-11-19T23:33:56.057+0000] {processor.py:829} INFO - Processing file /home/airflow/.local/lib/python3.8/site-packages/airflow/example_dags/example_latest_only_with_trigger.py for tasks to queue
[2023-11-19T23:33:56.058+0000] {logging_mixin.py:154} INFO - [2023-11-19T23:33:56.058+0000] {dagbag.py:536} INFO - Filling up the DagBag from /home/airflow/.local/lib/python3.8/site-packages/airflow/example_dags/example_latest_only_with_trigger.py
[2023-11-19T23:33:56.061+0000] {processor.py:839} INFO - DAG(s) dict_keys(['latest_only_with_trigger']) retrieved from /home/airflow/.local/lib/python3.8/site-packages/airflow/example_dags/example_latest_only_with_trigger.py
[2023-11-19T23:33:56.071+0000] {logging_mixin.py:154} INFO - [2023-11-19T23:33:56.071+0000] {dag.py:2941} INFO - Sync 1 DAGs
[2023-11-19T23:33:56.080+0000] {logging_mixin.py:154} INFO - [2023-11-19T23:33:56.080+0000] {dag.py:3722} INFO - Setting next_dagrun for latest_only_with_trigger to 2023-11-19T19:33:56.079990+00:00, run_after=2023-11-19T23:33:56.079990+00:00
[2023-11-19T23:33:56.086+0000] {processor.py:179} INFO - Processing /home/airflow/.local/lib/python3.8/site-packages/airflow/example_dags/example_latest_only_with_trigger.py took 0.031 seconds
[2023-11-19T23:34:26.475+0000] {processor.py:157} INFO - Started process (PID=383) to work on /home/airflow/.local/lib/python3.8/site-packages/airflow/example_dags/example_latest_only_with_trigger.py
[2023-11-19T23:34:26.475+0000] {processor.py:829} INFO - Processing file /home/airflow/.local/lib/python3.8/site-packages/airflow/example_dags/example_latest_only_with_trigger.py for tasks to queue
[2023-11-19T23:34:26.476+0000] {logging_mixin.py:154} INFO - [2023-11-19T23:34:26.476+0000] {dagbag.py:536} INFO - Filling up the DagBag from /home/airflow/.local/lib/python3.8/site-packages/airflow/example_dags/example_latest_only_with_trigger.py
[2023-11-19T23:34:26.479+0000] {processor.py:839} INFO - DAG(s) dict_keys(['latest_only_with_trigger']) retrieved from /home/airflow/.local/lib/python3.8/site-packages/airflow/example_dags/example_latest_only_with_trigger.py
[2023-11-19T23:34:26.489+0000] {logging_mixin.py:154} INFO - [2023-11-19T23:34:26.489+0000] {dag.py:2941} INFO - Sync 1 DAGs
[2023-11-19T23:34:26.498+0000] {logging_mixin.py:154} INFO - [2023-11-19T23:34:26.498+0000] {dag.py:3722} INFO - Setting next_dagrun for latest_only_with_trigger to 2023-11-19T19:34:26.498011+00:00, run_after=2023-11-19T23:34:26.498011+00:00
[2023-11-19T23:34:26.505+0000] {processor.py:179} INFO - Processing /home/airflow/.local/lib/python3.8/site-packages/airflow/example_dags/example_latest_only_with_trigger.py took 0.031 seconds
[2023-11-19T23:34:56.947+0000] {processor.py:157} INFO - Started process (PID=437) to work on /home/airflow/.local/lib/python3.8/site-packages/airflow/example_dags/example_latest_only_with_trigger.py
[2023-11-19T23:34:56.948+0000] {processor.py:829} INFO - Processing file /home/airflow/.local/lib/python3.8/site-packages/airflow/example_dags/example_latest_only_with_trigger.py for tasks to queue
[2023-11-19T23:34:56.949+0000] {logging_mixin.py:154} INFO - [2023-11-19T23:34:56.949+0000] {dagbag.py:536} INFO - Filling up the DagBag from /home/airflow/.local/lib/python3.8/site-packages/airflow/example_dags/example_latest_only_with_trigger.py
[2023-11-19T23:34:56.952+0000] {processor.py:839} INFO - DAG(s) dict_keys(['latest_only_with_trigger']) retrieved from /home/airflow/.local/lib/python3.8/site-packages/airflow/example_dags/example_latest_only_with_trigger.py
[2023-11-19T23:34:56.961+0000] {logging_mixin.py:154} INFO - [2023-11-19T23:34:56.961+0000] {dag.py:2941} INFO - Sync 1 DAGs
[2023-11-19T23:34:56.970+0000] {logging_mixin.py:154} INFO - [2023-11-19T23:34:56.970+0000] {dag.py:3722} INFO - Setting next_dagrun for latest_only_with_trigger to 2023-11-19T19:34:56.970195+00:00, run_after=2023-11-19T23:34:56.970195+00:00
[2023-11-19T23:34:56.976+0000] {processor.py:179} INFO - Processing /home/airflow/.local/lib/python3.8/site-packages/airflow/example_dags/example_latest_only_with_trigger.py took 0.031 seconds
[2023-11-19T23:35:27.519+0000] {processor.py:157} INFO - Started process (PID=491) to work on /home/airflow/.local/lib/python3.8/site-packages/airflow/example_dags/example_latest_only_with_trigger.py
[2023-11-19T23:35:27.519+0000] {processor.py:829} INFO - Processing file /home/airflow/.local/lib/python3.8/site-packages/airflow/example_dags/example_latest_only_with_trigger.py for tasks to queue
[2023-11-19T23:35:27.520+0000] {logging_mixin.py:154} INFO - [2023-11-19T23:35:27.520+0000] {dagbag.py:536} INFO - Filling up the DagBag from /home/airflow/.local/lib/python3.8/site-packages/airflow/example_dags/example_latest_only_with_trigger.py
[2023-11-19T23:35:27.523+0000] {processor.py:839} INFO - DAG(s) dict_keys(['latest_only_with_trigger']) retrieved from /home/airflow/.local/lib/python3.8/site-packages/airflow/example_dags/example_latest_only_with_trigger.py
[2023-11-19T23:35:27.533+0000] {logging_mixin.py:154} INFO - [2023-11-19T23:35:27.533+0000] {dag.py:2941} INFO - Sync 1 DAGs
[2023-11-19T23:35:27.542+0000] {logging_mixin.py:154} INFO - [2023-11-19T23:35:27.542+0000] {dag.py:3722} INFO - Setting next_dagrun for latest_only_with_trigger to 2023-11-19T19:35:27.542031+00:00, run_after=2023-11-19T23:35:27.542031+00:00
[2023-11-19T23:35:27.548+0000] {processor.py:179} INFO - Processing /home/airflow/.local/lib/python3.8/site-packages/airflow/example_dags/example_latest_only_with_trigger.py took 0.031 seconds
[2023-11-19T23:35:58.041+0000] {processor.py:157} INFO - Started process (PID=545) to work on /home/airflow/.local/lib/python3.8/site-packages/airflow/example_dags/example_latest_only_with_trigger.py
[2023-11-19T23:35:58.041+0000] {processor.py:829} INFO - Processing file /home/airflow/.local/lib/python3.8/site-packages/airflow/example_dags/example_latest_only_with_trigger.py for tasks to queue
[2023-11-19T23:35:58.042+0000] {logging_mixin.py:154} INFO - [2023-11-19T23:35:58.042+0000] {dagbag.py:536} INFO - Filling up the DagBag from /home/airflow/.local/lib/python3.8/site-packages/airflow/example_dags/example_latest_only_with_trigger.py
[2023-11-19T23:35:58.045+0000] {processor.py:839} INFO - DAG(s) dict_keys(['latest_only_with_trigger']) retrieved from /home/airflow/.local/lib/python3.8/site-packages/airflow/example_dags/example_latest_only_with_trigger.py
[2023-11-19T23:35:58.056+0000] {logging_mixin.py:154} INFO - [2023-11-19T23:35:58.056+0000] {dag.py:2941} INFO - Sync 1 DAGs
[2023-11-19T23:35:58.065+0000] {logging_mixin.py:154} INFO - [2023-11-19T23:35:58.065+0000] {dag.py:3722} INFO - Setting next_dagrun for latest_only_with_trigger to 2023-11-19T19:35:58.065327+00:00, run_after=2023-11-19T23:35:58.065327+00:00
[2023-11-19T23:35:58.072+0000] {processor.py:179} INFO - Processing /home/airflow/.local/lib/python3.8/site-packages/airflow/example_dags/example_latest_only_with_trigger.py took 0.033 seconds
