[2023-11-19T23:20:27.730+0000] {processor.py:157} INFO - Started process (PID=74) to work on /home/airflow/.local/lib/python3.8/site-packages/airflow/example_dags/example_trigger_target_dag.py
[2023-11-19T23:20:27.731+0000] {processor.py:829} INFO - Processing file /home/airflow/.local/lib/python3.8/site-packages/airflow/example_dags/example_trigger_target_dag.py for tasks to queue
[2023-11-19T23:20:27.732+0000] {logging_mixin.py:154} INFO - [2023-11-19T23:20:27.732+0000] {dagbag.py:536} INFO - Filling up the DagBag from /home/airflow/.local/lib/python3.8/site-packages/airflow/example_dags/example_trigger_target_dag.py
[2023-11-19T23:20:27.736+0000] {processor.py:839} INFO - DAG(s) dict_keys(['example_trigger_target_dag']) retrieved from /home/airflow/.local/lib/python3.8/site-packages/airflow/example_dags/example_trigger_target_dag.py
[2023-11-19T23:20:27.780+0000] {logging_mixin.py:154} INFO - [2023-11-19T23:20:27.780+0000] {manager.py:499} INFO - Created Permission View: %s
[2023-11-19T23:20:27.784+0000] {logging_mixin.py:154} INFO - [2023-11-19T23:20:27.784+0000] {manager.py:499} INFO - Created Permission View: %s
[2023-11-19T23:20:27.786+0000] {logging_mixin.py:154} INFO - [2023-11-19T23:20:27.786+0000] {manager.py:499} INFO - Created Permission View: %s
[2023-11-19T23:20:27.786+0000] {logging_mixin.py:154} INFO - [2023-11-19T23:20:27.786+0000] {dag.py:2941} INFO - Sync 1 DAGs
[2023-11-19T23:20:27.791+0000] {logging_mixin.py:154} INFO - [2023-11-19T23:20:27.790+0000] {dag.py:2963} INFO - Creating ORM DAG for example_trigger_target_dag
[2023-11-19T23:20:27.791+0000] {logging_mixin.py:154} INFO - [2023-11-19T23:20:27.791+0000] {dag.py:3722} INFO - Setting next_dagrun for example_trigger_target_dag to None, run_after=None
[2023-11-19T23:20:27.796+0000] {processor.py:179} INFO - Processing /home/airflow/.local/lib/python3.8/site-packages/airflow/example_dags/example_trigger_target_dag.py took 0.068 seconds
[2023-11-19T23:20:57.869+0000] {processor.py:157} INFO - Started process (PID=128) to work on /home/airflow/.local/lib/python3.8/site-packages/airflow/example_dags/example_trigger_target_dag.py
[2023-11-19T23:20:57.870+0000] {processor.py:829} INFO - Processing file /home/airflow/.local/lib/python3.8/site-packages/airflow/example_dags/example_trigger_target_dag.py for tasks to queue
[2023-11-19T23:20:57.871+0000] {logging_mixin.py:154} INFO - [2023-11-19T23:20:57.871+0000] {dagbag.py:536} INFO - Filling up the DagBag from /home/airflow/.local/lib/python3.8/site-packages/airflow/example_dags/example_trigger_target_dag.py
[2023-11-19T23:20:57.874+0000] {processor.py:839} INFO - DAG(s) dict_keys(['example_trigger_target_dag']) retrieved from /home/airflow/.local/lib/python3.8/site-packages/airflow/example_dags/example_trigger_target_dag.py
[2023-11-19T23:20:57.884+0000] {logging_mixin.py:154} INFO - [2023-11-19T23:20:57.884+0000] {dag.py:2941} INFO - Sync 1 DAGs
[2023-11-19T23:20:57.889+0000] {logging_mixin.py:154} INFO - [2023-11-19T23:20:57.889+0000] {dag.py:3722} INFO - Setting next_dagrun for example_trigger_target_dag to None, run_after=None
[2023-11-19T23:20:57.895+0000] {processor.py:179} INFO - Processing /home/airflow/.local/lib/python3.8/site-packages/airflow/example_dags/example_trigger_target_dag.py took 0.028 seconds
[2023-11-19T23:21:28.400+0000] {processor.py:157} INFO - Started process (PID=182) to work on /home/airflow/.local/lib/python3.8/site-packages/airflow/example_dags/example_trigger_target_dag.py
[2023-11-19T23:21:28.400+0000] {processor.py:829} INFO - Processing file /home/airflow/.local/lib/python3.8/site-packages/airflow/example_dags/example_trigger_target_dag.py for tasks to queue
[2023-11-19T23:21:28.401+0000] {logging_mixin.py:154} INFO - [2023-11-19T23:21:28.401+0000] {dagbag.py:536} INFO - Filling up the DagBag from /home/airflow/.local/lib/python3.8/site-packages/airflow/example_dags/example_trigger_target_dag.py
[2023-11-19T23:21:28.404+0000] {processor.py:839} INFO - DAG(s) dict_keys(['example_trigger_target_dag']) retrieved from /home/airflow/.local/lib/python3.8/site-packages/airflow/example_dags/example_trigger_target_dag.py
[2023-11-19T23:21:28.413+0000] {logging_mixin.py:154} INFO - [2023-11-19T23:21:28.413+0000] {dag.py:2941} INFO - Sync 1 DAGs
[2023-11-19T23:21:28.418+0000] {logging_mixin.py:154} INFO - [2023-11-19T23:21:28.418+0000] {dag.py:3722} INFO - Setting next_dagrun for example_trigger_target_dag to None, run_after=None
[2023-11-19T23:21:28.424+0000] {processor.py:179} INFO - Processing /home/airflow/.local/lib/python3.8/site-packages/airflow/example_dags/example_trigger_target_dag.py took 0.026 seconds
[2023-11-19T23:21:58.805+0000] {processor.py:157} INFO - Started process (PID=236) to work on /home/airflow/.local/lib/python3.8/site-packages/airflow/example_dags/example_trigger_target_dag.py
[2023-11-19T23:21:58.805+0000] {processor.py:829} INFO - Processing file /home/airflow/.local/lib/python3.8/site-packages/airflow/example_dags/example_trigger_target_dag.py for tasks to queue
[2023-11-19T23:21:58.806+0000] {logging_mixin.py:154} INFO - [2023-11-19T23:21:58.806+0000] {dagbag.py:536} INFO - Filling up the DagBag from /home/airflow/.local/lib/python3.8/site-packages/airflow/example_dags/example_trigger_target_dag.py
[2023-11-19T23:21:58.809+0000] {processor.py:839} INFO - DAG(s) dict_keys(['example_trigger_target_dag']) retrieved from /home/airflow/.local/lib/python3.8/site-packages/airflow/example_dags/example_trigger_target_dag.py
[2023-11-19T23:21:58.819+0000] {logging_mixin.py:154} INFO - [2023-11-19T23:21:58.819+0000] {dag.py:2941} INFO - Sync 1 DAGs
[2023-11-19T23:21:58.824+0000] {logging_mixin.py:154} INFO - [2023-11-19T23:21:58.824+0000] {dag.py:3722} INFO - Setting next_dagrun for example_trigger_target_dag to None, run_after=None
[2023-11-19T23:21:58.831+0000] {processor.py:179} INFO - Processing /home/airflow/.local/lib/python3.8/site-packages/airflow/example_dags/example_trigger_target_dag.py took 0.028 seconds
[2023-11-19T23:22:29.312+0000] {processor.py:157} INFO - Started process (PID=290) to work on /home/airflow/.local/lib/python3.8/site-packages/airflow/example_dags/example_trigger_target_dag.py
[2023-11-19T23:22:29.313+0000] {processor.py:829} INFO - Processing file /home/airflow/.local/lib/python3.8/site-packages/airflow/example_dags/example_trigger_target_dag.py for tasks to queue
[2023-11-19T23:22:29.314+0000] {logging_mixin.py:154} INFO - [2023-11-19T23:22:29.314+0000] {dagbag.py:536} INFO - Filling up the DagBag from /home/airflow/.local/lib/python3.8/site-packages/airflow/example_dags/example_trigger_target_dag.py
[2023-11-19T23:22:29.317+0000] {processor.py:839} INFO - DAG(s) dict_keys(['example_trigger_target_dag']) retrieved from /home/airflow/.local/lib/python3.8/site-packages/airflow/example_dags/example_trigger_target_dag.py
[2023-11-19T23:22:29.326+0000] {logging_mixin.py:154} INFO - [2023-11-19T23:22:29.326+0000] {dag.py:2941} INFO - Sync 1 DAGs
[2023-11-19T23:22:29.331+0000] {logging_mixin.py:154} INFO - [2023-11-19T23:22:29.331+0000] {dag.py:3722} INFO - Setting next_dagrun for example_trigger_target_dag to None, run_after=None
[2023-11-19T23:22:29.338+0000] {processor.py:179} INFO - Processing /home/airflow/.local/lib/python3.8/site-packages/airflow/example_dags/example_trigger_target_dag.py took 0.027 seconds
[2023-11-19T23:22:59.775+0000] {processor.py:157} INFO - Started process (PID=344) to work on /home/airflow/.local/lib/python3.8/site-packages/airflow/example_dags/example_trigger_target_dag.py
[2023-11-19T23:22:59.775+0000] {processor.py:829} INFO - Processing file /home/airflow/.local/lib/python3.8/site-packages/airflow/example_dags/example_trigger_target_dag.py for tasks to queue
[2023-11-19T23:22:59.776+0000] {logging_mixin.py:154} INFO - [2023-11-19T23:22:59.776+0000] {dagbag.py:536} INFO - Filling up the DagBag from /home/airflow/.local/lib/python3.8/site-packages/airflow/example_dags/example_trigger_target_dag.py
[2023-11-19T23:22:59.779+0000] {processor.py:839} INFO - DAG(s) dict_keys(['example_trigger_target_dag']) retrieved from /home/airflow/.local/lib/python3.8/site-packages/airflow/example_dags/example_trigger_target_dag.py
[2023-11-19T23:22:59.788+0000] {logging_mixin.py:154} INFO - [2023-11-19T23:22:59.788+0000] {dag.py:2941} INFO - Sync 1 DAGs
[2023-11-19T23:22:59.794+0000] {logging_mixin.py:154} INFO - [2023-11-19T23:22:59.794+0000] {dag.py:3722} INFO - Setting next_dagrun for example_trigger_target_dag to None, run_after=None
[2023-11-19T23:22:59.800+0000] {processor.py:179} INFO - Processing /home/airflow/.local/lib/python3.8/site-packages/airflow/example_dags/example_trigger_target_dag.py took 0.027 seconds
[2023-11-19T23:23:30.157+0000] {processor.py:157} INFO - Started process (PID=398) to work on /home/airflow/.local/lib/python3.8/site-packages/airflow/example_dags/example_trigger_target_dag.py
[2023-11-19T23:23:30.158+0000] {processor.py:829} INFO - Processing file /home/airflow/.local/lib/python3.8/site-packages/airflow/example_dags/example_trigger_target_dag.py for tasks to queue
[2023-11-19T23:23:30.159+0000] {logging_mixin.py:154} INFO - [2023-11-19T23:23:30.159+0000] {dagbag.py:536} INFO - Filling up the DagBag from /home/airflow/.local/lib/python3.8/site-packages/airflow/example_dags/example_trigger_target_dag.py
[2023-11-19T23:23:30.162+0000] {processor.py:839} INFO - DAG(s) dict_keys(['example_trigger_target_dag']) retrieved from /home/airflow/.local/lib/python3.8/site-packages/airflow/example_dags/example_trigger_target_dag.py
[2023-11-19T23:23:30.172+0000] {logging_mixin.py:154} INFO - [2023-11-19T23:23:30.172+0000] {dag.py:2941} INFO - Sync 1 DAGs
[2023-11-19T23:23:30.178+0000] {logging_mixin.py:154} INFO - [2023-11-19T23:23:30.178+0000] {dag.py:3722} INFO - Setting next_dagrun for example_trigger_target_dag to None, run_after=None
[2023-11-19T23:23:30.185+0000] {processor.py:179} INFO - Processing /home/airflow/.local/lib/python3.8/site-packages/airflow/example_dags/example_trigger_target_dag.py took 0.029 seconds
[2023-11-19T23:24:00.596+0000] {processor.py:157} INFO - Started process (PID=452) to work on /home/airflow/.local/lib/python3.8/site-packages/airflow/example_dags/example_trigger_target_dag.py
[2023-11-19T23:24:00.596+0000] {processor.py:829} INFO - Processing file /home/airflow/.local/lib/python3.8/site-packages/airflow/example_dags/example_trigger_target_dag.py for tasks to queue
[2023-11-19T23:24:00.597+0000] {logging_mixin.py:154} INFO - [2023-11-19T23:24:00.597+0000] {dagbag.py:536} INFO - Filling up the DagBag from /home/airflow/.local/lib/python3.8/site-packages/airflow/example_dags/example_trigger_target_dag.py
[2023-11-19T23:24:00.601+0000] {processor.py:839} INFO - DAG(s) dict_keys(['example_trigger_target_dag']) retrieved from /home/airflow/.local/lib/python3.8/site-packages/airflow/example_dags/example_trigger_target_dag.py
[2023-11-19T23:24:00.610+0000] {logging_mixin.py:154} INFO - [2023-11-19T23:24:00.610+0000] {dag.py:2941} INFO - Sync 1 DAGs
[2023-11-19T23:24:00.615+0000] {logging_mixin.py:154} INFO - [2023-11-19T23:24:00.615+0000] {dag.py:3722} INFO - Setting next_dagrun for example_trigger_target_dag to None, run_after=None
[2023-11-19T23:24:00.621+0000] {processor.py:179} INFO - Processing /home/airflow/.local/lib/python3.8/site-packages/airflow/example_dags/example_trigger_target_dag.py took 0.027 seconds
[2023-11-19T23:24:31.078+0000] {processor.py:157} INFO - Started process (PID=506) to work on /home/airflow/.local/lib/python3.8/site-packages/airflow/example_dags/example_trigger_target_dag.py
[2023-11-19T23:24:31.078+0000] {processor.py:829} INFO - Processing file /home/airflow/.local/lib/python3.8/site-packages/airflow/example_dags/example_trigger_target_dag.py for tasks to queue
[2023-11-19T23:24:31.079+0000] {logging_mixin.py:154} INFO - [2023-11-19T23:24:31.079+0000] {dagbag.py:536} INFO - Filling up the DagBag from /home/airflow/.local/lib/python3.8/site-packages/airflow/example_dags/example_trigger_target_dag.py
[2023-11-19T23:24:31.082+0000] {processor.py:839} INFO - DAG(s) dict_keys(['example_trigger_target_dag']) retrieved from /home/airflow/.local/lib/python3.8/site-packages/airflow/example_dags/example_trigger_target_dag.py
[2023-11-19T23:24:31.091+0000] {logging_mixin.py:154} INFO - [2023-11-19T23:24:31.091+0000] {dag.py:2941} INFO - Sync 1 DAGs
[2023-11-19T23:24:31.096+0000] {logging_mixin.py:154} INFO - [2023-11-19T23:24:31.096+0000] {dag.py:3722} INFO - Setting next_dagrun for example_trigger_target_dag to None, run_after=None
[2023-11-19T23:24:31.102+0000] {processor.py:179} INFO - Processing /home/airflow/.local/lib/python3.8/site-packages/airflow/example_dags/example_trigger_target_dag.py took 0.026 seconds
[2023-11-19T23:25:01.550+0000] {processor.py:157} INFO - Started process (PID=560) to work on /home/airflow/.local/lib/python3.8/site-packages/airflow/example_dags/example_trigger_target_dag.py
[2023-11-19T23:25:01.550+0000] {processor.py:829} INFO - Processing file /home/airflow/.local/lib/python3.8/site-packages/airflow/example_dags/example_trigger_target_dag.py for tasks to queue
[2023-11-19T23:25:01.551+0000] {logging_mixin.py:154} INFO - [2023-11-19T23:25:01.551+0000] {dagbag.py:536} INFO - Filling up the DagBag from /home/airflow/.local/lib/python3.8/site-packages/airflow/example_dags/example_trigger_target_dag.py
[2023-11-19T23:25:01.554+0000] {processor.py:839} INFO - DAG(s) dict_keys(['example_trigger_target_dag']) retrieved from /home/airflow/.local/lib/python3.8/site-packages/airflow/example_dags/example_trigger_target_dag.py
[2023-11-19T23:25:01.564+0000] {logging_mixin.py:154} INFO - [2023-11-19T23:25:01.564+0000] {dag.py:2941} INFO - Sync 1 DAGs
[2023-11-19T23:25:01.569+0000] {logging_mixin.py:154} INFO - [2023-11-19T23:25:01.569+0000] {dag.py:3722} INFO - Setting next_dagrun for example_trigger_target_dag to None, run_after=None
[2023-11-19T23:25:01.575+0000] {processor.py:179} INFO - Processing /home/airflow/.local/lib/python3.8/site-packages/airflow/example_dags/example_trigger_target_dag.py took 0.028 seconds
[2023-11-19T23:25:32.103+0000] {processor.py:157} INFO - Started process (PID=614) to work on /home/airflow/.local/lib/python3.8/site-packages/airflow/example_dags/example_trigger_target_dag.py
[2023-11-19T23:25:32.104+0000] {processor.py:829} INFO - Processing file /home/airflow/.local/lib/python3.8/site-packages/airflow/example_dags/example_trigger_target_dag.py for tasks to queue
[2023-11-19T23:25:32.105+0000] {logging_mixin.py:154} INFO - [2023-11-19T23:25:32.105+0000] {dagbag.py:536} INFO - Filling up the DagBag from /home/airflow/.local/lib/python3.8/site-packages/airflow/example_dags/example_trigger_target_dag.py
[2023-11-19T23:25:32.108+0000] {processor.py:839} INFO - DAG(s) dict_keys(['example_trigger_target_dag']) retrieved from /home/airflow/.local/lib/python3.8/site-packages/airflow/example_dags/example_trigger_target_dag.py
[2023-11-19T23:25:32.117+0000] {logging_mixin.py:154} INFO - [2023-11-19T23:25:32.117+0000] {dag.py:2941} INFO - Sync 1 DAGs
[2023-11-19T23:25:32.122+0000] {logging_mixin.py:154} INFO - [2023-11-19T23:25:32.122+0000] {dag.py:3722} INFO - Setting next_dagrun for example_trigger_target_dag to None, run_after=None
[2023-11-19T23:25:32.129+0000] {processor.py:179} INFO - Processing /home/airflow/.local/lib/python3.8/site-packages/airflow/example_dags/example_trigger_target_dag.py took 0.028 seconds
[2023-11-19T23:31:24.429+0000] {processor.py:157} INFO - Started process (PID=75) to work on /home/airflow/.local/lib/python3.8/site-packages/airflow/example_dags/example_trigger_target_dag.py
[2023-11-19T23:31:24.430+0000] {processor.py:829} INFO - Processing file /home/airflow/.local/lib/python3.8/site-packages/airflow/example_dags/example_trigger_target_dag.py for tasks to queue
[2023-11-19T23:31:24.431+0000] {logging_mixin.py:154} INFO - [2023-11-19T23:31:24.431+0000] {dagbag.py:536} INFO - Filling up the DagBag from /home/airflow/.local/lib/python3.8/site-packages/airflow/example_dags/example_trigger_target_dag.py
[2023-11-19T23:31:24.435+0000] {processor.py:839} INFO - DAG(s) dict_keys(['example_trigger_target_dag']) retrieved from /home/airflow/.local/lib/python3.8/site-packages/airflow/example_dags/example_trigger_target_dag.py
[2023-11-19T23:31:24.485+0000] {logging_mixin.py:154} INFO - [2023-11-19T23:31:24.485+0000] {manager.py:499} INFO - Created Permission View: %s
[2023-11-19T23:31:24.489+0000] {logging_mixin.py:154} INFO - [2023-11-19T23:31:24.489+0000] {manager.py:499} INFO - Created Permission View: %s
[2023-11-19T23:31:24.492+0000] {logging_mixin.py:154} INFO - [2023-11-19T23:31:24.492+0000] {manager.py:499} INFO - Created Permission View: %s
[2023-11-19T23:31:24.492+0000] {logging_mixin.py:154} INFO - [2023-11-19T23:31:24.492+0000] {dag.py:2941} INFO - Sync 1 DAGs
[2023-11-19T23:31:24.497+0000] {logging_mixin.py:154} INFO - [2023-11-19T23:31:24.497+0000] {dag.py:2963} INFO - Creating ORM DAG for example_trigger_target_dag
[2023-11-19T23:31:24.498+0000] {logging_mixin.py:154} INFO - [2023-11-19T23:31:24.498+0000] {dag.py:3722} INFO - Setting next_dagrun for example_trigger_target_dag to None, run_after=None
[2023-11-19T23:31:24.505+0000] {processor.py:179} INFO - Processing /home/airflow/.local/lib/python3.8/site-packages/airflow/example_dags/example_trigger_target_dag.py took 0.077 seconds
[2023-11-19T23:31:54.521+0000] {processor.py:157} INFO - Started process (PID=129) to work on /home/airflow/.local/lib/python3.8/site-packages/airflow/example_dags/example_trigger_target_dag.py
[2023-11-19T23:31:54.521+0000] {processor.py:829} INFO - Processing file /home/airflow/.local/lib/python3.8/site-packages/airflow/example_dags/example_trigger_target_dag.py for tasks to queue
[2023-11-19T23:31:54.522+0000] {logging_mixin.py:154} INFO - [2023-11-19T23:31:54.522+0000] {dagbag.py:536} INFO - Filling up the DagBag from /home/airflow/.local/lib/python3.8/site-packages/airflow/example_dags/example_trigger_target_dag.py
[2023-11-19T23:31:54.526+0000] {processor.py:839} INFO - DAG(s) dict_keys(['example_trigger_target_dag']) retrieved from /home/airflow/.local/lib/python3.8/site-packages/airflow/example_dags/example_trigger_target_dag.py
[2023-11-19T23:31:54.535+0000] {logging_mixin.py:154} INFO - [2023-11-19T23:31:54.535+0000] {dag.py:2941} INFO - Sync 1 DAGs
[2023-11-19T23:31:54.540+0000] {logging_mixin.py:154} INFO - [2023-11-19T23:31:54.540+0000] {dag.py:3722} INFO - Setting next_dagrun for example_trigger_target_dag to None, run_after=None
[2023-11-19T23:31:54.547+0000] {processor.py:179} INFO - Processing /home/airflow/.local/lib/python3.8/site-packages/airflow/example_dags/example_trigger_target_dag.py took 0.028 seconds
[2023-11-19T23:32:24.992+0000] {processor.py:157} INFO - Started process (PID=183) to work on /home/airflow/.local/lib/python3.8/site-packages/airflow/example_dags/example_trigger_target_dag.py
[2023-11-19T23:32:24.992+0000] {processor.py:829} INFO - Processing file /home/airflow/.local/lib/python3.8/site-packages/airflow/example_dags/example_trigger_target_dag.py for tasks to queue
[2023-11-19T23:32:24.993+0000] {logging_mixin.py:154} INFO - [2023-11-19T23:32:24.993+0000] {dagbag.py:536} INFO - Filling up the DagBag from /home/airflow/.local/lib/python3.8/site-packages/airflow/example_dags/example_trigger_target_dag.py
[2023-11-19T23:32:24.996+0000] {processor.py:839} INFO - DAG(s) dict_keys(['example_trigger_target_dag']) retrieved from /home/airflow/.local/lib/python3.8/site-packages/airflow/example_dags/example_trigger_target_dag.py
[2023-11-19T23:32:25.005+0000] {logging_mixin.py:154} INFO - [2023-11-19T23:32:25.005+0000] {dag.py:2941} INFO - Sync 1 DAGs
[2023-11-19T23:32:25.011+0000] {logging_mixin.py:154} INFO - [2023-11-19T23:32:25.010+0000] {dag.py:3722} INFO - Setting next_dagrun for example_trigger_target_dag to None, run_after=None
[2023-11-19T23:32:25.017+0000] {processor.py:179} INFO - Processing /home/airflow/.local/lib/python3.8/site-packages/airflow/example_dags/example_trigger_target_dag.py took 0.027 seconds
[2023-11-19T23:32:55.473+0000] {processor.py:157} INFO - Started process (PID=237) to work on /home/airflow/.local/lib/python3.8/site-packages/airflow/example_dags/example_trigger_target_dag.py
[2023-11-19T23:32:55.473+0000] {processor.py:829} INFO - Processing file /home/airflow/.local/lib/python3.8/site-packages/airflow/example_dags/example_trigger_target_dag.py for tasks to queue
[2023-11-19T23:32:55.474+0000] {logging_mixin.py:154} INFO - [2023-11-19T23:32:55.474+0000] {dagbag.py:536} INFO - Filling up the DagBag from /home/airflow/.local/lib/python3.8/site-packages/airflow/example_dags/example_trigger_target_dag.py
[2023-11-19T23:32:55.477+0000] {processor.py:839} INFO - DAG(s) dict_keys(['example_trigger_target_dag']) retrieved from /home/airflow/.local/lib/python3.8/site-packages/airflow/example_dags/example_trigger_target_dag.py
[2023-11-19T23:32:55.487+0000] {logging_mixin.py:154} INFO - [2023-11-19T23:32:55.487+0000] {dag.py:2941} INFO - Sync 1 DAGs
[2023-11-19T23:32:55.492+0000] {logging_mixin.py:154} INFO - [2023-11-19T23:32:55.492+0000] {dag.py:3722} INFO - Setting next_dagrun for example_trigger_target_dag to None, run_after=None
[2023-11-19T23:32:55.499+0000] {processor.py:179} INFO - Processing /home/airflow/.local/lib/python3.8/site-packages/airflow/example_dags/example_trigger_target_dag.py took 0.028 seconds
[2023-11-19T23:33:25.980+0000] {processor.py:157} INFO - Started process (PID=291) to work on /home/airflow/.local/lib/python3.8/site-packages/airflow/example_dags/example_trigger_target_dag.py
[2023-11-19T23:33:25.980+0000] {processor.py:829} INFO - Processing file /home/airflow/.local/lib/python3.8/site-packages/airflow/example_dags/example_trigger_target_dag.py for tasks to queue
[2023-11-19T23:33:25.981+0000] {logging_mixin.py:154} INFO - [2023-11-19T23:33:25.981+0000] {dagbag.py:536} INFO - Filling up the DagBag from /home/airflow/.local/lib/python3.8/site-packages/airflow/example_dags/example_trigger_target_dag.py
[2023-11-19T23:33:25.984+0000] {processor.py:839} INFO - DAG(s) dict_keys(['example_trigger_target_dag']) retrieved from /home/airflow/.local/lib/python3.8/site-packages/airflow/example_dags/example_trigger_target_dag.py
[2023-11-19T23:33:25.994+0000] {logging_mixin.py:154} INFO - [2023-11-19T23:33:25.994+0000] {dag.py:2941} INFO - Sync 1 DAGs
[2023-11-19T23:33:25.999+0000] {logging_mixin.py:154} INFO - [2023-11-19T23:33:25.999+0000] {dag.py:3722} INFO - Setting next_dagrun for example_trigger_target_dag to None, run_after=None
[2023-11-19T23:33:26.006+0000] {processor.py:179} INFO - Processing /home/airflow/.local/lib/python3.8/site-packages/airflow/example_dags/example_trigger_target_dag.py took 0.028 seconds
[2023-11-19T23:33:56.494+0000] {processor.py:157} INFO - Started process (PID=345) to work on /home/airflow/.local/lib/python3.8/site-packages/airflow/example_dags/example_trigger_target_dag.py
[2023-11-19T23:33:56.494+0000] {processor.py:829} INFO - Processing file /home/airflow/.local/lib/python3.8/site-packages/airflow/example_dags/example_trigger_target_dag.py for tasks to queue
[2023-11-19T23:33:56.495+0000] {logging_mixin.py:154} INFO - [2023-11-19T23:33:56.495+0000] {dagbag.py:536} INFO - Filling up the DagBag from /home/airflow/.local/lib/python3.8/site-packages/airflow/example_dags/example_trigger_target_dag.py
[2023-11-19T23:33:56.498+0000] {processor.py:839} INFO - DAG(s) dict_keys(['example_trigger_target_dag']) retrieved from /home/airflow/.local/lib/python3.8/site-packages/airflow/example_dags/example_trigger_target_dag.py
[2023-11-19T23:33:56.507+0000] {logging_mixin.py:154} INFO - [2023-11-19T23:33:56.506+0000] {dag.py:2941} INFO - Sync 1 DAGs
[2023-11-19T23:33:56.512+0000] {logging_mixin.py:154} INFO - [2023-11-19T23:33:56.512+0000] {dag.py:3722} INFO - Setting next_dagrun for example_trigger_target_dag to None, run_after=None
[2023-11-19T23:33:56.518+0000] {processor.py:179} INFO - Processing /home/airflow/.local/lib/python3.8/site-packages/airflow/example_dags/example_trigger_target_dag.py took 0.026 seconds
[2023-11-19T23:34:26.881+0000] {processor.py:157} INFO - Started process (PID=399) to work on /home/airflow/.local/lib/python3.8/site-packages/airflow/example_dags/example_trigger_target_dag.py
[2023-11-19T23:34:26.882+0000] {processor.py:829} INFO - Processing file /home/airflow/.local/lib/python3.8/site-packages/airflow/example_dags/example_trigger_target_dag.py for tasks to queue
[2023-11-19T23:34:26.883+0000] {logging_mixin.py:154} INFO - [2023-11-19T23:34:26.883+0000] {dagbag.py:536} INFO - Filling up the DagBag from /home/airflow/.local/lib/python3.8/site-packages/airflow/example_dags/example_trigger_target_dag.py
[2023-11-19T23:34:26.886+0000] {processor.py:839} INFO - DAG(s) dict_keys(['example_trigger_target_dag']) retrieved from /home/airflow/.local/lib/python3.8/site-packages/airflow/example_dags/example_trigger_target_dag.py
[2023-11-19T23:34:26.895+0000] {logging_mixin.py:154} INFO - [2023-11-19T23:34:26.895+0000] {dag.py:2941} INFO - Sync 1 DAGs
[2023-11-19T23:34:26.900+0000] {logging_mixin.py:154} INFO - [2023-11-19T23:34:26.900+0000] {dag.py:3722} INFO - Setting next_dagrun for example_trigger_target_dag to None, run_after=None
[2023-11-19T23:34:26.907+0000] {processor.py:179} INFO - Processing /home/airflow/.local/lib/python3.8/site-packages/airflow/example_dags/example_trigger_target_dag.py took 0.028 seconds
[2023-11-19T23:34:57.399+0000] {processor.py:157} INFO - Started process (PID=453) to work on /home/airflow/.local/lib/python3.8/site-packages/airflow/example_dags/example_trigger_target_dag.py
[2023-11-19T23:34:57.400+0000] {processor.py:829} INFO - Processing file /home/airflow/.local/lib/python3.8/site-packages/airflow/example_dags/example_trigger_target_dag.py for tasks to queue
[2023-11-19T23:34:57.401+0000] {logging_mixin.py:154} INFO - [2023-11-19T23:34:57.400+0000] {dagbag.py:536} INFO - Filling up the DagBag from /home/airflow/.local/lib/python3.8/site-packages/airflow/example_dags/example_trigger_target_dag.py
[2023-11-19T23:34:57.404+0000] {processor.py:839} INFO - DAG(s) dict_keys(['example_trigger_target_dag']) retrieved from /home/airflow/.local/lib/python3.8/site-packages/airflow/example_dags/example_trigger_target_dag.py
[2023-11-19T23:34:57.412+0000] {logging_mixin.py:154} INFO - [2023-11-19T23:34:57.412+0000] {dag.py:2941} INFO - Sync 1 DAGs
[2023-11-19T23:34:57.416+0000] {logging_mixin.py:154} INFO - [2023-11-19T23:34:57.416+0000] {dag.py:3722} INFO - Setting next_dagrun for example_trigger_target_dag to None, run_after=None
[2023-11-19T23:34:57.423+0000] {processor.py:179} INFO - Processing /home/airflow/.local/lib/python3.8/site-packages/airflow/example_dags/example_trigger_target_dag.py took 0.026 seconds
[2023-11-19T23:35:27.989+0000] {processor.py:157} INFO - Started process (PID=507) to work on /home/airflow/.local/lib/python3.8/site-packages/airflow/example_dags/example_trigger_target_dag.py
[2023-11-19T23:35:27.990+0000] {processor.py:829} INFO - Processing file /home/airflow/.local/lib/python3.8/site-packages/airflow/example_dags/example_trigger_target_dag.py for tasks to queue
[2023-11-19T23:35:27.991+0000] {logging_mixin.py:154} INFO - [2023-11-19T23:35:27.990+0000] {dagbag.py:536} INFO - Filling up the DagBag from /home/airflow/.local/lib/python3.8/site-packages/airflow/example_dags/example_trigger_target_dag.py
[2023-11-19T23:35:27.994+0000] {processor.py:839} INFO - DAG(s) dict_keys(['example_trigger_target_dag']) retrieved from /home/airflow/.local/lib/python3.8/site-packages/airflow/example_dags/example_trigger_target_dag.py
[2023-11-19T23:35:28.002+0000] {logging_mixin.py:154} INFO - [2023-11-19T23:35:28.002+0000] {dag.py:2941} INFO - Sync 1 DAGs
[2023-11-19T23:35:28.007+0000] {logging_mixin.py:154} INFO - [2023-11-19T23:35:28.007+0000] {dag.py:3722} INFO - Setting next_dagrun for example_trigger_target_dag to None, run_after=None
[2023-11-19T23:35:28.014+0000] {processor.py:179} INFO - Processing /home/airflow/.local/lib/python3.8/site-packages/airflow/example_dags/example_trigger_target_dag.py took 0.026 seconds
[2023-11-19T23:35:58.467+0000] {processor.py:157} INFO - Started process (PID=561) to work on /home/airflow/.local/lib/python3.8/site-packages/airflow/example_dags/example_trigger_target_dag.py
[2023-11-19T23:35:58.467+0000] {processor.py:829} INFO - Processing file /home/airflow/.local/lib/python3.8/site-packages/airflow/example_dags/example_trigger_target_dag.py for tasks to queue
[2023-11-19T23:35:58.468+0000] {logging_mixin.py:154} INFO - [2023-11-19T23:35:58.468+0000] {dagbag.py:536} INFO - Filling up the DagBag from /home/airflow/.local/lib/python3.8/site-packages/airflow/example_dags/example_trigger_target_dag.py
[2023-11-19T23:35:58.471+0000] {processor.py:839} INFO - DAG(s) dict_keys(['example_trigger_target_dag']) retrieved from /home/airflow/.local/lib/python3.8/site-packages/airflow/example_dags/example_trigger_target_dag.py
[2023-11-19T23:35:58.481+0000] {logging_mixin.py:154} INFO - [2023-11-19T23:35:58.480+0000] {dag.py:2941} INFO - Sync 1 DAGs
[2023-11-19T23:35:58.486+0000] {logging_mixin.py:154} INFO - [2023-11-19T23:35:58.486+0000] {dag.py:3722} INFO - Setting next_dagrun for example_trigger_target_dag to None, run_after=None
[2023-11-19T23:35:58.493+0000] {processor.py:179} INFO - Processing /home/airflow/.local/lib/python3.8/site-packages/airflow/example_dags/example_trigger_target_dag.py took 0.028 seconds
