[2023-11-19T23:20:27.050+0000] {processor.py:157} INFO - Started process (PID=64) to work on /home/airflow/.local/lib/python3.8/site-packages/airflow/example_dags/example_dynamic_task_mapping.py
[2023-11-19T23:20:27.051+0000] {processor.py:829} INFO - Processing file /home/airflow/.local/lib/python3.8/site-packages/airflow/example_dags/example_dynamic_task_mapping.py for tasks to queue
[2023-11-19T23:20:27.052+0000] {logging_mixin.py:154} INFO - [2023-11-19T23:20:27.052+0000] {dagbag.py:536} INFO - Filling up the DagBag from /home/airflow/.local/lib/python3.8/site-packages/airflow/example_dags/example_dynamic_task_mapping.py
[2023-11-19T23:20:27.058+0000] {processor.py:839} INFO - DAG(s) dict_keys(['example_dynamic_task_mapping']) retrieved from /home/airflow/.local/lib/python3.8/site-packages/airflow/example_dags/example_dynamic_task_mapping.py
[2023-11-19T23:20:27.113+0000] {logging_mixin.py:154} INFO - [2023-11-19T23:20:27.113+0000] {manager.py:499} INFO - Created Permission View: %s
[2023-11-19T23:20:27.118+0000] {logging_mixin.py:154} INFO - [2023-11-19T23:20:27.118+0000] {manager.py:499} INFO - Created Permission View: %s
[2023-11-19T23:20:27.120+0000] {logging_mixin.py:154} INFO - [2023-11-19T23:20:27.120+0000] {manager.py:499} INFO - Created Permission View: %s
[2023-11-19T23:20:27.120+0000] {logging_mixin.py:154} INFO - [2023-11-19T23:20:27.120+0000] {dag.py:2941} INFO - Sync 1 DAGs
[2023-11-19T23:20:27.127+0000] {logging_mixin.py:154} INFO - [2023-11-19T23:20:27.127+0000] {dag.py:2963} INFO - Creating ORM DAG for example_dynamic_task_mapping
[2023-11-19T23:20:27.133+0000] {logging_mixin.py:154} INFO - [2023-11-19T23:20:27.132+0000] {dag.py:3722} INFO - Setting next_dagrun for example_dynamic_task_mapping to 2022-03-04T00:00:00+00:00, run_after=2022-03-05T00:00:00+00:00
[2023-11-19T23:20:27.140+0000] {processor.py:179} INFO - Processing /home/airflow/.local/lib/python3.8/site-packages/airflow/example_dags/example_dynamic_task_mapping.py took 0.091 seconds
[2023-11-19T23:20:57.440+0000] {processor.py:157} INFO - Started process (PID=118) to work on /home/airflow/.local/lib/python3.8/site-packages/airflow/example_dags/example_dynamic_task_mapping.py
[2023-11-19T23:20:57.440+0000] {processor.py:829} INFO - Processing file /home/airflow/.local/lib/python3.8/site-packages/airflow/example_dags/example_dynamic_task_mapping.py for tasks to queue
[2023-11-19T23:20:57.441+0000] {logging_mixin.py:154} INFO - [2023-11-19T23:20:57.441+0000] {dagbag.py:536} INFO - Filling up the DagBag from /home/airflow/.local/lib/python3.8/site-packages/airflow/example_dags/example_dynamic_task_mapping.py
[2023-11-19T23:20:57.445+0000] {processor.py:839} INFO - DAG(s) dict_keys(['example_dynamic_task_mapping']) retrieved from /home/airflow/.local/lib/python3.8/site-packages/airflow/example_dags/example_dynamic_task_mapping.py
[2023-11-19T23:20:57.454+0000] {logging_mixin.py:154} INFO - [2023-11-19T23:20:57.454+0000] {dag.py:2941} INFO - Sync 1 DAGs
[2023-11-19T23:20:57.462+0000] {logging_mixin.py:154} INFO - [2023-11-19T23:20:57.462+0000] {dag.py:3722} INFO - Setting next_dagrun for example_dynamic_task_mapping to 2022-03-04T00:00:00+00:00, run_after=2022-03-05T00:00:00+00:00
[2023-11-19T23:20:57.468+0000] {processor.py:179} INFO - Processing /home/airflow/.local/lib/python3.8/site-packages/airflow/example_dags/example_dynamic_task_mapping.py took 0.031 seconds
[2023-11-19T23:21:28.076+0000] {processor.py:157} INFO - Started process (PID=172) to work on /home/airflow/.local/lib/python3.8/site-packages/airflow/example_dags/example_dynamic_task_mapping.py
[2023-11-19T23:21:28.077+0000] {processor.py:829} INFO - Processing file /home/airflow/.local/lib/python3.8/site-packages/airflow/example_dags/example_dynamic_task_mapping.py for tasks to queue
[2023-11-19T23:21:28.078+0000] {logging_mixin.py:154} INFO - [2023-11-19T23:21:28.078+0000] {dagbag.py:536} INFO - Filling up the DagBag from /home/airflow/.local/lib/python3.8/site-packages/airflow/example_dags/example_dynamic_task_mapping.py
[2023-11-19T23:21:28.082+0000] {processor.py:839} INFO - DAG(s) dict_keys(['example_dynamic_task_mapping']) retrieved from /home/airflow/.local/lib/python3.8/site-packages/airflow/example_dags/example_dynamic_task_mapping.py
[2023-11-19T23:21:28.090+0000] {logging_mixin.py:154} INFO - [2023-11-19T23:21:28.090+0000] {dag.py:2941} INFO - Sync 1 DAGs
[2023-11-19T23:21:28.099+0000] {logging_mixin.py:154} INFO - [2023-11-19T23:21:28.099+0000] {dag.py:3722} INFO - Setting next_dagrun for example_dynamic_task_mapping to 2022-03-04T00:00:00+00:00, run_after=2022-03-05T00:00:00+00:00
[2023-11-19T23:21:28.105+0000] {processor.py:179} INFO - Processing /home/airflow/.local/lib/python3.8/site-packages/airflow/example_dags/example_dynamic_task_mapping.py took 0.030 seconds
[2023-11-19T23:21:58.551+0000] {processor.py:157} INFO - Started process (PID=226) to work on /home/airflow/.local/lib/python3.8/site-packages/airflow/example_dags/example_dynamic_task_mapping.py
[2023-11-19T23:21:58.552+0000] {processor.py:829} INFO - Processing file /home/airflow/.local/lib/python3.8/site-packages/airflow/example_dags/example_dynamic_task_mapping.py for tasks to queue
[2023-11-19T23:21:58.553+0000] {logging_mixin.py:154} INFO - [2023-11-19T23:21:58.553+0000] {dagbag.py:536} INFO - Filling up the DagBag from /home/airflow/.local/lib/python3.8/site-packages/airflow/example_dags/example_dynamic_task_mapping.py
[2023-11-19T23:21:58.556+0000] {processor.py:839} INFO - DAG(s) dict_keys(['example_dynamic_task_mapping']) retrieved from /home/airflow/.local/lib/python3.8/site-packages/airflow/example_dags/example_dynamic_task_mapping.py
[2023-11-19T23:21:58.564+0000] {logging_mixin.py:154} INFO - [2023-11-19T23:21:58.564+0000] {dag.py:2941} INFO - Sync 1 DAGs
[2023-11-19T23:21:58.573+0000] {logging_mixin.py:154} INFO - [2023-11-19T23:21:58.573+0000] {dag.py:3722} INFO - Setting next_dagrun for example_dynamic_task_mapping to 2022-03-04T00:00:00+00:00, run_after=2022-03-05T00:00:00+00:00
[2023-11-19T23:21:58.579+0000] {processor.py:179} INFO - Processing /home/airflow/.local/lib/python3.8/site-packages/airflow/example_dags/example_dynamic_task_mapping.py took 0.030 seconds
[2023-11-19T23:22:29.029+0000] {processor.py:157} INFO - Started process (PID=280) to work on /home/airflow/.local/lib/python3.8/site-packages/airflow/example_dags/example_dynamic_task_mapping.py
[2023-11-19T23:22:29.030+0000] {processor.py:829} INFO - Processing file /home/airflow/.local/lib/python3.8/site-packages/airflow/example_dags/example_dynamic_task_mapping.py for tasks to queue
[2023-11-19T23:22:29.031+0000] {logging_mixin.py:154} INFO - [2023-11-19T23:22:29.031+0000] {dagbag.py:536} INFO - Filling up the DagBag from /home/airflow/.local/lib/python3.8/site-packages/airflow/example_dags/example_dynamic_task_mapping.py
[2023-11-19T23:22:29.034+0000] {processor.py:839} INFO - DAG(s) dict_keys(['example_dynamic_task_mapping']) retrieved from /home/airflow/.local/lib/python3.8/site-packages/airflow/example_dags/example_dynamic_task_mapping.py
[2023-11-19T23:22:29.044+0000] {logging_mixin.py:154} INFO - [2023-11-19T23:22:29.044+0000] {dag.py:2941} INFO - Sync 1 DAGs
[2023-11-19T23:22:29.052+0000] {logging_mixin.py:154} INFO - [2023-11-19T23:22:29.052+0000] {dag.py:3722} INFO - Setting next_dagrun for example_dynamic_task_mapping to 2022-03-04T00:00:00+00:00, run_after=2022-03-05T00:00:00+00:00
[2023-11-19T23:22:29.059+0000] {processor.py:179} INFO - Processing /home/airflow/.local/lib/python3.8/site-packages/airflow/example_dags/example_dynamic_task_mapping.py took 0.031 seconds
[2023-11-19T23:22:59.472+0000] {processor.py:157} INFO - Started process (PID=334) to work on /home/airflow/.local/lib/python3.8/site-packages/airflow/example_dags/example_dynamic_task_mapping.py
[2023-11-19T23:22:59.473+0000] {processor.py:829} INFO - Processing file /home/airflow/.local/lib/python3.8/site-packages/airflow/example_dags/example_dynamic_task_mapping.py for tasks to queue
[2023-11-19T23:22:59.474+0000] {logging_mixin.py:154} INFO - [2023-11-19T23:22:59.474+0000] {dagbag.py:536} INFO - Filling up the DagBag from /home/airflow/.local/lib/python3.8/site-packages/airflow/example_dags/example_dynamic_task_mapping.py
[2023-11-19T23:22:59.478+0000] {processor.py:839} INFO - DAG(s) dict_keys(['example_dynamic_task_mapping']) retrieved from /home/airflow/.local/lib/python3.8/site-packages/airflow/example_dags/example_dynamic_task_mapping.py
[2023-11-19T23:22:59.487+0000] {logging_mixin.py:154} INFO - [2023-11-19T23:22:59.487+0000] {dag.py:2941} INFO - Sync 1 DAGs
[2023-11-19T23:22:59.495+0000] {logging_mixin.py:154} INFO - [2023-11-19T23:22:59.495+0000] {dag.py:3722} INFO - Setting next_dagrun for example_dynamic_task_mapping to 2022-03-04T00:00:00+00:00, run_after=2022-03-05T00:00:00+00:00
[2023-11-19T23:22:59.501+0000] {processor.py:179} INFO - Processing /home/airflow/.local/lib/python3.8/site-packages/airflow/example_dags/example_dynamic_task_mapping.py took 0.030 seconds
[2023-11-19T23:23:29.842+0000] {processor.py:157} INFO - Started process (PID=388) to work on /home/airflow/.local/lib/python3.8/site-packages/airflow/example_dags/example_dynamic_task_mapping.py
[2023-11-19T23:23:29.843+0000] {processor.py:829} INFO - Processing file /home/airflow/.local/lib/python3.8/site-packages/airflow/example_dags/example_dynamic_task_mapping.py for tasks to queue
[2023-11-19T23:23:29.844+0000] {logging_mixin.py:154} INFO - [2023-11-19T23:23:29.844+0000] {dagbag.py:536} INFO - Filling up the DagBag from /home/airflow/.local/lib/python3.8/site-packages/airflow/example_dags/example_dynamic_task_mapping.py
[2023-11-19T23:23:29.848+0000] {processor.py:839} INFO - DAG(s) dict_keys(['example_dynamic_task_mapping']) retrieved from /home/airflow/.local/lib/python3.8/site-packages/airflow/example_dags/example_dynamic_task_mapping.py
[2023-11-19T23:23:29.856+0000] {logging_mixin.py:154} INFO - [2023-11-19T23:23:29.856+0000] {dag.py:2941} INFO - Sync 1 DAGs
[2023-11-19T23:23:29.865+0000] {logging_mixin.py:154} INFO - [2023-11-19T23:23:29.865+0000] {dag.py:3722} INFO - Setting next_dagrun for example_dynamic_task_mapping to 2022-03-04T00:00:00+00:00, run_after=2022-03-05T00:00:00+00:00
[2023-11-19T23:23:29.871+0000] {processor.py:179} INFO - Processing /home/airflow/.local/lib/python3.8/site-packages/airflow/example_dags/example_dynamic_task_mapping.py took 0.031 seconds
[2023-11-19T23:24:00.293+0000] {processor.py:157} INFO - Started process (PID=442) to work on /home/airflow/.local/lib/python3.8/site-packages/airflow/example_dags/example_dynamic_task_mapping.py
[2023-11-19T23:24:00.293+0000] {processor.py:829} INFO - Processing file /home/airflow/.local/lib/python3.8/site-packages/airflow/example_dags/example_dynamic_task_mapping.py for tasks to queue
[2023-11-19T23:24:00.294+0000] {logging_mixin.py:154} INFO - [2023-11-19T23:24:00.294+0000] {dagbag.py:536} INFO - Filling up the DagBag from /home/airflow/.local/lib/python3.8/site-packages/airflow/example_dags/example_dynamic_task_mapping.py
[2023-11-19T23:24:00.298+0000] {processor.py:839} INFO - DAG(s) dict_keys(['example_dynamic_task_mapping']) retrieved from /home/airflow/.local/lib/python3.8/site-packages/airflow/example_dags/example_dynamic_task_mapping.py
[2023-11-19T23:24:00.307+0000] {logging_mixin.py:154} INFO - [2023-11-19T23:24:00.307+0000] {dag.py:2941} INFO - Sync 1 DAGs
[2023-11-19T23:24:00.315+0000] {logging_mixin.py:154} INFO - [2023-11-19T23:24:00.315+0000] {dag.py:3722} INFO - Setting next_dagrun for example_dynamic_task_mapping to 2022-03-04T00:00:00+00:00, run_after=2022-03-05T00:00:00+00:00
[2023-11-19T23:24:00.321+0000] {processor.py:179} INFO - Processing /home/airflow/.local/lib/python3.8/site-packages/airflow/example_dags/example_dynamic_task_mapping.py took 0.031 seconds
[2023-11-19T23:24:30.781+0000] {processor.py:157} INFO - Started process (PID=496) to work on /home/airflow/.local/lib/python3.8/site-packages/airflow/example_dags/example_dynamic_task_mapping.py
[2023-11-19T23:24:30.781+0000] {processor.py:829} INFO - Processing file /home/airflow/.local/lib/python3.8/site-packages/airflow/example_dags/example_dynamic_task_mapping.py for tasks to queue
[2023-11-19T23:24:30.782+0000] {logging_mixin.py:154} INFO - [2023-11-19T23:24:30.782+0000] {dagbag.py:536} INFO - Filling up the DagBag from /home/airflow/.local/lib/python3.8/site-packages/airflow/example_dags/example_dynamic_task_mapping.py
[2023-11-19T23:24:30.786+0000] {processor.py:839} INFO - DAG(s) dict_keys(['example_dynamic_task_mapping']) retrieved from /home/airflow/.local/lib/python3.8/site-packages/airflow/example_dags/example_dynamic_task_mapping.py
[2023-11-19T23:24:30.795+0000] {logging_mixin.py:154} INFO - [2023-11-19T23:24:30.795+0000] {dag.py:2941} INFO - Sync 1 DAGs
[2023-11-19T23:24:30.803+0000] {logging_mixin.py:154} INFO - [2023-11-19T23:24:30.803+0000] {dag.py:3722} INFO - Setting next_dagrun for example_dynamic_task_mapping to 2022-03-04T00:00:00+00:00, run_after=2022-03-05T00:00:00+00:00
[2023-11-19T23:24:30.809+0000] {processor.py:179} INFO - Processing /home/airflow/.local/lib/python3.8/site-packages/airflow/example_dags/example_dynamic_task_mapping.py took 0.030 seconds
[2023-11-19T23:25:01.256+0000] {processor.py:157} INFO - Started process (PID=550) to work on /home/airflow/.local/lib/python3.8/site-packages/airflow/example_dags/example_dynamic_task_mapping.py
[2023-11-19T23:25:01.256+0000] {processor.py:829} INFO - Processing file /home/airflow/.local/lib/python3.8/site-packages/airflow/example_dags/example_dynamic_task_mapping.py for tasks to queue
[2023-11-19T23:25:01.257+0000] {logging_mixin.py:154} INFO - [2023-11-19T23:25:01.257+0000] {dagbag.py:536} INFO - Filling up the DagBag from /home/airflow/.local/lib/python3.8/site-packages/airflow/example_dags/example_dynamic_task_mapping.py
[2023-11-19T23:25:01.261+0000] {processor.py:839} INFO - DAG(s) dict_keys(['example_dynamic_task_mapping']) retrieved from /home/airflow/.local/lib/python3.8/site-packages/airflow/example_dags/example_dynamic_task_mapping.py
[2023-11-19T23:25:01.270+0000] {logging_mixin.py:154} INFO - [2023-11-19T23:25:01.270+0000] {dag.py:2941} INFO - Sync 1 DAGs
[2023-11-19T23:25:01.278+0000] {logging_mixin.py:154} INFO - [2023-11-19T23:25:01.278+0000] {dag.py:3722} INFO - Setting next_dagrun for example_dynamic_task_mapping to 2022-03-04T00:00:00+00:00, run_after=2022-03-05T00:00:00+00:00
[2023-11-19T23:25:01.285+0000] {processor.py:179} INFO - Processing /home/airflow/.local/lib/python3.8/site-packages/airflow/example_dags/example_dynamic_task_mapping.py took 0.031 seconds
[2023-11-19T23:25:31.813+0000] {processor.py:157} INFO - Started process (PID=604) to work on /home/airflow/.local/lib/python3.8/site-packages/airflow/example_dags/example_dynamic_task_mapping.py
[2023-11-19T23:25:31.814+0000] {processor.py:829} INFO - Processing file /home/airflow/.local/lib/python3.8/site-packages/airflow/example_dags/example_dynamic_task_mapping.py for tasks to queue
[2023-11-19T23:25:31.815+0000] {logging_mixin.py:154} INFO - [2023-11-19T23:25:31.815+0000] {dagbag.py:536} INFO - Filling up the DagBag from /home/airflow/.local/lib/python3.8/site-packages/airflow/example_dags/example_dynamic_task_mapping.py
[2023-11-19T23:25:31.819+0000] {processor.py:839} INFO - DAG(s) dict_keys(['example_dynamic_task_mapping']) retrieved from /home/airflow/.local/lib/python3.8/site-packages/airflow/example_dags/example_dynamic_task_mapping.py
[2023-11-19T23:25:31.827+0000] {logging_mixin.py:154} INFO - [2023-11-19T23:25:31.827+0000] {dag.py:2941} INFO - Sync 1 DAGs
[2023-11-19T23:25:31.836+0000] {logging_mixin.py:154} INFO - [2023-11-19T23:25:31.836+0000] {dag.py:3722} INFO - Setting next_dagrun for example_dynamic_task_mapping to 2022-03-04T00:00:00+00:00, run_after=2022-03-05T00:00:00+00:00
[2023-11-19T23:25:31.843+0000] {processor.py:179} INFO - Processing /home/airflow/.local/lib/python3.8/site-packages/airflow/example_dags/example_dynamic_task_mapping.py took 0.031 seconds
[2023-11-19T23:31:23.781+0000] {processor.py:157} INFO - Started process (PID=65) to work on /home/airflow/.local/lib/python3.8/site-packages/airflow/example_dags/example_dynamic_task_mapping.py
[2023-11-19T23:31:23.781+0000] {processor.py:829} INFO - Processing file /home/airflow/.local/lib/python3.8/site-packages/airflow/example_dags/example_dynamic_task_mapping.py for tasks to queue
[2023-11-19T23:31:23.785+0000] {logging_mixin.py:154} INFO - [2023-11-19T23:31:23.783+0000] {dagbag.py:536} INFO - Filling up the DagBag from /home/airflow/.local/lib/python3.8/site-packages/airflow/example_dags/example_dynamic_task_mapping.py
[2023-11-19T23:31:23.797+0000] {processor.py:839} INFO - DAG(s) dict_keys(['example_dynamic_task_mapping']) retrieved from /home/airflow/.local/lib/python3.8/site-packages/airflow/example_dags/example_dynamic_task_mapping.py
[2023-11-19T23:31:23.851+0000] {logging_mixin.py:154} INFO - [2023-11-19T23:31:23.851+0000] {manager.py:499} INFO - Created Permission View: %s
[2023-11-19T23:31:23.857+0000] {logging_mixin.py:154} INFO - [2023-11-19T23:31:23.857+0000] {manager.py:499} INFO - Created Permission View: %s
[2023-11-19T23:31:23.861+0000] {logging_mixin.py:154} INFO - [2023-11-19T23:31:23.860+0000] {manager.py:499} INFO - Created Permission View: %s
[2023-11-19T23:31:23.861+0000] {logging_mixin.py:154} INFO - [2023-11-19T23:31:23.861+0000] {dag.py:2941} INFO - Sync 1 DAGs
[2023-11-19T23:31:23.867+0000] {logging_mixin.py:154} INFO - [2023-11-19T23:31:23.867+0000] {dag.py:2963} INFO - Creating ORM DAG for example_dynamic_task_mapping
[2023-11-19T23:31:23.872+0000] {logging_mixin.py:154} INFO - [2023-11-19T23:31:23.872+0000] {dag.py:3722} INFO - Setting next_dagrun for example_dynamic_task_mapping to 2022-03-04T00:00:00+00:00, run_after=2022-03-05T00:00:00+00:00
[2023-11-19T23:31:23.879+0000] {processor.py:179} INFO - Processing /home/airflow/.local/lib/python3.8/site-packages/airflow/example_dags/example_dynamic_task_mapping.py took 0.101 seconds
[2023-11-19T23:31:54.220+0000] {processor.py:157} INFO - Started process (PID=119) to work on /home/airflow/.local/lib/python3.8/site-packages/airflow/example_dags/example_dynamic_task_mapping.py
[2023-11-19T23:31:54.220+0000] {processor.py:829} INFO - Processing file /home/airflow/.local/lib/python3.8/site-packages/airflow/example_dags/example_dynamic_task_mapping.py for tasks to queue
[2023-11-19T23:31:54.222+0000] {logging_mixin.py:154} INFO - [2023-11-19T23:31:54.222+0000] {dagbag.py:536} INFO - Filling up the DagBag from /home/airflow/.local/lib/python3.8/site-packages/airflow/example_dags/example_dynamic_task_mapping.py
[2023-11-19T23:31:54.229+0000] {processor.py:839} INFO - DAG(s) dict_keys(['example_dynamic_task_mapping']) retrieved from /home/airflow/.local/lib/python3.8/site-packages/airflow/example_dags/example_dynamic_task_mapping.py
[2023-11-19T23:31:54.239+0000] {logging_mixin.py:154} INFO - [2023-11-19T23:31:54.239+0000] {dag.py:2941} INFO - Sync 1 DAGs
[2023-11-19T23:31:54.248+0000] {logging_mixin.py:154} INFO - [2023-11-19T23:31:54.248+0000] {dag.py:3722} INFO - Setting next_dagrun for example_dynamic_task_mapping to 2022-03-04T00:00:00+00:00, run_after=2022-03-05T00:00:00+00:00
[2023-11-19T23:31:54.254+0000] {processor.py:179} INFO - Processing /home/airflow/.local/lib/python3.8/site-packages/airflow/example_dags/example_dynamic_task_mapping.py took 0.036 seconds
[2023-11-19T23:32:24.746+0000] {processor.py:157} INFO - Started process (PID=173) to work on /home/airflow/.local/lib/python3.8/site-packages/airflow/example_dags/example_dynamic_task_mapping.py
[2023-11-19T23:32:24.746+0000] {processor.py:829} INFO - Processing file /home/airflow/.local/lib/python3.8/site-packages/airflow/example_dags/example_dynamic_task_mapping.py for tasks to queue
[2023-11-19T23:32:24.747+0000] {logging_mixin.py:154} INFO - [2023-11-19T23:32:24.747+0000] {dagbag.py:536} INFO - Filling up the DagBag from /home/airflow/.local/lib/python3.8/site-packages/airflow/example_dags/example_dynamic_task_mapping.py
[2023-11-19T23:32:24.751+0000] {processor.py:839} INFO - DAG(s) dict_keys(['example_dynamic_task_mapping']) retrieved from /home/airflow/.local/lib/python3.8/site-packages/airflow/example_dags/example_dynamic_task_mapping.py
[2023-11-19T23:32:24.760+0000] {logging_mixin.py:154} INFO - [2023-11-19T23:32:24.760+0000] {dag.py:2941} INFO - Sync 1 DAGs
[2023-11-19T23:32:24.769+0000] {logging_mixin.py:154} INFO - [2023-11-19T23:32:24.769+0000] {dag.py:3722} INFO - Setting next_dagrun for example_dynamic_task_mapping to 2022-03-04T00:00:00+00:00, run_after=2022-03-05T00:00:00+00:00
[2023-11-19T23:32:24.776+0000] {processor.py:179} INFO - Processing /home/airflow/.local/lib/python3.8/site-packages/airflow/example_dags/example_dynamic_task_mapping.py took 0.031 seconds
[2023-11-19T23:32:55.214+0000] {processor.py:157} INFO - Started process (PID=227) to work on /home/airflow/.local/lib/python3.8/site-packages/airflow/example_dags/example_dynamic_task_mapping.py
[2023-11-19T23:32:55.215+0000] {processor.py:829} INFO - Processing file /home/airflow/.local/lib/python3.8/site-packages/airflow/example_dags/example_dynamic_task_mapping.py for tasks to queue
[2023-11-19T23:32:55.216+0000] {logging_mixin.py:154} INFO - [2023-11-19T23:32:55.216+0000] {dagbag.py:536} INFO - Filling up the DagBag from /home/airflow/.local/lib/python3.8/site-packages/airflow/example_dags/example_dynamic_task_mapping.py
[2023-11-19T23:32:55.219+0000] {processor.py:839} INFO - DAG(s) dict_keys(['example_dynamic_task_mapping']) retrieved from /home/airflow/.local/lib/python3.8/site-packages/airflow/example_dags/example_dynamic_task_mapping.py
[2023-11-19T23:32:55.228+0000] {logging_mixin.py:154} INFO - [2023-11-19T23:32:55.228+0000] {dag.py:2941} INFO - Sync 1 DAGs
[2023-11-19T23:32:55.237+0000] {logging_mixin.py:154} INFO - [2023-11-19T23:32:55.237+0000] {dag.py:3722} INFO - Setting next_dagrun for example_dynamic_task_mapping to 2022-03-04T00:00:00+00:00, run_after=2022-03-05T00:00:00+00:00
[2023-11-19T23:32:55.244+0000] {processor.py:179} INFO - Processing /home/airflow/.local/lib/python3.8/site-packages/airflow/example_dags/example_dynamic_task_mapping.py took 0.032 seconds
[2023-11-19T23:33:25.664+0000] {processor.py:157} INFO - Started process (PID=281) to work on /home/airflow/.local/lib/python3.8/site-packages/airflow/example_dags/example_dynamic_task_mapping.py
[2023-11-19T23:33:25.665+0000] {processor.py:829} INFO - Processing file /home/airflow/.local/lib/python3.8/site-packages/airflow/example_dags/example_dynamic_task_mapping.py for tasks to queue
[2023-11-19T23:33:25.666+0000] {logging_mixin.py:154} INFO - [2023-11-19T23:33:25.666+0000] {dagbag.py:536} INFO - Filling up the DagBag from /home/airflow/.local/lib/python3.8/site-packages/airflow/example_dags/example_dynamic_task_mapping.py
[2023-11-19T23:33:25.669+0000] {processor.py:839} INFO - DAG(s) dict_keys(['example_dynamic_task_mapping']) retrieved from /home/airflow/.local/lib/python3.8/site-packages/airflow/example_dags/example_dynamic_task_mapping.py
[2023-11-19T23:33:25.678+0000] {logging_mixin.py:154} INFO - [2023-11-19T23:33:25.678+0000] {dag.py:2941} INFO - Sync 1 DAGs
[2023-11-19T23:33:25.686+0000] {logging_mixin.py:154} INFO - [2023-11-19T23:33:25.686+0000] {dag.py:3722} INFO - Setting next_dagrun for example_dynamic_task_mapping to 2022-03-04T00:00:00+00:00, run_after=2022-03-05T00:00:00+00:00
[2023-11-19T23:33:25.693+0000] {processor.py:179} INFO - Processing /home/airflow/.local/lib/python3.8/site-packages/airflow/example_dags/example_dynamic_task_mapping.py took 0.030 seconds
[2023-11-19T23:33:56.203+0000] {processor.py:157} INFO - Started process (PID=335) to work on /home/airflow/.local/lib/python3.8/site-packages/airflow/example_dags/example_dynamic_task_mapping.py
[2023-11-19T23:33:56.203+0000] {processor.py:829} INFO - Processing file /home/airflow/.local/lib/python3.8/site-packages/airflow/example_dags/example_dynamic_task_mapping.py for tasks to queue
[2023-11-19T23:33:56.205+0000] {logging_mixin.py:154} INFO - [2023-11-19T23:33:56.204+0000] {dagbag.py:536} INFO - Filling up the DagBag from /home/airflow/.local/lib/python3.8/site-packages/airflow/example_dags/example_dynamic_task_mapping.py
[2023-11-19T23:33:56.208+0000] {processor.py:839} INFO - DAG(s) dict_keys(['example_dynamic_task_mapping']) retrieved from /home/airflow/.local/lib/python3.8/site-packages/airflow/example_dags/example_dynamic_task_mapping.py
[2023-11-19T23:33:56.218+0000] {logging_mixin.py:154} INFO - [2023-11-19T23:33:56.218+0000] {dag.py:2941} INFO - Sync 1 DAGs
[2023-11-19T23:33:56.227+0000] {logging_mixin.py:154} INFO - [2023-11-19T23:33:56.227+0000] {dag.py:3722} INFO - Setting next_dagrun for example_dynamic_task_mapping to 2022-03-04T00:00:00+00:00, run_after=2022-03-05T00:00:00+00:00
[2023-11-19T23:33:56.233+0000] {processor.py:179} INFO - Processing /home/airflow/.local/lib/python3.8/site-packages/airflow/example_dags/example_dynamic_task_mapping.py took 0.032 seconds
[2023-11-19T23:34:26.624+0000] {processor.py:157} INFO - Started process (PID=389) to work on /home/airflow/.local/lib/python3.8/site-packages/airflow/example_dags/example_dynamic_task_mapping.py
[2023-11-19T23:34:26.624+0000] {processor.py:829} INFO - Processing file /home/airflow/.local/lib/python3.8/site-packages/airflow/example_dags/example_dynamic_task_mapping.py for tasks to queue
[2023-11-19T23:34:26.625+0000] {logging_mixin.py:154} INFO - [2023-11-19T23:34:26.625+0000] {dagbag.py:536} INFO - Filling up the DagBag from /home/airflow/.local/lib/python3.8/site-packages/airflow/example_dags/example_dynamic_task_mapping.py
[2023-11-19T23:34:26.629+0000] {processor.py:839} INFO - DAG(s) dict_keys(['example_dynamic_task_mapping']) retrieved from /home/airflow/.local/lib/python3.8/site-packages/airflow/example_dags/example_dynamic_task_mapping.py
[2023-11-19T23:34:26.638+0000] {logging_mixin.py:154} INFO - [2023-11-19T23:34:26.638+0000] {dag.py:2941} INFO - Sync 1 DAGs
[2023-11-19T23:34:26.648+0000] {logging_mixin.py:154} INFO - [2023-11-19T23:34:26.648+0000] {dag.py:3722} INFO - Setting next_dagrun for example_dynamic_task_mapping to 2022-03-04T00:00:00+00:00, run_after=2022-03-05T00:00:00+00:00
[2023-11-19T23:34:26.654+0000] {processor.py:179} INFO - Processing /home/airflow/.local/lib/python3.8/site-packages/airflow/example_dags/example_dynamic_task_mapping.py took 0.032 seconds
[2023-11-19T23:34:57.112+0000] {processor.py:157} INFO - Started process (PID=443) to work on /home/airflow/.local/lib/python3.8/site-packages/airflow/example_dags/example_dynamic_task_mapping.py
[2023-11-19T23:34:57.113+0000] {processor.py:829} INFO - Processing file /home/airflow/.local/lib/python3.8/site-packages/airflow/example_dags/example_dynamic_task_mapping.py for tasks to queue
[2023-11-19T23:34:57.114+0000] {logging_mixin.py:154} INFO - [2023-11-19T23:34:57.113+0000] {dagbag.py:536} INFO - Filling up the DagBag from /home/airflow/.local/lib/python3.8/site-packages/airflow/example_dags/example_dynamic_task_mapping.py
[2023-11-19T23:34:57.117+0000] {processor.py:839} INFO - DAG(s) dict_keys(['example_dynamic_task_mapping']) retrieved from /home/airflow/.local/lib/python3.8/site-packages/airflow/example_dags/example_dynamic_task_mapping.py
[2023-11-19T23:34:57.126+0000] {logging_mixin.py:154} INFO - [2023-11-19T23:34:57.126+0000] {dag.py:2941} INFO - Sync 1 DAGs
[2023-11-19T23:34:57.134+0000] {logging_mixin.py:154} INFO - [2023-11-19T23:34:57.134+0000] {dag.py:3722} INFO - Setting next_dagrun for example_dynamic_task_mapping to 2022-03-04T00:00:00+00:00, run_after=2022-03-05T00:00:00+00:00
[2023-11-19T23:34:57.141+0000] {processor.py:179} INFO - Processing /home/airflow/.local/lib/python3.8/site-packages/airflow/example_dags/example_dynamic_task_mapping.py took 0.030 seconds
[2023-11-19T23:35:27.669+0000] {processor.py:157} INFO - Started process (PID=497) to work on /home/airflow/.local/lib/python3.8/site-packages/airflow/example_dags/example_dynamic_task_mapping.py
[2023-11-19T23:35:27.670+0000] {processor.py:829} INFO - Processing file /home/airflow/.local/lib/python3.8/site-packages/airflow/example_dags/example_dynamic_task_mapping.py for tasks to queue
[2023-11-19T23:35:27.671+0000] {logging_mixin.py:154} INFO - [2023-11-19T23:35:27.671+0000] {dagbag.py:536} INFO - Filling up the DagBag from /home/airflow/.local/lib/python3.8/site-packages/airflow/example_dags/example_dynamic_task_mapping.py
[2023-11-19T23:35:27.674+0000] {processor.py:839} INFO - DAG(s) dict_keys(['example_dynamic_task_mapping']) retrieved from /home/airflow/.local/lib/python3.8/site-packages/airflow/example_dags/example_dynamic_task_mapping.py
[2023-11-19T23:35:27.684+0000] {logging_mixin.py:154} INFO - [2023-11-19T23:35:27.684+0000] {dag.py:2941} INFO - Sync 1 DAGs
[2023-11-19T23:35:27.694+0000] {logging_mixin.py:154} INFO - [2023-11-19T23:35:27.694+0000] {dag.py:3722} INFO - Setting next_dagrun for example_dynamic_task_mapping to 2022-03-04T00:00:00+00:00, run_after=2022-03-05T00:00:00+00:00
[2023-11-19T23:35:27.700+0000] {processor.py:179} INFO - Processing /home/airflow/.local/lib/python3.8/site-packages/airflow/example_dags/example_dynamic_task_mapping.py took 0.033 seconds
[2023-11-19T23:35:58.171+0000] {processor.py:157} INFO - Started process (PID=551) to work on /home/airflow/.local/lib/python3.8/site-packages/airflow/example_dags/example_dynamic_task_mapping.py
[2023-11-19T23:35:58.172+0000] {processor.py:829} INFO - Processing file /home/airflow/.local/lib/python3.8/site-packages/airflow/example_dags/example_dynamic_task_mapping.py for tasks to queue
[2023-11-19T23:35:58.173+0000] {logging_mixin.py:154} INFO - [2023-11-19T23:35:58.173+0000] {dagbag.py:536} INFO - Filling up the DagBag from /home/airflow/.local/lib/python3.8/site-packages/airflow/example_dags/example_dynamic_task_mapping.py
[2023-11-19T23:35:58.177+0000] {processor.py:839} INFO - DAG(s) dict_keys(['example_dynamic_task_mapping']) retrieved from /home/airflow/.local/lib/python3.8/site-packages/airflow/example_dags/example_dynamic_task_mapping.py
[2023-11-19T23:35:58.186+0000] {logging_mixin.py:154} INFO - [2023-11-19T23:35:58.186+0000] {dag.py:2941} INFO - Sync 1 DAGs
[2023-11-19T23:35:58.194+0000] {logging_mixin.py:154} INFO - [2023-11-19T23:35:58.194+0000] {dag.py:3722} INFO - Setting next_dagrun for example_dynamic_task_mapping to 2022-03-04T00:00:00+00:00, run_after=2022-03-05T00:00:00+00:00
[2023-11-19T23:35:58.201+0000] {processor.py:179} INFO - Processing /home/airflow/.local/lib/python3.8/site-packages/airflow/example_dags/example_dynamic_task_mapping.py took 0.031 seconds
