[2023-11-19T23:20:27.490+0000] {processor.py:157} INFO - Started process (PID=69) to work on /home/airflow/.local/lib/python3.8/site-packages/airflow/example_dags/example_python_operator.py
[2023-11-19T23:20:27.491+0000] {processor.py:829} INFO - Processing file /home/airflow/.local/lib/python3.8/site-packages/airflow/example_dags/example_python_operator.py for tasks to queue
[2023-11-19T23:20:27.492+0000] {logging_mixin.py:154} INFO - [2023-11-19T23:20:27.492+0000] {dagbag.py:536} INFO - Filling up the DagBag from /home/airflow/.local/lib/python3.8/site-packages/airflow/example_dags/example_python_operator.py
[2023-11-19T23:20:27.499+0000] {processor.py:839} INFO - DAG(s) dict_keys(['example_python_operator']) retrieved from /home/airflow/.local/lib/python3.8/site-packages/airflow/example_dags/example_python_operator.py
[2023-11-19T23:20:27.549+0000] {logging_mixin.py:154} INFO - [2023-11-19T23:20:27.549+0000] {manager.py:499} INFO - Created Permission View: %s
[2023-11-19T23:20:27.553+0000] {logging_mixin.py:154} INFO - [2023-11-19T23:20:27.553+0000] {manager.py:499} INFO - Created Permission View: %s
[2023-11-19T23:20:27.555+0000] {logging_mixin.py:154} INFO - [2023-11-19T23:20:27.555+0000] {manager.py:499} INFO - Created Permission View: %s
[2023-11-19T23:20:27.555+0000] {logging_mixin.py:154} INFO - [2023-11-19T23:20:27.555+0000] {dag.py:2941} INFO - Sync 1 DAGs
[2023-11-19T23:20:27.560+0000] {logging_mixin.py:154} INFO - [2023-11-19T23:20:27.560+0000] {dag.py:2963} INFO - Creating ORM DAG for example_python_operator
[2023-11-19T23:20:27.561+0000] {logging_mixin.py:154} INFO - [2023-11-19T23:20:27.561+0000] {dag.py:3722} INFO - Setting next_dagrun for example_python_operator to None, run_after=None
[2023-11-19T23:20:27.567+0000] {processor.py:179} INFO - Processing /home/airflow/.local/lib/python3.8/site-packages/airflow/example_dags/example_python_operator.py took 0.078 seconds
[2023-11-19T23:20:57.591+0000] {processor.py:157} INFO - Started process (PID=123) to work on /home/airflow/.local/lib/python3.8/site-packages/airflow/example_dags/example_python_operator.py
[2023-11-19T23:20:57.591+0000] {processor.py:829} INFO - Processing file /home/airflow/.local/lib/python3.8/site-packages/airflow/example_dags/example_python_operator.py for tasks to queue
[2023-11-19T23:20:57.593+0000] {logging_mixin.py:154} INFO - [2023-11-19T23:20:57.593+0000] {dagbag.py:536} INFO - Filling up the DagBag from /home/airflow/.local/lib/python3.8/site-packages/airflow/example_dags/example_python_operator.py
[2023-11-19T23:20:57.597+0000] {processor.py:839} INFO - DAG(s) dict_keys(['example_python_operator']) retrieved from /home/airflow/.local/lib/python3.8/site-packages/airflow/example_dags/example_python_operator.py
[2023-11-19T23:20:57.608+0000] {logging_mixin.py:154} INFO - [2023-11-19T23:20:57.608+0000] {dag.py:2941} INFO - Sync 1 DAGs
[2023-11-19T23:20:57.613+0000] {logging_mixin.py:154} INFO - [2023-11-19T23:20:57.613+0000] {dag.py:3722} INFO - Setting next_dagrun for example_python_operator to None, run_after=None
[2023-11-19T23:20:57.620+0000] {processor.py:179} INFO - Processing /home/airflow/.local/lib/python3.8/site-packages/airflow/example_dags/example_python_operator.py took 0.031 seconds
[2023-11-19T23:21:28.282+0000] {processor.py:157} INFO - Started process (PID=177) to work on /home/airflow/.local/lib/python3.8/site-packages/airflow/example_dags/example_python_operator.py
[2023-11-19T23:21:28.283+0000] {processor.py:829} INFO - Processing file /home/airflow/.local/lib/python3.8/site-packages/airflow/example_dags/example_python_operator.py for tasks to queue
[2023-11-19T23:21:28.284+0000] {logging_mixin.py:154} INFO - [2023-11-19T23:21:28.284+0000] {dagbag.py:536} INFO - Filling up the DagBag from /home/airflow/.local/lib/python3.8/site-packages/airflow/example_dags/example_python_operator.py
[2023-11-19T23:21:28.289+0000] {processor.py:839} INFO - DAG(s) dict_keys(['example_python_operator']) retrieved from /home/airflow/.local/lib/python3.8/site-packages/airflow/example_dags/example_python_operator.py
[2023-11-19T23:21:28.300+0000] {logging_mixin.py:154} INFO - [2023-11-19T23:21:28.300+0000] {dag.py:2941} INFO - Sync 1 DAGs
[2023-11-19T23:21:28.305+0000] {logging_mixin.py:154} INFO - [2023-11-19T23:21:28.305+0000] {dag.py:3722} INFO - Setting next_dagrun for example_python_operator to None, run_after=None
[2023-11-19T23:21:28.312+0000] {processor.py:179} INFO - Processing /home/airflow/.local/lib/python3.8/site-packages/airflow/example_dags/example_python_operator.py took 0.031 seconds
[2023-11-19T23:21:58.705+0000] {processor.py:157} INFO - Started process (PID=231) to work on /home/airflow/.local/lib/python3.8/site-packages/airflow/example_dags/example_python_operator.py
[2023-11-19T23:21:58.705+0000] {processor.py:829} INFO - Processing file /home/airflow/.local/lib/python3.8/site-packages/airflow/example_dags/example_python_operator.py for tasks to queue
[2023-11-19T23:21:58.706+0000] {logging_mixin.py:154} INFO - [2023-11-19T23:21:58.706+0000] {dagbag.py:536} INFO - Filling up the DagBag from /home/airflow/.local/lib/python3.8/site-packages/airflow/example_dags/example_python_operator.py
[2023-11-19T23:21:58.711+0000] {processor.py:839} INFO - DAG(s) dict_keys(['example_python_operator']) retrieved from /home/airflow/.local/lib/python3.8/site-packages/airflow/example_dags/example_python_operator.py
[2023-11-19T23:21:58.721+0000] {logging_mixin.py:154} INFO - [2023-11-19T23:21:58.721+0000] {dag.py:2941} INFO - Sync 1 DAGs
[2023-11-19T23:21:58.727+0000] {logging_mixin.py:154} INFO - [2023-11-19T23:21:58.727+0000] {dag.py:3722} INFO - Setting next_dagrun for example_python_operator to None, run_after=None
[2023-11-19T23:21:58.734+0000] {processor.py:179} INFO - Processing /home/airflow/.local/lib/python3.8/site-packages/airflow/example_dags/example_python_operator.py took 0.031 seconds
[2023-11-19T23:22:29.149+0000] {processor.py:157} INFO - Started process (PID=285) to work on /home/airflow/.local/lib/python3.8/site-packages/airflow/example_dags/example_python_operator.py
[2023-11-19T23:22:29.150+0000] {processor.py:829} INFO - Processing file /home/airflow/.local/lib/python3.8/site-packages/airflow/example_dags/example_python_operator.py for tasks to queue
[2023-11-19T23:22:29.151+0000] {logging_mixin.py:154} INFO - [2023-11-19T23:22:29.151+0000] {dagbag.py:536} INFO - Filling up the DagBag from /home/airflow/.local/lib/python3.8/site-packages/airflow/example_dags/example_python_operator.py
[2023-11-19T23:22:29.155+0000] {processor.py:839} INFO - DAG(s) dict_keys(['example_python_operator']) retrieved from /home/airflow/.local/lib/python3.8/site-packages/airflow/example_dags/example_python_operator.py
[2023-11-19T23:22:29.166+0000] {logging_mixin.py:154} INFO - [2023-11-19T23:22:29.166+0000] {dag.py:2941} INFO - Sync 1 DAGs
[2023-11-19T23:22:29.171+0000] {logging_mixin.py:154} INFO - [2023-11-19T23:22:29.171+0000] {dag.py:3722} INFO - Setting next_dagrun for example_python_operator to None, run_after=None
[2023-11-19T23:22:29.177+0000] {processor.py:179} INFO - Processing /home/airflow/.local/lib/python3.8/site-packages/airflow/example_dags/example_python_operator.py took 0.030 seconds
[2023-11-19T23:22:59.594+0000] {processor.py:157} INFO - Started process (PID=339) to work on /home/airflow/.local/lib/python3.8/site-packages/airflow/example_dags/example_python_operator.py
[2023-11-19T23:22:59.595+0000] {processor.py:829} INFO - Processing file /home/airflow/.local/lib/python3.8/site-packages/airflow/example_dags/example_python_operator.py for tasks to queue
[2023-11-19T23:22:59.596+0000] {logging_mixin.py:154} INFO - [2023-11-19T23:22:59.596+0000] {dagbag.py:536} INFO - Filling up the DagBag from /home/airflow/.local/lib/python3.8/site-packages/airflow/example_dags/example_python_operator.py
[2023-11-19T23:22:59.601+0000] {processor.py:839} INFO - DAG(s) dict_keys(['example_python_operator']) retrieved from /home/airflow/.local/lib/python3.8/site-packages/airflow/example_dags/example_python_operator.py
[2023-11-19T23:22:59.612+0000] {logging_mixin.py:154} INFO - [2023-11-19T23:22:59.612+0000] {dag.py:2941} INFO - Sync 1 DAGs
[2023-11-19T23:22:59.617+0000] {logging_mixin.py:154} INFO - [2023-11-19T23:22:59.617+0000] {dag.py:3722} INFO - Setting next_dagrun for example_python_operator to None, run_after=None
[2023-11-19T23:22:59.624+0000] {processor.py:179} INFO - Processing /home/airflow/.local/lib/python3.8/site-packages/airflow/example_dags/example_python_operator.py took 0.032 seconds
[2023-11-19T23:23:29.955+0000] {processor.py:157} INFO - Started process (PID=392) to work on /home/airflow/.local/lib/python3.8/site-packages/airflow/example_dags/example_python_operator.py
[2023-11-19T23:23:29.955+0000] {processor.py:829} INFO - Processing file /home/airflow/.local/lib/python3.8/site-packages/airflow/example_dags/example_python_operator.py for tasks to queue
[2023-11-19T23:23:29.956+0000] {logging_mixin.py:154} INFO - [2023-11-19T23:23:29.956+0000] {dagbag.py:536} INFO - Filling up the DagBag from /home/airflow/.local/lib/python3.8/site-packages/airflow/example_dags/example_python_operator.py
[2023-11-19T23:23:29.961+0000] {processor.py:839} INFO - DAG(s) dict_keys(['example_python_operator']) retrieved from /home/airflow/.local/lib/python3.8/site-packages/airflow/example_dags/example_python_operator.py
[2023-11-19T23:23:29.971+0000] {logging_mixin.py:154} INFO - [2023-11-19T23:23:29.971+0000] {dag.py:2941} INFO - Sync 1 DAGs
[2023-11-19T23:23:29.976+0000] {logging_mixin.py:154} INFO - [2023-11-19T23:23:29.976+0000] {dag.py:3722} INFO - Setting next_dagrun for example_python_operator to None, run_after=None
[2023-11-19T23:23:29.982+0000] {processor.py:179} INFO - Processing /home/airflow/.local/lib/python3.8/site-packages/airflow/example_dags/example_python_operator.py took 0.029 seconds
[2023-11-19T23:24:00.454+0000] {processor.py:157} INFO - Started process (PID=447) to work on /home/airflow/.local/lib/python3.8/site-packages/airflow/example_dags/example_python_operator.py
[2023-11-19T23:24:00.455+0000] {processor.py:829} INFO - Processing file /home/airflow/.local/lib/python3.8/site-packages/airflow/example_dags/example_python_operator.py for tasks to queue
[2023-11-19T23:24:00.456+0000] {logging_mixin.py:154} INFO - [2023-11-19T23:24:00.456+0000] {dagbag.py:536} INFO - Filling up the DagBag from /home/airflow/.local/lib/python3.8/site-packages/airflow/example_dags/example_python_operator.py
[2023-11-19T23:24:00.461+0000] {processor.py:839} INFO - DAG(s) dict_keys(['example_python_operator']) retrieved from /home/airflow/.local/lib/python3.8/site-packages/airflow/example_dags/example_python_operator.py
[2023-11-19T23:24:00.473+0000] {logging_mixin.py:154} INFO - [2023-11-19T23:24:00.473+0000] {dag.py:2941} INFO - Sync 1 DAGs
[2023-11-19T23:24:00.479+0000] {logging_mixin.py:154} INFO - [2023-11-19T23:24:00.479+0000] {dag.py:3722} INFO - Setting next_dagrun for example_python_operator to None, run_after=None
[2023-11-19T23:24:00.486+0000] {processor.py:179} INFO - Processing /home/airflow/.local/lib/python3.8/site-packages/airflow/example_dags/example_python_operator.py took 0.034 seconds
[2023-11-19T23:24:30.905+0000] {processor.py:157} INFO - Started process (PID=501) to work on /home/airflow/.local/lib/python3.8/site-packages/airflow/example_dags/example_python_operator.py
[2023-11-19T23:24:30.905+0000] {processor.py:829} INFO - Processing file /home/airflow/.local/lib/python3.8/site-packages/airflow/example_dags/example_python_operator.py for tasks to queue
[2023-11-19T23:24:30.906+0000] {logging_mixin.py:154} INFO - [2023-11-19T23:24:30.906+0000] {dagbag.py:536} INFO - Filling up the DagBag from /home/airflow/.local/lib/python3.8/site-packages/airflow/example_dags/example_python_operator.py
[2023-11-19T23:24:30.911+0000] {processor.py:839} INFO - DAG(s) dict_keys(['example_python_operator']) retrieved from /home/airflow/.local/lib/python3.8/site-packages/airflow/example_dags/example_python_operator.py
[2023-11-19T23:24:30.922+0000] {logging_mixin.py:154} INFO - [2023-11-19T23:24:30.922+0000] {dag.py:2941} INFO - Sync 1 DAGs
[2023-11-19T23:24:30.927+0000] {logging_mixin.py:154} INFO - [2023-11-19T23:24:30.927+0000] {dag.py:3722} INFO - Setting next_dagrun for example_python_operator to None, run_after=None
[2023-11-19T23:24:30.934+0000] {processor.py:179} INFO - Processing /home/airflow/.local/lib/python3.8/site-packages/airflow/example_dags/example_python_operator.py took 0.032 seconds
[2023-11-19T23:25:01.417+0000] {processor.py:157} INFO - Started process (PID=555) to work on /home/airflow/.local/lib/python3.8/site-packages/airflow/example_dags/example_python_operator.py
[2023-11-19T23:25:01.418+0000] {processor.py:829} INFO - Processing file /home/airflow/.local/lib/python3.8/site-packages/airflow/example_dags/example_python_operator.py for tasks to queue
[2023-11-19T23:25:01.419+0000] {logging_mixin.py:154} INFO - [2023-11-19T23:25:01.419+0000] {dagbag.py:536} INFO - Filling up the DagBag from /home/airflow/.local/lib/python3.8/site-packages/airflow/example_dags/example_python_operator.py
[2023-11-19T23:25:01.424+0000] {processor.py:839} INFO - DAG(s) dict_keys(['example_python_operator']) retrieved from /home/airflow/.local/lib/python3.8/site-packages/airflow/example_dags/example_python_operator.py
[2023-11-19T23:25:01.435+0000] {logging_mixin.py:154} INFO - [2023-11-19T23:25:01.435+0000] {dag.py:2941} INFO - Sync 1 DAGs
[2023-11-19T23:25:01.440+0000] {logging_mixin.py:154} INFO - [2023-11-19T23:25:01.440+0000] {dag.py:3722} INFO - Setting next_dagrun for example_python_operator to None, run_after=None
[2023-11-19T23:25:01.447+0000] {processor.py:179} INFO - Processing /home/airflow/.local/lib/python3.8/site-packages/airflow/example_dags/example_python_operator.py took 0.032 seconds
[2023-11-19T23:25:31.972+0000] {processor.py:157} INFO - Started process (PID=609) to work on /home/airflow/.local/lib/python3.8/site-packages/airflow/example_dags/example_python_operator.py
[2023-11-19T23:25:31.973+0000] {processor.py:829} INFO - Processing file /home/airflow/.local/lib/python3.8/site-packages/airflow/example_dags/example_python_operator.py for tasks to queue
[2023-11-19T23:25:31.974+0000] {logging_mixin.py:154} INFO - [2023-11-19T23:25:31.974+0000] {dagbag.py:536} INFO - Filling up the DagBag from /home/airflow/.local/lib/python3.8/site-packages/airflow/example_dags/example_python_operator.py
[2023-11-19T23:25:31.979+0000] {processor.py:839} INFO - DAG(s) dict_keys(['example_python_operator']) retrieved from /home/airflow/.local/lib/python3.8/site-packages/airflow/example_dags/example_python_operator.py
[2023-11-19T23:25:31.990+0000] {logging_mixin.py:154} INFO - [2023-11-19T23:25:31.990+0000] {dag.py:2941} INFO - Sync 1 DAGs
[2023-11-19T23:25:31.995+0000] {logging_mixin.py:154} INFO - [2023-11-19T23:25:31.995+0000] {dag.py:3722} INFO - Setting next_dagrun for example_python_operator to None, run_after=None
[2023-11-19T23:25:32.002+0000] {processor.py:179} INFO - Processing /home/airflow/.local/lib/python3.8/site-packages/airflow/example_dags/example_python_operator.py took 0.031 seconds
[2023-11-19T23:31:24.195+0000] {processor.py:157} INFO - Started process (PID=70) to work on /home/airflow/.local/lib/python3.8/site-packages/airflow/example_dags/example_python_operator.py
[2023-11-19T23:31:24.196+0000] {processor.py:829} INFO - Processing file /home/airflow/.local/lib/python3.8/site-packages/airflow/example_dags/example_python_operator.py for tasks to queue
[2023-11-19T23:31:24.197+0000] {logging_mixin.py:154} INFO - [2023-11-19T23:31:24.197+0000] {dagbag.py:536} INFO - Filling up the DagBag from /home/airflow/.local/lib/python3.8/site-packages/airflow/example_dags/example_python_operator.py
[2023-11-19T23:31:24.203+0000] {processor.py:839} INFO - DAG(s) dict_keys(['example_python_operator']) retrieved from /home/airflow/.local/lib/python3.8/site-packages/airflow/example_dags/example_python_operator.py
[2023-11-19T23:31:24.251+0000] {logging_mixin.py:154} INFO - [2023-11-19T23:31:24.251+0000] {manager.py:499} INFO - Created Permission View: %s
[2023-11-19T23:31:24.254+0000] {logging_mixin.py:154} INFO - [2023-11-19T23:31:24.254+0000] {manager.py:499} INFO - Created Permission View: %s
[2023-11-19T23:31:24.257+0000] {logging_mixin.py:154} INFO - [2023-11-19T23:31:24.257+0000] {manager.py:499} INFO - Created Permission View: %s
[2023-11-19T23:31:24.257+0000] {logging_mixin.py:154} INFO - [2023-11-19T23:31:24.257+0000] {dag.py:2941} INFO - Sync 1 DAGs
[2023-11-19T23:31:24.262+0000] {logging_mixin.py:154} INFO - [2023-11-19T23:31:24.262+0000] {dag.py:2963} INFO - Creating ORM DAG for example_python_operator
[2023-11-19T23:31:24.262+0000] {logging_mixin.py:154} INFO - [2023-11-19T23:31:24.262+0000] {dag.py:3722} INFO - Setting next_dagrun for example_python_operator to None, run_after=None
[2023-11-19T23:31:24.268+0000] {processor.py:179} INFO - Processing /home/airflow/.local/lib/python3.8/site-packages/airflow/example_dags/example_python_operator.py took 0.075 seconds
[2023-11-19T23:31:54.346+0000] {processor.py:157} INFO - Started process (PID=124) to work on /home/airflow/.local/lib/python3.8/site-packages/airflow/example_dags/example_python_operator.py
[2023-11-19T23:31:54.346+0000] {processor.py:829} INFO - Processing file /home/airflow/.local/lib/python3.8/site-packages/airflow/example_dags/example_python_operator.py for tasks to queue
[2023-11-19T23:31:54.348+0000] {logging_mixin.py:154} INFO - [2023-11-19T23:31:54.347+0000] {dagbag.py:536} INFO - Filling up the DagBag from /home/airflow/.local/lib/python3.8/site-packages/airflow/example_dags/example_python_operator.py
[2023-11-19T23:31:54.352+0000] {processor.py:839} INFO - DAG(s) dict_keys(['example_python_operator']) retrieved from /home/airflow/.local/lib/python3.8/site-packages/airflow/example_dags/example_python_operator.py
[2023-11-19T23:31:54.363+0000] {logging_mixin.py:154} INFO - [2023-11-19T23:31:54.363+0000] {dag.py:2941} INFO - Sync 1 DAGs
[2023-11-19T23:31:54.368+0000] {logging_mixin.py:154} INFO - [2023-11-19T23:31:54.368+0000] {dag.py:3722} INFO - Setting next_dagrun for example_python_operator to None, run_after=None
[2023-11-19T23:31:54.375+0000] {processor.py:179} INFO - Processing /home/airflow/.local/lib/python3.8/site-packages/airflow/example_dags/example_python_operator.py took 0.031 seconds
[2023-11-19T23:32:24.868+0000] {processor.py:157} INFO - Started process (PID=178) to work on /home/airflow/.local/lib/python3.8/site-packages/airflow/example_dags/example_python_operator.py
[2023-11-19T23:32:24.868+0000] {processor.py:829} INFO - Processing file /home/airflow/.local/lib/python3.8/site-packages/airflow/example_dags/example_python_operator.py for tasks to queue
[2023-11-19T23:32:24.869+0000] {logging_mixin.py:154} INFO - [2023-11-19T23:32:24.869+0000] {dagbag.py:536} INFO - Filling up the DagBag from /home/airflow/.local/lib/python3.8/site-packages/airflow/example_dags/example_python_operator.py
[2023-11-19T23:32:24.874+0000] {processor.py:839} INFO - DAG(s) dict_keys(['example_python_operator']) retrieved from /home/airflow/.local/lib/python3.8/site-packages/airflow/example_dags/example_python_operator.py
[2023-11-19T23:32:24.884+0000] {logging_mixin.py:154} INFO - [2023-11-19T23:32:24.884+0000] {dag.py:2941} INFO - Sync 1 DAGs
[2023-11-19T23:32:24.890+0000] {logging_mixin.py:154} INFO - [2023-11-19T23:32:24.890+0000] {dag.py:3722} INFO - Setting next_dagrun for example_python_operator to None, run_after=None
[2023-11-19T23:32:24.897+0000] {processor.py:179} INFO - Processing /home/airflow/.local/lib/python3.8/site-packages/airflow/example_dags/example_python_operator.py took 0.031 seconds
[2023-11-19T23:32:55.368+0000] {processor.py:157} INFO - Started process (PID=232) to work on /home/airflow/.local/lib/python3.8/site-packages/airflow/example_dags/example_python_operator.py
[2023-11-19T23:32:55.369+0000] {processor.py:829} INFO - Processing file /home/airflow/.local/lib/python3.8/site-packages/airflow/example_dags/example_python_operator.py for tasks to queue
[2023-11-19T23:32:55.370+0000] {logging_mixin.py:154} INFO - [2023-11-19T23:32:55.370+0000] {dagbag.py:536} INFO - Filling up the DagBag from /home/airflow/.local/lib/python3.8/site-packages/airflow/example_dags/example_python_operator.py
[2023-11-19T23:32:55.375+0000] {processor.py:839} INFO - DAG(s) dict_keys(['example_python_operator']) retrieved from /home/airflow/.local/lib/python3.8/site-packages/airflow/example_dags/example_python_operator.py
[2023-11-19T23:32:55.385+0000] {logging_mixin.py:154} INFO - [2023-11-19T23:32:55.385+0000] {dag.py:2941} INFO - Sync 1 DAGs
[2023-11-19T23:32:55.391+0000] {logging_mixin.py:154} INFO - [2023-11-19T23:32:55.391+0000] {dag.py:3722} INFO - Setting next_dagrun for example_python_operator to None, run_after=None
[2023-11-19T23:32:55.398+0000] {processor.py:179} INFO - Processing /home/airflow/.local/lib/python3.8/site-packages/airflow/example_dags/example_python_operator.py took 0.031 seconds
[2023-11-19T23:33:25.828+0000] {processor.py:157} INFO - Started process (PID=286) to work on /home/airflow/.local/lib/python3.8/site-packages/airflow/example_dags/example_python_operator.py
[2023-11-19T23:33:25.828+0000] {processor.py:829} INFO - Processing file /home/airflow/.local/lib/python3.8/site-packages/airflow/example_dags/example_python_operator.py for tasks to queue
[2023-11-19T23:33:25.830+0000] {logging_mixin.py:154} INFO - [2023-11-19T23:33:25.829+0000] {dagbag.py:536} INFO - Filling up the DagBag from /home/airflow/.local/lib/python3.8/site-packages/airflow/example_dags/example_python_operator.py
[2023-11-19T23:33:25.836+0000] {processor.py:839} INFO - DAG(s) dict_keys(['example_python_operator']) retrieved from /home/airflow/.local/lib/python3.8/site-packages/airflow/example_dags/example_python_operator.py
[2023-11-19T23:33:25.850+0000] {logging_mixin.py:154} INFO - [2023-11-19T23:33:25.850+0000] {dag.py:2941} INFO - Sync 1 DAGs
[2023-11-19T23:33:25.857+0000] {logging_mixin.py:154} INFO - [2023-11-19T23:33:25.857+0000] {dag.py:3722} INFO - Setting next_dagrun for example_python_operator to None, run_after=None
[2023-11-19T23:33:25.865+0000] {processor.py:179} INFO - Processing /home/airflow/.local/lib/python3.8/site-packages/airflow/example_dags/example_python_operator.py took 0.040 seconds
[2023-11-19T23:33:56.326+0000] {processor.py:157} INFO - Started process (PID=340) to work on /home/airflow/.local/lib/python3.8/site-packages/airflow/example_dags/example_python_operator.py
[2023-11-19T23:33:56.326+0000] {processor.py:829} INFO - Processing file /home/airflow/.local/lib/python3.8/site-packages/airflow/example_dags/example_python_operator.py for tasks to queue
[2023-11-19T23:33:56.327+0000] {logging_mixin.py:154} INFO - [2023-11-19T23:33:56.327+0000] {dagbag.py:536} INFO - Filling up the DagBag from /home/airflow/.local/lib/python3.8/site-packages/airflow/example_dags/example_python_operator.py
[2023-11-19T23:33:56.332+0000] {processor.py:839} INFO - DAG(s) dict_keys(['example_python_operator']) retrieved from /home/airflow/.local/lib/python3.8/site-packages/airflow/example_dags/example_python_operator.py
[2023-11-19T23:33:56.342+0000] {logging_mixin.py:154} INFO - [2023-11-19T23:33:56.342+0000] {dag.py:2941} INFO - Sync 1 DAGs
[2023-11-19T23:33:56.347+0000] {logging_mixin.py:154} INFO - [2023-11-19T23:33:56.347+0000] {dag.py:3722} INFO - Setting next_dagrun for example_python_operator to None, run_after=None
[2023-11-19T23:33:56.354+0000] {processor.py:179} INFO - Processing /home/airflow/.local/lib/python3.8/site-packages/airflow/example_dags/example_python_operator.py took 0.030 seconds
[2023-11-19T23:34:26.751+0000] {processor.py:157} INFO - Started process (PID=394) to work on /home/airflow/.local/lib/python3.8/site-packages/airflow/example_dags/example_python_operator.py
[2023-11-19T23:34:26.752+0000] {processor.py:829} INFO - Processing file /home/airflow/.local/lib/python3.8/site-packages/airflow/example_dags/example_python_operator.py for tasks to queue
[2023-11-19T23:34:26.753+0000] {logging_mixin.py:154} INFO - [2023-11-19T23:34:26.753+0000] {dagbag.py:536} INFO - Filling up the DagBag from /home/airflow/.local/lib/python3.8/site-packages/airflow/example_dags/example_python_operator.py
[2023-11-19T23:34:26.758+0000] {processor.py:839} INFO - DAG(s) dict_keys(['example_python_operator']) retrieved from /home/airflow/.local/lib/python3.8/site-packages/airflow/example_dags/example_python_operator.py
[2023-11-19T23:34:26.769+0000] {logging_mixin.py:154} INFO - [2023-11-19T23:34:26.769+0000] {dag.py:2941} INFO - Sync 1 DAGs
[2023-11-19T23:34:26.775+0000] {logging_mixin.py:154} INFO - [2023-11-19T23:34:26.775+0000] {dag.py:3722} INFO - Setting next_dagrun for example_python_operator to None, run_after=None
[2023-11-19T23:34:26.783+0000] {processor.py:179} INFO - Processing /home/airflow/.local/lib/python3.8/site-packages/airflow/example_dags/example_python_operator.py took 0.033 seconds
[2023-11-19T23:34:57.231+0000] {processor.py:157} INFO - Started process (PID=448) to work on /home/airflow/.local/lib/python3.8/site-packages/airflow/example_dags/example_python_operator.py
[2023-11-19T23:34:57.232+0000] {processor.py:829} INFO - Processing file /home/airflow/.local/lib/python3.8/site-packages/airflow/example_dags/example_python_operator.py for tasks to queue
[2023-11-19T23:34:57.233+0000] {logging_mixin.py:154} INFO - [2023-11-19T23:34:57.233+0000] {dagbag.py:536} INFO - Filling up the DagBag from /home/airflow/.local/lib/python3.8/site-packages/airflow/example_dags/example_python_operator.py
[2023-11-19T23:34:57.237+0000] {processor.py:839} INFO - DAG(s) dict_keys(['example_python_operator']) retrieved from /home/airflow/.local/lib/python3.8/site-packages/airflow/example_dags/example_python_operator.py
[2023-11-19T23:34:57.248+0000] {logging_mixin.py:154} INFO - [2023-11-19T23:34:57.248+0000] {dag.py:2941} INFO - Sync 1 DAGs
[2023-11-19T23:34:57.253+0000] {logging_mixin.py:154} INFO - [2023-11-19T23:34:57.253+0000] {dag.py:3722} INFO - Setting next_dagrun for example_python_operator to None, run_after=None
[2023-11-19T23:34:57.260+0000] {processor.py:179} INFO - Processing /home/airflow/.local/lib/python3.8/site-packages/airflow/example_dags/example_python_operator.py took 0.030 seconds
[2023-11-19T23:35:27.805+0000] {processor.py:157} INFO - Started process (PID=502) to work on /home/airflow/.local/lib/python3.8/site-packages/airflow/example_dags/example_python_operator.py
[2023-11-19T23:35:27.805+0000] {processor.py:829} INFO - Processing file /home/airflow/.local/lib/python3.8/site-packages/airflow/example_dags/example_python_operator.py for tasks to queue
[2023-11-19T23:35:27.806+0000] {logging_mixin.py:154} INFO - [2023-11-19T23:35:27.806+0000] {dagbag.py:536} INFO - Filling up the DagBag from /home/airflow/.local/lib/python3.8/site-packages/airflow/example_dags/example_python_operator.py
[2023-11-19T23:35:27.811+0000] {processor.py:839} INFO - DAG(s) dict_keys(['example_python_operator']) retrieved from /home/airflow/.local/lib/python3.8/site-packages/airflow/example_dags/example_python_operator.py
[2023-11-19T23:35:27.823+0000] {logging_mixin.py:154} INFO - [2023-11-19T23:35:27.823+0000] {dag.py:2941} INFO - Sync 1 DAGs
[2023-11-19T23:35:27.828+0000] {logging_mixin.py:154} INFO - [2023-11-19T23:35:27.828+0000] {dag.py:3722} INFO - Setting next_dagrun for example_python_operator to None, run_after=None
[2023-11-19T23:35:27.837+0000] {processor.py:179} INFO - Processing /home/airflow/.local/lib/python3.8/site-packages/airflow/example_dags/example_python_operator.py took 0.034 seconds
[2023-11-19T23:35:58.330+0000] {processor.py:157} INFO - Started process (PID=556) to work on /home/airflow/.local/lib/python3.8/site-packages/airflow/example_dags/example_python_operator.py
[2023-11-19T23:35:58.331+0000] {processor.py:829} INFO - Processing file /home/airflow/.local/lib/python3.8/site-packages/airflow/example_dags/example_python_operator.py for tasks to queue
[2023-11-19T23:35:58.332+0000] {logging_mixin.py:154} INFO - [2023-11-19T23:35:58.332+0000] {dagbag.py:536} INFO - Filling up the DagBag from /home/airflow/.local/lib/python3.8/site-packages/airflow/example_dags/example_python_operator.py
[2023-11-19T23:35:58.337+0000] {processor.py:839} INFO - DAG(s) dict_keys(['example_python_operator']) retrieved from /home/airflow/.local/lib/python3.8/site-packages/airflow/example_dags/example_python_operator.py
[2023-11-19T23:35:58.348+0000] {logging_mixin.py:154} INFO - [2023-11-19T23:35:58.348+0000] {dag.py:2941} INFO - Sync 1 DAGs
[2023-11-19T23:35:58.353+0000] {logging_mixin.py:154} INFO - [2023-11-19T23:35:58.353+0000] {dag.py:3722} INFO - Setting next_dagrun for example_python_operator to None, run_after=None
[2023-11-19T23:35:58.360+0000] {processor.py:179} INFO - Processing /home/airflow/.local/lib/python3.8/site-packages/airflow/example_dags/example_python_operator.py took 0.031 seconds
