[2023-11-19T23:20:26.752+0000] {processor.py:157} INFO - Started process (PID=59) to work on /home/airflow/.local/lib/python3.8/site-packages/airflow/example_dags/tutorial_dag.py
[2023-11-19T23:20:26.753+0000] {processor.py:829} INFO - Processing file /home/airflow/.local/lib/python3.8/site-packages/airflow/example_dags/tutorial_dag.py for tasks to queue
[2023-11-19T23:20:26.754+0000] {logging_mixin.py:154} INFO - [2023-11-19T23:20:26.754+0000] {dagbag.py:536} INFO - Filling up the DagBag from /home/airflow/.local/lib/python3.8/site-packages/airflow/example_dags/tutorial_dag.py
[2023-11-19T23:20:26.759+0000] {processor.py:839} INFO - DAG(s) dict_keys(['tutorial_dag']) retrieved from /home/airflow/.local/lib/python3.8/site-packages/airflow/example_dags/tutorial_dag.py
[2023-11-19T23:20:26.817+0000] {logging_mixin.py:154} INFO - [2023-11-19T23:20:26.816+0000] {manager.py:499} INFO - Created Permission View: %s
[2023-11-19T23:20:26.821+0000] {logging_mixin.py:154} INFO - [2023-11-19T23:20:26.821+0000] {manager.py:499} INFO - Created Permission View: %s
[2023-11-19T23:20:26.825+0000] {logging_mixin.py:154} INFO - [2023-11-19T23:20:26.824+0000] {manager.py:499} INFO - Created Permission View: %s
[2023-11-19T23:20:26.825+0000] {logging_mixin.py:154} INFO - [2023-11-19T23:20:26.825+0000] {dag.py:2941} INFO - Sync 1 DAGs
[2023-11-19T23:20:26.832+0000] {logging_mixin.py:154} INFO - [2023-11-19T23:20:26.832+0000] {dag.py:2963} INFO - Creating ORM DAG for tutorial_dag
[2023-11-19T23:20:26.833+0000] {logging_mixin.py:154} INFO - [2023-11-19T23:20:26.833+0000] {dag.py:3722} INFO - Setting next_dagrun for tutorial_dag to None, run_after=None
[2023-11-19T23:20:26.844+0000] {processor.py:179} INFO - Processing /home/airflow/.local/lib/python3.8/site-packages/airflow/example_dags/tutorial_dag.py took 0.094 seconds
[2023-11-19T23:20:57.333+0000] {processor.py:157} INFO - Started process (PID=113) to work on /home/airflow/.local/lib/python3.8/site-packages/airflow/example_dags/tutorial_dag.py
[2023-11-19T23:20:57.334+0000] {processor.py:829} INFO - Processing file /home/airflow/.local/lib/python3.8/site-packages/airflow/example_dags/tutorial_dag.py for tasks to queue
[2023-11-19T23:20:57.335+0000] {logging_mixin.py:154} INFO - [2023-11-19T23:20:57.334+0000] {dagbag.py:536} INFO - Filling up the DagBag from /home/airflow/.local/lib/python3.8/site-packages/airflow/example_dags/tutorial_dag.py
[2023-11-19T23:20:57.337+0000] {processor.py:839} INFO - DAG(s) dict_keys(['tutorial_dag']) retrieved from /home/airflow/.local/lib/python3.8/site-packages/airflow/example_dags/tutorial_dag.py
[2023-11-19T23:20:57.346+0000] {logging_mixin.py:154} INFO - [2023-11-19T23:20:57.346+0000] {dag.py:2941} INFO - Sync 1 DAGs
[2023-11-19T23:20:57.352+0000] {logging_mixin.py:154} INFO - [2023-11-19T23:20:57.352+0000] {dag.py:3722} INFO - Setting next_dagrun for tutorial_dag to None, run_after=None
[2023-11-19T23:20:57.359+0000] {processor.py:179} INFO - Processing /home/airflow/.local/lib/python3.8/site-packages/airflow/example_dags/tutorial_dag.py took 0.028 seconds
[2023-11-19T23:21:27.973+0000] {processor.py:157} INFO - Started process (PID=167) to work on /home/airflow/.local/lib/python3.8/site-packages/airflow/example_dags/tutorial_dag.py
[2023-11-19T23:21:27.974+0000] {processor.py:829} INFO - Processing file /home/airflow/.local/lib/python3.8/site-packages/airflow/example_dags/tutorial_dag.py for tasks to queue
[2023-11-19T23:21:27.975+0000] {logging_mixin.py:154} INFO - [2023-11-19T23:21:27.975+0000] {dagbag.py:536} INFO - Filling up the DagBag from /home/airflow/.local/lib/python3.8/site-packages/airflow/example_dags/tutorial_dag.py
[2023-11-19T23:21:27.978+0000] {processor.py:839} INFO - DAG(s) dict_keys(['tutorial_dag']) retrieved from /home/airflow/.local/lib/python3.8/site-packages/airflow/example_dags/tutorial_dag.py
[2023-11-19T23:21:27.987+0000] {logging_mixin.py:154} INFO - [2023-11-19T23:21:27.987+0000] {dag.py:2941} INFO - Sync 1 DAGs
[2023-11-19T23:21:27.993+0000] {logging_mixin.py:154} INFO - [2023-11-19T23:21:27.993+0000] {dag.py:3722} INFO - Setting next_dagrun for tutorial_dag to None, run_after=None
[2023-11-19T23:21:28.000+0000] {processor.py:179} INFO - Processing /home/airflow/.local/lib/python3.8/site-packages/airflow/example_dags/tutorial_dag.py took 0.028 seconds
[2023-11-19T23:21:58.448+0000] {processor.py:157} INFO - Started process (PID=221) to work on /home/airflow/.local/lib/python3.8/site-packages/airflow/example_dags/tutorial_dag.py
[2023-11-19T23:21:58.448+0000] {processor.py:829} INFO - Processing file /home/airflow/.local/lib/python3.8/site-packages/airflow/example_dags/tutorial_dag.py for tasks to queue
[2023-11-19T23:21:58.449+0000] {logging_mixin.py:154} INFO - [2023-11-19T23:21:58.449+0000] {dagbag.py:536} INFO - Filling up the DagBag from /home/airflow/.local/lib/python3.8/site-packages/airflow/example_dags/tutorial_dag.py
[2023-11-19T23:21:58.452+0000] {processor.py:839} INFO - DAG(s) dict_keys(['tutorial_dag']) retrieved from /home/airflow/.local/lib/python3.8/site-packages/airflow/example_dags/tutorial_dag.py
[2023-11-19T23:21:58.461+0000] {logging_mixin.py:154} INFO - [2023-11-19T23:21:58.461+0000] {dag.py:2941} INFO - Sync 1 DAGs
[2023-11-19T23:21:58.467+0000] {logging_mixin.py:154} INFO - [2023-11-19T23:21:58.467+0000] {dag.py:3722} INFO - Setting next_dagrun for tutorial_dag to None, run_after=None
[2023-11-19T23:21:58.474+0000] {processor.py:179} INFO - Processing /home/airflow/.local/lib/python3.8/site-packages/airflow/example_dags/tutorial_dag.py took 0.028 seconds
[2023-11-19T23:22:28.923+0000] {processor.py:157} INFO - Started process (PID=275) to work on /home/airflow/.local/lib/python3.8/site-packages/airflow/example_dags/tutorial_dag.py
[2023-11-19T23:22:28.924+0000] {processor.py:829} INFO - Processing file /home/airflow/.local/lib/python3.8/site-packages/airflow/example_dags/tutorial_dag.py for tasks to queue
[2023-11-19T23:22:28.925+0000] {logging_mixin.py:154} INFO - [2023-11-19T23:22:28.925+0000] {dagbag.py:536} INFO - Filling up the DagBag from /home/airflow/.local/lib/python3.8/site-packages/airflow/example_dags/tutorial_dag.py
[2023-11-19T23:22:28.928+0000] {processor.py:839} INFO - DAG(s) dict_keys(['tutorial_dag']) retrieved from /home/airflow/.local/lib/python3.8/site-packages/airflow/example_dags/tutorial_dag.py
[2023-11-19T23:22:28.937+0000] {logging_mixin.py:154} INFO - [2023-11-19T23:22:28.937+0000] {dag.py:2941} INFO - Sync 1 DAGs
[2023-11-19T23:22:28.942+0000] {logging_mixin.py:154} INFO - [2023-11-19T23:22:28.942+0000] {dag.py:3722} INFO - Setting next_dagrun for tutorial_dag to None, run_after=None
[2023-11-19T23:22:28.949+0000] {processor.py:179} INFO - Processing /home/airflow/.local/lib/python3.8/site-packages/airflow/example_dags/tutorial_dag.py took 0.028 seconds
[2023-11-19T23:22:59.366+0000] {processor.py:157} INFO - Started process (PID=329) to work on /home/airflow/.local/lib/python3.8/site-packages/airflow/example_dags/tutorial_dag.py
[2023-11-19T23:22:59.366+0000] {processor.py:829} INFO - Processing file /home/airflow/.local/lib/python3.8/site-packages/airflow/example_dags/tutorial_dag.py for tasks to queue
[2023-11-19T23:22:59.367+0000] {logging_mixin.py:154} INFO - [2023-11-19T23:22:59.367+0000] {dagbag.py:536} INFO - Filling up the DagBag from /home/airflow/.local/lib/python3.8/site-packages/airflow/example_dags/tutorial_dag.py
[2023-11-19T23:22:59.370+0000] {processor.py:839} INFO - DAG(s) dict_keys(['tutorial_dag']) retrieved from /home/airflow/.local/lib/python3.8/site-packages/airflow/example_dags/tutorial_dag.py
[2023-11-19T23:22:59.379+0000] {logging_mixin.py:154} INFO - [2023-11-19T23:22:59.379+0000] {dag.py:2941} INFO - Sync 1 DAGs
[2023-11-19T23:22:59.385+0000] {logging_mixin.py:154} INFO - [2023-11-19T23:22:59.384+0000] {dag.py:3722} INFO - Setting next_dagrun for tutorial_dag to None, run_after=None
[2023-11-19T23:22:59.392+0000] {processor.py:179} INFO - Processing /home/airflow/.local/lib/python3.8/site-packages/airflow/example_dags/tutorial_dag.py took 0.028 seconds
[2023-11-19T23:23:29.719+0000] {processor.py:157} INFO - Started process (PID=383) to work on /home/airflow/.local/lib/python3.8/site-packages/airflow/example_dags/tutorial_dag.py
[2023-11-19T23:23:29.719+0000] {processor.py:829} INFO - Processing file /home/airflow/.local/lib/python3.8/site-packages/airflow/example_dags/tutorial_dag.py for tasks to queue
[2023-11-19T23:23:29.720+0000] {logging_mixin.py:154} INFO - [2023-11-19T23:23:29.720+0000] {dagbag.py:536} INFO - Filling up the DagBag from /home/airflow/.local/lib/python3.8/site-packages/airflow/example_dags/tutorial_dag.py
[2023-11-19T23:23:29.723+0000] {processor.py:839} INFO - DAG(s) dict_keys(['tutorial_dag']) retrieved from /home/airflow/.local/lib/python3.8/site-packages/airflow/example_dags/tutorial_dag.py
[2023-11-19T23:23:29.732+0000] {logging_mixin.py:154} INFO - [2023-11-19T23:23:29.732+0000] {dag.py:2941} INFO - Sync 1 DAGs
[2023-11-19T23:23:29.737+0000] {logging_mixin.py:154} INFO - [2023-11-19T23:23:29.737+0000] {dag.py:3722} INFO - Setting next_dagrun for tutorial_dag to None, run_after=None
[2023-11-19T23:23:29.744+0000] {processor.py:179} INFO - Processing /home/airflow/.local/lib/python3.8/site-packages/airflow/example_dags/tutorial_dag.py took 0.026 seconds
[2023-11-19T23:24:00.183+0000] {processor.py:157} INFO - Started process (PID=437) to work on /home/airflow/.local/lib/python3.8/site-packages/airflow/example_dags/tutorial_dag.py
[2023-11-19T23:24:00.184+0000] {processor.py:829} INFO - Processing file /home/airflow/.local/lib/python3.8/site-packages/airflow/example_dags/tutorial_dag.py for tasks to queue
[2023-11-19T23:24:00.185+0000] {logging_mixin.py:154} INFO - [2023-11-19T23:24:00.185+0000] {dagbag.py:536} INFO - Filling up the DagBag from /home/airflow/.local/lib/python3.8/site-packages/airflow/example_dags/tutorial_dag.py
[2023-11-19T23:24:00.188+0000] {processor.py:839} INFO - DAG(s) dict_keys(['tutorial_dag']) retrieved from /home/airflow/.local/lib/python3.8/site-packages/airflow/example_dags/tutorial_dag.py
[2023-11-19T23:24:00.197+0000] {logging_mixin.py:154} INFO - [2023-11-19T23:24:00.197+0000] {dag.py:2941} INFO - Sync 1 DAGs
[2023-11-19T23:24:00.203+0000] {logging_mixin.py:154} INFO - [2023-11-19T23:24:00.203+0000] {dag.py:3722} INFO - Setting next_dagrun for tutorial_dag to None, run_after=None
[2023-11-19T23:24:00.210+0000] {processor.py:179} INFO - Processing /home/airflow/.local/lib/python3.8/site-packages/airflow/example_dags/tutorial_dag.py took 0.029 seconds
[2023-11-19T23:24:30.673+0000] {processor.py:157} INFO - Started process (PID=491) to work on /home/airflow/.local/lib/python3.8/site-packages/airflow/example_dags/tutorial_dag.py
[2023-11-19T23:24:30.674+0000] {processor.py:829} INFO - Processing file /home/airflow/.local/lib/python3.8/site-packages/airflow/example_dags/tutorial_dag.py for tasks to queue
[2023-11-19T23:24:30.675+0000] {logging_mixin.py:154} INFO - [2023-11-19T23:24:30.675+0000] {dagbag.py:536} INFO - Filling up the DagBag from /home/airflow/.local/lib/python3.8/site-packages/airflow/example_dags/tutorial_dag.py
[2023-11-19T23:24:30.678+0000] {processor.py:839} INFO - DAG(s) dict_keys(['tutorial_dag']) retrieved from /home/airflow/.local/lib/python3.8/site-packages/airflow/example_dags/tutorial_dag.py
[2023-11-19T23:24:30.687+0000] {logging_mixin.py:154} INFO - [2023-11-19T23:24:30.687+0000] {dag.py:2941} INFO - Sync 1 DAGs
[2023-11-19T23:24:30.693+0000] {logging_mixin.py:154} INFO - [2023-11-19T23:24:30.692+0000] {dag.py:3722} INFO - Setting next_dagrun for tutorial_dag to None, run_after=None
[2023-11-19T23:24:30.699+0000] {processor.py:179} INFO - Processing /home/airflow/.local/lib/python3.8/site-packages/airflow/example_dags/tutorial_dag.py took 0.028 seconds
[2023-11-19T23:25:01.152+0000] {processor.py:157} INFO - Started process (PID=545) to work on /home/airflow/.local/lib/python3.8/site-packages/airflow/example_dags/tutorial_dag.py
[2023-11-19T23:25:01.153+0000] {processor.py:829} INFO - Processing file /home/airflow/.local/lib/python3.8/site-packages/airflow/example_dags/tutorial_dag.py for tasks to queue
[2023-11-19T23:25:01.154+0000] {logging_mixin.py:154} INFO - [2023-11-19T23:25:01.154+0000] {dagbag.py:536} INFO - Filling up the DagBag from /home/airflow/.local/lib/python3.8/site-packages/airflow/example_dags/tutorial_dag.py
[2023-11-19T23:25:01.157+0000] {processor.py:839} INFO - DAG(s) dict_keys(['tutorial_dag']) retrieved from /home/airflow/.local/lib/python3.8/site-packages/airflow/example_dags/tutorial_dag.py
[2023-11-19T23:25:01.167+0000] {logging_mixin.py:154} INFO - [2023-11-19T23:25:01.167+0000] {dag.py:2941} INFO - Sync 1 DAGs
[2023-11-19T23:25:01.172+0000] {logging_mixin.py:154} INFO - [2023-11-19T23:25:01.172+0000] {dag.py:3722} INFO - Setting next_dagrun for tutorial_dag to None, run_after=None
[2023-11-19T23:25:01.180+0000] {processor.py:179} INFO - Processing /home/airflow/.local/lib/python3.8/site-packages/airflow/example_dags/tutorial_dag.py took 0.029 seconds
[2023-11-19T23:25:31.707+0000] {processor.py:157} INFO - Started process (PID=599) to work on /home/airflow/.local/lib/python3.8/site-packages/airflow/example_dags/tutorial_dag.py
[2023-11-19T23:25:31.708+0000] {processor.py:829} INFO - Processing file /home/airflow/.local/lib/python3.8/site-packages/airflow/example_dags/tutorial_dag.py for tasks to queue
[2023-11-19T23:25:31.709+0000] {logging_mixin.py:154} INFO - [2023-11-19T23:25:31.709+0000] {dagbag.py:536} INFO - Filling up the DagBag from /home/airflow/.local/lib/python3.8/site-packages/airflow/example_dags/tutorial_dag.py
[2023-11-19T23:25:31.712+0000] {processor.py:839} INFO - DAG(s) dict_keys(['tutorial_dag']) retrieved from /home/airflow/.local/lib/python3.8/site-packages/airflow/example_dags/tutorial_dag.py
[2023-11-19T23:25:31.722+0000] {logging_mixin.py:154} INFO - [2023-11-19T23:25:31.722+0000] {dag.py:2941} INFO - Sync 1 DAGs
[2023-11-19T23:25:31.727+0000] {logging_mixin.py:154} INFO - [2023-11-19T23:25:31.727+0000] {dag.py:3722} INFO - Setting next_dagrun for tutorial_dag to None, run_after=None
[2023-11-19T23:25:31.735+0000] {processor.py:179} INFO - Processing /home/airflow/.local/lib/python3.8/site-packages/airflow/example_dags/tutorial_dag.py took 0.030 seconds
[2023-11-19T23:31:23.496+0000] {processor.py:157} INFO - Started process (PID=60) to work on /home/airflow/.local/lib/python3.8/site-packages/airflow/example_dags/tutorial_dag.py
[2023-11-19T23:31:23.497+0000] {processor.py:829} INFO - Processing file /home/airflow/.local/lib/python3.8/site-packages/airflow/example_dags/tutorial_dag.py for tasks to queue
[2023-11-19T23:31:23.499+0000] {logging_mixin.py:154} INFO - [2023-11-19T23:31:23.498+0000] {dagbag.py:536} INFO - Filling up the DagBag from /home/airflow/.local/lib/python3.8/site-packages/airflow/example_dags/tutorial_dag.py
[2023-11-19T23:31:23.504+0000] {processor.py:839} INFO - DAG(s) dict_keys(['tutorial_dag']) retrieved from /home/airflow/.local/lib/python3.8/site-packages/airflow/example_dags/tutorial_dag.py
[2023-11-19T23:31:23.568+0000] {logging_mixin.py:154} INFO - [2023-11-19T23:31:23.568+0000] {manager.py:499} INFO - Created Permission View: %s
[2023-11-19T23:31:23.573+0000] {logging_mixin.py:154} INFO - [2023-11-19T23:31:23.573+0000] {manager.py:499} INFO - Created Permission View: %s
[2023-11-19T23:31:23.576+0000] {logging_mixin.py:154} INFO - [2023-11-19T23:31:23.576+0000] {manager.py:499} INFO - Created Permission View: %s
[2023-11-19T23:31:23.576+0000] {logging_mixin.py:154} INFO - [2023-11-19T23:31:23.576+0000] {dag.py:2941} INFO - Sync 1 DAGs
[2023-11-19T23:31:23.581+0000] {logging_mixin.py:154} INFO - [2023-11-19T23:31:23.581+0000] {dag.py:2963} INFO - Creating ORM DAG for tutorial_dag
[2023-11-19T23:31:23.582+0000] {logging_mixin.py:154} INFO - [2023-11-19T23:31:23.582+0000] {dag.py:3722} INFO - Setting next_dagrun for tutorial_dag to None, run_after=None
[2023-11-19T23:31:23.589+0000] {processor.py:179} INFO - Processing /home/airflow/.local/lib/python3.8/site-packages/airflow/example_dags/tutorial_dag.py took 0.096 seconds
[2023-11-19T23:31:54.095+0000] {processor.py:157} INFO - Started process (PID=114) to work on /home/airflow/.local/lib/python3.8/site-packages/airflow/example_dags/tutorial_dag.py
[2023-11-19T23:31:54.095+0000] {processor.py:829} INFO - Processing file /home/airflow/.local/lib/python3.8/site-packages/airflow/example_dags/tutorial_dag.py for tasks to queue
[2023-11-19T23:31:54.096+0000] {logging_mixin.py:154} INFO - [2023-11-19T23:31:54.096+0000] {dagbag.py:536} INFO - Filling up the DagBag from /home/airflow/.local/lib/python3.8/site-packages/airflow/example_dags/tutorial_dag.py
[2023-11-19T23:31:54.099+0000] {processor.py:839} INFO - DAG(s) dict_keys(['tutorial_dag']) retrieved from /home/airflow/.local/lib/python3.8/site-packages/airflow/example_dags/tutorial_dag.py
[2023-11-19T23:31:54.116+0000] {logging_mixin.py:154} INFO - [2023-11-19T23:31:54.115+0000] {dag.py:2941} INFO - Sync 1 DAGs
[2023-11-19T23:31:54.123+0000] {logging_mixin.py:154} INFO - [2023-11-19T23:31:54.123+0000] {dag.py:3722} INFO - Setting next_dagrun for tutorial_dag to None, run_after=None
[2023-11-19T23:31:54.131+0000] {processor.py:179} INFO - Processing /home/airflow/.local/lib/python3.8/site-packages/airflow/example_dags/tutorial_dag.py took 0.038 seconds
[2023-11-19T23:32:24.635+0000] {processor.py:157} INFO - Started process (PID=168) to work on /home/airflow/.local/lib/python3.8/site-packages/airflow/example_dags/tutorial_dag.py
[2023-11-19T23:32:24.636+0000] {processor.py:829} INFO - Processing file /home/airflow/.local/lib/python3.8/site-packages/airflow/example_dags/tutorial_dag.py for tasks to queue
[2023-11-19T23:32:24.637+0000] {logging_mixin.py:154} INFO - [2023-11-19T23:32:24.637+0000] {dagbag.py:536} INFO - Filling up the DagBag from /home/airflow/.local/lib/python3.8/site-packages/airflow/example_dags/tutorial_dag.py
[2023-11-19T23:32:24.640+0000] {processor.py:839} INFO - DAG(s) dict_keys(['tutorial_dag']) retrieved from /home/airflow/.local/lib/python3.8/site-packages/airflow/example_dags/tutorial_dag.py
[2023-11-19T23:32:24.649+0000] {logging_mixin.py:154} INFO - [2023-11-19T23:32:24.649+0000] {dag.py:2941} INFO - Sync 1 DAGs
[2023-11-19T23:32:24.655+0000] {logging_mixin.py:154} INFO - [2023-11-19T23:32:24.655+0000] {dag.py:3722} INFO - Setting next_dagrun for tutorial_dag to None, run_after=None
[2023-11-19T23:32:24.662+0000] {processor.py:179} INFO - Processing /home/airflow/.local/lib/python3.8/site-packages/airflow/example_dags/tutorial_dag.py took 0.028 seconds
[2023-11-19T23:32:55.108+0000] {processor.py:157} INFO - Started process (PID=222) to work on /home/airflow/.local/lib/python3.8/site-packages/airflow/example_dags/tutorial_dag.py
[2023-11-19T23:32:55.109+0000] {processor.py:829} INFO - Processing file /home/airflow/.local/lib/python3.8/site-packages/airflow/example_dags/tutorial_dag.py for tasks to queue
[2023-11-19T23:32:55.110+0000] {logging_mixin.py:154} INFO - [2023-11-19T23:32:55.110+0000] {dagbag.py:536} INFO - Filling up the DagBag from /home/airflow/.local/lib/python3.8/site-packages/airflow/example_dags/tutorial_dag.py
[2023-11-19T23:32:55.113+0000] {processor.py:839} INFO - DAG(s) dict_keys(['tutorial_dag']) retrieved from /home/airflow/.local/lib/python3.8/site-packages/airflow/example_dags/tutorial_dag.py
[2023-11-19T23:32:55.123+0000] {logging_mixin.py:154} INFO - [2023-11-19T23:32:55.122+0000] {dag.py:2941} INFO - Sync 1 DAGs
[2023-11-19T23:32:55.128+0000] {logging_mixin.py:154} INFO - [2023-11-19T23:32:55.128+0000] {dag.py:3722} INFO - Setting next_dagrun for tutorial_dag to None, run_after=None
[2023-11-19T23:32:55.135+0000] {processor.py:179} INFO - Processing /home/airflow/.local/lib/python3.8/site-packages/airflow/example_dags/tutorial_dag.py took 0.028 seconds
[2023-11-19T23:33:25.561+0000] {processor.py:157} INFO - Started process (PID=276) to work on /home/airflow/.local/lib/python3.8/site-packages/airflow/example_dags/tutorial_dag.py
[2023-11-19T23:33:25.562+0000] {processor.py:829} INFO - Processing file /home/airflow/.local/lib/python3.8/site-packages/airflow/example_dags/tutorial_dag.py for tasks to queue
[2023-11-19T23:33:25.563+0000] {logging_mixin.py:154} INFO - [2023-11-19T23:33:25.563+0000] {dagbag.py:536} INFO - Filling up the DagBag from /home/airflow/.local/lib/python3.8/site-packages/airflow/example_dags/tutorial_dag.py
[2023-11-19T23:33:25.566+0000] {processor.py:839} INFO - DAG(s) dict_keys(['tutorial_dag']) retrieved from /home/airflow/.local/lib/python3.8/site-packages/airflow/example_dags/tutorial_dag.py
[2023-11-19T23:33:25.576+0000] {logging_mixin.py:154} INFO - [2023-11-19T23:33:25.575+0000] {dag.py:2941} INFO - Sync 1 DAGs
[2023-11-19T23:33:25.582+0000] {logging_mixin.py:154} INFO - [2023-11-19T23:33:25.582+0000] {dag.py:3722} INFO - Setting next_dagrun for tutorial_dag to None, run_after=None
[2023-11-19T23:33:25.589+0000] {processor.py:179} INFO - Processing /home/airflow/.local/lib/python3.8/site-packages/airflow/example_dags/tutorial_dag.py took 0.029 seconds
[2023-11-19T23:33:56.096+0000] {processor.py:157} INFO - Started process (PID=330) to work on /home/airflow/.local/lib/python3.8/site-packages/airflow/example_dags/tutorial_dag.py
[2023-11-19T23:33:56.097+0000] {processor.py:829} INFO - Processing file /home/airflow/.local/lib/python3.8/site-packages/airflow/example_dags/tutorial_dag.py for tasks to queue
[2023-11-19T23:33:56.098+0000] {logging_mixin.py:154} INFO - [2023-11-19T23:33:56.098+0000] {dagbag.py:536} INFO - Filling up the DagBag from /home/airflow/.local/lib/python3.8/site-packages/airflow/example_dags/tutorial_dag.py
[2023-11-19T23:33:56.100+0000] {processor.py:839} INFO - DAG(s) dict_keys(['tutorial_dag']) retrieved from /home/airflow/.local/lib/python3.8/site-packages/airflow/example_dags/tutorial_dag.py
[2023-11-19T23:33:56.110+0000] {logging_mixin.py:154} INFO - [2023-11-19T23:33:56.110+0000] {dag.py:2941} INFO - Sync 1 DAGs
[2023-11-19T23:33:56.116+0000] {logging_mixin.py:154} INFO - [2023-11-19T23:33:56.116+0000] {dag.py:3722} INFO - Setting next_dagrun for tutorial_dag to None, run_after=None
[2023-11-19T23:33:56.122+0000] {processor.py:179} INFO - Processing /home/airflow/.local/lib/python3.8/site-packages/airflow/example_dags/tutorial_dag.py took 0.028 seconds
[2023-11-19T23:34:26.514+0000] {processor.py:157} INFO - Started process (PID=384) to work on /home/airflow/.local/lib/python3.8/site-packages/airflow/example_dags/tutorial_dag.py
[2023-11-19T23:34:26.515+0000] {processor.py:829} INFO - Processing file /home/airflow/.local/lib/python3.8/site-packages/airflow/example_dags/tutorial_dag.py for tasks to queue
[2023-11-19T23:34:26.516+0000] {logging_mixin.py:154} INFO - [2023-11-19T23:34:26.516+0000] {dagbag.py:536} INFO - Filling up the DagBag from /home/airflow/.local/lib/python3.8/site-packages/airflow/example_dags/tutorial_dag.py
[2023-11-19T23:34:26.519+0000] {processor.py:839} INFO - DAG(s) dict_keys(['tutorial_dag']) retrieved from /home/airflow/.local/lib/python3.8/site-packages/airflow/example_dags/tutorial_dag.py
[2023-11-19T23:34:26.529+0000] {logging_mixin.py:154} INFO - [2023-11-19T23:34:26.528+0000] {dag.py:2941} INFO - Sync 1 DAGs
[2023-11-19T23:34:26.534+0000] {logging_mixin.py:154} INFO - [2023-11-19T23:34:26.534+0000] {dag.py:3722} INFO - Setting next_dagrun for tutorial_dag to None, run_after=None
[2023-11-19T23:34:26.541+0000] {processor.py:179} INFO - Processing /home/airflow/.local/lib/python3.8/site-packages/airflow/example_dags/tutorial_dag.py took 0.028 seconds
[2023-11-19T23:34:56.974+0000] {processor.py:157} INFO - Started process (PID=438) to work on /home/airflow/.local/lib/python3.8/site-packages/airflow/example_dags/tutorial_dag.py
[2023-11-19T23:34:56.974+0000] {processor.py:829} INFO - Processing file /home/airflow/.local/lib/python3.8/site-packages/airflow/example_dags/tutorial_dag.py for tasks to queue
[2023-11-19T23:34:56.976+0000] {logging_mixin.py:154} INFO - [2023-11-19T23:34:56.975+0000] {dagbag.py:536} INFO - Filling up the DagBag from /home/airflow/.local/lib/python3.8/site-packages/airflow/example_dags/tutorial_dag.py
[2023-11-19T23:34:56.979+0000] {processor.py:839} INFO - DAG(s) dict_keys(['tutorial_dag']) retrieved from /home/airflow/.local/lib/python3.8/site-packages/airflow/example_dags/tutorial_dag.py
[2023-11-19T23:34:56.987+0000] {logging_mixin.py:154} INFO - [2023-11-19T23:34:56.987+0000] {dag.py:2941} INFO - Sync 1 DAGs
[2023-11-19T23:34:56.993+0000] {logging_mixin.py:154} INFO - [2023-11-19T23:34:56.993+0000] {dag.py:3722} INFO - Setting next_dagrun for tutorial_dag to None, run_after=None
[2023-11-19T23:34:57.000+0000] {processor.py:179} INFO - Processing /home/airflow/.local/lib/python3.8/site-packages/airflow/example_dags/tutorial_dag.py took 0.027 seconds
[2023-11-19T23:35:27.558+0000] {processor.py:157} INFO - Started process (PID=492) to work on /home/airflow/.local/lib/python3.8/site-packages/airflow/example_dags/tutorial_dag.py
[2023-11-19T23:35:27.559+0000] {processor.py:829} INFO - Processing file /home/airflow/.local/lib/python3.8/site-packages/airflow/example_dags/tutorial_dag.py for tasks to queue
[2023-11-19T23:35:27.560+0000] {logging_mixin.py:154} INFO - [2023-11-19T23:35:27.560+0000] {dagbag.py:536} INFO - Filling up the DagBag from /home/airflow/.local/lib/python3.8/site-packages/airflow/example_dags/tutorial_dag.py
[2023-11-19T23:35:27.563+0000] {processor.py:839} INFO - DAG(s) dict_keys(['tutorial_dag']) retrieved from /home/airflow/.local/lib/python3.8/site-packages/airflow/example_dags/tutorial_dag.py
[2023-11-19T23:35:27.573+0000] {logging_mixin.py:154} INFO - [2023-11-19T23:35:27.573+0000] {dag.py:2941} INFO - Sync 1 DAGs
[2023-11-19T23:35:27.578+0000] {logging_mixin.py:154} INFO - [2023-11-19T23:35:27.578+0000] {dag.py:3722} INFO - Setting next_dagrun for tutorial_dag to None, run_after=None
[2023-11-19T23:35:27.585+0000] {processor.py:179} INFO - Processing /home/airflow/.local/lib/python3.8/site-packages/airflow/example_dags/tutorial_dag.py took 0.028 seconds
[2023-11-19T23:35:58.067+0000] {processor.py:157} INFO - Started process (PID=546) to work on /home/airflow/.local/lib/python3.8/site-packages/airflow/example_dags/tutorial_dag.py
[2023-11-19T23:35:58.067+0000] {processor.py:829} INFO - Processing file /home/airflow/.local/lib/python3.8/site-packages/airflow/example_dags/tutorial_dag.py for tasks to queue
[2023-11-19T23:35:58.068+0000] {logging_mixin.py:154} INFO - [2023-11-19T23:35:58.068+0000] {dagbag.py:536} INFO - Filling up the DagBag from /home/airflow/.local/lib/python3.8/site-packages/airflow/example_dags/tutorial_dag.py
[2023-11-19T23:35:58.071+0000] {processor.py:839} INFO - DAG(s) dict_keys(['tutorial_dag']) retrieved from /home/airflow/.local/lib/python3.8/site-packages/airflow/example_dags/tutorial_dag.py
[2023-11-19T23:35:58.081+0000] {logging_mixin.py:154} INFO - [2023-11-19T23:35:58.081+0000] {dag.py:2941} INFO - Sync 1 DAGs
[2023-11-19T23:35:58.086+0000] {logging_mixin.py:154} INFO - [2023-11-19T23:35:58.086+0000] {dag.py:3722} INFO - Setting next_dagrun for tutorial_dag to None, run_after=None
[2023-11-19T23:35:58.094+0000] {processor.py:179} INFO - Processing /home/airflow/.local/lib/python3.8/site-packages/airflow/example_dags/tutorial_dag.py took 0.029 seconds
