[2023-11-20T08:43:30.647+0000] {taskinstance.py:1159} INFO - Dependencies all met for dep_context=non-requeueable deps ti=<TaskInstance: austin_animal_shelter_dag.load_data scheduled__2023-11-02T00:00:00+00:00 [queued]>
[2023-11-20T08:43:30.652+0000] {taskinstance.py:1159} INFO - Dependencies all met for dep_context=requeueable deps ti=<TaskInstance: austin_animal_shelter_dag.load_data scheduled__2023-11-02T00:00:00+00:00 [queued]>
[2023-11-20T08:43:30.652+0000] {taskinstance.py:1361} INFO - Starting attempt 1 of 2
[2023-11-20T08:43:30.659+0000] {taskinstance.py:1382} INFO - Executing <Task(PythonOperator): load_data> on 2023-11-02 00:00:00+00:00
[2023-11-20T08:43:30.663+0000] {standard_task_runner.py:57} INFO - Started process 193 to run task
[2023-11-20T08:43:30.665+0000] {standard_task_runner.py:84} INFO - Running: ['***', 'tasks', 'run', 'austin_animal_shelter_dag', 'load_data', 'scheduled__2023-11-02T00:00:00+00:00', '--job-id', '48', '--raw', '--subdir', 'DAGS_FOLDER/DAG.py', '--cfg-path', '/tmp/tmp69ox4x55']
[2023-11-20T08:43:30.668+0000] {standard_task_runner.py:85} INFO - Job 48: Subtask load_data
[2023-11-20T08:43:30.695+0000] {task_command.py:416} INFO - Running <TaskInstance: austin_animal_shelter_dag.load_data scheduled__2023-11-02T00:00:00+00:00 [running]> on host c84b35a13244
[2023-11-20T08:43:30.731+0000] {taskinstance.py:1662} INFO - Exporting env vars: AIRFLOW_CTX_DAG_OWNER='***' AIRFLOW_CTX_DAG_ID='austin_animal_shelter_dag' AIRFLOW_CTX_TASK_ID='load_data' AIRFLOW_CTX_EXECUTION_DATE='2023-11-02T00:00:00+00:00' AIRFLOW_CTX_TRY_NUMBER='1' AIRFLOW_CTX_DAG_RUN_ID='scheduled__2023-11-02T00:00:00+00:00'
[2023-11-20T08:43:31.316+0000] {taskinstance.py:1937} ERROR - Task failed with exception
Traceback (most recent call last):
  File "/home/airflow/.local/lib/python3.8/site-packages/airflow/operators/python.py", line 192, in execute
    return_value = self.execute_callable()
  File "/home/airflow/.local/lib/python3.8/site-packages/airflow/operators/python.py", line 209, in execute_callable
    return self.python_callable(*self.op_args, **self.op_kwargs)
  File "/opt/airflow/dags/Scripts/etl.py", line 179, in load_data
    engine = create_engine(DATABASE_URL)
  File "<string>", line 2, in create_engine
  File "/home/airflow/.local/lib/python3.8/site-packages/sqlalchemy/util/deprecations.py", line 375, in warned
    return fn(*args, **kwargs)
  File "/home/airflow/.local/lib/python3.8/site-packages/sqlalchemy/engine/create.py", line 514, in create_engine
    u = _url.make_url(url)
  File "/home/airflow/.local/lib/python3.8/site-packages/sqlalchemy/engine/url.py", line 738, in make_url
    return _parse_url(name_or_url)
  File "/home/airflow/.local/lib/python3.8/site-packages/sqlalchemy/engine/url.py", line 794, in _parse_url
    components["port"] = int(components["port"])
ValueError: invalid literal for int() with base 10: '{}'
[2023-11-20T08:43:31.323+0000] {taskinstance.py:1400} INFO - Marking task as UP_FOR_RETRY. dag_id=austin_animal_shelter_dag, task_id=load_data, execution_date=20231102T000000, start_date=20231120T084330, end_date=20231120T084331
[2023-11-20T08:43:31.331+0000] {standard_task_runner.py:104} ERROR - Failed to execute job 48 for task load_data (invalid literal for int() with base 10: '{}'; 193)
[2023-11-20T08:43:31.365+0000] {local_task_job_runner.py:228} INFO - Task exited with return code 1
[2023-11-20T08:43:31.373+0000] {taskinstance.py:2778} INFO - 0 downstream tasks scheduled from follow-on schedule check
[2023-11-20T08:46:45.319+0000] {taskinstance.py:1159} INFO - Dependencies all met for dep_context=non-requeueable deps ti=<TaskInstance: austin_animal_shelter_dag.load_data scheduled__2023-11-02T00:00:00+00:00 [queued]>
[2023-11-20T08:46:45.327+0000] {taskinstance.py:1159} INFO - Dependencies all met for dep_context=requeueable deps ti=<TaskInstance: austin_animal_shelter_dag.load_data scheduled__2023-11-02T00:00:00+00:00 [queued]>
[2023-11-20T08:46:45.328+0000] {taskinstance.py:1361} INFO - Starting attempt 1 of 2
[2023-11-20T08:46:45.337+0000] {taskinstance.py:1382} INFO - Executing <Task(PythonOperator): load_data> on 2023-11-02 00:00:00+00:00
[2023-11-20T08:46:45.342+0000] {standard_task_runner.py:57} INFO - Started process 197 to run task
[2023-11-20T08:46:45.346+0000] {standard_task_runner.py:84} INFO - Running: ['***', 'tasks', 'run', 'austin_animal_shelter_dag', 'load_data', 'scheduled__2023-11-02T00:00:00+00:00', '--job-id', '44', '--raw', '--subdir', 'DAGS_FOLDER/DAG.py', '--cfg-path', '/tmp/tmpqsn_5_qo']
[2023-11-20T08:46:45.349+0000] {standard_task_runner.py:85} INFO - Job 44: Subtask load_data
[2023-11-20T08:46:45.391+0000] {task_command.py:416} INFO - Running <TaskInstance: austin_animal_shelter_dag.load_data scheduled__2023-11-02T00:00:00+00:00 [running]> on host d26cbef9e8ab
[2023-11-20T08:46:45.465+0000] {taskinstance.py:1662} INFO - Exporting env vars: AIRFLOW_CTX_DAG_OWNER='***' AIRFLOW_CTX_DAG_ID='austin_animal_shelter_dag' AIRFLOW_CTX_TASK_ID='load_data' AIRFLOW_CTX_EXECUTION_DATE='2023-11-02T00:00:00+00:00' AIRFLOW_CTX_TRY_NUMBER='1' AIRFLOW_CTX_DAG_RUN_ID='scheduled__2023-11-02T00:00:00+00:00'
[2023-11-20T08:46:48.322+0000] {python.py:194} INFO - Done. Returned value was: None
[2023-11-20T08:46:48.329+0000] {taskinstance.py:1400} INFO - Marking task as SUCCESS. dag_id=austin_animal_shelter_dag, task_id=load_data, execution_date=20231102T000000, start_date=20231120T084645, end_date=20231120T084648
[2023-11-20T08:46:48.346+0000] {local_task_job_runner.py:228} INFO - Task exited with return code 0
[2023-11-20T08:46:48.363+0000] {taskinstance.py:2778} INFO - 0 downstream tasks scheduled from follow-on schedule check
[2023-11-20T08:50:24.673+0000] {taskinstance.py:1159} INFO - Dependencies all met for dep_context=non-requeueable deps ti=<TaskInstance: austin_animal_shelter_dag.load_data scheduled__2023-11-02T00:00:00+00:00 [queued]>
[2023-11-20T08:50:24.677+0000] {taskinstance.py:1159} INFO - Dependencies all met for dep_context=requeueable deps ti=<TaskInstance: austin_animal_shelter_dag.load_data scheduled__2023-11-02T00:00:00+00:00 [queued]>
[2023-11-20T08:50:24.677+0000] {taskinstance.py:1361} INFO - Starting attempt 1 of 2
[2023-11-20T08:50:24.682+0000] {taskinstance.py:1382} INFO - Executing <Task(PythonOperator): load_data> on 2023-11-02 00:00:00+00:00
[2023-11-20T08:50:24.686+0000] {standard_task_runner.py:57} INFO - Started process 190 to run task
[2023-11-20T08:50:24.689+0000] {standard_task_runner.py:84} INFO - Running: ['***', 'tasks', 'run', 'austin_animal_shelter_dag', 'load_data', 'scheduled__2023-11-02T00:00:00+00:00', '--job-id', '47', '--raw', '--subdir', 'DAGS_FOLDER/DAG.py', '--cfg-path', '/tmp/tmp0vp4pxk2']
[2023-11-20T08:50:24.692+0000] {standard_task_runner.py:85} INFO - Job 47: Subtask load_data
[2023-11-20T08:50:24.716+0000] {task_command.py:416} INFO - Running <TaskInstance: austin_animal_shelter_dag.load_data scheduled__2023-11-02T00:00:00+00:00 [running]> on host 3ef39241d6e6
[2023-11-20T08:50:24.760+0000] {taskinstance.py:1662} INFO - Exporting env vars: AIRFLOW_CTX_DAG_OWNER='***' AIRFLOW_CTX_DAG_ID='austin_animal_shelter_dag' AIRFLOW_CTX_TASK_ID='load_data' AIRFLOW_CTX_EXECUTION_DATE='2023-11-02T00:00:00+00:00' AIRFLOW_CTX_TRY_NUMBER='1' AIRFLOW_CTX_DAG_RUN_ID='scheduled__2023-11-02T00:00:00+00:00'
[2023-11-20T08:50:27.964+0000] {python.py:194} INFO - Done. Returned value was: None
[2023-11-20T08:50:27.972+0000] {taskinstance.py:1400} INFO - Marking task as SUCCESS. dag_id=austin_animal_shelter_dag, task_id=load_data, execution_date=20231102T000000, start_date=20231120T085024, end_date=20231120T085027
[2023-11-20T08:50:28.029+0000] {local_task_job_runner.py:228} INFO - Task exited with return code 0
[2023-11-20T08:50:28.042+0000] {taskinstance.py:2778} INFO - 0 downstream tasks scheduled from follow-on schedule check
[2023-11-20T22:32:40.771+0000] {taskinstance.py:1159} INFO - Dependencies all met for dep_context=non-requeueable deps ti=<TaskInstance: austin_animal_shelter_dag.load_data scheduled__2023-11-02T00:00:00+00:00 [queued]>
[2023-11-20T22:32:40.783+0000] {taskinstance.py:1159} INFO - Dependencies all met for dep_context=requeueable deps ti=<TaskInstance: austin_animal_shelter_dag.load_data scheduled__2023-11-02T00:00:00+00:00 [queued]>
[2023-11-20T22:32:40.787+0000] {taskinstance.py:1361} INFO - Starting attempt 1 of 2
[2023-11-20T22:32:40.815+0000] {taskinstance.py:1382} INFO - Executing <Task(PythonOperator): load_data> on 2023-11-02 00:00:00+00:00
[2023-11-20T22:32:40.843+0000] {standard_task_runner.py:57} INFO - Started process 211 to run task
[2023-11-20T22:32:40.849+0000] {standard_task_runner.py:84} INFO - Running: ['***', 'tasks', 'run', 'austin_animal_shelter_dag', 'load_data', 'scheduled__2023-11-02T00:00:00+00:00', '--job-id', '115', '--raw', '--subdir', 'DAGS_FOLDER/DAG.py', '--cfg-path', '/tmp/tmpl23_ep5g']
[2023-11-20T22:32:40.866+0000] {standard_task_runner.py:85} INFO - Job 115: Subtask load_data
[2023-11-20T22:32:41.031+0000] {task_command.py:416} INFO - Running <TaskInstance: austin_animal_shelter_dag.load_data scheduled__2023-11-02T00:00:00+00:00 [running]> on host ad6c889005f6
[2023-11-20T22:32:41.123+0000] {taskinstance.py:1662} INFO - Exporting env vars: AIRFLOW_CTX_DAG_OWNER='***' AIRFLOW_CTX_DAG_ID='austin_animal_shelter_dag' AIRFLOW_CTX_TASK_ID='load_data' AIRFLOW_CTX_EXECUTION_DATE='2023-11-02T00:00:00+00:00' AIRFLOW_CTX_TRY_NUMBER='1' AIRFLOW_CTX_DAG_RUN_ID='scheduled__2023-11-02T00:00:00+00:00'
[2023-11-20T22:32:43.750+0000] {python.py:194} INFO - Done. Returned value was: None
[2023-11-20T22:32:43.782+0000] {taskinstance.py:1400} INFO - Marking task as SUCCESS. dag_id=austin_animal_shelter_dag, task_id=load_data, execution_date=20231102T000000, start_date=20231120T223240, end_date=20231120T223243
[2023-11-20T22:32:43.866+0000] {local_task_job_runner.py:228} INFO - Task exited with return code 0
[2023-11-20T22:32:43.907+0000] {taskinstance.py:2778} INFO - 0 downstream tasks scheduled from follow-on schedule check
[2023-11-20T22:47:53.619+0000] {taskinstance.py:1159} INFO - Dependencies all met for dep_context=non-requeueable deps ti=<TaskInstance: austin_animal_shelter_dag.load_data scheduled__2023-11-02T00:00:00+00:00 [queued]>
[2023-11-20T22:47:53.635+0000] {taskinstance.py:1159} INFO - Dependencies all met for dep_context=requeueable deps ti=<TaskInstance: austin_animal_shelter_dag.load_data scheduled__2023-11-02T00:00:00+00:00 [queued]>
[2023-11-20T22:47:53.635+0000] {taskinstance.py:1361} INFO - Starting attempt 1 of 2
[2023-11-20T22:47:53.648+0000] {taskinstance.py:1382} INFO - Executing <Task(PythonOperator): load_data> on 2023-11-02 00:00:00+00:00
[2023-11-20T22:47:53.658+0000] {standard_task_runner.py:57} INFO - Started process 208 to run task
[2023-11-20T22:47:53.675+0000] {standard_task_runner.py:84} INFO - Running: ['***', 'tasks', 'run', 'austin_animal_shelter_dag', 'load_data', 'scheduled__2023-11-02T00:00:00+00:00', '--job-id', '50', '--raw', '--subdir', 'DAGS_FOLDER/DAG.py', '--cfg-path', '/tmp/tmp95i_uyt0']
[2023-11-20T22:47:53.684+0000] {standard_task_runner.py:85} INFO - Job 50: Subtask load_data
[2023-11-20T22:47:53.821+0000] {task_command.py:416} INFO - Running <TaskInstance: austin_animal_shelter_dag.load_data scheduled__2023-11-02T00:00:00+00:00 [running]> on host fda681cc78c9
[2023-11-20T22:47:53.940+0000] {taskinstance.py:1662} INFO - Exporting env vars: AIRFLOW_CTX_DAG_OWNER='***' AIRFLOW_CTX_DAG_ID='austin_animal_shelter_dag' AIRFLOW_CTX_TASK_ID='load_data' AIRFLOW_CTX_EXECUTION_DATE='2023-11-02T00:00:00+00:00' AIRFLOW_CTX_TRY_NUMBER='1' AIRFLOW_CTX_DAG_RUN_ID='scheduled__2023-11-02T00:00:00+00:00'
[2023-11-20T22:47:58.677+0000] {python.py:194} INFO - Done. Returned value was: None
[2023-11-20T22:47:58.714+0000] {taskinstance.py:1400} INFO - Marking task as SUCCESS. dag_id=austin_animal_shelter_dag, task_id=load_data, execution_date=20231102T000000, start_date=20231120T224753, end_date=20231120T224758
[2023-11-20T22:47:58.741+0000] {local_task_job_runner.py:228} INFO - Task exited with return code 0
[2023-11-20T22:47:58.760+0000] {taskinstance.py:2778} INFO - 0 downstream tasks scheduled from follow-on schedule check
