[2023-11-20T08:43:27.348+0000] {taskinstance.py:1159} INFO - Dependencies all met for dep_context=non-requeueable deps ti=<TaskInstance: austin_animal_shelter_dag.transform_data scheduled__2023-11-11T00:00:00+00:00 [queued]>
[2023-11-20T08:43:27.370+0000] {taskinstance.py:1159} INFO - Dependencies all met for dep_context=requeueable deps ti=<TaskInstance: austin_animal_shelter_dag.transform_data scheduled__2023-11-11T00:00:00+00:00 [queued]>
[2023-11-20T08:43:27.373+0000] {taskinstance.py:1361} INFO - Starting attempt 1 of 2
[2023-11-20T08:43:27.390+0000] {taskinstance.py:1382} INFO - Executing <Task(PythonOperator): transform_data> on 2023-11-11 00:00:00+00:00
[2023-11-20T08:43:27.398+0000] {standard_task_runner.py:57} INFO - Started process 132 to run task
[2023-11-20T08:43:27.402+0000] {standard_task_runner.py:84} INFO - Running: ['***', 'tasks', 'run', 'austin_animal_shelter_dag', 'transform_data', 'scheduled__2023-11-11T00:00:00+00:00', '--job-id', '21', '--raw', '--subdir', 'DAGS_FOLDER/DAG.py', '--cfg-path', '/tmp/tmpaavf6n40']
[2023-11-20T08:43:27.413+0000] {standard_task_runner.py:85} INFO - Job 21: Subtask transform_data
[2023-11-20T08:43:27.547+0000] {task_command.py:416} INFO - Running <TaskInstance: austin_animal_shelter_dag.transform_data scheduled__2023-11-11T00:00:00+00:00 [running]> on host c84b35a13244
[2023-11-20T08:43:27.678+0000] {taskinstance.py:1662} INFO - Exporting env vars: AIRFLOW_CTX_DAG_OWNER='***' AIRFLOW_CTX_DAG_ID='austin_animal_shelter_dag' AIRFLOW_CTX_TASK_ID='transform_data' AIRFLOW_CTX_EXECUTION_DATE='2023-11-11T00:00:00+00:00' AIRFLOW_CTX_TRY_NUMBER='1' AIRFLOW_CTX_DAG_RUN_ID='scheduled__2023-11-11T00:00:00+00:00'
[2023-11-20T08:43:28.771+0000] {python.py:194} INFO - Done. Returned value was: None
[2023-11-20T08:43:28.777+0000] {taskinstance.py:1400} INFO - Marking task as SUCCESS. dag_id=austin_animal_shelter_dag, task_id=transform_data, execution_date=20231111T000000, start_date=20231120T084327, end_date=20231120T084328
[2023-11-20T08:43:28.820+0000] {local_task_job_runner.py:228} INFO - Task exited with return code 0
[2023-11-20T08:43:28.839+0000] {taskinstance.py:2778} INFO - 1 downstream tasks scheduled from follow-on schedule check
[2023-11-20T08:46:42.585+0000] {taskinstance.py:1159} INFO - Dependencies all met for dep_context=non-requeueable deps ti=<TaskInstance: austin_animal_shelter_dag.transform_data scheduled__2023-11-11T00:00:00+00:00 [queued]>
[2023-11-20T08:46:42.589+0000] {taskinstance.py:1159} INFO - Dependencies all met for dep_context=requeueable deps ti=<TaskInstance: austin_animal_shelter_dag.transform_data scheduled__2023-11-11T00:00:00+00:00 [queued]>
[2023-11-20T08:46:42.589+0000] {taskinstance.py:1361} INFO - Starting attempt 1 of 2
[2023-11-20T08:46:42.596+0000] {taskinstance.py:1382} INFO - Executing <Task(PythonOperator): transform_data> on 2023-11-11 00:00:00+00:00
[2023-11-20T08:46:42.601+0000] {standard_task_runner.py:57} INFO - Started process 151 to run task
[2023-11-20T08:46:42.606+0000] {standard_task_runner.py:84} INFO - Running: ['***', 'tasks', 'run', 'austin_animal_shelter_dag', 'transform_data', 'scheduled__2023-11-11T00:00:00+00:00', '--job-id', '30', '--raw', '--subdir', 'DAGS_FOLDER/DAG.py', '--cfg-path', '/tmp/tmpcwoz18vb']
[2023-11-20T08:46:42.610+0000] {standard_task_runner.py:85} INFO - Job 30: Subtask transform_data
[2023-11-20T08:46:42.640+0000] {task_command.py:416} INFO - Running <TaskInstance: austin_animal_shelter_dag.transform_data scheduled__2023-11-11T00:00:00+00:00 [running]> on host d26cbef9e8ab
[2023-11-20T08:46:42.690+0000] {taskinstance.py:1662} INFO - Exporting env vars: AIRFLOW_CTX_DAG_OWNER='***' AIRFLOW_CTX_DAG_ID='austin_animal_shelter_dag' AIRFLOW_CTX_TASK_ID='transform_data' AIRFLOW_CTX_EXECUTION_DATE='2023-11-11T00:00:00+00:00' AIRFLOW_CTX_TRY_NUMBER='1' AIRFLOW_CTX_DAG_RUN_ID='scheduled__2023-11-11T00:00:00+00:00'
[2023-11-20T08:46:43.772+0000] {python.py:194} INFO - Done. Returned value was: None
[2023-11-20T08:46:43.790+0000] {taskinstance.py:1400} INFO - Marking task as SUCCESS. dag_id=austin_animal_shelter_dag, task_id=transform_data, execution_date=20231111T000000, start_date=20231120T084642, end_date=20231120T084643
[2023-11-20T08:46:43.831+0000] {local_task_job_runner.py:228} INFO - Task exited with return code 0
[2023-11-20T08:46:43.870+0000] {taskinstance.py:2778} INFO - 1 downstream tasks scheduled from follow-on schedule check
[2023-11-20T08:50:21.424+0000] {taskinstance.py:1159} INFO - Dependencies all met for dep_context=non-requeueable deps ti=<TaskInstance: austin_animal_shelter_dag.transform_data scheduled__2023-11-11T00:00:00+00:00 [queued]>
[2023-11-20T08:50:21.432+0000] {taskinstance.py:1159} INFO - Dependencies all met for dep_context=requeueable deps ti=<TaskInstance: austin_animal_shelter_dag.transform_data scheduled__2023-11-11T00:00:00+00:00 [queued]>
[2023-11-20T08:50:21.433+0000] {taskinstance.py:1361} INFO - Starting attempt 1 of 2
[2023-11-20T08:50:21.445+0000] {taskinstance.py:1382} INFO - Executing <Task(PythonOperator): transform_data> on 2023-11-11 00:00:00+00:00
[2023-11-20T08:50:21.454+0000] {standard_task_runner.py:57} INFO - Started process 132 to run task
[2023-11-20T08:50:21.461+0000] {standard_task_runner.py:84} INFO - Running: ['***', 'tasks', 'run', 'austin_animal_shelter_dag', 'transform_data', 'scheduled__2023-11-11T00:00:00+00:00', '--job-id', '25', '--raw', '--subdir', 'DAGS_FOLDER/DAG.py', '--cfg-path', '/tmp/tmpruiu1tkg']
[2023-11-20T08:50:21.467+0000] {standard_task_runner.py:85} INFO - Job 25: Subtask transform_data
[2023-11-20T08:50:21.532+0000] {task_command.py:416} INFO - Running <TaskInstance: austin_animal_shelter_dag.transform_data scheduled__2023-11-11T00:00:00+00:00 [running]> on host 3ef39241d6e6
[2023-11-20T08:50:21.635+0000] {taskinstance.py:1662} INFO - Exporting env vars: AIRFLOW_CTX_DAG_OWNER='***' AIRFLOW_CTX_DAG_ID='austin_animal_shelter_dag' AIRFLOW_CTX_TASK_ID='transform_data' AIRFLOW_CTX_EXECUTION_DATE='2023-11-11T00:00:00+00:00' AIRFLOW_CTX_TRY_NUMBER='1' AIRFLOW_CTX_DAG_RUN_ID='scheduled__2023-11-11T00:00:00+00:00'
[2023-11-20T08:50:22.795+0000] {python.py:194} INFO - Done. Returned value was: None
[2023-11-20T08:50:22.806+0000] {taskinstance.py:1400} INFO - Marking task as SUCCESS. dag_id=austin_animal_shelter_dag, task_id=transform_data, execution_date=20231111T000000, start_date=20231120T085021, end_date=20231120T085022
[2023-11-20T08:50:22.820+0000] {local_task_job_runner.py:228} INFO - Task exited with return code 0
[2023-11-20T08:50:22.835+0000] {taskinstance.py:2778} INFO - 1 downstream tasks scheduled from follow-on schedule check
[2023-11-20T22:32:31.740+0000] {taskinstance.py:1159} INFO - Dependencies all met for dep_context=non-requeueable deps ti=<TaskInstance: austin_animal_shelter_dag.transform_data scheduled__2023-11-11T00:00:00+00:00 [queued]>
[2023-11-20T22:32:31.771+0000] {taskinstance.py:1159} INFO - Dependencies all met for dep_context=requeueable deps ti=<TaskInstance: austin_animal_shelter_dag.transform_data scheduled__2023-11-11T00:00:00+00:00 [queued]>
[2023-11-20T22:32:31.781+0000] {taskinstance.py:1361} INFO - Starting attempt 1 of 2
[2023-11-20T22:32:31.825+0000] {taskinstance.py:1382} INFO - Executing <Task(PythonOperator): transform_data> on 2023-11-11 00:00:00+00:00
[2023-11-20T22:32:31.850+0000] {standard_task_runner.py:57} INFO - Started process 126 to run task
[2023-11-20T22:32:31.861+0000] {standard_task_runner.py:84} INFO - Running: ['***', 'tasks', 'run', 'austin_animal_shelter_dag', 'transform_data', 'scheduled__2023-11-11T00:00:00+00:00', '--job-id', '87', '--raw', '--subdir', 'DAGS_FOLDER/DAG.py', '--cfg-path', '/tmp/tmpz0wl9a0_']
[2023-11-20T22:32:31.883+0000] {standard_task_runner.py:85} INFO - Job 87: Subtask transform_data
[2023-11-20T22:32:32.000+0000] {task_command.py:416} INFO - Running <TaskInstance: austin_animal_shelter_dag.transform_data scheduled__2023-11-11T00:00:00+00:00 [running]> on host ad6c889005f6
[2023-11-20T22:32:32.188+0000] {taskinstance.py:1662} INFO - Exporting env vars: AIRFLOW_CTX_DAG_OWNER='***' AIRFLOW_CTX_DAG_ID='austin_animal_shelter_dag' AIRFLOW_CTX_TASK_ID='transform_data' AIRFLOW_CTX_EXECUTION_DATE='2023-11-11T00:00:00+00:00' AIRFLOW_CTX_TRY_NUMBER='1' AIRFLOW_CTX_DAG_RUN_ID='scheduled__2023-11-11T00:00:00+00:00'
[2023-11-20T22:32:33.457+0000] {python.py:194} INFO - Done. Returned value was: None
[2023-11-20T22:32:33.522+0000] {taskinstance.py:1400} INFO - Marking task as SUCCESS. dag_id=austin_animal_shelter_dag, task_id=transform_data, execution_date=20231111T000000, start_date=20231120T223231, end_date=20231120T223233
[2023-11-20T22:32:33.667+0000] {local_task_job_runner.py:228} INFO - Task exited with return code 0
[2023-11-20T22:32:33.777+0000] {taskinstance.py:2778} INFO - 1 downstream tasks scheduled from follow-on schedule check
[2023-11-20T22:47:42.616+0000] {taskinstance.py:1159} INFO - Dependencies all met for dep_context=non-requeueable deps ti=<TaskInstance: austin_animal_shelter_dag.transform_data scheduled__2023-11-11T00:00:00+00:00 [queued]>
[2023-11-20T22:47:42.627+0000] {taskinstance.py:1159} INFO - Dependencies all met for dep_context=requeueable deps ti=<TaskInstance: austin_animal_shelter_dag.transform_data scheduled__2023-11-11T00:00:00+00:00 [queued]>
[2023-11-20T22:47:42.628+0000] {taskinstance.py:1361} INFO - Starting attempt 1 of 2
[2023-11-20T22:47:42.641+0000] {taskinstance.py:1382} INFO - Executing <Task(PythonOperator): transform_data> on 2023-11-11 00:00:00+00:00
[2023-11-20T22:47:42.649+0000] {standard_task_runner.py:57} INFO - Started process 124 to run task
[2023-11-20T22:47:42.654+0000] {standard_task_runner.py:84} INFO - Running: ['***', 'tasks', 'run', 'austin_animal_shelter_dag', 'transform_data', 'scheduled__2023-11-11T00:00:00+00:00', '--job-id', '22', '--raw', '--subdir', 'DAGS_FOLDER/DAG.py', '--cfg-path', '/tmp/tmpyfl0opjn']
[2023-11-20T22:47:42.658+0000] {standard_task_runner.py:85} INFO - Job 22: Subtask transform_data
[2023-11-20T22:47:42.725+0000] {task_command.py:416} INFO - Running <TaskInstance: austin_animal_shelter_dag.transform_data scheduled__2023-11-11T00:00:00+00:00 [running]> on host fda681cc78c9
[2023-11-20T22:47:42.830+0000] {taskinstance.py:1662} INFO - Exporting env vars: AIRFLOW_CTX_DAG_OWNER='***' AIRFLOW_CTX_DAG_ID='austin_animal_shelter_dag' AIRFLOW_CTX_TASK_ID='transform_data' AIRFLOW_CTX_EXECUTION_DATE='2023-11-11T00:00:00+00:00' AIRFLOW_CTX_TRY_NUMBER='1' AIRFLOW_CTX_DAG_RUN_ID='scheduled__2023-11-11T00:00:00+00:00'
[2023-11-20T22:47:45.687+0000] {python.py:194} INFO - Done. Returned value was: None
[2023-11-20T22:47:45.761+0000] {taskinstance.py:1400} INFO - Marking task as SUCCESS. dag_id=austin_animal_shelter_dag, task_id=transform_data, execution_date=20231111T000000, start_date=20231120T224742, end_date=20231120T224745
[2023-11-20T22:47:45.916+0000] {local_task_job_runner.py:228} INFO - Task exited with return code 0
[2023-11-20T22:47:45.987+0000] {taskinstance.py:2778} INFO - 1 downstream tasks scheduled from follow-on schedule check
