[2023-11-20T08:43:27.377+0000] {taskinstance.py:1159} INFO - Dependencies all met for dep_context=non-requeueable deps ti=<TaskInstance: austin_animal_shelter_dag.transform_data scheduled__2023-11-09T00:00:00+00:00 [queued]>
[2023-11-20T08:43:27.383+0000] {taskinstance.py:1159} INFO - Dependencies all met for dep_context=requeueable deps ti=<TaskInstance: austin_animal_shelter_dag.transform_data scheduled__2023-11-09T00:00:00+00:00 [queued]>
[2023-11-20T08:43:27.398+0000] {taskinstance.py:1361} INFO - Starting attempt 1 of 2
[2023-11-20T08:43:27.432+0000] {taskinstance.py:1382} INFO - Executing <Task(PythonOperator): transform_data> on 2023-11-09 00:00:00+00:00
[2023-11-20T08:43:27.436+0000] {standard_task_runner.py:57} INFO - Started process 135 to run task
[2023-11-20T08:43:27.461+0000] {standard_task_runner.py:84} INFO - Running: ['***', 'tasks', 'run', 'austin_animal_shelter_dag', 'transform_data', 'scheduled__2023-11-09T00:00:00+00:00', '--job-id', '19', '--raw', '--subdir', 'DAGS_FOLDER/DAG.py', '--cfg-path', '/tmp/tmp56s5w4k7']
[2023-11-20T08:43:27.494+0000] {standard_task_runner.py:85} INFO - Job 19: Subtask transform_data
[2023-11-20T08:43:27.566+0000] {task_command.py:416} INFO - Running <TaskInstance: austin_animal_shelter_dag.transform_data scheduled__2023-11-09T00:00:00+00:00 [running]> on host c84b35a13244
[2023-11-20T08:43:27.679+0000] {taskinstance.py:1662} INFO - Exporting env vars: AIRFLOW_CTX_DAG_OWNER='***' AIRFLOW_CTX_DAG_ID='austin_animal_shelter_dag' AIRFLOW_CTX_TASK_ID='transform_data' AIRFLOW_CTX_EXECUTION_DATE='2023-11-09T00:00:00+00:00' AIRFLOW_CTX_TRY_NUMBER='1' AIRFLOW_CTX_DAG_RUN_ID='scheduled__2023-11-09T00:00:00+00:00'
[2023-11-20T08:43:28.661+0000] {python.py:194} INFO - Done. Returned value was: None
[2023-11-20T08:43:28.670+0000] {taskinstance.py:1400} INFO - Marking task as SUCCESS. dag_id=austin_animal_shelter_dag, task_id=transform_data, execution_date=20231109T000000, start_date=20231120T084327, end_date=20231120T084328
[2023-11-20T08:43:28.701+0000] {local_task_job_runner.py:228} INFO - Task exited with return code 0
[2023-11-20T08:43:28.715+0000] {taskinstance.py:2778} INFO - 1 downstream tasks scheduled from follow-on schedule check
[2023-11-20T08:46:44.638+0000] {taskinstance.py:1159} INFO - Dependencies all met for dep_context=non-requeueable deps ti=<TaskInstance: austin_animal_shelter_dag.transform_data scheduled__2023-11-09T00:00:00+00:00 [queued]>
[2023-11-20T08:46:44.685+0000] {taskinstance.py:1159} INFO - Dependencies all met for dep_context=requeueable deps ti=<TaskInstance: austin_animal_shelter_dag.transform_data scheduled__2023-11-09T00:00:00+00:00 [queued]>
[2023-11-20T08:46:44.686+0000] {taskinstance.py:1361} INFO - Starting attempt 1 of 2
[2023-11-20T08:46:44.793+0000] {taskinstance.py:1382} INFO - Executing <Task(PythonOperator): transform_data> on 2023-11-09 00:00:00+00:00
[2023-11-20T08:46:44.802+0000] {standard_task_runner.py:57} INFO - Started process 191 to run task
[2023-11-20T08:46:44.813+0000] {standard_task_runner.py:84} INFO - Running: ['***', 'tasks', 'run', 'austin_animal_shelter_dag', 'transform_data', 'scheduled__2023-11-09T00:00:00+00:00', '--job-id', '41', '--raw', '--subdir', 'DAGS_FOLDER/DAG.py', '--cfg-path', '/tmp/tmp21zarx1m']
[2023-11-20T08:46:44.821+0000] {standard_task_runner.py:85} INFO - Job 41: Subtask transform_data
[2023-11-20T08:46:44.960+0000] {task_command.py:416} INFO - Running <TaskInstance: austin_animal_shelter_dag.transform_data scheduled__2023-11-09T00:00:00+00:00 [running]> on host d26cbef9e8ab
[2023-11-20T08:46:45.058+0000] {taskinstance.py:1662} INFO - Exporting env vars: AIRFLOW_CTX_DAG_OWNER='***' AIRFLOW_CTX_DAG_ID='austin_animal_shelter_dag' AIRFLOW_CTX_TASK_ID='transform_data' AIRFLOW_CTX_EXECUTION_DATE='2023-11-09T00:00:00+00:00' AIRFLOW_CTX_TRY_NUMBER='1' AIRFLOW_CTX_DAG_RUN_ID='scheduled__2023-11-09T00:00:00+00:00'
[2023-11-20T08:46:46.174+0000] {python.py:194} INFO - Done. Returned value was: None
[2023-11-20T08:46:46.181+0000] {taskinstance.py:1400} INFO - Marking task as SUCCESS. dag_id=austin_animal_shelter_dag, task_id=transform_data, execution_date=20231109T000000, start_date=20231120T084644, end_date=20231120T084646
[2023-11-20T08:46:46.230+0000] {local_task_job_runner.py:228} INFO - Task exited with return code 0
[2023-11-20T08:46:46.243+0000] {taskinstance.py:2778} INFO - 1 downstream tasks scheduled from follow-on schedule check
[2023-11-20T08:50:23.715+0000] {taskinstance.py:1159} INFO - Dependencies all met for dep_context=non-requeueable deps ti=<TaskInstance: austin_animal_shelter_dag.transform_data scheduled__2023-11-09T00:00:00+00:00 [queued]>
[2023-11-20T08:50:23.731+0000] {taskinstance.py:1159} INFO - Dependencies all met for dep_context=requeueable deps ti=<TaskInstance: austin_animal_shelter_dag.transform_data scheduled__2023-11-09T00:00:00+00:00 [queued]>
[2023-11-20T08:50:23.734+0000] {taskinstance.py:1361} INFO - Starting attempt 1 of 2
[2023-11-20T08:50:23.768+0000] {taskinstance.py:1382} INFO - Executing <Task(PythonOperator): transform_data> on 2023-11-09 00:00:00+00:00
[2023-11-20T08:50:23.776+0000] {standard_task_runner.py:57} INFO - Started process 174 to run task
[2023-11-20T08:50:23.790+0000] {standard_task_runner.py:84} INFO - Running: ['***', 'tasks', 'run', 'austin_animal_shelter_dag', 'transform_data', 'scheduled__2023-11-09T00:00:00+00:00', '--job-id', '36', '--raw', '--subdir', 'DAGS_FOLDER/DAG.py', '--cfg-path', '/tmp/tmpt89cktq5']
[2023-11-20T08:50:23.800+0000] {standard_task_runner.py:85} INFO - Job 36: Subtask transform_data
[2023-11-20T08:50:23.871+0000] {task_command.py:416} INFO - Running <TaskInstance: austin_animal_shelter_dag.transform_data scheduled__2023-11-09T00:00:00+00:00 [running]> on host 3ef39241d6e6
[2023-11-20T08:50:24.023+0000] {taskinstance.py:1662} INFO - Exporting env vars: AIRFLOW_CTX_DAG_OWNER='***' AIRFLOW_CTX_DAG_ID='austin_animal_shelter_dag' AIRFLOW_CTX_TASK_ID='transform_data' AIRFLOW_CTX_EXECUTION_DATE='2023-11-09T00:00:00+00:00' AIRFLOW_CTX_TRY_NUMBER='1' AIRFLOW_CTX_DAG_RUN_ID='scheduled__2023-11-09T00:00:00+00:00'
[2023-11-20T08:50:25.229+0000] {python.py:194} INFO - Done. Returned value was: None
[2023-11-20T08:50:25.237+0000] {taskinstance.py:1400} INFO - Marking task as SUCCESS. dag_id=austin_animal_shelter_dag, task_id=transform_data, execution_date=20231109T000000, start_date=20231120T085023, end_date=20231120T085025
[2023-11-20T08:50:25.300+0000] {local_task_job_runner.py:228} INFO - Task exited with return code 0
[2023-11-20T08:50:25.354+0000] {taskinstance.py:2778} INFO - 0 downstream tasks scheduled from follow-on schedule check
[2023-11-20T22:32:34.475+0000] {taskinstance.py:1159} INFO - Dependencies all met for dep_context=non-requeueable deps ti=<TaskInstance: austin_animal_shelter_dag.transform_data scheduled__2023-11-09T00:00:00+00:00 [queued]>
[2023-11-20T22:32:34.492+0000] {taskinstance.py:1159} INFO - Dependencies all met for dep_context=requeueable deps ti=<TaskInstance: austin_animal_shelter_dag.transform_data scheduled__2023-11-09T00:00:00+00:00 [queued]>
[2023-11-20T22:32:34.497+0000] {taskinstance.py:1361} INFO - Starting attempt 1 of 2
[2023-11-20T22:32:34.532+0000] {taskinstance.py:1382} INFO - Executing <Task(PythonOperator): transform_data> on 2023-11-09 00:00:00+00:00
[2023-11-20T22:32:34.544+0000] {standard_task_runner.py:57} INFO - Started process 154 to run task
[2023-11-20T22:32:34.560+0000] {standard_task_runner.py:84} INFO - Running: ['***', 'tasks', 'run', 'austin_animal_shelter_dag', 'transform_data', 'scheduled__2023-11-09T00:00:00+00:00', '--job-id', '94', '--raw', '--subdir', 'DAGS_FOLDER/DAG.py', '--cfg-path', '/tmp/tmpwq7s65qm']
[2023-11-20T22:32:34.586+0000] {standard_task_runner.py:85} INFO - Job 94: Subtask transform_data
[2023-11-20T22:32:34.703+0000] {task_command.py:416} INFO - Running <TaskInstance: austin_animal_shelter_dag.transform_data scheduled__2023-11-09T00:00:00+00:00 [running]> on host ad6c889005f6
[2023-11-20T22:32:35.030+0000] {taskinstance.py:1662} INFO - Exporting env vars: AIRFLOW_CTX_DAG_OWNER='***' AIRFLOW_CTX_DAG_ID='austin_animal_shelter_dag' AIRFLOW_CTX_TASK_ID='transform_data' AIRFLOW_CTX_EXECUTION_DATE='2023-11-09T00:00:00+00:00' AIRFLOW_CTX_TRY_NUMBER='1' AIRFLOW_CTX_DAG_RUN_ID='scheduled__2023-11-09T00:00:00+00:00'
[2023-11-20T22:32:36.379+0000] {python.py:194} INFO - Done. Returned value was: None
[2023-11-20T22:32:36.467+0000] {taskinstance.py:1400} INFO - Marking task as SUCCESS. dag_id=austin_animal_shelter_dag, task_id=transform_data, execution_date=20231109T000000, start_date=20231120T223234, end_date=20231120T223236
[2023-11-20T22:32:36.940+0000] {local_task_job_runner.py:228} INFO - Task exited with return code 0
[2023-11-20T22:32:37.454+0000] {taskinstance.py:2778} INFO - 0 downstream tasks scheduled from follow-on schedule check
[2023-11-20T22:47:45.639+0000] {taskinstance.py:1159} INFO - Dependencies all met for dep_context=non-requeueable deps ti=<TaskInstance: austin_animal_shelter_dag.transform_data scheduled__2023-11-09T00:00:00+00:00 [queued]>
[2023-11-20T22:47:45.647+0000] {taskinstance.py:1159} INFO - Dependencies all met for dep_context=requeueable deps ti=<TaskInstance: austin_animal_shelter_dag.transform_data scheduled__2023-11-09T00:00:00+00:00 [queued]>
[2023-11-20T22:47:45.648+0000] {taskinstance.py:1361} INFO - Starting attempt 1 of 2
[2023-11-20T22:47:45.662+0000] {taskinstance.py:1382} INFO - Executing <Task(PythonOperator): transform_data> on 2023-11-09 00:00:00+00:00
[2023-11-20T22:47:45.680+0000] {standard_task_runner.py:57} INFO - Started process 153 to run task
[2023-11-20T22:47:45.689+0000] {standard_task_runner.py:84} INFO - Running: ['***', 'tasks', 'run', 'austin_animal_shelter_dag', 'transform_data', 'scheduled__2023-11-09T00:00:00+00:00', '--job-id', '31', '--raw', '--subdir', 'DAGS_FOLDER/DAG.py', '--cfg-path', '/tmp/tmp85gdz1sp']
[2023-11-20T22:47:45.696+0000] {standard_task_runner.py:85} INFO - Job 31: Subtask transform_data
[2023-11-20T22:47:45.845+0000] {task_command.py:416} INFO - Running <TaskInstance: austin_animal_shelter_dag.transform_data scheduled__2023-11-09T00:00:00+00:00 [running]> on host fda681cc78c9
[2023-11-20T22:47:45.971+0000] {taskinstance.py:1662} INFO - Exporting env vars: AIRFLOW_CTX_DAG_OWNER='***' AIRFLOW_CTX_DAG_ID='austin_animal_shelter_dag' AIRFLOW_CTX_TASK_ID='transform_data' AIRFLOW_CTX_EXECUTION_DATE='2023-11-09T00:00:00+00:00' AIRFLOW_CTX_TRY_NUMBER='1' AIRFLOW_CTX_DAG_RUN_ID='scheduled__2023-11-09T00:00:00+00:00'
[2023-11-20T22:47:48.568+0000] {python.py:194} INFO - Done. Returned value was: None
[2023-11-20T22:47:48.597+0000] {taskinstance.py:1400} INFO - Marking task as SUCCESS. dag_id=austin_animal_shelter_dag, task_id=transform_data, execution_date=20231109T000000, start_date=20231120T224745, end_date=20231120T224748
[2023-11-20T22:47:48.735+0000] {local_task_job_runner.py:228} INFO - Task exited with return code 0
[2023-11-20T22:47:48.836+0000] {taskinstance.py:2778} INFO - 1 downstream tasks scheduled from follow-on schedule check
