[2023-11-20T08:43:27.447+0000] {taskinstance.py:1159} INFO - Dependencies all met for dep_context=non-requeueable deps ti=<TaskInstance: austin_animal_shelter_dag.transform_data scheduled__2023-11-01T00:00:00+00:00 [queued]>
[2023-11-20T08:43:27.473+0000] {taskinstance.py:1159} INFO - Dependencies all met for dep_context=requeueable deps ti=<TaskInstance: austin_animal_shelter_dag.transform_data scheduled__2023-11-01T00:00:00+00:00 [queued]>
[2023-11-20T08:43:27.485+0000] {taskinstance.py:1361} INFO - Starting attempt 1 of 2
[2023-11-20T08:43:27.622+0000] {taskinstance.py:1382} INFO - Executing <Task(PythonOperator): transform_data> on 2023-11-01 00:00:00+00:00
[2023-11-20T08:43:27.636+0000] {standard_task_runner.py:57} INFO - Started process 140 to run task
[2023-11-20T08:43:27.641+0000] {standard_task_runner.py:84} INFO - Running: ['***', 'tasks', 'run', 'austin_animal_shelter_dag', 'transform_data', 'scheduled__2023-11-01T00:00:00+00:00', '--job-id', '20', '--raw', '--subdir', 'DAGS_FOLDER/DAG.py', '--cfg-path', '/tmp/tmp5x52zeel']
[2023-11-20T08:43:27.652+0000] {standard_task_runner.py:85} INFO - Job 20: Subtask transform_data
[2023-11-20T08:43:27.797+0000] {task_command.py:416} INFO - Running <TaskInstance: austin_animal_shelter_dag.transform_data scheduled__2023-11-01T00:00:00+00:00 [running]> on host c84b35a13244
[2023-11-20T08:43:27.880+0000] {taskinstance.py:1662} INFO - Exporting env vars: AIRFLOW_CTX_DAG_OWNER='***' AIRFLOW_CTX_DAG_ID='austin_animal_shelter_dag' AIRFLOW_CTX_TASK_ID='transform_data' AIRFLOW_CTX_EXECUTION_DATE='2023-11-01T00:00:00+00:00' AIRFLOW_CTX_TRY_NUMBER='1' AIRFLOW_CTX_DAG_RUN_ID='scheduled__2023-11-01T00:00:00+00:00'
[2023-11-20T08:43:28.880+0000] {python.py:194} INFO - Done. Returned value was: None
[2023-11-20T08:43:28.885+0000] {taskinstance.py:1400} INFO - Marking task as SUCCESS. dag_id=austin_animal_shelter_dag, task_id=transform_data, execution_date=20231101T000000, start_date=20231120T084327, end_date=20231120T084328
[2023-11-20T08:43:28.930+0000] {local_task_job_runner.py:228} INFO - Task exited with return code 0
[2023-11-20T08:43:28.943+0000] {taskinstance.py:2778} INFO - 1 downstream tasks scheduled from follow-on schedule check
[2023-11-20T08:46:42.094+0000] {taskinstance.py:1159} INFO - Dependencies all met for dep_context=non-requeueable deps ti=<TaskInstance: austin_animal_shelter_dag.transform_data scheduled__2023-11-01T00:00:00+00:00 [queued]>
[2023-11-20T08:46:42.113+0000] {taskinstance.py:1159} INFO - Dependencies all met for dep_context=requeueable deps ti=<TaskInstance: austin_animal_shelter_dag.transform_data scheduled__2023-11-01T00:00:00+00:00 [queued]>
[2023-11-20T08:46:42.114+0000] {taskinstance.py:1361} INFO - Starting attempt 1 of 2
[2023-11-20T08:46:42.180+0000] {taskinstance.py:1382} INFO - Executing <Task(PythonOperator): transform_data> on 2023-11-01 00:00:00+00:00
[2023-11-20T08:46:42.191+0000] {standard_task_runner.py:57} INFO - Started process 144 to run task
[2023-11-20T08:46:42.205+0000] {standard_task_runner.py:84} INFO - Running: ['***', 'tasks', 'run', 'austin_animal_shelter_dag', 'transform_data', 'scheduled__2023-11-01T00:00:00+00:00', '--job-id', '27', '--raw', '--subdir', 'DAGS_FOLDER/DAG.py', '--cfg-path', '/tmp/tmpn6ju5q28']
[2023-11-20T08:46:42.215+0000] {standard_task_runner.py:85} INFO - Job 27: Subtask transform_data
[2023-11-20T08:46:42.326+0000] {task_command.py:416} INFO - Running <TaskInstance: austin_animal_shelter_dag.transform_data scheduled__2023-11-01T00:00:00+00:00 [running]> on host d26cbef9e8ab
[2023-11-20T08:46:42.413+0000] {taskinstance.py:1662} INFO - Exporting env vars: AIRFLOW_CTX_DAG_OWNER='***' AIRFLOW_CTX_DAG_ID='austin_animal_shelter_dag' AIRFLOW_CTX_TASK_ID='transform_data' AIRFLOW_CTX_EXECUTION_DATE='2023-11-01T00:00:00+00:00' AIRFLOW_CTX_TRY_NUMBER='1' AIRFLOW_CTX_DAG_RUN_ID='scheduled__2023-11-01T00:00:00+00:00'
[2023-11-20T08:46:43.550+0000] {python.py:194} INFO - Done. Returned value was: None
[2023-11-20T08:46:43.556+0000] {taskinstance.py:1400} INFO - Marking task as SUCCESS. dag_id=austin_animal_shelter_dag, task_id=transform_data, execution_date=20231101T000000, start_date=20231120T084642, end_date=20231120T084643
[2023-11-20T08:46:43.591+0000] {local_task_job_runner.py:228} INFO - Task exited with return code 0
[2023-11-20T08:46:43.618+0000] {taskinstance.py:2778} INFO - 0 downstream tasks scheduled from follow-on schedule check
[2023-11-20T08:50:21.416+0000] {taskinstance.py:1159} INFO - Dependencies all met for dep_context=non-requeueable deps ti=<TaskInstance: austin_animal_shelter_dag.transform_data scheduled__2023-11-01T00:00:00+00:00 [queued]>
[2023-11-20T08:50:21.428+0000] {taskinstance.py:1159} INFO - Dependencies all met for dep_context=requeueable deps ti=<TaskInstance: austin_animal_shelter_dag.transform_data scheduled__2023-11-01T00:00:00+00:00 [queued]>
[2023-11-20T08:50:21.429+0000] {taskinstance.py:1361} INFO - Starting attempt 1 of 2
[2023-11-20T08:50:21.452+0000] {taskinstance.py:1382} INFO - Executing <Task(PythonOperator): transform_data> on 2023-11-01 00:00:00+00:00
[2023-11-20T08:50:21.463+0000] {standard_task_runner.py:57} INFO - Started process 134 to run task
[2023-11-20T08:50:21.468+0000] {standard_task_runner.py:84} INFO - Running: ['***', 'tasks', 'run', 'austin_animal_shelter_dag', 'transform_data', 'scheduled__2023-11-01T00:00:00+00:00', '--job-id', '23', '--raw', '--subdir', 'DAGS_FOLDER/DAG.py', '--cfg-path', '/tmp/tmpm1vhpfht']
[2023-11-20T08:50:21.474+0000] {standard_task_runner.py:85} INFO - Job 23: Subtask transform_data
[2023-11-20T08:50:21.545+0000] {task_command.py:416} INFO - Running <TaskInstance: austin_animal_shelter_dag.transform_data scheduled__2023-11-01T00:00:00+00:00 [running]> on host 3ef39241d6e6
[2023-11-20T08:50:21.628+0000] {taskinstance.py:1662} INFO - Exporting env vars: AIRFLOW_CTX_DAG_OWNER='***' AIRFLOW_CTX_DAG_ID='austin_animal_shelter_dag' AIRFLOW_CTX_TASK_ID='transform_data' AIRFLOW_CTX_EXECUTION_DATE='2023-11-01T00:00:00+00:00' AIRFLOW_CTX_TRY_NUMBER='1' AIRFLOW_CTX_DAG_RUN_ID='scheduled__2023-11-01T00:00:00+00:00'
[2023-11-20T08:50:22.797+0000] {python.py:194} INFO - Done. Returned value was: None
[2023-11-20T08:50:22.806+0000] {taskinstance.py:1400} INFO - Marking task as SUCCESS. dag_id=austin_animal_shelter_dag, task_id=transform_data, execution_date=20231101T000000, start_date=20231120T085021, end_date=20231120T085022
[2023-11-20T08:50:22.821+0000] {local_task_job_runner.py:228} INFO - Task exited with return code 0
[2023-11-20T08:50:22.835+0000] {taskinstance.py:2778} INFO - 1 downstream tasks scheduled from follow-on schedule check
[2023-11-20T22:32:34.453+0000] {taskinstance.py:1159} INFO - Dependencies all met for dep_context=non-requeueable deps ti=<TaskInstance: austin_animal_shelter_dag.transform_data scheduled__2023-11-01T00:00:00+00:00 [queued]>
[2023-11-20T22:32:34.462+0000] {taskinstance.py:1159} INFO - Dependencies all met for dep_context=requeueable deps ti=<TaskInstance: austin_animal_shelter_dag.transform_data scheduled__2023-11-01T00:00:00+00:00 [queued]>
[2023-11-20T22:32:34.463+0000] {taskinstance.py:1361} INFO - Starting attempt 1 of 2
[2023-11-20T22:32:34.492+0000] {taskinstance.py:1382} INFO - Executing <Task(PythonOperator): transform_data> on 2023-11-01 00:00:00+00:00
[2023-11-20T22:32:34.507+0000] {standard_task_runner.py:57} INFO - Started process 151 to run task
[2023-11-20T22:32:34.520+0000] {standard_task_runner.py:84} INFO - Running: ['***', 'tasks', 'run', 'austin_animal_shelter_dag', 'transform_data', 'scheduled__2023-11-01T00:00:00+00:00', '--job-id', '96', '--raw', '--subdir', 'DAGS_FOLDER/DAG.py', '--cfg-path', '/tmp/tmps342esuf']
[2023-11-20T22:32:34.538+0000] {standard_task_runner.py:85} INFO - Job 96: Subtask transform_data
[2023-11-20T22:32:34.720+0000] {task_command.py:416} INFO - Running <TaskInstance: austin_animal_shelter_dag.transform_data scheduled__2023-11-01T00:00:00+00:00 [running]> on host ad6c889005f6
[2023-11-20T22:32:34.963+0000] {taskinstance.py:1662} INFO - Exporting env vars: AIRFLOW_CTX_DAG_OWNER='***' AIRFLOW_CTX_DAG_ID='austin_animal_shelter_dag' AIRFLOW_CTX_TASK_ID='transform_data' AIRFLOW_CTX_EXECUTION_DATE='2023-11-01T00:00:00+00:00' AIRFLOW_CTX_TRY_NUMBER='1' AIRFLOW_CTX_DAG_RUN_ID='scheduled__2023-11-01T00:00:00+00:00'
[2023-11-20T22:32:36.223+0000] {python.py:194} INFO - Done. Returned value was: None
[2023-11-20T22:32:36.324+0000] {taskinstance.py:1400} INFO - Marking task as SUCCESS. dag_id=austin_animal_shelter_dag, task_id=transform_data, execution_date=20231101T000000, start_date=20231120T223234, end_date=20231120T223236
[2023-11-20T22:32:36.435+0000] {local_task_job_runner.py:228} INFO - Task exited with return code 0
[2023-11-20T22:32:36.875+0000] {taskinstance.py:2778} INFO - 0 downstream tasks scheduled from follow-on schedule check
[2023-11-20T22:47:44.722+0000] {taskinstance.py:1159} INFO - Dependencies all met for dep_context=non-requeueable deps ti=<TaskInstance: austin_animal_shelter_dag.transform_data scheduled__2023-11-01T00:00:00+00:00 [queued]>
[2023-11-20T22:47:44.739+0000] {taskinstance.py:1159} INFO - Dependencies all met for dep_context=requeueable deps ti=<TaskInstance: austin_animal_shelter_dag.transform_data scheduled__2023-11-01T00:00:00+00:00 [queued]>
[2023-11-20T22:47:44.740+0000] {taskinstance.py:1361} INFO - Starting attempt 1 of 2
[2023-11-20T22:47:44.773+0000] {taskinstance.py:1382} INFO - Executing <Task(PythonOperator): transform_data> on 2023-11-01 00:00:00+00:00
[2023-11-20T22:47:44.795+0000] {standard_task_runner.py:57} INFO - Started process 142 to run task
[2023-11-20T22:47:44.832+0000] {standard_task_runner.py:84} INFO - Running: ['***', 'tasks', 'run', 'austin_animal_shelter_dag', 'transform_data', 'scheduled__2023-11-01T00:00:00+00:00', '--job-id', '26', '--raw', '--subdir', 'DAGS_FOLDER/DAG.py', '--cfg-path', '/tmp/tmpa89fpfmu']
[2023-11-20T22:47:44.857+0000] {standard_task_runner.py:85} INFO - Job 26: Subtask transform_data
[2023-11-20T22:47:44.958+0000] {task_command.py:416} INFO - Running <TaskInstance: austin_animal_shelter_dag.transform_data scheduled__2023-11-01T00:00:00+00:00 [running]> on host fda681cc78c9
[2023-11-20T22:47:45.100+0000] {taskinstance.py:1662} INFO - Exporting env vars: AIRFLOW_CTX_DAG_OWNER='***' AIRFLOW_CTX_DAG_ID='austin_animal_shelter_dag' AIRFLOW_CTX_TASK_ID='transform_data' AIRFLOW_CTX_EXECUTION_DATE='2023-11-01T00:00:00+00:00' AIRFLOW_CTX_TRY_NUMBER='1' AIRFLOW_CTX_DAG_RUN_ID='scheduled__2023-11-01T00:00:00+00:00'
[2023-11-20T22:47:49.920+0000] {python.py:194} INFO - Done. Returned value was: None
[2023-11-20T22:47:50.005+0000] {taskinstance.py:1400} INFO - Marking task as SUCCESS. dag_id=austin_animal_shelter_dag, task_id=transform_data, execution_date=20231101T000000, start_date=20231120T224744, end_date=20231120T224750
[2023-11-20T22:47:50.097+0000] {local_task_job_runner.py:228} INFO - Task exited with return code 0
[2023-11-20T22:47:50.172+0000] {taskinstance.py:2778} INFO - 1 downstream tasks scheduled from follow-on schedule check
