[2023-11-20T08:43:30.000+0000] {taskinstance.py:1159} INFO - Dependencies all met for dep_context=non-requeueable deps ti=<TaskInstance: austin_animal_shelter_dag.transform_data scheduled__2023-11-15T00:00:00+00:00 [queued]>
[2023-11-20T08:43:30.031+0000] {taskinstance.py:1159} INFO - Dependencies all met for dep_context=requeueable deps ti=<TaskInstance: austin_animal_shelter_dag.transform_data scheduled__2023-11-15T00:00:00+00:00 [queued]>
[2023-11-20T08:43:30.034+0000] {taskinstance.py:1361} INFO - Starting attempt 1 of 2
[2023-11-20T08:43:30.117+0000] {taskinstance.py:1382} INFO - Executing <Task(PythonOperator): transform_data> on 2023-11-15 00:00:00+00:00
[2023-11-20T08:43:30.126+0000] {standard_task_runner.py:57} INFO - Started process 182 to run task
[2023-11-20T08:43:30.142+0000] {standard_task_runner.py:84} INFO - Running: ['***', 'tasks', 'run', 'austin_animal_shelter_dag', 'transform_data', 'scheduled__2023-11-15T00:00:00+00:00', '--job-id', '36', '--raw', '--subdir', 'DAGS_FOLDER/DAG.py', '--cfg-path', '/tmp/tmpnjc5213z']
[2023-11-20T08:43:30.155+0000] {standard_task_runner.py:85} INFO - Job 36: Subtask transform_data
[2023-11-20T08:43:30.222+0000] {task_command.py:416} INFO - Running <TaskInstance: austin_animal_shelter_dag.transform_data scheduled__2023-11-15T00:00:00+00:00 [running]> on host c84b35a13244
[2023-11-20T08:43:30.310+0000] {taskinstance.py:1662} INFO - Exporting env vars: AIRFLOW_CTX_DAG_OWNER='***' AIRFLOW_CTX_DAG_ID='austin_animal_shelter_dag' AIRFLOW_CTX_TASK_ID='transform_data' AIRFLOW_CTX_EXECUTION_DATE='2023-11-15T00:00:00+00:00' AIRFLOW_CTX_TRY_NUMBER='1' AIRFLOW_CTX_DAG_RUN_ID='scheduled__2023-11-15T00:00:00+00:00'
[2023-11-20T08:43:31.286+0000] {python.py:194} INFO - Done. Returned value was: None
[2023-11-20T08:43:31.290+0000] {taskinstance.py:1400} INFO - Marking task as SUCCESS. dag_id=austin_animal_shelter_dag, task_id=transform_data, execution_date=20231115T000000, start_date=20231120T084330, end_date=20231120T084331
[2023-11-20T08:43:31.324+0000] {local_task_job_runner.py:228} INFO - Task exited with return code 0
[2023-11-20T08:43:31.343+0000] {taskinstance.py:2778} INFO - 1 downstream tasks scheduled from follow-on schedule check
[2023-11-20T08:46:41.883+0000] {taskinstance.py:1159} INFO - Dependencies all met for dep_context=non-requeueable deps ti=<TaskInstance: austin_animal_shelter_dag.transform_data scheduled__2023-11-15T00:00:00+00:00 [queued]>
[2023-11-20T08:46:41.923+0000] {taskinstance.py:1159} INFO - Dependencies all met for dep_context=requeueable deps ti=<TaskInstance: austin_animal_shelter_dag.transform_data scheduled__2023-11-15T00:00:00+00:00 [queued]>
[2023-11-20T08:46:41.927+0000] {taskinstance.py:1361} INFO - Starting attempt 1 of 2
[2023-11-20T08:46:41.970+0000] {taskinstance.py:1382} INFO - Executing <Task(PythonOperator): transform_data> on 2023-11-15 00:00:00+00:00
[2023-11-20T08:46:41.975+0000] {standard_task_runner.py:57} INFO - Started process 137 to run task
[2023-11-20T08:46:41.993+0000] {standard_task_runner.py:84} INFO - Running: ['***', 'tasks', 'run', 'austin_animal_shelter_dag', 'transform_data', 'scheduled__2023-11-15T00:00:00+00:00', '--job-id', '20', '--raw', '--subdir', 'DAGS_FOLDER/DAG.py', '--cfg-path', '/tmp/tmpcgmdvt63']
[2023-11-20T08:46:42.000+0000] {standard_task_runner.py:85} INFO - Job 20: Subtask transform_data
[2023-11-20T08:46:42.110+0000] {task_command.py:416} INFO - Running <TaskInstance: austin_animal_shelter_dag.transform_data scheduled__2023-11-15T00:00:00+00:00 [running]> on host d26cbef9e8ab
[2023-11-20T08:46:42.194+0000] {taskinstance.py:1662} INFO - Exporting env vars: AIRFLOW_CTX_DAG_OWNER='***' AIRFLOW_CTX_DAG_ID='austin_animal_shelter_dag' AIRFLOW_CTX_TASK_ID='transform_data' AIRFLOW_CTX_EXECUTION_DATE='2023-11-15T00:00:00+00:00' AIRFLOW_CTX_TRY_NUMBER='1' AIRFLOW_CTX_DAG_RUN_ID='scheduled__2023-11-15T00:00:00+00:00'
[2023-11-20T08:46:43.310+0000] {python.py:194} INFO - Done. Returned value was: None
[2023-11-20T08:46:43.324+0000] {taskinstance.py:1400} INFO - Marking task as SUCCESS. dag_id=austin_animal_shelter_dag, task_id=transform_data, execution_date=20231115T000000, start_date=20231120T084641, end_date=20231120T084643
[2023-11-20T08:46:43.375+0000] {local_task_job_runner.py:228} INFO - Task exited with return code 0
[2023-11-20T08:46:43.390+0000] {taskinstance.py:2778} INFO - 1 downstream tasks scheduled from follow-on schedule check
[2023-11-20T08:50:23.813+0000] {taskinstance.py:1159} INFO - Dependencies all met for dep_context=non-requeueable deps ti=<TaskInstance: austin_animal_shelter_dag.transform_data scheduled__2023-11-15T00:00:00+00:00 [queued]>
[2023-11-20T08:50:23.827+0000] {taskinstance.py:1159} INFO - Dependencies all met for dep_context=requeueable deps ti=<TaskInstance: austin_animal_shelter_dag.transform_data scheduled__2023-11-15T00:00:00+00:00 [queued]>
[2023-11-20T08:50:23.828+0000] {taskinstance.py:1361} INFO - Starting attempt 1 of 2
[2023-11-20T08:50:23.846+0000] {taskinstance.py:1382} INFO - Executing <Task(PythonOperator): transform_data> on 2023-11-15 00:00:00+00:00
[2023-11-20T08:50:23.857+0000] {standard_task_runner.py:57} INFO - Started process 178 to run task
[2023-11-20T08:50:23.863+0000] {standard_task_runner.py:84} INFO - Running: ['***', 'tasks', 'run', 'austin_animal_shelter_dag', 'transform_data', 'scheduled__2023-11-15T00:00:00+00:00', '--job-id', '39', '--raw', '--subdir', 'DAGS_FOLDER/DAG.py', '--cfg-path', '/tmp/tmpu9q7fygj']
[2023-11-20T08:50:23.877+0000] {standard_task_runner.py:85} INFO - Job 39: Subtask transform_data
[2023-11-20T08:50:23.956+0000] {task_command.py:416} INFO - Running <TaskInstance: austin_animal_shelter_dag.transform_data scheduled__2023-11-15T00:00:00+00:00 [running]> on host 3ef39241d6e6
[2023-11-20T08:50:24.058+0000] {taskinstance.py:1662} INFO - Exporting env vars: AIRFLOW_CTX_DAG_OWNER='***' AIRFLOW_CTX_DAG_ID='austin_animal_shelter_dag' AIRFLOW_CTX_TASK_ID='transform_data' AIRFLOW_CTX_EXECUTION_DATE='2023-11-15T00:00:00+00:00' AIRFLOW_CTX_TRY_NUMBER='1' AIRFLOW_CTX_DAG_RUN_ID='scheduled__2023-11-15T00:00:00+00:00'
[2023-11-20T08:50:25.345+0000] {python.py:194} INFO - Done. Returned value was: None
[2023-11-20T08:50:25.353+0000] {taskinstance.py:1400} INFO - Marking task as SUCCESS. dag_id=austin_animal_shelter_dag, task_id=transform_data, execution_date=20231115T000000, start_date=20231120T085023, end_date=20231120T085025
[2023-11-20T08:50:25.388+0000] {local_task_job_runner.py:228} INFO - Task exited with return code 0
[2023-11-20T08:50:25.439+0000] {taskinstance.py:2778} INFO - 0 downstream tasks scheduled from follow-on schedule check
[2023-11-20T22:32:32.418+0000] {taskinstance.py:1159} INFO - Dependencies all met for dep_context=non-requeueable deps ti=<TaskInstance: austin_animal_shelter_dag.transform_data scheduled__2023-11-15T00:00:00+00:00 [queued]>
[2023-11-20T22:32:32.436+0000] {taskinstance.py:1159} INFO - Dependencies all met for dep_context=requeueable deps ti=<TaskInstance: austin_animal_shelter_dag.transform_data scheduled__2023-11-15T00:00:00+00:00 [queued]>
[2023-11-20T22:32:32.438+0000] {taskinstance.py:1361} INFO - Starting attempt 1 of 2
[2023-11-20T22:32:32.457+0000] {taskinstance.py:1382} INFO - Executing <Task(PythonOperator): transform_data> on 2023-11-15 00:00:00+00:00
[2023-11-20T22:32:32.472+0000] {standard_task_runner.py:57} INFO - Started process 130 to run task
[2023-11-20T22:32:32.481+0000] {standard_task_runner.py:84} INFO - Running: ['***', 'tasks', 'run', 'austin_animal_shelter_dag', 'transform_data', 'scheduled__2023-11-15T00:00:00+00:00', '--job-id', '92', '--raw', '--subdir', 'DAGS_FOLDER/DAG.py', '--cfg-path', '/tmp/tmp5fhsk839']
[2023-11-20T22:32:32.494+0000] {standard_task_runner.py:85} INFO - Job 92: Subtask transform_data
[2023-11-20T22:32:32.659+0000] {task_command.py:416} INFO - Running <TaskInstance: austin_animal_shelter_dag.transform_data scheduled__2023-11-15T00:00:00+00:00 [running]> on host ad6c889005f6
[2023-11-20T22:32:32.849+0000] {taskinstance.py:1662} INFO - Exporting env vars: AIRFLOW_CTX_DAG_OWNER='***' AIRFLOW_CTX_DAG_ID='austin_animal_shelter_dag' AIRFLOW_CTX_TASK_ID='transform_data' AIRFLOW_CTX_EXECUTION_DATE='2023-11-15T00:00:00+00:00' AIRFLOW_CTX_TRY_NUMBER='1' AIRFLOW_CTX_DAG_RUN_ID='scheduled__2023-11-15T00:00:00+00:00'
[2023-11-20T22:32:34.017+0000] {python.py:194} INFO - Done. Returned value was: None
[2023-11-20T22:32:34.153+0000] {taskinstance.py:1400} INFO - Marking task as SUCCESS. dag_id=austin_animal_shelter_dag, task_id=transform_data, execution_date=20231115T000000, start_date=20231120T223232, end_date=20231120T223234
[2023-11-20T22:32:34.246+0000] {local_task_job_runner.py:228} INFO - Task exited with return code 0
[2023-11-20T22:32:34.335+0000] {taskinstance.py:2778} INFO - 1 downstream tasks scheduled from follow-on schedule check
[2023-11-20T22:47:42.621+0000] {taskinstance.py:1159} INFO - Dependencies all met for dep_context=non-requeueable deps ti=<TaskInstance: austin_animal_shelter_dag.transform_data scheduled__2023-11-15T00:00:00+00:00 [queued]>
[2023-11-20T22:47:42.633+0000] {taskinstance.py:1159} INFO - Dependencies all met for dep_context=requeueable deps ti=<TaskInstance: austin_animal_shelter_dag.transform_data scheduled__2023-11-15T00:00:00+00:00 [queued]>
[2023-11-20T22:47:42.634+0000] {taskinstance.py:1361} INFO - Starting attempt 1 of 2
[2023-11-20T22:47:42.646+0000] {taskinstance.py:1382} INFO - Executing <Task(PythonOperator): transform_data> on 2023-11-15 00:00:00+00:00
[2023-11-20T22:47:42.654+0000] {standard_task_runner.py:57} INFO - Started process 126 to run task
[2023-11-20T22:47:42.658+0000] {standard_task_runner.py:84} INFO - Running: ['***', 'tasks', 'run', 'austin_animal_shelter_dag', 'transform_data', 'scheduled__2023-11-15T00:00:00+00:00', '--job-id', '24', '--raw', '--subdir', 'DAGS_FOLDER/DAG.py', '--cfg-path', '/tmp/tmp26uly1ey']
[2023-11-20T22:47:42.664+0000] {standard_task_runner.py:85} INFO - Job 24: Subtask transform_data
[2023-11-20T22:47:42.730+0000] {task_command.py:416} INFO - Running <TaskInstance: austin_animal_shelter_dag.transform_data scheduled__2023-11-15T00:00:00+00:00 [running]> on host fda681cc78c9
[2023-11-20T22:47:42.829+0000] {taskinstance.py:1662} INFO - Exporting env vars: AIRFLOW_CTX_DAG_OWNER='***' AIRFLOW_CTX_DAG_ID='austin_animal_shelter_dag' AIRFLOW_CTX_TASK_ID='transform_data' AIRFLOW_CTX_EXECUTION_DATE='2023-11-15T00:00:00+00:00' AIRFLOW_CTX_TRY_NUMBER='1' AIRFLOW_CTX_DAG_RUN_ID='scheduled__2023-11-15T00:00:00+00:00'
[2023-11-20T22:47:46.696+0000] {python.py:194} INFO - Done. Returned value was: None
[2023-11-20T22:47:46.773+0000] {taskinstance.py:1400} INFO - Marking task as SUCCESS. dag_id=austin_animal_shelter_dag, task_id=transform_data, execution_date=20231115T000000, start_date=20231120T224742, end_date=20231120T224746
[2023-11-20T22:47:46.868+0000] {local_task_job_runner.py:228} INFO - Task exited with return code 0
[2023-11-20T22:47:46.945+0000] {taskinstance.py:2778} INFO - 1 downstream tasks scheduled from follow-on schedule check
