[2023-11-21T00:00:17.166+0000] {processor.py:157} INFO - Started process (PID=1645) to work on /opt/airflow/dags/Scripts/etl.py
[2023-11-21T00:00:17.168+0000] {processor.py:829} INFO - Processing file /opt/airflow/dags/Scripts/etl.py for tasks to queue
[2023-11-21T00:00:17.169+0000] {logging_mixin.py:154} INFO - [2023-11-21T00:00:17.169+0000] {dagbag.py:536} INFO - Filling up the DagBag from /opt/airflow/dags/Scripts/etl.py
[2023-11-21T00:00:17.697+0000] {processor.py:841} WARNING - No viable dags retrieved from /opt/airflow/dags/Scripts/etl.py
[2023-11-21T00:00:17.709+0000] {processor.py:179} INFO - Processing /opt/airflow/dags/Scripts/etl.py took 0.552 seconds
[2023-11-21T00:00:48.231+0000] {processor.py:157} INFO - Started process (PID=1656) to work on /opt/airflow/dags/Scripts/etl.py
[2023-11-21T00:00:48.233+0000] {processor.py:829} INFO - Processing file /opt/airflow/dags/Scripts/etl.py for tasks to queue
[2023-11-21T00:00:48.235+0000] {logging_mixin.py:154} INFO - [2023-11-21T00:00:48.234+0000] {dagbag.py:536} INFO - Filling up the DagBag from /opt/airflow/dags/Scripts/etl.py
[2023-11-21T00:00:48.793+0000] {processor.py:841} WARNING - No viable dags retrieved from /opt/airflow/dags/Scripts/etl.py
[2023-11-21T00:00:48.812+0000] {processor.py:179} INFO - Processing /opt/airflow/dags/Scripts/etl.py took 0.587 seconds
[2023-11-21T00:01:19.310+0000] {processor.py:157} INFO - Started process (PID=1667) to work on /opt/airflow/dags/Scripts/etl.py
[2023-11-21T00:01:19.311+0000] {processor.py:829} INFO - Processing file /opt/airflow/dags/Scripts/etl.py for tasks to queue
[2023-11-21T00:01:19.313+0000] {logging_mixin.py:154} INFO - [2023-11-21T00:01:19.312+0000] {dagbag.py:536} INFO - Filling up the DagBag from /opt/airflow/dags/Scripts/etl.py
[2023-11-21T00:01:19.806+0000] {processor.py:841} WARNING - No viable dags retrieved from /opt/airflow/dags/Scripts/etl.py
[2023-11-21T00:01:19.820+0000] {processor.py:179} INFO - Processing /opt/airflow/dags/Scripts/etl.py took 0.516 seconds
[2023-11-21T00:01:50.368+0000] {processor.py:157} INFO - Started process (PID=1678) to work on /opt/airflow/dags/Scripts/etl.py
[2023-11-21T00:01:50.370+0000] {processor.py:829} INFO - Processing file /opt/airflow/dags/Scripts/etl.py for tasks to queue
[2023-11-21T00:01:50.371+0000] {logging_mixin.py:154} INFO - [2023-11-21T00:01:50.371+0000] {dagbag.py:536} INFO - Filling up the DagBag from /opt/airflow/dags/Scripts/etl.py
[2023-11-21T00:01:50.854+0000] {processor.py:841} WARNING - No viable dags retrieved from /opt/airflow/dags/Scripts/etl.py
[2023-11-21T00:01:50.868+0000] {processor.py:179} INFO - Processing /opt/airflow/dags/Scripts/etl.py took 0.505 seconds
[2023-11-21T00:02:21.469+0000] {processor.py:157} INFO - Started process (PID=1689) to work on /opt/airflow/dags/Scripts/etl.py
[2023-11-21T00:02:21.471+0000] {processor.py:829} INFO - Processing file /opt/airflow/dags/Scripts/etl.py for tasks to queue
[2023-11-21T00:02:21.473+0000] {logging_mixin.py:154} INFO - [2023-11-21T00:02:21.472+0000] {dagbag.py:536} INFO - Filling up the DagBag from /opt/airflow/dags/Scripts/etl.py
[2023-11-21T00:02:22.004+0000] {processor.py:841} WARNING - No viable dags retrieved from /opt/airflow/dags/Scripts/etl.py
[2023-11-21T00:02:22.019+0000] {processor.py:179} INFO - Processing /opt/airflow/dags/Scripts/etl.py took 0.557 seconds
[2023-11-21T00:02:52.466+0000] {processor.py:157} INFO - Started process (PID=1700) to work on /opt/airflow/dags/Scripts/etl.py
[2023-11-21T00:02:52.468+0000] {processor.py:829} INFO - Processing file /opt/airflow/dags/Scripts/etl.py for tasks to queue
[2023-11-21T00:02:52.473+0000] {logging_mixin.py:154} INFO - [2023-11-21T00:02:52.471+0000] {dagbag.py:536} INFO - Filling up the DagBag from /opt/airflow/dags/Scripts/etl.py
[2023-11-21T00:02:53.005+0000] {processor.py:841} WARNING - No viable dags retrieved from /opt/airflow/dags/Scripts/etl.py
[2023-11-21T00:02:53.019+0000] {processor.py:179} INFO - Processing /opt/airflow/dags/Scripts/etl.py took 0.573 seconds
[2023-11-21T00:03:23.551+0000] {processor.py:157} INFO - Started process (PID=1711) to work on /opt/airflow/dags/Scripts/etl.py
[2023-11-21T00:03:23.553+0000] {processor.py:829} INFO - Processing file /opt/airflow/dags/Scripts/etl.py for tasks to queue
[2023-11-21T00:03:23.554+0000] {logging_mixin.py:154} INFO - [2023-11-21T00:03:23.554+0000] {dagbag.py:536} INFO - Filling up the DagBag from /opt/airflow/dags/Scripts/etl.py
[2023-11-21T00:03:24.060+0000] {processor.py:841} WARNING - No viable dags retrieved from /opt/airflow/dags/Scripts/etl.py
[2023-11-21T00:03:24.076+0000] {processor.py:179} INFO - Processing /opt/airflow/dags/Scripts/etl.py took 0.531 seconds
[2023-11-21T00:03:54.582+0000] {processor.py:157} INFO - Started process (PID=1723) to work on /opt/airflow/dags/Scripts/etl.py
[2023-11-21T00:03:54.584+0000] {processor.py:829} INFO - Processing file /opt/airflow/dags/Scripts/etl.py for tasks to queue
[2023-11-21T00:03:54.590+0000] {logging_mixin.py:154} INFO - [2023-11-21T00:03:54.587+0000] {dagbag.py:536} INFO - Filling up the DagBag from /opt/airflow/dags/Scripts/etl.py
[2023-11-21T00:03:55.158+0000] {processor.py:841} WARNING - No viable dags retrieved from /opt/airflow/dags/Scripts/etl.py
[2023-11-21T00:03:55.173+0000] {processor.py:179} INFO - Processing /opt/airflow/dags/Scripts/etl.py took 0.599 seconds
[2023-11-21T00:04:25.692+0000] {processor.py:157} INFO - Started process (PID=1734) to work on /opt/airflow/dags/Scripts/etl.py
[2023-11-21T00:04:25.695+0000] {processor.py:829} INFO - Processing file /opt/airflow/dags/Scripts/etl.py for tasks to queue
[2023-11-21T00:04:25.701+0000] {logging_mixin.py:154} INFO - [2023-11-21T00:04:25.696+0000] {dagbag.py:536} INFO - Filling up the DagBag from /opt/airflow/dags/Scripts/etl.py
[2023-11-21T00:04:26.309+0000] {processor.py:841} WARNING - No viable dags retrieved from /opt/airflow/dags/Scripts/etl.py
[2023-11-21T00:04:26.326+0000] {processor.py:179} INFO - Processing /opt/airflow/dags/Scripts/etl.py took 0.644 seconds
[2023-11-21T00:04:56.843+0000] {processor.py:157} INFO - Started process (PID=1745) to work on /opt/airflow/dags/Scripts/etl.py
[2023-11-21T00:04:56.845+0000] {processor.py:829} INFO - Processing file /opt/airflow/dags/Scripts/etl.py for tasks to queue
[2023-11-21T00:04:56.847+0000] {logging_mixin.py:154} INFO - [2023-11-21T00:04:56.846+0000] {dagbag.py:536} INFO - Filling up the DagBag from /opt/airflow/dags/Scripts/etl.py
[2023-11-21T00:04:57.366+0000] {processor.py:841} WARNING - No viable dags retrieved from /opt/airflow/dags/Scripts/etl.py
[2023-11-21T00:04:57.381+0000] {processor.py:179} INFO - Processing /opt/airflow/dags/Scripts/etl.py took 0.548 seconds
[2023-11-21T00:05:27.962+0000] {processor.py:157} INFO - Started process (PID=1756) to work on /opt/airflow/dags/Scripts/etl.py
[2023-11-21T00:05:27.965+0000] {processor.py:829} INFO - Processing file /opt/airflow/dags/Scripts/etl.py for tasks to queue
[2023-11-21T00:05:27.967+0000] {logging_mixin.py:154} INFO - [2023-11-21T00:05:27.966+0000] {dagbag.py:536} INFO - Filling up the DagBag from /opt/airflow/dags/Scripts/etl.py
[2023-11-21T00:05:28.506+0000] {processor.py:841} WARNING - No viable dags retrieved from /opt/airflow/dags/Scripts/etl.py
[2023-11-21T00:05:28.520+0000] {processor.py:179} INFO - Processing /opt/airflow/dags/Scripts/etl.py took 0.569 seconds
[2023-11-21T00:05:59.083+0000] {processor.py:157} INFO - Started process (PID=1768) to work on /opt/airflow/dags/Scripts/etl.py
[2023-11-21T00:05:59.085+0000] {processor.py:829} INFO - Processing file /opt/airflow/dags/Scripts/etl.py for tasks to queue
[2023-11-21T00:05:59.087+0000] {logging_mixin.py:154} INFO - [2023-11-21T00:05:59.086+0000] {dagbag.py:536} INFO - Filling up the DagBag from /opt/airflow/dags/Scripts/etl.py
[2023-11-21T00:05:59.455+0000] {processor.py:841} WARNING - No viable dags retrieved from /opt/airflow/dags/Scripts/etl.py
[2023-11-21T00:05:59.464+0000] {processor.py:179} INFO - Processing /opt/airflow/dags/Scripts/etl.py took 0.389 seconds
[2023-11-21T00:06:29.940+0000] {processor.py:157} INFO - Started process (PID=1779) to work on /opt/airflow/dags/Scripts/etl.py
[2023-11-21T00:06:29.942+0000] {processor.py:829} INFO - Processing file /opt/airflow/dags/Scripts/etl.py for tasks to queue
[2023-11-21T00:06:29.944+0000] {logging_mixin.py:154} INFO - [2023-11-21T00:06:29.943+0000] {dagbag.py:536} INFO - Filling up the DagBag from /opt/airflow/dags/Scripts/etl.py
[2023-11-21T00:06:30.467+0000] {processor.py:841} WARNING - No viable dags retrieved from /opt/airflow/dags/Scripts/etl.py
[2023-11-21T00:06:30.479+0000] {processor.py:179} INFO - Processing /opt/airflow/dags/Scripts/etl.py took 0.548 seconds
[2023-11-21T00:07:01.038+0000] {processor.py:157} INFO - Started process (PID=1790) to work on /opt/airflow/dags/Scripts/etl.py
[2023-11-21T00:07:01.041+0000] {processor.py:829} INFO - Processing file /opt/airflow/dags/Scripts/etl.py for tasks to queue
[2023-11-21T00:07:01.043+0000] {logging_mixin.py:154} INFO - [2023-11-21T00:07:01.042+0000] {dagbag.py:536} INFO - Filling up the DagBag from /opt/airflow/dags/Scripts/etl.py
[2023-11-21T00:07:01.595+0000] {processor.py:841} WARNING - No viable dags retrieved from /opt/airflow/dags/Scripts/etl.py
[2023-11-21T00:07:01.608+0000] {processor.py:179} INFO - Processing /opt/airflow/dags/Scripts/etl.py took 0.587 seconds
[2023-11-21T00:07:32.180+0000] {processor.py:157} INFO - Started process (PID=1801) to work on /opt/airflow/dags/Scripts/etl.py
[2023-11-21T00:07:32.182+0000] {processor.py:829} INFO - Processing file /opt/airflow/dags/Scripts/etl.py for tasks to queue
[2023-11-21T00:07:32.184+0000] {logging_mixin.py:154} INFO - [2023-11-21T00:07:32.183+0000] {dagbag.py:536} INFO - Filling up the DagBag from /opt/airflow/dags/Scripts/etl.py
[2023-11-21T00:07:32.732+0000] {processor.py:841} WARNING - No viable dags retrieved from /opt/airflow/dags/Scripts/etl.py
[2023-11-21T00:07:32.745+0000] {processor.py:179} INFO - Processing /opt/airflow/dags/Scripts/etl.py took 0.573 seconds
[2023-11-21T00:08:03.302+0000] {processor.py:157} INFO - Started process (PID=1812) to work on /opt/airflow/dags/Scripts/etl.py
[2023-11-21T00:08:03.305+0000] {processor.py:829} INFO - Processing file /opt/airflow/dags/Scripts/etl.py for tasks to queue
[2023-11-21T00:08:03.307+0000] {logging_mixin.py:154} INFO - [2023-11-21T00:08:03.306+0000] {dagbag.py:536} INFO - Filling up the DagBag from /opt/airflow/dags/Scripts/etl.py
[2023-11-21T00:08:03.874+0000] {processor.py:841} WARNING - No viable dags retrieved from /opt/airflow/dags/Scripts/etl.py
[2023-11-21T00:08:03.891+0000] {processor.py:179} INFO - Processing /opt/airflow/dags/Scripts/etl.py took 0.598 seconds
[2023-11-21T00:08:34.421+0000] {processor.py:157} INFO - Started process (PID=1823) to work on /opt/airflow/dags/Scripts/etl.py
[2023-11-21T00:08:34.423+0000] {processor.py:829} INFO - Processing file /opt/airflow/dags/Scripts/etl.py for tasks to queue
[2023-11-21T00:08:34.425+0000] {logging_mixin.py:154} INFO - [2023-11-21T00:08:34.424+0000] {dagbag.py:536} INFO - Filling up the DagBag from /opt/airflow/dags/Scripts/etl.py
[2023-11-21T00:08:34.914+0000] {processor.py:841} WARNING - No viable dags retrieved from /opt/airflow/dags/Scripts/etl.py
[2023-11-21T00:08:34.926+0000] {processor.py:179} INFO - Processing /opt/airflow/dags/Scripts/etl.py took 0.513 seconds
[2023-11-21T00:09:05.407+0000] {processor.py:157} INFO - Started process (PID=1834) to work on /opt/airflow/dags/Scripts/etl.py
[2023-11-21T00:09:05.411+0000] {processor.py:829} INFO - Processing file /opt/airflow/dags/Scripts/etl.py for tasks to queue
[2023-11-21T00:09:05.413+0000] {logging_mixin.py:154} INFO - [2023-11-21T00:09:05.412+0000] {dagbag.py:536} INFO - Filling up the DagBag from /opt/airflow/dags/Scripts/etl.py
[2023-11-21T00:09:05.921+0000] {processor.py:841} WARNING - No viable dags retrieved from /opt/airflow/dags/Scripts/etl.py
[2023-11-21T00:09:05.934+0000] {processor.py:179} INFO - Processing /opt/airflow/dags/Scripts/etl.py took 0.535 seconds
[2023-11-21T00:09:36.498+0000] {processor.py:157} INFO - Started process (PID=1845) to work on /opt/airflow/dags/Scripts/etl.py
[2023-11-21T00:09:36.501+0000] {processor.py:829} INFO - Processing file /opt/airflow/dags/Scripts/etl.py for tasks to queue
[2023-11-21T00:09:36.502+0000] {logging_mixin.py:154} INFO - [2023-11-21T00:09:36.502+0000] {dagbag.py:536} INFO - Filling up the DagBag from /opt/airflow/dags/Scripts/etl.py
[2023-11-21T00:09:36.997+0000] {processor.py:841} WARNING - No viable dags retrieved from /opt/airflow/dags/Scripts/etl.py
[2023-11-21T00:09:37.009+0000] {processor.py:179} INFO - Processing /opt/airflow/dags/Scripts/etl.py took 0.520 seconds
[2023-11-21T00:10:07.587+0000] {processor.py:157} INFO - Started process (PID=1856) to work on /opt/airflow/dags/Scripts/etl.py
[2023-11-21T00:10:07.589+0000] {processor.py:829} INFO - Processing file /opt/airflow/dags/Scripts/etl.py for tasks to queue
[2023-11-21T00:10:07.590+0000] {logging_mixin.py:154} INFO - [2023-11-21T00:10:07.590+0000] {dagbag.py:536} INFO - Filling up the DagBag from /opt/airflow/dags/Scripts/etl.py
[2023-11-21T00:10:08.019+0000] {processor.py:841} WARNING - No viable dags retrieved from /opt/airflow/dags/Scripts/etl.py
[2023-11-21T00:10:08.030+0000] {processor.py:179} INFO - Processing /opt/airflow/dags/Scripts/etl.py took 0.450 seconds
[2023-11-21T00:10:38.556+0000] {processor.py:157} INFO - Started process (PID=1867) to work on /opt/airflow/dags/Scripts/etl.py
[2023-11-21T00:10:38.558+0000] {processor.py:829} INFO - Processing file /opt/airflow/dags/Scripts/etl.py for tasks to queue
[2023-11-21T00:10:38.560+0000] {logging_mixin.py:154} INFO - [2023-11-21T00:10:38.559+0000] {dagbag.py:536} INFO - Filling up the DagBag from /opt/airflow/dags/Scripts/etl.py
[2023-11-21T00:10:39.032+0000] {processor.py:841} WARNING - No viable dags retrieved from /opt/airflow/dags/Scripts/etl.py
[2023-11-21T00:10:39.043+0000] {processor.py:179} INFO - Processing /opt/airflow/dags/Scripts/etl.py took 0.497 seconds
[2023-11-21T00:11:09.456+0000] {processor.py:157} INFO - Started process (PID=1878) to work on /opt/airflow/dags/Scripts/etl.py
[2023-11-21T00:11:09.459+0000] {processor.py:829} INFO - Processing file /opt/airflow/dags/Scripts/etl.py for tasks to queue
[2023-11-21T00:11:09.460+0000] {logging_mixin.py:154} INFO - [2023-11-21T00:11:09.460+0000] {dagbag.py:536} INFO - Filling up the DagBag from /opt/airflow/dags/Scripts/etl.py
[2023-11-21T00:11:09.771+0000] {processor.py:841} WARNING - No viable dags retrieved from /opt/airflow/dags/Scripts/etl.py
[2023-11-21T00:11:09.780+0000] {processor.py:179} INFO - Processing /opt/airflow/dags/Scripts/etl.py took 0.330 seconds
[2023-11-21T00:11:40.298+0000] {processor.py:157} INFO - Started process (PID=1889) to work on /opt/airflow/dags/Scripts/etl.py
[2023-11-21T00:11:40.300+0000] {processor.py:829} INFO - Processing file /opt/airflow/dags/Scripts/etl.py for tasks to queue
[2023-11-21T00:11:40.302+0000] {logging_mixin.py:154} INFO - [2023-11-21T00:11:40.301+0000] {dagbag.py:536} INFO - Filling up the DagBag from /opt/airflow/dags/Scripts/etl.py
[2023-11-21T00:11:40.837+0000] {processor.py:841} WARNING - No viable dags retrieved from /opt/airflow/dags/Scripts/etl.py
[2023-11-21T00:11:40.849+0000] {processor.py:179} INFO - Processing /opt/airflow/dags/Scripts/etl.py took 0.560 seconds
[2023-11-21T00:12:11.273+0000] {processor.py:157} INFO - Started process (PID=1900) to work on /opt/airflow/dags/Scripts/etl.py
[2023-11-21T00:12:11.275+0000] {processor.py:829} INFO - Processing file /opt/airflow/dags/Scripts/etl.py for tasks to queue
[2023-11-21T00:12:11.277+0000] {logging_mixin.py:154} INFO - [2023-11-21T00:12:11.276+0000] {dagbag.py:536} INFO - Filling up the DagBag from /opt/airflow/dags/Scripts/etl.py
[2023-11-21T00:12:11.679+0000] {processor.py:841} WARNING - No viable dags retrieved from /opt/airflow/dags/Scripts/etl.py
[2023-11-21T00:12:11.689+0000] {processor.py:179} INFO - Processing /opt/airflow/dags/Scripts/etl.py took 0.423 seconds
[2023-11-21T00:12:42.267+0000] {processor.py:157} INFO - Started process (PID=1911) to work on /opt/airflow/dags/Scripts/etl.py
[2023-11-21T00:12:42.269+0000] {processor.py:829} INFO - Processing file /opt/airflow/dags/Scripts/etl.py for tasks to queue
[2023-11-21T00:12:42.270+0000] {logging_mixin.py:154} INFO - [2023-11-21T00:12:42.270+0000] {dagbag.py:536} INFO - Filling up the DagBag from /opt/airflow/dags/Scripts/etl.py
[2023-11-21T00:12:42.698+0000] {processor.py:841} WARNING - No viable dags retrieved from /opt/airflow/dags/Scripts/etl.py
[2023-11-21T00:12:42.711+0000] {processor.py:179} INFO - Processing /opt/airflow/dags/Scripts/etl.py took 0.449 seconds
[2023-11-21T00:13:13.219+0000] {processor.py:157} INFO - Started process (PID=1928) to work on /opt/airflow/dags/Scripts/etl.py
[2023-11-21T00:13:13.221+0000] {processor.py:829} INFO - Processing file /opt/airflow/dags/Scripts/etl.py for tasks to queue
[2023-11-21T00:13:13.223+0000] {logging_mixin.py:154} INFO - [2023-11-21T00:13:13.222+0000] {dagbag.py:536} INFO - Filling up the DagBag from /opt/airflow/dags/Scripts/etl.py
[2023-11-21T00:13:13.737+0000] {processor.py:841} WARNING - No viable dags retrieved from /opt/airflow/dags/Scripts/etl.py
[2023-11-21T00:13:13.748+0000] {processor.py:179} INFO - Processing /opt/airflow/dags/Scripts/etl.py took 0.535 seconds
[2023-11-21T00:13:44.307+0000] {processor.py:157} INFO - Started process (PID=1941) to work on /opt/airflow/dags/Scripts/etl.py
[2023-11-21T00:13:44.309+0000] {processor.py:829} INFO - Processing file /opt/airflow/dags/Scripts/etl.py for tasks to queue
[2023-11-21T00:13:44.311+0000] {logging_mixin.py:154} INFO - [2023-11-21T00:13:44.310+0000] {dagbag.py:536} INFO - Filling up the DagBag from /opt/airflow/dags/Scripts/etl.py
[2023-11-21T00:13:44.793+0000] {processor.py:841} WARNING - No viable dags retrieved from /opt/airflow/dags/Scripts/etl.py
[2023-11-21T00:13:44.807+0000] {processor.py:179} INFO - Processing /opt/airflow/dags/Scripts/etl.py took 0.506 seconds
[2023-11-21T00:14:15.313+0000] {processor.py:157} INFO - Started process (PID=1952) to work on /opt/airflow/dags/Scripts/etl.py
[2023-11-21T00:14:15.315+0000] {processor.py:829} INFO - Processing file /opt/airflow/dags/Scripts/etl.py for tasks to queue
[2023-11-21T00:14:15.317+0000] {logging_mixin.py:154} INFO - [2023-11-21T00:14:15.316+0000] {dagbag.py:536} INFO - Filling up the DagBag from /opt/airflow/dags/Scripts/etl.py
[2023-11-21T00:14:15.838+0000] {processor.py:841} WARNING - No viable dags retrieved from /opt/airflow/dags/Scripts/etl.py
[2023-11-21T00:14:15.852+0000] {processor.py:179} INFO - Processing /opt/airflow/dags/Scripts/etl.py took 0.550 seconds
[2023-11-21T00:14:46.314+0000] {processor.py:157} INFO - Started process (PID=1963) to work on /opt/airflow/dags/Scripts/etl.py
[2023-11-21T00:14:46.315+0000] {processor.py:829} INFO - Processing file /opt/airflow/dags/Scripts/etl.py for tasks to queue
[2023-11-21T00:14:46.317+0000] {logging_mixin.py:154} INFO - [2023-11-21T00:14:46.316+0000] {dagbag.py:536} INFO - Filling up the DagBag from /opt/airflow/dags/Scripts/etl.py
[2023-11-21T00:14:46.653+0000] {processor.py:841} WARNING - No viable dags retrieved from /opt/airflow/dags/Scripts/etl.py
[2023-11-21T00:14:46.661+0000] {processor.py:179} INFO - Processing /opt/airflow/dags/Scripts/etl.py took 0.353 seconds
[2023-11-21T00:15:17.175+0000] {processor.py:157} INFO - Started process (PID=1974) to work on /opt/airflow/dags/Scripts/etl.py
[2023-11-21T00:15:17.178+0000] {processor.py:829} INFO - Processing file /opt/airflow/dags/Scripts/etl.py for tasks to queue
[2023-11-21T00:15:17.180+0000] {logging_mixin.py:154} INFO - [2023-11-21T00:15:17.179+0000] {dagbag.py:536} INFO - Filling up the DagBag from /opt/airflow/dags/Scripts/etl.py
[2023-11-21T00:15:17.617+0000] {processor.py:841} WARNING - No viable dags retrieved from /opt/airflow/dags/Scripts/etl.py
[2023-11-21T00:15:17.629+0000] {processor.py:179} INFO - Processing /opt/airflow/dags/Scripts/etl.py took 0.464 seconds
[2023-11-21T00:15:48.153+0000] {processor.py:157} INFO - Started process (PID=1985) to work on /opt/airflow/dags/Scripts/etl.py
[2023-11-21T00:15:48.154+0000] {processor.py:829} INFO - Processing file /opt/airflow/dags/Scripts/etl.py for tasks to queue
[2023-11-21T00:15:48.155+0000] {logging_mixin.py:154} INFO - [2023-11-21T00:15:48.154+0000] {dagbag.py:536} INFO - Filling up the DagBag from /opt/airflow/dags/Scripts/etl.py
[2023-11-21T00:15:48.640+0000] {processor.py:841} WARNING - No viable dags retrieved from /opt/airflow/dags/Scripts/etl.py
[2023-11-21T00:15:48.652+0000] {processor.py:179} INFO - Processing /opt/airflow/dags/Scripts/etl.py took 0.504 seconds
[2023-11-21T00:16:06.907+0000] {processor.py:157} INFO - Started process (PID=1989) to work on /opt/airflow/dags/Scripts/etl.py
[2023-11-21T00:16:06.908+0000] {processor.py:829} INFO - Processing file /opt/airflow/dags/Scripts/etl.py for tasks to queue
[2023-11-21T00:16:06.909+0000] {logging_mixin.py:154} INFO - [2023-11-21T00:16:06.909+0000] {dagbag.py:536} INFO - Filling up the DagBag from /opt/airflow/dags/Scripts/etl.py
[2023-11-21T00:16:07.228+0000] {processor.py:841} WARNING - No viable dags retrieved from /opt/airflow/dags/Scripts/etl.py
[2023-11-21T00:16:07.236+0000] {processor.py:179} INFO - Processing /opt/airflow/dags/Scripts/etl.py took 0.331 seconds
[2023-11-21T00:16:37.796+0000] {processor.py:157} INFO - Started process (PID=2000) to work on /opt/airflow/dags/Scripts/etl.py
[2023-11-21T00:16:37.799+0000] {processor.py:829} INFO - Processing file /opt/airflow/dags/Scripts/etl.py for tasks to queue
[2023-11-21T00:16:37.800+0000] {logging_mixin.py:154} INFO - [2023-11-21T00:16:37.800+0000] {dagbag.py:536} INFO - Filling up the DagBag from /opt/airflow/dags/Scripts/etl.py
[2023-11-21T00:16:38.125+0000] {processor.py:841} WARNING - No viable dags retrieved from /opt/airflow/dags/Scripts/etl.py
[2023-11-21T00:16:38.134+0000] {processor.py:179} INFO - Processing /opt/airflow/dags/Scripts/etl.py took 0.345 seconds
[2023-11-21T00:17:08.565+0000] {processor.py:157} INFO - Started process (PID=2011) to work on /opt/airflow/dags/Scripts/etl.py
[2023-11-21T00:17:08.567+0000] {processor.py:829} INFO - Processing file /opt/airflow/dags/Scripts/etl.py for tasks to queue
[2023-11-21T00:17:08.568+0000] {logging_mixin.py:154} INFO - [2023-11-21T00:17:08.568+0000] {dagbag.py:536} INFO - Filling up the DagBag from /opt/airflow/dags/Scripts/etl.py
[2023-11-21T00:17:08.868+0000] {processor.py:841} WARNING - No viable dags retrieved from /opt/airflow/dags/Scripts/etl.py
[2023-11-21T00:17:08.876+0000] {processor.py:179} INFO - Processing /opt/airflow/dags/Scripts/etl.py took 0.316 seconds
[2023-11-21T00:17:38.982+0000] {processor.py:157} INFO - Started process (PID=2022) to work on /opt/airflow/dags/Scripts/etl.py
[2023-11-21T00:17:38.984+0000] {processor.py:829} INFO - Processing file /opt/airflow/dags/Scripts/etl.py for tasks to queue
[2023-11-21T00:17:38.985+0000] {logging_mixin.py:154} INFO - [2023-11-21T00:17:38.984+0000] {dagbag.py:536} INFO - Filling up the DagBag from /opt/airflow/dags/Scripts/etl.py
[2023-11-21T00:17:39.441+0000] {processor.py:841} WARNING - No viable dags retrieved from /opt/airflow/dags/Scripts/etl.py
[2023-11-21T00:17:39.453+0000] {processor.py:179} INFO - Processing /opt/airflow/dags/Scripts/etl.py took 0.476 seconds
[2023-11-21T00:18:09.893+0000] {processor.py:157} INFO - Started process (PID=2033) to work on /opt/airflow/dags/Scripts/etl.py
[2023-11-21T00:18:09.895+0000] {processor.py:829} INFO - Processing file /opt/airflow/dags/Scripts/etl.py for tasks to queue
[2023-11-21T00:18:09.896+0000] {logging_mixin.py:154} INFO - [2023-11-21T00:18:09.896+0000] {dagbag.py:536} INFO - Filling up the DagBag from /opt/airflow/dags/Scripts/etl.py
[2023-11-21T00:18:10.345+0000] {processor.py:841} WARNING - No viable dags retrieved from /opt/airflow/dags/Scripts/etl.py
[2023-11-21T00:18:10.356+0000] {processor.py:179} INFO - Processing /opt/airflow/dags/Scripts/etl.py took 0.468 seconds
[2023-11-21T00:18:40.771+0000] {processor.py:157} INFO - Started process (PID=2044) to work on /opt/airflow/dags/Scripts/etl.py
[2023-11-21T00:18:40.774+0000] {processor.py:829} INFO - Processing file /opt/airflow/dags/Scripts/etl.py for tasks to queue
[2023-11-21T00:18:40.776+0000] {logging_mixin.py:154} INFO - [2023-11-21T00:18:40.776+0000] {dagbag.py:536} INFO - Filling up the DagBag from /opt/airflow/dags/Scripts/etl.py
[2023-11-21T00:18:41.262+0000] {processor.py:841} WARNING - No viable dags retrieved from /opt/airflow/dags/Scripts/etl.py
[2023-11-21T00:18:41.277+0000] {processor.py:179} INFO - Processing /opt/airflow/dags/Scripts/etl.py took 0.511 seconds
[2023-11-21T00:19:11.724+0000] {processor.py:157} INFO - Started process (PID=2055) to work on /opt/airflow/dags/Scripts/etl.py
[2023-11-21T00:19:11.726+0000] {processor.py:829} INFO - Processing file /opt/airflow/dags/Scripts/etl.py for tasks to queue
[2023-11-21T00:19:11.728+0000] {logging_mixin.py:154} INFO - [2023-11-21T00:19:11.727+0000] {dagbag.py:536} INFO - Filling up the DagBag from /opt/airflow/dags/Scripts/etl.py
[2023-11-21T00:19:12.161+0000] {processor.py:841} WARNING - No viable dags retrieved from /opt/airflow/dags/Scripts/etl.py
[2023-11-21T00:19:12.174+0000] {processor.py:179} INFO - Processing /opt/airflow/dags/Scripts/etl.py took 0.459 seconds
[2023-11-21T00:19:42.606+0000] {processor.py:157} INFO - Started process (PID=2066) to work on /opt/airflow/dags/Scripts/etl.py
[2023-11-21T00:19:42.609+0000] {processor.py:829} INFO - Processing file /opt/airflow/dags/Scripts/etl.py for tasks to queue
[2023-11-21T00:19:42.610+0000] {logging_mixin.py:154} INFO - [2023-11-21T00:19:42.609+0000] {dagbag.py:536} INFO - Filling up the DagBag from /opt/airflow/dags/Scripts/etl.py
[2023-11-21T00:19:42.927+0000] {processor.py:841} WARNING - No viable dags retrieved from /opt/airflow/dags/Scripts/etl.py
[2023-11-21T00:19:42.935+0000] {processor.py:179} INFO - Processing /opt/airflow/dags/Scripts/etl.py took 0.335 seconds
[2023-11-21T00:20:13.357+0000] {processor.py:157} INFO - Started process (PID=2077) to work on /opt/airflow/dags/Scripts/etl.py
[2023-11-21T00:20:13.360+0000] {processor.py:829} INFO - Processing file /opt/airflow/dags/Scripts/etl.py for tasks to queue
[2023-11-21T00:20:13.362+0000] {logging_mixin.py:154} INFO - [2023-11-21T00:20:13.362+0000] {dagbag.py:536} INFO - Filling up the DagBag from /opt/airflow/dags/Scripts/etl.py
[2023-11-21T00:20:13.740+0000] {processor.py:841} WARNING - No viable dags retrieved from /opt/airflow/dags/Scripts/etl.py
[2023-11-21T00:20:13.750+0000] {processor.py:179} INFO - Processing /opt/airflow/dags/Scripts/etl.py took 0.404 seconds
[2023-11-21T00:20:44.124+0000] {processor.py:157} INFO - Started process (PID=2088) to work on /opt/airflow/dags/Scripts/etl.py
[2023-11-21T00:20:44.127+0000] {processor.py:829} INFO - Processing file /opt/airflow/dags/Scripts/etl.py for tasks to queue
[2023-11-21T00:20:44.129+0000] {logging_mixin.py:154} INFO - [2023-11-21T00:20:44.128+0000] {dagbag.py:536} INFO - Filling up the DagBag from /opt/airflow/dags/Scripts/etl.py
[2023-11-21T00:20:44.545+0000] {processor.py:841} WARNING - No viable dags retrieved from /opt/airflow/dags/Scripts/etl.py
[2023-11-21T00:20:44.557+0000] {processor.py:179} INFO - Processing /opt/airflow/dags/Scripts/etl.py took 0.444 seconds
[2023-11-21T00:21:15.639+0000] {processor.py:157} INFO - Started process (PID=2106) to work on /opt/airflow/dags/Scripts/etl.py
[2023-11-21T00:21:15.641+0000] {processor.py:829} INFO - Processing file /opt/airflow/dags/Scripts/etl.py for tasks to queue
[2023-11-21T00:21:15.642+0000] {logging_mixin.py:154} INFO - [2023-11-21T00:21:15.642+0000] {dagbag.py:536} INFO - Filling up the DagBag from /opt/airflow/dags/Scripts/etl.py
[2023-11-21T00:21:16.115+0000] {processor.py:841} WARNING - No viable dags retrieved from /opt/airflow/dags/Scripts/etl.py
[2023-11-21T00:21:16.126+0000] {processor.py:179} INFO - Processing /opt/airflow/dags/Scripts/etl.py took 0.491 seconds
[2023-11-21T00:21:46.458+0000] {processor.py:157} INFO - Started process (PID=2117) to work on /opt/airflow/dags/Scripts/etl.py
[2023-11-21T00:21:46.461+0000] {processor.py:829} INFO - Processing file /opt/airflow/dags/Scripts/etl.py for tasks to queue
[2023-11-21T00:21:46.462+0000] {logging_mixin.py:154} INFO - [2023-11-21T00:21:46.462+0000] {dagbag.py:536} INFO - Filling up the DagBag from /opt/airflow/dags/Scripts/etl.py
[2023-11-21T00:21:46.757+0000] {processor.py:841} WARNING - No viable dags retrieved from /opt/airflow/dags/Scripts/etl.py
[2023-11-21T00:21:46.765+0000] {processor.py:179} INFO - Processing /opt/airflow/dags/Scripts/etl.py took 0.313 seconds
[2023-11-21T00:22:17.254+0000] {processor.py:157} INFO - Started process (PID=2128) to work on /opt/airflow/dags/Scripts/etl.py
[2023-11-21T00:22:17.256+0000] {processor.py:829} INFO - Processing file /opt/airflow/dags/Scripts/etl.py for tasks to queue
[2023-11-21T00:22:17.257+0000] {logging_mixin.py:154} INFO - [2023-11-21T00:22:17.257+0000] {dagbag.py:536} INFO - Filling up the DagBag from /opt/airflow/dags/Scripts/etl.py
[2023-11-21T00:22:17.678+0000] {processor.py:841} WARNING - No viable dags retrieved from /opt/airflow/dags/Scripts/etl.py
[2023-11-21T00:22:17.690+0000] {processor.py:179} INFO - Processing /opt/airflow/dags/Scripts/etl.py took 0.441 seconds
[2023-11-21T00:22:48.082+0000] {processor.py:157} INFO - Started process (PID=2139) to work on /opt/airflow/dags/Scripts/etl.py
[2023-11-21T00:22:48.083+0000] {processor.py:829} INFO - Processing file /opt/airflow/dags/Scripts/etl.py for tasks to queue
[2023-11-21T00:22:48.084+0000] {logging_mixin.py:154} INFO - [2023-11-21T00:22:48.084+0000] {dagbag.py:536} INFO - Filling up the DagBag from /opt/airflow/dags/Scripts/etl.py
[2023-11-21T00:22:48.408+0000] {processor.py:841} WARNING - No viable dags retrieved from /opt/airflow/dags/Scripts/etl.py
[2023-11-21T00:22:48.421+0000] {processor.py:179} INFO - Processing /opt/airflow/dags/Scripts/etl.py took 0.342 seconds
[2023-11-21T00:23:18.867+0000] {processor.py:157} INFO - Started process (PID=2150) to work on /opt/airflow/dags/Scripts/etl.py
[2023-11-21T00:23:18.870+0000] {processor.py:829} INFO - Processing file /opt/airflow/dags/Scripts/etl.py for tasks to queue
[2023-11-21T00:23:18.871+0000] {logging_mixin.py:154} INFO - [2023-11-21T00:23:18.871+0000] {dagbag.py:536} INFO - Filling up the DagBag from /opt/airflow/dags/Scripts/etl.py
[2023-11-21T00:23:19.185+0000] {processor.py:841} WARNING - No viable dags retrieved from /opt/airflow/dags/Scripts/etl.py
[2023-11-21T00:23:19.195+0000] {processor.py:179} INFO - Processing /opt/airflow/dags/Scripts/etl.py took 0.335 seconds
[2023-11-21T00:23:49.605+0000] {processor.py:157} INFO - Started process (PID=2161) to work on /opt/airflow/dags/Scripts/etl.py
[2023-11-21T00:23:49.606+0000] {processor.py:829} INFO - Processing file /opt/airflow/dags/Scripts/etl.py for tasks to queue
[2023-11-21T00:23:49.607+0000] {logging_mixin.py:154} INFO - [2023-11-21T00:23:49.607+0000] {dagbag.py:536} INFO - Filling up the DagBag from /opt/airflow/dags/Scripts/etl.py
[2023-11-21T00:23:49.893+0000] {processor.py:841} WARNING - No viable dags retrieved from /opt/airflow/dags/Scripts/etl.py
[2023-11-21T00:23:49.901+0000] {processor.py:179} INFO - Processing /opt/airflow/dags/Scripts/etl.py took 0.298 seconds
[2023-11-21T00:24:20.255+0000] {processor.py:157} INFO - Started process (PID=2172) to work on /opt/airflow/dags/Scripts/etl.py
[2023-11-21T00:24:20.257+0000] {processor.py:829} INFO - Processing file /opt/airflow/dags/Scripts/etl.py for tasks to queue
[2023-11-21T00:24:20.258+0000] {logging_mixin.py:154} INFO - [2023-11-21T00:24:20.258+0000] {dagbag.py:536} INFO - Filling up the DagBag from /opt/airflow/dags/Scripts/etl.py
[2023-11-21T00:24:20.745+0000] {processor.py:841} WARNING - No viable dags retrieved from /opt/airflow/dags/Scripts/etl.py
[2023-11-21T00:24:20.758+0000] {processor.py:179} INFO - Processing /opt/airflow/dags/Scripts/etl.py took 0.509 seconds
[2023-11-21T00:24:51.228+0000] {processor.py:157} INFO - Started process (PID=2183) to work on /opt/airflow/dags/Scripts/etl.py
[2023-11-21T00:24:51.229+0000] {processor.py:829} INFO - Processing file /opt/airflow/dags/Scripts/etl.py for tasks to queue
[2023-11-21T00:24:51.231+0000] {logging_mixin.py:154} INFO - [2023-11-21T00:24:51.230+0000] {dagbag.py:536} INFO - Filling up the DagBag from /opt/airflow/dags/Scripts/etl.py
[2023-11-21T00:24:51.754+0000] {processor.py:841} WARNING - No viable dags retrieved from /opt/airflow/dags/Scripts/etl.py
[2023-11-21T00:24:51.767+0000] {processor.py:179} INFO - Processing /opt/airflow/dags/Scripts/etl.py took 0.547 seconds
[2023-11-21T00:25:22.257+0000] {processor.py:157} INFO - Started process (PID=2194) to work on /opt/airflow/dags/Scripts/etl.py
[2023-11-21T00:25:22.260+0000] {processor.py:829} INFO - Processing file /opt/airflow/dags/Scripts/etl.py for tasks to queue
[2023-11-21T00:25:22.261+0000] {logging_mixin.py:154} INFO - [2023-11-21T00:25:22.261+0000] {dagbag.py:536} INFO - Filling up the DagBag from /opt/airflow/dags/Scripts/etl.py
[2023-11-21T00:25:22.781+0000] {processor.py:841} WARNING - No viable dags retrieved from /opt/airflow/dags/Scripts/etl.py
[2023-11-21T00:25:22.796+0000] {processor.py:179} INFO - Processing /opt/airflow/dags/Scripts/etl.py took 0.549 seconds
[2023-11-21T00:25:53.314+0000] {processor.py:157} INFO - Started process (PID=2205) to work on /opt/airflow/dags/Scripts/etl.py
[2023-11-21T00:25:53.316+0000] {processor.py:829} INFO - Processing file /opt/airflow/dags/Scripts/etl.py for tasks to queue
[2023-11-21T00:25:53.318+0000] {logging_mixin.py:154} INFO - [2023-11-21T00:25:53.317+0000] {dagbag.py:536} INFO - Filling up the DagBag from /opt/airflow/dags/Scripts/etl.py
[2023-11-21T00:25:53.621+0000] {processor.py:841} WARNING - No viable dags retrieved from /opt/airflow/dags/Scripts/etl.py
[2023-11-21T00:25:53.629+0000] {processor.py:179} INFO - Processing /opt/airflow/dags/Scripts/etl.py took 0.322 seconds
[2023-11-21T00:26:24.106+0000] {processor.py:157} INFO - Started process (PID=2216) to work on /opt/airflow/dags/Scripts/etl.py
[2023-11-21T00:26:24.108+0000] {processor.py:829} INFO - Processing file /opt/airflow/dags/Scripts/etl.py for tasks to queue
[2023-11-21T00:26:24.110+0000] {logging_mixin.py:154} INFO - [2023-11-21T00:26:24.109+0000] {dagbag.py:536} INFO - Filling up the DagBag from /opt/airflow/dags/Scripts/etl.py
[2023-11-21T00:26:24.663+0000] {processor.py:841} WARNING - No viable dags retrieved from /opt/airflow/dags/Scripts/etl.py
[2023-11-21T00:26:24.674+0000] {processor.py:179} INFO - Processing /opt/airflow/dags/Scripts/etl.py took 0.576 seconds
[2023-11-21T00:26:55.035+0000] {processor.py:157} INFO - Started process (PID=2227) to work on /opt/airflow/dags/Scripts/etl.py
[2023-11-21T00:26:55.037+0000] {processor.py:829} INFO - Processing file /opt/airflow/dags/Scripts/etl.py for tasks to queue
[2023-11-21T00:26:55.038+0000] {logging_mixin.py:154} INFO - [2023-11-21T00:26:55.038+0000] {dagbag.py:536} INFO - Filling up the DagBag from /opt/airflow/dags/Scripts/etl.py
[2023-11-21T00:26:55.490+0000] {processor.py:841} WARNING - No viable dags retrieved from /opt/airflow/dags/Scripts/etl.py
[2023-11-21T00:26:55.502+0000] {processor.py:179} INFO - Processing /opt/airflow/dags/Scripts/etl.py took 0.476 seconds
[2023-11-21T00:27:25.635+0000] {processor.py:157} INFO - Started process (PID=2238) to work on /opt/airflow/dags/Scripts/etl.py
[2023-11-21T00:27:25.636+0000] {processor.py:829} INFO - Processing file /opt/airflow/dags/Scripts/etl.py for tasks to queue
[2023-11-21T00:27:25.638+0000] {logging_mixin.py:154} INFO - [2023-11-21T00:27:25.637+0000] {dagbag.py:536} INFO - Filling up the DagBag from /opt/airflow/dags/Scripts/etl.py
[2023-11-21T00:27:26.189+0000] {processor.py:841} WARNING - No viable dags retrieved from /opt/airflow/dags/Scripts/etl.py
[2023-11-21T00:27:26.202+0000] {processor.py:179} INFO - Processing /opt/airflow/dags/Scripts/etl.py took 0.575 seconds
[2023-11-21T00:27:56.925+0000] {processor.py:157} INFO - Started process (PID=2249) to work on /opt/airflow/dags/Scripts/etl.py
[2023-11-21T00:27:56.927+0000] {processor.py:829} INFO - Processing file /opt/airflow/dags/Scripts/etl.py for tasks to queue
[2023-11-21T00:27:56.928+0000] {logging_mixin.py:154} INFO - [2023-11-21T00:27:56.928+0000] {dagbag.py:536} INFO - Filling up the DagBag from /opt/airflow/dags/Scripts/etl.py
[2023-11-21T00:27:57.250+0000] {processor.py:841} WARNING - No viable dags retrieved from /opt/airflow/dags/Scripts/etl.py
[2023-11-21T00:27:57.266+0000] {processor.py:179} INFO - Processing /opt/airflow/dags/Scripts/etl.py took 0.344 seconds
