[2023-11-20T08:50:33.676+0000] {taskinstance.py:1159} INFO - Dependencies all met for dep_context=non-requeueable deps ti=<TaskInstance: austin_animal_shelter_dag.retrieve_data scheduled__2023-11-19T00:00:00+00:00 [queued]>
[2023-11-20T08:50:33.679+0000] {taskinstance.py:1159} INFO - Dependencies all met for dep_context=requeueable deps ti=<TaskInstance: austin_animal_shelter_dag.retrieve_data scheduled__2023-11-19T00:00:00+00:00 [queued]>
[2023-11-20T08:50:33.680+0000] {taskinstance.py:1361} INFO - Starting attempt 1 of 2
[2023-11-20T08:50:33.684+0000] {taskinstance.py:1382} INFO - Executing <Task(PythonOperator): retrieve_data> on 2023-11-19 00:00:00+00:00
[2023-11-20T08:50:33.687+0000] {standard_task_runner.py:57} INFO - Started process 219 to run task
[2023-11-20T08:50:33.690+0000] {standard_task_runner.py:84} INFO - Running: ['***', 'tasks', 'run', 'austin_animal_shelter_dag', 'retrieve_data', 'scheduled__2023-11-19T00:00:00+00:00', '--job-id', '54', '--raw', '--subdir', 'DAGS_FOLDER/DAG.py', '--cfg-path', '/tmp/tmpqtkjvp5g']
[2023-11-20T08:50:33.693+0000] {standard_task_runner.py:85} INFO - Job 54: Subtask retrieve_data
[2023-11-20T08:50:33.715+0000] {task_command.py:416} INFO - Running <TaskInstance: austin_animal_shelter_dag.retrieve_data scheduled__2023-11-19T00:00:00+00:00 [running]> on host 3ef39241d6e6
[2023-11-20T08:50:33.774+0000] {taskinstance.py:1662} INFO - Exporting env vars: AIRFLOW_CTX_DAG_OWNER='***' AIRFLOW_CTX_DAG_ID='austin_animal_shelter_dag' AIRFLOW_CTX_TASK_ID='retrieve_data' AIRFLOW_CTX_EXECUTION_DATE='2023-11-19T00:00:00+00:00' AIRFLOW_CTX_TRY_NUMBER='1' AIRFLOW_CTX_DAG_RUN_ID='scheduled__2023-11-19T00:00:00+00:00'
[2023-11-20T08:50:35.715+0000] {etl.py:87} INFO - No new or updated data to upload. Creating an empty CSV with headers.
[2023-11-20T08:50:35.716+0000] {etl.py:91} INFO - Uploading data to 'raw_data'...
[2023-11-20T08:50:35.900+0000] {etl.py:98} INFO - Updating 'Old_Data' with current data...
[2023-11-20T08:50:36.884+0000] {python.py:194} INFO - Done. Returned value was: None
[2023-11-20T08:50:36.890+0000] {taskinstance.py:1400} INFO - Marking task as SUCCESS. dag_id=austin_animal_shelter_dag, task_id=retrieve_data, execution_date=20231119T000000, start_date=20231120T085033, end_date=20231120T085036
[2023-11-20T08:50:36.941+0000] {local_task_job_runner.py:228} INFO - Task exited with return code 0
[2023-11-20T08:50:36.954+0000] {taskinstance.py:2778} INFO - 1 downstream tasks scheduled from follow-on schedule check
[2023-11-20T22:32:48.885+0000] {taskinstance.py:1159} INFO - Dependencies all met for dep_context=non-requeueable deps ti=<TaskInstance: austin_animal_shelter_dag.retrieve_data scheduled__2023-11-19T00:00:00+00:00 [queued]>
[2023-11-20T22:32:48.891+0000] {taskinstance.py:1159} INFO - Dependencies all met for dep_context=requeueable deps ti=<TaskInstance: austin_animal_shelter_dag.retrieve_data scheduled__2023-11-19T00:00:00+00:00 [queued]>
[2023-11-20T22:32:48.892+0000] {taskinstance.py:1361} INFO - Starting attempt 1 of 2
[2023-11-20T22:32:48.899+0000] {taskinstance.py:1382} INFO - Executing <Task(PythonOperator): retrieve_data> on 2023-11-19 00:00:00+00:00
[2023-11-20T22:32:48.905+0000] {standard_task_runner.py:57} INFO - Started process 224 to run task
[2023-11-20T22:32:48.909+0000] {standard_task_runner.py:84} INFO - Running: ['***', 'tasks', 'run', 'austin_animal_shelter_dag', 'retrieve_data', 'scheduled__2023-11-19T00:00:00+00:00', '--job-id', '119', '--raw', '--subdir', 'DAGS_FOLDER/DAG.py', '--cfg-path', '/tmp/tmpcv3d75mk']
[2023-11-20T22:32:48.913+0000] {standard_task_runner.py:85} INFO - Job 119: Subtask retrieve_data
[2023-11-20T22:32:48.965+0000] {task_command.py:416} INFO - Running <TaskInstance: austin_animal_shelter_dag.retrieve_data scheduled__2023-11-19T00:00:00+00:00 [running]> on host ad6c889005f6
[2023-11-20T22:32:49.017+0000] {taskinstance.py:1662} INFO - Exporting env vars: AIRFLOW_CTX_DAG_OWNER='***' AIRFLOW_CTX_DAG_ID='austin_animal_shelter_dag' AIRFLOW_CTX_TASK_ID='retrieve_data' AIRFLOW_CTX_EXECUTION_DATE='2023-11-19T00:00:00+00:00' AIRFLOW_CTX_TRY_NUMBER='1' AIRFLOW_CTX_DAG_RUN_ID='scheduled__2023-11-19T00:00:00+00:00'
[2023-11-20T22:32:50.259+0000] {etl.py:87} INFO - No new or updated data to upload. Creating an empty CSV with headers.
[2023-11-20T22:32:50.262+0000] {etl.py:91} INFO - Uploading data to 'raw_data'...
[2023-11-20T22:32:50.412+0000] {etl.py:98} INFO - Updating 'Old_Data' with current data...
[2023-11-20T22:32:51.751+0000] {python.py:194} INFO - Done. Returned value was: None
[2023-11-20T22:32:51.758+0000] {taskinstance.py:1400} INFO - Marking task as SUCCESS. dag_id=austin_animal_shelter_dag, task_id=retrieve_data, execution_date=20231119T000000, start_date=20231120T223248, end_date=20231120T223251
[2023-11-20T22:32:51.782+0000] {local_task_job_runner.py:228} INFO - Task exited with return code 0
[2023-11-20T22:32:51.800+0000] {taskinstance.py:2778} INFO - 1 downstream tasks scheduled from follow-on schedule check
[2023-11-20T22:48:07.970+0000] {taskinstance.py:1159} INFO - Dependencies all met for dep_context=non-requeueable deps ti=<TaskInstance: austin_animal_shelter_dag.retrieve_data scheduled__2023-11-19T00:00:00+00:00 [queued]>
[2023-11-20T22:48:07.976+0000] {taskinstance.py:1159} INFO - Dependencies all met for dep_context=requeueable deps ti=<TaskInstance: austin_animal_shelter_dag.retrieve_data scheduled__2023-11-19T00:00:00+00:00 [queued]>
[2023-11-20T22:48:07.976+0000] {taskinstance.py:1361} INFO - Starting attempt 1 of 2
[2023-11-20T22:48:07.986+0000] {taskinstance.py:1382} INFO - Executing <Task(PythonOperator): retrieve_data> on 2023-11-19 00:00:00+00:00
[2023-11-20T22:48:07.991+0000] {standard_task_runner.py:57} INFO - Started process 236 to run task
[2023-11-20T22:48:07.995+0000] {standard_task_runner.py:84} INFO - Running: ['***', 'tasks', 'run', 'austin_animal_shelter_dag', 'retrieve_data', 'scheduled__2023-11-19T00:00:00+00:00', '--job-id', '58', '--raw', '--subdir', 'DAGS_FOLDER/DAG.py', '--cfg-path', '/tmp/tmpdgh_cz7h']
[2023-11-20T22:48:07.999+0000] {standard_task_runner.py:85} INFO - Job 58: Subtask retrieve_data
[2023-11-20T22:48:08.037+0000] {task_command.py:416} INFO - Running <TaskInstance: austin_animal_shelter_dag.retrieve_data scheduled__2023-11-19T00:00:00+00:00 [running]> on host fda681cc78c9
[2023-11-20T22:48:08.090+0000] {taskinstance.py:1662} INFO - Exporting env vars: AIRFLOW_CTX_DAG_OWNER='***' AIRFLOW_CTX_DAG_ID='austin_animal_shelter_dag' AIRFLOW_CTX_TASK_ID='retrieve_data' AIRFLOW_CTX_EXECUTION_DATE='2023-11-19T00:00:00+00:00' AIRFLOW_CTX_TRY_NUMBER='1' AIRFLOW_CTX_DAG_RUN_ID='scheduled__2023-11-19T00:00:00+00:00'
[2023-11-20T22:48:10.091+0000] {etl.py:87} INFO - No new or updated data to upload. Creating an empty CSV with headers.
[2023-11-20T22:48:10.093+0000] {etl.py:91} INFO - Uploading data to 'raw_data'...
[2023-11-20T22:48:10.253+0000] {etl.py:98} INFO - Updating 'Old_Data' with current data...
[2023-11-20T22:48:10.763+0000] {python.py:194} INFO - Done. Returned value was: None
[2023-11-20T22:48:10.799+0000] {taskinstance.py:1400} INFO - Marking task as SUCCESS. dag_id=austin_animal_shelter_dag, task_id=retrieve_data, execution_date=20231119T000000, start_date=20231120T224807, end_date=20231120T224810
[2023-11-20T22:48:10.851+0000] {local_task_job_runner.py:228} INFO - Task exited with return code 0
[2023-11-20T22:48:10.882+0000] {taskinstance.py:2778} INFO - 1 downstream tasks scheduled from follow-on schedule check
