[2023-11-20T08:43:27.471+0000] {taskinstance.py:1159} INFO - Dependencies all met for dep_context=non-requeueable deps ti=<TaskInstance: austin_animal_shelter_dag.transform_data scheduled__2023-11-12T00:00:00+00:00 [queued]>
[2023-11-20T08:43:27.500+0000] {taskinstance.py:1159} INFO - Dependencies all met for dep_context=requeueable deps ti=<TaskInstance: austin_animal_shelter_dag.transform_data scheduled__2023-11-12T00:00:00+00:00 [queued]>
[2023-11-20T08:43:27.502+0000] {taskinstance.py:1361} INFO - Starting attempt 1 of 2
[2023-11-20T08:43:27.622+0000] {taskinstance.py:1382} INFO - Executing <Task(PythonOperator): transform_data> on 2023-11-12 00:00:00+00:00
[2023-11-20T08:43:27.633+0000] {standard_task_runner.py:57} INFO - Started process 139 to run task
[2023-11-20T08:43:27.639+0000] {standard_task_runner.py:84} INFO - Running: ['***', 'tasks', 'run', 'austin_animal_shelter_dag', 'transform_data', 'scheduled__2023-11-12T00:00:00+00:00', '--job-id', '26', '--raw', '--subdir', 'DAGS_FOLDER/DAG.py', '--cfg-path', '/tmp/tmp59ni4ouh']
[2023-11-20T08:43:27.644+0000] {standard_task_runner.py:85} INFO - Job 26: Subtask transform_data
[2023-11-20T08:43:27.799+0000] {task_command.py:416} INFO - Running <TaskInstance: austin_animal_shelter_dag.transform_data scheduled__2023-11-12T00:00:00+00:00 [running]> on host c84b35a13244
[2023-11-20T08:43:27.884+0000] {taskinstance.py:1662} INFO - Exporting env vars: AIRFLOW_CTX_DAG_OWNER='***' AIRFLOW_CTX_DAG_ID='austin_animal_shelter_dag' AIRFLOW_CTX_TASK_ID='transform_data' AIRFLOW_CTX_EXECUTION_DATE='2023-11-12T00:00:00+00:00' AIRFLOW_CTX_TRY_NUMBER='1' AIRFLOW_CTX_DAG_RUN_ID='scheduled__2023-11-12T00:00:00+00:00'
[2023-11-20T08:43:28.920+0000] {python.py:194} INFO - Done. Returned value was: None
[2023-11-20T08:43:28.925+0000] {taskinstance.py:1400} INFO - Marking task as SUCCESS. dag_id=austin_animal_shelter_dag, task_id=transform_data, execution_date=20231112T000000, start_date=20231120T084327, end_date=20231120T084328
[2023-11-20T08:43:28.944+0000] {local_task_job_runner.py:228} INFO - Task exited with return code 0
[2023-11-20T08:43:28.956+0000] {taskinstance.py:2778} INFO - 1 downstream tasks scheduled from follow-on schedule check
[2023-11-20T08:46:41.925+0000] {taskinstance.py:1159} INFO - Dependencies all met for dep_context=non-requeueable deps ti=<TaskInstance: austin_animal_shelter_dag.transform_data scheduled__2023-11-12T00:00:00+00:00 [queued]>
[2023-11-20T08:46:41.947+0000] {taskinstance.py:1159} INFO - Dependencies all met for dep_context=requeueable deps ti=<TaskInstance: austin_animal_shelter_dag.transform_data scheduled__2023-11-12T00:00:00+00:00 [queued]>
[2023-11-20T08:46:41.952+0000] {taskinstance.py:1361} INFO - Starting attempt 1 of 2
[2023-11-20T08:46:41.992+0000] {taskinstance.py:1382} INFO - Executing <Task(PythonOperator): transform_data> on 2023-11-12 00:00:00+00:00
[2023-11-20T08:46:42.002+0000] {standard_task_runner.py:57} INFO - Started process 140 to run task
[2023-11-20T08:46:42.012+0000] {standard_task_runner.py:84} INFO - Running: ['***', 'tasks', 'run', 'austin_animal_shelter_dag', 'transform_data', 'scheduled__2023-11-12T00:00:00+00:00', '--job-id', '23', '--raw', '--subdir', 'DAGS_FOLDER/DAG.py', '--cfg-path', '/tmp/tmpigkgjo5p']
[2023-11-20T08:46:42.021+0000] {standard_task_runner.py:85} INFO - Job 23: Subtask transform_data
[2023-11-20T08:46:42.126+0000] {task_command.py:416} INFO - Running <TaskInstance: austin_animal_shelter_dag.transform_data scheduled__2023-11-12T00:00:00+00:00 [running]> on host d26cbef9e8ab
[2023-11-20T08:46:42.222+0000] {taskinstance.py:1662} INFO - Exporting env vars: AIRFLOW_CTX_DAG_OWNER='***' AIRFLOW_CTX_DAG_ID='austin_animal_shelter_dag' AIRFLOW_CTX_TASK_ID='transform_data' AIRFLOW_CTX_EXECUTION_DATE='2023-11-12T00:00:00+00:00' AIRFLOW_CTX_TRY_NUMBER='1' AIRFLOW_CTX_DAG_RUN_ID='scheduled__2023-11-12T00:00:00+00:00'
[2023-11-20T08:46:43.313+0000] {python.py:194} INFO - Done. Returned value was: None
[2023-11-20T08:46:43.325+0000] {taskinstance.py:1400} INFO - Marking task as SUCCESS. dag_id=austin_animal_shelter_dag, task_id=transform_data, execution_date=20231112T000000, start_date=20231120T084641, end_date=20231120T084643
[2023-11-20T08:46:43.378+0000] {local_task_job_runner.py:228} INFO - Task exited with return code 0
[2023-11-20T08:46:43.392+0000] {taskinstance.py:2778} INFO - 1 downstream tasks scheduled from follow-on schedule check
[2023-11-20T08:50:23.708+0000] {taskinstance.py:1159} INFO - Dependencies all met for dep_context=non-requeueable deps ti=<TaskInstance: austin_animal_shelter_dag.transform_data scheduled__2023-11-12T00:00:00+00:00 [queued]>
[2023-11-20T08:50:23.727+0000] {taskinstance.py:1159} INFO - Dependencies all met for dep_context=requeueable deps ti=<TaskInstance: austin_animal_shelter_dag.transform_data scheduled__2023-11-12T00:00:00+00:00 [queued]>
[2023-11-20T08:50:23.728+0000] {taskinstance.py:1361} INFO - Starting attempt 1 of 2
[2023-11-20T08:50:23.741+0000] {taskinstance.py:1382} INFO - Executing <Task(PythonOperator): transform_data> on 2023-11-12 00:00:00+00:00
[2023-11-20T08:50:23.750+0000] {standard_task_runner.py:57} INFO - Started process 170 to run task
[2023-11-20T08:50:23.771+0000] {standard_task_runner.py:84} INFO - Running: ['***', 'tasks', 'run', 'austin_animal_shelter_dag', 'transform_data', 'scheduled__2023-11-12T00:00:00+00:00', '--job-id', '32', '--raw', '--subdir', 'DAGS_FOLDER/DAG.py', '--cfg-path', '/tmp/tmphiz2mgvr']
[2023-11-20T08:50:23.786+0000] {standard_task_runner.py:85} INFO - Job 32: Subtask transform_data
[2023-11-20T08:50:23.841+0000] {task_command.py:416} INFO - Running <TaskInstance: austin_animal_shelter_dag.transform_data scheduled__2023-11-12T00:00:00+00:00 [running]> on host 3ef39241d6e6
[2023-11-20T08:50:23.921+0000] {taskinstance.py:1662} INFO - Exporting env vars: AIRFLOW_CTX_DAG_OWNER='***' AIRFLOW_CTX_DAG_ID='austin_animal_shelter_dag' AIRFLOW_CTX_TASK_ID='transform_data' AIRFLOW_CTX_EXECUTION_DATE='2023-11-12T00:00:00+00:00' AIRFLOW_CTX_TRY_NUMBER='1' AIRFLOW_CTX_DAG_RUN_ID='scheduled__2023-11-12T00:00:00+00:00'
[2023-11-20T08:50:25.155+0000] {python.py:194} INFO - Done. Returned value was: None
[2023-11-20T08:50:25.169+0000] {taskinstance.py:1400} INFO - Marking task as SUCCESS. dag_id=austin_animal_shelter_dag, task_id=transform_data, execution_date=20231112T000000, start_date=20231120T085023, end_date=20231120T085025
[2023-11-20T08:50:25.227+0000] {local_task_job_runner.py:228} INFO - Task exited with return code 0
[2023-11-20T08:50:25.271+0000] {taskinstance.py:2778} INFO - 0 downstream tasks scheduled from follow-on schedule check
[2023-11-20T22:32:35.310+0000] {taskinstance.py:1159} INFO - Dependencies all met for dep_context=non-requeueable deps ti=<TaskInstance: austin_animal_shelter_dag.transform_data scheduled__2023-11-12T00:00:00+00:00 [queued]>
[2023-11-20T22:32:35.351+0000] {taskinstance.py:1159} INFO - Dependencies all met for dep_context=requeueable deps ti=<TaskInstance: austin_animal_shelter_dag.transform_data scheduled__2023-11-12T00:00:00+00:00 [queued]>
[2023-11-20T22:32:35.364+0000] {taskinstance.py:1361} INFO - Starting attempt 1 of 2
[2023-11-20T22:32:35.389+0000] {taskinstance.py:1382} INFO - Executing <Task(PythonOperator): transform_data> on 2023-11-12 00:00:00+00:00
[2023-11-20T22:32:35.402+0000] {standard_task_runner.py:57} INFO - Started process 170 to run task
[2023-11-20T22:32:35.445+0000] {standard_task_runner.py:84} INFO - Running: ['***', 'tasks', 'run', 'austin_animal_shelter_dag', 'transform_data', 'scheduled__2023-11-12T00:00:00+00:00', '--job-id', '99', '--raw', '--subdir', 'DAGS_FOLDER/DAG.py', '--cfg-path', '/tmp/tmp9zj4a4md']
[2023-11-20T22:32:35.457+0000] {standard_task_runner.py:85} INFO - Job 99: Subtask transform_data
[2023-11-20T22:32:35.642+0000] {task_command.py:416} INFO - Running <TaskInstance: austin_animal_shelter_dag.transform_data scheduled__2023-11-12T00:00:00+00:00 [running]> on host ad6c889005f6
[2023-11-20T22:32:35.896+0000] {taskinstance.py:1662} INFO - Exporting env vars: AIRFLOW_CTX_DAG_OWNER='***' AIRFLOW_CTX_DAG_ID='austin_animal_shelter_dag' AIRFLOW_CTX_TASK_ID='transform_data' AIRFLOW_CTX_EXECUTION_DATE='2023-11-12T00:00:00+00:00' AIRFLOW_CTX_TRY_NUMBER='1' AIRFLOW_CTX_DAG_RUN_ID='scheduled__2023-11-12T00:00:00+00:00'
[2023-11-20T22:32:37.280+0000] {python.py:194} INFO - Done. Returned value was: None
[2023-11-20T22:32:37.547+0000] {taskinstance.py:1400} INFO - Marking task as SUCCESS. dag_id=austin_animal_shelter_dag, task_id=transform_data, execution_date=20231112T000000, start_date=20231120T223235, end_date=20231120T223237
[2023-11-20T22:32:37.681+0000] {local_task_job_runner.py:228} INFO - Task exited with return code 0
[2023-11-20T22:32:37.888+0000] {taskinstance.py:2778} INFO - 1 downstream tasks scheduled from follow-on schedule check
[2023-11-20T22:47:44.933+0000] {taskinstance.py:1159} INFO - Dependencies all met for dep_context=non-requeueable deps ti=<TaskInstance: austin_animal_shelter_dag.transform_data scheduled__2023-11-12T00:00:00+00:00 [queued]>
[2023-11-20T22:47:44.954+0000] {taskinstance.py:1159} INFO - Dependencies all met for dep_context=requeueable deps ti=<TaskInstance: austin_animal_shelter_dag.transform_data scheduled__2023-11-12T00:00:00+00:00 [queued]>
[2023-11-20T22:47:44.956+0000] {taskinstance.py:1361} INFO - Starting attempt 1 of 2
[2023-11-20T22:47:44.969+0000] {taskinstance.py:1382} INFO - Executing <Task(PythonOperator): transform_data> on 2023-11-12 00:00:00+00:00
[2023-11-20T22:47:44.982+0000] {standard_task_runner.py:57} INFO - Started process 146 to run task
[2023-11-20T22:47:45.004+0000] {standard_task_runner.py:84} INFO - Running: ['***', 'tasks', 'run', 'austin_animal_shelter_dag', 'transform_data', 'scheduled__2023-11-12T00:00:00+00:00', '--job-id', '30', '--raw', '--subdir', 'DAGS_FOLDER/DAG.py', '--cfg-path', '/tmp/tmpcg05ckjr']
[2023-11-20T22:47:45.012+0000] {standard_task_runner.py:85} INFO - Job 30: Subtask transform_data
[2023-11-20T22:47:45.105+0000] {task_command.py:416} INFO - Running <TaskInstance: austin_animal_shelter_dag.transform_data scheduled__2023-11-12T00:00:00+00:00 [running]> on host fda681cc78c9
[2023-11-20T22:47:45.234+0000] {taskinstance.py:1662} INFO - Exporting env vars: AIRFLOW_CTX_DAG_OWNER='***' AIRFLOW_CTX_DAG_ID='austin_animal_shelter_dag' AIRFLOW_CTX_TASK_ID='transform_data' AIRFLOW_CTX_EXECUTION_DATE='2023-11-12T00:00:00+00:00' AIRFLOW_CTX_TRY_NUMBER='1' AIRFLOW_CTX_DAG_RUN_ID='scheduled__2023-11-12T00:00:00+00:00'
[2023-11-20T22:47:48.011+0000] {python.py:194} INFO - Done. Returned value was: None
[2023-11-20T22:47:48.083+0000] {taskinstance.py:1400} INFO - Marking task as SUCCESS. dag_id=austin_animal_shelter_dag, task_id=transform_data, execution_date=20231112T000000, start_date=20231120T224744, end_date=20231120T224748
[2023-11-20T22:47:48.159+0000] {local_task_job_runner.py:228} INFO - Task exited with return code 0
[2023-11-20T22:47:48.256+0000] {taskinstance.py:2778} INFO - 1 downstream tasks scheduled from follow-on schedule check
