[2023-11-20T08:43:30.127+0000] {taskinstance.py:1159} INFO - Dependencies all met for dep_context=non-requeueable deps ti=<TaskInstance: austin_animal_shelter_dag.load_data scheduled__2023-11-13T00:00:00+00:00 [queued]>
[2023-11-20T08:43:30.152+0000] {taskinstance.py:1159} INFO - Dependencies all met for dep_context=requeueable deps ti=<TaskInstance: austin_animal_shelter_dag.load_data scheduled__2023-11-13T00:00:00+00:00 [queued]>
[2023-11-20T08:43:30.154+0000] {taskinstance.py:1361} INFO - Starting attempt 1 of 2
[2023-11-20T08:43:30.169+0000] {taskinstance.py:1382} INFO - Executing <Task(PythonOperator): load_data> on 2023-11-13 00:00:00+00:00
[2023-11-20T08:43:30.176+0000] {standard_task_runner.py:57} INFO - Started process 188 to run task
[2023-11-20T08:43:30.178+0000] {standard_task_runner.py:84} INFO - Running: ['***', 'tasks', 'run', 'austin_animal_shelter_dag', 'load_data', 'scheduled__2023-11-13T00:00:00+00:00', '--job-id', '42', '--raw', '--subdir', 'DAGS_FOLDER/DAG.py', '--cfg-path', '/tmp/tmph3alytp7']
[2023-11-20T08:43:30.187+0000] {standard_task_runner.py:85} INFO - Job 42: Subtask load_data
[2023-11-20T08:43:30.260+0000] {task_command.py:416} INFO - Running <TaskInstance: austin_animal_shelter_dag.load_data scheduled__2023-11-13T00:00:00+00:00 [running]> on host c84b35a13244
[2023-11-20T08:43:30.338+0000] {taskinstance.py:1662} INFO - Exporting env vars: AIRFLOW_CTX_DAG_OWNER='***' AIRFLOW_CTX_DAG_ID='austin_animal_shelter_dag' AIRFLOW_CTX_TASK_ID='load_data' AIRFLOW_CTX_EXECUTION_DATE='2023-11-13T00:00:00+00:00' AIRFLOW_CTX_TRY_NUMBER='1' AIRFLOW_CTX_DAG_RUN_ID='scheduled__2023-11-13T00:00:00+00:00'
[2023-11-20T08:43:30.953+0000] {taskinstance.py:1937} ERROR - Task failed with exception
Traceback (most recent call last):
  File "/home/airflow/.local/lib/python3.8/site-packages/airflow/operators/python.py", line 192, in execute
    return_value = self.execute_callable()
  File "/home/airflow/.local/lib/python3.8/site-packages/airflow/operators/python.py", line 209, in execute_callable
    return self.python_callable(*self.op_args, **self.op_kwargs)
  File "/opt/airflow/dags/Scripts/etl.py", line 179, in load_data
    engine = create_engine(DATABASE_URL)
  File "<string>", line 2, in create_engine
  File "/home/airflow/.local/lib/python3.8/site-packages/sqlalchemy/util/deprecations.py", line 375, in warned
    return fn(*args, **kwargs)
  File "/home/airflow/.local/lib/python3.8/site-packages/sqlalchemy/engine/create.py", line 514, in create_engine
    u = _url.make_url(url)
  File "/home/airflow/.local/lib/python3.8/site-packages/sqlalchemy/engine/url.py", line 738, in make_url
    return _parse_url(name_or_url)
  File "/home/airflow/.local/lib/python3.8/site-packages/sqlalchemy/engine/url.py", line 794, in _parse_url
    components["port"] = int(components["port"])
ValueError: invalid literal for int() with base 10: '{}'
[2023-11-20T08:43:30.959+0000] {taskinstance.py:1400} INFO - Marking task as UP_FOR_RETRY. dag_id=austin_animal_shelter_dag, task_id=load_data, execution_date=20231113T000000, start_date=20231120T084330, end_date=20231120T084330
[2023-11-20T08:43:30.964+0000] {standard_task_runner.py:104} ERROR - Failed to execute job 42 for task load_data (invalid literal for int() with base 10: '{}'; 188)
[2023-11-20T08:43:31.002+0000] {local_task_job_runner.py:228} INFO - Task exited with return code 1
[2023-11-20T08:43:31.012+0000] {taskinstance.py:2778} INFO - 0 downstream tasks scheduled from follow-on schedule check
[2023-11-20T08:46:44.546+0000] {taskinstance.py:1159} INFO - Dependencies all met for dep_context=non-requeueable deps ti=<TaskInstance: austin_animal_shelter_dag.load_data scheduled__2023-11-13T00:00:00+00:00 [queued]>
[2023-11-20T08:46:44.570+0000] {taskinstance.py:1159} INFO - Dependencies all met for dep_context=requeueable deps ti=<TaskInstance: austin_animal_shelter_dag.load_data scheduled__2023-11-13T00:00:00+00:00 [queued]>
[2023-11-20T08:46:44.577+0000] {taskinstance.py:1361} INFO - Starting attempt 1 of 2
[2023-11-20T08:46:44.601+0000] {taskinstance.py:1382} INFO - Executing <Task(PythonOperator): load_data> on 2023-11-13 00:00:00+00:00
[2023-11-20T08:46:44.607+0000] {standard_task_runner.py:57} INFO - Started process 183 to run task
[2023-11-20T08:46:44.642+0000] {standard_task_runner.py:84} INFO - Running: ['***', 'tasks', 'run', 'austin_animal_shelter_dag', 'load_data', 'scheduled__2023-11-13T00:00:00+00:00', '--job-id', '38', '--raw', '--subdir', 'DAGS_FOLDER/DAG.py', '--cfg-path', '/tmp/tmp64f_klmv']
[2023-11-20T08:46:44.676+0000] {standard_task_runner.py:85} INFO - Job 38: Subtask load_data
[2023-11-20T08:46:44.791+0000] {task_command.py:416} INFO - Running <TaskInstance: austin_animal_shelter_dag.load_data scheduled__2023-11-13T00:00:00+00:00 [running]> on host d26cbef9e8ab
[2023-11-20T08:46:44.951+0000] {taskinstance.py:1662} INFO - Exporting env vars: AIRFLOW_CTX_DAG_OWNER='***' AIRFLOW_CTX_DAG_ID='austin_animal_shelter_dag' AIRFLOW_CTX_TASK_ID='load_data' AIRFLOW_CTX_EXECUTION_DATE='2023-11-13T00:00:00+00:00' AIRFLOW_CTX_TRY_NUMBER='1' AIRFLOW_CTX_DAG_RUN_ID='scheduled__2023-11-13T00:00:00+00:00'
[2023-11-20T08:46:47.869+0000] {python.py:194} INFO - Done. Returned value was: None
[2023-11-20T08:46:47.881+0000] {taskinstance.py:1400} INFO - Marking task as SUCCESS. dag_id=austin_animal_shelter_dag, task_id=load_data, execution_date=20231113T000000, start_date=20231120T084644, end_date=20231120T084647
[2023-11-20T08:46:47.920+0000] {local_task_job_runner.py:228} INFO - Task exited with return code 0
[2023-11-20T08:46:47.943+0000] {taskinstance.py:2778} INFO - 0 downstream tasks scheduled from follow-on schedule check
[2023-11-20T08:50:24.312+0000] {taskinstance.py:1159} INFO - Dependencies all met for dep_context=non-requeueable deps ti=<TaskInstance: austin_animal_shelter_dag.load_data scheduled__2023-11-13T00:00:00+00:00 [queued]>
[2023-11-20T08:50:24.323+0000] {taskinstance.py:1159} INFO - Dependencies all met for dep_context=requeueable deps ti=<TaskInstance: austin_animal_shelter_dag.load_data scheduled__2023-11-13T00:00:00+00:00 [queued]>
[2023-11-20T08:50:24.324+0000] {taskinstance.py:1361} INFO - Starting attempt 1 of 2
[2023-11-20T08:50:24.343+0000] {taskinstance.py:1382} INFO - Executing <Task(PythonOperator): load_data> on 2023-11-13 00:00:00+00:00
[2023-11-20T08:50:24.350+0000] {standard_task_runner.py:57} INFO - Started process 185 to run task
[2023-11-20T08:50:24.357+0000] {standard_task_runner.py:84} INFO - Running: ['***', 'tasks', 'run', 'austin_animal_shelter_dag', 'load_data', 'scheduled__2023-11-13T00:00:00+00:00', '--job-id', '41', '--raw', '--subdir', 'DAGS_FOLDER/DAG.py', '--cfg-path', '/tmp/tmppyr7tpt2']
[2023-11-20T08:50:24.365+0000] {standard_task_runner.py:85} INFO - Job 41: Subtask load_data
[2023-11-20T08:50:24.425+0000] {task_command.py:416} INFO - Running <TaskInstance: austin_animal_shelter_dag.load_data scheduled__2023-11-13T00:00:00+00:00 [running]> on host 3ef39241d6e6
[2023-11-20T08:50:24.488+0000] {taskinstance.py:1662} INFO - Exporting env vars: AIRFLOW_CTX_DAG_OWNER='***' AIRFLOW_CTX_DAG_ID='austin_animal_shelter_dag' AIRFLOW_CTX_TASK_ID='load_data' AIRFLOW_CTX_EXECUTION_DATE='2023-11-13T00:00:00+00:00' AIRFLOW_CTX_TRY_NUMBER='1' AIRFLOW_CTX_DAG_RUN_ID='scheduled__2023-11-13T00:00:00+00:00'
[2023-11-20T08:50:27.708+0000] {python.py:194} INFO - Done. Returned value was: None
[2023-11-20T08:50:27.726+0000] {taskinstance.py:1400} INFO - Marking task as SUCCESS. dag_id=austin_animal_shelter_dag, task_id=load_data, execution_date=20231113T000000, start_date=20231120T085024, end_date=20231120T085027
[2023-11-20T08:50:27.780+0000] {local_task_job_runner.py:228} INFO - Task exited with return code 0
[2023-11-20T08:50:27.798+0000] {taskinstance.py:2778} INFO - 0 downstream tasks scheduled from follow-on schedule check
[2023-11-20T22:32:37.684+0000] {taskinstance.py:1159} INFO - Dependencies all met for dep_context=non-requeueable deps ti=<TaskInstance: austin_animal_shelter_dag.load_data scheduled__2023-11-13T00:00:00+00:00 [queued]>
[2023-11-20T22:32:37.734+0000] {taskinstance.py:1159} INFO - Dependencies all met for dep_context=requeueable deps ti=<TaskInstance: austin_animal_shelter_dag.load_data scheduled__2023-11-13T00:00:00+00:00 [queued]>
[2023-11-20T22:32:37.745+0000] {taskinstance.py:1361} INFO - Starting attempt 1 of 2
[2023-11-20T22:32:37.795+0000] {taskinstance.py:1382} INFO - Executing <Task(PythonOperator): load_data> on 2023-11-13 00:00:00+00:00
[2023-11-20T22:32:37.814+0000] {standard_task_runner.py:57} INFO - Started process 190 to run task
[2023-11-20T22:32:37.889+0000] {standard_task_runner.py:84} INFO - Running: ['***', 'tasks', 'run', 'austin_animal_shelter_dag', 'load_data', 'scheduled__2023-11-13T00:00:00+00:00', '--job-id', '105', '--raw', '--subdir', 'DAGS_FOLDER/DAG.py', '--cfg-path', '/tmp/tmpxuww7v4z']
[2023-11-20T22:32:37.922+0000] {standard_task_runner.py:85} INFO - Job 105: Subtask load_data
[2023-11-20T22:32:38.151+0000] {task_command.py:416} INFO - Running <TaskInstance: austin_animal_shelter_dag.load_data scheduled__2023-11-13T00:00:00+00:00 [running]> on host ad6c889005f6
[2023-11-20T22:32:38.454+0000] {taskinstance.py:1662} INFO - Exporting env vars: AIRFLOW_CTX_DAG_OWNER='***' AIRFLOW_CTX_DAG_ID='austin_animal_shelter_dag' AIRFLOW_CTX_TASK_ID='load_data' AIRFLOW_CTX_EXECUTION_DATE='2023-11-13T00:00:00+00:00' AIRFLOW_CTX_TRY_NUMBER='1' AIRFLOW_CTX_DAG_RUN_ID='scheduled__2023-11-13T00:00:00+00:00'
[2023-11-20T22:32:41.504+0000] {python.py:194} INFO - Done. Returned value was: None
[2023-11-20T22:32:41.563+0000] {taskinstance.py:1400} INFO - Marking task as SUCCESS. dag_id=austin_animal_shelter_dag, task_id=load_data, execution_date=20231113T000000, start_date=20231120T223237, end_date=20231120T223241
[2023-11-20T22:32:41.687+0000] {local_task_job_runner.py:228} INFO - Task exited with return code 0
[2023-11-20T22:32:41.772+0000] {taskinstance.py:2778} INFO - 0 downstream tasks scheduled from follow-on schedule check
[2023-11-20T22:47:50.975+0000] {taskinstance.py:1159} INFO - Dependencies all met for dep_context=non-requeueable deps ti=<TaskInstance: austin_animal_shelter_dag.load_data scheduled__2023-11-13T00:00:00+00:00 [queued]>
[2023-11-20T22:47:50.988+0000] {taskinstance.py:1159} INFO - Dependencies all met for dep_context=requeueable deps ti=<TaskInstance: austin_animal_shelter_dag.load_data scheduled__2023-11-13T00:00:00+00:00 [queued]>
[2023-11-20T22:47:50.989+0000] {taskinstance.py:1361} INFO - Starting attempt 1 of 2
[2023-11-20T22:47:51.025+0000] {taskinstance.py:1382} INFO - Executing <Task(PythonOperator): load_data> on 2023-11-13 00:00:00+00:00
[2023-11-20T22:47:51.053+0000] {standard_task_runner.py:57} INFO - Started process 189 to run task
[2023-11-20T22:47:51.075+0000] {standard_task_runner.py:84} INFO - Running: ['***', 'tasks', 'run', 'austin_animal_shelter_dag', 'load_data', 'scheduled__2023-11-13T00:00:00+00:00', '--job-id', '41', '--raw', '--subdir', 'DAGS_FOLDER/DAG.py', '--cfg-path', '/tmp/tmpf4i8pvdx']
[2023-11-20T22:47:51.085+0000] {standard_task_runner.py:85} INFO - Job 41: Subtask load_data
[2023-11-20T22:47:51.316+0000] {task_command.py:416} INFO - Running <TaskInstance: austin_animal_shelter_dag.load_data scheduled__2023-11-13T00:00:00+00:00 [running]> on host fda681cc78c9
[2023-11-20T22:47:51.408+0000] {taskinstance.py:1662} INFO - Exporting env vars: AIRFLOW_CTX_DAG_OWNER='***' AIRFLOW_CTX_DAG_ID='austin_animal_shelter_dag' AIRFLOW_CTX_TASK_ID='load_data' AIRFLOW_CTX_EXECUTION_DATE='2023-11-13T00:00:00+00:00' AIRFLOW_CTX_TRY_NUMBER='1' AIRFLOW_CTX_DAG_RUN_ID='scheduled__2023-11-13T00:00:00+00:00'
[2023-11-20T22:47:55.642+0000] {python.py:194} INFO - Done. Returned value was: None
[2023-11-20T22:47:55.687+0000] {taskinstance.py:1400} INFO - Marking task as SUCCESS. dag_id=austin_animal_shelter_dag, task_id=load_data, execution_date=20231113T000000, start_date=20231120T224750, end_date=20231120T224755
[2023-11-20T22:47:55.793+0000] {local_task_job_runner.py:228} INFO - Task exited with return code 0
[2023-11-20T22:47:55.881+0000] {taskinstance.py:2778} INFO - 0 downstream tasks scheduled from follow-on schedule check
