[2023-11-20T08:43:31.552+0000] {taskinstance.py:1159} INFO - Dependencies all met for dep_context=non-requeueable deps ti=<TaskInstance: austin_animal_shelter_dag.load_data scheduled__2023-11-06T00:00:00+00:00 [queued]>
[2023-11-20T08:43:31.556+0000] {taskinstance.py:1159} INFO - Dependencies all met for dep_context=requeueable deps ti=<TaskInstance: austin_animal_shelter_dag.load_data scheduled__2023-11-06T00:00:00+00:00 [queued]>
[2023-11-20T08:43:31.556+0000] {taskinstance.py:1361} INFO - Starting attempt 1 of 2
[2023-11-20T08:43:31.560+0000] {taskinstance.py:1382} INFO - Executing <Task(PythonOperator): load_data> on 2023-11-06 00:00:00+00:00
[2023-11-20T08:43:31.563+0000] {standard_task_runner.py:57} INFO - Started process 196 to run task
[2023-11-20T08:43:31.565+0000] {standard_task_runner.py:84} INFO - Running: ['***', 'tasks', 'run', 'austin_animal_shelter_dag', 'load_data', 'scheduled__2023-11-06T00:00:00+00:00', '--job-id', '49', '--raw', '--subdir', 'DAGS_FOLDER/DAG.py', '--cfg-path', '/tmp/tmpy89mtcnf']
[2023-11-20T08:43:31.566+0000] {standard_task_runner.py:85} INFO - Job 49: Subtask load_data
[2023-11-20T08:43:31.585+0000] {task_command.py:416} INFO - Running <TaskInstance: austin_animal_shelter_dag.load_data scheduled__2023-11-06T00:00:00+00:00 [running]> on host c84b35a13244
[2023-11-20T08:43:31.609+0000] {taskinstance.py:1662} INFO - Exporting env vars: AIRFLOW_CTX_DAG_OWNER='***' AIRFLOW_CTX_DAG_ID='austin_animal_shelter_dag' AIRFLOW_CTX_TASK_ID='load_data' AIRFLOW_CTX_EXECUTION_DATE='2023-11-06T00:00:00+00:00' AIRFLOW_CTX_TRY_NUMBER='1' AIRFLOW_CTX_DAG_RUN_ID='scheduled__2023-11-06T00:00:00+00:00'
[2023-11-20T08:43:32.195+0000] {taskinstance.py:1937} ERROR - Task failed with exception
Traceback (most recent call last):
  File "/home/airflow/.local/lib/python3.8/site-packages/airflow/operators/python.py", line 192, in execute
    return_value = self.execute_callable()
  File "/home/airflow/.local/lib/python3.8/site-packages/airflow/operators/python.py", line 209, in execute_callable
    return self.python_callable(*self.op_args, **self.op_kwargs)
  File "/opt/airflow/dags/Scripts/etl.py", line 179, in load_data
    engine = create_engine(DATABASE_URL)
  File "<string>", line 2, in create_engine
  File "/home/airflow/.local/lib/python3.8/site-packages/sqlalchemy/util/deprecations.py", line 375, in warned
    return fn(*args, **kwargs)
  File "/home/airflow/.local/lib/python3.8/site-packages/sqlalchemy/engine/create.py", line 514, in create_engine
    u = _url.make_url(url)
  File "/home/airflow/.local/lib/python3.8/site-packages/sqlalchemy/engine/url.py", line 738, in make_url
    return _parse_url(name_or_url)
  File "/home/airflow/.local/lib/python3.8/site-packages/sqlalchemy/engine/url.py", line 794, in _parse_url
    components["port"] = int(components["port"])
ValueError: invalid literal for int() with base 10: '{}'
[2023-11-20T08:43:32.214+0000] {taskinstance.py:1400} INFO - Marking task as UP_FOR_RETRY. dag_id=austin_animal_shelter_dag, task_id=load_data, execution_date=20231106T000000, start_date=20231120T084331, end_date=20231120T084332
[2023-11-20T08:43:32.228+0000] {standard_task_runner.py:104} ERROR - Failed to execute job 49 for task load_data (invalid literal for int() with base 10: '{}'; 196)
[2023-11-20T08:43:32.247+0000] {local_task_job_runner.py:228} INFO - Task exited with return code 1
[2023-11-20T08:43:32.261+0000] {taskinstance.py:2778} INFO - 0 downstream tasks scheduled from follow-on schedule check
[2023-11-20T08:46:45.262+0000] {taskinstance.py:1159} INFO - Dependencies all met for dep_context=non-requeueable deps ti=<TaskInstance: austin_animal_shelter_dag.load_data scheduled__2023-11-06T00:00:00+00:00 [queued]>
[2023-11-20T08:46:45.271+0000] {taskinstance.py:1159} INFO - Dependencies all met for dep_context=requeueable deps ti=<TaskInstance: austin_animal_shelter_dag.load_data scheduled__2023-11-06T00:00:00+00:00 [queued]>
[2023-11-20T08:46:45.271+0000] {taskinstance.py:1361} INFO - Starting attempt 1 of 2
[2023-11-20T08:46:45.283+0000] {taskinstance.py:1382} INFO - Executing <Task(PythonOperator): load_data> on 2023-11-06 00:00:00+00:00
[2023-11-20T08:46:45.293+0000] {standard_task_runner.py:57} INFO - Started process 196 to run task
[2023-11-20T08:46:45.297+0000] {standard_task_runner.py:84} INFO - Running: ['***', 'tasks', 'run', 'austin_animal_shelter_dag', 'load_data', 'scheduled__2023-11-06T00:00:00+00:00', '--job-id', '43', '--raw', '--subdir', 'DAGS_FOLDER/DAG.py', '--cfg-path', '/tmp/tmpi9styd68']
[2023-11-20T08:46:45.304+0000] {standard_task_runner.py:85} INFO - Job 43: Subtask load_data
[2023-11-20T08:46:45.358+0000] {task_command.py:416} INFO - Running <TaskInstance: austin_animal_shelter_dag.load_data scheduled__2023-11-06T00:00:00+00:00 [running]> on host d26cbef9e8ab
[2023-11-20T08:46:45.427+0000] {taskinstance.py:1662} INFO - Exporting env vars: AIRFLOW_CTX_DAG_OWNER='***' AIRFLOW_CTX_DAG_ID='austin_animal_shelter_dag' AIRFLOW_CTX_TASK_ID='load_data' AIRFLOW_CTX_EXECUTION_DATE='2023-11-06T00:00:00+00:00' AIRFLOW_CTX_TRY_NUMBER='1' AIRFLOW_CTX_DAG_RUN_ID='scheduled__2023-11-06T00:00:00+00:00'
[2023-11-20T08:46:48.201+0000] {python.py:194} INFO - Done. Returned value was: None
[2023-11-20T08:46:48.208+0000] {taskinstance.py:1400} INFO - Marking task as SUCCESS. dag_id=austin_animal_shelter_dag, task_id=load_data, execution_date=20231106T000000, start_date=20231120T084645, end_date=20231120T084648
[2023-11-20T08:46:48.234+0000] {local_task_job_runner.py:228} INFO - Task exited with return code 0
[2023-11-20T08:46:48.245+0000] {taskinstance.py:2778} INFO - 0 downstream tasks scheduled from follow-on schedule check
[2023-11-20T08:50:24.299+0000] {taskinstance.py:1159} INFO - Dependencies all met for dep_context=non-requeueable deps ti=<TaskInstance: austin_animal_shelter_dag.load_data scheduled__2023-11-06T00:00:00+00:00 [queued]>
[2023-11-20T08:50:24.305+0000] {taskinstance.py:1159} INFO - Dependencies all met for dep_context=requeueable deps ti=<TaskInstance: austin_animal_shelter_dag.load_data scheduled__2023-11-06T00:00:00+00:00 [queued]>
[2023-11-20T08:50:24.306+0000] {taskinstance.py:1361} INFO - Starting attempt 1 of 2
[2023-11-20T08:50:24.327+0000] {taskinstance.py:1382} INFO - Executing <Task(PythonOperator): load_data> on 2023-11-06 00:00:00+00:00
[2023-11-20T08:50:24.337+0000] {standard_task_runner.py:57} INFO - Started process 184 to run task
[2023-11-20T08:50:24.343+0000] {standard_task_runner.py:84} INFO - Running: ['***', 'tasks', 'run', 'austin_animal_shelter_dag', 'load_data', 'scheduled__2023-11-06T00:00:00+00:00', '--job-id', '42', '--raw', '--subdir', 'DAGS_FOLDER/DAG.py', '--cfg-path', '/tmp/tmps09u8gmf']
[2023-11-20T08:50:24.349+0000] {standard_task_runner.py:85} INFO - Job 42: Subtask load_data
[2023-11-20T08:50:24.418+0000] {task_command.py:416} INFO - Running <TaskInstance: austin_animal_shelter_dag.load_data scheduled__2023-11-06T00:00:00+00:00 [running]> on host 3ef39241d6e6
[2023-11-20T08:50:24.482+0000] {taskinstance.py:1662} INFO - Exporting env vars: AIRFLOW_CTX_DAG_OWNER='***' AIRFLOW_CTX_DAG_ID='austin_animal_shelter_dag' AIRFLOW_CTX_TASK_ID='load_data' AIRFLOW_CTX_EXECUTION_DATE='2023-11-06T00:00:00+00:00' AIRFLOW_CTX_TRY_NUMBER='1' AIRFLOW_CTX_DAG_RUN_ID='scheduled__2023-11-06T00:00:00+00:00'
[2023-11-20T08:50:27.765+0000] {python.py:194} INFO - Done. Returned value was: None
[2023-11-20T08:50:27.775+0000] {taskinstance.py:1400} INFO - Marking task as SUCCESS. dag_id=austin_animal_shelter_dag, task_id=load_data, execution_date=20231106T000000, start_date=20231120T085024, end_date=20231120T085027
[2023-11-20T08:50:27.799+0000] {local_task_job_runner.py:228} INFO - Task exited with return code 0
[2023-11-20T08:50:27.817+0000] {taskinstance.py:2778} INFO - 0 downstream tasks scheduled from follow-on schedule check
[2023-11-20T22:32:37.051+0000] {taskinstance.py:1159} INFO - Dependencies all met for dep_context=non-requeueable deps ti=<TaskInstance: austin_animal_shelter_dag.load_data scheduled__2023-11-06T00:00:00+00:00 [queued]>
[2023-11-20T22:32:37.104+0000] {taskinstance.py:1159} INFO - Dependencies all met for dep_context=requeueable deps ti=<TaskInstance: austin_animal_shelter_dag.load_data scheduled__2023-11-06T00:00:00+00:00 [queued]>
[2023-11-20T22:32:37.107+0000] {taskinstance.py:1361} INFO - Starting attempt 1 of 2
[2023-11-20T22:32:37.378+0000] {taskinstance.py:1382} INFO - Executing <Task(PythonOperator): load_data> on 2023-11-06 00:00:00+00:00
[2023-11-20T22:32:37.440+0000] {standard_task_runner.py:57} INFO - Started process 177 to run task
[2023-11-20T22:32:37.492+0000] {standard_task_runner.py:84} INFO - Running: ['***', 'tasks', 'run', 'austin_animal_shelter_dag', 'load_data', 'scheduled__2023-11-06T00:00:00+00:00', '--job-id', '101', '--raw', '--subdir', 'DAGS_FOLDER/DAG.py', '--cfg-path', '/tmp/tmptgbzaf2w']
[2023-11-20T22:32:37.548+0000] {standard_task_runner.py:85} INFO - Job 101: Subtask load_data
[2023-11-20T22:32:37.926+0000] {task_command.py:416} INFO - Running <TaskInstance: austin_animal_shelter_dag.load_data scheduled__2023-11-06T00:00:00+00:00 [running]> on host ad6c889005f6
[2023-11-20T22:32:38.166+0000] {taskinstance.py:1662} INFO - Exporting env vars: AIRFLOW_CTX_DAG_OWNER='***' AIRFLOW_CTX_DAG_ID='austin_animal_shelter_dag' AIRFLOW_CTX_TASK_ID='load_data' AIRFLOW_CTX_EXECUTION_DATE='2023-11-06T00:00:00+00:00' AIRFLOW_CTX_TRY_NUMBER='1' AIRFLOW_CTX_DAG_RUN_ID='scheduled__2023-11-06T00:00:00+00:00'
[2023-11-20T22:32:41.566+0000] {python.py:194} INFO - Done. Returned value was: None
[2023-11-20T22:32:41.662+0000] {taskinstance.py:1400} INFO - Marking task as SUCCESS. dag_id=austin_animal_shelter_dag, task_id=load_data, execution_date=20231106T000000, start_date=20231120T223237, end_date=20231120T223241
[2023-11-20T22:32:41.792+0000] {local_task_job_runner.py:228} INFO - Task exited with return code 0
[2023-11-20T22:32:41.951+0000] {taskinstance.py:2778} INFO - 0 downstream tasks scheduled from follow-on schedule check
[2023-11-20T22:47:52.496+0000] {taskinstance.py:1159} INFO - Dependencies all met for dep_context=non-requeueable deps ti=<TaskInstance: austin_animal_shelter_dag.load_data scheduled__2023-11-06T00:00:00+00:00 [queued]>
[2023-11-20T22:47:52.503+0000] {taskinstance.py:1159} INFO - Dependencies all met for dep_context=requeueable deps ti=<TaskInstance: austin_animal_shelter_dag.load_data scheduled__2023-11-06T00:00:00+00:00 [queued]>
[2023-11-20T22:47:52.504+0000] {taskinstance.py:1361} INFO - Starting attempt 1 of 2
[2023-11-20T22:47:52.520+0000] {taskinstance.py:1382} INFO - Executing <Task(PythonOperator): load_data> on 2023-11-06 00:00:00+00:00
[2023-11-20T22:47:52.536+0000] {standard_task_runner.py:57} INFO - Started process 197 to run task
[2023-11-20T22:47:52.552+0000] {standard_task_runner.py:84} INFO - Running: ['***', 'tasks', 'run', 'austin_animal_shelter_dag', 'load_data', 'scheduled__2023-11-06T00:00:00+00:00', '--job-id', '46', '--raw', '--subdir', 'DAGS_FOLDER/DAG.py', '--cfg-path', '/tmp/tmpt2dwruj5']
[2023-11-20T22:47:52.559+0000] {standard_task_runner.py:85} INFO - Job 46: Subtask load_data
[2023-11-20T22:47:52.630+0000] {task_command.py:416} INFO - Running <TaskInstance: austin_animal_shelter_dag.load_data scheduled__2023-11-06T00:00:00+00:00 [running]> on host fda681cc78c9
[2023-11-20T22:47:52.726+0000] {taskinstance.py:1662} INFO - Exporting env vars: AIRFLOW_CTX_DAG_OWNER='***' AIRFLOW_CTX_DAG_ID='austin_animal_shelter_dag' AIRFLOW_CTX_TASK_ID='load_data' AIRFLOW_CTX_EXECUTION_DATE='2023-11-06T00:00:00+00:00' AIRFLOW_CTX_TRY_NUMBER='1' AIRFLOW_CTX_DAG_RUN_ID='scheduled__2023-11-06T00:00:00+00:00'
[2023-11-20T22:47:56.958+0000] {python.py:194} INFO - Done. Returned value was: None
[2023-11-20T22:47:56.988+0000] {taskinstance.py:1400} INFO - Marking task as SUCCESS. dag_id=austin_animal_shelter_dag, task_id=load_data, execution_date=20231106T000000, start_date=20231120T224752, end_date=20231120T224756
[2023-11-20T22:47:57.064+0000] {local_task_job_runner.py:228} INFO - Task exited with return code 0
[2023-11-20T22:47:57.112+0000] {taskinstance.py:2778} INFO - 0 downstream tasks scheduled from follow-on schedule check
