[2023-11-20T08:43:28.107+0000] {taskinstance.py:1159} INFO - Dependencies all met for dep_context=non-requeueable deps ti=<TaskInstance: austin_animal_shelter_dag.transform_data scheduled__2023-11-07T00:00:00+00:00 [queued]>
[2023-11-20T08:43:28.118+0000] {taskinstance.py:1159} INFO - Dependencies all met for dep_context=requeueable deps ti=<TaskInstance: austin_animal_shelter_dag.transform_data scheduled__2023-11-07T00:00:00+00:00 [queued]>
[2023-11-20T08:43:28.118+0000] {taskinstance.py:1361} INFO - Starting attempt 1 of 2
[2023-11-20T08:43:28.134+0000] {taskinstance.py:1382} INFO - Executing <Task(PythonOperator): transform_data> on 2023-11-07 00:00:00+00:00
[2023-11-20T08:43:28.139+0000] {standard_task_runner.py:57} INFO - Started process 144 to run task
[2023-11-20T08:43:28.142+0000] {standard_task_runner.py:84} INFO - Running: ['***', 'tasks', 'run', 'austin_animal_shelter_dag', 'transform_data', 'scheduled__2023-11-07T00:00:00+00:00', '--job-id', '29', '--raw', '--subdir', 'DAGS_FOLDER/DAG.py', '--cfg-path', '/tmp/tmpga6jsd6y']
[2023-11-20T08:43:28.146+0000] {standard_task_runner.py:85} INFO - Job 29: Subtask transform_data
[2023-11-20T08:43:28.183+0000] {task_command.py:416} INFO - Running <TaskInstance: austin_animal_shelter_dag.transform_data scheduled__2023-11-07T00:00:00+00:00 [running]> on host c84b35a13244
[2023-11-20T08:43:28.231+0000] {taskinstance.py:1662} INFO - Exporting env vars: AIRFLOW_CTX_DAG_OWNER='***' AIRFLOW_CTX_DAG_ID='austin_animal_shelter_dag' AIRFLOW_CTX_TASK_ID='transform_data' AIRFLOW_CTX_EXECUTION_DATE='2023-11-07T00:00:00+00:00' AIRFLOW_CTX_TRY_NUMBER='1' AIRFLOW_CTX_DAG_RUN_ID='scheduled__2023-11-07T00:00:00+00:00'
[2023-11-20T08:43:29.210+0000] {python.py:194} INFO - Done. Returned value was: None
[2023-11-20T08:43:29.219+0000] {taskinstance.py:1400} INFO - Marking task as SUCCESS. dag_id=austin_animal_shelter_dag, task_id=transform_data, execution_date=20231107T000000, start_date=20231120T084328, end_date=20231120T084329
[2023-11-20T08:43:29.325+0000] {local_task_job_runner.py:228} INFO - Task exited with return code 0
[2023-11-20T08:43:29.359+0000] {taskinstance.py:2778} INFO - 1 downstream tasks scheduled from follow-on schedule check
[2023-11-20T08:46:44.508+0000] {taskinstance.py:1159} INFO - Dependencies all met for dep_context=non-requeueable deps ti=<TaskInstance: austin_animal_shelter_dag.transform_data scheduled__2023-11-07T00:00:00+00:00 [queued]>
[2023-11-20T08:46:44.534+0000] {taskinstance.py:1159} INFO - Dependencies all met for dep_context=requeueable deps ti=<TaskInstance: austin_animal_shelter_dag.transform_data scheduled__2023-11-07T00:00:00+00:00 [queued]>
[2023-11-20T08:46:44.541+0000] {taskinstance.py:1361} INFO - Starting attempt 1 of 2
[2023-11-20T08:46:44.561+0000] {taskinstance.py:1382} INFO - Executing <Task(PythonOperator): transform_data> on 2023-11-07 00:00:00+00:00
[2023-11-20T08:46:44.584+0000] {standard_task_runner.py:57} INFO - Started process 180 to run task
[2023-11-20T08:46:44.596+0000] {standard_task_runner.py:84} INFO - Running: ['***', 'tasks', 'run', 'austin_animal_shelter_dag', 'transform_data', 'scheduled__2023-11-07T00:00:00+00:00', '--job-id', '34', '--raw', '--subdir', 'DAGS_FOLDER/DAG.py', '--cfg-path', '/tmp/tmp0d3_ffw0']
[2023-11-20T08:46:44.603+0000] {standard_task_runner.py:85} INFO - Job 34: Subtask transform_data
[2023-11-20T08:46:44.714+0000] {task_command.py:416} INFO - Running <TaskInstance: austin_animal_shelter_dag.transform_data scheduled__2023-11-07T00:00:00+00:00 [running]> on host d26cbef9e8ab
[2023-11-20T08:46:44.824+0000] {taskinstance.py:1662} INFO - Exporting env vars: AIRFLOW_CTX_DAG_OWNER='***' AIRFLOW_CTX_DAG_ID='austin_animal_shelter_dag' AIRFLOW_CTX_TASK_ID='transform_data' AIRFLOW_CTX_EXECUTION_DATE='2023-11-07T00:00:00+00:00' AIRFLOW_CTX_TRY_NUMBER='1' AIRFLOW_CTX_DAG_RUN_ID='scheduled__2023-11-07T00:00:00+00:00'
[2023-11-20T08:46:45.917+0000] {python.py:194} INFO - Done. Returned value was: None
[2023-11-20T08:46:45.925+0000] {taskinstance.py:1400} INFO - Marking task as SUCCESS. dag_id=austin_animal_shelter_dag, task_id=transform_data, execution_date=20231107T000000, start_date=20231120T084644, end_date=20231120T084645
[2023-11-20T08:46:45.958+0000] {local_task_job_runner.py:228} INFO - Task exited with return code 0
[2023-11-20T08:46:45.970+0000] {taskinstance.py:2778} INFO - 1 downstream tasks scheduled from follow-on schedule check
[2023-11-20T08:50:21.462+0000] {taskinstance.py:1159} INFO - Dependencies all met for dep_context=non-requeueable deps ti=<TaskInstance: austin_animal_shelter_dag.transform_data scheduled__2023-11-07T00:00:00+00:00 [queued]>
[2023-11-20T08:50:21.474+0000] {taskinstance.py:1159} INFO - Dependencies all met for dep_context=requeueable deps ti=<TaskInstance: austin_animal_shelter_dag.transform_data scheduled__2023-11-07T00:00:00+00:00 [queued]>
[2023-11-20T08:50:21.475+0000] {taskinstance.py:1361} INFO - Starting attempt 1 of 2
[2023-11-20T08:50:21.486+0000] {taskinstance.py:1382} INFO - Executing <Task(PythonOperator): transform_data> on 2023-11-07 00:00:00+00:00
[2023-11-20T08:50:21.504+0000] {standard_task_runner.py:57} INFO - Started process 136 to run task
[2023-11-20T08:50:21.523+0000] {standard_task_runner.py:84} INFO - Running: ['***', 'tasks', 'run', 'austin_animal_shelter_dag', 'transform_data', 'scheduled__2023-11-07T00:00:00+00:00', '--job-id', '26', '--raw', '--subdir', 'DAGS_FOLDER/DAG.py', '--cfg-path', '/tmp/tmp5dtqt7r8']
[2023-11-20T08:50:21.530+0000] {standard_task_runner.py:85} INFO - Job 26: Subtask transform_data
[2023-11-20T08:50:21.599+0000] {task_command.py:416} INFO - Running <TaskInstance: austin_animal_shelter_dag.transform_data scheduled__2023-11-07T00:00:00+00:00 [running]> on host 3ef39241d6e6
[2023-11-20T08:50:21.665+0000] {taskinstance.py:1662} INFO - Exporting env vars: AIRFLOW_CTX_DAG_OWNER='***' AIRFLOW_CTX_DAG_ID='austin_animal_shelter_dag' AIRFLOW_CTX_TASK_ID='transform_data' AIRFLOW_CTX_EXECUTION_DATE='2023-11-07T00:00:00+00:00' AIRFLOW_CTX_TRY_NUMBER='1' AIRFLOW_CTX_DAG_RUN_ID='scheduled__2023-11-07T00:00:00+00:00'
[2023-11-20T08:50:22.921+0000] {python.py:194} INFO - Done. Returned value was: None
[2023-11-20T08:50:22.931+0000] {taskinstance.py:1400} INFO - Marking task as SUCCESS. dag_id=austin_animal_shelter_dag, task_id=transform_data, execution_date=20231107T000000, start_date=20231120T085021, end_date=20231120T085022
[2023-11-20T08:50:22.975+0000] {local_task_job_runner.py:228} INFO - Task exited with return code 0
[2023-11-20T08:50:23.022+0000] {taskinstance.py:2778} INFO - 1 downstream tasks scheduled from follow-on schedule check
[2023-11-20T22:32:31.931+0000] {taskinstance.py:1159} INFO - Dependencies all met for dep_context=non-requeueable deps ti=<TaskInstance: austin_animal_shelter_dag.transform_data scheduled__2023-11-07T00:00:00+00:00 [queued]>
[2023-11-20T22:32:31.954+0000] {taskinstance.py:1159} INFO - Dependencies all met for dep_context=requeueable deps ti=<TaskInstance: austin_animal_shelter_dag.transform_data scheduled__2023-11-07T00:00:00+00:00 [queued]>
[2023-11-20T22:32:31.956+0000] {taskinstance.py:1361} INFO - Starting attempt 1 of 2
[2023-11-20T22:32:31.984+0000] {taskinstance.py:1382} INFO - Executing <Task(PythonOperator): transform_data> on 2023-11-07 00:00:00+00:00
[2023-11-20T22:32:31.996+0000] {standard_task_runner.py:57} INFO - Started process 129 to run task
[2023-11-20T22:32:32.009+0000] {standard_task_runner.py:84} INFO - Running: ['***', 'tasks', 'run', 'austin_animal_shelter_dag', 'transform_data', 'scheduled__2023-11-07T00:00:00+00:00', '--job-id', '89', '--raw', '--subdir', 'DAGS_FOLDER/DAG.py', '--cfg-path', '/tmp/tmpd_ph0v_c']
[2023-11-20T22:32:32.024+0000] {standard_task_runner.py:85} INFO - Job 89: Subtask transform_data
[2023-11-20T22:32:32.191+0000] {task_command.py:416} INFO - Running <TaskInstance: austin_animal_shelter_dag.transform_data scheduled__2023-11-07T00:00:00+00:00 [running]> on host ad6c889005f6
[2023-11-20T22:32:32.381+0000] {taskinstance.py:1662} INFO - Exporting env vars: AIRFLOW_CTX_DAG_OWNER='***' AIRFLOW_CTX_DAG_ID='austin_animal_shelter_dag' AIRFLOW_CTX_TASK_ID='transform_data' AIRFLOW_CTX_EXECUTION_DATE='2023-11-07T00:00:00+00:00' AIRFLOW_CTX_TRY_NUMBER='1' AIRFLOW_CTX_DAG_RUN_ID='scheduled__2023-11-07T00:00:00+00:00'
[2023-11-20T22:32:33.683+0000] {python.py:194} INFO - Done. Returned value was: None
[2023-11-20T22:32:33.734+0000] {taskinstance.py:1400} INFO - Marking task as SUCCESS. dag_id=austin_animal_shelter_dag, task_id=transform_data, execution_date=20231107T000000, start_date=20231120T223231, end_date=20231120T223233
[2023-11-20T22:32:33.815+0000] {local_task_job_runner.py:228} INFO - Task exited with return code 0
[2023-11-20T22:32:34.008+0000] {taskinstance.py:2778} INFO - 1 downstream tasks scheduled from follow-on schedule check
[2023-11-20T22:47:42.623+0000] {taskinstance.py:1159} INFO - Dependencies all met for dep_context=non-requeueable deps ti=<TaskInstance: austin_animal_shelter_dag.transform_data scheduled__2023-11-07T00:00:00+00:00 [queued]>
[2023-11-20T22:47:42.634+0000] {taskinstance.py:1159} INFO - Dependencies all met for dep_context=requeueable deps ti=<TaskInstance: austin_animal_shelter_dag.transform_data scheduled__2023-11-07T00:00:00+00:00 [queued]>
[2023-11-20T22:47:42.635+0000] {taskinstance.py:1361} INFO - Starting attempt 1 of 2
[2023-11-20T22:47:42.647+0000] {taskinstance.py:1382} INFO - Executing <Task(PythonOperator): transform_data> on 2023-11-07 00:00:00+00:00
[2023-11-20T22:47:42.653+0000] {standard_task_runner.py:57} INFO - Started process 125 to run task
[2023-11-20T22:47:42.658+0000] {standard_task_runner.py:84} INFO - Running: ['***', 'tasks', 'run', 'austin_animal_shelter_dag', 'transform_data', 'scheduled__2023-11-07T00:00:00+00:00', '--job-id', '23', '--raw', '--subdir', 'DAGS_FOLDER/DAG.py', '--cfg-path', '/tmp/tmp46c5gr7l']
[2023-11-20T22:47:42.664+0000] {standard_task_runner.py:85} INFO - Job 23: Subtask transform_data
[2023-11-20T22:47:42.727+0000] {task_command.py:416} INFO - Running <TaskInstance: austin_animal_shelter_dag.transform_data scheduled__2023-11-07T00:00:00+00:00 [running]> on host fda681cc78c9
[2023-11-20T22:47:42.829+0000] {taskinstance.py:1662} INFO - Exporting env vars: AIRFLOW_CTX_DAG_OWNER='***' AIRFLOW_CTX_DAG_ID='austin_animal_shelter_dag' AIRFLOW_CTX_TASK_ID='transform_data' AIRFLOW_CTX_EXECUTION_DATE='2023-11-07T00:00:00+00:00' AIRFLOW_CTX_TRY_NUMBER='1' AIRFLOW_CTX_DAG_RUN_ID='scheduled__2023-11-07T00:00:00+00:00'
[2023-11-20T22:47:45.692+0000] {python.py:194} INFO - Done. Returned value was: None
[2023-11-20T22:47:45.763+0000] {taskinstance.py:1400} INFO - Marking task as SUCCESS. dag_id=austin_animal_shelter_dag, task_id=transform_data, execution_date=20231107T000000, start_date=20231120T224742, end_date=20231120T224745
[2023-11-20T22:47:45.915+0000] {local_task_job_runner.py:228} INFO - Task exited with return code 0
[2023-11-20T22:47:45.977+0000] {taskinstance.py:2778} INFO - 1 downstream tasks scheduled from follow-on schedule check
