[2023-11-20T08:43:28.134+0000] {taskinstance.py:1159} INFO - Dependencies all met for dep_context=non-requeueable deps ti=<TaskInstance: austin_animal_shelter_dag.transform_data scheduled__2023-11-16T00:00:00+00:00 [queued]>
[2023-11-20T08:43:28.143+0000] {taskinstance.py:1159} INFO - Dependencies all met for dep_context=requeueable deps ti=<TaskInstance: austin_animal_shelter_dag.transform_data scheduled__2023-11-16T00:00:00+00:00 [queued]>
[2023-11-20T08:43:28.143+0000] {taskinstance.py:1361} INFO - Starting attempt 1 of 2
[2023-11-20T08:43:28.155+0000] {taskinstance.py:1382} INFO - Executing <Task(PythonOperator): transform_data> on 2023-11-16 00:00:00+00:00
[2023-11-20T08:43:28.159+0000] {standard_task_runner.py:57} INFO - Started process 146 to run task
[2023-11-20T08:43:28.162+0000] {standard_task_runner.py:84} INFO - Running: ['***', 'tasks', 'run', 'austin_animal_shelter_dag', 'transform_data', 'scheduled__2023-11-16T00:00:00+00:00', '--job-id', '31', '--raw', '--subdir', 'DAGS_FOLDER/DAG.py', '--cfg-path', '/tmp/tmpex0by52w']
[2023-11-20T08:43:28.166+0000] {standard_task_runner.py:85} INFO - Job 31: Subtask transform_data
[2023-11-20T08:43:28.204+0000] {task_command.py:416} INFO - Running <TaskInstance: austin_animal_shelter_dag.transform_data scheduled__2023-11-16T00:00:00+00:00 [running]> on host c84b35a13244
[2023-11-20T08:43:28.250+0000] {taskinstance.py:1662} INFO - Exporting env vars: AIRFLOW_CTX_DAG_OWNER='***' AIRFLOW_CTX_DAG_ID='austin_animal_shelter_dag' AIRFLOW_CTX_TASK_ID='transform_data' AIRFLOW_CTX_EXECUTION_DATE='2023-11-16T00:00:00+00:00' AIRFLOW_CTX_TRY_NUMBER='1' AIRFLOW_CTX_DAG_RUN_ID='scheduled__2023-11-16T00:00:00+00:00'
[2023-11-20T08:43:29.228+0000] {python.py:194} INFO - Done. Returned value was: None
[2023-11-20T08:43:29.258+0000] {taskinstance.py:1400} INFO - Marking task as SUCCESS. dag_id=austin_animal_shelter_dag, task_id=transform_data, execution_date=20231116T000000, start_date=20231120T084328, end_date=20231120T084329
[2023-11-20T08:43:29.306+0000] {local_task_job_runner.py:228} INFO - Task exited with return code 0
[2023-11-20T08:43:29.329+0000] {taskinstance.py:2778} INFO - 1 downstream tasks scheduled from follow-on schedule check
[2023-11-20T08:46:42.558+0000] {taskinstance.py:1159} INFO - Dependencies all met for dep_context=non-requeueable deps ti=<TaskInstance: austin_animal_shelter_dag.transform_data scheduled__2023-11-16T00:00:00+00:00 [queued]>
[2023-11-20T08:46:42.565+0000] {taskinstance.py:1159} INFO - Dependencies all met for dep_context=requeueable deps ti=<TaskInstance: austin_animal_shelter_dag.transform_data scheduled__2023-11-16T00:00:00+00:00 [queued]>
[2023-11-20T08:46:42.565+0000] {taskinstance.py:1361} INFO - Starting attempt 1 of 2
[2023-11-20T08:46:42.572+0000] {taskinstance.py:1382} INFO - Executing <Task(PythonOperator): transform_data> on 2023-11-16 00:00:00+00:00
[2023-11-20T08:46:42.576+0000] {standard_task_runner.py:57} INFO - Started process 150 to run task
[2023-11-20T08:46:42.578+0000] {standard_task_runner.py:84} INFO - Running: ['***', 'tasks', 'run', 'austin_animal_shelter_dag', 'transform_data', 'scheduled__2023-11-16T00:00:00+00:00', '--job-id', '29', '--raw', '--subdir', 'DAGS_FOLDER/DAG.py', '--cfg-path', '/tmp/tmpj2qhe1wx']
[2023-11-20T08:46:42.581+0000] {standard_task_runner.py:85} INFO - Job 29: Subtask transform_data
[2023-11-20T08:46:42.615+0000] {task_command.py:416} INFO - Running <TaskInstance: austin_animal_shelter_dag.transform_data scheduled__2023-11-16T00:00:00+00:00 [running]> on host d26cbef9e8ab
[2023-11-20T08:46:42.657+0000] {taskinstance.py:1662} INFO - Exporting env vars: AIRFLOW_CTX_DAG_OWNER='***' AIRFLOW_CTX_DAG_ID='austin_animal_shelter_dag' AIRFLOW_CTX_TASK_ID='transform_data' AIRFLOW_CTX_EXECUTION_DATE='2023-11-16T00:00:00+00:00' AIRFLOW_CTX_TRY_NUMBER='1' AIRFLOW_CTX_DAG_RUN_ID='scheduled__2023-11-16T00:00:00+00:00'
[2023-11-20T08:46:43.702+0000] {python.py:194} INFO - Done. Returned value was: None
[2023-11-20T08:46:43.715+0000] {taskinstance.py:1400} INFO - Marking task as SUCCESS. dag_id=austin_animal_shelter_dag, task_id=transform_data, execution_date=20231116T000000, start_date=20231120T084642, end_date=20231120T084643
[2023-11-20T08:46:43.778+0000] {local_task_job_runner.py:228} INFO - Task exited with return code 0
[2023-11-20T08:46:43.814+0000] {taskinstance.py:2778} INFO - 1 downstream tasks scheduled from follow-on schedule check
[2023-11-20T08:50:22.000+0000] {taskinstance.py:1159} INFO - Dependencies all met for dep_context=non-requeueable deps ti=<TaskInstance: austin_animal_shelter_dag.transform_data scheduled__2023-11-16T00:00:00+00:00 [queued]>
[2023-11-20T08:50:22.008+0000] {taskinstance.py:1159} INFO - Dependencies all met for dep_context=requeueable deps ti=<TaskInstance: austin_animal_shelter_dag.transform_data scheduled__2023-11-16T00:00:00+00:00 [queued]>
[2023-11-20T08:50:22.008+0000] {taskinstance.py:1361} INFO - Starting attempt 1 of 2
[2023-11-20T08:50:22.017+0000] {taskinstance.py:1382} INFO - Executing <Task(PythonOperator): transform_data> on 2023-11-16 00:00:00+00:00
[2023-11-20T08:50:22.022+0000] {standard_task_runner.py:57} INFO - Started process 141 to run task
[2023-11-20T08:50:22.026+0000] {standard_task_runner.py:84} INFO - Running: ['***', 'tasks', 'run', 'austin_animal_shelter_dag', 'transform_data', 'scheduled__2023-11-16T00:00:00+00:00', '--job-id', '30', '--raw', '--subdir', 'DAGS_FOLDER/DAG.py', '--cfg-path', '/tmp/tmpx34nenhp']
[2023-11-20T08:50:22.033+0000] {standard_task_runner.py:85} INFO - Job 30: Subtask transform_data
[2023-11-20T08:50:22.066+0000] {task_command.py:416} INFO - Running <TaskInstance: austin_animal_shelter_dag.transform_data scheduled__2023-11-16T00:00:00+00:00 [running]> on host 3ef39241d6e6
[2023-11-20T08:50:22.122+0000] {taskinstance.py:1662} INFO - Exporting env vars: AIRFLOW_CTX_DAG_OWNER='***' AIRFLOW_CTX_DAG_ID='austin_animal_shelter_dag' AIRFLOW_CTX_TASK_ID='transform_data' AIRFLOW_CTX_EXECUTION_DATE='2023-11-16T00:00:00+00:00' AIRFLOW_CTX_TRY_NUMBER='1' AIRFLOW_CTX_DAG_RUN_ID='scheduled__2023-11-16T00:00:00+00:00'
[2023-11-20T08:50:23.316+0000] {python.py:194} INFO - Done. Returned value was: None
[2023-11-20T08:50:23.328+0000] {taskinstance.py:1400} INFO - Marking task as SUCCESS. dag_id=austin_animal_shelter_dag, task_id=transform_data, execution_date=20231116T000000, start_date=20231120T085022, end_date=20231120T085023
[2023-11-20T08:50:23.428+0000] {local_task_job_runner.py:228} INFO - Task exited with return code 0
[2023-11-20T08:50:23.460+0000] {taskinstance.py:2778} INFO - 1 downstream tasks scheduled from follow-on schedule check
[2023-11-20T22:32:52.514+0000] {taskinstance.py:1159} INFO - Dependencies all met for dep_context=non-requeueable deps ti=<TaskInstance: austin_animal_shelter_dag.transform_data scheduled__2023-11-16T00:00:00+00:00 [queued]>
[2023-11-20T22:32:52.520+0000] {taskinstance.py:1159} INFO - Dependencies all met for dep_context=requeueable deps ti=<TaskInstance: austin_animal_shelter_dag.transform_data scheduled__2023-11-16T00:00:00+00:00 [queued]>
[2023-11-20T22:32:52.521+0000] {taskinstance.py:1361} INFO - Starting attempt 1 of 2
[2023-11-20T22:32:52.528+0000] {taskinstance.py:1382} INFO - Executing <Task(PythonOperator): transform_data> on 2023-11-16 00:00:00+00:00
[2023-11-20T22:32:52.534+0000] {standard_task_runner.py:57} INFO - Started process 235 to run task
[2023-11-20T22:32:52.538+0000] {standard_task_runner.py:84} INFO - Running: ['***', 'tasks', 'run', 'austin_animal_shelter_dag', 'transform_data', 'scheduled__2023-11-16T00:00:00+00:00', '--job-id', '121', '--raw', '--subdir', 'DAGS_FOLDER/DAG.py', '--cfg-path', '/tmp/tmp6z2jkdub']
[2023-11-20T22:32:52.542+0000] {standard_task_runner.py:85} INFO - Job 121: Subtask transform_data
[2023-11-20T22:32:52.572+0000] {task_command.py:416} INFO - Running <TaskInstance: austin_animal_shelter_dag.transform_data scheduled__2023-11-16T00:00:00+00:00 [running]> on host ad6c889005f6
[2023-11-20T22:32:52.620+0000] {taskinstance.py:1662} INFO - Exporting env vars: AIRFLOW_CTX_DAG_OWNER='***' AIRFLOW_CTX_DAG_ID='austin_animal_shelter_dag' AIRFLOW_CTX_TASK_ID='transform_data' AIRFLOW_CTX_EXECUTION_DATE='2023-11-16T00:00:00+00:00' AIRFLOW_CTX_TRY_NUMBER='1' AIRFLOW_CTX_DAG_RUN_ID='scheduled__2023-11-16T00:00:00+00:00'
[2023-11-20T22:32:53.639+0000] {python.py:194} INFO - Done. Returned value was: None
[2023-11-20T22:32:53.664+0000] {taskinstance.py:1400} INFO - Marking task as SUCCESS. dag_id=austin_animal_shelter_dag, task_id=transform_data, execution_date=20231116T000000, start_date=20231120T223252, end_date=20231120T223253
[2023-11-20T22:32:53.693+0000] {local_task_job_runner.py:228} INFO - Task exited with return code 0
[2023-11-20T22:32:53.712+0000] {taskinstance.py:2778} INFO - 1 downstream tasks scheduled from follow-on schedule check
[2023-11-20T22:47:58.375+0000] {taskinstance.py:1159} INFO - Dependencies all met for dep_context=non-requeueable deps ti=<TaskInstance: austin_animal_shelter_dag.transform_data scheduled__2023-11-16T00:00:00+00:00 [queued]>
[2023-11-20T22:47:58.380+0000] {taskinstance.py:1159} INFO - Dependencies all met for dep_context=requeueable deps ti=<TaskInstance: austin_animal_shelter_dag.transform_data scheduled__2023-11-16T00:00:00+00:00 [queued]>
[2023-11-20T22:47:58.381+0000] {taskinstance.py:1361} INFO - Starting attempt 1 of 2
[2023-11-20T22:47:58.388+0000] {taskinstance.py:1382} INFO - Executing <Task(PythonOperator): transform_data> on 2023-11-16 00:00:00+00:00
[2023-11-20T22:47:58.396+0000] {standard_task_runner.py:57} INFO - Started process 215 to run task
[2023-11-20T22:47:58.399+0000] {standard_task_runner.py:84} INFO - Running: ['***', 'tasks', 'run', 'austin_animal_shelter_dag', 'transform_data', 'scheduled__2023-11-16T00:00:00+00:00', '--job-id', '54', '--raw', '--subdir', 'DAGS_FOLDER/DAG.py', '--cfg-path', '/tmp/tmppqw5bbxu']
[2023-11-20T22:47:58.402+0000] {standard_task_runner.py:85} INFO - Job 54: Subtask transform_data
[2023-11-20T22:47:58.440+0000] {task_command.py:416} INFO - Running <TaskInstance: austin_animal_shelter_dag.transform_data scheduled__2023-11-16T00:00:00+00:00 [running]> on host fda681cc78c9
[2023-11-20T22:47:58.498+0000] {taskinstance.py:1662} INFO - Exporting env vars: AIRFLOW_CTX_DAG_OWNER='***' AIRFLOW_CTX_DAG_ID='austin_animal_shelter_dag' AIRFLOW_CTX_TASK_ID='transform_data' AIRFLOW_CTX_EXECUTION_DATE='2023-11-16T00:00:00+00:00' AIRFLOW_CTX_TRY_NUMBER='1' AIRFLOW_CTX_DAG_RUN_ID='scheduled__2023-11-16T00:00:00+00:00'
[2023-11-20T22:48:00.020+0000] {python.py:194} INFO - Done. Returned value was: None
[2023-11-20T22:48:00.034+0000] {taskinstance.py:1400} INFO - Marking task as SUCCESS. dag_id=austin_animal_shelter_dag, task_id=transform_data, execution_date=20231116T000000, start_date=20231120T224758, end_date=20231120T224800
[2023-11-20T22:48:00.076+0000] {local_task_job_runner.py:228} INFO - Task exited with return code 0
[2023-11-20T22:48:00.101+0000] {taskinstance.py:2778} INFO - 1 downstream tasks scheduled from follow-on schedule check
