[2023-11-20T08:46:52.799+0000] {taskinstance.py:1159} INFO - Dependencies all met for dep_context=non-requeueable deps ti=<TaskInstance: austin_animal_shelter_dag.transform_data scheduled__2023-11-17T00:00:00+00:00 [queued]>
[2023-11-20T08:46:52.804+0000] {taskinstance.py:1159} INFO - Dependencies all met for dep_context=requeueable deps ti=<TaskInstance: austin_animal_shelter_dag.transform_data scheduled__2023-11-17T00:00:00+00:00 [queued]>
[2023-11-20T08:46:52.805+0000] {taskinstance.py:1361} INFO - Starting attempt 1 of 2
[2023-11-20T08:46:52.811+0000] {taskinstance.py:1382} INFO - Executing <Task(PythonOperator): transform_data> on 2023-11-17 00:00:00+00:00
[2023-11-20T08:46:52.815+0000] {standard_task_runner.py:57} INFO - Started process 213 to run task
[2023-11-20T08:46:52.818+0000] {standard_task_runner.py:84} INFO - Running: ['***', 'tasks', 'run', 'austin_animal_shelter_dag', 'transform_data', 'scheduled__2023-11-17T00:00:00+00:00', '--job-id', '52', '--raw', '--subdir', 'DAGS_FOLDER/DAG.py', '--cfg-path', '/tmp/tmp5x07xp3r']
[2023-11-20T08:46:52.820+0000] {standard_task_runner.py:85} INFO - Job 52: Subtask transform_data
[2023-11-20T08:46:52.840+0000] {task_command.py:416} INFO - Running <TaskInstance: austin_animal_shelter_dag.transform_data scheduled__2023-11-17T00:00:00+00:00 [running]> on host d26cbef9e8ab
[2023-11-20T08:46:52.873+0000] {taskinstance.py:1662} INFO - Exporting env vars: AIRFLOW_CTX_DAG_OWNER='***' AIRFLOW_CTX_DAG_ID='austin_animal_shelter_dag' AIRFLOW_CTX_TASK_ID='transform_data' AIRFLOW_CTX_EXECUTION_DATE='2023-11-17T00:00:00+00:00' AIRFLOW_CTX_TRY_NUMBER='1' AIRFLOW_CTX_DAG_RUN_ID='scheduled__2023-11-17T00:00:00+00:00'
[2023-11-20T08:46:53.864+0000] {python.py:194} INFO - Done. Returned value was: None
[2023-11-20T08:46:53.872+0000] {taskinstance.py:1400} INFO - Marking task as SUCCESS. dag_id=austin_animal_shelter_dag, task_id=transform_data, execution_date=20231117T000000, start_date=20231120T084652, end_date=20231120T084653
[2023-11-20T08:46:53.916+0000] {local_task_job_runner.py:228} INFO - Task exited with return code 0
[2023-11-20T08:46:53.928+0000] {taskinstance.py:2778} INFO - 1 downstream tasks scheduled from follow-on schedule check
[2023-11-20T08:50:33.400+0000] {taskinstance.py:1159} INFO - Dependencies all met for dep_context=non-requeueable deps ti=<TaskInstance: austin_animal_shelter_dag.transform_data scheduled__2023-11-17T00:00:00+00:00 [queued]>
[2023-11-20T08:50:33.404+0000] {taskinstance.py:1159} INFO - Dependencies all met for dep_context=requeueable deps ti=<TaskInstance: austin_animal_shelter_dag.transform_data scheduled__2023-11-17T00:00:00+00:00 [queued]>
[2023-11-20T08:50:33.404+0000] {taskinstance.py:1361} INFO - Starting attempt 1 of 2
[2023-11-20T08:50:33.409+0000] {taskinstance.py:1382} INFO - Executing <Task(PythonOperator): transform_data> on 2023-11-17 00:00:00+00:00
[2023-11-20T08:50:33.413+0000] {standard_task_runner.py:57} INFO - Started process 217 to run task
[2023-11-20T08:50:33.415+0000] {standard_task_runner.py:84} INFO - Running: ['***', 'tasks', 'run', 'austin_animal_shelter_dag', 'transform_data', 'scheduled__2023-11-17T00:00:00+00:00', '--job-id', '52', '--raw', '--subdir', 'DAGS_FOLDER/DAG.py', '--cfg-path', '/tmp/tmpyo0pki8q']
[2023-11-20T08:50:33.417+0000] {standard_task_runner.py:85} INFO - Job 52: Subtask transform_data
[2023-11-20T08:50:33.440+0000] {task_command.py:416} INFO - Running <TaskInstance: austin_animal_shelter_dag.transform_data scheduled__2023-11-17T00:00:00+00:00 [running]> on host 3ef39241d6e6
[2023-11-20T08:50:33.476+0000] {taskinstance.py:1662} INFO - Exporting env vars: AIRFLOW_CTX_DAG_OWNER='***' AIRFLOW_CTX_DAG_ID='austin_animal_shelter_dag' AIRFLOW_CTX_TASK_ID='transform_data' AIRFLOW_CTX_EXECUTION_DATE='2023-11-17T00:00:00+00:00' AIRFLOW_CTX_TRY_NUMBER='1' AIRFLOW_CTX_DAG_RUN_ID='scheduled__2023-11-17T00:00:00+00:00'
[2023-11-20T08:50:34.863+0000] {python.py:194} INFO - Done. Returned value was: None
[2023-11-20T08:50:34.892+0000] {taskinstance.py:1400} INFO - Marking task as SUCCESS. dag_id=austin_animal_shelter_dag, task_id=transform_data, execution_date=20231117T000000, start_date=20231120T085033, end_date=20231120T085034
[2023-11-20T08:50:34.939+0000] {local_task_job_runner.py:228} INFO - Task exited with return code 0
[2023-11-20T08:50:34.956+0000] {taskinstance.py:2778} INFO - 1 downstream tasks scheduled from follow-on schedule check
[2023-11-20T22:32:52.514+0000] {taskinstance.py:1159} INFO - Dependencies all met for dep_context=non-requeueable deps ti=<TaskInstance: austin_animal_shelter_dag.transform_data scheduled__2023-11-17T00:00:00+00:00 [queued]>
[2023-11-20T22:32:52.520+0000] {taskinstance.py:1159} INFO - Dependencies all met for dep_context=requeueable deps ti=<TaskInstance: austin_animal_shelter_dag.transform_data scheduled__2023-11-17T00:00:00+00:00 [queued]>
[2023-11-20T22:32:52.521+0000] {taskinstance.py:1361} INFO - Starting attempt 1 of 2
[2023-11-20T22:32:52.528+0000] {taskinstance.py:1382} INFO - Executing <Task(PythonOperator): transform_data> on 2023-11-17 00:00:00+00:00
[2023-11-20T22:32:52.534+0000] {standard_task_runner.py:57} INFO - Started process 233 to run task
[2023-11-20T22:32:52.537+0000] {standard_task_runner.py:84} INFO - Running: ['***', 'tasks', 'run', 'austin_animal_shelter_dag', 'transform_data', 'scheduled__2023-11-17T00:00:00+00:00', '--job-id', '122', '--raw', '--subdir', 'DAGS_FOLDER/DAG.py', '--cfg-path', '/tmp/tmp437f0t_p']
[2023-11-20T22:32:52.540+0000] {standard_task_runner.py:85} INFO - Job 122: Subtask transform_data
[2023-11-20T22:32:52.572+0000] {task_command.py:416} INFO - Running <TaskInstance: austin_animal_shelter_dag.transform_data scheduled__2023-11-17T00:00:00+00:00 [running]> on host ad6c889005f6
[2023-11-20T22:32:52.620+0000] {taskinstance.py:1662} INFO - Exporting env vars: AIRFLOW_CTX_DAG_OWNER='***' AIRFLOW_CTX_DAG_ID='austin_animal_shelter_dag' AIRFLOW_CTX_TASK_ID='transform_data' AIRFLOW_CTX_EXECUTION_DATE='2023-11-17T00:00:00+00:00' AIRFLOW_CTX_TRY_NUMBER='1' AIRFLOW_CTX_DAG_RUN_ID='scheduled__2023-11-17T00:00:00+00:00'
[2023-11-20T22:32:53.690+0000] {python.py:194} INFO - Done. Returned value was: None
[2023-11-20T22:32:53.700+0000] {taskinstance.py:1400} INFO - Marking task as SUCCESS. dag_id=austin_animal_shelter_dag, task_id=transform_data, execution_date=20231117T000000, start_date=20231120T223252, end_date=20231120T223253
[2023-11-20T22:32:53.736+0000] {local_task_job_runner.py:228} INFO - Task exited with return code 0
[2023-11-20T22:32:53.754+0000] {taskinstance.py:2778} INFO - 1 downstream tasks scheduled from follow-on schedule check
[2023-11-20T22:47:58.374+0000] {taskinstance.py:1159} INFO - Dependencies all met for dep_context=non-requeueable deps ti=<TaskInstance: austin_animal_shelter_dag.transform_data scheduled__2023-11-17T00:00:00+00:00 [queued]>
[2023-11-20T22:47:58.380+0000] {taskinstance.py:1159} INFO - Dependencies all met for dep_context=requeueable deps ti=<TaskInstance: austin_animal_shelter_dag.transform_data scheduled__2023-11-17T00:00:00+00:00 [queued]>
[2023-11-20T22:47:58.381+0000] {taskinstance.py:1361} INFO - Starting attempt 1 of 2
[2023-11-20T22:47:58.388+0000] {taskinstance.py:1382} INFO - Executing <Task(PythonOperator): transform_data> on 2023-11-17 00:00:00+00:00
[2023-11-20T22:47:58.396+0000] {standard_task_runner.py:57} INFO - Started process 216 to run task
[2023-11-20T22:47:58.404+0000] {standard_task_runner.py:84} INFO - Running: ['***', 'tasks', 'run', 'austin_animal_shelter_dag', 'transform_data', 'scheduled__2023-11-17T00:00:00+00:00', '--job-id', '53', '--raw', '--subdir', 'DAGS_FOLDER/DAG.py', '--cfg-path', '/tmp/tmpk74ken9y']
[2023-11-20T22:47:58.408+0000] {standard_task_runner.py:85} INFO - Job 53: Subtask transform_data
[2023-11-20T22:47:58.444+0000] {task_command.py:416} INFO - Running <TaskInstance: austin_animal_shelter_dag.transform_data scheduled__2023-11-17T00:00:00+00:00 [running]> on host fda681cc78c9
[2023-11-20T22:47:58.504+0000] {taskinstance.py:1662} INFO - Exporting env vars: AIRFLOW_CTX_DAG_OWNER='***' AIRFLOW_CTX_DAG_ID='austin_animal_shelter_dag' AIRFLOW_CTX_TASK_ID='transform_data' AIRFLOW_CTX_EXECUTION_DATE='2023-11-17T00:00:00+00:00' AIRFLOW_CTX_TRY_NUMBER='1' AIRFLOW_CTX_DAG_RUN_ID='scheduled__2023-11-17T00:00:00+00:00'
[2023-11-20T22:47:59.936+0000] {python.py:194} INFO - Done. Returned value was: None
[2023-11-20T22:47:59.946+0000] {taskinstance.py:1400} INFO - Marking task as SUCCESS. dag_id=austin_animal_shelter_dag, task_id=transform_data, execution_date=20231117T000000, start_date=20231120T224758, end_date=20231120T224759
[2023-11-20T22:47:59.999+0000] {local_task_job_runner.py:228} INFO - Task exited with return code 0
[2023-11-20T22:48:00.021+0000] {taskinstance.py:2778} INFO - 1 downstream tasks scheduled from follow-on schedule check
