[2023-11-20T08:43:27.405+0000] {taskinstance.py:1159} INFO - Dependencies all met for dep_context=non-requeueable deps ti=<TaskInstance: austin_animal_shelter_dag.transform_data scheduled__2023-11-08T00:00:00+00:00 [queued]>
[2023-11-20T08:43:27.422+0000] {taskinstance.py:1159} INFO - Dependencies all met for dep_context=requeueable deps ti=<TaskInstance: austin_animal_shelter_dag.transform_data scheduled__2023-11-08T00:00:00+00:00 [queued]>
[2023-11-20T08:43:27.425+0000] {taskinstance.py:1361} INFO - Starting attempt 1 of 2
[2023-11-20T08:43:27.457+0000] {taskinstance.py:1382} INFO - Executing <Task(PythonOperator): transform_data> on 2023-11-08 00:00:00+00:00
[2023-11-20T08:43:27.493+0000] {standard_task_runner.py:57} INFO - Started process 137 to run task
[2023-11-20T08:43:27.497+0000] {standard_task_runner.py:84} INFO - Running: ['***', 'tasks', 'run', 'austin_animal_shelter_dag', 'transform_data', 'scheduled__2023-11-08T00:00:00+00:00', '--job-id', '24', '--raw', '--subdir', 'DAGS_FOLDER/DAG.py', '--cfg-path', '/tmp/tmpy7b8mskh']
[2023-11-20T08:43:27.504+0000] {standard_task_runner.py:85} INFO - Job 24: Subtask transform_data
[2023-11-20T08:43:27.566+0000] {task_command.py:416} INFO - Running <TaskInstance: austin_animal_shelter_dag.transform_data scheduled__2023-11-08T00:00:00+00:00 [running]> on host c84b35a13244
[2023-11-20T08:43:27.660+0000] {taskinstance.py:1662} INFO - Exporting env vars: AIRFLOW_CTX_DAG_OWNER='***' AIRFLOW_CTX_DAG_ID='austin_animal_shelter_dag' AIRFLOW_CTX_TASK_ID='transform_data' AIRFLOW_CTX_EXECUTION_DATE='2023-11-08T00:00:00+00:00' AIRFLOW_CTX_TRY_NUMBER='1' AIRFLOW_CTX_DAG_RUN_ID='scheduled__2023-11-08T00:00:00+00:00'
[2023-11-20T08:43:28.702+0000] {python.py:194} INFO - Done. Returned value was: None
[2023-11-20T08:43:28.708+0000] {taskinstance.py:1400} INFO - Marking task as SUCCESS. dag_id=austin_animal_shelter_dag, task_id=transform_data, execution_date=20231108T000000, start_date=20231120T084327, end_date=20231120T084328
[2023-11-20T08:43:28.736+0000] {local_task_job_runner.py:228} INFO - Task exited with return code 0
[2023-11-20T08:43:28.748+0000] {taskinstance.py:2778} INFO - 1 downstream tasks scheduled from follow-on schedule check
[2023-11-20T08:46:42.055+0000] {taskinstance.py:1159} INFO - Dependencies all met for dep_context=non-requeueable deps ti=<TaskInstance: austin_animal_shelter_dag.transform_data scheduled__2023-11-08T00:00:00+00:00 [queued]>
[2023-11-20T08:46:42.072+0000] {taskinstance.py:1159} INFO - Dependencies all met for dep_context=requeueable deps ti=<TaskInstance: austin_animal_shelter_dag.transform_data scheduled__2023-11-08T00:00:00+00:00 [queued]>
[2023-11-20T08:46:42.076+0000] {taskinstance.py:1361} INFO - Starting attempt 1 of 2
[2023-11-20T08:46:42.172+0000] {taskinstance.py:1382} INFO - Executing <Task(PythonOperator): transform_data> on 2023-11-08 00:00:00+00:00
[2023-11-20T08:46:42.182+0000] {standard_task_runner.py:57} INFO - Started process 142 to run task
[2023-11-20T08:46:42.189+0000] {standard_task_runner.py:84} INFO - Running: ['***', 'tasks', 'run', 'austin_animal_shelter_dag', 'transform_data', 'scheduled__2023-11-08T00:00:00+00:00', '--job-id', '25', '--raw', '--subdir', 'DAGS_FOLDER/DAG.py', '--cfg-path', '/tmp/tmp9dy8edki']
[2023-11-20T08:46:42.196+0000] {standard_task_runner.py:85} INFO - Job 25: Subtask transform_data
[2023-11-20T08:46:42.294+0000] {task_command.py:416} INFO - Running <TaskInstance: austin_animal_shelter_dag.transform_data scheduled__2023-11-08T00:00:00+00:00 [running]> on host d26cbef9e8ab
[2023-11-20T08:46:42.397+0000] {taskinstance.py:1662} INFO - Exporting env vars: AIRFLOW_CTX_DAG_OWNER='***' AIRFLOW_CTX_DAG_ID='austin_animal_shelter_dag' AIRFLOW_CTX_TASK_ID='transform_data' AIRFLOW_CTX_EXECUTION_DATE='2023-11-08T00:00:00+00:00' AIRFLOW_CTX_TRY_NUMBER='1' AIRFLOW_CTX_DAG_RUN_ID='scheduled__2023-11-08T00:00:00+00:00'
[2023-11-20T08:46:43.566+0000] {python.py:194} INFO - Done. Returned value was: None
[2023-11-20T08:46:43.572+0000] {taskinstance.py:1400} INFO - Marking task as SUCCESS. dag_id=austin_animal_shelter_dag, task_id=transform_data, execution_date=20231108T000000, start_date=20231120T084642, end_date=20231120T084643
[2023-11-20T08:46:43.622+0000] {local_task_job_runner.py:228} INFO - Task exited with return code 0
[2023-11-20T08:46:43.635+0000] {taskinstance.py:2778} INFO - 0 downstream tasks scheduled from follow-on schedule check
[2023-11-20T08:50:20.777+0000] {taskinstance.py:1159} INFO - Dependencies all met for dep_context=non-requeueable deps ti=<TaskInstance: austin_animal_shelter_dag.transform_data scheduled__2023-11-08T00:00:00+00:00 [queued]>
[2023-11-20T08:50:20.793+0000] {taskinstance.py:1159} INFO - Dependencies all met for dep_context=requeueable deps ti=<TaskInstance: austin_animal_shelter_dag.transform_data scheduled__2023-11-08T00:00:00+00:00 [queued]>
[2023-11-20T08:50:20.794+0000] {taskinstance.py:1361} INFO - Starting attempt 1 of 2
[2023-11-20T08:50:20.875+0000] {taskinstance.py:1382} INFO - Executing <Task(PythonOperator): transform_data> on 2023-11-08 00:00:00+00:00
[2023-11-20T08:50:20.888+0000] {standard_task_runner.py:57} INFO - Started process 122 to run task
[2023-11-20T08:50:20.896+0000] {standard_task_runner.py:84} INFO - Running: ['***', 'tasks', 'run', 'austin_animal_shelter_dag', 'transform_data', 'scheduled__2023-11-08T00:00:00+00:00', '--job-id', '19', '--raw', '--subdir', 'DAGS_FOLDER/DAG.py', '--cfg-path', '/tmp/tmpd6ac48_i']
[2023-11-20T08:50:20.901+0000] {standard_task_runner.py:85} INFO - Job 19: Subtask transform_data
[2023-11-20T08:50:20.970+0000] {task_command.py:416} INFO - Running <TaskInstance: austin_animal_shelter_dag.transform_data scheduled__2023-11-08T00:00:00+00:00 [running]> on host 3ef39241d6e6
[2023-11-20T08:50:21.072+0000] {taskinstance.py:1662} INFO - Exporting env vars: AIRFLOW_CTX_DAG_OWNER='***' AIRFLOW_CTX_DAG_ID='austin_animal_shelter_dag' AIRFLOW_CTX_TASK_ID='transform_data' AIRFLOW_CTX_EXECUTION_DATE='2023-11-08T00:00:00+00:00' AIRFLOW_CTX_TRY_NUMBER='1' AIRFLOW_CTX_DAG_RUN_ID='scheduled__2023-11-08T00:00:00+00:00'
[2023-11-20T08:50:22.395+0000] {python.py:194} INFO - Done. Returned value was: None
[2023-11-20T08:50:22.406+0000] {taskinstance.py:1400} INFO - Marking task as SUCCESS. dag_id=austin_animal_shelter_dag, task_id=transform_data, execution_date=20231108T000000, start_date=20231120T085020, end_date=20231120T085022
[2023-11-20T08:50:22.458+0000] {local_task_job_runner.py:228} INFO - Task exited with return code 0
[2023-11-20T08:50:22.472+0000] {taskinstance.py:2778} INFO - 1 downstream tasks scheduled from follow-on schedule check
[2023-11-20T22:32:31.720+0000] {taskinstance.py:1159} INFO - Dependencies all met for dep_context=non-requeueable deps ti=<TaskInstance: austin_animal_shelter_dag.transform_data scheduled__2023-11-08T00:00:00+00:00 [queued]>
[2023-11-20T22:32:31.768+0000] {taskinstance.py:1159} INFO - Dependencies all met for dep_context=requeueable deps ti=<TaskInstance: austin_animal_shelter_dag.transform_data scheduled__2023-11-08T00:00:00+00:00 [queued]>
[2023-11-20T22:32:31.771+0000] {taskinstance.py:1361} INFO - Starting attempt 1 of 2
[2023-11-20T22:32:31.819+0000] {taskinstance.py:1382} INFO - Executing <Task(PythonOperator): transform_data> on 2023-11-08 00:00:00+00:00
[2023-11-20T22:32:31.829+0000] {standard_task_runner.py:57} INFO - Started process 125 to run task
[2023-11-20T22:32:31.844+0000] {standard_task_runner.py:84} INFO - Running: ['***', 'tasks', 'run', 'austin_animal_shelter_dag', 'transform_data', 'scheduled__2023-11-08T00:00:00+00:00', '--job-id', '88', '--raw', '--subdir', 'DAGS_FOLDER/DAG.py', '--cfg-path', '/tmp/tmpcnzn0ccv']
[2023-11-20T22:32:31.855+0000] {standard_task_runner.py:85} INFO - Job 88: Subtask transform_data
[2023-11-20T22:32:32.031+0000] {task_command.py:416} INFO - Running <TaskInstance: austin_animal_shelter_dag.transform_data scheduled__2023-11-08T00:00:00+00:00 [running]> on host ad6c889005f6
[2023-11-20T22:32:32.240+0000] {taskinstance.py:1662} INFO - Exporting env vars: AIRFLOW_CTX_DAG_OWNER='***' AIRFLOW_CTX_DAG_ID='austin_animal_shelter_dag' AIRFLOW_CTX_TASK_ID='transform_data' AIRFLOW_CTX_EXECUTION_DATE='2023-11-08T00:00:00+00:00' AIRFLOW_CTX_TRY_NUMBER='1' AIRFLOW_CTX_DAG_RUN_ID='scheduled__2023-11-08T00:00:00+00:00'
[2023-11-20T22:32:33.425+0000] {python.py:194} INFO - Done. Returned value was: None
[2023-11-20T22:32:33.531+0000] {taskinstance.py:1400} INFO - Marking task as SUCCESS. dag_id=austin_animal_shelter_dag, task_id=transform_data, execution_date=20231108T000000, start_date=20231120T223231, end_date=20231120T223233
[2023-11-20T22:32:33.649+0000] {local_task_job_runner.py:228} INFO - Task exited with return code 0
[2023-11-20T22:32:33.749+0000] {taskinstance.py:2778} INFO - 1 downstream tasks scheduled from follow-on schedule check
[2023-11-20T22:47:44.703+0000] {taskinstance.py:1159} INFO - Dependencies all met for dep_context=non-requeueable deps ti=<TaskInstance: austin_animal_shelter_dag.transform_data scheduled__2023-11-08T00:00:00+00:00 [queued]>
[2023-11-20T22:47:44.724+0000] {taskinstance.py:1159} INFO - Dependencies all met for dep_context=requeueable deps ti=<TaskInstance: austin_animal_shelter_dag.transform_data scheduled__2023-11-08T00:00:00+00:00 [queued]>
[2023-11-20T22:47:44.737+0000] {taskinstance.py:1361} INFO - Starting attempt 1 of 2
[2023-11-20T22:47:44.768+0000] {taskinstance.py:1382} INFO - Executing <Task(PythonOperator): transform_data> on 2023-11-08 00:00:00+00:00
[2023-11-20T22:47:44.793+0000] {standard_task_runner.py:57} INFO - Started process 141 to run task
[2023-11-20T22:47:44.841+0000] {standard_task_runner.py:84} INFO - Running: ['***', 'tasks', 'run', 'austin_animal_shelter_dag', 'transform_data', 'scheduled__2023-11-08T00:00:00+00:00', '--job-id', '28', '--raw', '--subdir', 'DAGS_FOLDER/DAG.py', '--cfg-path', '/tmp/tmp_vt6g39n']
[2023-11-20T22:47:44.858+0000] {standard_task_runner.py:85} INFO - Job 28: Subtask transform_data
[2023-11-20T22:47:44.969+0000] {task_command.py:416} INFO - Running <TaskInstance: austin_animal_shelter_dag.transform_data scheduled__2023-11-08T00:00:00+00:00 [running]> on host fda681cc78c9
[2023-11-20T22:47:45.102+0000] {taskinstance.py:1662} INFO - Exporting env vars: AIRFLOW_CTX_DAG_OWNER='***' AIRFLOW_CTX_DAG_ID='austin_animal_shelter_dag' AIRFLOW_CTX_TASK_ID='transform_data' AIRFLOW_CTX_EXECUTION_DATE='2023-11-08T00:00:00+00:00' AIRFLOW_CTX_TRY_NUMBER='1' AIRFLOW_CTX_DAG_RUN_ID='scheduled__2023-11-08T00:00:00+00:00'
[2023-11-20T22:47:47.942+0000] {python.py:194} INFO - Done. Returned value was: None
[2023-11-20T22:47:47.995+0000] {taskinstance.py:1400} INFO - Marking task as SUCCESS. dag_id=austin_animal_shelter_dag, task_id=transform_data, execution_date=20231108T000000, start_date=20231120T224744, end_date=20231120T224747
[2023-11-20T22:47:48.100+0000] {local_task_job_runner.py:228} INFO - Task exited with return code 0
[2023-11-20T22:47:48.222+0000] {taskinstance.py:2778} INFO - 1 downstream tasks scheduled from follow-on schedule check
