[2023-11-20T08:43:30.045+0000] {taskinstance.py:1159} INFO - Dependencies all met for dep_context=non-requeueable deps ti=<TaskInstance: austin_animal_shelter_dag.load_data scheduled__2023-11-09T00:00:00+00:00 [queued]>
[2023-11-20T08:43:30.061+0000] {taskinstance.py:1159} INFO - Dependencies all met for dep_context=requeueable deps ti=<TaskInstance: austin_animal_shelter_dag.load_data scheduled__2023-11-09T00:00:00+00:00 [queued]>
[2023-11-20T08:43:30.062+0000] {taskinstance.py:1361} INFO - Starting attempt 1 of 2
[2023-11-20T08:43:30.115+0000] {taskinstance.py:1382} INFO - Executing <Task(PythonOperator): load_data> on 2023-11-09 00:00:00+00:00
[2023-11-20T08:43:30.127+0000] {standard_task_runner.py:57} INFO - Started process 183 to run task
[2023-11-20T08:43:30.136+0000] {standard_task_runner.py:84} INFO - Running: ['***', 'tasks', 'run', 'austin_animal_shelter_dag', 'load_data', 'scheduled__2023-11-09T00:00:00+00:00', '--job-id', '41', '--raw', '--subdir', 'DAGS_FOLDER/DAG.py', '--cfg-path', '/tmp/tmpo7eow1wb']
[2023-11-20T08:43:30.152+0000] {standard_task_runner.py:85} INFO - Job 41: Subtask load_data
[2023-11-20T08:43:30.212+0000] {task_command.py:416} INFO - Running <TaskInstance: austin_animal_shelter_dag.load_data scheduled__2023-11-09T00:00:00+00:00 [running]> on host c84b35a13244
[2023-11-20T08:43:30.300+0000] {taskinstance.py:1662} INFO - Exporting env vars: AIRFLOW_CTX_DAG_OWNER='***' AIRFLOW_CTX_DAG_ID='austin_animal_shelter_dag' AIRFLOW_CTX_TASK_ID='load_data' AIRFLOW_CTX_EXECUTION_DATE='2023-11-09T00:00:00+00:00' AIRFLOW_CTX_TRY_NUMBER='1' AIRFLOW_CTX_DAG_RUN_ID='scheduled__2023-11-09T00:00:00+00:00'
[2023-11-20T08:43:30.883+0000] {taskinstance.py:1937} ERROR - Task failed with exception
Traceback (most recent call last):
  File "/home/airflow/.local/lib/python3.8/site-packages/airflow/operators/python.py", line 192, in execute
    return_value = self.execute_callable()
  File "/home/airflow/.local/lib/python3.8/site-packages/airflow/operators/python.py", line 209, in execute_callable
    return self.python_callable(*self.op_args, **self.op_kwargs)
  File "/opt/airflow/dags/Scripts/etl.py", line 179, in load_data
    engine = create_engine(DATABASE_URL)
  File "<string>", line 2, in create_engine
  File "/home/airflow/.local/lib/python3.8/site-packages/sqlalchemy/util/deprecations.py", line 375, in warned
    return fn(*args, **kwargs)
  File "/home/airflow/.local/lib/python3.8/site-packages/sqlalchemy/engine/create.py", line 514, in create_engine
    u = _url.make_url(url)
  File "/home/airflow/.local/lib/python3.8/site-packages/sqlalchemy/engine/url.py", line 738, in make_url
    return _parse_url(name_or_url)
  File "/home/airflow/.local/lib/python3.8/site-packages/sqlalchemy/engine/url.py", line 794, in _parse_url
    components["port"] = int(components["port"])
ValueError: invalid literal for int() with base 10: '{}'
[2023-11-20T08:43:30.889+0000] {taskinstance.py:1400} INFO - Marking task as UP_FOR_RETRY. dag_id=austin_animal_shelter_dag, task_id=load_data, execution_date=20231109T000000, start_date=20231120T084330, end_date=20231120T084330
[2023-11-20T08:43:30.893+0000] {standard_task_runner.py:104} ERROR - Failed to execute job 41 for task load_data (invalid literal for int() with base 10: '{}'; 183)
[2023-11-20T08:43:30.918+0000] {local_task_job_runner.py:228} INFO - Task exited with return code 1
[2023-11-20T08:43:30.930+0000] {taskinstance.py:2778} INFO - 0 downstream tasks scheduled from follow-on schedule check
[2023-11-20T08:46:47.240+0000] {taskinstance.py:1159} INFO - Dependencies all met for dep_context=non-requeueable deps ti=<TaskInstance: austin_animal_shelter_dag.load_data scheduled__2023-11-09T00:00:00+00:00 [queued]>
[2023-11-20T08:46:47.244+0000] {taskinstance.py:1159} INFO - Dependencies all met for dep_context=requeueable deps ti=<TaskInstance: austin_animal_shelter_dag.load_data scheduled__2023-11-09T00:00:00+00:00 [queued]>
[2023-11-20T08:46:47.244+0000] {taskinstance.py:1361} INFO - Starting attempt 1 of 2
[2023-11-20T08:46:47.248+0000] {taskinstance.py:1382} INFO - Executing <Task(PythonOperator): load_data> on 2023-11-09 00:00:00+00:00
[2023-11-20T08:46:47.251+0000] {standard_task_runner.py:57} INFO - Started process 207 to run task
[2023-11-20T08:46:47.253+0000] {standard_task_runner.py:84} INFO - Running: ['***', 'tasks', 'run', 'austin_animal_shelter_dag', 'load_data', 'scheduled__2023-11-09T00:00:00+00:00', '--job-id', '50', '--raw', '--subdir', 'DAGS_FOLDER/DAG.py', '--cfg-path', '/tmp/tmp_mrluc2y']
[2023-11-20T08:46:47.255+0000] {standard_task_runner.py:85} INFO - Job 50: Subtask load_data
[2023-11-20T08:46:47.275+0000] {task_command.py:416} INFO - Running <TaskInstance: austin_animal_shelter_dag.load_data scheduled__2023-11-09T00:00:00+00:00 [running]> on host d26cbef9e8ab
[2023-11-20T08:46:47.301+0000] {taskinstance.py:1662} INFO - Exporting env vars: AIRFLOW_CTX_DAG_OWNER='***' AIRFLOW_CTX_DAG_ID='austin_animal_shelter_dag' AIRFLOW_CTX_TASK_ID='load_data' AIRFLOW_CTX_EXECUTION_DATE='2023-11-09T00:00:00+00:00' AIRFLOW_CTX_TRY_NUMBER='1' AIRFLOW_CTX_DAG_RUN_ID='scheduled__2023-11-09T00:00:00+00:00'
[2023-11-20T08:46:49.764+0000] {python.py:194} INFO - Done. Returned value was: None
[2023-11-20T08:46:49.770+0000] {taskinstance.py:1400} INFO - Marking task as SUCCESS. dag_id=austin_animal_shelter_dag, task_id=load_data, execution_date=20231109T000000, start_date=20231120T084647, end_date=20231120T084649
[2023-11-20T08:46:49.820+0000] {local_task_job_runner.py:228} INFO - Task exited with return code 0
[2023-11-20T08:46:49.830+0000] {taskinstance.py:2778} INFO - 0 downstream tasks scheduled from follow-on schedule check
[2023-11-20T08:50:25.900+0000] {taskinstance.py:1159} INFO - Dependencies all met for dep_context=non-requeueable deps ti=<TaskInstance: austin_animal_shelter_dag.load_data scheduled__2023-11-09T00:00:00+00:00 [queued]>
[2023-11-20T08:50:25.905+0000] {taskinstance.py:1159} INFO - Dependencies all met for dep_context=requeueable deps ti=<TaskInstance: austin_animal_shelter_dag.load_data scheduled__2023-11-09T00:00:00+00:00 [queued]>
[2023-11-20T08:50:25.905+0000] {taskinstance.py:1361} INFO - Starting attempt 1 of 2
[2023-11-20T08:50:25.911+0000] {taskinstance.py:1382} INFO - Executing <Task(PythonOperator): load_data> on 2023-11-09 00:00:00+00:00
[2023-11-20T08:50:25.916+0000] {standard_task_runner.py:57} INFO - Started process 206 to run task
[2023-11-20T08:50:25.919+0000] {standard_task_runner.py:84} INFO - Running: ['***', 'tasks', 'run', 'austin_animal_shelter_dag', 'load_data', 'scheduled__2023-11-09T00:00:00+00:00', '--job-id', '49', '--raw', '--subdir', 'DAGS_FOLDER/DAG.py', '--cfg-path', '/tmp/tmpu290wvpk']
[2023-11-20T08:50:25.924+0000] {standard_task_runner.py:85} INFO - Job 49: Subtask load_data
[2023-11-20T08:50:25.954+0000] {task_command.py:416} INFO - Running <TaskInstance: austin_animal_shelter_dag.load_data scheduled__2023-11-09T00:00:00+00:00 [running]> on host 3ef39241d6e6
[2023-11-20T08:50:25.992+0000] {taskinstance.py:1662} INFO - Exporting env vars: AIRFLOW_CTX_DAG_OWNER='***' AIRFLOW_CTX_DAG_ID='austin_animal_shelter_dag' AIRFLOW_CTX_TASK_ID='load_data' AIRFLOW_CTX_EXECUTION_DATE='2023-11-09T00:00:00+00:00' AIRFLOW_CTX_TRY_NUMBER='1' AIRFLOW_CTX_DAG_RUN_ID='scheduled__2023-11-09T00:00:00+00:00'
[2023-11-20T08:50:29.073+0000] {python.py:194} INFO - Done. Returned value was: None
[2023-11-20T08:50:29.081+0000] {taskinstance.py:1400} INFO - Marking task as SUCCESS. dag_id=austin_animal_shelter_dag, task_id=load_data, execution_date=20231109T000000, start_date=20231120T085025, end_date=20231120T085029
[2023-11-20T08:50:29.107+0000] {local_task_job_runner.py:228} INFO - Task exited with return code 0
[2023-11-20T08:50:29.121+0000] {taskinstance.py:2778} INFO - 0 downstream tasks scheduled from follow-on schedule check
[2023-11-20T22:32:39.940+0000] {taskinstance.py:1159} INFO - Dependencies all met for dep_context=non-requeueable deps ti=<TaskInstance: austin_animal_shelter_dag.load_data scheduled__2023-11-09T00:00:00+00:00 [queued]>
[2023-11-20T22:32:39.953+0000] {taskinstance.py:1159} INFO - Dependencies all met for dep_context=requeueable deps ti=<TaskInstance: austin_animal_shelter_dag.load_data scheduled__2023-11-09T00:00:00+00:00 [queued]>
[2023-11-20T22:32:39.959+0000] {taskinstance.py:1361} INFO - Starting attempt 1 of 2
[2023-11-20T22:32:39.999+0000] {taskinstance.py:1382} INFO - Executing <Task(PythonOperator): load_data> on 2023-11-09 00:00:00+00:00
[2023-11-20T22:32:40.070+0000] {standard_task_runner.py:57} INFO - Started process 207 to run task
[2023-11-20T22:32:40.085+0000] {standard_task_runner.py:84} INFO - Running: ['***', 'tasks', 'run', 'austin_animal_shelter_dag', 'load_data', 'scheduled__2023-11-09T00:00:00+00:00', '--job-id', '111', '--raw', '--subdir', 'DAGS_FOLDER/DAG.py', '--cfg-path', '/tmp/tmp9odmfkwx']
[2023-11-20T22:32:40.114+0000] {standard_task_runner.py:85} INFO - Job 111: Subtask load_data
[2023-11-20T22:32:40.356+0000] {task_command.py:416} INFO - Running <TaskInstance: austin_animal_shelter_dag.load_data scheduled__2023-11-09T00:00:00+00:00 [running]> on host ad6c889005f6
[2023-11-20T22:32:40.685+0000] {taskinstance.py:1662} INFO - Exporting env vars: AIRFLOW_CTX_DAG_OWNER='***' AIRFLOW_CTX_DAG_ID='austin_animal_shelter_dag' AIRFLOW_CTX_TASK_ID='load_data' AIRFLOW_CTX_EXECUTION_DATE='2023-11-09T00:00:00+00:00' AIRFLOW_CTX_TRY_NUMBER='1' AIRFLOW_CTX_DAG_RUN_ID='scheduled__2023-11-09T00:00:00+00:00'
[2023-11-20T22:32:43.504+0000] {python.py:194} INFO - Done. Returned value was: None
[2023-11-20T22:32:43.544+0000] {taskinstance.py:1400} INFO - Marking task as SUCCESS. dag_id=austin_animal_shelter_dag, task_id=load_data, execution_date=20231109T000000, start_date=20231120T223239, end_date=20231120T223243
[2023-11-20T22:32:43.608+0000] {local_task_job_runner.py:228} INFO - Task exited with return code 0
[2023-11-20T22:32:43.669+0000] {taskinstance.py:2778} INFO - 0 downstream tasks scheduled from follow-on schedule check
[2023-11-20T22:47:51.334+0000] {taskinstance.py:1159} INFO - Dependencies all met for dep_context=non-requeueable deps ti=<TaskInstance: austin_animal_shelter_dag.load_data scheduled__2023-11-09T00:00:00+00:00 [queued]>
[2023-11-20T22:47:51.348+0000] {taskinstance.py:1159} INFO - Dependencies all met for dep_context=requeueable deps ti=<TaskInstance: austin_animal_shelter_dag.load_data scheduled__2023-11-09T00:00:00+00:00 [queued]>
[2023-11-20T22:47:51.354+0000] {taskinstance.py:1361} INFO - Starting attempt 1 of 2
[2023-11-20T22:47:51.546+0000] {taskinstance.py:1382} INFO - Executing <Task(PythonOperator): load_data> on 2023-11-09 00:00:00+00:00
[2023-11-20T22:47:51.561+0000] {standard_task_runner.py:57} INFO - Started process 195 to run task
[2023-11-20T22:47:51.596+0000] {standard_task_runner.py:84} INFO - Running: ['***', 'tasks', 'run', 'austin_animal_shelter_dag', 'load_data', 'scheduled__2023-11-09T00:00:00+00:00', '--job-id', '44', '--raw', '--subdir', 'DAGS_FOLDER/DAG.py', '--cfg-path', '/tmp/tmp5r72dl37']
[2023-11-20T22:47:51.605+0000] {standard_task_runner.py:85} INFO - Job 44: Subtask load_data
[2023-11-20T22:47:51.705+0000] {task_command.py:416} INFO - Running <TaskInstance: austin_animal_shelter_dag.load_data scheduled__2023-11-09T00:00:00+00:00 [running]> on host fda681cc78c9
[2023-11-20T22:47:51.848+0000] {taskinstance.py:1662} INFO - Exporting env vars: AIRFLOW_CTX_DAG_OWNER='***' AIRFLOW_CTX_DAG_ID='austin_animal_shelter_dag' AIRFLOW_CTX_TASK_ID='load_data' AIRFLOW_CTX_EXECUTION_DATE='2023-11-09T00:00:00+00:00' AIRFLOW_CTX_TRY_NUMBER='1' AIRFLOW_CTX_DAG_RUN_ID='scheduled__2023-11-09T00:00:00+00:00'
[2023-11-20T22:47:55.993+0000] {python.py:194} INFO - Done. Returned value was: None
[2023-11-20T22:47:56.016+0000] {taskinstance.py:1400} INFO - Marking task as SUCCESS. dag_id=austin_animal_shelter_dag, task_id=load_data, execution_date=20231109T000000, start_date=20231120T224751, end_date=20231120T224756
[2023-11-20T22:47:56.065+0000] {local_task_job_runner.py:228} INFO - Task exited with return code 0
[2023-11-20T22:47:56.121+0000] {taskinstance.py:2778} INFO - 0 downstream tasks scheduled from follow-on schedule check
