[2023-11-20T08:43:30.513+0000] {taskinstance.py:1159} INFO - Dependencies all met for dep_context=non-requeueable deps ti=<TaskInstance: austin_animal_shelter_dag.load_data scheduled__2023-11-10T00:00:00+00:00 [queued]>
[2023-11-20T08:43:30.521+0000] {taskinstance.py:1159} INFO - Dependencies all met for dep_context=requeueable deps ti=<TaskInstance: austin_animal_shelter_dag.load_data scheduled__2023-11-10T00:00:00+00:00 [queued]>
[2023-11-20T08:43:30.522+0000] {taskinstance.py:1361} INFO - Starting attempt 1 of 2
[2023-11-20T08:43:30.529+0000] {taskinstance.py:1382} INFO - Executing <Task(PythonOperator): load_data> on 2023-11-10 00:00:00+00:00
[2023-11-20T08:43:30.533+0000] {standard_task_runner.py:57} INFO - Started process 190 to run task
[2023-11-20T08:43:30.536+0000] {standard_task_runner.py:84} INFO - Running: ['***', 'tasks', 'run', 'austin_animal_shelter_dag', 'load_data', 'scheduled__2023-11-10T00:00:00+00:00', '--job-id', '45', '--raw', '--subdir', 'DAGS_FOLDER/DAG.py', '--cfg-path', '/tmp/tmp2xd2o3v5']
[2023-11-20T08:43:30.538+0000] {standard_task_runner.py:85} INFO - Job 45: Subtask load_data
[2023-11-20T08:43:30.573+0000] {task_command.py:416} INFO - Running <TaskInstance: austin_animal_shelter_dag.load_data scheduled__2023-11-10T00:00:00+00:00 [running]> on host c84b35a13244
[2023-11-20T08:43:30.619+0000] {taskinstance.py:1662} INFO - Exporting env vars: AIRFLOW_CTX_DAG_OWNER='***' AIRFLOW_CTX_DAG_ID='austin_animal_shelter_dag' AIRFLOW_CTX_TASK_ID='load_data' AIRFLOW_CTX_EXECUTION_DATE='2023-11-10T00:00:00+00:00' AIRFLOW_CTX_TRY_NUMBER='1' AIRFLOW_CTX_DAG_RUN_ID='scheduled__2023-11-10T00:00:00+00:00'
[2023-11-20T08:43:31.181+0000] {taskinstance.py:1937} ERROR - Task failed with exception
Traceback (most recent call last):
  File "/home/airflow/.local/lib/python3.8/site-packages/airflow/operators/python.py", line 192, in execute
    return_value = self.execute_callable()
  File "/home/airflow/.local/lib/python3.8/site-packages/airflow/operators/python.py", line 209, in execute_callable
    return self.python_callable(*self.op_args, **self.op_kwargs)
  File "/opt/airflow/dags/Scripts/etl.py", line 179, in load_data
    engine = create_engine(DATABASE_URL)
  File "<string>", line 2, in create_engine
  File "/home/airflow/.local/lib/python3.8/site-packages/sqlalchemy/util/deprecations.py", line 375, in warned
    return fn(*args, **kwargs)
  File "/home/airflow/.local/lib/python3.8/site-packages/sqlalchemy/engine/create.py", line 514, in create_engine
    u = _url.make_url(url)
  File "/home/airflow/.local/lib/python3.8/site-packages/sqlalchemy/engine/url.py", line 738, in make_url
    return _parse_url(name_or_url)
  File "/home/airflow/.local/lib/python3.8/site-packages/sqlalchemy/engine/url.py", line 794, in _parse_url
    components["port"] = int(components["port"])
ValueError: invalid literal for int() with base 10: '{}'
[2023-11-20T08:43:31.185+0000] {taskinstance.py:1400} INFO - Marking task as UP_FOR_RETRY. dag_id=austin_animal_shelter_dag, task_id=load_data, execution_date=20231110T000000, start_date=20231120T084330, end_date=20231120T084331
[2023-11-20T08:43:31.193+0000] {standard_task_runner.py:104} ERROR - Failed to execute job 45 for task load_data (invalid literal for int() with base 10: '{}'; 190)
[2023-11-20T08:43:31.232+0000] {local_task_job_runner.py:228} INFO - Task exited with return code 1
[2023-11-20T08:43:31.261+0000] {taskinstance.py:2778} INFO - 0 downstream tasks scheduled from follow-on schedule check
[2023-11-20T08:46:44.478+0000] {taskinstance.py:1159} INFO - Dependencies all met for dep_context=non-requeueable deps ti=<TaskInstance: austin_animal_shelter_dag.load_data scheduled__2023-11-10T00:00:00+00:00 [queued]>
[2023-11-20T08:46:44.518+0000] {taskinstance.py:1159} INFO - Dependencies all met for dep_context=requeueable deps ti=<TaskInstance: austin_animal_shelter_dag.load_data scheduled__2023-11-10T00:00:00+00:00 [queued]>
[2023-11-20T08:46:44.519+0000] {taskinstance.py:1361} INFO - Starting attempt 1 of 2
[2023-11-20T08:46:44.554+0000] {taskinstance.py:1382} INFO - Executing <Task(PythonOperator): load_data> on 2023-11-10 00:00:00+00:00
[2023-11-20T08:46:44.573+0000] {standard_task_runner.py:57} INFO - Started process 179 to run task
[2023-11-20T08:46:44.591+0000] {standard_task_runner.py:84} INFO - Running: ['***', 'tasks', 'run', 'austin_animal_shelter_dag', 'load_data', 'scheduled__2023-11-10T00:00:00+00:00', '--job-id', '33', '--raw', '--subdir', 'DAGS_FOLDER/DAG.py', '--cfg-path', '/tmp/tmpbh1qgmtv']
[2023-11-20T08:46:44.602+0000] {standard_task_runner.py:85} INFO - Job 33: Subtask load_data
[2023-11-20T08:46:44.729+0000] {task_command.py:416} INFO - Running <TaskInstance: austin_animal_shelter_dag.load_data scheduled__2023-11-10T00:00:00+00:00 [running]> on host d26cbef9e8ab
[2023-11-20T08:46:44.837+0000] {taskinstance.py:1662} INFO - Exporting env vars: AIRFLOW_CTX_DAG_OWNER='***' AIRFLOW_CTX_DAG_ID='austin_animal_shelter_dag' AIRFLOW_CTX_TASK_ID='load_data' AIRFLOW_CTX_EXECUTION_DATE='2023-11-10T00:00:00+00:00' AIRFLOW_CTX_TRY_NUMBER='1' AIRFLOW_CTX_DAG_RUN_ID='scheduled__2023-11-10T00:00:00+00:00'
[2023-11-20T08:46:47.807+0000] {python.py:194} INFO - Done. Returned value was: None
[2023-11-20T08:46:47.815+0000] {taskinstance.py:1400} INFO - Marking task as SUCCESS. dag_id=austin_animal_shelter_dag, task_id=load_data, execution_date=20231110T000000, start_date=20231120T084644, end_date=20231120T084647
[2023-11-20T08:46:47.839+0000] {local_task_job_runner.py:228} INFO - Task exited with return code 0
[2023-11-20T08:46:47.858+0000] {taskinstance.py:2778} INFO - 0 downstream tasks scheduled from follow-on schedule check
[2023-11-20T08:50:24.316+0000] {taskinstance.py:1159} INFO - Dependencies all met for dep_context=non-requeueable deps ti=<TaskInstance: austin_animal_shelter_dag.load_data scheduled__2023-11-10T00:00:00+00:00 [queued]>
[2023-11-20T08:50:24.330+0000] {taskinstance.py:1159} INFO - Dependencies all met for dep_context=requeueable deps ti=<TaskInstance: austin_animal_shelter_dag.load_data scheduled__2023-11-10T00:00:00+00:00 [queued]>
[2023-11-20T08:50:24.332+0000] {taskinstance.py:1361} INFO - Starting attempt 1 of 2
[2023-11-20T08:50:24.359+0000] {taskinstance.py:1382} INFO - Executing <Task(PythonOperator): load_data> on 2023-11-10 00:00:00+00:00
[2023-11-20T08:50:24.368+0000] {standard_task_runner.py:57} INFO - Started process 186 to run task
[2023-11-20T08:50:24.374+0000] {standard_task_runner.py:84} INFO - Running: ['***', 'tasks', 'run', 'austin_animal_shelter_dag', 'load_data', 'scheduled__2023-11-10T00:00:00+00:00', '--job-id', '43', '--raw', '--subdir', 'DAGS_FOLDER/DAG.py', '--cfg-path', '/tmp/tmphjgozgl9']
[2023-11-20T08:50:24.383+0000] {standard_task_runner.py:85} INFO - Job 43: Subtask load_data
[2023-11-20T08:50:24.430+0000] {task_command.py:416} INFO - Running <TaskInstance: austin_animal_shelter_dag.load_data scheduled__2023-11-10T00:00:00+00:00 [running]> on host 3ef39241d6e6
[2023-11-20T08:50:24.488+0000] {taskinstance.py:1662} INFO - Exporting env vars: AIRFLOW_CTX_DAG_OWNER='***' AIRFLOW_CTX_DAG_ID='austin_animal_shelter_dag' AIRFLOW_CTX_TASK_ID='load_data' AIRFLOW_CTX_EXECUTION_DATE='2023-11-10T00:00:00+00:00' AIRFLOW_CTX_TRY_NUMBER='1' AIRFLOW_CTX_DAG_RUN_ID='scheduled__2023-11-10T00:00:00+00:00'
[2023-11-20T08:50:27.640+0000] {python.py:194} INFO - Done. Returned value was: None
[2023-11-20T08:50:27.650+0000] {taskinstance.py:1400} INFO - Marking task as SUCCESS. dag_id=austin_animal_shelter_dag, task_id=load_data, execution_date=20231110T000000, start_date=20231120T085024, end_date=20231120T085027
[2023-11-20T08:50:27.680+0000] {local_task_job_runner.py:228} INFO - Task exited with return code 0
[2023-11-20T08:50:27.698+0000] {taskinstance.py:2778} INFO - 0 downstream tasks scheduled from follow-on schedule check
[2023-11-20T22:32:40.158+0000] {taskinstance.py:1159} INFO - Dependencies all met for dep_context=non-requeueable deps ti=<TaskInstance: austin_animal_shelter_dag.load_data scheduled__2023-11-10T00:00:00+00:00 [queued]>
[2023-11-20T22:32:40.204+0000] {taskinstance.py:1159} INFO - Dependencies all met for dep_context=requeueable deps ti=<TaskInstance: austin_animal_shelter_dag.load_data scheduled__2023-11-10T00:00:00+00:00 [queued]>
[2023-11-20T22:32:40.207+0000] {taskinstance.py:1361} INFO - Starting attempt 1 of 2
[2023-11-20T22:32:40.263+0000] {taskinstance.py:1382} INFO - Executing <Task(PythonOperator): load_data> on 2023-11-10 00:00:00+00:00
[2023-11-20T22:32:40.285+0000] {standard_task_runner.py:57} INFO - Started process 209 to run task
[2023-11-20T22:32:40.308+0000] {standard_task_runner.py:84} INFO - Running: ['***', 'tasks', 'run', 'austin_animal_shelter_dag', 'load_data', 'scheduled__2023-11-10T00:00:00+00:00', '--job-id', '112', '--raw', '--subdir', 'DAGS_FOLDER/DAG.py', '--cfg-path', '/tmp/tmpzxbw1_v1']
[2023-11-20T22:32:40.332+0000] {standard_task_runner.py:85} INFO - Job 112: Subtask load_data
[2023-11-20T22:32:40.571+0000] {task_command.py:416} INFO - Running <TaskInstance: austin_animal_shelter_dag.load_data scheduled__2023-11-10T00:00:00+00:00 [running]> on host ad6c889005f6
[2023-11-20T22:32:40.786+0000] {taskinstance.py:1662} INFO - Exporting env vars: AIRFLOW_CTX_DAG_OWNER='***' AIRFLOW_CTX_DAG_ID='austin_animal_shelter_dag' AIRFLOW_CTX_TASK_ID='load_data' AIRFLOW_CTX_EXECUTION_DATE='2023-11-10T00:00:00+00:00' AIRFLOW_CTX_TRY_NUMBER='1' AIRFLOW_CTX_DAG_RUN_ID='scheduled__2023-11-10T00:00:00+00:00'
[2023-11-20T22:32:43.587+0000] {python.py:194} INFO - Done. Returned value was: None
[2023-11-20T22:32:43.631+0000] {taskinstance.py:1400} INFO - Marking task as SUCCESS. dag_id=austin_animal_shelter_dag, task_id=load_data, execution_date=20231110T000000, start_date=20231120T223240, end_date=20231120T223243
[2023-11-20T22:32:43.683+0000] {local_task_job_runner.py:228} INFO - Task exited with return code 0
[2023-11-20T22:32:43.766+0000] {taskinstance.py:2778} INFO - 0 downstream tasks scheduled from follow-on schedule check
[2023-11-20T22:47:52.554+0000] {taskinstance.py:1159} INFO - Dependencies all met for dep_context=non-requeueable deps ti=<TaskInstance: austin_animal_shelter_dag.load_data scheduled__2023-11-10T00:00:00+00:00 [queued]>
[2023-11-20T22:47:52.562+0000] {taskinstance.py:1159} INFO - Dependencies all met for dep_context=requeueable deps ti=<TaskInstance: austin_animal_shelter_dag.load_data scheduled__2023-11-10T00:00:00+00:00 [queued]>
[2023-11-20T22:47:52.563+0000] {taskinstance.py:1361} INFO - Starting attempt 1 of 2
[2023-11-20T22:47:52.582+0000] {taskinstance.py:1382} INFO - Executing <Task(PythonOperator): load_data> on 2023-11-10 00:00:00+00:00
[2023-11-20T22:47:52.590+0000] {standard_task_runner.py:57} INFO - Started process 201 to run task
[2023-11-20T22:47:52.595+0000] {standard_task_runner.py:84} INFO - Running: ['***', 'tasks', 'run', 'austin_animal_shelter_dag', 'load_data', 'scheduled__2023-11-10T00:00:00+00:00', '--job-id', '48', '--raw', '--subdir', 'DAGS_FOLDER/DAG.py', '--cfg-path', '/tmp/tmpl_e9edgu']
[2023-11-20T22:47:52.600+0000] {standard_task_runner.py:85} INFO - Job 48: Subtask load_data
[2023-11-20T22:47:52.667+0000] {task_command.py:416} INFO - Running <TaskInstance: austin_animal_shelter_dag.load_data scheduled__2023-11-10T00:00:00+00:00 [running]> on host fda681cc78c9
[2023-11-20T22:47:52.792+0000] {taskinstance.py:1662} INFO - Exporting env vars: AIRFLOW_CTX_DAG_OWNER='***' AIRFLOW_CTX_DAG_ID='austin_animal_shelter_dag' AIRFLOW_CTX_TASK_ID='load_data' AIRFLOW_CTX_EXECUTION_DATE='2023-11-10T00:00:00+00:00' AIRFLOW_CTX_TRY_NUMBER='1' AIRFLOW_CTX_DAG_RUN_ID='scheduled__2023-11-10T00:00:00+00:00'
[2023-11-20T22:47:57.241+0000] {python.py:194} INFO - Done. Returned value was: None
[2023-11-20T22:47:57.261+0000] {taskinstance.py:1400} INFO - Marking task as SUCCESS. dag_id=austin_animal_shelter_dag, task_id=load_data, execution_date=20231110T000000, start_date=20231120T224752, end_date=20231120T224757
[2023-11-20T22:47:57.325+0000] {local_task_job_runner.py:228} INFO - Task exited with return code 0
[2023-11-20T22:47:57.351+0000] {taskinstance.py:2778} INFO - 0 downstream tasks scheduled from follow-on schedule check
