[2023-11-20T08:43:28.079+0000] {taskinstance.py:1159} INFO - Dependencies all met for dep_context=non-requeueable deps ti=<TaskInstance: austin_animal_shelter_dag.transform_data scheduled__2023-11-14T00:00:00+00:00 [queued]>
[2023-11-20T08:43:28.088+0000] {taskinstance.py:1159} INFO - Dependencies all met for dep_context=requeueable deps ti=<TaskInstance: austin_animal_shelter_dag.transform_data scheduled__2023-11-14T00:00:00+00:00 [queued]>
[2023-11-20T08:43:28.089+0000] {taskinstance.py:1361} INFO - Starting attempt 1 of 2
[2023-11-20T08:43:28.103+0000] {taskinstance.py:1382} INFO - Executing <Task(PythonOperator): transform_data> on 2023-11-14 00:00:00+00:00
[2023-11-20T08:43:28.110+0000] {standard_task_runner.py:57} INFO - Started process 143 to run task
[2023-11-20T08:43:28.114+0000] {standard_task_runner.py:84} INFO - Running: ['***', 'tasks', 'run', 'austin_animal_shelter_dag', 'transform_data', 'scheduled__2023-11-14T00:00:00+00:00', '--job-id', '28', '--raw', '--subdir', 'DAGS_FOLDER/DAG.py', '--cfg-path', '/tmp/tmpdgz6hiil']
[2023-11-20T08:43:28.118+0000] {standard_task_runner.py:85} INFO - Job 28: Subtask transform_data
[2023-11-20T08:43:28.162+0000] {task_command.py:416} INFO - Running <TaskInstance: austin_animal_shelter_dag.transform_data scheduled__2023-11-14T00:00:00+00:00 [running]> on host c84b35a13244
[2023-11-20T08:43:28.213+0000] {taskinstance.py:1662} INFO - Exporting env vars: AIRFLOW_CTX_DAG_OWNER='***' AIRFLOW_CTX_DAG_ID='austin_animal_shelter_dag' AIRFLOW_CTX_TASK_ID='transform_data' AIRFLOW_CTX_EXECUTION_DATE='2023-11-14T00:00:00+00:00' AIRFLOW_CTX_TRY_NUMBER='1' AIRFLOW_CTX_DAG_RUN_ID='scheduled__2023-11-14T00:00:00+00:00'
[2023-11-20T08:43:29.162+0000] {python.py:194} INFO - Done. Returned value was: None
[2023-11-20T08:43:29.176+0000] {taskinstance.py:1400} INFO - Marking task as SUCCESS. dag_id=austin_animal_shelter_dag, task_id=transform_data, execution_date=20231114T000000, start_date=20231120T084328, end_date=20231120T084329
[2023-11-20T08:43:29.218+0000] {local_task_job_runner.py:228} INFO - Task exited with return code 0
[2023-11-20T08:43:29.286+0000] {taskinstance.py:2778} INFO - 1 downstream tasks scheduled from follow-on schedule check
[2023-11-20T08:46:41.897+0000] {taskinstance.py:1159} INFO - Dependencies all met for dep_context=non-requeueable deps ti=<TaskInstance: austin_animal_shelter_dag.transform_data scheduled__2023-11-14T00:00:00+00:00 [queued]>
[2023-11-20T08:46:41.912+0000] {taskinstance.py:1159} INFO - Dependencies all met for dep_context=requeueable deps ti=<TaskInstance: austin_animal_shelter_dag.transform_data scheduled__2023-11-14T00:00:00+00:00 [queued]>
[2023-11-20T08:46:41.925+0000] {taskinstance.py:1361} INFO - Starting attempt 1 of 2
[2023-11-20T08:46:41.961+0000] {taskinstance.py:1382} INFO - Executing <Task(PythonOperator): transform_data> on 2023-11-14 00:00:00+00:00
[2023-11-20T08:46:41.976+0000] {standard_task_runner.py:57} INFO - Started process 138 to run task
[2023-11-20T08:46:41.984+0000] {standard_task_runner.py:84} INFO - Running: ['***', 'tasks', 'run', 'austin_animal_shelter_dag', 'transform_data', 'scheduled__2023-11-14T00:00:00+00:00', '--job-id', '21', '--raw', '--subdir', 'DAGS_FOLDER/DAG.py', '--cfg-path', '/tmp/tmplef9fwub']
[2023-11-20T08:46:41.996+0000] {standard_task_runner.py:85} INFO - Job 21: Subtask transform_data
[2023-11-20T08:46:42.104+0000] {task_command.py:416} INFO - Running <TaskInstance: austin_animal_shelter_dag.transform_data scheduled__2023-11-14T00:00:00+00:00 [running]> on host d26cbef9e8ab
[2023-11-20T08:46:42.190+0000] {taskinstance.py:1662} INFO - Exporting env vars: AIRFLOW_CTX_DAG_OWNER='***' AIRFLOW_CTX_DAG_ID='austin_animal_shelter_dag' AIRFLOW_CTX_TASK_ID='transform_data' AIRFLOW_CTX_EXECUTION_DATE='2023-11-14T00:00:00+00:00' AIRFLOW_CTX_TRY_NUMBER='1' AIRFLOW_CTX_DAG_RUN_ID='scheduled__2023-11-14T00:00:00+00:00'
[2023-11-20T08:46:43.416+0000] {python.py:194} INFO - Done. Returned value was: None
[2023-11-20T08:46:43.423+0000] {taskinstance.py:1400} INFO - Marking task as SUCCESS. dag_id=austin_animal_shelter_dag, task_id=transform_data, execution_date=20231114T000000, start_date=20231120T084641, end_date=20231120T084643
[2023-11-20T08:46:43.455+0000] {local_task_job_runner.py:228} INFO - Task exited with return code 0
[2023-11-20T08:46:43.467+0000] {taskinstance.py:2778} INFO - 1 downstream tasks scheduled from follow-on schedule check
[2023-11-20T08:50:21.848+0000] {taskinstance.py:1159} INFO - Dependencies all met for dep_context=non-requeueable deps ti=<TaskInstance: austin_animal_shelter_dag.transform_data scheduled__2023-11-14T00:00:00+00:00 [queued]>
[2023-11-20T08:50:21.853+0000] {taskinstance.py:1159} INFO - Dependencies all met for dep_context=requeueable deps ti=<TaskInstance: austin_animal_shelter_dag.transform_data scheduled__2023-11-14T00:00:00+00:00 [queued]>
[2023-11-20T08:50:21.853+0000] {taskinstance.py:1361} INFO - Starting attempt 1 of 2
[2023-11-20T08:50:21.860+0000] {taskinstance.py:1382} INFO - Executing <Task(PythonOperator): transform_data> on 2023-11-14 00:00:00+00:00
[2023-11-20T08:50:21.864+0000] {standard_task_runner.py:57} INFO - Started process 140 to run task
[2023-11-20T08:50:21.867+0000] {standard_task_runner.py:84} INFO - Running: ['***', 'tasks', 'run', 'austin_animal_shelter_dag', 'transform_data', 'scheduled__2023-11-14T00:00:00+00:00', '--job-id', '29', '--raw', '--subdir', 'DAGS_FOLDER/DAG.py', '--cfg-path', '/tmp/tmp2wvvna92']
[2023-11-20T08:50:21.871+0000] {standard_task_runner.py:85} INFO - Job 29: Subtask transform_data
[2023-11-20T08:50:21.903+0000] {task_command.py:416} INFO - Running <TaskInstance: austin_animal_shelter_dag.transform_data scheduled__2023-11-14T00:00:00+00:00 [running]> on host 3ef39241d6e6
[2023-11-20T08:50:21.946+0000] {taskinstance.py:1662} INFO - Exporting env vars: AIRFLOW_CTX_DAG_OWNER='***' AIRFLOW_CTX_DAG_ID='austin_animal_shelter_dag' AIRFLOW_CTX_TASK_ID='transform_data' AIRFLOW_CTX_EXECUTION_DATE='2023-11-14T00:00:00+00:00' AIRFLOW_CTX_TRY_NUMBER='1' AIRFLOW_CTX_DAG_RUN_ID='scheduled__2023-11-14T00:00:00+00:00'
[2023-11-20T08:50:23.059+0000] {python.py:194} INFO - Done. Returned value was: None
[2023-11-20T08:50:23.070+0000] {taskinstance.py:1400} INFO - Marking task as SUCCESS. dag_id=austin_animal_shelter_dag, task_id=transform_data, execution_date=20231114T000000, start_date=20231120T085021, end_date=20231120T085023
[2023-11-20T08:50:23.102+0000] {local_task_job_runner.py:228} INFO - Task exited with return code 0
[2023-11-20T08:50:23.125+0000] {taskinstance.py:2778} INFO - 1 downstream tasks scheduled from follow-on schedule check
[2023-11-20T22:32:32.464+0000] {taskinstance.py:1159} INFO - Dependencies all met for dep_context=non-requeueable deps ti=<TaskInstance: austin_animal_shelter_dag.transform_data scheduled__2023-11-14T00:00:00+00:00 [queued]>
[2023-11-20T22:32:32.497+0000] {taskinstance.py:1159} INFO - Dependencies all met for dep_context=requeueable deps ti=<TaskInstance: austin_animal_shelter_dag.transform_data scheduled__2023-11-14T00:00:00+00:00 [queued]>
[2023-11-20T22:32:32.504+0000] {taskinstance.py:1361} INFO - Starting attempt 1 of 2
[2023-11-20T22:32:32.555+0000] {taskinstance.py:1382} INFO - Executing <Task(PythonOperator): transform_data> on 2023-11-14 00:00:00+00:00
[2023-11-20T22:32:32.568+0000] {standard_task_runner.py:57} INFO - Started process 135 to run task
[2023-11-20T22:32:32.586+0000] {standard_task_runner.py:84} INFO - Running: ['***', 'tasks', 'run', 'austin_animal_shelter_dag', 'transform_data', 'scheduled__2023-11-14T00:00:00+00:00', '--job-id', '90', '--raw', '--subdir', 'DAGS_FOLDER/DAG.py', '--cfg-path', '/tmp/tmpik86ji1k']
[2023-11-20T22:32:32.617+0000] {standard_task_runner.py:85} INFO - Job 90: Subtask transform_data
[2023-11-20T22:32:32.806+0000] {task_command.py:416} INFO - Running <TaskInstance: austin_animal_shelter_dag.transform_data scheduled__2023-11-14T00:00:00+00:00 [running]> on host ad6c889005f6
[2023-11-20T22:32:32.980+0000] {taskinstance.py:1662} INFO - Exporting env vars: AIRFLOW_CTX_DAG_OWNER='***' AIRFLOW_CTX_DAG_ID='austin_animal_shelter_dag' AIRFLOW_CTX_TASK_ID='transform_data' AIRFLOW_CTX_EXECUTION_DATE='2023-11-14T00:00:00+00:00' AIRFLOW_CTX_TRY_NUMBER='1' AIRFLOW_CTX_DAG_RUN_ID='scheduled__2023-11-14T00:00:00+00:00'
[2023-11-20T22:32:34.219+0000] {python.py:194} INFO - Done. Returned value was: None
[2023-11-20T22:32:34.289+0000] {taskinstance.py:1400} INFO - Marking task as SUCCESS. dag_id=austin_animal_shelter_dag, task_id=transform_data, execution_date=20231114T000000, start_date=20231120T223232, end_date=20231120T223234
[2023-11-20T22:32:34.394+0000] {local_task_job_runner.py:228} INFO - Task exited with return code 0
[2023-11-20T22:32:34.506+0000] {taskinstance.py:2778} INFO - 0 downstream tasks scheduled from follow-on schedule check
[2023-11-20T22:47:41.328+0000] {taskinstance.py:1159} INFO - Dependencies all met for dep_context=non-requeueable deps ti=<TaskInstance: austin_animal_shelter_dag.transform_data scheduled__2023-11-14T00:00:00+00:00 [queued]>
[2023-11-20T22:47:41.335+0000] {taskinstance.py:1159} INFO - Dependencies all met for dep_context=requeueable deps ti=<TaskInstance: austin_animal_shelter_dag.transform_data scheduled__2023-11-14T00:00:00+00:00 [queued]>
[2023-11-20T22:47:41.335+0000] {taskinstance.py:1361} INFO - Starting attempt 1 of 2
[2023-11-20T22:47:41.345+0000] {taskinstance.py:1382} INFO - Executing <Task(PythonOperator): transform_data> on 2023-11-14 00:00:00+00:00
[2023-11-20T22:47:41.354+0000] {standard_task_runner.py:57} INFO - Started process 117 to run task
[2023-11-20T22:47:41.359+0000] {standard_task_runner.py:84} INFO - Running: ['***', 'tasks', 'run', 'austin_animal_shelter_dag', 'transform_data', 'scheduled__2023-11-14T00:00:00+00:00', '--job-id', '21', '--raw', '--subdir', 'DAGS_FOLDER/DAG.py', '--cfg-path', '/tmp/tmplea2n2mh']
[2023-11-20T22:47:41.368+0000] {standard_task_runner.py:85} INFO - Job 21: Subtask transform_data
[2023-11-20T22:47:41.430+0000] {task_command.py:416} INFO - Running <TaskInstance: austin_animal_shelter_dag.transform_data scheduled__2023-11-14T00:00:00+00:00 [running]> on host fda681cc78c9
[2023-11-20T22:47:41.504+0000] {taskinstance.py:1662} INFO - Exporting env vars: AIRFLOW_CTX_DAG_OWNER='***' AIRFLOW_CTX_DAG_ID='austin_animal_shelter_dag' AIRFLOW_CTX_TASK_ID='transform_data' AIRFLOW_CTX_EXECUTION_DATE='2023-11-14T00:00:00+00:00' AIRFLOW_CTX_TRY_NUMBER='1' AIRFLOW_CTX_DAG_RUN_ID='scheduled__2023-11-14T00:00:00+00:00'
[2023-11-20T22:47:44.199+0000] {python.py:194} INFO - Done. Returned value was: None
[2023-11-20T22:47:44.356+0000] {taskinstance.py:1400} INFO - Marking task as SUCCESS. dag_id=austin_animal_shelter_dag, task_id=transform_data, execution_date=20231114T000000, start_date=20231120T224741, end_date=20231120T224744
[2023-11-20T22:47:44.529+0000] {local_task_job_runner.py:228} INFO - Task exited with return code 0
[2023-11-20T22:47:44.687+0000] {taskinstance.py:2778} INFO - 1 downstream tasks scheduled from follow-on schedule check
