[2023-11-20T08:43:30.078+0000] {taskinstance.py:1159} INFO - Dependencies all met for dep_context=non-requeueable deps ti=<TaskInstance: austin_animal_shelter_dag.load_data scheduled__2023-11-04T00:00:00+00:00 [queued]>
[2023-11-20T08:43:30.088+0000] {taskinstance.py:1159} INFO - Dependencies all met for dep_context=requeueable deps ti=<TaskInstance: austin_animal_shelter_dag.load_data scheduled__2023-11-04T00:00:00+00:00 [queued]>
[2023-11-20T08:43:30.092+0000] {taskinstance.py:1361} INFO - Starting attempt 1 of 2
[2023-11-20T08:43:30.117+0000] {taskinstance.py:1382} INFO - Executing <Task(PythonOperator): load_data> on 2023-11-04 00:00:00+00:00
[2023-11-20T08:43:30.138+0000] {standard_task_runner.py:57} INFO - Started process 184 to run task
[2023-11-20T08:43:30.149+0000] {standard_task_runner.py:84} INFO - Running: ['***', 'tasks', 'run', 'austin_animal_shelter_dag', 'load_data', 'scheduled__2023-11-04T00:00:00+00:00', '--job-id', '40', '--raw', '--subdir', 'DAGS_FOLDER/DAG.py', '--cfg-path', '/tmp/tmpb7tr1v0r']
[2023-11-20T08:43:30.155+0000] {standard_task_runner.py:85} INFO - Job 40: Subtask load_data
[2023-11-20T08:43:30.216+0000] {task_command.py:416} INFO - Running <TaskInstance: austin_animal_shelter_dag.load_data scheduled__2023-11-04T00:00:00+00:00 [running]> on host c84b35a13244
[2023-11-20T08:43:30.303+0000] {taskinstance.py:1662} INFO - Exporting env vars: AIRFLOW_CTX_DAG_OWNER='***' AIRFLOW_CTX_DAG_ID='austin_animal_shelter_dag' AIRFLOW_CTX_TASK_ID='load_data' AIRFLOW_CTX_EXECUTION_DATE='2023-11-04T00:00:00+00:00' AIRFLOW_CTX_TRY_NUMBER='1' AIRFLOW_CTX_DAG_RUN_ID='scheduled__2023-11-04T00:00:00+00:00'
[2023-11-20T08:43:30.923+0000] {taskinstance.py:1937} ERROR - Task failed with exception
Traceback (most recent call last):
  File "/home/airflow/.local/lib/python3.8/site-packages/airflow/operators/python.py", line 192, in execute
    return_value = self.execute_callable()
  File "/home/airflow/.local/lib/python3.8/site-packages/airflow/operators/python.py", line 209, in execute_callable
    return self.python_callable(*self.op_args, **self.op_kwargs)
  File "/opt/airflow/dags/Scripts/etl.py", line 179, in load_data
    engine = create_engine(DATABASE_URL)
  File "<string>", line 2, in create_engine
  File "/home/airflow/.local/lib/python3.8/site-packages/sqlalchemy/util/deprecations.py", line 375, in warned
    return fn(*args, **kwargs)
  File "/home/airflow/.local/lib/python3.8/site-packages/sqlalchemy/engine/create.py", line 514, in create_engine
    u = _url.make_url(url)
  File "/home/airflow/.local/lib/python3.8/site-packages/sqlalchemy/engine/url.py", line 738, in make_url
    return _parse_url(name_or_url)
  File "/home/airflow/.local/lib/python3.8/site-packages/sqlalchemy/engine/url.py", line 794, in _parse_url
    components["port"] = int(components["port"])
ValueError: invalid literal for int() with base 10: '{}'
[2023-11-20T08:43:30.930+0000] {taskinstance.py:1400} INFO - Marking task as UP_FOR_RETRY. dag_id=austin_animal_shelter_dag, task_id=load_data, execution_date=20231104T000000, start_date=20231120T084330, end_date=20231120T084330
[2023-11-20T08:43:30.937+0000] {standard_task_runner.py:104} ERROR - Failed to execute job 40 for task load_data (invalid literal for int() with base 10: '{}'; 184)
[2023-11-20T08:43:30.976+0000] {local_task_job_runner.py:228} INFO - Task exited with return code 1
[2023-11-20T08:43:30.986+0000] {taskinstance.py:2778} INFO - 0 downstream tasks scheduled from follow-on schedule check
[2023-11-20T08:46:45.323+0000] {taskinstance.py:1159} INFO - Dependencies all met for dep_context=non-requeueable deps ti=<TaskInstance: austin_animal_shelter_dag.load_data scheduled__2023-11-04T00:00:00+00:00 [queued]>
[2023-11-20T08:46:45.330+0000] {taskinstance.py:1159} INFO - Dependencies all met for dep_context=requeueable deps ti=<TaskInstance: austin_animal_shelter_dag.load_data scheduled__2023-11-04T00:00:00+00:00 [queued]>
[2023-11-20T08:46:45.331+0000] {taskinstance.py:1361} INFO - Starting attempt 1 of 2
[2023-11-20T08:46:45.341+0000] {taskinstance.py:1382} INFO - Executing <Task(PythonOperator): load_data> on 2023-11-04 00:00:00+00:00
[2023-11-20T08:46:45.346+0000] {standard_task_runner.py:57} INFO - Started process 198 to run task
[2023-11-20T08:46:45.349+0000] {standard_task_runner.py:84} INFO - Running: ['***', 'tasks', 'run', 'austin_animal_shelter_dag', 'load_data', 'scheduled__2023-11-04T00:00:00+00:00', '--job-id', '46', '--raw', '--subdir', 'DAGS_FOLDER/DAG.py', '--cfg-path', '/tmp/tmp3kdj2q5v']
[2023-11-20T08:46:45.354+0000] {standard_task_runner.py:85} INFO - Job 46: Subtask load_data
[2023-11-20T08:46:45.400+0000] {task_command.py:416} INFO - Running <TaskInstance: austin_animal_shelter_dag.load_data scheduled__2023-11-04T00:00:00+00:00 [running]> on host d26cbef9e8ab
[2023-11-20T08:46:45.468+0000] {taskinstance.py:1662} INFO - Exporting env vars: AIRFLOW_CTX_DAG_OWNER='***' AIRFLOW_CTX_DAG_ID='austin_animal_shelter_dag' AIRFLOW_CTX_TASK_ID='load_data' AIRFLOW_CTX_EXECUTION_DATE='2023-11-04T00:00:00+00:00' AIRFLOW_CTX_TRY_NUMBER='1' AIRFLOW_CTX_DAG_RUN_ID='scheduled__2023-11-04T00:00:00+00:00'
[2023-11-20T08:46:48.255+0000] {python.py:194} INFO - Done. Returned value was: None
[2023-11-20T08:46:48.262+0000] {taskinstance.py:1400} INFO - Marking task as SUCCESS. dag_id=austin_animal_shelter_dag, task_id=load_data, execution_date=20231104T000000, start_date=20231120T084645, end_date=20231120T084648
[2023-11-20T08:46:48.294+0000] {local_task_job_runner.py:228} INFO - Task exited with return code 0
[2023-11-20T08:46:48.308+0000] {taskinstance.py:2778} INFO - 0 downstream tasks scheduled from follow-on schedule check
[2023-11-20T08:50:23.741+0000] {taskinstance.py:1159} INFO - Dependencies all met for dep_context=non-requeueable deps ti=<TaskInstance: austin_animal_shelter_dag.load_data scheduled__2023-11-04T00:00:00+00:00 [queued]>
[2023-11-20T08:50:23.757+0000] {taskinstance.py:1159} INFO - Dependencies all met for dep_context=requeueable deps ti=<TaskInstance: austin_animal_shelter_dag.load_data scheduled__2023-11-04T00:00:00+00:00 [queued]>
[2023-11-20T08:50:23.761+0000] {taskinstance.py:1361} INFO - Starting attempt 1 of 2
[2023-11-20T08:50:23.778+0000] {taskinstance.py:1382} INFO - Executing <Task(PythonOperator): load_data> on 2023-11-04 00:00:00+00:00
[2023-11-20T08:50:23.787+0000] {standard_task_runner.py:57} INFO - Started process 175 to run task
[2023-11-20T08:50:23.792+0000] {standard_task_runner.py:84} INFO - Running: ['***', 'tasks', 'run', 'austin_animal_shelter_dag', 'load_data', 'scheduled__2023-11-04T00:00:00+00:00', '--job-id', '35', '--raw', '--subdir', 'DAGS_FOLDER/DAG.py', '--cfg-path', '/tmp/tmpcv7w16q8']
[2023-11-20T08:50:23.801+0000] {standard_task_runner.py:85} INFO - Job 35: Subtask load_data
[2023-11-20T08:50:23.852+0000] {task_command.py:416} INFO - Running <TaskInstance: austin_animal_shelter_dag.load_data scheduled__2023-11-04T00:00:00+00:00 [running]> on host 3ef39241d6e6
[2023-11-20T08:50:23.955+0000] {taskinstance.py:1662} INFO - Exporting env vars: AIRFLOW_CTX_DAG_OWNER='***' AIRFLOW_CTX_DAG_ID='austin_animal_shelter_dag' AIRFLOW_CTX_TASK_ID='load_data' AIRFLOW_CTX_EXECUTION_DATE='2023-11-04T00:00:00+00:00' AIRFLOW_CTX_TRY_NUMBER='1' AIRFLOW_CTX_DAG_RUN_ID='scheduled__2023-11-04T00:00:00+00:00'
[2023-11-20T08:50:27.238+0000] {python.py:194} INFO - Done. Returned value was: None
[2023-11-20T08:50:27.248+0000] {taskinstance.py:1400} INFO - Marking task as SUCCESS. dag_id=austin_animal_shelter_dag, task_id=load_data, execution_date=20231104T000000, start_date=20231120T085023, end_date=20231120T085027
[2023-11-20T08:50:27.278+0000] {local_task_job_runner.py:228} INFO - Task exited with return code 0
[2023-11-20T08:50:27.290+0000] {taskinstance.py:2778} INFO - 0 downstream tasks scheduled from follow-on schedule check
[2023-11-20T22:32:37.880+0000] {taskinstance.py:1159} INFO - Dependencies all met for dep_context=non-requeueable deps ti=<TaskInstance: austin_animal_shelter_dag.load_data scheduled__2023-11-04T00:00:00+00:00 [queued]>
[2023-11-20T22:32:37.901+0000] {taskinstance.py:1159} INFO - Dependencies all met for dep_context=requeueable deps ti=<TaskInstance: austin_animal_shelter_dag.load_data scheduled__2023-11-04T00:00:00+00:00 [queued]>
[2023-11-20T22:32:37.919+0000] {taskinstance.py:1361} INFO - Starting attempt 1 of 2
[2023-11-20T22:32:37.978+0000] {taskinstance.py:1382} INFO - Executing <Task(PythonOperator): load_data> on 2023-11-04 00:00:00+00:00
[2023-11-20T22:32:38.023+0000] {standard_task_runner.py:57} INFO - Started process 193 to run task
[2023-11-20T22:32:38.032+0000] {standard_task_runner.py:84} INFO - Running: ['***', 'tasks', 'run', 'austin_animal_shelter_dag', 'load_data', 'scheduled__2023-11-04T00:00:00+00:00', '--job-id', '108', '--raw', '--subdir', 'DAGS_FOLDER/DAG.py', '--cfg-path', '/tmp/tmp1fiandq0']
[2023-11-20T22:32:38.048+0000] {standard_task_runner.py:85} INFO - Job 108: Subtask load_data
[2023-11-20T22:32:38.173+0000] {task_command.py:416} INFO - Running <TaskInstance: austin_animal_shelter_dag.load_data scheduled__2023-11-04T00:00:00+00:00 [running]> on host ad6c889005f6
[2023-11-20T22:32:38.361+0000] {taskinstance.py:1662} INFO - Exporting env vars: AIRFLOW_CTX_DAG_OWNER='***' AIRFLOW_CTX_DAG_ID='austin_animal_shelter_dag' AIRFLOW_CTX_TASK_ID='load_data' AIRFLOW_CTX_EXECUTION_DATE='2023-11-04T00:00:00+00:00' AIRFLOW_CTX_TRY_NUMBER='1' AIRFLOW_CTX_DAG_RUN_ID='scheduled__2023-11-04T00:00:00+00:00'
[2023-11-20T22:32:41.518+0000] {python.py:194} INFO - Done. Returned value was: None
[2023-11-20T22:32:41.583+0000] {taskinstance.py:1400} INFO - Marking task as SUCCESS. dag_id=austin_animal_shelter_dag, task_id=load_data, execution_date=20231104T000000, start_date=20231120T223237, end_date=20231120T223241
[2023-11-20T22:32:41.728+0000] {local_task_job_runner.py:228} INFO - Task exited with return code 0
[2023-11-20T22:32:41.951+0000] {taskinstance.py:2778} INFO - 0 downstream tasks scheduled from follow-on schedule check
[2023-11-20T22:47:52.491+0000] {taskinstance.py:1159} INFO - Dependencies all met for dep_context=non-requeueable deps ti=<TaskInstance: austin_animal_shelter_dag.load_data scheduled__2023-11-04T00:00:00+00:00 [queued]>
[2023-11-20T22:47:52.498+0000] {taskinstance.py:1159} INFO - Dependencies all met for dep_context=requeueable deps ti=<TaskInstance: austin_animal_shelter_dag.load_data scheduled__2023-11-04T00:00:00+00:00 [queued]>
[2023-11-20T22:47:52.499+0000] {taskinstance.py:1361} INFO - Starting attempt 1 of 2
[2023-11-20T22:47:52.514+0000] {taskinstance.py:1382} INFO - Executing <Task(PythonOperator): load_data> on 2023-11-04 00:00:00+00:00
[2023-11-20T22:47:52.537+0000] {standard_task_runner.py:57} INFO - Started process 198 to run task
[2023-11-20T22:47:52.558+0000] {standard_task_runner.py:84} INFO - Running: ['***', 'tasks', 'run', 'austin_animal_shelter_dag', 'load_data', 'scheduled__2023-11-04T00:00:00+00:00', '--job-id', '47', '--raw', '--subdir', 'DAGS_FOLDER/DAG.py', '--cfg-path', '/tmp/tmpn1rihefn']
[2023-11-20T22:47:52.570+0000] {standard_task_runner.py:85} INFO - Job 47: Subtask load_data
[2023-11-20T22:47:52.644+0000] {task_command.py:416} INFO - Running <TaskInstance: austin_animal_shelter_dag.load_data scheduled__2023-11-04T00:00:00+00:00 [running]> on host fda681cc78c9
[2023-11-20T22:47:52.727+0000] {taskinstance.py:1662} INFO - Exporting env vars: AIRFLOW_CTX_DAG_OWNER='***' AIRFLOW_CTX_DAG_ID='austin_animal_shelter_dag' AIRFLOW_CTX_TASK_ID='load_data' AIRFLOW_CTX_EXECUTION_DATE='2023-11-04T00:00:00+00:00' AIRFLOW_CTX_TRY_NUMBER='1' AIRFLOW_CTX_DAG_RUN_ID='scheduled__2023-11-04T00:00:00+00:00'
[2023-11-20T22:47:57.092+0000] {python.py:194} INFO - Done. Returned value was: None
[2023-11-20T22:47:57.121+0000] {taskinstance.py:1400} INFO - Marking task as SUCCESS. dag_id=austin_animal_shelter_dag, task_id=load_data, execution_date=20231104T000000, start_date=20231120T224752, end_date=20231120T224757
[2023-11-20T22:47:57.173+0000] {local_task_job_runner.py:228} INFO - Task exited with return code 0
[2023-11-20T22:47:57.212+0000] {taskinstance.py:2778} INFO - 0 downstream tasks scheduled from follow-on schedule check
