[2023-11-20T08:50:39.582+0000] {taskinstance.py:1159} INFO - Dependencies all met for dep_context=non-requeueable deps ti=<TaskInstance: austin_animal_shelter_dag.load_data scheduled__2023-11-19T00:00:00+00:00 [queued]>
[2023-11-20T08:50:39.586+0000] {taskinstance.py:1159} INFO - Dependencies all met for dep_context=requeueable deps ti=<TaskInstance: austin_animal_shelter_dag.load_data scheduled__2023-11-19T00:00:00+00:00 [queued]>
[2023-11-20T08:50:39.586+0000] {taskinstance.py:1361} INFO - Starting attempt 1 of 2
[2023-11-20T08:50:39.591+0000] {taskinstance.py:1382} INFO - Executing <Task(PythonOperator): load_data> on 2023-11-19 00:00:00+00:00
[2023-11-20T08:50:39.594+0000] {standard_task_runner.py:57} INFO - Started process 234 to run task
[2023-11-20T08:50:39.597+0000] {standard_task_runner.py:84} INFO - Running: ['***', 'tasks', 'run', 'austin_animal_shelter_dag', 'load_data', 'scheduled__2023-11-19T00:00:00+00:00', '--job-id', '58', '--raw', '--subdir', 'DAGS_FOLDER/DAG.py', '--cfg-path', '/tmp/tmpj02jr22k']
[2023-11-20T08:50:39.599+0000] {standard_task_runner.py:85} INFO - Job 58: Subtask load_data
[2023-11-20T08:50:39.620+0000] {task_command.py:416} INFO - Running <TaskInstance: austin_animal_shelter_dag.load_data scheduled__2023-11-19T00:00:00+00:00 [running]> on host 3ef39241d6e6
[2023-11-20T08:50:39.658+0000] {taskinstance.py:1662} INFO - Exporting env vars: AIRFLOW_CTX_DAG_OWNER='***' AIRFLOW_CTX_DAG_ID='austin_animal_shelter_dag' AIRFLOW_CTX_TASK_ID='load_data' AIRFLOW_CTX_EXECUTION_DATE='2023-11-19T00:00:00+00:00' AIRFLOW_CTX_TRY_NUMBER='1' AIRFLOW_CTX_DAG_RUN_ID='scheduled__2023-11-19T00:00:00+00:00'
[2023-11-20T08:50:42.113+0000] {python.py:194} INFO - Done. Returned value was: None
[2023-11-20T08:50:42.123+0000] {taskinstance.py:1400} INFO - Marking task as SUCCESS. dag_id=austin_animal_shelter_dag, task_id=load_data, execution_date=20231119T000000, start_date=20231120T085039, end_date=20231120T085042
[2023-11-20T08:50:42.173+0000] {local_task_job_runner.py:228} INFO - Task exited with return code 0
[2023-11-20T08:50:42.182+0000] {taskinstance.py:2778} INFO - 0 downstream tasks scheduled from follow-on schedule check
[2023-11-20T22:32:54.832+0000] {taskinstance.py:1159} INFO - Dependencies all met for dep_context=non-requeueable deps ti=<TaskInstance: austin_animal_shelter_dag.load_data scheduled__2023-11-19T00:00:00+00:00 [queued]>
[2023-11-20T22:32:54.839+0000] {taskinstance.py:1159} INFO - Dependencies all met for dep_context=requeueable deps ti=<TaskInstance: austin_animal_shelter_dag.load_data scheduled__2023-11-19T00:00:00+00:00 [queued]>
[2023-11-20T22:32:54.839+0000] {taskinstance.py:1361} INFO - Starting attempt 1 of 2
[2023-11-20T22:32:54.846+0000] {taskinstance.py:1382} INFO - Executing <Task(PythonOperator): load_data> on 2023-11-19 00:00:00+00:00
[2023-11-20T22:32:54.852+0000] {standard_task_runner.py:57} INFO - Started process 248 to run task
[2023-11-20T22:32:54.855+0000] {standard_task_runner.py:84} INFO - Running: ['***', 'tasks', 'run', 'austin_animal_shelter_dag', 'load_data', 'scheduled__2023-11-19T00:00:00+00:00', '--job-id', '127', '--raw', '--subdir', 'DAGS_FOLDER/DAG.py', '--cfg-path', '/tmp/tmprhkygaz9']
[2023-11-20T22:32:54.859+0000] {standard_task_runner.py:85} INFO - Job 127: Subtask load_data
[2023-11-20T22:32:54.890+0000] {task_command.py:416} INFO - Running <TaskInstance: austin_animal_shelter_dag.load_data scheduled__2023-11-19T00:00:00+00:00 [running]> on host ad6c889005f6
[2023-11-20T22:32:54.937+0000] {taskinstance.py:1662} INFO - Exporting env vars: AIRFLOW_CTX_DAG_OWNER='***' AIRFLOW_CTX_DAG_ID='austin_animal_shelter_dag' AIRFLOW_CTX_TASK_ID='load_data' AIRFLOW_CTX_EXECUTION_DATE='2023-11-19T00:00:00+00:00' AIRFLOW_CTX_TRY_NUMBER='1' AIRFLOW_CTX_DAG_RUN_ID='scheduled__2023-11-19T00:00:00+00:00'
[2023-11-20T22:32:57.490+0000] {python.py:194} INFO - Done. Returned value was: None
[2023-11-20T22:32:57.513+0000] {taskinstance.py:1400} INFO - Marking task as SUCCESS. dag_id=austin_animal_shelter_dag, task_id=load_data, execution_date=20231119T000000, start_date=20231120T223254, end_date=20231120T223257
[2023-11-20T22:32:57.562+0000] {local_task_job_runner.py:228} INFO - Task exited with return code 0
[2023-11-20T22:32:57.577+0000] {taskinstance.py:2778} INFO - 0 downstream tasks scheduled from follow-on schedule check
[2023-11-20T22:48:14.811+0000] {taskinstance.py:1159} INFO - Dependencies all met for dep_context=non-requeueable deps ti=<TaskInstance: austin_animal_shelter_dag.load_data scheduled__2023-11-19T00:00:00+00:00 [queued]>
[2023-11-20T22:48:14.818+0000] {taskinstance.py:1159} INFO - Dependencies all met for dep_context=requeueable deps ti=<TaskInstance: austin_animal_shelter_dag.load_data scheduled__2023-11-19T00:00:00+00:00 [queued]>
[2023-11-20T22:48:14.819+0000] {taskinstance.py:1361} INFO - Starting attempt 1 of 2
[2023-11-20T22:48:14.826+0000] {taskinstance.py:1382} INFO - Executing <Task(PythonOperator): load_data> on 2023-11-19 00:00:00+00:00
[2023-11-20T22:48:14.833+0000] {standard_task_runner.py:57} INFO - Started process 248 to run task
[2023-11-20T22:48:14.836+0000] {standard_task_runner.py:84} INFO - Running: ['***', 'tasks', 'run', 'austin_animal_shelter_dag', 'load_data', 'scheduled__2023-11-19T00:00:00+00:00', '--job-id', '61', '--raw', '--subdir', 'DAGS_FOLDER/DAG.py', '--cfg-path', '/tmp/tmp3cgp0tlp']
[2023-11-20T22:48:14.839+0000] {standard_task_runner.py:85} INFO - Job 61: Subtask load_data
[2023-11-20T22:48:14.876+0000] {task_command.py:416} INFO - Running <TaskInstance: austin_animal_shelter_dag.load_data scheduled__2023-11-19T00:00:00+00:00 [running]> on host fda681cc78c9
[2023-11-20T22:48:14.930+0000] {taskinstance.py:1662} INFO - Exporting env vars: AIRFLOW_CTX_DAG_OWNER='***' AIRFLOW_CTX_DAG_ID='austin_animal_shelter_dag' AIRFLOW_CTX_TASK_ID='load_data' AIRFLOW_CTX_EXECUTION_DATE='2023-11-19T00:00:00+00:00' AIRFLOW_CTX_TRY_NUMBER='1' AIRFLOW_CTX_DAG_RUN_ID='scheduled__2023-11-19T00:00:00+00:00'
[2023-11-20T22:48:18.424+0000] {python.py:194} INFO - Done. Returned value was: None
[2023-11-20T22:48:18.437+0000] {taskinstance.py:1400} INFO - Marking task as SUCCESS. dag_id=austin_animal_shelter_dag, task_id=load_data, execution_date=20231119T000000, start_date=20231120T224814, end_date=20231120T224818
[2023-11-20T22:48:18.482+0000] {local_task_job_runner.py:228} INFO - Task exited with return code 0
[2023-11-20T22:48:18.524+0000] {taskinstance.py:2778} INFO - 0 downstream tasks scheduled from follow-on schedule check
