[2023-11-20T08:43:30.091+0000] {taskinstance.py:1159} INFO - Dependencies all met for dep_context=non-requeueable deps ti=<TaskInstance: austin_animal_shelter_dag.load_data scheduled__2023-11-12T00:00:00+00:00 [queued]>
[2023-11-20T08:43:30.105+0000] {taskinstance.py:1159} INFO - Dependencies all met for dep_context=requeueable deps ti=<TaskInstance: austin_animal_shelter_dag.load_data scheduled__2023-11-12T00:00:00+00:00 [queued]>
[2023-11-20T08:43:30.111+0000] {taskinstance.py:1361} INFO - Starting attempt 1 of 2
[2023-11-20T08:43:30.139+0000] {taskinstance.py:1382} INFO - Executing <Task(PythonOperator): load_data> on 2023-11-12 00:00:00+00:00
[2023-11-20T08:43:30.151+0000] {standard_task_runner.py:57} INFO - Started process 186 to run task
[2023-11-20T08:43:30.161+0000] {standard_task_runner.py:84} INFO - Running: ['***', 'tasks', 'run', 'austin_animal_shelter_dag', 'load_data', 'scheduled__2023-11-12T00:00:00+00:00', '--job-id', '43', '--raw', '--subdir', 'DAGS_FOLDER/DAG.py', '--cfg-path', '/tmp/tmp9qmc3rpm']
[2023-11-20T08:43:30.166+0000] {standard_task_runner.py:85} INFO - Job 43: Subtask load_data
[2023-11-20T08:43:30.244+0000] {task_command.py:416} INFO - Running <TaskInstance: austin_animal_shelter_dag.load_data scheduled__2023-11-12T00:00:00+00:00 [running]> on host c84b35a13244
[2023-11-20T08:43:30.339+0000] {taskinstance.py:1662} INFO - Exporting env vars: AIRFLOW_CTX_DAG_OWNER='***' AIRFLOW_CTX_DAG_ID='austin_animal_shelter_dag' AIRFLOW_CTX_TASK_ID='load_data' AIRFLOW_CTX_EXECUTION_DATE='2023-11-12T00:00:00+00:00' AIRFLOW_CTX_TRY_NUMBER='1' AIRFLOW_CTX_DAG_RUN_ID='scheduled__2023-11-12T00:00:00+00:00'
[2023-11-20T08:43:30.948+0000] {taskinstance.py:1937} ERROR - Task failed with exception
Traceback (most recent call last):
  File "/home/airflow/.local/lib/python3.8/site-packages/airflow/operators/python.py", line 192, in execute
    return_value = self.execute_callable()
  File "/home/airflow/.local/lib/python3.8/site-packages/airflow/operators/python.py", line 209, in execute_callable
    return self.python_callable(*self.op_args, **self.op_kwargs)
  File "/opt/airflow/dags/Scripts/etl.py", line 179, in load_data
    engine = create_engine(DATABASE_URL)
  File "<string>", line 2, in create_engine
  File "/home/airflow/.local/lib/python3.8/site-packages/sqlalchemy/util/deprecations.py", line 375, in warned
    return fn(*args, **kwargs)
  File "/home/airflow/.local/lib/python3.8/site-packages/sqlalchemy/engine/create.py", line 514, in create_engine
    u = _url.make_url(url)
  File "/home/airflow/.local/lib/python3.8/site-packages/sqlalchemy/engine/url.py", line 738, in make_url
    return _parse_url(name_or_url)
  File "/home/airflow/.local/lib/python3.8/site-packages/sqlalchemy/engine/url.py", line 794, in _parse_url
    components["port"] = int(components["port"])
ValueError: invalid literal for int() with base 10: '{}'
[2023-11-20T08:43:30.955+0000] {taskinstance.py:1400} INFO - Marking task as UP_FOR_RETRY. dag_id=austin_animal_shelter_dag, task_id=load_data, execution_date=20231112T000000, start_date=20231120T084330, end_date=20231120T084330
[2023-11-20T08:43:30.960+0000] {standard_task_runner.py:104} ERROR - Failed to execute job 43 for task load_data (invalid literal for int() with base 10: '{}'; 186)
[2023-11-20T08:43:30.974+0000] {local_task_job_runner.py:228} INFO - Task exited with return code 1
[2023-11-20T08:43:30.986+0000] {taskinstance.py:2778} INFO - 0 downstream tasks scheduled from follow-on schedule check
[2023-11-20T08:46:44.587+0000] {taskinstance.py:1159} INFO - Dependencies all met for dep_context=non-requeueable deps ti=<TaskInstance: austin_animal_shelter_dag.load_data scheduled__2023-11-12T00:00:00+00:00 [queued]>
[2023-11-20T08:46:44.593+0000] {taskinstance.py:1159} INFO - Dependencies all met for dep_context=requeueable deps ti=<TaskInstance: austin_animal_shelter_dag.load_data scheduled__2023-11-12T00:00:00+00:00 [queued]>
[2023-11-20T08:46:44.595+0000] {taskinstance.py:1361} INFO - Starting attempt 1 of 2
[2023-11-20T08:46:44.619+0000] {taskinstance.py:1382} INFO - Executing <Task(PythonOperator): load_data> on 2023-11-12 00:00:00+00:00
[2023-11-20T08:46:44.633+0000] {standard_task_runner.py:57} INFO - Started process 186 to run task
[2023-11-20T08:46:44.644+0000] {standard_task_runner.py:84} INFO - Running: ['***', 'tasks', 'run', 'austin_animal_shelter_dag', 'load_data', 'scheduled__2023-11-12T00:00:00+00:00', '--job-id', '42', '--raw', '--subdir', 'DAGS_FOLDER/DAG.py', '--cfg-path', '/tmp/tmptnzfl8v0']
[2023-11-20T08:46:44.661+0000] {standard_task_runner.py:85} INFO - Job 42: Subtask load_data
[2023-11-20T08:46:44.736+0000] {task_command.py:416} INFO - Running <TaskInstance: austin_animal_shelter_dag.load_data scheduled__2023-11-12T00:00:00+00:00 [running]> on host d26cbef9e8ab
[2023-11-20T08:46:44.888+0000] {taskinstance.py:1662} INFO - Exporting env vars: AIRFLOW_CTX_DAG_OWNER='***' AIRFLOW_CTX_DAG_ID='austin_animal_shelter_dag' AIRFLOW_CTX_TASK_ID='load_data' AIRFLOW_CTX_EXECUTION_DATE='2023-11-12T00:00:00+00:00' AIRFLOW_CTX_TRY_NUMBER='1' AIRFLOW_CTX_DAG_RUN_ID='scheduled__2023-11-12T00:00:00+00:00'
[2023-11-20T08:46:47.809+0000] {python.py:194} INFO - Done. Returned value was: None
[2023-11-20T08:46:47.816+0000] {taskinstance.py:1400} INFO - Marking task as SUCCESS. dag_id=austin_animal_shelter_dag, task_id=load_data, execution_date=20231112T000000, start_date=20231120T084644, end_date=20231120T084647
[2023-11-20T08:46:47.840+0000] {local_task_job_runner.py:228} INFO - Task exited with return code 0
[2023-11-20T08:46:47.859+0000] {taskinstance.py:2778} INFO - 0 downstream tasks scheduled from follow-on schedule check
[2023-11-20T08:50:25.800+0000] {taskinstance.py:1159} INFO - Dependencies all met for dep_context=non-requeueable deps ti=<TaskInstance: austin_animal_shelter_dag.load_data scheduled__2023-11-12T00:00:00+00:00 [queued]>
[2023-11-20T08:50:25.805+0000] {taskinstance.py:1159} INFO - Dependencies all met for dep_context=requeueable deps ti=<TaskInstance: austin_animal_shelter_dag.load_data scheduled__2023-11-12T00:00:00+00:00 [queued]>
[2023-11-20T08:50:25.805+0000] {taskinstance.py:1361} INFO - Starting attempt 1 of 2
[2023-11-20T08:50:25.813+0000] {taskinstance.py:1382} INFO - Executing <Task(PythonOperator): load_data> on 2023-11-12 00:00:00+00:00
[2023-11-20T08:50:25.817+0000] {standard_task_runner.py:57} INFO - Started process 204 to run task
[2023-11-20T08:50:25.819+0000] {standard_task_runner.py:84} INFO - Running: ['***', 'tasks', 'run', 'austin_animal_shelter_dag', 'load_data', 'scheduled__2023-11-12T00:00:00+00:00', '--job-id', '48', '--raw', '--subdir', 'DAGS_FOLDER/DAG.py', '--cfg-path', '/tmp/tmpqguey7hx']
[2023-11-20T08:50:25.823+0000] {standard_task_runner.py:85} INFO - Job 48: Subtask load_data
[2023-11-20T08:50:25.858+0000] {task_command.py:416} INFO - Running <TaskInstance: austin_animal_shelter_dag.load_data scheduled__2023-11-12T00:00:00+00:00 [running]> on host 3ef39241d6e6
[2023-11-20T08:50:25.902+0000] {taskinstance.py:1662} INFO - Exporting env vars: AIRFLOW_CTX_DAG_OWNER='***' AIRFLOW_CTX_DAG_ID='austin_animal_shelter_dag' AIRFLOW_CTX_TASK_ID='load_data' AIRFLOW_CTX_EXECUTION_DATE='2023-11-12T00:00:00+00:00' AIRFLOW_CTX_TRY_NUMBER='1' AIRFLOW_CTX_DAG_RUN_ID='scheduled__2023-11-12T00:00:00+00:00'
[2023-11-20T08:50:29.073+0000] {python.py:194} INFO - Done. Returned value was: None
[2023-11-20T08:50:29.081+0000] {taskinstance.py:1400} INFO - Marking task as SUCCESS. dag_id=austin_animal_shelter_dag, task_id=load_data, execution_date=20231112T000000, start_date=20231120T085025, end_date=20231120T085029
[2023-11-20T08:50:29.102+0000] {local_task_job_runner.py:228} INFO - Task exited with return code 0
[2023-11-20T08:50:29.117+0000] {taskinstance.py:2778} INFO - 0 downstream tasks scheduled from follow-on schedule check
[2023-11-20T22:32:40.857+0000] {taskinstance.py:1159} INFO - Dependencies all met for dep_context=non-requeueable deps ti=<TaskInstance: austin_animal_shelter_dag.load_data scheduled__2023-11-12T00:00:00+00:00 [queued]>
[2023-11-20T22:32:40.874+0000] {taskinstance.py:1159} INFO - Dependencies all met for dep_context=requeueable deps ti=<TaskInstance: austin_animal_shelter_dag.load_data scheduled__2023-11-12T00:00:00+00:00 [queued]>
[2023-11-20T22:32:40.880+0000] {taskinstance.py:1361} INFO - Starting attempt 1 of 2
[2023-11-20T22:32:40.922+0000] {taskinstance.py:1382} INFO - Executing <Task(PythonOperator): load_data> on 2023-11-12 00:00:00+00:00
[2023-11-20T22:32:40.934+0000] {standard_task_runner.py:57} INFO - Started process 212 to run task
[2023-11-20T22:32:40.940+0000] {standard_task_runner.py:84} INFO - Running: ['***', 'tasks', 'run', 'austin_animal_shelter_dag', 'load_data', 'scheduled__2023-11-12T00:00:00+00:00', '--job-id', '116', '--raw', '--subdir', 'DAGS_FOLDER/DAG.py', '--cfg-path', '/tmp/tmpfj1siat6']
[2023-11-20T22:32:40.952+0000] {standard_task_runner.py:85} INFO - Job 116: Subtask load_data
[2023-11-20T22:32:41.061+0000] {task_command.py:416} INFO - Running <TaskInstance: austin_animal_shelter_dag.load_data scheduled__2023-11-12T00:00:00+00:00 [running]> on host ad6c889005f6
[2023-11-20T22:32:41.157+0000] {taskinstance.py:1662} INFO - Exporting env vars: AIRFLOW_CTX_DAG_OWNER='***' AIRFLOW_CTX_DAG_ID='austin_animal_shelter_dag' AIRFLOW_CTX_TASK_ID='load_data' AIRFLOW_CTX_EXECUTION_DATE='2023-11-12T00:00:00+00:00' AIRFLOW_CTX_TRY_NUMBER='1' AIRFLOW_CTX_DAG_RUN_ID='scheduled__2023-11-12T00:00:00+00:00'
[2023-11-20T22:32:43.831+0000] {python.py:194} INFO - Done. Returned value was: None
[2023-11-20T22:32:43.850+0000] {taskinstance.py:1400} INFO - Marking task as SUCCESS. dag_id=austin_animal_shelter_dag, task_id=load_data, execution_date=20231112T000000, start_date=20231120T223240, end_date=20231120T223243
[2023-11-20T22:32:43.901+0000] {local_task_job_runner.py:228} INFO - Task exited with return code 0
[2023-11-20T22:32:43.947+0000] {taskinstance.py:2778} INFO - 0 downstream tasks scheduled from follow-on schedule check
[2023-11-20T22:47:50.967+0000] {taskinstance.py:1159} INFO - Dependencies all met for dep_context=non-requeueable deps ti=<TaskInstance: austin_animal_shelter_dag.load_data scheduled__2023-11-12T00:00:00+00:00 [queued]>
[2023-11-20T22:47:50.987+0000] {taskinstance.py:1159} INFO - Dependencies all met for dep_context=requeueable deps ti=<TaskInstance: austin_animal_shelter_dag.load_data scheduled__2023-11-12T00:00:00+00:00 [queued]>
[2023-11-20T22:47:50.989+0000] {taskinstance.py:1361} INFO - Starting attempt 1 of 2
[2023-11-20T22:47:51.023+0000] {taskinstance.py:1382} INFO - Executing <Task(PythonOperator): load_data> on 2023-11-12 00:00:00+00:00
[2023-11-20T22:47:51.038+0000] {standard_task_runner.py:57} INFO - Started process 188 to run task
[2023-11-20T22:47:51.069+0000] {standard_task_runner.py:84} INFO - Running: ['***', 'tasks', 'run', 'austin_animal_shelter_dag', 'load_data', 'scheduled__2023-11-12T00:00:00+00:00', '--job-id', '42', '--raw', '--subdir', 'DAGS_FOLDER/DAG.py', '--cfg-path', '/tmp/tmp2a3dw994']
[2023-11-20T22:47:51.084+0000] {standard_task_runner.py:85} INFO - Job 42: Subtask load_data
[2023-11-20T22:47:51.318+0000] {task_command.py:416} INFO - Running <TaskInstance: austin_animal_shelter_dag.load_data scheduled__2023-11-12T00:00:00+00:00 [running]> on host fda681cc78c9
[2023-11-20T22:47:51.414+0000] {taskinstance.py:1662} INFO - Exporting env vars: AIRFLOW_CTX_DAG_OWNER='***' AIRFLOW_CTX_DAG_ID='austin_animal_shelter_dag' AIRFLOW_CTX_TASK_ID='load_data' AIRFLOW_CTX_EXECUTION_DATE='2023-11-12T00:00:00+00:00' AIRFLOW_CTX_TRY_NUMBER='1' AIRFLOW_CTX_DAG_RUN_ID='scheduled__2023-11-12T00:00:00+00:00'
[2023-11-20T22:47:55.787+0000] {python.py:194} INFO - Done. Returned value was: None
[2023-11-20T22:47:55.842+0000] {taskinstance.py:1400} INFO - Marking task as SUCCESS. dag_id=austin_animal_shelter_dag, task_id=load_data, execution_date=20231112T000000, start_date=20231120T224750, end_date=20231120T224755
[2023-11-20T22:47:55.922+0000] {local_task_job_runner.py:228} INFO - Task exited with return code 0
[2023-11-20T22:47:55.978+0000] {taskinstance.py:2778} INFO - 0 downstream tasks scheduled from follow-on schedule check
