[2023-11-20T08:43:27.372+0000] {taskinstance.py:1159} INFO - Dependencies all met for dep_context=non-requeueable deps ti=<TaskInstance: austin_animal_shelter_dag.transform_data scheduled__2023-11-13T00:00:00+00:00 [queued]>
[2023-11-20T08:43:27.392+0000] {taskinstance.py:1159} INFO - Dependencies all met for dep_context=requeueable deps ti=<TaskInstance: austin_animal_shelter_dag.transform_data scheduled__2023-11-13T00:00:00+00:00 [queued]>
[2023-11-20T08:43:27.394+0000] {taskinstance.py:1361} INFO - Starting attempt 1 of 2
[2023-11-20T08:43:27.418+0000] {taskinstance.py:1382} INFO - Executing <Task(PythonOperator): transform_data> on 2023-11-13 00:00:00+00:00
[2023-11-20T08:43:27.436+0000] {standard_task_runner.py:57} INFO - Started process 134 to run task
[2023-11-20T08:43:27.454+0000] {standard_task_runner.py:84} INFO - Running: ['***', 'tasks', 'run', 'austin_animal_shelter_dag', 'transform_data', 'scheduled__2023-11-13T00:00:00+00:00', '--job-id', '23', '--raw', '--subdir', 'DAGS_FOLDER/DAG.py', '--cfg-path', '/tmp/tmpg54l04m2']
[2023-11-20T08:43:27.481+0000] {standard_task_runner.py:85} INFO - Job 23: Subtask transform_data
[2023-11-20T08:43:27.581+0000] {task_command.py:416} INFO - Running <TaskInstance: austin_animal_shelter_dag.transform_data scheduled__2023-11-13T00:00:00+00:00 [running]> on host c84b35a13244
[2023-11-20T08:43:27.706+0000] {taskinstance.py:1662} INFO - Exporting env vars: AIRFLOW_CTX_DAG_OWNER='***' AIRFLOW_CTX_DAG_ID='austin_animal_shelter_dag' AIRFLOW_CTX_TASK_ID='transform_data' AIRFLOW_CTX_EXECUTION_DATE='2023-11-13T00:00:00+00:00' AIRFLOW_CTX_TRY_NUMBER='1' AIRFLOW_CTX_DAG_RUN_ID='scheduled__2023-11-13T00:00:00+00:00'
[2023-11-20T08:43:28.749+0000] {python.py:194} INFO - Done. Returned value was: None
[2023-11-20T08:43:28.757+0000] {taskinstance.py:1400} INFO - Marking task as SUCCESS. dag_id=austin_animal_shelter_dag, task_id=transform_data, execution_date=20231113T000000, start_date=20231120T084327, end_date=20231120T084328
[2023-11-20T08:43:28.805+0000] {local_task_job_runner.py:228} INFO - Task exited with return code 0
[2023-11-20T08:43:28.828+0000] {taskinstance.py:2778} INFO - 1 downstream tasks scheduled from follow-on schedule check
[2023-11-20T08:46:42.106+0000] {taskinstance.py:1159} INFO - Dependencies all met for dep_context=non-requeueable deps ti=<TaskInstance: austin_animal_shelter_dag.transform_data scheduled__2023-11-13T00:00:00+00:00 [queued]>
[2023-11-20T08:46:42.118+0000] {taskinstance.py:1159} INFO - Dependencies all met for dep_context=requeueable deps ti=<TaskInstance: austin_animal_shelter_dag.transform_data scheduled__2023-11-13T00:00:00+00:00 [queued]>
[2023-11-20T08:46:42.118+0000] {taskinstance.py:1361} INFO - Starting attempt 1 of 2
[2023-11-20T08:46:42.180+0000] {taskinstance.py:1382} INFO - Executing <Task(PythonOperator): transform_data> on 2023-11-13 00:00:00+00:00
[2023-11-20T08:46:42.197+0000] {standard_task_runner.py:57} INFO - Started process 145 to run task
[2023-11-20T08:46:42.212+0000] {standard_task_runner.py:84} INFO - Running: ['***', 'tasks', 'run', 'austin_animal_shelter_dag', 'transform_data', 'scheduled__2023-11-13T00:00:00+00:00', '--job-id', '26', '--raw', '--subdir', 'DAGS_FOLDER/DAG.py', '--cfg-path', '/tmp/tmp0ohbq_ro']
[2023-11-20T08:46:42.219+0000] {standard_task_runner.py:85} INFO - Job 26: Subtask transform_data
[2023-11-20T08:46:42.293+0000] {task_command.py:416} INFO - Running <TaskInstance: austin_animal_shelter_dag.transform_data scheduled__2023-11-13T00:00:00+00:00 [running]> on host d26cbef9e8ab
[2023-11-20T08:46:42.402+0000] {taskinstance.py:1662} INFO - Exporting env vars: AIRFLOW_CTX_DAG_OWNER='***' AIRFLOW_CTX_DAG_ID='austin_animal_shelter_dag' AIRFLOW_CTX_TASK_ID='transform_data' AIRFLOW_CTX_EXECUTION_DATE='2023-11-13T00:00:00+00:00' AIRFLOW_CTX_TRY_NUMBER='1' AIRFLOW_CTX_DAG_RUN_ID='scheduled__2023-11-13T00:00:00+00:00'
[2023-11-20T08:46:43.486+0000] {python.py:194} INFO - Done. Returned value was: None
[2023-11-20T08:46:43.492+0000] {taskinstance.py:1400} INFO - Marking task as SUCCESS. dag_id=austin_animal_shelter_dag, task_id=transform_data, execution_date=20231113T000000, start_date=20231120T084642, end_date=20231120T084643
[2023-11-20T08:46:43.521+0000] {local_task_job_runner.py:228} INFO - Task exited with return code 0
[2023-11-20T08:46:43.534+0000] {taskinstance.py:2778} INFO - 1 downstream tasks scheduled from follow-on schedule check
[2023-11-20T08:50:21.393+0000] {taskinstance.py:1159} INFO - Dependencies all met for dep_context=non-requeueable deps ti=<TaskInstance: austin_animal_shelter_dag.transform_data scheduled__2023-11-13T00:00:00+00:00 [queued]>
[2023-11-20T08:50:21.406+0000] {taskinstance.py:1159} INFO - Dependencies all met for dep_context=requeueable deps ti=<TaskInstance: austin_animal_shelter_dag.transform_data scheduled__2023-11-13T00:00:00+00:00 [queued]>
[2023-11-20T08:50:21.416+0000] {taskinstance.py:1361} INFO - Starting attempt 1 of 2
[2023-11-20T08:50:21.439+0000] {taskinstance.py:1382} INFO - Executing <Task(PythonOperator): transform_data> on 2023-11-13 00:00:00+00:00
[2023-11-20T08:50:21.454+0000] {standard_task_runner.py:57} INFO - Started process 131 to run task
[2023-11-20T08:50:21.461+0000] {standard_task_runner.py:84} INFO - Running: ['***', 'tasks', 'run', 'austin_animal_shelter_dag', 'transform_data', 'scheduled__2023-11-13T00:00:00+00:00', '--job-id', '24', '--raw', '--subdir', 'DAGS_FOLDER/DAG.py', '--cfg-path', '/tmp/tmpa1cm5_gs']
[2023-11-20T08:50:21.467+0000] {standard_task_runner.py:85} INFO - Job 24: Subtask transform_data
[2023-11-20T08:50:21.542+0000] {task_command.py:416} INFO - Running <TaskInstance: austin_animal_shelter_dag.transform_data scheduled__2023-11-13T00:00:00+00:00 [running]> on host 3ef39241d6e6
[2023-11-20T08:50:21.637+0000] {taskinstance.py:1662} INFO - Exporting env vars: AIRFLOW_CTX_DAG_OWNER='***' AIRFLOW_CTX_DAG_ID='austin_animal_shelter_dag' AIRFLOW_CTX_TASK_ID='transform_data' AIRFLOW_CTX_EXECUTION_DATE='2023-11-13T00:00:00+00:00' AIRFLOW_CTX_TRY_NUMBER='1' AIRFLOW_CTX_DAG_RUN_ID='scheduled__2023-11-13T00:00:00+00:00'
[2023-11-20T08:50:22.920+0000] {python.py:194} INFO - Done. Returned value was: None
[2023-11-20T08:50:22.930+0000] {taskinstance.py:1400} INFO - Marking task as SUCCESS. dag_id=austin_animal_shelter_dag, task_id=transform_data, execution_date=20231113T000000, start_date=20231120T085021, end_date=20231120T085022
[2023-11-20T08:50:22.982+0000] {local_task_job_runner.py:228} INFO - Task exited with return code 0
[2023-11-20T08:50:23.017+0000] {taskinstance.py:2778} INFO - 1 downstream tasks scheduled from follow-on schedule check
[2023-11-20T22:32:32.446+0000] {taskinstance.py:1159} INFO - Dependencies all met for dep_context=non-requeueable deps ti=<TaskInstance: austin_animal_shelter_dag.transform_data scheduled__2023-11-13T00:00:00+00:00 [queued]>
[2023-11-20T22:32:32.459+0000] {taskinstance.py:1159} INFO - Dependencies all met for dep_context=requeueable deps ti=<TaskInstance: austin_animal_shelter_dag.transform_data scheduled__2023-11-13T00:00:00+00:00 [queued]>
[2023-11-20T22:32:32.461+0000] {taskinstance.py:1361} INFO - Starting attempt 1 of 2
[2023-11-20T22:32:32.485+0000] {taskinstance.py:1382} INFO - Executing <Task(PythonOperator): transform_data> on 2023-11-13 00:00:00+00:00
[2023-11-20T22:32:32.519+0000] {standard_task_runner.py:57} INFO - Started process 131 to run task
[2023-11-20T22:32:32.570+0000] {standard_task_runner.py:84} INFO - Running: ['***', 'tasks', 'run', 'austin_animal_shelter_dag', 'transform_data', 'scheduled__2023-11-13T00:00:00+00:00', '--job-id', '91', '--raw', '--subdir', 'DAGS_FOLDER/DAG.py', '--cfg-path', '/tmp/tmpuhm5me_0']
[2023-11-20T22:32:32.581+0000] {standard_task_runner.py:85} INFO - Job 91: Subtask transform_data
[2023-11-20T22:32:32.720+0000] {task_command.py:416} INFO - Running <TaskInstance: austin_animal_shelter_dag.transform_data scheduled__2023-11-13T00:00:00+00:00 [running]> on host ad6c889005f6
[2023-11-20T22:32:32.892+0000] {taskinstance.py:1662} INFO - Exporting env vars: AIRFLOW_CTX_DAG_OWNER='***' AIRFLOW_CTX_DAG_ID='austin_animal_shelter_dag' AIRFLOW_CTX_TASK_ID='transform_data' AIRFLOW_CTX_EXECUTION_DATE='2023-11-13T00:00:00+00:00' AIRFLOW_CTX_TRY_NUMBER='1' AIRFLOW_CTX_DAG_RUN_ID='scheduled__2023-11-13T00:00:00+00:00'
[2023-11-20T22:32:34.086+0000] {python.py:194} INFO - Done. Returned value was: None
[2023-11-20T22:32:34.231+0000] {taskinstance.py:1400} INFO - Marking task as SUCCESS. dag_id=austin_animal_shelter_dag, task_id=transform_data, execution_date=20231113T000000, start_date=20231120T223232, end_date=20231120T223234
[2023-11-20T22:32:34.322+0000] {local_task_job_runner.py:228} INFO - Task exited with return code 0
[2023-11-20T22:32:34.507+0000] {taskinstance.py:2778} INFO - 0 downstream tasks scheduled from follow-on schedule check
[2023-11-20T22:47:44.748+0000] {taskinstance.py:1159} INFO - Dependencies all met for dep_context=non-requeueable deps ti=<TaskInstance: austin_animal_shelter_dag.transform_data scheduled__2023-11-13T00:00:00+00:00 [queued]>
[2023-11-20T22:47:44.764+0000] {taskinstance.py:1159} INFO - Dependencies all met for dep_context=requeueable deps ti=<TaskInstance: austin_animal_shelter_dag.transform_data scheduled__2023-11-13T00:00:00+00:00 [queued]>
[2023-11-20T22:47:44.766+0000] {taskinstance.py:1361} INFO - Starting attempt 1 of 2
[2023-11-20T22:47:44.793+0000] {taskinstance.py:1382} INFO - Executing <Task(PythonOperator): transform_data> on 2023-11-13 00:00:00+00:00
[2023-11-20T22:47:44.825+0000] {standard_task_runner.py:57} INFO - Started process 143 to run task
[2023-11-20T22:47:44.858+0000] {standard_task_runner.py:84} INFO - Running: ['***', 'tasks', 'run', 'austin_animal_shelter_dag', 'transform_data', 'scheduled__2023-11-13T00:00:00+00:00', '--job-id', '25', '--raw', '--subdir', 'DAGS_FOLDER/DAG.py', '--cfg-path', '/tmp/tmpg0bb82o0']
[2023-11-20T22:47:44.865+0000] {standard_task_runner.py:85} INFO - Job 25: Subtask transform_data
[2023-11-20T22:47:44.968+0000] {task_command.py:416} INFO - Running <TaskInstance: austin_animal_shelter_dag.transform_data scheduled__2023-11-13T00:00:00+00:00 [running]> on host fda681cc78c9
[2023-11-20T22:47:45.101+0000] {taskinstance.py:1662} INFO - Exporting env vars: AIRFLOW_CTX_DAG_OWNER='***' AIRFLOW_CTX_DAG_ID='austin_animal_shelter_dag' AIRFLOW_CTX_TASK_ID='transform_data' AIRFLOW_CTX_EXECUTION_DATE='2023-11-13T00:00:00+00:00' AIRFLOW_CTX_TRY_NUMBER='1' AIRFLOW_CTX_DAG_RUN_ID='scheduled__2023-11-13T00:00:00+00:00'
[2023-11-20T22:47:48.016+0000] {python.py:194} INFO - Done. Returned value was: None
[2023-11-20T22:47:48.083+0000] {taskinstance.py:1400} INFO - Marking task as SUCCESS. dag_id=austin_animal_shelter_dag, task_id=transform_data, execution_date=20231113T000000, start_date=20231120T224744, end_date=20231120T224748
[2023-11-20T22:47:48.169+0000] {local_task_job_runner.py:228} INFO - Task exited with return code 0
[2023-11-20T22:47:48.368+0000] {taskinstance.py:2778} INFO - 1 downstream tasks scheduled from follow-on schedule check
