[2023-11-20T08:43:29.930+0000] {taskinstance.py:1159} INFO - Dependencies all met for dep_context=non-requeueable deps ti=<TaskInstance: austin_animal_shelter_dag.load_data scheduled__2023-11-03T00:00:00+00:00 [queued]>
[2023-11-20T08:43:29.948+0000] {taskinstance.py:1159} INFO - Dependencies all met for dep_context=requeueable deps ti=<TaskInstance: austin_animal_shelter_dag.load_data scheduled__2023-11-03T00:00:00+00:00 [queued]>
[2023-11-20T08:43:29.949+0000] {taskinstance.py:1361} INFO - Starting attempt 1 of 2
[2023-11-20T08:43:30.000+0000] {taskinstance.py:1382} INFO - Executing <Task(PythonOperator): load_data> on 2023-11-03 00:00:00+00:00
[2023-11-20T08:43:30.011+0000] {standard_task_runner.py:57} INFO - Started process 179 to run task
[2023-11-20T08:43:30.017+0000] {standard_task_runner.py:84} INFO - Running: ['***', 'tasks', 'run', 'austin_animal_shelter_dag', 'load_data', 'scheduled__2023-11-03T00:00:00+00:00', '--job-id', '35', '--raw', '--subdir', 'DAGS_FOLDER/DAG.py', '--cfg-path', '/tmp/tmpgl99qzuu']
[2023-11-20T08:43:30.030+0000] {standard_task_runner.py:85} INFO - Job 35: Subtask load_data
[2023-11-20T08:43:30.095+0000] {task_command.py:416} INFO - Running <TaskInstance: austin_animal_shelter_dag.load_data scheduled__2023-11-03T00:00:00+00:00 [running]> on host c84b35a13244
[2023-11-20T08:43:30.222+0000] {taskinstance.py:1662} INFO - Exporting env vars: AIRFLOW_CTX_DAG_OWNER='***' AIRFLOW_CTX_DAG_ID='austin_animal_shelter_dag' AIRFLOW_CTX_TASK_ID='load_data' AIRFLOW_CTX_EXECUTION_DATE='2023-11-03T00:00:00+00:00' AIRFLOW_CTX_TRY_NUMBER='1' AIRFLOW_CTX_DAG_RUN_ID='scheduled__2023-11-03T00:00:00+00:00'
[2023-11-20T08:43:30.849+0000] {taskinstance.py:1937} ERROR - Task failed with exception
Traceback (most recent call last):
  File "/home/airflow/.local/lib/python3.8/site-packages/airflow/operators/python.py", line 192, in execute
    return_value = self.execute_callable()
  File "/home/airflow/.local/lib/python3.8/site-packages/airflow/operators/python.py", line 209, in execute_callable
    return self.python_callable(*self.op_args, **self.op_kwargs)
  File "/opt/airflow/dags/Scripts/etl.py", line 179, in load_data
    engine = create_engine(DATABASE_URL)
  File "<string>", line 2, in create_engine
  File "/home/airflow/.local/lib/python3.8/site-packages/sqlalchemy/util/deprecations.py", line 375, in warned
    return fn(*args, **kwargs)
  File "/home/airflow/.local/lib/python3.8/site-packages/sqlalchemy/engine/create.py", line 514, in create_engine
    u = _url.make_url(url)
  File "/home/airflow/.local/lib/python3.8/site-packages/sqlalchemy/engine/url.py", line 738, in make_url
    return _parse_url(name_or_url)
  File "/home/airflow/.local/lib/python3.8/site-packages/sqlalchemy/engine/url.py", line 794, in _parse_url
    components["port"] = int(components["port"])
ValueError: invalid literal for int() with base 10: '{}'
[2023-11-20T08:43:30.854+0000] {taskinstance.py:1400} INFO - Marking task as UP_FOR_RETRY. dag_id=austin_animal_shelter_dag, task_id=load_data, execution_date=20231103T000000, start_date=20231120T084329, end_date=20231120T084330
[2023-11-20T08:43:30.859+0000] {standard_task_runner.py:104} ERROR - Failed to execute job 35 for task load_data (invalid literal for int() with base 10: '{}'; 179)
[2023-11-20T08:43:30.896+0000] {local_task_job_runner.py:228} INFO - Task exited with return code 1
[2023-11-20T08:43:30.904+0000] {taskinstance.py:2778} INFO - 0 downstream tasks scheduled from follow-on schedule check
[2023-11-20T08:46:44.556+0000] {taskinstance.py:1159} INFO - Dependencies all met for dep_context=non-requeueable deps ti=<TaskInstance: austin_animal_shelter_dag.load_data scheduled__2023-11-03T00:00:00+00:00 [queued]>
[2023-11-20T08:46:44.572+0000] {taskinstance.py:1159} INFO - Dependencies all met for dep_context=requeueable deps ti=<TaskInstance: austin_animal_shelter_dag.load_data scheduled__2023-11-03T00:00:00+00:00 [queued]>
[2023-11-20T08:46:44.581+0000] {taskinstance.py:1361} INFO - Starting attempt 1 of 2
[2023-11-20T08:46:44.610+0000] {taskinstance.py:1382} INFO - Executing <Task(PythonOperator): load_data> on 2023-11-03 00:00:00+00:00
[2023-11-20T08:46:44.622+0000] {standard_task_runner.py:57} INFO - Started process 184 to run task
[2023-11-20T08:46:44.628+0000] {standard_task_runner.py:84} INFO - Running: ['***', 'tasks', 'run', 'austin_animal_shelter_dag', 'load_data', 'scheduled__2023-11-03T00:00:00+00:00', '--job-id', '40', '--raw', '--subdir', 'DAGS_FOLDER/DAG.py', '--cfg-path', '/tmp/tmp8n7kz6rl']
[2023-11-20T08:46:44.638+0000] {standard_task_runner.py:85} INFO - Job 40: Subtask load_data
[2023-11-20T08:46:44.725+0000] {task_command.py:416} INFO - Running <TaskInstance: austin_animal_shelter_dag.load_data scheduled__2023-11-03T00:00:00+00:00 [running]> on host d26cbef9e8ab
[2023-11-20T08:46:44.818+0000] {taskinstance.py:1662} INFO - Exporting env vars: AIRFLOW_CTX_DAG_OWNER='***' AIRFLOW_CTX_DAG_ID='austin_animal_shelter_dag' AIRFLOW_CTX_TASK_ID='load_data' AIRFLOW_CTX_EXECUTION_DATE='2023-11-03T00:00:00+00:00' AIRFLOW_CTX_TRY_NUMBER='1' AIRFLOW_CTX_DAG_RUN_ID='scheduled__2023-11-03T00:00:00+00:00'
[2023-11-20T08:46:47.742+0000] {python.py:194} INFO - Done. Returned value was: None
[2023-11-20T08:46:47.751+0000] {taskinstance.py:1400} INFO - Marking task as SUCCESS. dag_id=austin_animal_shelter_dag, task_id=load_data, execution_date=20231103T000000, start_date=20231120T084644, end_date=20231120T084647
[2023-11-20T08:46:47.798+0000] {local_task_job_runner.py:228} INFO - Task exited with return code 0
[2023-11-20T08:46:47.815+0000] {taskinstance.py:2778} INFO - 0 downstream tasks scheduled from follow-on schedule check
[2023-11-20T08:50:24.300+0000] {taskinstance.py:1159} INFO - Dependencies all met for dep_context=non-requeueable deps ti=<TaskInstance: austin_animal_shelter_dag.load_data scheduled__2023-11-03T00:00:00+00:00 [queued]>
[2023-11-20T08:50:24.305+0000] {taskinstance.py:1159} INFO - Dependencies all met for dep_context=requeueable deps ti=<TaskInstance: austin_animal_shelter_dag.load_data scheduled__2023-11-03T00:00:00+00:00 [queued]>
[2023-11-20T08:50:24.306+0000] {taskinstance.py:1361} INFO - Starting attempt 1 of 2
[2023-11-20T08:50:24.316+0000] {taskinstance.py:1382} INFO - Executing <Task(PythonOperator): load_data> on 2023-11-03 00:00:00+00:00
[2023-11-20T08:50:24.322+0000] {standard_task_runner.py:57} INFO - Started process 183 to run task
[2023-11-20T08:50:24.330+0000] {standard_task_runner.py:84} INFO - Running: ['***', 'tasks', 'run', 'austin_animal_shelter_dag', 'load_data', 'scheduled__2023-11-03T00:00:00+00:00', '--job-id', '40', '--raw', '--subdir', 'DAGS_FOLDER/DAG.py', '--cfg-path', '/tmp/tmp7nknllh3']
[2023-11-20T08:50:24.336+0000] {standard_task_runner.py:85} INFO - Job 40: Subtask load_data
[2023-11-20T08:50:24.406+0000] {task_command.py:416} INFO - Running <TaskInstance: austin_animal_shelter_dag.load_data scheduled__2023-11-03T00:00:00+00:00 [running]> on host 3ef39241d6e6
[2023-11-20T08:50:24.479+0000] {taskinstance.py:1662} INFO - Exporting env vars: AIRFLOW_CTX_DAG_OWNER='***' AIRFLOW_CTX_DAG_ID='austin_animal_shelter_dag' AIRFLOW_CTX_TASK_ID='load_data' AIRFLOW_CTX_EXECUTION_DATE='2023-11-03T00:00:00+00:00' AIRFLOW_CTX_TRY_NUMBER='1' AIRFLOW_CTX_DAG_RUN_ID='scheduled__2023-11-03T00:00:00+00:00'
[2023-11-20T08:50:27.640+0000] {python.py:194} INFO - Done. Returned value was: None
[2023-11-20T08:50:27.650+0000] {taskinstance.py:1400} INFO - Marking task as SUCCESS. dag_id=austin_animal_shelter_dag, task_id=load_data, execution_date=20231103T000000, start_date=20231120T085024, end_date=20231120T085027
[2023-11-20T08:50:27.683+0000] {local_task_job_runner.py:228} INFO - Task exited with return code 0
[2023-11-20T08:50:27.701+0000] {taskinstance.py:2778} INFO - 0 downstream tasks scheduled from follow-on schedule check
[2023-11-20T22:32:40.235+0000] {taskinstance.py:1159} INFO - Dependencies all met for dep_context=non-requeueable deps ti=<TaskInstance: austin_animal_shelter_dag.load_data scheduled__2023-11-03T00:00:00+00:00 [queued]>
[2023-11-20T22:32:40.261+0000] {taskinstance.py:1159} INFO - Dependencies all met for dep_context=requeueable deps ti=<TaskInstance: austin_animal_shelter_dag.load_data scheduled__2023-11-03T00:00:00+00:00 [queued]>
[2023-11-20T22:32:40.263+0000] {taskinstance.py:1361} INFO - Starting attempt 1 of 2
[2023-11-20T22:32:40.314+0000] {taskinstance.py:1382} INFO - Executing <Task(PythonOperator): load_data> on 2023-11-03 00:00:00+00:00
[2023-11-20T22:32:40.347+0000] {standard_task_runner.py:57} INFO - Started process 210 to run task
[2023-11-20T22:32:40.355+0000] {standard_task_runner.py:84} INFO - Running: ['***', 'tasks', 'run', 'austin_animal_shelter_dag', 'load_data', 'scheduled__2023-11-03T00:00:00+00:00', '--job-id', '114', '--raw', '--subdir', 'DAGS_FOLDER/DAG.py', '--cfg-path', '/tmp/tmp3jt0uv77']
[2023-11-20T22:32:40.375+0000] {standard_task_runner.py:85} INFO - Job 114: Subtask load_data
[2023-11-20T22:32:40.710+0000] {task_command.py:416} INFO - Running <TaskInstance: austin_animal_shelter_dag.load_data scheduled__2023-11-03T00:00:00+00:00 [running]> on host ad6c889005f6
[2023-11-20T22:32:40.908+0000] {taskinstance.py:1662} INFO - Exporting env vars: AIRFLOW_CTX_DAG_OWNER='***' AIRFLOW_CTX_DAG_ID='austin_animal_shelter_dag' AIRFLOW_CTX_TASK_ID='load_data' AIRFLOW_CTX_EXECUTION_DATE='2023-11-03T00:00:00+00:00' AIRFLOW_CTX_TRY_NUMBER='1' AIRFLOW_CTX_DAG_RUN_ID='scheduled__2023-11-03T00:00:00+00:00'
[2023-11-20T22:32:43.647+0000] {python.py:194} INFO - Done. Returned value was: None
[2023-11-20T22:32:43.683+0000] {taskinstance.py:1400} INFO - Marking task as SUCCESS. dag_id=austin_animal_shelter_dag, task_id=load_data, execution_date=20231103T000000, start_date=20231120T223240, end_date=20231120T223243
[2023-11-20T22:32:43.803+0000] {local_task_job_runner.py:228} INFO - Task exited with return code 0
[2023-11-20T22:32:43.854+0000] {taskinstance.py:2778} INFO - 0 downstream tasks scheduled from follow-on schedule check
[2023-11-20T22:47:52.980+0000] {taskinstance.py:1159} INFO - Dependencies all met for dep_context=non-requeueable deps ti=<TaskInstance: austin_animal_shelter_dag.load_data scheduled__2023-11-03T00:00:00+00:00 [queued]>
[2023-11-20T22:47:52.986+0000] {taskinstance.py:1159} INFO - Dependencies all met for dep_context=requeueable deps ti=<TaskInstance: austin_animal_shelter_dag.load_data scheduled__2023-11-03T00:00:00+00:00 [queued]>
[2023-11-20T22:47:52.986+0000] {taskinstance.py:1361} INFO - Starting attempt 1 of 2
[2023-11-20T22:47:53.017+0000] {taskinstance.py:1382} INFO - Executing <Task(PythonOperator): load_data> on 2023-11-03 00:00:00+00:00
[2023-11-20T22:47:53.042+0000] {standard_task_runner.py:57} INFO - Started process 204 to run task
[2023-11-20T22:47:53.048+0000] {standard_task_runner.py:84} INFO - Running: ['***', 'tasks', 'run', 'austin_animal_shelter_dag', 'load_data', 'scheduled__2023-11-03T00:00:00+00:00', '--job-id', '49', '--raw', '--subdir', 'DAGS_FOLDER/DAG.py', '--cfg-path', '/tmp/tmpnpbb6nix']
[2023-11-20T22:47:53.058+0000] {standard_task_runner.py:85} INFO - Job 49: Subtask load_data
[2023-11-20T22:47:53.173+0000] {task_command.py:416} INFO - Running <TaskInstance: austin_animal_shelter_dag.load_data scheduled__2023-11-03T00:00:00+00:00 [running]> on host fda681cc78c9
[2023-11-20T22:47:53.256+0000] {taskinstance.py:1662} INFO - Exporting env vars: AIRFLOW_CTX_DAG_OWNER='***' AIRFLOW_CTX_DAG_ID='austin_animal_shelter_dag' AIRFLOW_CTX_TASK_ID='load_data' AIRFLOW_CTX_EXECUTION_DATE='2023-11-03T00:00:00+00:00' AIRFLOW_CTX_TRY_NUMBER='1' AIRFLOW_CTX_DAG_RUN_ID='scheduled__2023-11-03T00:00:00+00:00'
[2023-11-20T22:47:57.211+0000] {python.py:194} INFO - Done. Returned value was: None
[2023-11-20T22:47:57.246+0000] {taskinstance.py:1400} INFO - Marking task as SUCCESS. dag_id=austin_animal_shelter_dag, task_id=load_data, execution_date=20231103T000000, start_date=20231120T224752, end_date=20231120T224757
[2023-11-20T22:47:57.276+0000] {local_task_job_runner.py:228} INFO - Task exited with return code 0
[2023-11-20T22:47:57.323+0000] {taskinstance.py:2778} INFO - 0 downstream tasks scheduled from follow-on schedule check
