[2023-11-20T08:46:49.971+0000] {taskinstance.py:1159} INFO - Dependencies all met for dep_context=non-requeueable deps ti=<TaskInstance: austin_animal_shelter_dag.retrieve_data scheduled__2023-11-17T00:00:00+00:00 [queued]>
[2023-11-20T08:46:49.974+0000] {taskinstance.py:1159} INFO - Dependencies all met for dep_context=requeueable deps ti=<TaskInstance: austin_animal_shelter_dag.retrieve_data scheduled__2023-11-17T00:00:00+00:00 [queued]>
[2023-11-20T08:46:49.975+0000] {taskinstance.py:1361} INFO - Starting attempt 1 of 2
[2023-11-20T08:46:49.980+0000] {taskinstance.py:1382} INFO - Executing <Task(PythonOperator): retrieve_data> on 2023-11-17 00:00:00+00:00
[2023-11-20T08:46:49.983+0000] {standard_task_runner.py:57} INFO - Started process 210 to run task
[2023-11-20T08:46:49.985+0000] {standard_task_runner.py:84} INFO - Running: ['***', 'tasks', 'run', 'austin_animal_shelter_dag', 'retrieve_data', 'scheduled__2023-11-17T00:00:00+00:00', '--job-id', '51', '--raw', '--subdir', 'DAGS_FOLDER/DAG.py', '--cfg-path', '/tmp/tmp4_xin1h2']
[2023-11-20T08:46:49.987+0000] {standard_task_runner.py:85} INFO - Job 51: Subtask retrieve_data
[2023-11-20T08:46:50.008+0000] {task_command.py:416} INFO - Running <TaskInstance: austin_animal_shelter_dag.retrieve_data scheduled__2023-11-17T00:00:00+00:00 [running]> on host d26cbef9e8ab
[2023-11-20T08:46:50.039+0000] {taskinstance.py:1662} INFO - Exporting env vars: AIRFLOW_CTX_DAG_OWNER='***' AIRFLOW_CTX_DAG_ID='austin_animal_shelter_dag' AIRFLOW_CTX_TASK_ID='retrieve_data' AIRFLOW_CTX_EXECUTION_DATE='2023-11-17T00:00:00+00:00' AIRFLOW_CTX_TRY_NUMBER='1' AIRFLOW_CTX_DAG_RUN_ID='scheduled__2023-11-17T00:00:00+00:00'
[2023-11-20T08:46:51.604+0000] {etl.py:62} INFO - No new or updated data to upload. Creating an empty CSV with headers.
[2023-11-20T08:46:51.606+0000] {etl.py:66} INFO - Uploading data to 'raw_data'...
[2023-11-20T08:46:51.752+0000] {etl.py:73} INFO - Updating 'Old_Data' with current data...
[2023-11-20T08:46:52.194+0000] {python.py:194} INFO - Done. Returned value was: None
[2023-11-20T08:46:52.217+0000] {taskinstance.py:1400} INFO - Marking task as SUCCESS. dag_id=austin_animal_shelter_dag, task_id=retrieve_data, execution_date=20231117T000000, start_date=20231120T084649, end_date=20231120T084652
[2023-11-20T08:46:52.261+0000] {local_task_job_runner.py:228} INFO - Task exited with return code 0
[2023-11-20T08:46:52.278+0000] {taskinstance.py:2778} INFO - 1 downstream tasks scheduled from follow-on schedule check
[2023-11-20T08:50:29.484+0000] {taskinstance.py:1159} INFO - Dependencies all met for dep_context=non-requeueable deps ti=<TaskInstance: austin_animal_shelter_dag.retrieve_data scheduled__2023-11-17T00:00:00+00:00 [queued]>
[2023-11-20T08:50:29.488+0000] {taskinstance.py:1159} INFO - Dependencies all met for dep_context=requeueable deps ti=<TaskInstance: austin_animal_shelter_dag.retrieve_data scheduled__2023-11-17T00:00:00+00:00 [queued]>
[2023-11-20T08:50:29.488+0000] {taskinstance.py:1361} INFO - Starting attempt 1 of 2
[2023-11-20T08:50:29.492+0000] {taskinstance.py:1382} INFO - Executing <Task(PythonOperator): retrieve_data> on 2023-11-17 00:00:00+00:00
[2023-11-20T08:50:29.495+0000] {standard_task_runner.py:57} INFO - Started process 210 to run task
[2023-11-20T08:50:29.497+0000] {standard_task_runner.py:84} INFO - Running: ['***', 'tasks', 'run', 'austin_animal_shelter_dag', 'retrieve_data', 'scheduled__2023-11-17T00:00:00+00:00', '--job-id', '51', '--raw', '--subdir', 'DAGS_FOLDER/DAG.py', '--cfg-path', '/tmp/tmpu2l3xun_']
[2023-11-20T08:50:29.499+0000] {standard_task_runner.py:85} INFO - Job 51: Subtask retrieve_data
[2023-11-20T08:50:29.519+0000] {task_command.py:416} INFO - Running <TaskInstance: austin_animal_shelter_dag.retrieve_data scheduled__2023-11-17T00:00:00+00:00 [running]> on host 3ef39241d6e6
[2023-11-20T08:50:29.547+0000] {taskinstance.py:1662} INFO - Exporting env vars: AIRFLOW_CTX_DAG_OWNER='***' AIRFLOW_CTX_DAG_ID='austin_animal_shelter_dag' AIRFLOW_CTX_TASK_ID='retrieve_data' AIRFLOW_CTX_EXECUTION_DATE='2023-11-17T00:00:00+00:00' AIRFLOW_CTX_TRY_NUMBER='1' AIRFLOW_CTX_DAG_RUN_ID='scheduled__2023-11-17T00:00:00+00:00'
[2023-11-20T08:50:31.344+0000] {etl.py:87} INFO - No new or updated data to upload. Creating an empty CSV with headers.
[2023-11-20T08:50:31.345+0000] {etl.py:91} INFO - Uploading data to 'raw_data'...
[2023-11-20T08:50:31.491+0000] {etl.py:98} INFO - Updating 'Old_Data' with current data...
[2023-11-20T08:50:32.488+0000] {python.py:194} INFO - Done. Returned value was: None
[2023-11-20T08:50:32.509+0000] {taskinstance.py:1400} INFO - Marking task as SUCCESS. dag_id=austin_animal_shelter_dag, task_id=retrieve_data, execution_date=20231117T000000, start_date=20231120T085029, end_date=20231120T085032
[2023-11-20T08:50:32.553+0000] {local_task_job_runner.py:228} INFO - Task exited with return code 0
[2023-11-20T08:50:32.572+0000] {taskinstance.py:2778} INFO - 1 downstream tasks scheduled from follow-on schedule check
[2023-11-20T22:32:48.683+0000] {taskinstance.py:1159} INFO - Dependencies all met for dep_context=non-requeueable deps ti=<TaskInstance: austin_animal_shelter_dag.retrieve_data scheduled__2023-11-17T00:00:00+00:00 [queued]>
[2023-11-20T22:32:48.690+0000] {taskinstance.py:1159} INFO - Dependencies all met for dep_context=requeueable deps ti=<TaskInstance: austin_animal_shelter_dag.retrieve_data scheduled__2023-11-17T00:00:00+00:00 [queued]>
[2023-11-20T22:32:48.691+0000] {taskinstance.py:1361} INFO - Starting attempt 1 of 2
[2023-11-20T22:32:48.700+0000] {taskinstance.py:1382} INFO - Executing <Task(PythonOperator): retrieve_data> on 2023-11-17 00:00:00+00:00
[2023-11-20T22:32:48.707+0000] {standard_task_runner.py:57} INFO - Started process 222 to run task
[2023-11-20T22:32:48.712+0000] {standard_task_runner.py:84} INFO - Running: ['***', 'tasks', 'run', 'austin_animal_shelter_dag', 'retrieve_data', 'scheduled__2023-11-17T00:00:00+00:00', '--job-id', '118', '--raw', '--subdir', 'DAGS_FOLDER/DAG.py', '--cfg-path', '/tmp/tmpkiomppkw']
[2023-11-20T22:32:48.723+0000] {standard_task_runner.py:85} INFO - Job 118: Subtask retrieve_data
[2023-11-20T22:32:48.783+0000] {task_command.py:416} INFO - Running <TaskInstance: austin_animal_shelter_dag.retrieve_data scheduled__2023-11-17T00:00:00+00:00 [running]> on host ad6c889005f6
[2023-11-20T22:32:48.845+0000] {taskinstance.py:1662} INFO - Exporting env vars: AIRFLOW_CTX_DAG_OWNER='***' AIRFLOW_CTX_DAG_ID='austin_animal_shelter_dag' AIRFLOW_CTX_TASK_ID='retrieve_data' AIRFLOW_CTX_EXECUTION_DATE='2023-11-17T00:00:00+00:00' AIRFLOW_CTX_TRY_NUMBER='1' AIRFLOW_CTX_DAG_RUN_ID='scheduled__2023-11-17T00:00:00+00:00'
[2023-11-20T22:32:50.489+0000] {etl.py:87} INFO - No new or updated data to upload. Creating an empty CSV with headers.
[2023-11-20T22:32:50.490+0000] {etl.py:91} INFO - Uploading data to 'raw_data'...
[2023-11-20T22:32:50.636+0000] {etl.py:98} INFO - Updating 'Old_Data' with current data...
[2023-11-20T22:32:51.028+0000] {python.py:194} INFO - Done. Returned value was: None
[2023-11-20T22:32:51.035+0000] {taskinstance.py:1400} INFO - Marking task as SUCCESS. dag_id=austin_animal_shelter_dag, task_id=retrieve_data, execution_date=20231117T000000, start_date=20231120T223248, end_date=20231120T223251
[2023-11-20T22:32:51.067+0000] {local_task_job_runner.py:228} INFO - Task exited with return code 0
[2023-11-20T22:32:51.085+0000] {taskinstance.py:2778} INFO - 1 downstream tasks scheduled from follow-on schedule check
[2023-11-20T22:47:54.204+0000] {taskinstance.py:1159} INFO - Dependencies all met for dep_context=non-requeueable deps ti=<TaskInstance: austin_animal_shelter_dag.retrieve_data scheduled__2023-11-17T00:00:00+00:00 [queued]>
[2023-11-20T22:47:54.210+0000] {taskinstance.py:1159} INFO - Dependencies all met for dep_context=requeueable deps ti=<TaskInstance: austin_animal_shelter_dag.retrieve_data scheduled__2023-11-17T00:00:00+00:00 [queued]>
[2023-11-20T22:47:54.211+0000] {taskinstance.py:1361} INFO - Starting attempt 1 of 2
[2023-11-20T22:47:54.221+0000] {taskinstance.py:1382} INFO - Executing <Task(PythonOperator): retrieve_data> on 2023-11-17 00:00:00+00:00
[2023-11-20T22:47:54.227+0000] {standard_task_runner.py:57} INFO - Started process 210 to run task
[2023-11-20T22:47:54.231+0000] {standard_task_runner.py:84} INFO - Running: ['***', 'tasks', 'run', 'austin_animal_shelter_dag', 'retrieve_data', 'scheduled__2023-11-17T00:00:00+00:00', '--job-id', '52', '--raw', '--subdir', 'DAGS_FOLDER/DAG.py', '--cfg-path', '/tmp/tmpffq1_rqr']
[2023-11-20T22:47:54.234+0000] {standard_task_runner.py:85} INFO - Job 52: Subtask retrieve_data
[2023-11-20T22:47:54.273+0000] {task_command.py:416} INFO - Running <TaskInstance: austin_animal_shelter_dag.retrieve_data scheduled__2023-11-17T00:00:00+00:00 [running]> on host fda681cc78c9
[2023-11-20T22:47:54.355+0000] {taskinstance.py:1662} INFO - Exporting env vars: AIRFLOW_CTX_DAG_OWNER='***' AIRFLOW_CTX_DAG_ID='austin_animal_shelter_dag' AIRFLOW_CTX_TASK_ID='retrieve_data' AIRFLOW_CTX_EXECUTION_DATE='2023-11-17T00:00:00+00:00' AIRFLOW_CTX_TRY_NUMBER='1' AIRFLOW_CTX_DAG_RUN_ID='scheduled__2023-11-17T00:00:00+00:00'
[2023-11-20T22:47:56.136+0000] {etl.py:87} INFO - No new or updated data to upload. Creating an empty CSV with headers.
[2023-11-20T22:47:56.140+0000] {etl.py:91} INFO - Uploading data to 'raw_data'...
[2023-11-20T22:47:56.308+0000] {etl.py:98} INFO - Updating 'Old_Data' with current data...
[2023-11-20T22:47:56.761+0000] {python.py:194} INFO - Done. Returned value was: None
[2023-11-20T22:47:56.792+0000] {taskinstance.py:1400} INFO - Marking task as SUCCESS. dag_id=austin_animal_shelter_dag, task_id=retrieve_data, execution_date=20231117T000000, start_date=20231120T224754, end_date=20231120T224756
[2023-11-20T22:47:56.863+0000] {local_task_job_runner.py:228} INFO - Task exited with return code 0
[2023-11-20T22:47:56.926+0000] {taskinstance.py:2778} INFO - 1 downstream tasks scheduled from follow-on schedule check
