[2023-11-20T08:50:33.455+0000] {taskinstance.py:1159} INFO - Dependencies all met for dep_context=non-requeueable deps ti=<TaskInstance: austin_animal_shelter_dag.retrieve_data scheduled__2023-11-18T00:00:00+00:00 [queued]>
[2023-11-20T08:50:33.460+0000] {taskinstance.py:1159} INFO - Dependencies all met for dep_context=requeueable deps ti=<TaskInstance: austin_animal_shelter_dag.retrieve_data scheduled__2023-11-18T00:00:00+00:00 [queued]>
[2023-11-20T08:50:33.460+0000] {taskinstance.py:1361} INFO - Starting attempt 1 of 2
[2023-11-20T08:50:33.465+0000] {taskinstance.py:1382} INFO - Executing <Task(PythonOperator): retrieve_data> on 2023-11-18 00:00:00+00:00
[2023-11-20T08:50:33.468+0000] {standard_task_runner.py:57} INFO - Started process 218 to run task
[2023-11-20T08:50:33.471+0000] {standard_task_runner.py:84} INFO - Running: ['***', 'tasks', 'run', 'austin_animal_shelter_dag', 'retrieve_data', 'scheduled__2023-11-18T00:00:00+00:00', '--job-id', '53', '--raw', '--subdir', 'DAGS_FOLDER/DAG.py', '--cfg-path', '/tmp/tmpco5qqxhg']
[2023-11-20T08:50:33.473+0000] {standard_task_runner.py:85} INFO - Job 53: Subtask retrieve_data
[2023-11-20T08:50:33.500+0000] {task_command.py:416} INFO - Running <TaskInstance: austin_animal_shelter_dag.retrieve_data scheduled__2023-11-18T00:00:00+00:00 [running]> on host 3ef39241d6e6
[2023-11-20T08:50:33.541+0000] {taskinstance.py:1662} INFO - Exporting env vars: AIRFLOW_CTX_DAG_OWNER='***' AIRFLOW_CTX_DAG_ID='austin_animal_shelter_dag' AIRFLOW_CTX_TASK_ID='retrieve_data' AIRFLOW_CTX_EXECUTION_DATE='2023-11-18T00:00:00+00:00' AIRFLOW_CTX_TRY_NUMBER='1' AIRFLOW_CTX_DAG_RUN_ID='scheduled__2023-11-18T00:00:00+00:00'
[2023-11-20T08:50:35.577+0000] {etl.py:87} INFO - No new or updated data to upload. Creating an empty CSV with headers.
[2023-11-20T08:50:35.578+0000] {etl.py:91} INFO - Uploading data to 'raw_data'...
[2023-11-20T08:50:35.722+0000] {etl.py:98} INFO - Updating 'Old_Data' with current data...
[2023-11-20T08:50:36.747+0000] {python.py:194} INFO - Done. Returned value was: None
[2023-11-20T08:50:36.758+0000] {taskinstance.py:1400} INFO - Marking task as SUCCESS. dag_id=austin_animal_shelter_dag, task_id=retrieve_data, execution_date=20231118T000000, start_date=20231120T085033, end_date=20231120T085036
[2023-11-20T08:50:36.788+0000] {local_task_job_runner.py:228} INFO - Task exited with return code 0
[2023-11-20T08:50:36.805+0000] {taskinstance.py:2778} INFO - 1 downstream tasks scheduled from follow-on schedule check
[2023-11-20T22:32:48.883+0000] {taskinstance.py:1159} INFO - Dependencies all met for dep_context=non-requeueable deps ti=<TaskInstance: austin_animal_shelter_dag.retrieve_data scheduled__2023-11-18T00:00:00+00:00 [queued]>
[2023-11-20T22:32:48.889+0000] {taskinstance.py:1159} INFO - Dependencies all met for dep_context=requeueable deps ti=<TaskInstance: austin_animal_shelter_dag.retrieve_data scheduled__2023-11-18T00:00:00+00:00 [queued]>
[2023-11-20T22:32:48.890+0000] {taskinstance.py:1361} INFO - Starting attempt 1 of 2
[2023-11-20T22:32:48.898+0000] {taskinstance.py:1382} INFO - Executing <Task(PythonOperator): retrieve_data> on 2023-11-18 00:00:00+00:00
[2023-11-20T22:32:48.904+0000] {standard_task_runner.py:57} INFO - Started process 223 to run task
[2023-11-20T22:32:48.908+0000] {standard_task_runner.py:84} INFO - Running: ['***', 'tasks', 'run', 'austin_animal_shelter_dag', 'retrieve_data', 'scheduled__2023-11-18T00:00:00+00:00', '--job-id', '120', '--raw', '--subdir', 'DAGS_FOLDER/DAG.py', '--cfg-path', '/tmp/tmp6n907dog']
[2023-11-20T22:32:48.913+0000] {standard_task_runner.py:85} INFO - Job 120: Subtask retrieve_data
[2023-11-20T22:32:48.963+0000] {task_command.py:416} INFO - Running <TaskInstance: austin_animal_shelter_dag.retrieve_data scheduled__2023-11-18T00:00:00+00:00 [running]> on host ad6c889005f6
[2023-11-20T22:32:49.017+0000] {taskinstance.py:1662} INFO - Exporting env vars: AIRFLOW_CTX_DAG_OWNER='***' AIRFLOW_CTX_DAG_ID='austin_animal_shelter_dag' AIRFLOW_CTX_TASK_ID='retrieve_data' AIRFLOW_CTX_EXECUTION_DATE='2023-11-18T00:00:00+00:00' AIRFLOW_CTX_TRY_NUMBER='1' AIRFLOW_CTX_DAG_RUN_ID='scheduled__2023-11-18T00:00:00+00:00'
[2023-11-20T22:32:50.323+0000] {etl.py:87} INFO - No new or updated data to upload. Creating an empty CSV with headers.
[2023-11-20T22:32:50.324+0000] {etl.py:91} INFO - Uploading data to 'raw_data'...
[2023-11-20T22:32:50.473+0000] {etl.py:98} INFO - Updating 'Old_Data' with current data...
[2023-11-20T22:32:50.919+0000] {python.py:194} INFO - Done. Returned value was: None
[2023-11-20T22:32:50.925+0000] {taskinstance.py:1400} INFO - Marking task as SUCCESS. dag_id=austin_animal_shelter_dag, task_id=retrieve_data, execution_date=20231118T000000, start_date=20231120T223248, end_date=20231120T223250
[2023-11-20T22:32:50.952+0000] {local_task_job_runner.py:228} INFO - Task exited with return code 0
[2023-11-20T22:32:50.970+0000] {taskinstance.py:2778} INFO - 1 downstream tasks scheduled from follow-on schedule check
[2023-11-20T22:48:07.906+0000] {taskinstance.py:1159} INFO - Dependencies all met for dep_context=non-requeueable deps ti=<TaskInstance: austin_animal_shelter_dag.retrieve_data scheduled__2023-11-18T00:00:00+00:00 [queued]>
[2023-11-20T22:48:07.912+0000] {taskinstance.py:1159} INFO - Dependencies all met for dep_context=requeueable deps ti=<TaskInstance: austin_animal_shelter_dag.retrieve_data scheduled__2023-11-18T00:00:00+00:00 [queued]>
[2023-11-20T22:48:07.912+0000] {taskinstance.py:1361} INFO - Starting attempt 1 of 2
[2023-11-20T22:48:07.922+0000] {taskinstance.py:1382} INFO - Executing <Task(PythonOperator): retrieve_data> on 2023-11-18 00:00:00+00:00
[2023-11-20T22:48:07.929+0000] {standard_task_runner.py:57} INFO - Started process 235 to run task
[2023-11-20T22:48:07.937+0000] {standard_task_runner.py:84} INFO - Running: ['***', 'tasks', 'run', 'austin_animal_shelter_dag', 'retrieve_data', 'scheduled__2023-11-18T00:00:00+00:00', '--job-id', '57', '--raw', '--subdir', 'DAGS_FOLDER/DAG.py', '--cfg-path', '/tmp/tmpic7yltnj']
[2023-11-20T22:48:07.958+0000] {standard_task_runner.py:85} INFO - Job 57: Subtask retrieve_data
[2023-11-20T22:48:07.996+0000] {task_command.py:416} INFO - Running <TaskInstance: austin_animal_shelter_dag.retrieve_data scheduled__2023-11-18T00:00:00+00:00 [running]> on host fda681cc78c9
[2023-11-20T22:48:08.051+0000] {taskinstance.py:1662} INFO - Exporting env vars: AIRFLOW_CTX_DAG_OWNER='***' AIRFLOW_CTX_DAG_ID='austin_animal_shelter_dag' AIRFLOW_CTX_TASK_ID='retrieve_data' AIRFLOW_CTX_EXECUTION_DATE='2023-11-18T00:00:00+00:00' AIRFLOW_CTX_TRY_NUMBER='1' AIRFLOW_CTX_DAG_RUN_ID='scheduled__2023-11-18T00:00:00+00:00'
[2023-11-20T22:48:10.083+0000] {etl.py:87} INFO - No new or updated data to upload. Creating an empty CSV with headers.
[2023-11-20T22:48:10.084+0000] {etl.py:91} INFO - Uploading data to 'raw_data'...
[2023-11-20T22:48:10.243+0000] {etl.py:98} INFO - Updating 'Old_Data' with current data...
[2023-11-20T22:48:10.763+0000] {python.py:194} INFO - Done. Returned value was: None
[2023-11-20T22:48:10.798+0000] {taskinstance.py:1400} INFO - Marking task as SUCCESS. dag_id=austin_animal_shelter_dag, task_id=retrieve_data, execution_date=20231118T000000, start_date=20231120T224807, end_date=20231120T224810
[2023-11-20T22:48:10.860+0000] {local_task_job_runner.py:228} INFO - Task exited with return code 0
[2023-11-20T22:48:10.888+0000] {taskinstance.py:2778} INFO - 1 downstream tasks scheduled from follow-on schedule check
