[2023-11-19T23:39:47.161+0000] {processor.py:157} INFO - Started process (PID=39) to work on /opt/airflow/dags/wtl.py
[2023-11-19T23:39:47.162+0000] {processor.py:829} INFO - Processing file /opt/airflow/dags/wtl.py for tasks to queue
[2023-11-19T23:39:47.164+0000] {logging_mixin.py:154} INFO - [2023-11-19T23:39:47.164+0000] {dagbag.py:536} INFO - Filling up the DagBag from /opt/airflow/dags/wtl.py
[2023-11-19T23:39:47.180+0000] {processor.py:839} INFO - DAG(s) dict_keys(['my_dag']) retrieved from /opt/airflow/dags/wtl.py
[2023-11-19T23:39:47.279+0000] {logging_mixin.py:154} INFO - [2023-11-19T23:39:47.279+0000] {manager.py:499} INFO - Created Permission View: %s
[2023-11-19T23:39:47.289+0000] {logging_mixin.py:154} INFO - [2023-11-19T23:39:47.289+0000] {manager.py:499} INFO - Created Permission View: %s
[2023-11-19T23:39:47.294+0000] {logging_mixin.py:154} INFO - [2023-11-19T23:39:47.294+0000] {manager.py:499} INFO - Created Permission View: %s
[2023-11-19T23:39:47.295+0000] {logging_mixin.py:154} INFO - [2023-11-19T23:39:47.295+0000] {dag.py:2941} INFO - Sync 1 DAGs
[2023-11-19T23:39:47.302+0000] {logging_mixin.py:154} INFO - [2023-11-19T23:39:47.302+0000] {dag.py:2963} INFO - Creating ORM DAG for my_dag
[2023-11-19T23:39:47.317+0000] {logging_mixin.py:154} INFO - [2023-11-19T23:39:47.317+0000] {dag.py:3722} INFO - Setting next_dagrun for my_dag to 2023-11-19T00:00:00+00:00, run_after=2023-11-20T00:00:00+00:00
[2023-11-19T23:39:47.326+0000] {processor.py:179} INFO - Processing /opt/airflow/dags/wtl.py took 0.167 seconds
[2023-11-19T23:40:17.454+0000] {processor.py:157} INFO - Started process (PID=47) to work on /opt/airflow/dags/wtl.py
[2023-11-19T23:40:17.455+0000] {processor.py:829} INFO - Processing file /opt/airflow/dags/wtl.py for tasks to queue
[2023-11-19T23:40:17.459+0000] {logging_mixin.py:154} INFO - [2023-11-19T23:40:17.459+0000] {dagbag.py:536} INFO - Filling up the DagBag from /opt/airflow/dags/wtl.py
[2023-11-19T23:40:17.477+0000] {processor.py:839} INFO - DAG(s) dict_keys(['my_dag']) retrieved from /opt/airflow/dags/wtl.py
[2023-11-19T23:40:17.496+0000] {logging_mixin.py:154} INFO - [2023-11-19T23:40:17.496+0000] {dag.py:2941} INFO - Sync 1 DAGs
[2023-11-19T23:40:17.507+0000] {logging_mixin.py:154} INFO - [2023-11-19T23:40:17.507+0000] {dag.py:3722} INFO - Setting next_dagrun for my_dag to 2023-11-19T00:00:00+00:00, run_after=2023-11-20T00:00:00+00:00
[2023-11-19T23:40:17.517+0000] {processor.py:179} INFO - Processing /opt/airflow/dags/wtl.py took 0.068 seconds
[2023-11-19T23:40:47.762+0000] {processor.py:157} INFO - Started process (PID=55) to work on /opt/airflow/dags/wtl.py
[2023-11-19T23:40:47.763+0000] {processor.py:829} INFO - Processing file /opt/airflow/dags/wtl.py for tasks to queue
[2023-11-19T23:40:47.766+0000] {logging_mixin.py:154} INFO - [2023-11-19T23:40:47.766+0000] {dagbag.py:536} INFO - Filling up the DagBag from /opt/airflow/dags/wtl.py
[2023-11-19T23:40:47.782+0000] {processor.py:839} INFO - DAG(s) dict_keys(['my_dag']) retrieved from /opt/airflow/dags/wtl.py
[2023-11-19T23:40:47.800+0000] {logging_mixin.py:154} INFO - [2023-11-19T23:40:47.799+0000] {dag.py:2941} INFO - Sync 1 DAGs
[2023-11-19T23:40:47.810+0000] {logging_mixin.py:154} INFO - [2023-11-19T23:40:47.810+0000] {dag.py:3722} INFO - Setting next_dagrun for my_dag to 2023-11-19T00:00:00+00:00, run_after=2023-11-20T00:00:00+00:00
[2023-11-19T23:40:47.817+0000] {processor.py:179} INFO - Processing /opt/airflow/dags/wtl.py took 0.059 seconds
[2023-11-19T23:41:18.082+0000] {processor.py:157} INFO - Started process (PID=63) to work on /opt/airflow/dags/wtl.py
[2023-11-19T23:41:18.083+0000] {processor.py:829} INFO - Processing file /opt/airflow/dags/wtl.py for tasks to queue
[2023-11-19T23:41:18.086+0000] {logging_mixin.py:154} INFO - [2023-11-19T23:41:18.086+0000] {dagbag.py:536} INFO - Filling up the DagBag from /opt/airflow/dags/wtl.py
[2023-11-19T23:41:18.102+0000] {processor.py:839} INFO - DAG(s) dict_keys(['my_dag']) retrieved from /opt/airflow/dags/wtl.py
[2023-11-19T23:41:18.120+0000] {logging_mixin.py:154} INFO - [2023-11-19T23:41:18.120+0000] {dag.py:2941} INFO - Sync 1 DAGs
[2023-11-19T23:41:18.131+0000] {logging_mixin.py:154} INFO - [2023-11-19T23:41:18.131+0000] {dag.py:3722} INFO - Setting next_dagrun for my_dag to 2023-11-19T00:00:00+00:00, run_after=2023-11-20T00:00:00+00:00
[2023-11-19T23:41:18.138+0000] {processor.py:179} INFO - Processing /opt/airflow/dags/wtl.py took 0.060 seconds
[2023-11-19T23:41:48.396+0000] {processor.py:157} INFO - Started process (PID=71) to work on /opt/airflow/dags/wtl.py
[2023-11-19T23:41:48.397+0000] {processor.py:829} INFO - Processing file /opt/airflow/dags/wtl.py for tasks to queue
[2023-11-19T23:41:48.400+0000] {logging_mixin.py:154} INFO - [2023-11-19T23:41:48.399+0000] {dagbag.py:536} INFO - Filling up the DagBag from /opt/airflow/dags/wtl.py
[2023-11-19T23:41:48.416+0000] {processor.py:839} INFO - DAG(s) dict_keys(['my_dag']) retrieved from /opt/airflow/dags/wtl.py
[2023-11-19T23:41:48.434+0000] {logging_mixin.py:154} INFO - [2023-11-19T23:41:48.434+0000] {dag.py:2941} INFO - Sync 1 DAGs
[2023-11-19T23:41:48.445+0000] {logging_mixin.py:154} INFO - [2023-11-19T23:41:48.445+0000] {dag.py:3722} INFO - Setting next_dagrun for my_dag to 2023-11-19T00:00:00+00:00, run_after=2023-11-20T00:00:00+00:00
[2023-11-19T23:41:48.452+0000] {processor.py:179} INFO - Processing /opt/airflow/dags/wtl.py took 0.062 seconds
[2023-11-19T23:42:18.734+0000] {processor.py:157} INFO - Started process (PID=79) to work on /opt/airflow/dags/wtl.py
[2023-11-19T23:42:18.735+0000] {processor.py:829} INFO - Processing file /opt/airflow/dags/wtl.py for tasks to queue
[2023-11-19T23:42:18.739+0000] {logging_mixin.py:154} INFO - [2023-11-19T23:42:18.738+0000] {dagbag.py:536} INFO - Filling up the DagBag from /opt/airflow/dags/wtl.py
[2023-11-19T23:42:18.756+0000] {processor.py:839} INFO - DAG(s) dict_keys(['my_dag']) retrieved from /opt/airflow/dags/wtl.py
[2023-11-19T23:42:18.776+0000] {logging_mixin.py:154} INFO - [2023-11-19T23:42:18.775+0000] {dag.py:2941} INFO - Sync 1 DAGs
[2023-11-19T23:42:18.787+0000] {logging_mixin.py:154} INFO - [2023-11-19T23:42:18.787+0000] {dag.py:3722} INFO - Setting next_dagrun for my_dag to 2023-11-19T00:00:00+00:00, run_after=2023-11-20T00:00:00+00:00
[2023-11-19T23:42:18.794+0000] {processor.py:179} INFO - Processing /opt/airflow/dags/wtl.py took 0.064 seconds
[2023-11-19T23:42:49.067+0000] {processor.py:157} INFO - Started process (PID=87) to work on /opt/airflow/dags/wtl.py
[2023-11-19T23:42:49.068+0000] {processor.py:829} INFO - Processing file /opt/airflow/dags/wtl.py for tasks to queue
[2023-11-19T23:42:49.071+0000] {logging_mixin.py:154} INFO - [2023-11-19T23:42:49.070+0000] {dagbag.py:536} INFO - Filling up the DagBag from /opt/airflow/dags/wtl.py
[2023-11-19T23:42:49.085+0000] {processor.py:839} INFO - DAG(s) dict_keys(['my_dag']) retrieved from /opt/airflow/dags/wtl.py
[2023-11-19T23:42:49.103+0000] {logging_mixin.py:154} INFO - [2023-11-19T23:42:49.103+0000] {dag.py:2941} INFO - Sync 1 DAGs
[2023-11-19T23:42:49.113+0000] {logging_mixin.py:154} INFO - [2023-11-19T23:42:49.113+0000] {dag.py:3722} INFO - Setting next_dagrun for my_dag to 2023-11-19T00:00:00+00:00, run_after=2023-11-20T00:00:00+00:00
[2023-11-19T23:42:49.120+0000] {processor.py:179} INFO - Processing /opt/airflow/dags/wtl.py took 0.058 seconds
[2023-11-19T23:43:19.380+0000] {processor.py:157} INFO - Started process (PID=95) to work on /opt/airflow/dags/wtl.py
[2023-11-19T23:43:19.381+0000] {processor.py:829} INFO - Processing file /opt/airflow/dags/wtl.py for tasks to queue
[2023-11-19T23:43:19.385+0000] {logging_mixin.py:154} INFO - [2023-11-19T23:43:19.384+0000] {dagbag.py:536} INFO - Filling up the DagBag from /opt/airflow/dags/wtl.py
[2023-11-19T23:43:19.402+0000] {processor.py:839} INFO - DAG(s) dict_keys(['my_dag']) retrieved from /opt/airflow/dags/wtl.py
[2023-11-19T23:43:19.422+0000] {logging_mixin.py:154} INFO - [2023-11-19T23:43:19.422+0000] {dag.py:2941} INFO - Sync 1 DAGs
[2023-11-19T23:43:19.433+0000] {logging_mixin.py:154} INFO - [2023-11-19T23:43:19.433+0000] {dag.py:3722} INFO - Setting next_dagrun for my_dag to 2023-11-19T00:00:00+00:00, run_after=2023-11-20T00:00:00+00:00
[2023-11-19T23:43:19.441+0000] {processor.py:179} INFO - Processing /opt/airflow/dags/wtl.py took 0.066 seconds
[2023-11-19T23:43:49.723+0000] {processor.py:157} INFO - Started process (PID=103) to work on /opt/airflow/dags/wtl.py
[2023-11-19T23:43:49.725+0000] {processor.py:829} INFO - Processing file /opt/airflow/dags/wtl.py for tasks to queue
[2023-11-19T23:43:49.728+0000] {logging_mixin.py:154} INFO - [2023-11-19T23:43:49.727+0000] {dagbag.py:536} INFO - Filling up the DagBag from /opt/airflow/dags/wtl.py
[2023-11-19T23:43:49.742+0000] {processor.py:839} INFO - DAG(s) dict_keys(['my_dag']) retrieved from /opt/airflow/dags/wtl.py
[2023-11-19T23:43:49.760+0000] {logging_mixin.py:154} INFO - [2023-11-19T23:43:49.760+0000] {dag.py:2941} INFO - Sync 1 DAGs
[2023-11-19T23:43:49.771+0000] {logging_mixin.py:154} INFO - [2023-11-19T23:43:49.771+0000] {dag.py:3722} INFO - Setting next_dagrun for my_dag to 2023-11-19T00:00:00+00:00, run_after=2023-11-20T00:00:00+00:00
[2023-11-19T23:43:49.779+0000] {processor.py:179} INFO - Processing /opt/airflow/dags/wtl.py took 0.060 seconds
[2023-11-19T23:44:20.066+0000] {processor.py:157} INFO - Started process (PID=111) to work on /opt/airflow/dags/wtl.py
[2023-11-19T23:44:20.068+0000] {processor.py:829} INFO - Processing file /opt/airflow/dags/wtl.py for tasks to queue
[2023-11-19T23:44:20.071+0000] {logging_mixin.py:154} INFO - [2023-11-19T23:44:20.070+0000] {dagbag.py:536} INFO - Filling up the DagBag from /opt/airflow/dags/wtl.py
[2023-11-19T23:44:20.086+0000] {processor.py:839} INFO - DAG(s) dict_keys(['my_dag']) retrieved from /opt/airflow/dags/wtl.py
[2023-11-19T23:44:20.104+0000] {logging_mixin.py:154} INFO - [2023-11-19T23:44:20.104+0000] {dag.py:2941} INFO - Sync 1 DAGs
[2023-11-19T23:44:20.115+0000] {logging_mixin.py:154} INFO - [2023-11-19T23:44:20.114+0000] {dag.py:3722} INFO - Setting next_dagrun for my_dag to 2023-11-19T00:00:00+00:00, run_after=2023-11-20T00:00:00+00:00
[2023-11-19T23:44:20.122+0000] {processor.py:179} INFO - Processing /opt/airflow/dags/wtl.py took 0.060 seconds
[2023-11-19T23:44:50.392+0000] {processor.py:157} INFO - Started process (PID=119) to work on /opt/airflow/dags/wtl.py
[2023-11-19T23:44:50.393+0000] {processor.py:829} INFO - Processing file /opt/airflow/dags/wtl.py for tasks to queue
[2023-11-19T23:44:50.395+0000] {logging_mixin.py:154} INFO - [2023-11-19T23:44:50.395+0000] {dagbag.py:536} INFO - Filling up the DagBag from /opt/airflow/dags/wtl.py
[2023-11-19T23:44:50.405+0000] {processor.py:839} INFO - DAG(s) dict_keys(['my_dag']) retrieved from /opt/airflow/dags/wtl.py
[2023-11-19T23:44:50.419+0000] {logging_mixin.py:154} INFO - [2023-11-19T23:44:50.419+0000] {dag.py:2941} INFO - Sync 1 DAGs
[2023-11-19T23:44:50.430+0000] {logging_mixin.py:154} INFO - [2023-11-19T23:44:50.430+0000] {dag.py:3722} INFO - Setting next_dagrun for my_dag to 2023-11-19T00:00:00+00:00, run_after=2023-11-20T00:00:00+00:00
[2023-11-19T23:44:50.437+0000] {processor.py:179} INFO - Processing /opt/airflow/dags/wtl.py took 0.047 seconds
[2023-11-19T23:45:20.720+0000] {processor.py:157} INFO - Started process (PID=127) to work on /opt/airflow/dags/wtl.py
[2023-11-19T23:45:20.720+0000] {processor.py:829} INFO - Processing file /opt/airflow/dags/wtl.py for tasks to queue
[2023-11-19T23:45:20.721+0000] {logging_mixin.py:154} INFO - [2023-11-19T23:45:20.721+0000] {dagbag.py:536} INFO - Filling up the DagBag from /opt/airflow/dags/wtl.py
[2023-11-19T23:45:20.729+0000] {processor.py:839} INFO - DAG(s) dict_keys(['my_dag']) retrieved from /opt/airflow/dags/wtl.py
[2023-11-19T23:45:20.741+0000] {logging_mixin.py:154} INFO - [2023-11-19T23:45:20.741+0000] {dag.py:2941} INFO - Sync 1 DAGs
[2023-11-19T23:45:20.753+0000] {logging_mixin.py:154} INFO - [2023-11-19T23:45:20.753+0000] {dag.py:3722} INFO - Setting next_dagrun for my_dag to 2023-11-19T00:00:00+00:00, run_after=2023-11-20T00:00:00+00:00
[2023-11-19T23:45:20.761+0000] {processor.py:179} INFO - Processing /opt/airflow/dags/wtl.py took 0.044 seconds
[2023-11-19T23:45:51.006+0000] {processor.py:157} INFO - Started process (PID=135) to work on /opt/airflow/dags/wtl.py
[2023-11-19T23:45:51.007+0000] {processor.py:829} INFO - Processing file /opt/airflow/dags/wtl.py for tasks to queue
[2023-11-19T23:45:51.008+0000] {logging_mixin.py:154} INFO - [2023-11-19T23:45:51.008+0000] {dagbag.py:536} INFO - Filling up the DagBag from /opt/airflow/dags/wtl.py
[2023-11-19T23:45:51.014+0000] {processor.py:839} INFO - DAG(s) dict_keys(['my_dag']) retrieved from /opt/airflow/dags/wtl.py
[2023-11-19T23:45:51.025+0000] {logging_mixin.py:154} INFO - [2023-11-19T23:45:51.025+0000] {dag.py:2941} INFO - Sync 1 DAGs
[2023-11-19T23:45:51.034+0000] {logging_mixin.py:154} INFO - [2023-11-19T23:45:51.034+0000] {dag.py:3722} INFO - Setting next_dagrun for my_dag to 2023-11-19T00:00:00+00:00, run_after=2023-11-20T00:00:00+00:00
[2023-11-19T23:45:51.040+0000] {processor.py:179} INFO - Processing /opt/airflow/dags/wtl.py took 0.035 seconds
[2023-11-19T23:46:21.288+0000] {processor.py:157} INFO - Started process (PID=143) to work on /opt/airflow/dags/wtl.py
[2023-11-19T23:46:21.290+0000] {processor.py:829} INFO - Processing file /opt/airflow/dags/wtl.py for tasks to queue
[2023-11-19T23:46:21.292+0000] {logging_mixin.py:154} INFO - [2023-11-19T23:46:21.292+0000] {dagbag.py:536} INFO - Filling up the DagBag from /opt/airflow/dags/wtl.py
[2023-11-19T23:46:21.303+0000] {processor.py:839} INFO - DAG(s) dict_keys(['my_dag']) retrieved from /opt/airflow/dags/wtl.py
[2023-11-19T23:46:21.319+0000] {logging_mixin.py:154} INFO - [2023-11-19T23:46:21.319+0000] {dag.py:2941} INFO - Sync 1 DAGs
[2023-11-19T23:46:21.332+0000] {logging_mixin.py:154} INFO - [2023-11-19T23:46:21.332+0000] {dag.py:3722} INFO - Setting next_dagrun for my_dag to 2023-11-19T00:00:00+00:00, run_after=2023-11-20T00:00:00+00:00
[2023-11-19T23:46:21.342+0000] {processor.py:179} INFO - Processing /opt/airflow/dags/wtl.py took 0.057 seconds
[2023-11-19T23:46:51.594+0000] {processor.py:157} INFO - Started process (PID=151) to work on /opt/airflow/dags/wtl.py
[2023-11-19T23:46:51.595+0000] {processor.py:829} INFO - Processing file /opt/airflow/dags/wtl.py for tasks to queue
[2023-11-19T23:46:51.597+0000] {logging_mixin.py:154} INFO - [2023-11-19T23:46:51.597+0000] {dagbag.py:536} INFO - Filling up the DagBag from /opt/airflow/dags/wtl.py
[2023-11-19T23:46:51.609+0000] {processor.py:839} INFO - DAG(s) dict_keys(['my_dag']) retrieved from /opt/airflow/dags/wtl.py
[2023-11-19T23:46:51.627+0000] {logging_mixin.py:154} INFO - [2023-11-19T23:46:51.627+0000] {dag.py:2941} INFO - Sync 1 DAGs
[2023-11-19T23:46:51.641+0000] {logging_mixin.py:154} INFO - [2023-11-19T23:46:51.640+0000] {dag.py:3722} INFO - Setting next_dagrun for my_dag to 2023-11-19T00:00:00+00:00, run_after=2023-11-20T00:00:00+00:00
[2023-11-19T23:46:51.649+0000] {processor.py:179} INFO - Processing /opt/airflow/dags/wtl.py took 0.059 seconds
[2023-11-19T23:47:21.909+0000] {processor.py:157} INFO - Started process (PID=159) to work on /opt/airflow/dags/wtl.py
[2023-11-19T23:47:21.910+0000] {processor.py:829} INFO - Processing file /opt/airflow/dags/wtl.py for tasks to queue
[2023-11-19T23:47:21.915+0000] {logging_mixin.py:154} INFO - [2023-11-19T23:47:21.914+0000] {dagbag.py:536} INFO - Filling up the DagBag from /opt/airflow/dags/wtl.py
[2023-11-19T23:47:21.932+0000] {processor.py:839} INFO - DAG(s) dict_keys(['my_dag']) retrieved from /opt/airflow/dags/wtl.py
[2023-11-19T23:47:21.950+0000] {logging_mixin.py:154} INFO - [2023-11-19T23:47:21.950+0000] {dag.py:2941} INFO - Sync 1 DAGs
[2023-11-19T23:47:21.961+0000] {logging_mixin.py:154} INFO - [2023-11-19T23:47:21.961+0000] {dag.py:3722} INFO - Setting next_dagrun for my_dag to 2023-11-19T00:00:00+00:00, run_after=2023-11-20T00:00:00+00:00
[2023-11-19T23:47:21.969+0000] {processor.py:179} INFO - Processing /opt/airflow/dags/wtl.py took 0.064 seconds
[2023-11-19T23:47:52.245+0000] {processor.py:157} INFO - Started process (PID=167) to work on /opt/airflow/dags/wtl.py
[2023-11-19T23:47:52.246+0000] {processor.py:829} INFO - Processing file /opt/airflow/dags/wtl.py for tasks to queue
[2023-11-19T23:47:52.247+0000] {logging_mixin.py:154} INFO - [2023-11-19T23:47:52.247+0000] {dagbag.py:536} INFO - Filling up the DagBag from /opt/airflow/dags/wtl.py
[2023-11-19T23:47:52.254+0000] {processor.py:839} INFO - DAG(s) dict_keys(['my_dag']) retrieved from /opt/airflow/dags/wtl.py
[2023-11-19T23:47:52.264+0000] {logging_mixin.py:154} INFO - [2023-11-19T23:47:52.264+0000] {dag.py:2941} INFO - Sync 1 DAGs
[2023-11-19T23:47:52.272+0000] {logging_mixin.py:154} INFO - [2023-11-19T23:47:52.272+0000] {dag.py:3722} INFO - Setting next_dagrun for my_dag to 2023-11-19T00:00:00+00:00, run_after=2023-11-20T00:00:00+00:00
[2023-11-19T23:47:52.278+0000] {processor.py:179} INFO - Processing /opt/airflow/dags/wtl.py took 0.034 seconds
[2023-11-19T23:48:22.585+0000] {processor.py:157} INFO - Started process (PID=175) to work on /opt/airflow/dags/wtl.py
[2023-11-19T23:48:22.587+0000] {processor.py:829} INFO - Processing file /opt/airflow/dags/wtl.py for tasks to queue
[2023-11-19T23:48:22.589+0000] {logging_mixin.py:154} INFO - [2023-11-19T23:48:22.589+0000] {dagbag.py:536} INFO - Filling up the DagBag from /opt/airflow/dags/wtl.py
[2023-11-19T23:48:22.605+0000] {processor.py:839} INFO - DAG(s) dict_keys(['my_dag']) retrieved from /opt/airflow/dags/wtl.py
[2023-11-19T23:48:22.621+0000] {logging_mixin.py:154} INFO - [2023-11-19T23:48:22.620+0000] {dag.py:2941} INFO - Sync 1 DAGs
[2023-11-19T23:48:22.631+0000] {logging_mixin.py:154} INFO - [2023-11-19T23:48:22.631+0000] {dag.py:3722} INFO - Setting next_dagrun for my_dag to 2023-11-19T00:00:00+00:00, run_after=2023-11-20T00:00:00+00:00
[2023-11-19T23:48:22.639+0000] {processor.py:179} INFO - Processing /opt/airflow/dags/wtl.py took 0.058 seconds
[2023-11-19T23:48:52.902+0000] {processor.py:157} INFO - Started process (PID=183) to work on /opt/airflow/dags/wtl.py
[2023-11-19T23:48:52.903+0000] {processor.py:829} INFO - Processing file /opt/airflow/dags/wtl.py for tasks to queue
[2023-11-19T23:48:52.906+0000] {logging_mixin.py:154} INFO - [2023-11-19T23:48:52.906+0000] {dagbag.py:536} INFO - Filling up the DagBag from /opt/airflow/dags/wtl.py
[2023-11-19T23:48:52.920+0000] {processor.py:839} INFO - DAG(s) dict_keys(['my_dag']) retrieved from /opt/airflow/dags/wtl.py
[2023-11-19T23:48:52.938+0000] {logging_mixin.py:154} INFO - [2023-11-19T23:48:52.938+0000] {dag.py:2941} INFO - Sync 1 DAGs
[2023-11-19T23:48:52.948+0000] {logging_mixin.py:154} INFO - [2023-11-19T23:48:52.948+0000] {dag.py:3722} INFO - Setting next_dagrun for my_dag to 2023-11-19T00:00:00+00:00, run_after=2023-11-20T00:00:00+00:00
[2023-11-19T23:48:52.955+0000] {processor.py:179} INFO - Processing /opt/airflow/dags/wtl.py took 0.058 seconds
[2023-11-19T23:49:23.236+0000] {processor.py:157} INFO - Started process (PID=191) to work on /opt/airflow/dags/wtl.py
[2023-11-19T23:49:23.238+0000] {processor.py:829} INFO - Processing file /opt/airflow/dags/wtl.py for tasks to queue
[2023-11-19T23:49:23.241+0000] {logging_mixin.py:154} INFO - [2023-11-19T23:49:23.241+0000] {dagbag.py:536} INFO - Filling up the DagBag from /opt/airflow/dags/wtl.py
[2023-11-19T23:49:23.259+0000] {processor.py:839} INFO - DAG(s) dict_keys(['my_dag']) retrieved from /opt/airflow/dags/wtl.py
[2023-11-19T23:49:23.277+0000] {logging_mixin.py:154} INFO - [2023-11-19T23:49:23.277+0000] {dag.py:2941} INFO - Sync 1 DAGs
[2023-11-19T23:49:23.289+0000] {logging_mixin.py:154} INFO - [2023-11-19T23:49:23.289+0000] {dag.py:3722} INFO - Setting next_dagrun for my_dag to 2023-11-19T00:00:00+00:00, run_after=2023-11-20T00:00:00+00:00
[2023-11-19T23:49:23.297+0000] {processor.py:179} INFO - Processing /opt/airflow/dags/wtl.py took 0.067 seconds
[2023-11-19T23:49:53.620+0000] {processor.py:157} INFO - Started process (PID=199) to work on /opt/airflow/dags/wtl.py
[2023-11-19T23:49:53.621+0000] {processor.py:829} INFO - Processing file /opt/airflow/dags/wtl.py for tasks to queue
[2023-11-19T23:49:53.625+0000] {logging_mixin.py:154} INFO - [2023-11-19T23:49:53.625+0000] {dagbag.py:536} INFO - Filling up the DagBag from /opt/airflow/dags/wtl.py
[2023-11-19T23:49:53.640+0000] {processor.py:839} INFO - DAG(s) dict_keys(['my_dag']) retrieved from /opt/airflow/dags/wtl.py
[2023-11-19T23:49:53.659+0000] {logging_mixin.py:154} INFO - [2023-11-19T23:49:53.659+0000] {dag.py:2941} INFO - Sync 1 DAGs
[2023-11-19T23:49:53.670+0000] {logging_mixin.py:154} INFO - [2023-11-19T23:49:53.670+0000] {dag.py:3722} INFO - Setting next_dagrun for my_dag to 2023-11-19T00:00:00+00:00, run_after=2023-11-20T00:00:00+00:00
[2023-11-19T23:49:53.678+0000] {processor.py:179} INFO - Processing /opt/airflow/dags/wtl.py took 0.063 seconds
[2023-11-19T23:50:23.959+0000] {processor.py:157} INFO - Started process (PID=207) to work on /opt/airflow/dags/wtl.py
[2023-11-19T23:50:23.960+0000] {processor.py:829} INFO - Processing file /opt/airflow/dags/wtl.py for tasks to queue
[2023-11-19T23:50:23.964+0000] {logging_mixin.py:154} INFO - [2023-11-19T23:50:23.963+0000] {dagbag.py:536} INFO - Filling up the DagBag from /opt/airflow/dags/wtl.py
[2023-11-19T23:50:23.978+0000] {processor.py:839} INFO - DAG(s) dict_keys(['my_dag']) retrieved from /opt/airflow/dags/wtl.py
[2023-11-19T23:50:23.996+0000] {logging_mixin.py:154} INFO - [2023-11-19T23:50:23.996+0000] {dag.py:2941} INFO - Sync 1 DAGs
[2023-11-19T23:50:24.007+0000] {logging_mixin.py:154} INFO - [2023-11-19T23:50:24.007+0000] {dag.py:3722} INFO - Setting next_dagrun for my_dag to 2023-11-19T00:00:00+00:00, run_after=2023-11-20T00:00:00+00:00
[2023-11-19T23:50:24.014+0000] {processor.py:179} INFO - Processing /opt/airflow/dags/wtl.py took 0.060 seconds
[2023-11-19T23:50:54.287+0000] {processor.py:157} INFO - Started process (PID=215) to work on /opt/airflow/dags/wtl.py
[2023-11-19T23:50:54.288+0000] {processor.py:829} INFO - Processing file /opt/airflow/dags/wtl.py for tasks to queue
[2023-11-19T23:50:54.293+0000] {logging_mixin.py:154} INFO - [2023-11-19T23:50:54.292+0000] {dagbag.py:536} INFO - Filling up the DagBag from /opt/airflow/dags/wtl.py
[2023-11-19T23:50:54.309+0000] {processor.py:839} INFO - DAG(s) dict_keys(['my_dag']) retrieved from /opt/airflow/dags/wtl.py
[2023-11-19T23:50:54.328+0000] {logging_mixin.py:154} INFO - [2023-11-19T23:50:54.328+0000] {dag.py:2941} INFO - Sync 1 DAGs
[2023-11-19T23:50:54.339+0000] {logging_mixin.py:154} INFO - [2023-11-19T23:50:54.339+0000] {dag.py:3722} INFO - Setting next_dagrun for my_dag to 2023-11-19T00:00:00+00:00, run_after=2023-11-20T00:00:00+00:00
[2023-11-19T23:50:54.346+0000] {processor.py:179} INFO - Processing /opt/airflow/dags/wtl.py took 0.065 seconds
[2023-11-19T23:51:24.588+0000] {processor.py:157} INFO - Started process (PID=223) to work on /opt/airflow/dags/wtl.py
[2023-11-19T23:51:24.589+0000] {processor.py:829} INFO - Processing file /opt/airflow/dags/wtl.py for tasks to queue
[2023-11-19T23:51:24.593+0000] {logging_mixin.py:154} INFO - [2023-11-19T23:51:24.593+0000] {dagbag.py:536} INFO - Filling up the DagBag from /opt/airflow/dags/wtl.py
[2023-11-19T23:51:24.607+0000] {processor.py:839} INFO - DAG(s) dict_keys(['my_dag']) retrieved from /opt/airflow/dags/wtl.py
[2023-11-19T23:51:24.623+0000] {logging_mixin.py:154} INFO - [2023-11-19T23:51:24.623+0000] {dag.py:2941} INFO - Sync 1 DAGs
[2023-11-19T23:51:24.633+0000] {logging_mixin.py:154} INFO - [2023-11-19T23:51:24.633+0000] {dag.py:3722} INFO - Setting next_dagrun for my_dag to 2023-11-19T00:00:00+00:00, run_after=2023-11-20T00:00:00+00:00
[2023-11-19T23:51:24.640+0000] {processor.py:179} INFO - Processing /opt/airflow/dags/wtl.py took 0.058 seconds
[2023-11-19T23:51:54.935+0000] {processor.py:157} INFO - Started process (PID=231) to work on /opt/airflow/dags/wtl.py
[2023-11-19T23:51:54.936+0000] {processor.py:829} INFO - Processing file /opt/airflow/dags/wtl.py for tasks to queue
[2023-11-19T23:51:54.939+0000] {logging_mixin.py:154} INFO - [2023-11-19T23:51:54.939+0000] {dagbag.py:536} INFO - Filling up the DagBag from /opt/airflow/dags/wtl.py
[2023-11-19T23:51:54.955+0000] {processor.py:839} INFO - DAG(s) dict_keys(['my_dag']) retrieved from /opt/airflow/dags/wtl.py
[2023-11-19T23:51:54.972+0000] {logging_mixin.py:154} INFO - [2023-11-19T23:51:54.972+0000] {dag.py:2941} INFO - Sync 1 DAGs
[2023-11-19T23:51:54.983+0000] {logging_mixin.py:154} INFO - [2023-11-19T23:51:54.983+0000] {dag.py:3722} INFO - Setting next_dagrun for my_dag to 2023-11-19T00:00:00+00:00, run_after=2023-11-20T00:00:00+00:00
[2023-11-19T23:51:54.990+0000] {processor.py:179} INFO - Processing /opt/airflow/dags/wtl.py took 0.060 seconds
[2023-11-19T23:52:25.288+0000] {processor.py:157} INFO - Started process (PID=239) to work on /opt/airflow/dags/wtl.py
[2023-11-19T23:52:25.290+0000] {processor.py:829} INFO - Processing file /opt/airflow/dags/wtl.py for tasks to queue
[2023-11-19T23:52:25.293+0000] {logging_mixin.py:154} INFO - [2023-11-19T23:52:25.293+0000] {dagbag.py:536} INFO - Filling up the DagBag from /opt/airflow/dags/wtl.py
[2023-11-19T23:52:25.311+0000] {processor.py:839} INFO - DAG(s) dict_keys(['my_dag']) retrieved from /opt/airflow/dags/wtl.py
[2023-11-19T23:52:25.332+0000] {logging_mixin.py:154} INFO - [2023-11-19T23:52:25.331+0000] {dag.py:2941} INFO - Sync 1 DAGs
[2023-11-19T23:52:25.343+0000] {logging_mixin.py:154} INFO - [2023-11-19T23:52:25.343+0000] {dag.py:3722} INFO - Setting next_dagrun for my_dag to 2023-11-19T00:00:00+00:00, run_after=2023-11-20T00:00:00+00:00
[2023-11-19T23:52:25.352+0000] {processor.py:179} INFO - Processing /opt/airflow/dags/wtl.py took 0.069 seconds
[2023-11-19T23:52:55.650+0000] {processor.py:157} INFO - Started process (PID=247) to work on /opt/airflow/dags/wtl.py
[2023-11-19T23:52:55.651+0000] {processor.py:829} INFO - Processing file /opt/airflow/dags/wtl.py for tasks to queue
[2023-11-19T23:52:55.654+0000] {logging_mixin.py:154} INFO - [2023-11-19T23:52:55.654+0000] {dagbag.py:536} INFO - Filling up the DagBag from /opt/airflow/dags/wtl.py
[2023-11-19T23:52:55.672+0000] {processor.py:839} INFO - DAG(s) dict_keys(['my_dag']) retrieved from /opt/airflow/dags/wtl.py
[2023-11-19T23:52:55.690+0000] {logging_mixin.py:154} INFO - [2023-11-19T23:52:55.690+0000] {dag.py:2941} INFO - Sync 1 DAGs
[2023-11-19T23:52:55.703+0000] {logging_mixin.py:154} INFO - [2023-11-19T23:52:55.703+0000] {dag.py:3722} INFO - Setting next_dagrun for my_dag to 2023-11-19T00:00:00+00:00, run_after=2023-11-20T00:00:00+00:00
[2023-11-19T23:52:55.710+0000] {processor.py:179} INFO - Processing /opt/airflow/dags/wtl.py took 0.065 seconds
[2023-11-19T23:53:25.981+0000] {processor.py:157} INFO - Started process (PID=255) to work on /opt/airflow/dags/wtl.py
[2023-11-19T23:53:25.982+0000] {processor.py:829} INFO - Processing file /opt/airflow/dags/wtl.py for tasks to queue
[2023-11-19T23:53:25.985+0000] {logging_mixin.py:154} INFO - [2023-11-19T23:53:25.985+0000] {dagbag.py:536} INFO - Filling up the DagBag from /opt/airflow/dags/wtl.py
[2023-11-19T23:53:26.000+0000] {processor.py:839} INFO - DAG(s) dict_keys(['my_dag']) retrieved from /opt/airflow/dags/wtl.py
[2023-11-19T23:53:26.017+0000] {logging_mixin.py:154} INFO - [2023-11-19T23:53:26.017+0000] {dag.py:2941} INFO - Sync 1 DAGs
[2023-11-19T23:53:26.029+0000] {logging_mixin.py:154} INFO - [2023-11-19T23:53:26.029+0000] {dag.py:3722} INFO - Setting next_dagrun for my_dag to 2023-11-19T00:00:00+00:00, run_after=2023-11-20T00:00:00+00:00
[2023-11-19T23:53:26.036+0000] {processor.py:179} INFO - Processing /opt/airflow/dags/wtl.py took 0.060 seconds
[2023-11-19T23:53:56.302+0000] {processor.py:157} INFO - Started process (PID=263) to work on /opt/airflow/dags/wtl.py
[2023-11-19T23:53:56.303+0000] {processor.py:829} INFO - Processing file /opt/airflow/dags/wtl.py for tasks to queue
[2023-11-19T23:53:56.305+0000] {logging_mixin.py:154} INFO - [2023-11-19T23:53:56.305+0000] {dagbag.py:536} INFO - Filling up the DagBag from /opt/airflow/dags/wtl.py
[2023-11-19T23:53:56.317+0000] {processor.py:839} INFO - DAG(s) dict_keys(['my_dag']) retrieved from /opt/airflow/dags/wtl.py
[2023-11-19T23:53:56.332+0000] {logging_mixin.py:154} INFO - [2023-11-19T23:53:56.332+0000] {dag.py:2941} INFO - Sync 1 DAGs
[2023-11-19T23:53:56.345+0000] {logging_mixin.py:154} INFO - [2023-11-19T23:53:56.344+0000] {dag.py:3722} INFO - Setting next_dagrun for my_dag to 2023-11-19T00:00:00+00:00, run_after=2023-11-20T00:00:00+00:00
[2023-11-19T23:53:56.353+0000] {processor.py:179} INFO - Processing /opt/airflow/dags/wtl.py took 0.057 seconds
[2023-11-19T23:54:26.598+0000] {processor.py:157} INFO - Started process (PID=271) to work on /opt/airflow/dags/wtl.py
[2023-11-19T23:54:26.599+0000] {processor.py:829} INFO - Processing file /opt/airflow/dags/wtl.py for tasks to queue
[2023-11-19T23:54:26.602+0000] {logging_mixin.py:154} INFO - [2023-11-19T23:54:26.602+0000] {dagbag.py:536} INFO - Filling up the DagBag from /opt/airflow/dags/wtl.py
[2023-11-19T23:54:26.618+0000] {processor.py:839} INFO - DAG(s) dict_keys(['my_dag']) retrieved from /opt/airflow/dags/wtl.py
[2023-11-19T23:54:26.635+0000] {logging_mixin.py:154} INFO - [2023-11-19T23:54:26.634+0000] {dag.py:2941} INFO - Sync 1 DAGs
[2023-11-19T23:54:26.645+0000] {logging_mixin.py:154} INFO - [2023-11-19T23:54:26.645+0000] {dag.py:3722} INFO - Setting next_dagrun for my_dag to 2023-11-19T00:00:00+00:00, run_after=2023-11-20T00:00:00+00:00
[2023-11-19T23:54:26.652+0000] {processor.py:179} INFO - Processing /opt/airflow/dags/wtl.py took 0.059 seconds
[2023-11-19T23:54:56.907+0000] {processor.py:157} INFO - Started process (PID=279) to work on /opt/airflow/dags/wtl.py
[2023-11-19T23:54:56.908+0000] {processor.py:829} INFO - Processing file /opt/airflow/dags/wtl.py for tasks to queue
[2023-11-19T23:54:56.911+0000] {logging_mixin.py:154} INFO - [2023-11-19T23:54:56.910+0000] {dagbag.py:536} INFO - Filling up the DagBag from /opt/airflow/dags/wtl.py
[2023-11-19T23:54:56.925+0000] {processor.py:839} INFO - DAG(s) dict_keys(['my_dag']) retrieved from /opt/airflow/dags/wtl.py
[2023-11-19T23:54:56.941+0000] {logging_mixin.py:154} INFO - [2023-11-19T23:54:56.941+0000] {dag.py:2941} INFO - Sync 1 DAGs
[2023-11-19T23:54:56.952+0000] {logging_mixin.py:154} INFO - [2023-11-19T23:54:56.951+0000] {dag.py:3722} INFO - Setting next_dagrun for my_dag to 2023-11-19T00:00:00+00:00, run_after=2023-11-20T00:00:00+00:00
[2023-11-19T23:54:56.958+0000] {processor.py:179} INFO - Processing /opt/airflow/dags/wtl.py took 0.055 seconds
[2023-11-19T23:55:27.253+0000] {processor.py:157} INFO - Started process (PID=287) to work on /opt/airflow/dags/wtl.py
[2023-11-19T23:55:27.254+0000] {processor.py:829} INFO - Processing file /opt/airflow/dags/wtl.py for tasks to queue
[2023-11-19T23:55:27.256+0000] {logging_mixin.py:154} INFO - [2023-11-19T23:55:27.256+0000] {dagbag.py:536} INFO - Filling up the DagBag from /opt/airflow/dags/wtl.py
[2023-11-19T23:55:27.271+0000] {processor.py:839} INFO - DAG(s) dict_keys(['my_dag']) retrieved from /opt/airflow/dags/wtl.py
[2023-11-19T23:55:27.289+0000] {logging_mixin.py:154} INFO - [2023-11-19T23:55:27.289+0000] {dag.py:2941} INFO - Sync 1 DAGs
[2023-11-19T23:55:27.300+0000] {logging_mixin.py:154} INFO - [2023-11-19T23:55:27.300+0000] {dag.py:3722} INFO - Setting next_dagrun for my_dag to 2023-11-19T00:00:00+00:00, run_after=2023-11-20T00:00:00+00:00
[2023-11-19T23:55:27.307+0000] {processor.py:179} INFO - Processing /opt/airflow/dags/wtl.py took 0.060 seconds
[2023-11-19T23:55:57.520+0000] {processor.py:157} INFO - Started process (PID=295) to work on /opt/airflow/dags/wtl.py
[2023-11-19T23:55:57.521+0000] {processor.py:829} INFO - Processing file /opt/airflow/dags/wtl.py for tasks to queue
[2023-11-19T23:55:57.523+0000] {logging_mixin.py:154} INFO - [2023-11-19T23:55:57.523+0000] {dagbag.py:536} INFO - Filling up the DagBag from /opt/airflow/dags/wtl.py
[2023-11-19T23:55:57.535+0000] {processor.py:839} INFO - DAG(s) dict_keys(['my_dag']) retrieved from /opt/airflow/dags/wtl.py
[2023-11-19T23:55:57.551+0000] {logging_mixin.py:154} INFO - [2023-11-19T23:55:57.551+0000] {dag.py:2941} INFO - Sync 1 DAGs
[2023-11-19T23:55:57.562+0000] {logging_mixin.py:154} INFO - [2023-11-19T23:55:57.562+0000] {dag.py:3722} INFO - Setting next_dagrun for my_dag to 2023-11-19T00:00:00+00:00, run_after=2023-11-20T00:00:00+00:00
[2023-11-19T23:55:57.569+0000] {processor.py:179} INFO - Processing /opt/airflow/dags/wtl.py took 0.053 seconds
[2023-11-19T23:56:27.844+0000] {processor.py:157} INFO - Started process (PID=303) to work on /opt/airflow/dags/wtl.py
[2023-11-19T23:56:27.845+0000] {processor.py:829} INFO - Processing file /opt/airflow/dags/wtl.py for tasks to queue
[2023-11-19T23:56:27.849+0000] {logging_mixin.py:154} INFO - [2023-11-19T23:56:27.849+0000] {dagbag.py:536} INFO - Filling up the DagBag from /opt/airflow/dags/wtl.py
[2023-11-19T23:56:27.866+0000] {processor.py:839} INFO - DAG(s) dict_keys(['my_dag']) retrieved from /opt/airflow/dags/wtl.py
[2023-11-19T23:56:27.886+0000] {logging_mixin.py:154} INFO - [2023-11-19T23:56:27.886+0000] {dag.py:2941} INFO - Sync 1 DAGs
[2023-11-19T23:56:27.898+0000] {logging_mixin.py:154} INFO - [2023-11-19T23:56:27.898+0000] {dag.py:3722} INFO - Setting next_dagrun for my_dag to 2023-11-19T00:00:00+00:00, run_after=2023-11-20T00:00:00+00:00
[2023-11-19T23:56:27.906+0000] {processor.py:179} INFO - Processing /opt/airflow/dags/wtl.py took 0.067 seconds
[2023-11-19T23:56:58.190+0000] {processor.py:157} INFO - Started process (PID=311) to work on /opt/airflow/dags/wtl.py
[2023-11-19T23:56:58.191+0000] {processor.py:829} INFO - Processing file /opt/airflow/dags/wtl.py for tasks to queue
[2023-11-19T23:56:58.193+0000] {logging_mixin.py:154} INFO - [2023-11-19T23:56:58.193+0000] {dagbag.py:536} INFO - Filling up the DagBag from /opt/airflow/dags/wtl.py
[2023-11-19T23:56:58.206+0000] {processor.py:839} INFO - DAG(s) dict_keys(['my_dag']) retrieved from /opt/airflow/dags/wtl.py
[2023-11-19T23:56:58.221+0000] {logging_mixin.py:154} INFO - [2023-11-19T23:56:58.221+0000] {dag.py:2941} INFO - Sync 1 DAGs
[2023-11-19T23:56:58.231+0000] {logging_mixin.py:154} INFO - [2023-11-19T23:56:58.231+0000] {dag.py:3722} INFO - Setting next_dagrun for my_dag to 2023-11-19T00:00:00+00:00, run_after=2023-11-20T00:00:00+00:00
[2023-11-19T23:56:58.237+0000] {processor.py:179} INFO - Processing /opt/airflow/dags/wtl.py took 0.052 seconds
[2023-11-19T23:57:28.471+0000] {processor.py:157} INFO - Started process (PID=319) to work on /opt/airflow/dags/wtl.py
[2023-11-19T23:57:28.472+0000] {processor.py:829} INFO - Processing file /opt/airflow/dags/wtl.py for tasks to queue
[2023-11-19T23:57:28.475+0000] {logging_mixin.py:154} INFO - [2023-11-19T23:57:28.475+0000] {dagbag.py:536} INFO - Filling up the DagBag from /opt/airflow/dags/wtl.py
[2023-11-19T23:57:28.490+0000] {processor.py:839} INFO - DAG(s) dict_keys(['my_dag']) retrieved from /opt/airflow/dags/wtl.py
[2023-11-19T23:57:28.508+0000] {logging_mixin.py:154} INFO - [2023-11-19T23:57:28.508+0000] {dag.py:2941} INFO - Sync 1 DAGs
[2023-11-19T23:57:28.518+0000] {logging_mixin.py:154} INFO - [2023-11-19T23:57:28.518+0000] {dag.py:3722} INFO - Setting next_dagrun for my_dag to 2023-11-19T00:00:00+00:00, run_after=2023-11-20T00:00:00+00:00
[2023-11-19T23:57:28.525+0000] {processor.py:179} INFO - Processing /opt/airflow/dags/wtl.py took 0.059 seconds
[2023-11-19T23:57:58.799+0000] {processor.py:157} INFO - Started process (PID=327) to work on /opt/airflow/dags/wtl.py
[2023-11-19T23:57:58.800+0000] {processor.py:829} INFO - Processing file /opt/airflow/dags/wtl.py for tasks to queue
[2023-11-19T23:57:58.804+0000] {logging_mixin.py:154} INFO - [2023-11-19T23:57:58.804+0000] {dagbag.py:536} INFO - Filling up the DagBag from /opt/airflow/dags/wtl.py
[2023-11-19T23:57:58.818+0000] {processor.py:839} INFO - DAG(s) dict_keys(['my_dag']) retrieved from /opt/airflow/dags/wtl.py
[2023-11-19T23:57:58.836+0000] {logging_mixin.py:154} INFO - [2023-11-19T23:57:58.835+0000] {dag.py:2941} INFO - Sync 1 DAGs
[2023-11-19T23:57:58.846+0000] {logging_mixin.py:154} INFO - [2023-11-19T23:57:58.846+0000] {dag.py:3722} INFO - Setting next_dagrun for my_dag to 2023-11-19T00:00:00+00:00, run_after=2023-11-20T00:00:00+00:00
[2023-11-19T23:57:58.854+0000] {processor.py:179} INFO - Processing /opt/airflow/dags/wtl.py took 0.060 seconds
[2023-11-19T23:58:29.124+0000] {processor.py:157} INFO - Started process (PID=335) to work on /opt/airflow/dags/wtl.py
[2023-11-19T23:58:29.125+0000] {processor.py:829} INFO - Processing file /opt/airflow/dags/wtl.py for tasks to queue
[2023-11-19T23:58:29.128+0000] {logging_mixin.py:154} INFO - [2023-11-19T23:58:29.128+0000] {dagbag.py:536} INFO - Filling up the DagBag from /opt/airflow/dags/wtl.py
[2023-11-19T23:58:29.144+0000] {processor.py:839} INFO - DAG(s) dict_keys(['my_dag']) retrieved from /opt/airflow/dags/wtl.py
[2023-11-19T23:58:29.162+0000] {logging_mixin.py:154} INFO - [2023-11-19T23:58:29.162+0000] {dag.py:2941} INFO - Sync 1 DAGs
[2023-11-19T23:58:29.174+0000] {logging_mixin.py:154} INFO - [2023-11-19T23:58:29.174+0000] {dag.py:3722} INFO - Setting next_dagrun for my_dag to 2023-11-19T00:00:00+00:00, run_after=2023-11-20T00:00:00+00:00
[2023-11-19T23:58:29.181+0000] {processor.py:179} INFO - Processing /opt/airflow/dags/wtl.py took 0.061 seconds
[2023-11-19T23:58:59.504+0000] {processor.py:157} INFO - Started process (PID=343) to work on /opt/airflow/dags/wtl.py
[2023-11-19T23:58:59.506+0000] {processor.py:829} INFO - Processing file /opt/airflow/dags/wtl.py for tasks to queue
[2023-11-19T23:58:59.509+0000] {logging_mixin.py:154} INFO - [2023-11-19T23:58:59.509+0000] {dagbag.py:536} INFO - Filling up the DagBag from /opt/airflow/dags/wtl.py
[2023-11-19T23:58:59.523+0000] {processor.py:839} INFO - DAG(s) dict_keys(['my_dag']) retrieved from /opt/airflow/dags/wtl.py
[2023-11-19T23:58:59.541+0000] {logging_mixin.py:154} INFO - [2023-11-19T23:58:59.541+0000] {dag.py:2941} INFO - Sync 1 DAGs
[2023-11-19T23:58:59.553+0000] {logging_mixin.py:154} INFO - [2023-11-19T23:58:59.552+0000] {dag.py:3722} INFO - Setting next_dagrun for my_dag to 2023-11-19T00:00:00+00:00, run_after=2023-11-20T00:00:00+00:00
[2023-11-19T23:58:59.560+0000] {processor.py:179} INFO - Processing /opt/airflow/dags/wtl.py took 0.060 seconds
[2023-11-19T23:59:29.855+0000] {processor.py:157} INFO - Started process (PID=351) to work on /opt/airflow/dags/wtl.py
[2023-11-19T23:59:29.857+0000] {processor.py:829} INFO - Processing file /opt/airflow/dags/wtl.py for tasks to queue
[2023-11-19T23:59:29.860+0000] {logging_mixin.py:154} INFO - [2023-11-19T23:59:29.860+0000] {dagbag.py:536} INFO - Filling up the DagBag from /opt/airflow/dags/wtl.py
[2023-11-19T23:59:29.875+0000] {processor.py:839} INFO - DAG(s) dict_keys(['my_dag']) retrieved from /opt/airflow/dags/wtl.py
[2023-11-19T23:59:29.894+0000] {logging_mixin.py:154} INFO - [2023-11-19T23:59:29.894+0000] {dag.py:2941} INFO - Sync 1 DAGs
[2023-11-19T23:59:29.905+0000] {logging_mixin.py:154} INFO - [2023-11-19T23:59:29.905+0000] {dag.py:3722} INFO - Setting next_dagrun for my_dag to 2023-11-19T00:00:00+00:00, run_after=2023-11-20T00:00:00+00:00
[2023-11-19T23:59:29.913+0000] {processor.py:179} INFO - Processing /opt/airflow/dags/wtl.py took 0.061 seconds
