[2023-11-20T08:50:37.465+0000] {taskinstance.py:1159} INFO - Dependencies all met for dep_context=non-requeueable deps ti=<TaskInstance: austin_animal_shelter_dag.transform_data scheduled__2023-11-18T00:00:00+00:00 [queued]>
[2023-11-20T08:50:37.469+0000] {taskinstance.py:1159} INFO - Dependencies all met for dep_context=requeueable deps ti=<TaskInstance: austin_animal_shelter_dag.transform_data scheduled__2023-11-18T00:00:00+00:00 [queued]>
[2023-11-20T08:50:37.469+0000] {taskinstance.py:1361} INFO - Starting attempt 1 of 2
[2023-11-20T08:50:37.474+0000] {taskinstance.py:1382} INFO - Executing <Task(PythonOperator): transform_data> on 2023-11-18 00:00:00+00:00
[2023-11-20T08:50:37.477+0000] {standard_task_runner.py:57} INFO - Started process 227 to run task
[2023-11-20T08:50:37.480+0000] {standard_task_runner.py:84} INFO - Running: ['***', 'tasks', 'run', 'austin_animal_shelter_dag', 'transform_data', 'scheduled__2023-11-18T00:00:00+00:00', '--job-id', '56', '--raw', '--subdir', 'DAGS_FOLDER/DAG.py', '--cfg-path', '/tmp/tmpy1w70032']
[2023-11-20T08:50:37.482+0000] {standard_task_runner.py:85} INFO - Job 56: Subtask transform_data
[2023-11-20T08:50:37.502+0000] {task_command.py:416} INFO - Running <TaskInstance: austin_animal_shelter_dag.transform_data scheduled__2023-11-18T00:00:00+00:00 [running]> on host 3ef39241d6e6
[2023-11-20T08:50:37.533+0000] {taskinstance.py:1662} INFO - Exporting env vars: AIRFLOW_CTX_DAG_OWNER='***' AIRFLOW_CTX_DAG_ID='austin_animal_shelter_dag' AIRFLOW_CTX_TASK_ID='transform_data' AIRFLOW_CTX_EXECUTION_DATE='2023-11-18T00:00:00+00:00' AIRFLOW_CTX_TRY_NUMBER='1' AIRFLOW_CTX_DAG_RUN_ID='scheduled__2023-11-18T00:00:00+00:00'
[2023-11-20T08:50:38.593+0000] {python.py:194} INFO - Done. Returned value was: None
[2023-11-20T08:50:38.606+0000] {taskinstance.py:1400} INFO - Marking task as SUCCESS. dag_id=austin_animal_shelter_dag, task_id=transform_data, execution_date=20231118T000000, start_date=20231120T085037, end_date=20231120T085038
[2023-11-20T08:50:38.655+0000] {local_task_job_runner.py:228} INFO - Task exited with return code 0
[2023-11-20T08:50:38.672+0000] {taskinstance.py:2778} INFO - 1 downstream tasks scheduled from follow-on schedule check
[2023-11-20T22:32:52.525+0000] {taskinstance.py:1159} INFO - Dependencies all met for dep_context=non-requeueable deps ti=<TaskInstance: austin_animal_shelter_dag.transform_data scheduled__2023-11-18T00:00:00+00:00 [queued]>
[2023-11-20T22:32:52.531+0000] {taskinstance.py:1159} INFO - Dependencies all met for dep_context=requeueable deps ti=<TaskInstance: austin_animal_shelter_dag.transform_data scheduled__2023-11-18T00:00:00+00:00 [queued]>
[2023-11-20T22:32:52.531+0000] {taskinstance.py:1361} INFO - Starting attempt 1 of 2
[2023-11-20T22:32:52.540+0000] {taskinstance.py:1382} INFO - Executing <Task(PythonOperator): transform_data> on 2023-11-18 00:00:00+00:00
[2023-11-20T22:32:52.545+0000] {standard_task_runner.py:57} INFO - Started process 236 to run task
[2023-11-20T22:32:52.548+0000] {standard_task_runner.py:84} INFO - Running: ['***', 'tasks', 'run', 'austin_animal_shelter_dag', 'transform_data', 'scheduled__2023-11-18T00:00:00+00:00', '--job-id', '124', '--raw', '--subdir', 'DAGS_FOLDER/DAG.py', '--cfg-path', '/tmp/tmph61i0sp_']
[2023-11-20T22:32:52.551+0000] {standard_task_runner.py:85} INFO - Job 124: Subtask transform_data
[2023-11-20T22:32:52.581+0000] {task_command.py:416} INFO - Running <TaskInstance: austin_animal_shelter_dag.transform_data scheduled__2023-11-18T00:00:00+00:00 [running]> on host ad6c889005f6
[2023-11-20T22:32:52.629+0000] {taskinstance.py:1662} INFO - Exporting env vars: AIRFLOW_CTX_DAG_OWNER='***' AIRFLOW_CTX_DAG_ID='austin_animal_shelter_dag' AIRFLOW_CTX_TASK_ID='transform_data' AIRFLOW_CTX_EXECUTION_DATE='2023-11-18T00:00:00+00:00' AIRFLOW_CTX_TRY_NUMBER='1' AIRFLOW_CTX_DAG_RUN_ID='scheduled__2023-11-18T00:00:00+00:00'
[2023-11-20T22:32:53.660+0000] {python.py:194} INFO - Done. Returned value was: None
[2023-11-20T22:32:53.675+0000] {taskinstance.py:1400} INFO - Marking task as SUCCESS. dag_id=austin_animal_shelter_dag, task_id=transform_data, execution_date=20231118T000000, start_date=20231120T223252, end_date=20231120T223253
[2023-11-20T22:32:53.719+0000] {local_task_job_runner.py:228} INFO - Task exited with return code 0
[2023-11-20T22:32:53.738+0000] {taskinstance.py:2778} INFO - 1 downstream tasks scheduled from follow-on schedule check
[2023-11-20T22:48:11.616+0000] {taskinstance.py:1159} INFO - Dependencies all met for dep_context=non-requeueable deps ti=<TaskInstance: austin_animal_shelter_dag.transform_data scheduled__2023-11-18T00:00:00+00:00 [queued]>
[2023-11-20T22:48:11.623+0000] {taskinstance.py:1159} INFO - Dependencies all met for dep_context=requeueable deps ti=<TaskInstance: austin_animal_shelter_dag.transform_data scheduled__2023-11-18T00:00:00+00:00 [queued]>
[2023-11-20T22:48:11.623+0000] {taskinstance.py:1361} INFO - Starting attempt 1 of 2
[2023-11-20T22:48:11.631+0000] {taskinstance.py:1382} INFO - Executing <Task(PythonOperator): transform_data> on 2023-11-18 00:00:00+00:00
[2023-11-20T22:48:11.638+0000] {standard_task_runner.py:57} INFO - Started process 242 to run task
[2023-11-20T22:48:11.643+0000] {standard_task_runner.py:84} INFO - Running: ['***', 'tasks', 'run', 'austin_animal_shelter_dag', 'transform_data', 'scheduled__2023-11-18T00:00:00+00:00', '--job-id', '60', '--raw', '--subdir', 'DAGS_FOLDER/DAG.py', '--cfg-path', '/tmp/tmprw2dmy_4']
[2023-11-20T22:48:11.646+0000] {standard_task_runner.py:85} INFO - Job 60: Subtask transform_data
[2023-11-20T22:48:11.677+0000] {task_command.py:416} INFO - Running <TaskInstance: austin_animal_shelter_dag.transform_data scheduled__2023-11-18T00:00:00+00:00 [running]> on host fda681cc78c9
[2023-11-20T22:48:11.728+0000] {taskinstance.py:1662} INFO - Exporting env vars: AIRFLOW_CTX_DAG_OWNER='***' AIRFLOW_CTX_DAG_ID='austin_animal_shelter_dag' AIRFLOW_CTX_TASK_ID='transform_data' AIRFLOW_CTX_EXECUTION_DATE='2023-11-18T00:00:00+00:00' AIRFLOW_CTX_TRY_NUMBER='1' AIRFLOW_CTX_DAG_RUN_ID='scheduled__2023-11-18T00:00:00+00:00'
[2023-11-20T22:48:13.205+0000] {python.py:194} INFO - Done. Returned value was: None
[2023-11-20T22:48:13.220+0000] {taskinstance.py:1400} INFO - Marking task as SUCCESS. dag_id=austin_animal_shelter_dag, task_id=transform_data, execution_date=20231118T000000, start_date=20231120T224811, end_date=20231120T224813
[2023-11-20T22:48:13.293+0000] {local_task_job_runner.py:228} INFO - Task exited with return code 0
[2023-11-20T22:48:13.322+0000] {taskinstance.py:2778} INFO - 1 downstream tasks scheduled from follow-on schedule check
