[2023-11-20T08:43:27.378+0000] {taskinstance.py:1159} INFO - Dependencies all met for dep_context=non-requeueable deps ti=<TaskInstance: austin_animal_shelter_dag.transform_data scheduled__2023-11-05T00:00:00+00:00 [queued]>
[2023-11-20T08:43:27.394+0000] {taskinstance.py:1159} INFO - Dependencies all met for dep_context=requeueable deps ti=<TaskInstance: austin_animal_shelter_dag.transform_data scheduled__2023-11-05T00:00:00+00:00 [queued]>
[2023-11-20T08:43:27.397+0000] {taskinstance.py:1361} INFO - Starting attempt 1 of 2
[2023-11-20T08:43:27.428+0000] {taskinstance.py:1382} INFO - Executing <Task(PythonOperator): transform_data> on 2023-11-05 00:00:00+00:00
[2023-11-20T08:43:27.448+0000] {standard_task_runner.py:57} INFO - Started process 136 to run task
[2023-11-20T08:43:27.456+0000] {standard_task_runner.py:84} INFO - Running: ['***', 'tasks', 'run', 'austin_animal_shelter_dag', 'transform_data', 'scheduled__2023-11-05T00:00:00+00:00', '--job-id', '25', '--raw', '--subdir', 'DAGS_FOLDER/DAG.py', '--cfg-path', '/tmp/tmptyb3zjao']
[2023-11-20T08:43:27.474+0000] {standard_task_runner.py:85} INFO - Job 25: Subtask transform_data
[2023-11-20T08:43:27.552+0000] {task_command.py:416} INFO - Running <TaskInstance: austin_animal_shelter_dag.transform_data scheduled__2023-11-05T00:00:00+00:00 [running]> on host c84b35a13244
[2023-11-20T08:43:27.700+0000] {taskinstance.py:1662} INFO - Exporting env vars: AIRFLOW_CTX_DAG_OWNER='***' AIRFLOW_CTX_DAG_ID='austin_animal_shelter_dag' AIRFLOW_CTX_TASK_ID='transform_data' AIRFLOW_CTX_EXECUTION_DATE='2023-11-05T00:00:00+00:00' AIRFLOW_CTX_TRY_NUMBER='1' AIRFLOW_CTX_DAG_RUN_ID='scheduled__2023-11-05T00:00:00+00:00'
[2023-11-20T08:43:28.782+0000] {python.py:194} INFO - Done. Returned value was: None
[2023-11-20T08:43:28.787+0000] {taskinstance.py:1400} INFO - Marking task as SUCCESS. dag_id=austin_animal_shelter_dag, task_id=transform_data, execution_date=20231105T000000, start_date=20231120T084327, end_date=20231120T084328
[2023-11-20T08:43:28.807+0000] {local_task_job_runner.py:228} INFO - Task exited with return code 0
[2023-11-20T08:43:28.828+0000] {taskinstance.py:2778} INFO - 1 downstream tasks scheduled from follow-on schedule check
[2023-11-20T08:46:42.899+0000] {taskinstance.py:1159} INFO - Dependencies all met for dep_context=non-requeueable deps ti=<TaskInstance: austin_animal_shelter_dag.transform_data scheduled__2023-11-05T00:00:00+00:00 [queued]>
[2023-11-20T08:46:42.903+0000] {taskinstance.py:1159} INFO - Dependencies all met for dep_context=requeueable deps ti=<TaskInstance: austin_animal_shelter_dag.transform_data scheduled__2023-11-05T00:00:00+00:00 [queued]>
[2023-11-20T08:46:42.904+0000] {taskinstance.py:1361} INFO - Starting attempt 1 of 2
[2023-11-20T08:46:42.908+0000] {taskinstance.py:1382} INFO - Executing <Task(PythonOperator): transform_data> on 2023-11-05 00:00:00+00:00
[2023-11-20T08:46:42.912+0000] {standard_task_runner.py:57} INFO - Started process 152 to run task
[2023-11-20T08:46:42.914+0000] {standard_task_runner.py:84} INFO - Running: ['***', 'tasks', 'run', 'austin_animal_shelter_dag', 'transform_data', 'scheduled__2023-11-05T00:00:00+00:00', '--job-id', '31', '--raw', '--subdir', 'DAGS_FOLDER/DAG.py', '--cfg-path', '/tmp/tmp2430qf9n']
[2023-11-20T08:46:42.916+0000] {standard_task_runner.py:85} INFO - Job 31: Subtask transform_data
[2023-11-20T08:46:42.940+0000] {task_command.py:416} INFO - Running <TaskInstance: austin_animal_shelter_dag.transform_data scheduled__2023-11-05T00:00:00+00:00 [running]> on host d26cbef9e8ab
[2023-11-20T08:46:42.977+0000] {taskinstance.py:1662} INFO - Exporting env vars: AIRFLOW_CTX_DAG_OWNER='***' AIRFLOW_CTX_DAG_ID='austin_animal_shelter_dag' AIRFLOW_CTX_TASK_ID='transform_data' AIRFLOW_CTX_EXECUTION_DATE='2023-11-05T00:00:00+00:00' AIRFLOW_CTX_TRY_NUMBER='1' AIRFLOW_CTX_DAG_RUN_ID='scheduled__2023-11-05T00:00:00+00:00'
[2023-11-20T08:46:44.598+0000] {python.py:194} INFO - Done. Returned value was: None
[2023-11-20T08:46:44.625+0000] {taskinstance.py:1400} INFO - Marking task as SUCCESS. dag_id=austin_animal_shelter_dag, task_id=transform_data, execution_date=20231105T000000, start_date=20231120T084642, end_date=20231120T084644
[2023-11-20T08:46:44.707+0000] {local_task_job_runner.py:228} INFO - Task exited with return code 0
[2023-11-20T08:46:44.738+0000] {taskinstance.py:2778} INFO - 1 downstream tasks scheduled from follow-on schedule check
[2023-11-20T08:50:21.261+0000] {taskinstance.py:1159} INFO - Dependencies all met for dep_context=non-requeueable deps ti=<TaskInstance: austin_animal_shelter_dag.transform_data scheduled__2023-11-05T00:00:00+00:00 [queued]>
[2023-11-20T08:50:21.303+0000] {taskinstance.py:1159} INFO - Dependencies all met for dep_context=requeueable deps ti=<TaskInstance: austin_animal_shelter_dag.transform_data scheduled__2023-11-05T00:00:00+00:00 [queued]>
[2023-11-20T08:50:21.307+0000] {taskinstance.py:1361} INFO - Starting attempt 1 of 2
[2023-11-20T08:50:21.443+0000] {taskinstance.py:1382} INFO - Executing <Task(PythonOperator): transform_data> on 2023-11-05 00:00:00+00:00
[2023-11-20T08:50:21.449+0000] {standard_task_runner.py:57} INFO - Started process 130 to run task
[2023-11-20T08:50:21.458+0000] {standard_task_runner.py:84} INFO - Running: ['***', 'tasks', 'run', 'austin_animal_shelter_dag', 'transform_data', 'scheduled__2023-11-05T00:00:00+00:00', '--job-id', '22', '--raw', '--subdir', 'DAGS_FOLDER/DAG.py', '--cfg-path', '/tmp/tmp7mqjdi4g']
[2023-11-20T08:50:21.464+0000] {standard_task_runner.py:85} INFO - Job 22: Subtask transform_data
[2023-11-20T08:50:21.533+0000] {task_command.py:416} INFO - Running <TaskInstance: austin_animal_shelter_dag.transform_data scheduled__2023-11-05T00:00:00+00:00 [running]> on host 3ef39241d6e6
[2023-11-20T08:50:21.627+0000] {taskinstance.py:1662} INFO - Exporting env vars: AIRFLOW_CTX_DAG_OWNER='***' AIRFLOW_CTX_DAG_ID='austin_animal_shelter_dag' AIRFLOW_CTX_TASK_ID='transform_data' AIRFLOW_CTX_EXECUTION_DATE='2023-11-05T00:00:00+00:00' AIRFLOW_CTX_TRY_NUMBER='1' AIRFLOW_CTX_DAG_RUN_ID='scheduled__2023-11-05T00:00:00+00:00'
[2023-11-20T08:50:22.798+0000] {python.py:194} INFO - Done. Returned value was: None
[2023-11-20T08:50:22.807+0000] {taskinstance.py:1400} INFO - Marking task as SUCCESS. dag_id=austin_animal_shelter_dag, task_id=transform_data, execution_date=20231105T000000, start_date=20231120T085021, end_date=20231120T085022
[2023-11-20T08:50:22.838+0000] {local_task_job_runner.py:228} INFO - Task exited with return code 0
[2023-11-20T08:50:22.852+0000] {taskinstance.py:2778} INFO - 1 downstream tasks scheduled from follow-on schedule check
[2023-11-20T22:32:34.455+0000] {taskinstance.py:1159} INFO - Dependencies all met for dep_context=non-requeueable deps ti=<TaskInstance: austin_animal_shelter_dag.transform_data scheduled__2023-11-05T00:00:00+00:00 [queued]>
[2023-11-20T22:32:34.471+0000] {taskinstance.py:1159} INFO - Dependencies all met for dep_context=requeueable deps ti=<TaskInstance: austin_animal_shelter_dag.transform_data scheduled__2023-11-05T00:00:00+00:00 [queued]>
[2023-11-20T22:32:34.479+0000] {taskinstance.py:1361} INFO - Starting attempt 1 of 2
[2023-11-20T22:32:34.500+0000] {taskinstance.py:1382} INFO - Executing <Task(PythonOperator): transform_data> on 2023-11-05 00:00:00+00:00
[2023-11-20T22:32:34.512+0000] {standard_task_runner.py:57} INFO - Started process 152 to run task
[2023-11-20T22:32:34.523+0000] {standard_task_runner.py:84} INFO - Running: ['***', 'tasks', 'run', 'austin_animal_shelter_dag', 'transform_data', 'scheduled__2023-11-05T00:00:00+00:00', '--job-id', '97', '--raw', '--subdir', 'DAGS_FOLDER/DAG.py', '--cfg-path', '/tmp/tmp69cfhg8b']
[2023-11-20T22:32:34.531+0000] {standard_task_runner.py:85} INFO - Job 97: Subtask transform_data
[2023-11-20T22:32:34.729+0000] {task_command.py:416} INFO - Running <TaskInstance: austin_animal_shelter_dag.transform_data scheduled__2023-11-05T00:00:00+00:00 [running]> on host ad6c889005f6
[2023-11-20T22:32:34.952+0000] {taskinstance.py:1662} INFO - Exporting env vars: AIRFLOW_CTX_DAG_OWNER='***' AIRFLOW_CTX_DAG_ID='austin_animal_shelter_dag' AIRFLOW_CTX_TASK_ID='transform_data' AIRFLOW_CTX_EXECUTION_DATE='2023-11-05T00:00:00+00:00' AIRFLOW_CTX_TRY_NUMBER='1' AIRFLOW_CTX_DAG_RUN_ID='scheduled__2023-11-05T00:00:00+00:00'
[2023-11-20T22:32:36.351+0000] {python.py:194} INFO - Done. Returned value was: None
[2023-11-20T22:32:36.490+0000] {taskinstance.py:1400} INFO - Marking task as SUCCESS. dag_id=austin_animal_shelter_dag, task_id=transform_data, execution_date=20231105T000000, start_date=20231120T223234, end_date=20231120T223236
[2023-11-20T22:32:36.922+0000] {local_task_job_runner.py:228} INFO - Task exited with return code 0
[2023-11-20T22:32:37.414+0000] {taskinstance.py:2778} INFO - 0 downstream tasks scheduled from follow-on schedule check
[2023-11-20T22:47:39.905+0000] {taskinstance.py:1159} INFO - Dependencies all met for dep_context=non-requeueable deps ti=<TaskInstance: austin_animal_shelter_dag.transform_data scheduled__2023-11-05T00:00:00+00:00 [queued]>
[2023-11-20T22:47:39.913+0000] {taskinstance.py:1159} INFO - Dependencies all met for dep_context=requeueable deps ti=<TaskInstance: austin_animal_shelter_dag.transform_data scheduled__2023-11-05T00:00:00+00:00 [queued]>
[2023-11-20T22:47:39.913+0000] {taskinstance.py:1361} INFO - Starting attempt 1 of 2
[2023-11-20T22:47:39.921+0000] {taskinstance.py:1382} INFO - Executing <Task(PythonOperator): transform_data> on 2023-11-05 00:00:00+00:00
[2023-11-20T22:47:39.928+0000] {standard_task_runner.py:57} INFO - Started process 114 to run task
[2023-11-20T22:47:39.932+0000] {standard_task_runner.py:84} INFO - Running: ['***', 'tasks', 'run', 'austin_animal_shelter_dag', 'transform_data', 'scheduled__2023-11-05T00:00:00+00:00', '--job-id', '19', '--raw', '--subdir', 'DAGS_FOLDER/DAG.py', '--cfg-path', '/tmp/tmprwe7zv6r']
[2023-11-20T22:47:39.936+0000] {standard_task_runner.py:85} INFO - Job 19: Subtask transform_data
[2023-11-20T22:47:39.980+0000] {task_command.py:416} INFO - Running <TaskInstance: austin_animal_shelter_dag.transform_data scheduled__2023-11-05T00:00:00+00:00 [running]> on host fda681cc78c9
[2023-11-20T22:47:40.052+0000] {taskinstance.py:1662} INFO - Exporting env vars: AIRFLOW_CTX_DAG_OWNER='***' AIRFLOW_CTX_DAG_ID='austin_animal_shelter_dag' AIRFLOW_CTX_TASK_ID='transform_data' AIRFLOW_CTX_EXECUTION_DATE='2023-11-05T00:00:00+00:00' AIRFLOW_CTX_TRY_NUMBER='1' AIRFLOW_CTX_DAG_RUN_ID='scheduled__2023-11-05T00:00:00+00:00'
[2023-11-20T22:47:42.890+0000] {python.py:194} INFO - Done. Returned value was: None
[2023-11-20T22:47:42.910+0000] {taskinstance.py:1400} INFO - Marking task as SUCCESS. dag_id=austin_animal_shelter_dag, task_id=transform_data, execution_date=20231105T000000, start_date=20231120T224739, end_date=20231120T224742
[2023-11-20T22:47:42.941+0000] {local_task_job_runner.py:228} INFO - Task exited with return code 0
[2023-11-20T22:47:43.009+0000] {taskinstance.py:2778} INFO - 1 downstream tasks scheduled from follow-on schedule check
