[2023-11-20T08:50:37.469+0000] {taskinstance.py:1159} INFO - Dependencies all met for dep_context=non-requeueable deps ti=<TaskInstance: austin_animal_shelter_dag.transform_data scheduled__2023-11-19T00:00:00+00:00 [queued]>
[2023-11-20T08:50:37.473+0000] {taskinstance.py:1159} INFO - Dependencies all met for dep_context=requeueable deps ti=<TaskInstance: austin_animal_shelter_dag.transform_data scheduled__2023-11-19T00:00:00+00:00 [queued]>
[2023-11-20T08:50:37.473+0000] {taskinstance.py:1361} INFO - Starting attempt 1 of 2
[2023-11-20T08:50:37.478+0000] {taskinstance.py:1382} INFO - Executing <Task(PythonOperator): transform_data> on 2023-11-19 00:00:00+00:00
[2023-11-20T08:50:37.481+0000] {standard_task_runner.py:57} INFO - Started process 228 to run task
[2023-11-20T08:50:37.483+0000] {standard_task_runner.py:84} INFO - Running: ['***', 'tasks', 'run', 'austin_animal_shelter_dag', 'transform_data', 'scheduled__2023-11-19T00:00:00+00:00', '--job-id', '57', '--raw', '--subdir', 'DAGS_FOLDER/DAG.py', '--cfg-path', '/tmp/tmp2xsbi8td']
[2023-11-20T08:50:37.485+0000] {standard_task_runner.py:85} INFO - Job 57: Subtask transform_data
[2023-11-20T08:50:37.505+0000] {task_command.py:416} INFO - Running <TaskInstance: austin_animal_shelter_dag.transform_data scheduled__2023-11-19T00:00:00+00:00 [running]> on host 3ef39241d6e6
[2023-11-20T08:50:37.535+0000] {taskinstance.py:1662} INFO - Exporting env vars: AIRFLOW_CTX_DAG_OWNER='***' AIRFLOW_CTX_DAG_ID='austin_animal_shelter_dag' AIRFLOW_CTX_TASK_ID='transform_data' AIRFLOW_CTX_EXECUTION_DATE='2023-11-19T00:00:00+00:00' AIRFLOW_CTX_TRY_NUMBER='1' AIRFLOW_CTX_DAG_RUN_ID='scheduled__2023-11-19T00:00:00+00:00'
[2023-11-20T08:50:39.112+0000] {python.py:194} INFO - Done. Returned value was: None
[2023-11-20T08:50:39.120+0000] {taskinstance.py:1400} INFO - Marking task as SUCCESS. dag_id=austin_animal_shelter_dag, task_id=transform_data, execution_date=20231119T000000, start_date=20231120T085037, end_date=20231120T085039
[2023-11-20T08:50:39.139+0000] {local_task_job_runner.py:228} INFO - Task exited with return code 0
[2023-11-20T08:50:39.150+0000] {taskinstance.py:2778} INFO - 1 downstream tasks scheduled from follow-on schedule check
[2023-11-20T22:32:52.514+0000] {taskinstance.py:1159} INFO - Dependencies all met for dep_context=non-requeueable deps ti=<TaskInstance: austin_animal_shelter_dag.transform_data scheduled__2023-11-19T00:00:00+00:00 [queued]>
[2023-11-20T22:32:52.520+0000] {taskinstance.py:1159} INFO - Dependencies all met for dep_context=requeueable deps ti=<TaskInstance: austin_animal_shelter_dag.transform_data scheduled__2023-11-19T00:00:00+00:00 [queued]>
[2023-11-20T22:32:52.521+0000] {taskinstance.py:1361} INFO - Starting attempt 1 of 2
[2023-11-20T22:32:52.528+0000] {taskinstance.py:1382} INFO - Executing <Task(PythonOperator): transform_data> on 2023-11-19 00:00:00+00:00
[2023-11-20T22:32:52.534+0000] {standard_task_runner.py:57} INFO - Started process 234 to run task
[2023-11-20T22:32:52.541+0000] {standard_task_runner.py:84} INFO - Running: ['***', 'tasks', 'run', 'austin_animal_shelter_dag', 'transform_data', 'scheduled__2023-11-19T00:00:00+00:00', '--job-id', '123', '--raw', '--subdir', 'DAGS_FOLDER/DAG.py', '--cfg-path', '/tmp/tmptqr18afd']
[2023-11-20T22:32:52.544+0000] {standard_task_runner.py:85} INFO - Job 123: Subtask transform_data
[2023-11-20T22:32:52.574+0000] {task_command.py:416} INFO - Running <TaskInstance: austin_animal_shelter_dag.transform_data scheduled__2023-11-19T00:00:00+00:00 [running]> on host ad6c889005f6
[2023-11-20T22:32:52.620+0000] {taskinstance.py:1662} INFO - Exporting env vars: AIRFLOW_CTX_DAG_OWNER='***' AIRFLOW_CTX_DAG_ID='austin_animal_shelter_dag' AIRFLOW_CTX_TASK_ID='transform_data' AIRFLOW_CTX_EXECUTION_DATE='2023-11-19T00:00:00+00:00' AIRFLOW_CTX_TRY_NUMBER='1' AIRFLOW_CTX_DAG_RUN_ID='scheduled__2023-11-19T00:00:00+00:00'
[2023-11-20T22:32:53.640+0000] {python.py:194} INFO - Done. Returned value was: None
[2023-11-20T22:32:53.664+0000] {taskinstance.py:1400} INFO - Marking task as SUCCESS. dag_id=austin_animal_shelter_dag, task_id=transform_data, execution_date=20231119T000000, start_date=20231120T223252, end_date=20231120T223253
[2023-11-20T22:32:53.709+0000] {local_task_job_runner.py:228} INFO - Task exited with return code 0
[2023-11-20T22:32:53.728+0000] {taskinstance.py:2778} INFO - 1 downstream tasks scheduled from follow-on schedule check
[2023-11-20T22:48:11.616+0000] {taskinstance.py:1159} INFO - Dependencies all met for dep_context=non-requeueable deps ti=<TaskInstance: austin_animal_shelter_dag.transform_data scheduled__2023-11-19T00:00:00+00:00 [queued]>
[2023-11-20T22:48:11.623+0000] {taskinstance.py:1159} INFO - Dependencies all met for dep_context=requeueable deps ti=<TaskInstance: austin_animal_shelter_dag.transform_data scheduled__2023-11-19T00:00:00+00:00 [queued]>
[2023-11-20T22:48:11.623+0000] {taskinstance.py:1361} INFO - Starting attempt 1 of 2
[2023-11-20T22:48:11.631+0000] {taskinstance.py:1382} INFO - Executing <Task(PythonOperator): transform_data> on 2023-11-19 00:00:00+00:00
[2023-11-20T22:48:11.638+0000] {standard_task_runner.py:57} INFO - Started process 241 to run task
[2023-11-20T22:48:11.641+0000] {standard_task_runner.py:84} INFO - Running: ['***', 'tasks', 'run', 'austin_animal_shelter_dag', 'transform_data', 'scheduled__2023-11-19T00:00:00+00:00', '--job-id', '59', '--raw', '--subdir', 'DAGS_FOLDER/DAG.py', '--cfg-path', '/tmp/tmp0oellwx_']
[2023-11-20T22:48:11.644+0000] {standard_task_runner.py:85} INFO - Job 59: Subtask transform_data
[2023-11-20T22:48:11.677+0000] {task_command.py:416} INFO - Running <TaskInstance: austin_animal_shelter_dag.transform_data scheduled__2023-11-19T00:00:00+00:00 [running]> on host fda681cc78c9
[2023-11-20T22:48:11.728+0000] {taskinstance.py:1662} INFO - Exporting env vars: AIRFLOW_CTX_DAG_OWNER='***' AIRFLOW_CTX_DAG_ID='austin_animal_shelter_dag' AIRFLOW_CTX_TASK_ID='transform_data' AIRFLOW_CTX_EXECUTION_DATE='2023-11-19T00:00:00+00:00' AIRFLOW_CTX_TRY_NUMBER='1' AIRFLOW_CTX_DAG_RUN_ID='scheduled__2023-11-19T00:00:00+00:00'
[2023-11-20T22:48:13.200+0000] {python.py:194} INFO - Done. Returned value was: None
[2023-11-20T22:48:13.220+0000] {taskinstance.py:1400} INFO - Marking task as SUCCESS. dag_id=austin_animal_shelter_dag, task_id=transform_data, execution_date=20231119T000000, start_date=20231120T224811, end_date=20231120T224813
[2023-11-20T22:48:13.262+0000] {local_task_job_runner.py:228} INFO - Task exited with return code 0
[2023-11-20T22:48:13.287+0000] {taskinstance.py:2778} INFO - 1 downstream tasks scheduled from follow-on schedule check
